[{"stream_name":"stderr","time":11.742089863,"data":"/opt/conda/lib/python3.7/site-packages/papermill/iorw.py:50: FutureWarning: pyarrow.HadoopFileSystem is deprecated as of 2.0.0, please use pyarrow.fs.HadoopFileSystem instead.\n"}
,{"stream_name":"stderr","time":11.744096348,"data":"  from pyarrow import HadoopFileSystem\n"}
,{"stream_name":"stdout","time":13.117224707,"data":"[ ---------- STARE ----------]\n"}
,{"stream_name":"stdout","time":58.508627305,"data":"[Game 10] Range: 2-5 | Median/Mean: 4.0 / 3.800 | Fail: 0.000%\n"}
,{"stream_name":"stdout","time":87.939596803,"data":"[Game 20] Range: 2-5 | Median/Mean: 4.0 / 3.850 | Fail: 0.000%\n"}
,{"stream_name":"stdout","time":108.908443833,"data":"[Game 30] Range: 2-5 | Median/Mean: 4.0 / 3.767 | Fail: 0.000%\n"}
,{"stream_name":"stdout","time":153.928288812,"data":"[Game 40] Range: 2-6 | Median/Mean: 4.0 / 3.875 | Fail: 0.000%\n"}
,{"stream_name":"stdout","time":196.082194971,"data":"[Game 50] Range: 2-6 | Median/Mean: 4.0 / 3.940 | Fail: 0.000%\n"}
,{"stream_name":"stdout","time":228.545437491,"data":"[Game 60] Range: 2-6 | Median/Mean: 4.0 / 3.900 | Fail: 0.000%\n"}
,{"stream_name":"stdout","time":264.009638389,"data":"[Game 70] Range: 2-6 | Median/Mean: 4.0 / 3.871 | Fail: 0.000%\n"}
,{"stream_name":"stdout","time":305.055053492,"data":"[Game 80] Range: 2-6 | Median/Mean: 4.0 / 3.825 | Fail: 0.000%\n"}
,{"stream_name":"stdout","time":341.836297423,"data":"[Game 90] Range: 2-9 | Median/Mean: 4.0 / 3.856 | Fail: 1.111%\n"}
,{"stream_name":"stdout","time":390.298064935,"data":"[Game 100] Range: 2-9 | Median/Mean: 4.0 / 3.870 | Fail: 1.000%\n"}
,{"stream_name":"stdout","time":410.549803812,"data":"[Game 110] Range: 2-9 | Median/Mean: 4.0 / 3.864 | Fail: 0.909%\n"}
,{"stream_name":"stdout","time":463.948587156,"data":"[Game 120] Range: 2-9 | Median/Mean: 4.0 / 3.875 | Fail: 0.833%\n"}
,{"stream_name":"stdout","time":513.198605223,"data":"[Game 130] Range: 2-9 | Median/Mean: 4.0 / 3.892 | Fail: 0.769%\n"}
,{"stream_name":"stdout","time":557.476289765,"data":"[Game 140] Range: 2-9 | Median/Mean: 4.0 / 3.893 | Fail: 0.714%\n"}
,{"stream_name":"stdout","time":608.052382799,"data":"[Game 150] Range: 2-9 | Median/Mean: 4.0 / 3.900 | Fail: 1.333%\n"}
,{"stream_name":"stdout","time":651.653317743,"data":"[Game 160] Range: 2-9 | Median/Mean: 4.0 / 3.888 | Fail: 1.250%\n"}
,{"stream_name":"stdout","time":689.035276643,"data":"[Game 170] Range: 2-9 | Median/Mean: 4.0 / 3.888 | Fail: 1.176%\n"}
,{"stream_name":"stdout","time":724.787324149,"data":"[Game 180] Range: 2-9 | Median/Mean: 4.0 / 3.889 | Fail: 1.111%\n"}
,{"stream_name":"stdout","time":756.440877028,"data":"[Game 190] Range: 2-9 | Median/Mean: 4.0 / 3.905 | Fail: 1.053%\n"}
,{"stream_name":"stdout","time":771.523930315,"data":"[Game 200] Range: 2-9 | Median/Mean: 4.0 / 3.875 | Fail: 1.000%\n"}
,{"stream_name":"stdout","time":819.542771162,"data":"[Game 210] Range: 2-9 | Median/Mean: 4.0 / 3.871 | Fail: 0.952%\n"}
,{"stream_name":"stdout","time":875.727073465,"data":"[Game 220] Range: 2-9 | Median/Mean: 4.0 / 3.868 | Fail: 0.909%\n"}
,{"stream_name":"stdout","time":911.169058144,"data":"[Game 230] Range: 2-9 | Median/Mean: 4.0 / 3.865 | Fail: 0.870%\n"}
,{"stream_name":"stdout","time":958.717658989,"data":"[Game 240] Range: 2-9 | Median/Mean: 4.0 / 3.858 | Fail: 0.833%\n"}
,{"stream_name":"stdout","time":999.648681032,"data":"[Game 250] Range: 2-9 | Median/Mean: 4.0 / 3.868 | Fail: 0.800%\n"}
,{"stream_name":"stdout","time":1034.06796244,"data":"[Game 260] Range: 2-9 | Median/Mean: 4.0 / 3.885 | Fail: 0.769%\n"}
,{"stream_name":"stdout","time":1067.807719996,"data":"[Game 270] Range: 2-9 | Median/Mean: 4.0 / 3.881 | Fail: 0.741%\n"}
,{"stream_name":"stdout","time":1099.352960451,"data":"[Game 280] Range: 2-9 | Median/Mean: 4.0 / 3.864 | Fail: 0.714%\n"}
,{"stream_name":"stdout","time":1137.935949546,"data":"[Game 290] Range: 2-9 | Median/Mean: 4.0 / 3.859 | Fail: 0.690%\n"}
,{"stream_name":"stdout","time":1163.382493702,"data":"[Game 300] Range: 2-9 | Median/Mean: 4.0 / 3.860 | Fail: 0.667%\n"}
,{"stream_name":"stdout","time":1202.43359163,"data":"[Game 310] Range: 2-9 | Median/Mean: 4.0 / 3.868 | Fail: 0.968%\n"}
,{"stream_name":"stdout","time":1238.685292818,"data":"[Game 320] Range: 2-9 | Median/Mean: 4.0 / 3.866 | Fail: 0.938%\n"}
,{"stream_name":"stdout","time":1268.424391068,"data":"[Game 330] Range: 2-9 | Median/Mean: 4.0 / 3.876 | Fail: 1.212%\n"}
,{"stream_name":"stdout","time":1301.433044208,"data":"[Game 340] Range: 2-9 | Median/Mean: 4.0 / 3.876 | Fail: 1.176%\n"}
,{"stream_name":"stdout","time":1338.170450519,"data":"[Game 350] Range: 2-9 | Median/Mean: 4.0 / 3.866 | Fail: 1.143%\n"}
,{"stream_name":"stdout","time":1371.179915579,"data":"[Game 360] Range: 2-9 | Median/Mean: 4.0 / 3.869 | Fail: 1.389%\n"}
,{"stream_name":"stdout","time":1411.564183277,"data":"[Game 370] Range: 2-9 | Median/Mean: 4.0 / 3.870 | Fail: 1.351%\n"}
,{"stream_name":"stdout","time":1462.516245659,"data":"[Game 380] Range: 2-9 | Median/Mean: 4.0 / 3.874 | Fail: 1.316%\n"}
,{"stream_name":"stdout","time":1504.518129588,"data":"[Game 390] Range: 2-9 | Median/Mean: 4.0 / 3.879 | Fail: 1.538%\n"}
,{"stream_name":"stdout","time":1540.772357995,"data":"[Game 400] Range: 2-9 | Median/Mean: 4.0 / 3.895 | Fail: 1.500%\n"}
,{"stream_name":"stdout","time":1602.997600395,"data":"[Game 410] Range: 2-9 | Median/Mean: 4.0 / 3.907 | Fail: 1.463%\n"}
,{"stream_name":"stdout","time":1652.072037688,"data":"[Game 420] Range: 2-9 | Median/Mean: 4.0 / 3.895 | Fail: 1.429%\n"}
,{"stream_name":"stdout","time":1695.075157537,"data":"[Game 430] Range: 2-9 | Median/Mean: 4.0 / 3.907 | Fail: 1.395%\n"}
,{"stream_name":"stdout","time":1748.414372037,"data":"[Game 440] Range: 2-9 | Median/Mean: 4.0 / 3.918 | Fail: 1.364%\n"}
,{"stream_name":"stdout","time":1778.377589469,"data":"[Game 450] Range: 2-9 | Median/Mean: 4.0 / 3.907 | Fail: 1.333%\n"}
,{"stream_name":"stdout","time":1831.292830002,"data":"[Game 460] Range: 2-9 | Median/Mean: 4.0 / 3.909 | Fail: 1.304%\n"}
,{"stream_name":"stdout","time":1874.100261456,"data":"[Game 470] Range: 2-9 | Median/Mean: 4.0 / 3.913 | Fail: 1.277%\n"}
,{"stream_name":"stdout","time":1901.960554022,"data":"[Game 480] Range: 2-9 | Median/Mean: 4.0 / 3.917 | Fail: 1.250%\n"}
,{"stream_name":"stdout","time":1929.776483151,"data":"[Game 490] Range: 2-9 | Median/Mean: 4.0 / 3.922 | Fail: 1.224%\n"}
,{"stream_name":"stdout","time":1962.42836392,"data":"[Game 500] Range: 2-9 | Median/Mean: 4.0 / 3.914 | Fail: 1.200%\n"}
,{"stream_name":"stdout","time":1995.096344476,"data":"[Game 510] Range: 2-9 | Median/Mean: 4.0 / 3.918 | Fail: 1.373%\n"}
,{"stream_name":"stdout","time":2031.844529474,"data":"[Game 520] Range: 2-9 | Median/Mean: 4.0 / 3.912 | Fail: 1.346%\n"}
,{"stream_name":"stdout","time":2081.779701158,"data":"[Game 530] Range: 2-9 | Median/Mean: 4.0 / 3.913 | Fail: 1.321%\n"}
,{"stream_name":"stdout","time":2115.629572356,"data":"[Game 540] Range: 2-9 | Median/Mean: 4.0 / 3.920 | Fail: 1.296%\n"}
,{"stream_name":"stdout","time":2163.913963552,"data":"[Game 550] Range: 2-9 | Median/Mean: 4.0 / 3.922 | Fail: 1.273%\n"}
,{"stream_name":"stdout","time":2196.74122828,"data":"[Game 560] Range: 2-9 | Median/Mean: 4.0 / 3.925 | Fail: 1.250%\n"}
,{"stream_name":"stdout","time":2232.336715422,"data":"[Game 570] Range: 2-9 | Median/Mean: 4.0 / 3.926 | Fail: 1.228%\n"}
,{"stream_name":"stdout","time":2275.565526949,"data":"[Game 580] Range: 2-9 | Median/Mean: 4.0 / 3.924 | Fail: 1.379%\n"}
,{"stream_name":"stdout","time":2324.764235108,"data":"[Game 590] Range: 2-9 | Median/Mean: 4.0 / 3.932 | Fail: 1.356%\n"}
,{"stream_name":"stdout","time":2370.30713874,"data":"[Game 600] Range: 2-9 | Median/Mean: 4.0 / 3.933 | Fail: 1.333%\n"}
,{"stream_name":"stdout","time":2411.295975794,"data":"[Game 610] Range: 2-9 | Median/Mean: 4.0 / 3.938 | Fail: 1.311%\n"}
,{"stream_name":"stdout","time":2451.049803695,"data":"[Game 620] Range: 2-9 | Median/Mean: 4.0 / 3.932 | Fail: 1.290%\n"}
,{"stream_name":"stdout","time":2487.745285346,"data":"[Game 630] Range: 2-9 | Median/Mean: 4.0 / 3.927 | Fail: 1.270%\n"}
,{"stream_name":"stdout","time":2532.411363097,"data":"[Game 640] Range: 2-9 | Median/Mean: 4.0 / 3.930 | Fail: 1.250%\n"}
,{"stream_name":"stdout","time":2573.472346679,"data":"[Game 650] Range: 2-9 | Median/Mean: 4.0 / 3.940 | Fail: 1.385%\n"}
,{"stream_name":"stdout","time":2614.131676227,"data":"[Game 660] Range: 2-9 | Median/Mean: 4.0 / 3.938 | Fail: 1.364%\n"}
,{"stream_name":"stdout","time":2661.247130063,"data":"[Game 670] Range: 2-9 | Median/Mean: 4.0 / 3.940 | Fail: 1.343%\n"}
,{"stream_name":"stdout","time":2702.492620507,"data":"[Game 680] Range: 2-9 | Median/Mean: 4.0 / 3.940 | Fail: 1.471%\n"}
,{"stream_name":"stdout","time":2735.849510753,"data":"[Game 690] Range: 2-9 | Median/Mean: 4.0 / 3.938 | Fail: 1.449%\n"}
,{"stream_name":"stdout","time":2780.967890672,"data":"[Game 700] Range: 2-9 | Median/Mean: 4.0 / 3.944 | Fail: 1.429%\n"}
,{"stream_name":"stdout","time":2804.755862794,"data":"[Game 710] Range: 2-9 | Median/Mean: 4.0 / 3.948 | Fail: 1.408%\n"}
,{"stream_name":"stdout","time":2853.230279444,"data":"[Game 720] Range: 2-9 | Median/Mean: 4.0 / 3.947 | Fail: 1.389%\n"}
,{"stream_name":"stdout","time":2889.08187425,"data":"[Game 730] Range: 2-9 | Median/Mean: 4.0 / 3.955 | Fail: 1.370%\n"}
,{"stream_name":"stdout","time":2939.478140947,"data":"[Game 740] Range: 2-9 | Median/Mean: 4.0 / 3.955 | Fail: 1.351%\n"}
,{"stream_name":"stdout","time":3000.539125317,"data":"[Game 750] Range: 2-9 | Median/Mean: 4.0 / 3.953 | Fail: 1.333%\n"}
,{"stream_name":"stdout","time":3048.077873775,"data":"[Game 760] Range: 2-9 | Median/Mean: 4.0 / 3.953 | Fail: 1.316%\n"}
,{"stream_name":"stdout","time":3102.145850712,"data":"[Game 770] Range: 2-9 | Median/Mean: 4.0 / 3.951 | Fail: 1.299%\n"}
,{"stream_name":"stdout","time":3152.21614194,"data":"[Game 780] Range: 2-9 | Median/Mean: 4.0 / 3.947 | Fail: 1.282%\n"}
,{"stream_name":"stdout","time":3185.637602382,"data":"[Game 790] Range: 2-9 | Median/Mean: 4.0 / 3.949 | Fail: 1.266%\n"}
,{"stream_name":"stdout","time":3233.326795035,"data":"[Game 800] Range: 2-9 | Median/Mean: 4.0 / 3.953 | Fail: 1.250%\n"}
,{"stream_name":"stdout","time":3264.550360335,"data":"[Game 810] Range: 2-9 | Median/Mean: 4.0 / 3.944 | Fail: 1.235%\n"}
,{"stream_name":"stdout","time":3301.717520181,"data":"[Game 820] Range: 2-9 | Median/Mean: 4.0 / 3.941 | Fail: 1.220%\n"}
,{"stream_name":"stdout","time":3347.898815961,"data":"[Game 830] Range: 2-9 | Median/Mean: 4.0 / 3.940 | Fail: 1.205%\n"}
,{"stream_name":"stdout","time":3381.717393325,"data":"[Game 840] Range: 2-9 | Median/Mean: 4.0 / 3.939 | Fail: 1.190%\n"}
,{"stream_name":"stdout","time":3414.52121018,"data":"[Game 850] Range: 2-9 | Median/Mean: 4.0 / 3.932 | Fail: 1.176%\n"}
,{"stream_name":"stdout","time":3476.186095303,"data":"[Game 860] Range: 2-9 | Median/Mean: 4.0 / 3.938 | Fail: 1.279%\n"}
,{"stream_name":"stdout","time":3523.560570815,"data":"[Game 870] Range: 2-9 | Median/Mean: 4.0 / 3.937 | Fail: 1.264%\n"}
,{"stream_name":"stdout","time":3563.269956389,"data":"[Game 880] Range: 2-9 | Median/Mean: 4.0 / 3.934 | Fail: 1.250%\n"}
,{"stream_name":"stdout","time":3604.310293935,"data":"[Game 890] Range: 2-9 | Median/Mean: 4.0 / 3.930 | Fail: 1.236%\n"}
,{"stream_name":"stdout","time":3659.00148495,"data":"[Game 900] Range: 2-9 | Median/Mean: 4.0 / 3.926 | Fail: 1.222%\n"}
,{"stream_name":"stdout","time":3704.280487569,"data":"[Game 910] Range: 2-9 | Median/Mean: 4.0 / 3.929 | Fail: 1.319%\n"}
,{"stream_name":"stdout","time":3747.389033258,"data":"[Game 920] Range: 1-9 | Median/Mean: 4.0 / 3.925 | Fail: 1.304%\n"}
,{"stream_name":"stdout","time":3789.233282217,"data":"[Game 930] Range: 1-9 | Median/Mean: 4.0 / 3.925 | Fail: 1.290%\n"}
,{"stream_name":"stdout","time":3817.273142307,"data":"[Game 940] Range: 1-9 | Median/Mean: 4.0 / 3.921 | Fail: 1.277%\n"}
,{"stream_name":"stdout","time":3872.477617173,"data":"[Game 950] Range: 1-9 | Median/Mean: 4.0 / 3.922 | Fail: 1.263%\n"}
,{"stream_name":"stdout","time":3901.25729795,"data":"[Game 960] Range: 1-9 | Median/Mean: 4.0 / 3.917 | Fail: 1.250%\n"}
,{"stream_name":"stdout","time":3952.917055983,"data":"[Game 970] Range: 1-9 | Median/Mean: 4.0 / 3.915 | Fail: 1.237%\n"}
,{"stream_name":"stdout","time":3998.112942639,"data":"[Game 980] Range: 1-9 | Median/Mean: 4.0 / 3.913 | Fail: 1.224%\n"}
,{"stream_name":"stdout","time":4041.063363794,"data":"[Game 990] Range: 1-9 | Median/Mean: 4.0 / 3.909 | Fail: 1.212%\n"}
,{"stream_name":"stdout","time":4074.891660517,"data":"[Game 1000] Range: 1-9 | Median/Mean: 4.0 / 3.909 | Fail: 1.200%\n"}
,{"stream_name":"stdout","time":4105.664324972,"data":"[Game 1010] Range: 1-9 | Median/Mean: 4.0 / 3.906 | Fail: 1.188%\n"}
,{"stream_name":"stdout","time":4140.478492727,"data":"[Game 1020] Range: 1-9 | Median/Mean: 4.0 / 3.903 | Fail: 1.176%\n"}
,{"stream_name":"stdout","time":4179.495320269,"data":"[Game 1030] Range: 1-9 | Median/Mean: 4.0 / 3.902 | Fail: 1.165%\n"}
,{"stream_name":"stdout","time":4209.984611461,"data":"[Game 1040] Range: 1-9 | Median/Mean: 4.0 / 3.902 | Fail: 1.154%\n"}
,{"stream_name":"stdout","time":4257.719842256,"data":"[Game 1050] Range: 1-9 | Median/Mean: 4.0 / 3.898 | Fail: 1.143%\n"}
,{"stream_name":"stdout","time":4307.520198607,"data":"[Game 1060] Range: 1-9 | Median/Mean: 4.0 / 3.899 | Fail: 1.132%\n"}
,{"stream_name":"stdout","time":4342.305141116,"data":"[Game 1070] Range: 1-9 | Median/Mean: 4.0 / 3.894 | Fail: 1.121%\n"}
,{"stream_name":"stdout","time":4368.176549193,"data":"[Game 1080] Range: 1-9 | Median/Mean: 4.0 / 3.886 | Fail: 1.111%\n"}
,{"stream_name":"stdout","time":4416.521443724,"data":"[Game 1090] Range: 1-9 | Median/Mean: 4.0 / 3.889 | Fail: 1.101%\n"}
,{"stream_name":"stdout","time":4463.606386238,"data":"[Game 1100] Range: 1-9 | Median/Mean: 4.0 / 3.889 | Fail: 1.182%\n"}
,{"stream_name":"stdout","time":4495.970142786,"data":"[Game 1110] Range: 1-9 | Median/Mean: 4.0 / 3.887 | Fail: 1.171%\n"}
,{"stream_name":"stdout","time":4535.736980078,"data":"[Game 1120] Range: 1-9 | Median/Mean: 4.0 / 3.886 | Fail: 1.161%\n"}
,{"stream_name":"stdout","time":4573.935419189,"data":"[Game 1130] Range: 1-9 | Median/Mean: 4.0 / 3.886 | Fail: 1.150%\n"}
,{"stream_name":"stdout","time":4618.422125218,"data":"[Game 1140] Range: 1-9 | Median/Mean: 4.0 / 3.885 | Fail: 1.140%\n"}
,{"stream_name":"stdout","time":4659.802654055,"data":"[Game 1150] Range: 1-9 | Median/Mean: 4.0 / 3.885 | Fail: 1.130%\n"}
,{"stream_name":"stdout","time":4705.137663232,"data":"[Game 1160] Range: 1-9 | Median/Mean: 4.0 / 3.884 | Fail: 1.121%\n"}
,{"stream_name":"stdout","time":4747.867854003,"data":"[Game 1170] Range: 1-9 | Median/Mean: 4.0 / 3.889 | Fail: 1.111%\n"}
,{"stream_name":"stdout","time":4787.905000694,"data":"[Game 1180] Range: 1-9 | Median/Mean: 4.0 / 3.888 | Fail: 1.102%\n"}
,{"stream_name":"stdout","time":4835.255117259,"data":"[Game 1190] Range: 1-9 | Median/Mean: 4.0 / 3.887 | Fail: 1.092%\n"}
,{"stream_name":"stdout","time":4875.871272792,"data":"[Game 1200] Range: 1-9 | Median/Mean: 4.0 / 3.879 | Fail: 1.083%\n"}
,{"stream_name":"stdout","time":4903.71901807,"data":"[Game 1210] Range: 1-9 | Median/Mean: 4.0 / 3.878 | Fail: 1.074%\n"}
,{"stream_name":"stdout","time":4939.129003358,"data":"[Game 1220] Range: 1-9 | Median/Mean: 4.0 / 3.877 | Fail: 1.066%\n"}
,{"stream_name":"stdout","time":4990.99843452,"data":"[Game 1230] Range: 1-9 | Median/Mean: 4.0 / 3.880 | Fail: 1.057%\n"}
,{"stream_name":"stdout","time":5027.429413575,"data":"[Game 1240] Range: 1-9 | Median/Mean: 4.0 / 3.880 | Fail: 1.048%\n"}
,{"stream_name":"stdout","time":5064.740922982,"data":"[Game 1250] Range: 1-9 | Median/Mean: 4.0 / 3.879 | Fail: 1.040%\n"}
,{"stream_name":"stdout","time":5101.813846006,"data":"[Game 1260] Range: 1-9 | Median/Mean: 4.0 / 3.882 | Fail: 1.111%\n"}
,{"stream_name":"stdout","time":5138.122118894,"data":"[Game 1270] Range: 1-9 | Median/Mean: 4.0 / 3.881 | Fail: 1.102%\n"}
,{"stream_name":"stdout","time":5162.707601395,"data":"[Game 1280] Range: 1-9 | Median/Mean: 4.0 / 3.878 | Fail: 1.094%\n"}
,{"stream_name":"stdout","time":5202.810945169,"data":"[Game 1290] Range: 1-9 | Median/Mean: 4.0 / 3.878 | Fail: 1.085%\n"}
,{"stream_name":"stdout","time":5240.276351586,"data":"[Game 1300] Range: 1-9 | Median/Mean: 4.0 / 3.878 | Fail: 1.077%\n"}
,{"stream_name":"stdout","time":5277.932272244,"data":"[Game 1310] Range: 1-9 | Median/Mean: 4.0 / 3.880 | Fail: 1.069%\n"}
,{"stream_name":"stdout","time":5332.082275883,"data":"[Game 1320] Range: 1-9 | Median/Mean: 4.0 / 3.881 | Fail: 1.061%\n"}
,{"stream_name":"stdout","time":5387.891259551,"data":"[Game 1330] Range: 1-9 | Median/Mean: 4.0 / 3.887 | Fail: 1.128%\n"}
,{"stream_name":"stdout","time":5438.027734256,"data":"[Game 1340] Range: 1-9 | Median/Mean: 4.0 / 3.892 | Fail: 1.119%\n"}
,{"stream_name":"stdout","time":5483.567699258,"data":"[Game 1350] Range: 1-9 | Median/Mean: 4.0 / 3.891 | Fail: 1.111%\n"}
,{"stream_name":"stdout","time":5522.85453226,"data":"[Game 1360] Range: 1-9 | Median/Mean: 4.0 / 3.892 | Fail: 1.103%\n"}
,{"stream_name":"stdout","time":5571.379498247,"data":"[Game 1370] Range: 1-9 | Median/Mean: 4.0 / 3.895 | Fail: 1.168%\n"}
,{"stream_name":"stdout","time":5624.179144727,"data":"[Game 1380] Range: 1-9 | Median/Mean: 4.0 / 3.896 | Fail: 1.159%\n"}
,{"stream_name":"stdout","time":5669.335182344,"data":"[Game 1390] Range: 1-9 | Median/Mean: 4.0 / 3.894 | Fail: 1.151%\n"}
,{"stream_name":"stdout","time":5713.151592907,"data":"[Game 1400] Range: 1-9 | Median/Mean: 4.0 / 3.899 | Fail: 1.214%\n"}
,{"stream_name":"stdout","time":5753.492102407,"data":"[Game 1410] Range: 1-9 | Median/Mean: 4.0 / 3.900 | Fail: 1.206%\n"}
,{"stream_name":"stdout","time":5793.688019473,"data":"[Game 1420] Range: 1-9 | Median/Mean: 4.0 / 3.899 | Fail: 1.197%\n"}
,{"stream_name":"stdout","time":5826.05132475,"data":"[Game 1430] Range: 1-9 | Median/Mean: 4.0 / 3.899 | Fail: 1.189%\n"}
,{"stream_name":"stdout","time":5869.014025086,"data":"[Game 1440] Range: 1-9 | Median/Mean: 4.0 / 3.902 | Fail: 1.250%\n"}
,{"stream_name":"stdout","time":5918.994346272,"data":"[Game 1450] Range: 1-9 | Median/Mean: 4.0 / 3.904 | Fail: 1.379%\n"}
,{"stream_name":"stdout","time":5971.203987169,"data":"[Game 1460] Range: 1-9 | Median/Mean: 4.0 / 3.905 | Fail: 1.370%\n"}
,{"stream_name":"stdout","time":6014.824145466,"data":"[Game 1470] Range: 1-9 | Median/Mean: 4.0 / 3.908 | Fail: 1.361%\n"}
,{"stream_name":"stdout","time":6054.769112467,"data":"[Game 1480] Range: 1-9 | Median/Mean: 4.0 / 3.908 | Fail: 1.351%\n"}
,{"stream_name":"stdout","time":6083.517659311,"data":"[Game 1490] Range: 1-9 | Median/Mean: 4.0 / 3.906 | Fail: 1.342%\n"}
,{"stream_name":"stdout","time":6117.050612909,"data":"[Game 1500] Range: 1-9 | Median/Mean: 4.0 / 3.905 | Fail: 1.333%\n"}
,{"stream_name":"stdout","time":6159.24622209,"data":"[Game 1510] Range: 1-9 | Median/Mean: 4.0 / 3.902 | Fail: 1.325%\n"}
,{"stream_name":"stdout","time":6195.69868841,"data":"[Game 1520] Range: 1-9 | Median/Mean: 4.0 / 3.899 | Fail: 1.316%\n"}
,{"stream_name":"stdout","time":6245.440631858,"data":"[Game 1530] Range: 1-9 | Median/Mean: 4.0 / 3.901 | Fail: 1.307%\n"}
,{"stream_name":"stdout","time":6280.735054519,"data":"[Game 1540] Range: 1-9 | Median/Mean: 4.0 / 3.897 | Fail: 1.299%\n"}
,{"stream_name":"stdout","time":6306.435501359,"data":"[Game 1550] Range: 1-9 | Median/Mean: 4.0 / 3.896 | Fail: 1.290%\n"}
,{"stream_name":"stdout","time":6337.533119695,"data":"[Game 1560] Range: 1-9 | Median/Mean: 4.0 / 3.895 | Fail: 1.282%\n"}
,{"stream_name":"stdout","time":6377.599787072,"data":"[Game 1570] Range: 1-9 | Median/Mean: 4.0 / 3.895 | Fail: 1.338%\n"}
,{"stream_name":"stdout","time":6422.882504867,"data":"[Game 1580] Range: 1-9 | Median/Mean: 4.0 / 3.893 | Fail: 1.329%\n"}
,{"stream_name":"stdout","time":6474.819213899,"data":"[Game 1590] Range: 1-9 | Median/Mean: 4.0 / 3.891 | Fail: 1.321%\n"}
,{"stream_name":"stdout","time":6510.297626885,"data":"[Game 1600] Range: 1-9 | Median/Mean: 4.0 / 3.890 | Fail: 1.312%\n"}
,{"stream_name":"stdout","time":6545.46560988,"data":"[Game 1610] Range: 1-9 | Median/Mean: 4.0 / 3.893 | Fail: 1.304%\n"}
,{"stream_name":"stdout","time":6588.58158042,"data":"[Game 1620] Range: 1-9 | Median/Mean: 4.0 / 3.893 | Fail: 1.296%\n"}
,{"stream_name":"stdout","time":6638.393581847,"data":"[Game 1630] Range: 1-9 | Median/Mean: 4.0 / 3.892 | Fail: 1.288%\n"}
,{"stream_name":"stdout","time":6674.51710207,"data":"[Game 1640] Range: 1-9 | Median/Mean: 4.0 / 3.890 | Fail: 1.280%\n"}
,{"stream_name":"stdout","time":6726.494151394,"data":"[Game 1650] Range: 1-9 | Median/Mean: 4.0 / 3.894 | Fail: 1.333%\n"}
,{"stream_name":"stdout","time":6768.674603147,"data":"[Game 1660] Range: 1-9 | Median/Mean: 4.0 / 3.896 | Fail: 1.325%\n"}
,{"stream_name":"stdout","time":6805.40413486,"data":"[Game 1670] Range: 1-9 | Median/Mean: 4.0 / 3.898 | Fail: 1.317%\n"}
,{"stream_name":"stdout","time":6861.063107296,"data":"[Game 1680] Range: 1-9 | Median/Mean: 4.0 / 3.900 | Fail: 1.310%\n"}
,{"stream_name":"stdout","time":6894.886338056,"data":"[Game 1690] Range: 1-9 | Median/Mean: 4.0 / 3.896 | Fail: 1.302%\n"}
,{"stream_name":"stdout","time":6933.664697437,"data":"[Game 1700] Range: 1-9 | Median/Mean: 4.0 / 3.896 | Fail: 1.294%\n"}
,{"stream_name":"stdout","time":6968.604786892,"data":"[Game 1710] Range: 1-9 | Median/Mean: 4.0 / 3.894 | Fail: 1.287%\n"}
,{"stream_name":"stdout","time":7002.274568602,"data":"[Game 1720] Range: 1-9 | Median/Mean: 4.0 / 3.895 | Fail: 1.279%\n"}
,{"stream_name":"stdout","time":7049.680351301,"data":"[Game 1730] Range: 1-9 | Median/Mean: 4.0 / 3.897 | Fail: 1.329%\n"}
,{"stream_name":"stdout","time":7094.763853686,"data":"[Game 1740] Range: 1-9 | Median/Mean: 4.0 / 3.898 | Fail: 1.322%\n"}
,{"stream_name":"stdout","time":7133.523844147,"data":"[Game 1750] Range: 1-9 | Median/Mean: 4.0 / 3.894 | Fail: 1.314%\n"}
,{"stream_name":"stdout","time":7195.959573599,"data":"[Game 1760] Range: 1-9 | Median/Mean: 4.0 / 3.896 | Fail: 1.307%\n"}
,{"stream_name":"stdout","time":7248.537971668,"data":"[Game 1770] Range: 1-9 | Median/Mean: 4.0 / 3.895 | Fail: 1.299%\n"}
,{"stream_name":"stdout","time":7291.742828668,"data":"[Game 1780] Range: 1-9 | Median/Mean: 4.0 / 3.897 | Fail: 1.292%\n"}
,{"stream_name":"stdout","time":7335.646016335,"data":"[Game 1790] Range: 1-9 | Median/Mean: 4.0 / 3.896 | Fail: 1.285%\n"}
,{"stream_name":"stdout","time":7375.362086416,"data":"[Game 1800] Range: 1-9 | Median/Mean: 4.0 / 3.896 | Fail: 1.278%\n"}
,{"stream_name":"stdout","time":7405.814398812,"data":"[Game 1810] Range: 1-9 | Median/Mean: 4.0 / 3.895 | Fail: 1.326%\n"}
,{"stream_name":"stdout","time":7436.180246234,"data":"[Game 1820] Range: 1-9 | Median/Mean: 4.0 / 3.895 | Fail: 1.319%\n"}
,{"stream_name":"stdout","time":7489.324408594,"data":"[Game 1830] Range: 1-9 | Median/Mean: 4.0 / 3.896 | Fail: 1.311%\n"}
,{"stream_name":"stdout","time":7512.53829185,"data":"[Game 1840] Range: 1-9 | Median/Mean: 4.0 / 3.892 | Fail: 1.304%\n"}
,{"stream_name":"stdout","time":7550.178299002,"data":"[Game 1850] Range: 1-9 | Median/Mean: 4.0 / 3.893 | Fail: 1.297%\n"}
,{"stream_name":"stdout","time":7583.539631535,"data":"[Game 1860] Range: 1-9 | Median/Mean: 4.0 / 3.889 | Fail: 1.290%\n"}
,{"stream_name":"stdout","time":7608.898206795,"data":"[Game 1870] Range: 1-9 | Median/Mean: 4.0 / 3.887 | Fail: 1.283%\n"}
,{"stream_name":"stdout","time":7650.416096877,"data":"[Game 1880] Range: 1-9 | Median/Mean: 4.0 / 3.891 | Fail: 1.436%\n"}
,{"stream_name":"stdout","time":7696.009631784,"data":"[Game 1890] Range: 1-9 | Median/Mean: 4.0 / 3.894 | Fail: 1.429%\n"}
,{"stream_name":"stdout","time":7750.495239211,"data":"[Game 1900] Range: 1-9 | Median/Mean: 4.0 / 3.897 | Fail: 1.421%\n"}
,{"stream_name":"stdout","time":7793.260524899,"data":"[Game 1910] Range: 1-9 | Median/Mean: 4.0 / 3.896 | Fail: 1.414%\n"}
,{"stream_name":"stdout","time":7819.58041802,"data":"[Game 1920] Range: 1-9 | Median/Mean: 4.0 / 3.895 | Fail: 1.406%\n"}
,{"stream_name":"stdout","time":7856.709840058,"data":"[Game 1930] Range: 1-9 | Median/Mean: 4.0 / 3.894 | Fail: 1.399%\n"}
,{"stream_name":"stdout","time":7900.941997162,"data":"[Game 1940] Range: 1-9 | Median/Mean: 4.0 / 3.894 | Fail: 1.392%\n"}
,{"stream_name":"stdout","time":7948.154232554,"data":"[Game 1950] Range: 1-9 | Median/Mean: 4.0 / 3.894 | Fail: 1.385%\n"}
,{"stream_name":"stdout","time":7989.499647018,"data":"[Game 1960] Range: 1-9 | Median/Mean: 4.0 / 3.895 | Fail: 1.378%\n"}
,{"stream_name":"stdout","time":8019.786481823,"data":"[Game 1970] Range: 1-9 | Median/Mean: 4.0 / 3.894 | Fail: 1.371%\n"}
,{"stream_name":"stdout","time":8063.564026705,"data":"[Game 1980] Range: 1-9 | Median/Mean: 4.0 / 3.898 | Fail: 1.364%\n"}
,{"stream_name":"stdout","time":8102.878387363,"data":"[Game 1990] Range: 1-9 | Median/Mean: 4.0 / 3.898 | Fail: 1.357%\n"}
,{"stream_name":"stdout","time":8134.507847124,"data":"[Game 2000] Range: 1-9 | Median/Mean: 4.0 / 3.897 | Fail: 1.400%\n"}
,{"stream_name":"stdout","time":8169.133034412,"data":"[Game 2010] Range: 1-9 | Median/Mean: 4.0 / 3.895 | Fail: 1.393%\n"}
,{"stream_name":"stdout","time":8197.870274848,"data":"[Game 2020] Range: 1-9 | Median/Mean: 4.0 / 3.897 | Fail: 1.485%\n"}
,{"stream_name":"stdout","time":8239.351032552,"data":"[Game 2030] Range: 1-9 | Median/Mean: 4.0 / 3.894 | Fail: 1.478%\n"}
,{"stream_name":"stdout","time":8281.241950703,"data":"[Game 2040] Range: 1-9 | Median/Mean: 4.0 / 3.892 | Fail: 1.471%\n"}
,{"stream_name":"stdout","time":8336.010277462,"data":"[Game 2050] Range: 1-9 | Median/Mean: 4.0 / 3.893 | Fail: 1.463%\n"}
,{"stream_name":"stdout","time":8375.62224231,"data":"[Game 2060] Range: 1-9 | Median/Mean: 4.0 / 3.891 | Fail: 1.456%\n"}
,{"stream_name":"stdout","time":8414.80008233,"data":"[Game 2070] Range: 1-9 | Median/Mean: 4.0 / 3.894 | Fail: 1.498%\n"}
,{"stream_name":"stdout","time":8460.172277507,"data":"[Game 2080] Range: 1-9 | Median/Mean: 4.0 / 3.895 | Fail: 1.490%\n"}
,{"stream_name":"stdout","time":8510.805883103,"data":"[Game 2090] Range: 1-9 | Median/Mean: 4.0 / 3.894 | Fail: 1.483%\n"}
,{"stream_name":"stdout","time":8548.394093795,"data":"[Game 2100] Range: 1-9 | Median/Mean: 4.0 / 3.896 | Fail: 1.524%\n"}
,{"stream_name":"stdout","time":8575.499663457,"data":"[Game 2110] Range: 1-9 | Median/Mean: 4.0 / 3.893 | Fail: 1.517%\n"}
,{"stream_name":"stdout","time":8622.939291504,"data":"[Game 2120] Range: 1-9 | Median/Mean: 4.0 / 3.894 | Fail: 1.509%\n"}
,{"stream_name":"stdout","time":8665.347983164,"data":"[Game 2130] Range: 1-9 | Median/Mean: 4.0 / 3.896 | Fail: 1.502%\n"}
,{"stream_name":"stdout","time":8710.9014696,"data":"[Game 2140] Range: 1-9 | Median/Mean: 4.0 / 3.896 | Fail: 1.495%\n"}
,{"stream_name":"stdout","time":8752.389083709,"data":"[Game 2150] Range: 1-9 | Median/Mean: 4.0 / 3.896 | Fail: 1.488%\n"}
,{"stream_name":"stdout","time":8803.02207472,"data":"[Game 2160] Range: 1-9 | Median/Mean: 4.0 / 3.894 | Fail: 1.481%\n"}
,{"stream_name":"stdout","time":8847.310915659,"data":"[Game 2170] Range: 1-9 | Median/Mean: 4.0 / 3.898 | Fail: 1.521%\n"}
,{"stream_name":"stdout","time":8897.812849876,"data":"[Game 2180] Range: 1-9 | Median/Mean: 4.0 / 3.897 | Fail: 1.514%\n"}
,{"stream_name":"stdout","time":8936.006693189,"data":"[Game 2190] Range: 1-9 | Median/Mean: 4.0 / 3.897 | Fail: 1.507%\n"}
,{"stream_name":"stdout","time":8982.333426526,"data":"[Game 2200] Range: 1-9 | Median/Mean: 4.0 / 3.897 | Fail: 1.500%\n"}
,{"stream_name":"stdout","time":9019.405509918,"data":"[Game 2210] Range: 1-9 | Median/Mean: 4.0 / 3.897 | Fail: 1.493%\n"}
,{"stream_name":"stdout","time":9060.509219149,"data":"[Game 2220] Range: 1-9 | Median/Mean: 4.0 / 3.899 | Fail: 1.486%\n"}
,{"stream_name":"stdout","time":9094.452642496,"data":"[Game 2230] Range: 1-9 | Median/Mean: 4.0 / 3.899 | Fail: 1.525%\n"}
,{"stream_name":"stdout","time":9117.461573913,"data":"[Game 2240] Range: 1-9 | Median/Mean: 4.0 / 3.899 | Fail: 1.518%\n"}
,{"stream_name":"stdout","time":9163.199831201,"data":"[Game 2250] Range: 1-9 | Median/Mean: 4.0 / 3.900 | Fail: 1.511%\n"}
,{"stream_name":"stdout","time":9203.946903767,"data":"[Game 2260] Range: 1-9 | Median/Mean: 4.0 / 3.902 | Fail: 1.549%\n"}
,{"stream_name":"stdout","time":9243.600981432,"data":"[Game 2270] Range: 1-9 | Median/Mean: 4.0 / 3.902 | Fail: 1.542%\n"}
,{"stream_name":"stdout","time":9277.748647395,"data":"[Game 2280] Range: 1-9 | Median/Mean: 4.0 / 3.901 | Fail: 1.535%\n"}
,{"stream_name":"stdout","time":9322.192040159,"data":"[Game 2290] Range: 1-9 | Median/Mean: 4.0 / 3.902 | Fail: 1.572%\n"}
,{"stream_name":"stdout","time":9354.80803961,"data":"[Game 2300] Range: 1-9 | Median/Mean: 4.0 / 3.900 | Fail: 1.565%\n"}
,{"stream_name":"stdout","time":9395.083930562,"data":"[Game 2310] Range: 1-9 | Median/Mean: 4.0 / 3.901 | Fail: 1.558%\n"}
,{"stream_name":"stdout","time":9415.049169544,"data":"Summary:\n"}
,{"stream_name":"stdout","time":9415.064619807,"data":"Distribution across steps:\n"}
,{"stream_name":"stdout","time":9415.069744606,"data":"Key Metrics:\n"}
,{"stream_name":"stderr","time":9419.046615286,"data":"/opt/conda/lib/python3.7/site-packages/traitlets/traitlets.py:2567: FutureWarning: --Exporter.preprocessors=[\"remove_papermill_header.RemovePapermillHeader\"] for containers is deprecated in traitlets 5.0. You can pass `--Exporter.preprocessors item` ... multiple times to add items to a list.\n"}
,{"stream_name":"stderr","time":9419.04666755,"data":"  FutureWarning,\n"}
,{"stream_name":"stderr","time":9419.046676596,"data":"[NbConvertApp] Converting notebook __notebook__.ipynb to notebook\n"}
,{"stream_name":"stderr","time":9419.367205953,"data":"[NbConvertApp] Writing 33039 bytes to __notebook__.ipynb\n"}
,{"stream_name":"stderr","time":9421.698307204,"data":"/opt/conda/lib/python3.7/site-packages/traitlets/traitlets.py:2567: FutureWarning: --Exporter.preprocessors=[\"nbconvert.preprocessors.ExtractOutputPreprocessor\"] for containers is deprecated in traitlets 5.0. You can pass `--Exporter.preprocessors item` ... multiple times to add items to a list.\n"}
,{"stream_name":"stderr","time":9421.698442003,"data":"  FutureWarning,\n"}
,{"stream_name":"stderr","time":9421.698452155,"data":"[NbConvertApp] Converting notebook __notebook__.ipynb to html\n"}
,{"stream_name":"stderr","time":9422.28558457,"data":"[NbConvertApp] Writing 308373 bytes to __results__.html\n"}
]