[{"stream_name":"stderr","time":11.978407354,"data":"/opt/conda/lib/python3.7/site-packages/papermill/iorw.py:50: FutureWarning: pyarrow.HadoopFileSystem is deprecated as of 2.0.0, please use pyarrow.fs.HadoopFileSystem instead.\n"}
,{"stream_name":"stderr","time":11.978522408,"data":"  from pyarrow import HadoopFileSystem\n"}
,{"stream_name":"stdout","time":13.62107112,"data":"[ ---------- ARLES ----------]\n"}
,{"stream_name":"stdout","time":61.750204422,"data":"[Game 10] Range: 2-5 | Median/Mean: 4.0 / 3.700 | Fail: 0.000%\n"}
,{"stream_name":"stdout","time":110.361305929,"data":"[Game 20] Range: 2-5 | Median/Mean: 4.0 / 3.650 | Fail: 0.000%\n"}
,{"stream_name":"stdout","time":147.837634979,"data":"[Game 30] Range: 2-6 | Median/Mean: 4.0 / 3.600 | Fail: 0.000%\n"}
,{"stream_name":"stdout","time":184.943354123,"data":"[Game 40] Range: 2-6 | Median/Mean: 4.0 / 3.775 | Fail: 0.000%\n"}
,{"stream_name":"stdout","time":232.91817052,"data":"[Game 50] Range: 2-6 | Median/Mean: 4.0 / 3.920 | Fail: 0.000%\n"}
,{"stream_name":"stdout","time":277.511989581,"data":"[Game 60] Range: 2-6 | Median/Mean: 4.0 / 3.850 | Fail: 0.000%\n"}
,{"stream_name":"stdout","time":319.296051999,"data":"[Game 70] Range: 2-7 | Median/Mean: 4.0 / 3.957 | Fail: 1.429%\n"}
,{"stream_name":"stdout","time":352.169523398,"data":"[Game 80] Range: 2-7 | Median/Mean: 4.0 / 3.875 | Fail: 1.250%\n"}
,{"stream_name":"stdout","time":398.373397454,"data":"[Game 90] Range: 2-9 | Median/Mean: 4.0 / 3.922 | Fail: 2.222%\n"}
,{"stream_name":"stdout","time":440.938858633,"data":"[Game 100] Range: 2-9 | Median/Mean: 4.0 / 3.880 | Fail: 2.000%\n"}
,{"stream_name":"stdout","time":481.037381925,"data":"[Game 110] Range: 2-9 | Median/Mean: 4.0 / 3.891 | Fail: 1.818%\n"}
,{"stream_name":"stdout","time":538.653520879,"data":"[Game 120] Range: 2-9 | Median/Mean: 4.0 / 3.892 | Fail: 1.667%\n"}
,{"stream_name":"stdout","time":573.113248219,"data":"[Game 130] Range: 2-9 | Median/Mean: 4.0 / 3.900 | Fail: 2.308%\n"}
,{"stream_name":"stdout","time":611.856943435,"data":"[Game 140] Range: 2-9 | Median/Mean: 4.0 / 3.886 | Fail: 2.143%\n"}
,{"stream_name":"stdout","time":668.52524145,"data":"[Game 150] Range: 2-9 | Median/Mean: 4.0 / 3.907 | Fail: 2.667%\n"}
,{"stream_name":"stdout","time":718.052395587,"data":"[Game 160] Range: 2-9 | Median/Mean: 4.0 / 3.906 | Fail: 2.500%\n"}
,{"stream_name":"stdout","time":754.623678189,"data":"[Game 170] Range: 2-9 | Median/Mean: 4.0 / 3.900 | Fail: 2.353%\n"}
,{"stream_name":"stdout","time":799.386510421,"data":"[Game 180] Range: 2-9 | Median/Mean: 4.0 / 3.883 | Fail: 2.222%\n"}
,{"stream_name":"stdout","time":849.619458617,"data":"[Game 190] Range: 2-9 | Median/Mean: 4.0 / 3.911 | Fail: 2.105%\n"}
,{"stream_name":"stdout","time":877.42807067,"data":"[Game 200] Range: 2-9 | Median/Mean: 4.0 / 3.885 | Fail: 2.000%\n"}
,{"stream_name":"stdout","time":929.046771924,"data":"[Game 210] Range: 2-9 | Median/Mean: 4.0 / 3.886 | Fail: 1.905%\n"}
,{"stream_name":"stdout","time":980.092645867,"data":"[Game 220] Range: 2-9 | Median/Mean: 4.0 / 3.882 | Fail: 1.818%\n"}
,{"stream_name":"stdout","time":1031.518266225,"data":"[Game 230] Range: 2-9 | Median/Mean: 4.0 / 3.878 | Fail: 1.739%\n"}
,{"stream_name":"stdout","time":1059.138376387,"data":"[Game 240] Range: 2-9 | Median/Mean: 4.0 / 3.883 | Fail: 1.667%\n"}
,{"stream_name":"stdout","time":1109.889290612,"data":"[Game 250] Range: 2-9 | Median/Mean: 4.0 / 3.888 | Fail: 1.600%\n"}
,{"stream_name":"stdout","time":1165.831988552,"data":"[Game 260] Range: 2-9 | Median/Mean: 4.0 / 3.892 | Fail: 1.538%\n"}
,{"stream_name":"stdout","time":1202.95563789,"data":"[Game 270] Range: 2-9 | Median/Mean: 4.0 / 3.881 | Fail: 1.852%\n"}
,{"stream_name":"stdout","time":1240.349787457,"data":"[Game 280] Range: 2-9 | Median/Mean: 4.0 / 3.854 | Fail: 1.786%\n"}
,{"stream_name":"stdout","time":1298.954417094,"data":"[Game 290] Range: 2-9 | Median/Mean: 4.0 / 3.848 | Fail: 1.724%\n"}
,{"stream_name":"stdout","time":1345.759773461,"data":"[Game 300] Range: 2-9 | Median/Mean: 4.0 / 3.850 | Fail: 1.667%\n"}
,{"stream_name":"stdout","time":1385.907331108,"data":"[Game 310] Range: 2-9 | Median/Mean: 4.0 / 3.855 | Fail: 1.613%\n"}
,{"stream_name":"stdout","time":1439.715213535,"data":"[Game 320] Range: 2-9 | Median/Mean: 4.0 / 3.853 | Fail: 1.562%\n"}
,{"stream_name":"stdout","time":1478.013484408,"data":"[Game 330] Range: 2-9 | Median/Mean: 4.0 / 3.861 | Fail: 1.818%\n"}
,{"stream_name":"stdout","time":1519.65766105,"data":"[Game 340] Range: 2-9 | Median/Mean: 4.0 / 3.862 | Fail: 1.765%\n"}
,{"stream_name":"stdout","time":1559.82337724,"data":"[Game 350] Range: 2-9 | Median/Mean: 4.0 / 3.849 | Fail: 1.714%\n"}
,{"stream_name":"stdout","time":1611.661815243,"data":"[Game 360] Range: 2-9 | Median/Mean: 4.0 / 3.861 | Fail: 1.667%\n"}
,{"stream_name":"stdout","time":1656.379969207,"data":"[Game 370] Range: 2-9 | Median/Mean: 4.0 / 3.857 | Fail: 1.622%\n"}
,{"stream_name":"stdout","time":1697.796546518,"data":"[Game 380] Range: 2-9 | Median/Mean: 4.0 / 3.863 | Fail: 1.579%\n"}
,{"stream_name":"stdout","time":1745.699681363,"data":"[Game 390] Range: 2-9 | Median/Mean: 4.0 / 3.867 | Fail: 1.795%\n"}
,{"stream_name":"stdout","time":1798.724666359,"data":"[Game 400] Range: 2-9 | Median/Mean: 4.0 / 3.877 | Fail: 1.750%\n"}
,{"stream_name":"stdout","time":1847.645532852,"data":"[Game 410] Range: 2-9 | Median/Mean: 4.0 / 3.885 | Fail: 1.707%\n"}
,{"stream_name":"stdout","time":1901.314551795,"data":"[Game 420] Range: 2-9 | Median/Mean: 4.0 / 3.893 | Fail: 1.667%\n"}
,{"stream_name":"stdout","time":1949.009303419,"data":"[Game 430] Range: 2-9 | Median/Mean: 4.0 / 3.898 | Fail: 1.628%\n"}
,{"stream_name":"stdout","time":1998.762845651,"data":"[Game 440] Range: 2-9 | Median/Mean: 4.0 / 3.905 | Fail: 1.591%\n"}
,{"stream_name":"stdout","time":2055.603593199,"data":"[Game 450] Range: 2-9 | Median/Mean: 4.0 / 3.907 | Fail: 1.556%\n"}
,{"stream_name":"stdout","time":2103.18676255,"data":"[Game 460] Range: 2-9 | Median/Mean: 4.0 / 3.913 | Fail: 1.522%\n"}
,{"stream_name":"stdout","time":2163.878197575,"data":"[Game 470] Range: 2-9 | Median/Mean: 4.0 / 3.913 | Fail: 1.489%\n"}
,{"stream_name":"stdout","time":2212.966041488,"data":"[Game 480] Range: 2-9 | Median/Mean: 4.0 / 3.921 | Fail: 1.458%\n"}
,{"stream_name":"stdout","time":2249.012429106,"data":"[Game 490] Range: 2-9 | Median/Mean: 4.0 / 3.931 | Fail: 1.633%\n"}
,{"stream_name":"stdout","time":2306.476374051,"data":"[Game 500] Range: 2-9 | Median/Mean: 4.0 / 3.934 | Fail: 1.600%\n"}
,{"stream_name":"stdout","time":2348.344905027,"data":"[Game 510] Range: 2-9 | Median/Mean: 4.0 / 3.927 | Fail: 1.569%\n"}
,{"stream_name":"stdout","time":2397.036114337,"data":"[Game 520] Range: 2-9 | Median/Mean: 4.0 / 3.925 | Fail: 1.538%\n"}
,{"stream_name":"stdout","time":2429.880347629,"data":"[Game 530] Range: 2-9 | Median/Mean: 4.0 / 3.923 | Fail: 1.509%\n"}
,{"stream_name":"stdout","time":2478.992246247,"data":"[Game 540] Range: 2-9 | Median/Mean: 4.0 / 3.926 | Fail: 1.481%\n"}
,{"stream_name":"stdout","time":2524.430956196,"data":"[Game 550] Range: 2-9 | Median/Mean: 4.0 / 3.929 | Fail: 1.455%\n"}
,{"stream_name":"stdout","time":2579.197034357,"data":"[Game 560] Range: 2-9 | Median/Mean: 4.0 / 3.939 | Fail: 1.429%\n"}
,{"stream_name":"stdout","time":2617.918021247,"data":"[Game 570] Range: 2-9 | Median/Mean: 4.0 / 3.935 | Fail: 1.404%\n"}
,{"stream_name":"stdout","time":2651.579060776,"data":"[Game 580] Range: 2-9 | Median/Mean: 4.0 / 3.922 | Fail: 1.379%\n"}
,{"stream_name":"stdout","time":2711.401901614,"data":"[Game 590] Range: 2-9 | Median/Mean: 4.0 / 3.937 | Fail: 1.525%\n"}
,{"stream_name":"stdout","time":2765.862716725,"data":"[Game 600] Range: 2-9 | Median/Mean: 4.0 / 3.938 | Fail: 1.500%\n"}
,{"stream_name":"stdout","time":2810.381335084,"data":"[Game 610] Range: 2-9 | Median/Mean: 4.0 / 3.946 | Fail: 1.475%\n"}
,{"stream_name":"stdout","time":2841.558985159,"data":"[Game 620] Range: 2-9 | Median/Mean: 4.0 / 3.947 | Fail: 1.452%\n"}
,{"stream_name":"stdout","time":2885.993990456,"data":"[Game 630] Range: 2-9 | Median/Mean: 4.0 / 3.944 | Fail: 1.429%\n"}
,{"stream_name":"stdout","time":2939.937131966,"data":"[Game 640] Range: 2-9 | Median/Mean: 4.0 / 3.944 | Fail: 1.406%\n"}
,{"stream_name":"stdout","time":2989.169041641,"data":"[Game 650] Range: 2-9 | Median/Mean: 4.0 / 3.938 | Fail: 1.385%\n"}
,{"stream_name":"stdout","time":3036.514004885,"data":"[Game 660] Range: 2-9 | Median/Mean: 4.0 / 3.938 | Fail: 1.515%\n"}
,{"stream_name":"stdout","time":3073.189701234,"data":"[Game 670] Range: 2-9 | Median/Mean: 4.0 / 3.934 | Fail: 1.493%\n"}
,{"stream_name":"stdout","time":3110.454931835,"data":"[Game 680] Range: 2-9 | Median/Mean: 4.0 / 3.935 | Fail: 1.471%\n"}
,{"stream_name":"stdout","time":3161.785200937,"data":"[Game 690] Range: 2-9 | Median/Mean: 4.0 / 3.933 | Fail: 1.449%\n"}
,{"stream_name":"stdout","time":3218.890063269,"data":"[Game 700] Range: 2-9 | Median/Mean: 4.0 / 3.944 | Fail: 1.429%\n"}
,{"stream_name":"stdout","time":3258.633211841,"data":"[Game 710] Range: 2-9 | Median/Mean: 4.0 / 3.946 | Fail: 1.549%\n"}
,{"stream_name":"stdout","time":3297.529449726,"data":"[Game 720] Range: 2-9 | Median/Mean: 4.0 / 3.949 | Fail: 1.528%\n"}
,{"stream_name":"stdout","time":3341.548672336,"data":"[Game 730] Range: 2-9 | Median/Mean: 4.0 / 3.948 | Fail: 1.507%\n"}
,{"stream_name":"stdout","time":3384.279771837,"data":"[Game 740] Range: 2-9 | Median/Mean: 4.0 / 3.946 | Fail: 1.486%\n"}
,{"stream_name":"stdout","time":3434.780680812,"data":"[Game 750] Range: 2-9 | Median/Mean: 4.0 / 3.943 | Fail: 1.467%\n"}
,{"stream_name":"stdout","time":3485.169322031,"data":"[Game 760] Range: 2-9 | Median/Mean: 4.0 / 3.947 | Fail: 1.447%\n"}
,{"stream_name":"stdout","time":3545.388174079,"data":"[Game 770] Range: 2-9 | Median/Mean: 4.0 / 3.943 | Fail: 1.429%\n"}
,{"stream_name":"stdout","time":3598.614902863,"data":"[Game 780] Range: 2-9 | Median/Mean: 4.0 / 3.941 | Fail: 1.410%\n"}
,{"stream_name":"stdout","time":3645.911692609,"data":"[Game 790] Range: 2-9 | Median/Mean: 4.0 / 3.943 | Fail: 1.519%\n"}
,{"stream_name":"stdout","time":3688.204086772,"data":"[Game 800] Range: 2-9 | Median/Mean: 4.0 / 3.944 | Fail: 1.500%\n"}
,{"stream_name":"stdout","time":3727.350453918,"data":"[Game 810] Range: 2-9 | Median/Mean: 4.0 / 3.937 | Fail: 1.481%\n"}
,{"stream_name":"stdout","time":3786.11410637,"data":"[Game 820] Range: 2-9 | Median/Mean: 4.0 / 3.934 | Fail: 1.463%\n"}
,{"stream_name":"stdout","time":3840.701619739,"data":"[Game 830] Range: 2-9 | Median/Mean: 4.0 / 3.933 | Fail: 1.446%\n"}
,{"stream_name":"stdout","time":3877.857034731,"data":"[Game 840] Range: 2-9 | Median/Mean: 4.0 / 3.931 | Fail: 1.429%\n"}
,{"stream_name":"stdout","time":3928.698636585,"data":"[Game 850] Range: 2-9 | Median/Mean: 4.0 / 3.934 | Fail: 1.529%\n"}
,{"stream_name":"stdout","time":3968.692316806,"data":"[Game 860] Range: 2-9 | Median/Mean: 4.0 / 3.937 | Fail: 1.512%\n"}
,{"stream_name":"stdout","time":4007.553902895,"data":"[Game 870] Range: 2-9 | Median/Mean: 4.0 / 3.933 | Fail: 1.494%\n"}
,{"stream_name":"stdout","time":4043.348232623,"data":"[Game 880] Range: 2-9 | Median/Mean: 4.0 / 3.932 | Fail: 1.477%\n"}
,{"stream_name":"stdout","time":4072.412490802,"data":"[Game 890] Range: 2-9 | Median/Mean: 4.0 / 3.930 | Fail: 1.461%\n"}
,{"stream_name":"stdout","time":4121.472205707,"data":"[Game 900] Range: 2-9 | Median/Mean: 4.0 / 3.926 | Fail: 1.444%\n"}
,{"stream_name":"stdout","time":4177.871310088,"data":"[Game 910] Range: 2-9 | Median/Mean: 4.0 / 3.927 | Fail: 1.648%\n"}
,{"stream_name":"stdout","time":4226.872446102,"data":"[Game 920] Range: 2-9 | Median/Mean: 4.0 / 3.926 | Fail: 1.630%\n"}
,{"stream_name":"stdout","time":4267.569639794,"data":"[Game 930] Range: 2-9 | Median/Mean: 4.0 / 3.925 | Fail: 1.613%\n"}
,{"stream_name":"stdout","time":4307.46451778,"data":"[Game 940] Range: 2-9 | Median/Mean: 4.0 / 3.922 | Fail: 1.596%\n"}
,{"stream_name":"stdout","time":4362.019681525,"data":"[Game 950] Range: 2-9 | Median/Mean: 4.0 / 3.921 | Fail: 1.579%\n"}
,{"stream_name":"stdout","time":4409.484703794,"data":"[Game 960] Range: 2-9 | Median/Mean: 4.0 / 3.921 | Fail: 1.562%\n"}
,{"stream_name":"stdout","time":4449.034359833,"data":"[Game 970] Range: 2-9 | Median/Mean: 4.0 / 3.922 | Fail: 1.546%\n"}
,{"stream_name":"stdout","time":4500.059704698,"data":"[Game 980] Range: 2-9 | Median/Mean: 4.0 / 3.923 | Fail: 1.633%\n"}
,{"stream_name":"stdout","time":4556.508005551,"data":"[Game 990] Range: 2-9 | Median/Mean: 4.0 / 3.924 | Fail: 1.616%\n"}
,{"stream_name":"stdout","time":4593.760131653,"data":"[Game 1000] Range: 2-9 | Median/Mean: 4.0 / 3.924 | Fail: 1.600%\n"}
,{"stream_name":"stdout","time":4648.783193035,"data":"[Game 1010] Range: 2-9 | Median/Mean: 4.0 / 3.927 | Fail: 1.584%\n"}
,{"stream_name":"stdout","time":4691.904281336,"data":"[Game 1020] Range: 2-9 | Median/Mean: 4.0 / 3.926 | Fail: 1.569%\n"}
,{"stream_name":"stdout","time":4726.310376111,"data":"[Game 1030] Range: 2-9 | Median/Mean: 4.0 / 3.923 | Fail: 1.553%\n"}
,{"stream_name":"stdout","time":4774.044717815,"data":"[Game 1040] Range: 2-9 | Median/Mean: 4.0 / 3.925 | Fail: 1.635%\n"}
,{"stream_name":"stdout","time":4810.59813212,"data":"[Game 1050] Range: 2-9 | Median/Mean: 4.0 / 3.924 | Fail: 1.619%\n"}
,{"stream_name":"stdout","time":4859.78384907,"data":"[Game 1060] Range: 2-9 | Median/Mean: 4.0 / 3.924 | Fail: 1.604%\n"}
,{"stream_name":"stdout","time":4887.496009362,"data":"[Game 1070] Range: 2-9 | Median/Mean: 4.0 / 3.921 | Fail: 1.589%\n"}
,{"stream_name":"stdout","time":4933.14321897,"data":"[Game 1080] Range: 2-9 | Median/Mean: 4.0 / 3.917 | Fail: 1.574%\n"}
,{"stream_name":"stdout","time":4984.402129763,"data":"[Game 1090] Range: 2-9 | Median/Mean: 4.0 / 3.920 | Fail: 1.560%\n"}
,{"stream_name":"stdout","time":5017.804195976,"data":"[Game 1100] Range: 2-9 | Median/Mean: 4.0 / 3.921 | Fail: 1.636%\n"}
,{"stream_name":"stdout","time":5059.005852569,"data":"[Game 1110] Range: 2-9 | Median/Mean: 4.0 / 3.923 | Fail: 1.622%\n"}
,{"stream_name":"stdout","time":5114.019956496,"data":"[Game 1120] Range: 2-9 | Median/Mean: 4.0 / 3.920 | Fail: 1.607%\n"}
,{"stream_name":"stdout","time":5142.209795395,"data":"[Game 1130] Range: 2-9 | Median/Mean: 4.0 / 3.916 | Fail: 1.593%\n"}
,{"stream_name":"stdout","time":5195.84041036,"data":"[Game 1140] Range: 2-9 | Median/Mean: 4.0 / 3.918 | Fail: 1.579%\n"}
,{"stream_name":"stdout","time":5232.517725239,"data":"[Game 1150] Range: 2-9 | Median/Mean: 4.0 / 3.917 | Fail: 1.565%\n"}
,{"stream_name":"stdout","time":5271.454898594,"data":"[Game 1160] Range: 2-9 | Median/Mean: 4.0 / 3.913 | Fail: 1.552%\n"}
,{"stream_name":"stdout","time":5312.673583831,"data":"[Game 1170] Range: 2-9 | Median/Mean: 4.0 / 3.910 | Fail: 1.538%\n"}
,{"stream_name":"stdout","time":5356.333339572,"data":"[Game 1180] Range: 2-9 | Median/Mean: 4.0 / 3.909 | Fail: 1.525%\n"}
,{"stream_name":"stdout","time":5416.256898147,"data":"[Game 1190] Range: 2-9 | Median/Mean: 4.0 / 3.914 | Fail: 1.513%\n"}
,{"stream_name":"stdout","time":5455.400768715,"data":"[Game 1200] Range: 2-9 | Median/Mean: 4.0 / 3.908 | Fail: 1.500%\n"}
,{"stream_name":"stdout","time":5509.929683678,"data":"[Game 1210] Range: 2-9 | Median/Mean: 4.0 / 3.907 | Fail: 1.488%\n"}
,{"stream_name":"stdout","time":5555.148048124,"data":"[Game 1220] Range: 2-9 | Median/Mean: 4.0 / 3.910 | Fail: 1.475%\n"}
,{"stream_name":"stdout","time":5607.904635534,"data":"[Game 1230] Range: 2-9 | Median/Mean: 4.0 / 3.917 | Fail: 1.463%\n"}
,{"stream_name":"stdout","time":5649.22783513,"data":"[Game 1240] Range: 2-9 | Median/Mean: 4.0 / 3.915 | Fail: 1.452%\n"}
,{"stream_name":"stdout","time":5683.161428876,"data":"[Game 1250] Range: 2-9 | Median/Mean: 4.0 / 3.914 | Fail: 1.440%\n"}
,{"stream_name":"stdout","time":5725.21924515,"data":"[Game 1260] Range: 2-9 | Median/Mean: 4.0 / 3.916 | Fail: 1.508%\n"}
,{"stream_name":"stdout","time":5776.310888085,"data":"[Game 1270] Range: 2-9 | Median/Mean: 4.0 / 3.916 | Fail: 1.496%\n"}
,{"stream_name":"stdout","time":5817.465060453,"data":"[Game 1280] Range: 2-9 | Median/Mean: 4.0 / 3.913 | Fail: 1.484%\n"}
,{"stream_name":"stdout","time":5862.46493649,"data":"[Game 1290] Range: 2-9 | Median/Mean: 4.0 / 3.910 | Fail: 1.473%\n"}
,{"stream_name":"stdout","time":5898.500237056,"data":"[Game 1300] Range: 2-9 | Median/Mean: 4.0 / 3.908 | Fail: 1.462%\n"}
,{"stream_name":"stdout","time":5946.681797479,"data":"[Game 1310] Range: 2-9 | Median/Mean: 4.0 / 3.908 | Fail: 1.450%\n"}
,{"stream_name":"stdout","time":5991.614785438,"data":"[Game 1320] Range: 2-9 | Median/Mean: 4.0 / 3.908 | Fail: 1.439%\n"}
,{"stream_name":"stdout","time":6037.355737807,"data":"[Game 1330] Range: 2-9 | Median/Mean: 4.0 / 3.909 | Fail: 1.504%\n"}
,{"stream_name":"stdout","time":6097.986728576,"data":"[Game 1340] Range: 2-9 | Median/Mean: 4.0 / 3.911 | Fail: 1.493%\n"}
,{"stream_name":"stdout","time":6143.739660514,"data":"[Game 1350] Range: 2-9 | Median/Mean: 4.0 / 3.910 | Fail: 1.481%\n"}
,{"stream_name":"stdout","time":6185.389713613,"data":"[Game 1360] Range: 2-9 | Median/Mean: 4.0 / 3.912 | Fail: 1.471%\n"}
,{"stream_name":"stdout","time":6238.212878578,"data":"[Game 1370] Range: 2-9 | Median/Mean: 4.0 / 3.915 | Fail: 1.460%\n"}
,{"stream_name":"stdout","time":6289.891972269,"data":"[Game 1380] Range: 2-9 | Median/Mean: 4.0 / 3.914 | Fail: 1.522%\n"}
,{"stream_name":"stdout","time":6336.722235694,"data":"[Game 1390] Range: 2-9 | Median/Mean: 4.0 / 3.913 | Fail: 1.511%\n"}
,{"stream_name":"stdout","time":6387.085308558,"data":"[Game 1400] Range: 2-9 | Median/Mean: 4.0 / 3.916 | Fail: 1.571%\n"}
,{"stream_name":"stdout","time":6431.933949135,"data":"[Game 1410] Range: 2-9 | Median/Mean: 4.0 / 3.920 | Fail: 1.560%\n"}
,{"stream_name":"stdout","time":6470.012434607,"data":"[Game 1420] Range: 2-9 | Median/Mean: 4.0 / 3.918 | Fail: 1.549%\n"}
,{"stream_name":"stdout","time":6513.078687408,"data":"[Game 1430] Range: 2-9 | Median/Mean: 4.0 / 3.917 | Fail: 1.538%\n"}
,{"stream_name":"stdout","time":6552.67286974,"data":"[Game 1440] Range: 2-9 | Median/Mean: 4.0 / 3.917 | Fail: 1.528%\n"}
,{"stream_name":"stdout","time":6606.904689558,"data":"[Game 1450] Range: 2-9 | Median/Mean: 4.0 / 3.919 | Fail: 1.655%\n"}
,{"stream_name":"stdout","time":6658.766963491,"data":"[Game 1460] Range: 2-9 | Median/Mean: 4.0 / 3.919 | Fail: 1.644%\n"}
,{"stream_name":"stdout","time":6702.521656777,"data":"[Game 1470] Range: 2-9 | Median/Mean: 4.0 / 3.920 | Fail: 1.633%\n"}
,{"stream_name":"stdout","time":6742.544416592,"data":"[Game 1480] Range: 2-9 | Median/Mean: 4.0 / 3.918 | Fail: 1.622%\n"}
,{"stream_name":"stdout","time":6784.556883575,"data":"[Game 1490] Range: 2-9 | Median/Mean: 4.0 / 3.917 | Fail: 1.611%\n"}
,{"stream_name":"stdout","time":6835.3774151,"data":"[Game 1500] Range: 2-9 | Median/Mean: 4.0 / 3.921 | Fail: 1.600%\n"}
,{"stream_name":"stdout","time":6882.588910798,"data":"[Game 1510] Range: 2-9 | Median/Mean: 4.0 / 3.919 | Fail: 1.589%\n"}
,{"stream_name":"stdout","time":6937.382756399,"data":"[Game 1520] Range: 2-9 | Median/Mean: 4.0 / 3.920 | Fail: 1.579%\n"}
,{"stream_name":"stdout","time":6994.571627745,"data":"[Game 1530] Range: 2-9 | Median/Mean: 4.0 / 3.919 | Fail: 1.569%\n"}
,{"stream_name":"stdout","time":7046.450939082,"data":"[Game 1540] Range: 2-9 | Median/Mean: 4.0 / 3.917 | Fail: 1.558%\n"}
,{"stream_name":"stdout","time":7091.532896529,"data":"[Game 1550] Range: 2-9 | Median/Mean: 4.0 / 3.918 | Fail: 1.548%\n"}
,{"stream_name":"stdout","time":7132.706711415,"data":"[Game 1560] Range: 2-9 | Median/Mean: 4.0 / 3.917 | Fail: 1.538%\n"}
,{"stream_name":"stdout","time":7177.776938821,"data":"[Game 1570] Range: 2-9 | Median/Mean: 4.0 / 3.915 | Fail: 1.529%\n"}
,{"stream_name":"stdout","time":7217.440036186,"data":"[Game 1580] Range: 2-9 | Median/Mean: 4.0 / 3.911 | Fail: 1.519%\n"}
,{"stream_name":"stdout","time":7252.61879291,"data":"[Game 1590] Range: 2-9 | Median/Mean: 4.0 / 3.909 | Fail: 1.509%\n"}
,{"stream_name":"stdout","time":7285.016045586,"data":"[Game 1600] Range: 2-9 | Median/Mean: 4.0 / 3.907 | Fail: 1.500%\n"}
,{"stream_name":"stdout","time":7335.949175767,"data":"[Game 1610] Range: 2-9 | Median/Mean: 4.0 / 3.907 | Fail: 1.491%\n"}
,{"stream_name":"stdout","time":7387.004312826,"data":"[Game 1620] Range: 2-9 | Median/Mean: 4.0 / 3.908 | Fail: 1.481%\n"}
,{"stream_name":"stdout","time":7435.420887694,"data":"[Game 1630] Range: 2-9 | Median/Mean: 4.0 / 3.909 | Fail: 1.534%\n"}
,{"stream_name":"stdout","time":7473.872880631,"data":"[Game 1640] Range: 2-9 | Median/Mean: 4.0 / 3.905 | Fail: 1.524%\n"}
,{"stream_name":"stdout","time":7528.465577028,"data":"[Game 1650] Range: 2-9 | Median/Mean: 4.0 / 3.906 | Fail: 1.515%\n"}
,{"stream_name":"stdout","time":7582.223152757,"data":"[Game 1660] Range: 2-9 | Median/Mean: 4.0 / 3.907 | Fail: 1.506%\n"}
,{"stream_name":"stdout","time":7618.473867799,"data":"[Game 1670] Range: 2-9 | Median/Mean: 4.0 / 3.906 | Fail: 1.497%\n"}
,{"stream_name":"stdout","time":7676.205666431,"data":"[Game 1680] Range: 2-9 | Median/Mean: 4.0 / 3.908 | Fail: 1.488%\n"}
,{"stream_name":"stdout","time":7710.57618489,"data":"[Game 1690] Range: 2-9 | Median/Mean: 4.0 / 3.904 | Fail: 1.479%\n"}
,{"stream_name":"stdout","time":7743.058150765,"data":"[Game 1700] Range: 2-9 | Median/Mean: 4.0 / 3.904 | Fail: 1.471%\n"}
,{"stream_name":"stdout","time":7786.362898881,"data":"[Game 1710] Range: 2-9 | Median/Mean: 4.0 / 3.903 | Fail: 1.462%\n"}
,{"stream_name":"stdout","time":7842.853731173,"data":"[Game 1720] Range: 2-9 | Median/Mean: 4.0 / 3.906 | Fail: 1.453%\n"}
,{"stream_name":"stdout","time":7887.855526691,"data":"[Game 1730] Range: 2-9 | Median/Mean: 4.0 / 3.906 | Fail: 1.503%\n"}
,{"stream_name":"stdout","time":7935.154899208,"data":"[Game 1740] Range: 2-9 | Median/Mean: 4.0 / 3.908 | Fail: 1.552%\n"}
,{"stream_name":"stdout","time":7980.798485114,"data":"[Game 1750] Range: 2-9 | Median/Mean: 4.0 / 3.906 | Fail: 1.543%\n"}
,{"stream_name":"stdout","time":8035.565284618,"data":"[Game 1760] Range: 2-9 | Median/Mean: 4.0 / 3.908 | Fail: 1.534%\n"}
,{"stream_name":"stdout","time":8095.864425466,"data":"[Game 1770] Range: 2-9 | Median/Mean: 4.0 / 3.912 | Fail: 1.582%\n"}
,{"stream_name":"stdout","time":8138.451395852,"data":"[Game 1780] Range: 2-9 | Median/Mean: 4.0 / 3.915 | Fail: 1.573%\n"}
,{"stream_name":"stdout","time":8188.181903497,"data":"[Game 1790] Range: 2-9 | Median/Mean: 4.0 / 3.914 | Fail: 1.564%\n"}
,{"stream_name":"stdout","time":8229.313558059,"data":"[Game 1800] Range: 2-9 | Median/Mean: 4.0 / 3.913 | Fail: 1.556%\n"}
,{"stream_name":"stdout","time":8282.029811839,"data":"[Game 1810] Range: 2-9 | Median/Mean: 4.0 / 3.915 | Fail: 1.547%\n"}
,{"stream_name":"stdout","time":8319.1126497,"data":"[Game 1820] Range: 2-9 | Median/Mean: 4.0 / 3.914 | Fail: 1.538%\n"}
,{"stream_name":"stdout","time":8366.358904273,"data":"[Game 1830] Range: 2-9 | Median/Mean: 4.0 / 3.917 | Fail: 1.530%\n"}
,{"stream_name":"stdout","time":8414.766078238,"data":"[Game 1840] Range: 2-9 | Median/Mean: 4.0 / 3.917 | Fail: 1.522%\n"}
,{"stream_name":"stdout","time":8455.20748504,"data":"[Game 1850] Range: 2-9 | Median/Mean: 4.0 / 3.918 | Fail: 1.514%\n"}
,{"stream_name":"stdout","time":8507.120720426,"data":"[Game 1860] Range: 2-9 | Median/Mean: 4.0 / 3.918 | Fail: 1.505%\n"}
,{"stream_name":"stdout","time":8555.134307236,"data":"[Game 1870] Range: 2-9 | Median/Mean: 4.0 / 3.918 | Fail: 1.497%\n"}
,{"stream_name":"stdout","time":8585.414620641,"data":"[Game 1880] Range: 2-9 | Median/Mean: 4.0 / 3.920 | Fail: 1.596%\n"}
,{"stream_name":"stdout","time":8626.656310728,"data":"[Game 1890] Range: 2-9 | Median/Mean: 4.0 / 3.922 | Fail: 1.587%\n"}
,{"stream_name":"stdout","time":8664.482946289,"data":"[Game 1900] Range: 2-9 | Median/Mean: 4.0 / 3.924 | Fail: 1.579%\n"}
,{"stream_name":"stdout","time":8722.411751296,"data":"[Game 1910] Range: 2-9 | Median/Mean: 4.0 / 3.925 | Fail: 1.571%\n"}
,{"stream_name":"stdout","time":8764.860180941,"data":"[Game 1920] Range: 2-9 | Median/Mean: 4.0 / 3.924 | Fail: 1.562%\n"}
,{"stream_name":"stdout","time":8808.869091208,"data":"[Game 1930] Range: 2-9 | Median/Mean: 4.0 / 3.924 | Fail: 1.554%\n"}
,{"stream_name":"stdout","time":8852.002872506,"data":"[Game 1940] Range: 2-9 | Median/Mean: 4.0 / 3.923 | Fail: 1.546%\n"}
,{"stream_name":"stdout","time":8904.23578447,"data":"[Game 1950] Range: 2-9 | Median/Mean: 4.0 / 3.922 | Fail: 1.538%\n"}
,{"stream_name":"stdout","time":8957.055780059,"data":"[Game 1960] Range: 2-9 | Median/Mean: 4.0 / 3.923 | Fail: 1.582%\n"}
,{"stream_name":"stdout","time":8997.222735622,"data":"[Game 1970] Range: 2-9 | Median/Mean: 4.0 / 3.923 | Fail: 1.574%\n"}
,{"stream_name":"stdout","time":9047.922319688,"data":"[Game 1980] Range: 2-9 | Median/Mean: 4.0 / 3.926 | Fail: 1.566%\n"}
,{"stream_name":"stdout","time":9098.496391325,"data":"[Game 1990] Range: 2-9 | Median/Mean: 4.0 / 3.924 | Fail: 1.558%\n"}
,{"stream_name":"stdout","time":9151.702896217,"data":"[Game 2000] Range: 2-9 | Median/Mean: 4.0 / 3.924 | Fail: 1.550%\n"}
,{"stream_name":"stdout","time":9208.158691009,"data":"[Game 2010] Range: 2-9 | Median/Mean: 4.0 / 3.923 | Fail: 1.542%\n"}
,{"stream_name":"stdout","time":9246.23961456,"data":"[Game 2020] Range: 2-9 | Median/Mean: 4.0 / 3.926 | Fail: 1.584%\n"}
,{"stream_name":"stdout","time":9289.224541806,"data":"[Game 2030] Range: 2-9 | Median/Mean: 4.0 / 3.925 | Fail: 1.576%\n"}
,{"stream_name":"stdout","time":9339.897683577,"data":"[Game 2040] Range: 2-9 | Median/Mean: 4.0 / 3.925 | Fail: 1.569%\n"}
,{"stream_name":"stdout","time":9386.832765067,"data":"[Game 2050] Range: 2-9 | Median/Mean: 4.0 / 3.925 | Fail: 1.561%\n"}
,{"stream_name":"stdout","time":9425.870408403,"data":"[Game 2060] Range: 2-9 | Median/Mean: 4.0 / 3.925 | Fail: 1.553%\n"}
,{"stream_name":"stdout","time":9475.06378436,"data":"[Game 2070] Range: 2-9 | Median/Mean: 4.0 / 3.929 | Fail: 1.594%\n"}
,{"stream_name":"stdout","time":9516.207273344,"data":"[Game 2080] Range: 2-9 | Median/Mean: 4.0 / 3.931 | Fail: 1.587%\n"}
,{"stream_name":"stdout","time":9558.481929403,"data":"[Game 2090] Range: 2-9 | Median/Mean: 4.0 / 3.931 | Fail: 1.579%\n"}
,{"stream_name":"stdout","time":9606.568977466,"data":"[Game 2100] Range: 2-9 | Median/Mean: 4.0 / 3.934 | Fail: 1.619%\n"}
,{"stream_name":"stdout","time":9655.478670787,"data":"[Game 2110] Range: 2-9 | Median/Mean: 4.0 / 3.934 | Fail: 1.611%\n"}
,{"stream_name":"stdout","time":9693.898373033,"data":"[Game 2120] Range: 2-9 | Median/Mean: 4.0 / 3.934 | Fail: 1.604%\n"}
,{"stream_name":"stdout","time":9745.249677194,"data":"[Game 2130] Range: 2-9 | Median/Mean: 4.0 / 3.937 | Fail: 1.596%\n"}
,{"stream_name":"stdout","time":9796.518267059,"data":"[Game 2140] Range: 2-9 | Median/Mean: 4.0 / 3.939 | Fail: 1.636%\n"}
,{"stream_name":"stdout","time":9828.775229164,"data":"[Game 2150] Range: 2-9 | Median/Mean: 4.0 / 3.936 | Fail: 1.628%\n"}
,{"stream_name":"stdout","time":9879.834579167,"data":"[Game 2160] Range: 2-9 | Median/Mean: 4.0 / 3.935 | Fail: 1.620%\n"}
,{"stream_name":"stdout","time":9942.924339278,"data":"[Game 2170] Range: 2-9 | Median/Mean: 4.0 / 3.937 | Fail: 1.659%\n"}
,{"stream_name":"stdout","time":9984.286482746,"data":"[Game 2180] Range: 2-9 | Median/Mean: 4.0 / 3.938 | Fail: 1.651%\n"}
,{"stream_name":"stdout","time":10034.886068777,"data":"[Game 2190] Range: 2-9 | Median/Mean: 4.0 / 3.937 | Fail: 1.644%\n"}
,{"stream_name":"stdout","time":10083.674409703,"data":"[Game 2200] Range: 2-9 | Median/Mean: 4.0 / 3.937 | Fail: 1.636%\n"}
,{"stream_name":"stdout","time":10136.138212277,"data":"[Game 2210] Range: 2-9 | Median/Mean: 4.0 / 3.935 | Fail: 1.629%\n"}
,{"stream_name":"stdout","time":10195.646535803,"data":"[Game 2220] Range: 2-9 | Median/Mean: 4.0 / 3.939 | Fail: 1.622%\n"}
,{"stream_name":"stdout","time":10235.517727239,"data":"[Game 2230] Range: 2-9 | Median/Mean: 4.0 / 3.939 | Fail: 1.614%\n"}
,{"stream_name":"stdout","time":10281.439058169,"data":"[Game 2240] Range: 2-9 | Median/Mean: 4.0 / 3.938 | Fail: 1.607%\n"}
,{"stream_name":"stdout","time":10334.000055094,"data":"[Game 2250] Range: 2-9 | Median/Mean: 4.0 / 3.939 | Fail: 1.600%\n"}
,{"stream_name":"stdout","time":10384.139316736,"data":"[Game 2260] Range: 2-9 | Median/Mean: 4.0 / 3.939 | Fail: 1.637%\n"}
,{"stream_name":"stdout","time":10431.688796863,"data":"[Game 2270] Range: 2-9 | Median/Mean: 4.0 / 3.939 | Fail: 1.630%\n"}
,{"stream_name":"stdout","time":10483.493529886,"data":"[Game 2280] Range: 2-9 | Median/Mean: 4.0 / 3.941 | Fail: 1.623%\n"}
,{"stream_name":"stdout","time":10524.802623685,"data":"[Game 2290] Range: 2-9 | Median/Mean: 4.0 / 3.942 | Fail: 1.659%\n"}
,{"stream_name":"stdout","time":10572.366546588,"data":"[Game 2300] Range: 2-9 | Median/Mean: 4.0 / 3.942 | Fail: 1.652%\n"}
,{"stream_name":"stdout","time":10613.887918138,"data":"[Game 2310] Range: 2-9 | Median/Mean: 4.0 / 3.941 | Fail: 1.645%\n"}
,{"stream_name":"stdout","time":10633.796167357,"data":"Summary:\n"}
,{"stream_name":"stdout","time":10633.808753472,"data":"Distribution across steps:\n"}
,{"stream_name":"stdout","time":10633.816129091,"data":"Key Metrics:\n"}
,{"stream_name":"stderr","time":10637.7646722,"data":"/opt/conda/lib/python3.7/site-packages/traitlets/traitlets.py:2567: FutureWarning: --Exporter.preprocessors=[\"remove_papermill_header.RemovePapermillHeader\"] for containers is deprecated in traitlets 5.0. You can pass `--Exporter.preprocessors item` ... multiple times to add items to a list.\n"}
,{"stream_name":"stderr","time":10637.764708059,"data":"  FutureWarning,\n"}
,{"stream_name":"stderr","time":10637.764713425,"data":"[NbConvertApp] Converting notebook __notebook__.ipynb to notebook\n"}
,{"stream_name":"stderr","time":10638.181014381,"data":"[NbConvertApp] Writing 32960 bytes to __notebook__.ipynb\n"}
,{"stream_name":"stderr","time":10640.619272859,"data":"/opt/conda/lib/python3.7/site-packages/traitlets/traitlets.py:2567: FutureWarning: --Exporter.preprocessors=[\"nbconvert.preprocessors.ExtractOutputPreprocessor\"] for containers is deprecated in traitlets 5.0. You can pass `--Exporter.preprocessors item` ... multiple times to add items to a list.\n"}
,{"stream_name":"stderr","time":10640.619340027,"data":"  FutureWarning,\n"}
,{"stream_name":"stderr","time":10640.619348546,"data":"[NbConvertApp] Converting notebook __notebook__.ipynb to html\n"}
,{"stream_name":"stderr","time":10641.256556986,"data":"[NbConvertApp] Writing 308334 bytes to __results__.html\n"}
]