[{"stream_name":"stderr","time":12.811685951,"data":"/opt/conda/lib/python3.7/site-packages/papermill/iorw.py:50: FutureWarning: pyarrow.HadoopFileSystem is deprecated as of 2.0.0, please use pyarrow.fs.HadoopFileSystem instead.\n"}
,{"stream_name":"stderr","time":12.811759051,"data":"  from pyarrow import HadoopFileSystem\n"}
,{"stream_name":"stdout","time":14.491460248,"data":"[ ---------- ROATE ----------]\n"}
,{"stream_name":"stdout","time":60.290488505,"data":"[Game 10] Range: 3-5 | Median/Mean: 4.0 / 4.100 | Fail: 0.000%\n"}
,{"stream_name":"stdout","time":98.124617203,"data":"[Game 20] Range: 3-5 | Median/Mean: 4.0 / 3.950 | Fail: 0.000%\n"}
,{"stream_name":"stdout","time":130.307237812,"data":"[Game 30] Range: 2-5 | Median/Mean: 4.0 / 3.833 | Fail: 0.000%\n"}
,{"stream_name":"stdout","time":174.12860831,"data":"[Game 40] Range: 2-6 | Median/Mean: 4.0 / 3.950 | Fail: 0.000%\n"}
,{"stream_name":"stdout","time":215.758798285,"data":"[Game 50] Range: 2-7 | Median/Mean: 4.0 / 4.020 | Fail: 4.000%\n"}
,{"stream_name":"stdout","time":265.345131021,"data":"[Game 60] Range: 2-7 | Median/Mean: 4.0 / 4.017 | Fail: 3.333%\n"}
,{"stream_name":"stdout","time":311.699743718,"data":"[Game 70] Range: 2-7 | Median/Mean: 4.0 / 3.986 | Fail: 2.857%\n"}
,{"stream_name":"stdout","time":333.050490434,"data":"[Game 80] Range: 2-7 | Median/Mean: 4.0 / 3.862 | Fail: 2.500%\n"}
,{"stream_name":"stdout","time":368.877778156,"data":"[Game 90] Range: 2-9 | Median/Mean: 4.0 / 3.944 | Fail: 3.333%\n"}
,{"stream_name":"stdout","time":409.983057125,"data":"[Game 100] Range: 2-9 | Median/Mean: 4.0 / 3.910 | Fail: 3.000%\n"}
,{"stream_name":"stdout","time":459.151532891,"data":"[Game 110] Range: 2-9 | Median/Mean: 4.0 / 3.882 | Fail: 2.727%\n"}
,{"stream_name":"stdout","time":499.563642236,"data":"[Game 120] Range: 2-9 | Median/Mean: 4.0 / 3.900 | Fail: 3.333%\n"}
,{"stream_name":"stdout","time":544.223210322,"data":"[Game 130] Range: 2-9 | Median/Mean: 4.0 / 3.908 | Fail: 3.077%\n"}
,{"stream_name":"stdout","time":576.046750302,"data":"[Game 140] Range: 2-9 | Median/Mean: 4.0 / 3.900 | Fail: 2.857%\n"}
,{"stream_name":"stdout","time":618.953001627,"data":"[Game 150] Range: 2-9 | Median/Mean: 4.0 / 3.927 | Fail: 2.667%\n"}
,{"stream_name":"stdout","time":647.451464461,"data":"[Game 160] Range: 2-9 | Median/Mean: 4.0 / 3.900 | Fail: 2.500%\n"}
,{"stream_name":"stdout","time":685.210924107,"data":"[Game 170] Range: 2-9 | Median/Mean: 4.0 / 3.900 | Fail: 2.353%\n"}
,{"stream_name":"stdout","time":722.539933579,"data":"[Game 180] Range: 2-9 | Median/Mean: 4.0 / 3.900 | Fail: 2.222%\n"}
,{"stream_name":"stdout","time":759.632207715,"data":"[Game 190] Range: 2-9 | Median/Mean: 4.0 / 3.921 | Fail: 2.632%\n"}
,{"stream_name":"stdout","time":798.062231592,"data":"[Game 200] Range: 2-9 | Median/Mean: 4.0 / 3.900 | Fail: 2.500%\n"}
,{"stream_name":"stdout","time":847.2122004,"data":"[Game 210] Range: 2-9 | Median/Mean: 4.0 / 3.890 | Fail: 2.381%\n"}
,{"stream_name":"stdout","time":886.749693835,"data":"[Game 220] Range: 2-9 | Median/Mean: 4.0 / 3.877 | Fail: 2.273%\n"}
,{"stream_name":"stdout","time":930.008594334,"data":"[Game 230] Range: 2-9 | Median/Mean: 4.0 / 3.883 | Fail: 2.174%\n"}
,{"stream_name":"stdout","time":974.092936936,"data":"[Game 240] Range: 2-9 | Median/Mean: 4.0 / 3.896 | Fail: 2.083%\n"}
,{"stream_name":"stdout","time":1020.360743427,"data":"[Game 250] Range: 2-9 | Median/Mean: 4.0 / 3.888 | Fail: 2.000%\n"}
,{"stream_name":"stdout","time":1049.801791811,"data":"[Game 260] Range: 2-9 | Median/Mean: 4.0 / 3.892 | Fail: 1.923%\n"}
,{"stream_name":"stdout","time":1083.217991578,"data":"[Game 270] Range: 2-9 | Median/Mean: 4.0 / 3.889 | Fail: 1.852%\n"}
,{"stream_name":"stdout","time":1116.550540808,"data":"[Game 280] Range: 2-9 | Median/Mean: 4.0 / 3.879 | Fail: 1.786%\n"}
,{"stream_name":"stdout","time":1157.738849673,"data":"[Game 290] Range: 2-9 | Median/Mean: 4.0 / 3.886 | Fail: 1.724%\n"}
,{"stream_name":"stdout","time":1185.27527014,"data":"[Game 300] Range: 2-9 | Median/Mean: 4.0 / 3.880 | Fail: 1.667%\n"}
,{"stream_name":"stdout","time":1231.446200313,"data":"[Game 310] Range: 2-9 | Median/Mean: 4.0 / 3.881 | Fail: 1.613%\n"}
,{"stream_name":"stdout","time":1266.113490574,"data":"[Game 320] Range: 2-9 | Median/Mean: 4.0 / 3.872 | Fail: 1.875%\n"}
,{"stream_name":"stdout","time":1289.666290898,"data":"[Game 330] Range: 2-9 | Median/Mean: 4.0 / 3.882 | Fail: 2.121%\n"}
,{"stream_name":"stdout","time":1336.909075955,"data":"[Game 340] Range: 2-9 | Median/Mean: 4.0 / 3.885 | Fail: 2.059%\n"}
,{"stream_name":"stdout","time":1389.68762444,"data":"[Game 350] Range: 2-9 | Median/Mean: 4.0 / 3.880 | Fail: 2.000%\n"}
,{"stream_name":"stdout","time":1416.679298347,"data":"[Game 360] Range: 2-9 | Median/Mean: 4.0 / 3.883 | Fail: 2.222%\n"}
,{"stream_name":"stdout","time":1436.017689456,"data":"[Game 370] Range: 2-9 | Median/Mean: 4.0 / 3.873 | Fail: 2.162%\n"}
,{"stream_name":"stdout","time":1470.341164733,"data":"[Game 380] Range: 2-9 | Median/Mean: 4.0 / 3.874 | Fail: 2.105%\n"}
,{"stream_name":"stdout","time":1506.139282012,"data":"[Game 390] Range: 2-9 | Median/Mean: 4.0 / 3.874 | Fail: 2.308%\n"}
,{"stream_name":"stdout","time":1559.977313492,"data":"[Game 400] Range: 2-9 | Median/Mean: 4.0 / 3.888 | Fail: 2.500%\n"}
,{"stream_name":"stdout","time":1606.311884702,"data":"[Game 410] Range: 2-9 | Median/Mean: 4.0 / 3.890 | Fail: 2.439%\n"}
,{"stream_name":"stdout","time":1641.999233264,"data":"[Game 420] Range: 2-9 | Median/Mean: 4.0 / 3.871 | Fail: 2.381%\n"}
,{"stream_name":"stdout","time":1680.033451142,"data":"[Game 430] Range: 2-9 | Median/Mean: 4.0 / 3.893 | Fail: 2.558%\n"}
,{"stream_name":"stdout","time":1724.383388714,"data":"[Game 440] Range: 2-9 | Median/Mean: 4.0 / 3.909 | Fail: 2.727%\n"}
,{"stream_name":"stdout","time":1752.144074809,"data":"[Game 450] Range: 2-9 | Median/Mean: 4.0 / 3.907 | Fail: 2.667%\n"}
,{"stream_name":"stdout","time":1797.599401038,"data":"[Game 460] Range: 2-9 | Median/Mean: 4.0 / 3.909 | Fail: 2.609%\n"}
,{"stream_name":"stdout","time":1837.980005194,"data":"[Game 470] Range: 2-9 | Median/Mean: 4.0 / 3.900 | Fail: 2.553%\n"}
,{"stream_name":"stdout","time":1866.500644854,"data":"[Game 480] Range: 2-9 | Median/Mean: 4.0 / 3.898 | Fail: 2.500%\n"}
,{"stream_name":"stdout","time":1906.606265802,"data":"[Game 490] Range: 2-9 | Median/Mean: 4.0 / 3.898 | Fail: 2.449%\n"}
,{"stream_name":"stdout","time":1949.941156809,"data":"[Game 500] Range: 2-9 | Median/Mean: 4.0 / 3.896 | Fail: 2.400%\n"}
,{"stream_name":"stdout","time":1997.979142747,"data":"[Game 510] Range: 2-9 | Median/Mean: 4.0 / 3.900 | Fail: 2.353%\n"}
,{"stream_name":"stdout","time":2044.200590273,"data":"[Game 520] Range: 2-9 | Median/Mean: 4.0 / 3.898 | Fail: 2.308%\n"}
,{"stream_name":"stdout","time":2079.109734674,"data":"[Game 530] Range: 2-9 | Median/Mean: 4.0 / 3.902 | Fail: 2.264%\n"}
,{"stream_name":"stdout","time":2118.973721559,"data":"[Game 540] Range: 2-9 | Median/Mean: 4.0 / 3.906 | Fail: 2.222%\n"}
,{"stream_name":"stdout","time":2166.289034944,"data":"[Game 550] Range: 2-9 | Median/Mean: 4.0 / 3.904 | Fail: 2.182%\n"}
,{"stream_name":"stdout","time":2210.252759822,"data":"[Game 560] Range: 2-9 | Median/Mean: 4.0 / 3.914 | Fail: 2.143%\n"}
,{"stream_name":"stdout","time":2247.222895948,"data":"[Game 570] Range: 2-9 | Median/Mean: 4.0 / 3.914 | Fail: 2.105%\n"}
,{"stream_name":"stdout","time":2274.693513074,"data":"[Game 580] Range: 2-9 | Median/Mean: 4.0 / 3.916 | Fail: 2.241%\n"}
,{"stream_name":"stdout","time":2324.810367,"data":"[Game 590] Range: 2-9 | Median/Mean: 4.0 / 3.917 | Fail: 2.203%\n"}
,{"stream_name":"stdout","time":2360.705725979,"data":"[Game 600] Range: 2-9 | Median/Mean: 4.0 / 3.912 | Fail: 2.167%\n"}
,{"stream_name":"stdout","time":2392.996064777,"data":"[Game 610] Range: 2-9 | Median/Mean: 4.0 / 3.911 | Fail: 2.131%\n"}
,{"stream_name":"stdout","time":2437.201709804,"data":"[Game 620] Range: 2-9 | Median/Mean: 4.0 / 3.902 | Fail: 2.097%\n"}
,{"stream_name":"stdout","time":2481.961857999,"data":"[Game 630] Range: 2-9 | Median/Mean: 4.0 / 3.898 | Fail: 2.063%\n"}
,{"stream_name":"stdout","time":2533.49854266,"data":"[Game 640] Range: 2-9 | Median/Mean: 4.0 / 3.908 | Fail: 2.031%\n"}
,{"stream_name":"stdout","time":2575.067509112,"data":"[Game 650] Range: 2-9 | Median/Mean: 4.0 / 3.918 | Fail: 2.000%\n"}
,{"stream_name":"stdout","time":2619.073877514,"data":"[Game 660] Range: 2-9 | Median/Mean: 4.0 / 3.918 | Fail: 1.970%\n"}
,{"stream_name":"stdout","time":2670.656129285,"data":"[Game 670] Range: 2-9 | Median/Mean: 4.0 / 3.921 | Fail: 1.940%\n"}
,{"stream_name":"stdout","time":2720.897668307,"data":"[Game 680] Range: 2-9 | Median/Mean: 4.0 / 3.921 | Fail: 1.912%\n"}
,{"stream_name":"stdout","time":2755.237442622,"data":"[Game 690] Range: 2-9 | Median/Mean: 4.0 / 3.916 | Fail: 1.884%\n"}
,{"stream_name":"stdout","time":2791.663225722,"data":"[Game 700] Range: 2-9 | Median/Mean: 4.0 / 3.910 | Fail: 1.857%\n"}
,{"stream_name":"stdout","time":2823.481503288,"data":"[Game 710] Range: 2-9 | Median/Mean: 4.0 / 3.913 | Fail: 1.831%\n"}
,{"stream_name":"stdout","time":2877.568821975,"data":"[Game 720] Range: 2-9 | Median/Mean: 4.0 / 3.908 | Fail: 1.806%\n"}
,{"stream_name":"stdout","time":2921.203035745,"data":"[Game 730] Range: 2-9 | Median/Mean: 4.0 / 3.915 | Fail: 1.918%\n"}
,{"stream_name":"stdout","time":2970.49125839,"data":"[Game 740] Range: 2-9 | Median/Mean: 4.0 / 3.916 | Fail: 1.892%\n"}
,{"stream_name":"stdout","time":3018.522100342,"data":"[Game 750] Range: 2-9 | Median/Mean: 4.0 / 3.913 | Fail: 1.867%\n"}
,{"stream_name":"stdout","time":3067.879172526,"data":"[Game 760] Range: 2-9 | Median/Mean: 4.0 / 3.916 | Fail: 1.842%\n"}
,{"stream_name":"stdout","time":3110.991158812,"data":"[Game 770] Range: 2-9 | Median/Mean: 4.0 / 3.906 | Fail: 1.818%\n"}
,{"stream_name":"stdout","time":3150.991037763,"data":"[Game 780] Range: 2-9 | Median/Mean: 4.0 / 3.908 | Fail: 1.795%\n"}
,{"stream_name":"stdout","time":3190.265682397,"data":"[Game 790] Range: 2-9 | Median/Mean: 4.0 / 3.905 | Fail: 1.772%\n"}
,{"stream_name":"stdout","time":3229.642563327,"data":"[Game 800] Range: 2-9 | Median/Mean: 4.0 / 3.904 | Fail: 1.750%\n"}
,{"stream_name":"stdout","time":3268.864906604,"data":"[Game 810] Range: 2-9 | Median/Mean: 4.0 / 3.902 | Fail: 1.728%\n"}
,{"stream_name":"stdout","time":3312.904604028,"data":"[Game 820] Range: 2-9 | Median/Mean: 4.0 / 3.898 | Fail: 1.707%\n"}
,{"stream_name":"stdout","time":3368.568751019,"data":"[Game 830] Range: 2-9 | Median/Mean: 4.0 / 3.902 | Fail: 1.687%\n"}
,{"stream_name":"stdout","time":3409.253335321,"data":"[Game 840] Range: 2-9 | Median/Mean: 4.0 / 3.898 | Fail: 1.667%\n"}
,{"stream_name":"stdout","time":3441.43733147,"data":"[Game 850] Range: 2-9 | Median/Mean: 4.0 / 3.895 | Fail: 1.647%\n"}
,{"stream_name":"stdout","time":3498.43393978,"data":"[Game 860] Range: 2-9 | Median/Mean: 4.0 / 3.897 | Fail: 1.744%\n"}
,{"stream_name":"stdout","time":3540.159378482,"data":"[Game 870] Range: 2-9 | Median/Mean: 4.0 / 3.900 | Fail: 1.724%\n"}
,{"stream_name":"stdout","time":3571.408908093,"data":"[Game 880] Range: 2-9 | Median/Mean: 4.0 / 3.898 | Fail: 1.705%\n"}
,{"stream_name":"stdout","time":3610.501104997,"data":"[Game 890] Range: 2-9 | Median/Mean: 4.0 / 3.896 | Fail: 1.685%\n"}
,{"stream_name":"stdout","time":3638.314478906,"data":"[Game 900] Range: 2-9 | Median/Mean: 4.0 / 3.890 | Fail: 1.667%\n"}
,{"stream_name":"stdout","time":3679.27467749,"data":"[Game 910] Range: 2-9 | Median/Mean: 4.0 / 3.897 | Fail: 1.868%\n"}
,{"stream_name":"stdout","time":3724.646116981,"data":"[Game 920] Range: 2-9 | Median/Mean: 4.0 / 3.899 | Fail: 1.957%\n"}
,{"stream_name":"stdout","time":3772.425941241,"data":"[Game 930] Range: 2-9 | Median/Mean: 4.0 / 3.903 | Fail: 1.935%\n"}
,{"stream_name":"stdout","time":3817.239543397,"data":"[Game 940] Range: 2-9 | Median/Mean: 4.0 / 3.904 | Fail: 1.915%\n"}
,{"stream_name":"stdout","time":3871.895201548,"data":"[Game 950] Range: 2-9 | Median/Mean: 4.0 / 3.905 | Fail: 1.895%\n"}
,{"stream_name":"stdout","time":3904.168749722,"data":"[Game 960] Range: 2-9 | Median/Mean: 4.0 / 3.902 | Fail: 1.875%\n"}
,{"stream_name":"stdout","time":3955.730885825,"data":"[Game 970] Range: 2-9 | Median/Mean: 4.0 / 3.905 | Fail: 1.959%\n"}
,{"stream_name":"stdout","time":4006.234047565,"data":"[Game 980] Range: 2-9 | Median/Mean: 4.0 / 3.906 | Fail: 1.939%\n"}
,{"stream_name":"stdout","time":4047.51585102,"data":"[Game 990] Range: 2-9 | Median/Mean: 4.0 / 3.899 | Fail: 1.919%\n"}
,{"stream_name":"stdout","time":4082.13637137,"data":"[Game 1000] Range: 2-9 | Median/Mean: 4.0 / 3.900 | Fail: 1.900%\n"}
,{"stream_name":"stdout","time":4120.143884029,"data":"[Game 1010] Range: 2-9 | Median/Mean: 4.0 / 3.900 | Fail: 1.881%\n"}
,{"stream_name":"stdout","time":4173.632817209,"data":"[Game 1020] Range: 2-9 | Median/Mean: 4.0 / 3.895 | Fail: 1.863%\n"}
,{"stream_name":"stdout","time":4213.333120645,"data":"[Game 1030] Range: 2-9 | Median/Mean: 4.0 / 3.897 | Fail: 1.845%\n"}
,{"stream_name":"stdout","time":4262.734315966,"data":"[Game 1040] Range: 2-9 | Median/Mean: 4.0 / 3.897 | Fail: 1.827%\n"}
,{"stream_name":"stdout","time":4305.709106133,"data":"[Game 1050] Range: 2-9 | Median/Mean: 4.0 / 3.895 | Fail: 1.810%\n"}
,{"stream_name":"stdout","time":4354.118583335,"data":"[Game 1060] Range: 2-9 | Median/Mean: 4.0 / 3.899 | Fail: 1.792%\n"}
,{"stream_name":"stdout","time":4392.962394162,"data":"[Game 1070] Range: 2-9 | Median/Mean: 4.0 / 3.900 | Fail: 1.869%\n"}
,{"stream_name":"stdout","time":4439.462813975,"data":"[Game 1080] Range: 2-9 | Median/Mean: 4.0 / 3.899 | Fail: 1.944%\n"}
,{"stream_name":"stdout","time":4485.99434827,"data":"[Game 1090] Range: 2-9 | Median/Mean: 4.0 / 3.905 | Fail: 2.018%\n"}
,{"stream_name":"stdout","time":4531.326677927,"data":"[Game 1100] Range: 2-9 | Median/Mean: 4.0 / 3.903 | Fail: 2.000%\n"}
,{"stream_name":"stdout","time":4556.306218612,"data":"[Game 1110] Range: 2-9 | Median/Mean: 4.0 / 3.900 | Fail: 1.982%\n"}
,{"stream_name":"stdout","time":4602.401136121,"data":"[Game 1120] Range: 2-9 | Median/Mean: 4.0 / 3.897 | Fail: 1.964%\n"}
,{"stream_name":"stdout","time":4647.239685544,"data":"[Game 1130] Range: 2-9 | Median/Mean: 4.0 / 3.896 | Fail: 1.947%\n"}
,{"stream_name":"stdout","time":4686.563982927,"data":"[Game 1140] Range: 2-9 | Median/Mean: 4.0 / 3.896 | Fail: 1.930%\n"}
,{"stream_name":"stdout","time":4717.643487288,"data":"[Game 1150] Range: 2-9 | Median/Mean: 4.0 / 3.899 | Fail: 1.913%\n"}
,{"stream_name":"stdout","time":4751.079050956,"data":"[Game 1160] Range: 2-9 | Median/Mean: 4.0 / 3.900 | Fail: 1.897%\n"}
,{"stream_name":"stdout","time":4792.67265304,"data":"[Game 1170] Range: 2-9 | Median/Mean: 4.0 / 3.898 | Fail: 1.880%\n"}
,{"stream_name":"stdout","time":4822.354991286,"data":"[Game 1180] Range: 2-9 | Median/Mean: 4.0 / 3.896 | Fail: 1.864%\n"}
,{"stream_name":"stdout","time":4862.509395067,"data":"[Game 1190] Range: 2-9 | Median/Mean: 4.0 / 3.894 | Fail: 1.849%\n"}
,{"stream_name":"stdout","time":4895.492435478,"data":"[Game 1200] Range: 2-9 | Median/Mean: 4.0 / 3.887 | Fail: 1.833%\n"}
,{"stream_name":"stdout","time":4943.189662704,"data":"[Game 1210] Range: 2-9 | Median/Mean: 4.0 / 3.886 | Fail: 1.818%\n"}
,{"stream_name":"stdout","time":4982.967534308,"data":"[Game 1220] Range: 2-9 | Median/Mean: 4.0 / 3.889 | Fail: 1.803%\n"}
,{"stream_name":"stdout","time":5016.1936437,"data":"[Game 1230] Range: 2-9 | Median/Mean: 4.0 / 3.891 | Fail: 1.789%\n"}
,{"stream_name":"stdout","time":5058.486572442,"data":"[Game 1240] Range: 2-9 | Median/Mean: 4.0 / 3.890 | Fail: 1.774%\n"}
,{"stream_name":"stdout","time":5099.105157683,"data":"[Game 1250] Range: 2-9 | Median/Mean: 4.0 / 3.886 | Fail: 1.760%\n"}
,{"stream_name":"stdout","time":5144.462976456,"data":"[Game 1260] Range: 2-9 | Median/Mean: 4.0 / 3.889 | Fail: 1.825%\n"}
,{"stream_name":"stdout","time":5182.290907371,"data":"[Game 1270] Range: 2-9 | Median/Mean: 4.0 / 3.888 | Fail: 1.811%\n"}
,{"stream_name":"stdout","time":5218.269410356,"data":"[Game 1280] Range: 2-9 | Median/Mean: 4.0 / 3.889 | Fail: 1.797%\n"}
,{"stream_name":"stdout","time":5252.149632425,"data":"[Game 1290] Range: 2-9 | Median/Mean: 4.0 / 3.889 | Fail: 1.860%\n"}
,{"stream_name":"stdout","time":5285.687091411,"data":"[Game 1300] Range: 2-9 | Median/Mean: 4.0 / 3.885 | Fail: 1.846%\n"}
,{"stream_name":"stdout","time":5319.19528024,"data":"[Game 1310] Range: 2-9 | Median/Mean: 4.0 / 3.886 | Fail: 1.832%\n"}
,{"stream_name":"stdout","time":5370.747914231,"data":"[Game 1320] Range: 2-9 | Median/Mean: 4.0 / 3.886 | Fail: 1.818%\n"}
,{"stream_name":"stdout","time":5415.790689248,"data":"[Game 1330] Range: 2-9 | Median/Mean: 4.0 / 3.884 | Fail: 1.805%\n"}
,{"stream_name":"stdout","time":5470.004299402,"data":"[Game 1340] Range: 2-9 | Median/Mean: 4.0 / 3.890 | Fail: 1.791%\n"}
,{"stream_name":"stdout","time":5505.109619456,"data":"[Game 1350] Range: 2-9 | Median/Mean: 4.0 / 3.890 | Fail: 1.778%\n"}
,{"stream_name":"stdout","time":5551.811902138,"data":"[Game 1360] Range: 2-9 | Median/Mean: 4.0 / 3.890 | Fail: 1.765%\n"}
,{"stream_name":"stdout","time":5595.860722341,"data":"[Game 1370] Range: 2-9 | Median/Mean: 4.0 / 3.892 | Fail: 1.752%\n"}
,{"stream_name":"stdout","time":5636.081085628,"data":"[Game 1380] Range: 2-9 | Median/Mean: 4.0 / 3.893 | Fail: 1.812%\n"}
,{"stream_name":"stdout","time":5685.40468761,"data":"[Game 1390] Range: 2-9 | Median/Mean: 4.0 / 3.893 | Fail: 1.799%\n"}
,{"stream_name":"stdout","time":5723.134387928,"data":"[Game 1400] Range: 2-9 | Median/Mean: 4.0 / 3.893 | Fail: 1.786%\n"}
,{"stream_name":"stdout","time":5766.624065916,"data":"[Game 1410] Range: 2-9 | Median/Mean: 4.0 / 3.895 | Fail: 1.773%\n"}
,{"stream_name":"stdout","time":5807.479309247,"data":"[Game 1420] Range: 2-9 | Median/Mean: 4.0 / 3.895 | Fail: 1.761%\n"}
,{"stream_name":"stdout","time":5849.329257822,"data":"[Game 1430] Range: 2-9 | Median/Mean: 4.0 / 3.892 | Fail: 1.748%\n"}
,{"stream_name":"stdout","time":5904.098522785,"data":"[Game 1440] Range: 2-9 | Median/Mean: 4.0 / 3.898 | Fail: 1.875%\n"}
,{"stream_name":"stdout","time":5943.637302582,"data":"[Game 1450] Range: 2-9 | Median/Mean: 4.0 / 3.899 | Fail: 1.931%\n"}
,{"stream_name":"stdout","time":5980.471539754,"data":"[Game 1460] Range: 2-9 | Median/Mean: 4.0 / 3.901 | Fail: 1.918%\n"}
,{"stream_name":"stdout","time":6019.900313347,"data":"[Game 1470] Range: 2-9 | Median/Mean: 4.0 / 3.899 | Fail: 1.905%\n"}
,{"stream_name":"stdout","time":6073.894431705,"data":"[Game 1480] Range: 2-9 | Median/Mean: 4.0 / 3.899 | Fail: 1.892%\n"}
,{"stream_name":"stdout","time":6115.224901911,"data":"[Game 1490] Range: 2-9 | Median/Mean: 4.0 / 3.899 | Fail: 1.879%\n"}
,{"stream_name":"stdout","time":6154.246934043,"data":"[Game 1500] Range: 2-9 | Median/Mean: 4.0 / 3.897 | Fail: 1.867%\n"}
,{"stream_name":"stdout","time":6199.626498871,"data":"[Game 1510] Range: 2-9 | Median/Mean: 4.0 / 3.896 | Fail: 1.854%\n"}
,{"stream_name":"stdout","time":6223.700986838,"data":"[Game 1520] Range: 2-9 | Median/Mean: 4.0 / 3.895 | Fail: 1.842%\n"}
,{"stream_name":"stdout","time":6275.458553111,"data":"[Game 1530] Range: 2-9 | Median/Mean: 4.0 / 3.895 | Fail: 1.830%\n"}
,{"stream_name":"stdout","time":6316.79526167,"data":"[Game 1540] Range: 2-9 | Median/Mean: 4.0 / 3.895 | Fail: 1.818%\n"}
,{"stream_name":"stdout","time":6367.477652084,"data":"[Game 1550] Range: 2-9 | Median/Mean: 4.0 / 3.896 | Fail: 1.806%\n"}
,{"stream_name":"stdout","time":6404.739131385,"data":"[Game 1560] Range: 2-9 | Median/Mean: 4.0 / 3.896 | Fail: 1.795%\n"}
,{"stream_name":"stdout","time":6447.212436878,"data":"[Game 1570] Range: 2-9 | Median/Mean: 4.0 / 3.897 | Fail: 1.783%\n"}
,{"stream_name":"stdout","time":6482.124159197,"data":"[Game 1580] Range: 2-9 | Median/Mean: 4.0 / 3.895 | Fail: 1.772%\n"}
,{"stream_name":"stdout","time":6526.815455387,"data":"[Game 1590] Range: 2-9 | Median/Mean: 4.0 / 3.894 | Fail: 1.761%\n"}
,{"stream_name":"stdout","time":6570.451223481,"data":"[Game 1600] Range: 2-9 | Median/Mean: 4.0 / 3.893 | Fail: 1.750%\n"}
,{"stream_name":"stdout","time":6622.934364788,"data":"[Game 1610] Range: 2-9 | Median/Mean: 4.0 / 3.895 | Fail: 1.801%\n"}
,{"stream_name":"stdout","time":6659.277172374,"data":"[Game 1620] Range: 2-9 | Median/Mean: 4.0 / 3.894 | Fail: 1.790%\n"}
,{"stream_name":"stdout","time":6696.438315098,"data":"[Game 1630] Range: 2-9 | Median/Mean: 4.0 / 3.896 | Fail: 1.779%\n"}
,{"stream_name":"stdout","time":6740.146210572,"data":"[Game 1640] Range: 2-9 | Median/Mean: 4.0 / 3.894 | Fail: 1.768%\n"}
,{"stream_name":"stdout","time":6773.385554605,"data":"[Game 1650] Range: 2-9 | Median/Mean: 4.0 / 3.894 | Fail: 1.758%\n"}
,{"stream_name":"stdout","time":6817.453704099,"data":"[Game 1660] Range: 2-9 | Median/Mean: 4.0 / 3.896 | Fail: 1.747%\n"}
,{"stream_name":"stdout","time":6874.134731676,"data":"[Game 1670] Range: 2-9 | Median/Mean: 4.0 / 3.899 | Fail: 1.737%\n"}
,{"stream_name":"stdout","time":6915.683156696,"data":"[Game 1680] Range: 2-9 | Median/Mean: 4.0 / 3.899 | Fail: 1.726%\n"}
,{"stream_name":"stdout","time":6956.481566952,"data":"[Game 1690] Range: 2-9 | Median/Mean: 4.0 / 3.897 | Fail: 1.716%\n"}
,{"stream_name":"stdout","time":6990.401409696,"data":"[Game 1700] Range: 2-9 | Median/Mean: 4.0 / 3.898 | Fail: 1.706%\n"}
,{"stream_name":"stdout","time":7039.740392296,"data":"[Game 1710] Range: 2-9 | Median/Mean: 4.0 / 3.896 | Fail: 1.696%\n"}
,{"stream_name":"stdout","time":7079.157806604,"data":"[Game 1720] Range: 2-9 | Median/Mean: 4.0 / 3.895 | Fail: 1.686%\n"}
,{"stream_name":"stdout","time":7134.72822821,"data":"[Game 1730] Range: 2-9 | Median/Mean: 4.0 / 3.895 | Fail: 1.676%\n"}
,{"stream_name":"stdout","time":7187.361131751,"data":"[Game 1740] Range: 2-9 | Median/Mean: 4.0 / 3.896 | Fail: 1.667%\n"}
,{"stream_name":"stdout","time":7236.110905335,"data":"[Game 1750] Range: 2-9 | Median/Mean: 4.0 / 3.896 | Fail: 1.657%\n"}
,{"stream_name":"stdout","time":7278.966461394,"data":"[Game 1760] Range: 2-9 | Median/Mean: 4.0 / 3.896 | Fail: 1.648%\n"}
,{"stream_name":"stdout","time":7307.448057039,"data":"[Game 1770] Range: 2-9 | Median/Mean: 4.0 / 3.894 | Fail: 1.638%\n"}
,{"stream_name":"stdout","time":7338.171073278,"data":"[Game 1780] Range: 2-9 | Median/Mean: 4.0 / 3.891 | Fail: 1.629%\n"}
,{"stream_name":"stdout","time":7372.247922658,"data":"[Game 1790] Range: 2-9 | Median/Mean: 4.0 / 3.891 | Fail: 1.620%\n"}
,{"stream_name":"stdout","time":7420.999819274,"data":"[Game 1800] Range: 2-9 | Median/Mean: 4.0 / 3.892 | Fail: 1.611%\n"}
,{"stream_name":"stdout","time":7451.83422029,"data":"[Game 1810] Range: 2-9 | Median/Mean: 4.0 / 3.891 | Fail: 1.602%\n"}
,{"stream_name":"stdout","time":7496.938955138,"data":"[Game 1820] Range: 2-9 | Median/Mean: 4.0 / 3.894 | Fail: 1.593%\n"}
,{"stream_name":"stdout","time":7535.53994732,"data":"[Game 1830] Range: 2-9 | Median/Mean: 4.0 / 3.896 | Fail: 1.585%\n"}
,{"stream_name":"stdout","time":7570.252777024,"data":"[Game 1840] Range: 2-9 | Median/Mean: 4.0 / 3.892 | Fail: 1.576%\n"}
,{"stream_name":"stdout","time":7602.217775809,"data":"[Game 1850] Range: 2-9 | Median/Mean: 4.0 / 3.892 | Fail: 1.568%\n"}
,{"stream_name":"stdout","time":7640.310976178,"data":"[Game 1860] Range: 2-9 | Median/Mean: 4.0 / 3.893 | Fail: 1.613%\n"}
,{"stream_name":"stdout","time":7673.369619107,"data":"[Game 1870] Range: 2-9 | Median/Mean: 4.0 / 3.888 | Fail: 1.604%\n"}
,{"stream_name":"stdout","time":7708.987949031,"data":"[Game 1880] Range: 2-9 | Median/Mean: 4.0 / 3.891 | Fail: 1.702%\n"}
,{"stream_name":"stdout","time":7756.36261311,"data":"[Game 1890] Range: 2-9 | Median/Mean: 4.0 / 3.892 | Fail: 1.693%\n"}
,{"stream_name":"stdout","time":7789.403516103,"data":"[Game 1900] Range: 2-9 | Median/Mean: 4.0 / 3.894 | Fail: 1.684%\n"}
,{"stream_name":"stdout","time":7829.632639836,"data":"[Game 1910] Range: 2-9 | Median/Mean: 4.0 / 3.893 | Fail: 1.675%\n"}
,{"stream_name":"stdout","time":7866.584090961,"data":"[Game 1920] Range: 2-9 | Median/Mean: 4.0 / 3.893 | Fail: 1.667%\n"}
,{"stream_name":"stdout","time":7906.415589484,"data":"[Game 1930] Range: 2-9 | Median/Mean: 4.0 / 3.894 | Fail: 1.658%\n"}
,{"stream_name":"stdout","time":7933.772723353,"data":"[Game 1940] Range: 2-9 | Median/Mean: 4.0 / 3.894 | Fail: 1.649%\n"}
,{"stream_name":"stdout","time":7979.407462792,"data":"[Game 1950] Range: 2-9 | Median/Mean: 4.0 / 3.895 | Fail: 1.692%\n"}
,{"stream_name":"stdout","time":8022.854807051,"data":"[Game 1960] Range: 2-9 | Median/Mean: 4.0 / 3.894 | Fail: 1.684%\n"}
,{"stream_name":"stdout","time":8074.507576533,"data":"[Game 1970] Range: 2-9 | Median/Mean: 4.0 / 3.896 | Fail: 1.675%\n"}
,{"stream_name":"stdout","time":8124.609544312,"data":"[Game 1980] Range: 2-9 | Median/Mean: 4.0 / 3.899 | Fail: 1.667%\n"}
,{"stream_name":"stdout","time":8159.080367631,"data":"[Game 1990] Range: 2-9 | Median/Mean: 4.0 / 3.899 | Fail: 1.658%\n"}
,{"stream_name":"stdout","time":8184.173868889,"data":"[Game 2000] Range: 2-9 | Median/Mean: 4.0 / 3.896 | Fail: 1.650%\n"}
,{"stream_name":"stdout","time":8234.895493031,"data":"[Game 2010] Range: 2-9 | Median/Mean: 4.0 / 3.897 | Fail: 1.642%\n"}
,{"stream_name":"stdout","time":8280.127367532,"data":"[Game 2020] Range: 2-9 | Median/Mean: 4.0 / 3.898 | Fail: 1.634%\n"}
,{"stream_name":"stdout","time":8324.183808486,"data":"[Game 2030] Range: 2-9 | Median/Mean: 4.0 / 3.897 | Fail: 1.626%\n"}
,{"stream_name":"stdout","time":8352.138757388,"data":"[Game 2040] Range: 2-9 | Median/Mean: 4.0 / 3.896 | Fail: 1.618%\n"}
,{"stream_name":"stdout","time":8405.882793653,"data":"[Game 2050] Range: 2-9 | Median/Mean: 4.0 / 3.893 | Fail: 1.610%\n"}
,{"stream_name":"stdout","time":8451.205233497,"data":"[Game 2060] Range: 2-9 | Median/Mean: 4.0 / 3.891 | Fail: 1.602%\n"}
,{"stream_name":"stdout","time":8486.082280474,"data":"[Game 2070] Range: 2-9 | Median/Mean: 4.0 / 3.894 | Fail: 1.643%\n"}
,{"stream_name":"stdout","time":8537.481964693,"data":"[Game 2080] Range: 2-9 | Median/Mean: 4.0 / 3.895 | Fail: 1.683%\n"}
,{"stream_name":"stdout","time":8575.003243845,"data":"[Game 2090] Range: 2-9 | Median/Mean: 4.0 / 3.894 | Fail: 1.675%\n"}
,{"stream_name":"stdout","time":8610.075246488,"data":"[Game 2100] Range: 2-9 | Median/Mean: 4.0 / 3.897 | Fail: 1.667%\n"}
,{"stream_name":"stdout","time":8641.964794679,"data":"[Game 2110] Range: 2-9 | Median/Mean: 4.0 / 3.892 | Fail: 1.659%\n"}
,{"stream_name":"stdout","time":8693.041001332,"data":"[Game 2120] Range: 2-9 | Median/Mean: 4.0 / 3.894 | Fail: 1.745%\n"}
,{"stream_name":"stdout","time":8744.453209809,"data":"[Game 2130] Range: 2-9 | Median/Mean: 4.0 / 3.897 | Fail: 1.737%\n"}
,{"stream_name":"stdout","time":8786.172265156,"data":"[Game 2140] Range: 2-9 | Median/Mean: 4.0 / 3.899 | Fail: 1.776%\n"}
,{"stream_name":"stdout","time":8832.894861604,"data":"[Game 2150] Range: 2-9 | Median/Mean: 4.0 / 3.900 | Fail: 1.814%\n"}
,{"stream_name":"stdout","time":8872.340094784,"data":"[Game 2160] Range: 2-9 | Median/Mean: 4.0 / 3.901 | Fail: 1.806%\n"}
,{"stream_name":"stdout","time":8917.021084452,"data":"[Game 2170] Range: 2-9 | Median/Mean: 4.0 / 3.903 | Fail: 1.843%\n"}
,{"stream_name":"stdout","time":8962.553186023,"data":"[Game 2180] Range: 2-9 | Median/Mean: 4.0 / 3.901 | Fail: 1.835%\n"}
,{"stream_name":"stdout","time":8993.751454067,"data":"[Game 2190] Range: 2-9 | Median/Mean: 4.0 / 3.900 | Fail: 1.826%\n"}
,{"stream_name":"stdout","time":9039.248869297,"data":"[Game 2200] Range: 2-9 | Median/Mean: 4.0 / 3.899 | Fail: 1.818%\n"}
,{"stream_name":"stdout","time":9092.949765667,"data":"[Game 2210] Range: 2-9 | Median/Mean: 4.0 / 3.900 | Fail: 1.810%\n"}
,{"stream_name":"stdout","time":9128.833066482,"data":"[Game 2220] Range: 2-9 | Median/Mean: 4.0 / 3.900 | Fail: 1.847%\n"}
,{"stream_name":"stdout","time":9170.375487606,"data":"[Game 2230] Range: 2-9 | Median/Mean: 4.0 / 3.902 | Fail: 1.883%\n"}
,{"stream_name":"stdout","time":9216.419720369,"data":"[Game 2240] Range: 2-9 | Median/Mean: 4.0 / 3.904 | Fail: 1.875%\n"}
,{"stream_name":"stdout","time":9264.73190732,"data":"[Game 2250] Range: 2-9 | Median/Mean: 4.0 / 3.906 | Fail: 1.867%\n"}
,{"stream_name":"stdout","time":9311.167311511,"data":"[Game 2260] Range: 2-9 | Median/Mean: 4.0 / 3.908 | Fail: 1.947%\n"}
,{"stream_name":"stdout","time":9352.765404845,"data":"[Game 2270] Range: 2-9 | Median/Mean: 4.0 / 3.908 | Fail: 1.938%\n"}
,{"stream_name":"stdout","time":9382.686359421,"data":"[Game 2280] Range: 2-9 | Median/Mean: 4.0 / 3.907 | Fail: 1.930%\n"}
,{"stream_name":"stdout","time":9421.880667786,"data":"[Game 2290] Range: 2-9 | Median/Mean: 4.0 / 3.907 | Fail: 1.965%\n"}
,{"stream_name":"stdout","time":9460.8441448,"data":"[Game 2300] Range: 2-9 | Median/Mean: 4.0 / 3.906 | Fail: 1.957%\n"}
,{"stream_name":"stdout","time":9482.794469086,"data":"[Game 2310] Range: 2-9 | Median/Mean: 4.0 / 3.905 | Fail: 1.948%\n"}
,{"stream_name":"stdout","time":9493.20074067,"data":"Summary:\n"}
,{"stream_name":"stdout","time":9493.211617061,"data":"Distribution across steps:\n"}
,{"stream_name":"stdout","time":9493.219765,"data":"Key Metrics:\n"}
,{"stream_name":"stderr","time":9497.181375528,"data":"/opt/conda/lib/python3.7/site-packages/traitlets/traitlets.py:2567: FutureWarning: --Exporter.preprocessors=[\"remove_papermill_header.RemovePapermillHeader\"] for containers is deprecated in traitlets 5.0. You can pass `--Exporter.preprocessors item` ... multiple times to add items to a list.\n"}
,{"stream_name":"stderr","time":9497.181483722,"data":"  FutureWarning,\n"}
,{"stream_name":"stderr","time":9497.181511535,"data":"[NbConvertApp] Converting notebook __notebook__.ipynb to notebook\n"}
,{"stream_name":"stderr","time":9497.590786258,"data":"[NbConvertApp] Writing 32963 bytes to __notebook__.ipynb\n"}
,{"stream_name":"stderr","time":9500.013880946,"data":"/opt/conda/lib/python3.7/site-packages/traitlets/traitlets.py:2567: FutureWarning: --Exporter.preprocessors=[\"nbconvert.preprocessors.ExtractOutputPreprocessor\"] for containers is deprecated in traitlets 5.0. You can pass `--Exporter.preprocessors item` ... multiple times to add items to a list.\n"}
,{"stream_name":"stderr","time":9500.013942426,"data":"  FutureWarning,\n"}
,{"stream_name":"stderr","time":9500.013950186,"data":"[NbConvertApp] Converting notebook __notebook__.ipynb to html\n"}
,{"stream_name":"stderr","time":9500.664154721,"data":"[NbConvertApp] Writing 308334 bytes to __results__.html\n"}
]