[{"stream_name":"stderr","time":11.070531255,"data":"/opt/conda/lib/python3.7/site-packages/papermill/iorw.py:50: FutureWarning: pyarrow.HadoopFileSystem is deprecated as of 2.0.0, please use pyarrow.fs.HadoopFileSystem instead.\n"}
,{"stream_name":"stderr","time":11.070645865,"data":"  from pyarrow import HadoopFileSystem\n"}
,{"stream_name":"stdout","time":12.328966816,"data":"[ ---------- SOARE ----------]\n"}
,{"stream_name":"stdout","time":46.417003247,"data":"[Game 10] Range: 2-6 | Median/Mean: 4.0 / 3.900 | Fail: 0.000%\n"}
,{"stream_name":"stdout","time":74.500865397,"data":"[Game 20] Range: 2-6 | Median/Mean: 4.0 / 3.650 | Fail: 0.000%\n"}
,{"stream_name":"stdout","time":98.356188863,"data":"[Game 30] Range: 2-6 | Median/Mean: 4.0 / 3.733 | Fail: 0.000%\n"}
,{"stream_name":"stdout","time":136.038753391,"data":"[Game 40] Range: 2-6 | Median/Mean: 4.0 / 3.925 | Fail: 0.000%\n"}
,{"stream_name":"stdout","time":167.060265052,"data":"[Game 50] Range: 2-6 | Median/Mean: 4.0 / 3.960 | Fail: 0.000%\n"}
,{"stream_name":"stdout","time":197.258362871,"data":"[Game 60] Range: 2-6 | Median/Mean: 4.0 / 3.917 | Fail: 0.000%\n"}
,{"stream_name":"stdout","time":224.911432159,"data":"[Game 70] Range: 2-6 | Median/Mean: 4.0 / 3.957 | Fail: 0.000%\n"}
,{"stream_name":"stdout","time":247.375769098,"data":"[Game 80] Range: 2-6 | Median/Mean: 4.0 / 3.862 | Fail: 0.000%\n"}
,{"stream_name":"stdout","time":269.40746823,"data":"[Game 90] Range: 2-9 | Median/Mean: 4.0 / 3.967 | Fail: 1.111%\n"}
,{"stream_name":"stdout","time":304.676960423,"data":"[Game 100] Range: 2-9 | Median/Mean: 4.0 / 3.940 | Fail: 1.000%\n"}
,{"stream_name":"stdout","time":326.363132827,"data":"[Game 110] Range: 2-9 | Median/Mean: 4.0 / 3.927 | Fail: 0.909%\n"}
,{"stream_name":"stdout","time":362.553058303,"data":"[Game 120] Range: 2-9 | Median/Mean: 4.0 / 3.958 | Fail: 1.667%\n"}
,{"stream_name":"stdout","time":399.380176505,"data":"[Game 130] Range: 2-9 | Median/Mean: 4.0 / 3.985 | Fail: 2.308%\n"}
,{"stream_name":"stdout","time":427.333098803,"data":"[Game 140] Range: 2-9 | Median/Mean: 4.0 / 4.014 | Fail: 2.143%\n"}
,{"stream_name":"stdout","time":460.387601837,"data":"[Game 150] Range: 2-9 | Median/Mean: 4.0 / 4.000 | Fail: 2.667%\n"}
,{"stream_name":"stdout","time":484.197870708,"data":"[Game 160] Range: 2-9 | Median/Mean: 4.0 / 3.987 | Fail: 2.500%\n"}
,{"stream_name":"stdout","time":507.145259377,"data":"[Game 170] Range: 2-9 | Median/Mean: 4.0 / 3.959 | Fail: 2.353%\n"}
,{"stream_name":"stdout","time":535.956623201,"data":"[Game 180] Range: 2-9 | Median/Mean: 4.0 / 3.933 | Fail: 2.222%\n"}
,{"stream_name":"stdout","time":562.943586051,"data":"[Game 190] Range: 2-9 | Median/Mean: 4.0 / 3.958 | Fail: 2.105%\n"}
,{"stream_name":"stdout","time":581.23424419,"data":"[Game 200] Range: 2-9 | Median/Mean: 4.0 / 3.920 | Fail: 2.000%\n"}
,{"stream_name":"stdout","time":615.384352135,"data":"[Game 210] Range: 2-9 | Median/Mean: 4.0 / 3.924 | Fail: 1.905%\n"}
,{"stream_name":"stdout","time":649.55610828,"data":"[Game 220] Range: 2-9 | Median/Mean: 4.0 / 3.914 | Fail: 1.818%\n"}
,{"stream_name":"stdout","time":676.604868445,"data":"[Game 230] Range: 2-9 | Median/Mean: 4.0 / 3.896 | Fail: 1.739%\n"}
,{"stream_name":"stdout","time":710.169572539,"data":"[Game 240] Range: 2-9 | Median/Mean: 4.0 / 3.908 | Fail: 1.667%\n"}
,{"stream_name":"stdout","time":735.265180151,"data":"[Game 250] Range: 2-9 | Median/Mean: 4.0 / 3.904 | Fail: 1.600%\n"}
,{"stream_name":"stdout","time":754.230159457,"data":"[Game 260] Range: 2-9 | Median/Mean: 4.0 / 3.908 | Fail: 1.538%\n"}
,{"stream_name":"stdout","time":779.723974093,"data":"[Game 270] Range: 2-9 | Median/Mean: 4.0 / 3.896 | Fail: 1.481%\n"}
,{"stream_name":"stdout","time":811.729113099,"data":"[Game 280] Range: 2-9 | Median/Mean: 4.0 / 3.893 | Fail: 1.786%\n"}
,{"stream_name":"stdout","time":840.237583544,"data":"[Game 290] Range: 2-9 | Median/Mean: 4.0 / 3.883 | Fail: 1.724%\n"}
,{"stream_name":"stdout","time":858.494444557,"data":"[Game 300] Range: 2-9 | Median/Mean: 4.0 / 3.873 | Fail: 1.667%\n"}
,{"stream_name":"stdout","time":881.731352698,"data":"[Game 310] Range: 2-9 | Median/Mean: 4.0 / 3.871 | Fail: 1.935%\n"}
,{"stream_name":"stdout","time":895.182134847,"data":"[Game 320] Range: 2-9 | Median/Mean: 4.0 / 3.869 | Fail: 2.188%\n"}
,{"stream_name":"stdout","time":919.363330447,"data":"[Game 330] Range: 2-9 | Median/Mean: 4.0 / 3.879 | Fail: 2.424%\n"}
,{"stream_name":"stdout","time":950.610324823,"data":"[Game 340] Range: 2-9 | Median/Mean: 4.0 / 3.879 | Fail: 2.353%\n"}
,{"stream_name":"stdout","time":984.863267512,"data":"[Game 350] Range: 2-9 | Median/Mean: 4.0 / 3.869 | Fail: 2.286%\n"}
,{"stream_name":"stdout","time":1014.440347152,"data":"[Game 360] Range: 2-9 | Median/Mean: 4.0 / 3.872 | Fail: 2.222%\n"}
,{"stream_name":"stdout","time":1048.412977587,"data":"[Game 370] Range: 2-9 | Median/Mean: 4.0 / 3.873 | Fail: 2.432%\n"}
,{"stream_name":"stdout","time":1081.712084771,"data":"[Game 380] Range: 2-9 | Median/Mean: 4.0 / 3.871 | Fail: 2.368%\n"}
,{"stream_name":"stdout","time":1117.683543493,"data":"[Game 390] Range: 2-9 | Median/Mean: 4.0 / 3.877 | Fail: 2.564%\n"}
,{"stream_name":"stdout","time":1140.67949662,"data":"[Game 400] Range: 2-9 | Median/Mean: 4.0 / 3.890 | Fail: 2.750%\n"}
,{"stream_name":"stdout","time":1183.808715183,"data":"[Game 410] Range: 2-9 | Median/Mean: 4.0 / 3.900 | Fail: 2.683%\n"}
,{"stream_name":"stdout","time":1211.100812268,"data":"[Game 420] Range: 2-9 | Median/Mean: 4.0 / 3.898 | Fail: 2.619%\n"}
,{"stream_name":"stdout","time":1242.912705626,"data":"[Game 430] Range: 2-9 | Median/Mean: 4.0 / 3.902 | Fail: 2.791%\n"}
,{"stream_name":"stdout","time":1283.081174325,"data":"[Game 440] Range: 2-9 | Median/Mean: 4.0 / 3.905 | Fail: 2.727%\n"}
,{"stream_name":"stdout","time":1317.042445252,"data":"[Game 450] Range: 2-9 | Median/Mean: 4.0 / 3.904 | Fail: 2.667%\n"}
,{"stream_name":"stdout","time":1348.404808631,"data":"[Game 460] Range: 2-9 | Median/Mean: 4.0 / 3.902 | Fail: 2.609%\n"}
,{"stream_name":"stdout","time":1381.052023147,"data":"[Game 470] Range: 2-9 | Median/Mean: 4.0 / 3.889 | Fail: 2.553%\n"}
,{"stream_name":"stdout","time":1417.707601243,"data":"[Game 480] Range: 2-9 | Median/Mean: 4.0 / 3.885 | Fail: 2.500%\n"}
,{"stream_name":"stdout","time":1433.81083995,"data":"[Game 490] Range: 2-9 | Median/Mean: 4.0 / 3.894 | Fail: 2.653%\n"}
,{"stream_name":"stdout","time":1466.262198531,"data":"[Game 500] Range: 2-9 | Median/Mean: 4.0 / 3.894 | Fail: 2.600%\n"}
,{"stream_name":"stdout","time":1495.872144614,"data":"[Game 510] Range: 2-9 | Median/Mean: 4.0 / 3.890 | Fail: 2.549%\n"}
,{"stream_name":"stdout","time":1520.498201591,"data":"[Game 520] Range: 2-9 | Median/Mean: 4.0 / 3.890 | Fail: 2.500%\n"}
,{"stream_name":"stdout","time":1557.121141827,"data":"[Game 530] Range: 2-9 | Median/Mean: 4.0 / 3.900 | Fail: 2.453%\n"}
,{"stream_name":"stdout","time":1594.376049799,"data":"[Game 540] Range: 2-9 | Median/Mean: 4.0 / 3.904 | Fail: 2.593%\n"}
,{"stream_name":"stdout","time":1626.271098136,"data":"[Game 550] Range: 2-9 | Median/Mean: 4.0 / 3.909 | Fail: 2.545%\n"}
,{"stream_name":"stdout","time":1661.27992296,"data":"[Game 560] Range: 2-9 | Median/Mean: 4.0 / 3.925 | Fail: 2.500%\n"}
,{"stream_name":"stdout","time":1689.440319801,"data":"[Game 570] Range: 2-9 | Median/Mean: 4.0 / 3.919 | Fail: 2.456%\n"}
,{"stream_name":"stdout","time":1717.357457674,"data":"[Game 580] Range: 2-9 | Median/Mean: 4.0 / 3.922 | Fail: 2.414%\n"}
,{"stream_name":"stdout","time":1755.384572471,"data":"[Game 590] Range: 2-9 | Median/Mean: 4.0 / 3.927 | Fail: 2.373%\n"}
,{"stream_name":"stdout","time":1783.373640187,"data":"[Game 600] Range: 2-9 | Median/Mean: 4.0 / 3.925 | Fail: 2.333%\n"}
,{"stream_name":"stdout","time":1814.57503986,"data":"[Game 610] Range: 2-9 | Median/Mean: 4.0 / 3.925 | Fail: 2.295%\n"}
,{"stream_name":"stdout","time":1838.417289246,"data":"[Game 620] Range: 2-9 | Median/Mean: 4.0 / 3.923 | Fail: 2.258%\n"}
,{"stream_name":"stdout","time":1867.950129381,"data":"[Game 630] Range: 2-9 | Median/Mean: 4.0 / 3.917 | Fail: 2.222%\n"}
,{"stream_name":"stdout","time":1901.511027172,"data":"[Game 640] Range: 2-9 | Median/Mean: 4.0 / 3.923 | Fail: 2.188%\n"}
,{"stream_name":"stdout","time":1930.758826171,"data":"[Game 650] Range: 2-9 | Median/Mean: 4.0 / 3.932 | Fail: 2.154%\n"}
,{"stream_name":"stdout","time":1955.154585097,"data":"[Game 660] Range: 2-9 | Median/Mean: 4.0 / 3.923 | Fail: 2.121%\n"}
,{"stream_name":"stdout","time":1988.670284896,"data":"[Game 670] Range: 2-9 | Median/Mean: 4.0 / 3.928 | Fail: 2.090%\n"}
,{"stream_name":"stdout","time":2017.079440914,"data":"[Game 680] Range: 2-9 | Median/Mean: 4.0 / 3.928 | Fail: 2.206%\n"}
,{"stream_name":"stdout","time":2050.133503613,"data":"[Game 690] Range: 2-9 | Median/Mean: 4.0 / 3.923 | Fail: 2.174%\n"}
,{"stream_name":"stdout","time":2081.048041323,"data":"[Game 700] Range: 2-9 | Median/Mean: 4.0 / 3.926 | Fail: 2.143%\n"}
,{"stream_name":"stdout","time":2117.39647495,"data":"[Game 710] Range: 2-9 | Median/Mean: 4.0 / 3.931 | Fail: 2.254%\n"}
,{"stream_name":"stdout","time":2151.538033568,"data":"[Game 720] Range: 2-9 | Median/Mean: 4.0 / 3.931 | Fail: 2.222%\n"}
,{"stream_name":"stdout","time":2174.446928236,"data":"[Game 730] Range: 2-9 | Median/Mean: 4.0 / 3.934 | Fail: 2.329%\n"}
,{"stream_name":"stdout","time":2217.896949125,"data":"[Game 740] Range: 2-9 | Median/Mean: 4.0 / 3.939 | Fail: 2.297%\n"}
,{"stream_name":"stdout","time":2254.292837776,"data":"[Game 750] Range: 2-9 | Median/Mean: 4.0 / 3.933 | Fail: 2.267%\n"}
,{"stream_name":"stdout","time":2290.020847806,"data":"[Game 760] Range: 2-9 | Median/Mean: 4.0 / 3.934 | Fail: 2.237%\n"}
,{"stream_name":"stdout","time":2323.095435474,"data":"[Game 770] Range: 2-9 | Median/Mean: 4.0 / 3.929 | Fail: 2.208%\n"}
,{"stream_name":"stdout","time":2359.219269659,"data":"[Game 780] Range: 2-9 | Median/Mean: 4.0 / 3.927 | Fail: 2.179%\n"}
,{"stream_name":"stdout","time":2393.051638319,"data":"[Game 790] Range: 2-9 | Median/Mean: 4.0 / 3.932 | Fail: 2.278%\n"}
,{"stream_name":"stdout","time":2419.137373213,"data":"[Game 800] Range: 2-9 | Median/Mean: 4.0 / 3.926 | Fail: 2.250%\n"}
,{"stream_name":"stdout","time":2447.142950705,"data":"[Game 810] Range: 2-9 | Median/Mean: 4.0 / 3.921 | Fail: 2.222%\n"}
,{"stream_name":"stdout","time":2475.904271019,"data":"[Game 820] Range: 2-9 | Median/Mean: 4.0 / 3.917 | Fail: 2.195%\n"}
,{"stream_name":"stdout","time":2510.941619241,"data":"[Game 830] Range: 2-9 | Median/Mean: 4.0 / 3.917 | Fail: 2.169%\n"}
,{"stream_name":"stdout","time":2540.553946768,"data":"[Game 840] Range: 2-9 | Median/Mean: 4.0 / 3.913 | Fail: 2.143%\n"}
,{"stream_name":"stdout","time":2576.534268445,"data":"[Game 850] Range: 2-9 | Median/Mean: 4.0 / 3.907 | Fail: 2.118%\n"}
,{"stream_name":"stdout","time":2615.092516568,"data":"[Game 860] Range: 2-9 | Median/Mean: 4.0 / 3.910 | Fail: 2.209%\n"}
,{"stream_name":"stdout","time":2635.085652539,"data":"[Game 870] Range: 2-9 | Median/Mean: 4.0 / 3.909 | Fail: 2.184%\n"}
,{"stream_name":"stdout","time":2665.440352419,"data":"[Game 880] Range: 2-9 | Median/Mean: 4.0 / 3.909 | Fail: 2.159%\n"}
,{"stream_name":"stdout","time":2689.469530617,"data":"[Game 890] Range: 2-9 | Median/Mean: 4.0 / 3.908 | Fail: 2.135%\n"}
,{"stream_name":"stdout","time":2725.524856409,"data":"[Game 900] Range: 2-9 | Median/Mean: 4.0 / 3.902 | Fail: 2.111%\n"}
,{"stream_name":"stdout","time":2753.566078215,"data":"[Game 910] Range: 2-9 | Median/Mean: 4.0 / 3.900 | Fail: 2.088%\n"}
,{"stream_name":"stdout","time":2786.48642476,"data":"[Game 920] Range: 2-9 | Median/Mean: 4.0 / 3.900 | Fail: 2.174%\n"}
,{"stream_name":"stdout","time":2815.614643491,"data":"[Game 930] Range: 2-9 | Median/Mean: 4.0 / 3.898 | Fail: 2.151%\n"}
,{"stream_name":"stdout","time":2840.52741131,"data":"[Game 940] Range: 2-9 | Median/Mean: 4.0 / 3.898 | Fail: 2.128%\n"}
,{"stream_name":"stdout","time":2879.732595818,"data":"[Game 950] Range: 2-9 | Median/Mean: 4.0 / 3.899 | Fail: 2.105%\n"}
,{"stream_name":"stdout","time":2903.543972464,"data":"[Game 960] Range: 2-9 | Median/Mean: 4.0 / 3.900 | Fail: 2.083%\n"}
,{"stream_name":"stdout","time":2942.728821953,"data":"[Game 970] Range: 2-9 | Median/Mean: 4.0 / 3.898 | Fail: 2.062%\n"}
,{"stream_name":"stdout","time":2978.169702935,"data":"[Game 980] Range: 2-9 | Median/Mean: 4.0 / 3.896 | Fail: 2.041%\n"}
,{"stream_name":"stdout","time":3024.505274798,"data":"[Game 990] Range: 2-9 | Median/Mean: 4.0 / 3.900 | Fail: 2.121%\n"}
,{"stream_name":"stdout","time":3058.838886767,"data":"[Game 1000] Range: 2-9 | Median/Mean: 4.0 / 3.905 | Fail: 2.200%\n"}
,{"stream_name":"stdout","time":3077.958733657,"data":"[Game 1010] Range: 2-9 | Median/Mean: 4.0 / 3.904 | Fail: 2.178%\n"}
,{"stream_name":"stdout","time":3108.773300212,"data":"[Game 1020] Range: 2-9 | Median/Mean: 4.0 / 3.901 | Fail: 2.157%\n"}
,{"stream_name":"stdout","time":3137.334936301,"data":"[Game 1030] Range: 2-9 | Median/Mean: 4.0 / 3.900 | Fail: 2.136%\n"}
,{"stream_name":"stdout","time":3164.67223664,"data":"[Game 1040] Range: 2-9 | Median/Mean: 4.0 / 3.903 | Fail: 2.115%\n"}
,{"stream_name":"stdout","time":3202.436982,"data":"[Game 1050] Range: 2-9 | Median/Mean: 4.0 / 3.903 | Fail: 2.095%\n"}
,{"stream_name":"stdout","time":3232.933896409,"data":"[Game 1060] Range: 2-9 | Median/Mean: 4.0 / 3.903 | Fail: 2.075%\n"}
,{"stream_name":"stdout","time":3258.670721525,"data":"[Game 1070] Range: 2-9 | Median/Mean: 4.0 / 3.900 | Fail: 2.056%\n"}
,{"stream_name":"stdout","time":3277.379612041,"data":"[Game 1080] Range: 2-9 | Median/Mean: 4.0 / 3.894 | Fail: 2.037%\n"}
,{"stream_name":"stdout","time":3306.974001802,"data":"[Game 1090] Range: 2-9 | Median/Mean: 4.0 / 3.899 | Fail: 2.018%\n"}
,{"stream_name":"stdout","time":3343.63960241,"data":"[Game 1100] Range: 2-9 | Median/Mean: 4.0 / 3.900 | Fail: 2.000%\n"}
,{"stream_name":"stdout","time":3365.305995154,"data":"[Game 1110] Range: 2-9 | Median/Mean: 4.0 / 3.901 | Fail: 1.982%\n"}
,{"stream_name":"stdout","time":3400.421011302,"data":"[Game 1120] Range: 2-9 | Median/Mean: 4.0 / 3.900 | Fail: 1.964%\n"}
,{"stream_name":"stdout","time":3430.105163378,"data":"[Game 1130] Range: 2-9 | Median/Mean: 4.0 / 3.901 | Fail: 1.947%\n"}
,{"stream_name":"stdout","time":3464.742157334,"data":"[Game 1140] Range: 2-9 | Median/Mean: 4.0 / 3.897 | Fail: 1.930%\n"}
,{"stream_name":"stdout","time":3487.008607483,"data":"[Game 1150] Range: 2-9 | Median/Mean: 4.0 / 3.897 | Fail: 1.913%\n"}
,{"stream_name":"stdout","time":3518.840204553,"data":"[Game 1160] Range: 2-9 | Median/Mean: 4.0 / 3.898 | Fail: 1.897%\n"}
,{"stream_name":"stdout","time":3548.267912504,"data":"[Game 1170] Range: 2-9 | Median/Mean: 4.0 / 3.902 | Fail: 1.880%\n"}
,{"stream_name":"stdout","time":3570.625664827,"data":"[Game 1180] Range: 2-9 | Median/Mean: 4.0 / 3.898 | Fail: 1.864%\n"}
,{"stream_name":"stdout","time":3607.37563259,"data":"[Game 1190] Range: 2-9 | Median/Mean: 4.0 / 3.902 | Fail: 1.849%\n"}
,{"stream_name":"stdout","time":3636.155700608,"data":"[Game 1200] Range: 2-9 | Median/Mean: 4.0 / 3.897 | Fail: 1.833%\n"}
,{"stream_name":"stdout","time":3669.767980494,"data":"[Game 1210] Range: 2-9 | Median/Mean: 4.0 / 3.896 | Fail: 1.818%\n"}
,{"stream_name":"stdout","time":3697.550584311,"data":"[Game 1220] Range: 2-9 | Median/Mean: 4.0 / 3.898 | Fail: 1.803%\n"}
,{"stream_name":"stdout","time":3729.219741125,"data":"[Game 1230] Range: 2-9 | Median/Mean: 4.0 / 3.899 | Fail: 1.870%\n"}
,{"stream_name":"stdout","time":3753.96998689,"data":"[Game 1240] Range: 2-9 | Median/Mean: 4.0 / 3.897 | Fail: 1.855%\n"}
,{"stream_name":"stdout","time":3783.863530177,"data":"[Game 1250] Range: 2-9 | Median/Mean: 4.0 / 3.894 | Fail: 1.840%\n"}
,{"stream_name":"stdout","time":3812.863887493,"data":"[Game 1260] Range: 2-9 | Median/Mean: 4.0 / 3.899 | Fail: 1.984%\n"}
,{"stream_name":"stdout","time":3845.770121768,"data":"[Game 1270] Range: 2-9 | Median/Mean: 4.0 / 3.902 | Fail: 2.047%\n"}
,{"stream_name":"stdout","time":3868.850319329,"data":"[Game 1280] Range: 2-9 | Median/Mean: 4.0 / 3.899 | Fail: 2.031%\n"}
,{"stream_name":"stdout","time":3895.760387816,"data":"[Game 1290] Range: 2-9 | Median/Mean: 4.0 / 3.899 | Fail: 2.016%\n"}
,{"stream_name":"stdout","time":3924.056884613,"data":"[Game 1300] Range: 2-9 | Median/Mean: 4.0 / 3.898 | Fail: 2.000%\n"}
,{"stream_name":"stdout","time":3953.393942059,"data":"[Game 1310] Range: 2-9 | Median/Mean: 4.0 / 3.896 | Fail: 1.985%\n"}
,{"stream_name":"stdout","time":3990.866678676,"data":"[Game 1320] Range: 2-9 | Median/Mean: 4.0 / 3.896 | Fail: 1.970%\n"}
,{"stream_name":"stdout","time":4025.590568254,"data":"[Game 1330] Range: 2-9 | Median/Mean: 4.0 / 3.897 | Fail: 1.955%\n"}
,{"stream_name":"stdout","time":4066.214790517,"data":"[Game 1340] Range: 2-9 | Median/Mean: 4.0 / 3.901 | Fail: 1.940%\n"}
,{"stream_name":"stdout","time":4102.503176208,"data":"[Game 1350] Range: 2-9 | Median/Mean: 4.0 / 3.904 | Fail: 1.926%\n"}
,{"stream_name":"stdout","time":4125.79904607,"data":"[Game 1360] Range: 2-9 | Median/Mean: 4.0 / 3.907 | Fail: 1.912%\n"}
,{"stream_name":"stdout","time":4160.012721502,"data":"[Game 1370] Range: 2-9 | Median/Mean: 4.0 / 3.907 | Fail: 1.898%\n"}
,{"stream_name":"stdout","time":4189.527506492,"data":"[Game 1380] Range: 2-9 | Median/Mean: 4.0 / 3.905 | Fail: 1.884%\n"}
,{"stream_name":"stdout","time":4225.260972842,"data":"[Game 1390] Range: 2-9 | Median/Mean: 4.0 / 3.907 | Fail: 1.871%\n"}
,{"stream_name":"stdout","time":4253.685454387,"data":"[Game 1400] Range: 2-9 | Median/Mean: 4.0 / 3.909 | Fail: 1.929%\n"}
,{"stream_name":"stdout","time":4284.716569196,"data":"[Game 1410] Range: 2-9 | Median/Mean: 4.0 / 3.909 | Fail: 1.915%\n"}
,{"stream_name":"stdout","time":4309.585430201,"data":"[Game 1420] Range: 2-9 | Median/Mean: 4.0 / 3.906 | Fail: 1.901%\n"}
,{"stream_name":"stdout","time":4334.195532168,"data":"[Game 1430] Range: 2-9 | Median/Mean: 4.0 / 3.906 | Fail: 1.888%\n"}
,{"stream_name":"stdout","time":4372.495107069,"data":"[Game 1440] Range: 2-9 | Median/Mean: 4.0 / 3.907 | Fail: 1.875%\n"}
,{"stream_name":"stdout","time":4401.976575066,"data":"[Game 1450] Range: 2-9 | Median/Mean: 4.0 / 3.908 | Fail: 1.931%\n"}
,{"stream_name":"stdout","time":4436.449843966,"data":"[Game 1460] Range: 2-9 | Median/Mean: 4.0 / 3.906 | Fail: 1.918%\n"}
,{"stream_name":"stdout","time":4468.109808942,"data":"[Game 1470] Range: 2-9 | Median/Mean: 4.0 / 3.908 | Fail: 1.905%\n"}
,{"stream_name":"stdout","time":4498.903838784,"data":"[Game 1480] Range: 2-9 | Median/Mean: 4.0 / 3.909 | Fail: 1.892%\n"}
,{"stream_name":"stdout","time":4520.779429736,"data":"[Game 1490] Range: 2-9 | Median/Mean: 4.0 / 3.910 | Fail: 1.879%\n"}
,{"stream_name":"stdout","time":4553.899252442,"data":"[Game 1500] Range: 2-9 | Median/Mean: 4.0 / 3.909 | Fail: 1.867%\n"}
,{"stream_name":"stdout","time":4595.471001937,"data":"[Game 1510] Range: 2-9 | Median/Mean: 4.0 / 3.910 | Fail: 1.921%\n"}
,{"stream_name":"stdout","time":4618.037721231,"data":"[Game 1520] Range: 2-9 | Median/Mean: 4.0 / 3.909 | Fail: 1.974%\n"}
,{"stream_name":"stdout","time":4651.750256582,"data":"[Game 1530] Range: 2-9 | Median/Mean: 4.0 / 3.910 | Fail: 1.961%\n"}
,{"stream_name":"stdout","time":4684.452532196,"data":"[Game 1540] Range: 2-9 | Median/Mean: 4.0 / 3.910 | Fail: 1.948%\n"}
,{"stream_name":"stdout","time":4706.26478234,"data":"[Game 1550] Range: 2-9 | Median/Mean: 4.0 / 3.910 | Fail: 1.935%\n"}
,{"stream_name":"stdout","time":4735.533516329,"data":"[Game 1560] Range: 2-9 | Median/Mean: 4.0 / 3.906 | Fail: 1.923%\n"}
,{"stream_name":"stdout","time":4754.763733401,"data":"[Game 1570] Range: 2-9 | Median/Mean: 4.0 / 3.904 | Fail: 1.911%\n"}
,{"stream_name":"stdout","time":4783.533933695,"data":"[Game 1580] Range: 2-9 | Median/Mean: 4.0 / 3.903 | Fail: 1.899%\n"}
,{"stream_name":"stdout","time":4818.70059341,"data":"[Game 1590] Range: 2-9 | Median/Mean: 4.0 / 3.904 | Fail: 1.887%\n"}
,{"stream_name":"stdout","time":4842.100626913,"data":"[Game 1600] Range: 2-9 | Median/Mean: 4.0 / 3.902 | Fail: 1.875%\n"}
,{"stream_name":"stdout","time":4867.172773744,"data":"[Game 1610] Range: 2-9 | Median/Mean: 4.0 / 3.903 | Fail: 1.863%\n"}
,{"stream_name":"stdout","time":4893.323823893,"data":"[Game 1620] Range: 2-9 | Median/Mean: 4.0 / 3.903 | Fail: 1.852%\n"}
,{"stream_name":"stdout","time":4921.877919421,"data":"[Game 1630] Range: 2-9 | Median/Mean: 4.0 / 3.903 | Fail: 1.902%\n"}
,{"stream_name":"stdout","time":4948.223743587,"data":"[Game 1640] Range: 2-9 | Median/Mean: 4.0 / 3.900 | Fail: 1.890%\n"}
,{"stream_name":"stdout","time":4983.923548947,"data":"[Game 1650] Range: 2-9 | Median/Mean: 4.0 / 3.904 | Fail: 1.939%\n"}
,{"stream_name":"stdout","time":5025.584890427,"data":"[Game 1660] Range: 2-9 | Median/Mean: 4.0 / 3.906 | Fail: 1.928%\n"}
,{"stream_name":"stdout","time":5053.529585066,"data":"[Game 1670] Range: 2-9 | Median/Mean: 4.0 / 3.906 | Fail: 1.916%\n"}
,{"stream_name":"stdout","time":5089.75458176,"data":"[Game 1680] Range: 2-9 | Median/Mean: 4.0 / 3.909 | Fail: 1.905%\n"}
,{"stream_name":"stdout","time":5122.106568994,"data":"[Game 1690] Range: 2-9 | Median/Mean: 4.0 / 3.905 | Fail: 1.893%\n"}
,{"stream_name":"stdout","time":5140.635655353,"data":"[Game 1700] Range: 2-9 | Median/Mean: 4.0 / 3.902 | Fail: 1.882%\n"}
,{"stream_name":"stdout","time":5174.28665803,"data":"[Game 1710] Range: 2-9 | Median/Mean: 4.0 / 3.901 | Fail: 1.871%\n"}
,{"stream_name":"stdout","time":5192.724658985,"data":"[Game 1720] Range: 2-9 | Median/Mean: 4.0 / 3.900 | Fail: 1.860%\n"}
,{"stream_name":"stdout","time":5224.120595383,"data":"[Game 1730] Range: 2-9 | Median/Mean: 4.0 / 3.900 | Fail: 1.908%\n"}
,{"stream_name":"stdout","time":5270.884610372,"data":"[Game 1740] Range: 2-9 | Median/Mean: 4.0 / 3.903 | Fail: 1.954%\n"}
,{"stream_name":"stdout","time":5305.081144472,"data":"[Game 1750] Range: 2-9 | Median/Mean: 4.0 / 3.901 | Fail: 1.943%\n"}
,{"stream_name":"stdout","time":5333.874383984,"data":"[Game 1760] Range: 2-9 | Median/Mean: 4.0 / 3.901 | Fail: 1.932%\n"}
,{"stream_name":"stdout","time":5370.814008311,"data":"[Game 1770] Range: 2-9 | Median/Mean: 4.0 / 3.902 | Fail: 1.977%\n"}
,{"stream_name":"stdout","time":5407.42335008,"data":"[Game 1780] Range: 2-9 | Median/Mean: 4.0 / 3.902 | Fail: 1.966%\n"}
,{"stream_name":"stdout","time":5433.669196692,"data":"[Game 1790] Range: 2-9 | Median/Mean: 4.0 / 3.901 | Fail: 1.955%\n"}
,{"stream_name":"stdout","time":5465.687267838,"data":"[Game 1800] Range: 2-9 | Median/Mean: 4.0 / 3.901 | Fail: 1.944%\n"}
,{"stream_name":"stdout","time":5492.943761923,"data":"[Game 1810] Range: 2-9 | Median/Mean: 4.0 / 3.901 | Fail: 1.934%\n"}
,{"stream_name":"stdout","time":5516.304598249,"data":"[Game 1820] Range: 2-9 | Median/Mean: 4.0 / 3.901 | Fail: 1.978%\n"}
,{"stream_name":"stdout","time":5555.26919708,"data":"[Game 1830] Range: 2-9 | Median/Mean: 4.0 / 3.903 | Fail: 1.967%\n"}
,{"stream_name":"stdout","time":5573.883128694,"data":"[Game 1840] Range: 2-9 | Median/Mean: 4.0 / 3.903 | Fail: 1.957%\n"}
,{"stream_name":"stdout","time":5604.161840116,"data":"[Game 1850] Range: 2-9 | Median/Mean: 4.0 / 3.903 | Fail: 1.946%\n"}
,{"stream_name":"stdout","time":5632.661383938,"data":"[Game 1860] Range: 2-9 | Median/Mean: 4.0 / 3.901 | Fail: 1.935%\n"}
,{"stream_name":"stdout","time":5662.235989507,"data":"[Game 1870] Range: 2-9 | Median/Mean: 4.0 / 3.902 | Fail: 1.979%\n"}
,{"stream_name":"stdout","time":5703.56971842,"data":"[Game 1880] Range: 2-9 | Median/Mean: 4.0 / 3.907 | Fail: 2.128%\n"}
,{"stream_name":"stdout","time":5733.100664922,"data":"[Game 1890] Range: 2-9 | Median/Mean: 4.0 / 3.907 | Fail: 2.116%\n"}
,{"stream_name":"stdout","time":5763.591019198,"data":"[Game 1900] Range: 2-9 | Median/Mean: 4.0 / 3.908 | Fail: 2.105%\n"}
,{"stream_name":"stdout","time":5794.173319245,"data":"[Game 1910] Range: 2-9 | Median/Mean: 4.0 / 3.907 | Fail: 2.094%\n"}
,{"stream_name":"stdout","time":5822.012804877,"data":"[Game 1920] Range: 2-9 | Median/Mean: 4.0 / 3.905 | Fail: 2.083%\n"}
,{"stream_name":"stdout","time":5850.920536578,"data":"[Game 1930] Range: 2-9 | Median/Mean: 4.0 / 3.903 | Fail: 2.073%\n"}
,{"stream_name":"stdout","time":5882.187206108,"data":"[Game 1940] Range: 2-9 | Median/Mean: 4.0 / 3.905 | Fail: 2.062%\n"}
,{"stream_name":"stdout","time":5925.166312414,"data":"[Game 1950] Range: 2-9 | Median/Mean: 4.0 / 3.907 | Fail: 2.103%\n"}
,{"stream_name":"stdout","time":5957.441826306,"data":"[Game 1960] Range: 2-9 | Median/Mean: 4.0 / 3.910 | Fail: 2.143%\n"}
,{"stream_name":"stdout","time":5979.390778608,"data":"[Game 1970] Range: 2-9 | Median/Mean: 4.0 / 3.911 | Fail: 2.132%\n"}
,{"stream_name":"stdout","time":6012.598608326,"data":"[Game 1980] Range: 2-9 | Median/Mean: 4.0 / 3.914 | Fail: 2.121%\n"}
,{"stream_name":"stdout","time":6041.31255722,"data":"[Game 1990] Range: 2-9 | Median/Mean: 4.0 / 3.914 | Fail: 2.111%\n"}
,{"stream_name":"stdout","time":6076.955272753,"data":"[Game 2000] Range: 2-9 | Median/Mean: 4.0 / 3.914 | Fail: 2.150%\n"}
,{"stream_name":"stdout","time":6111.597114694,"data":"[Game 2010] Range: 2-9 | Median/Mean: 4.0 / 3.912 | Fail: 2.139%\n"}
,{"stream_name":"stdout","time":6138.160270903,"data":"[Game 2020] Range: 2-9 | Median/Mean: 4.0 / 3.913 | Fail: 2.178%\n"}
,{"stream_name":"stdout","time":6171.179114075,"data":"[Game 2030] Range: 2-9 | Median/Mean: 4.0 / 3.912 | Fail: 2.167%\n"}
,{"stream_name":"stdout","time":6199.545859321,"data":"[Game 2040] Range: 2-9 | Median/Mean: 4.0 / 3.912 | Fail: 2.157%\n"}
,{"stream_name":"stdout","time":6240.043874166,"data":"[Game 2050] Range: 2-9 | Median/Mean: 4.0 / 3.914 | Fail: 2.146%\n"}
,{"stream_name":"stdout","time":6263.243795193,"data":"[Game 2060] Range: 2-9 | Median/Mean: 4.0 / 3.911 | Fail: 2.136%\n"}
,{"stream_name":"stdout","time":6284.112515368,"data":"[Game 2070] Range: 2-9 | Median/Mean: 4.0 / 3.915 | Fail: 2.174%\n"}
,{"stream_name":"stdout","time":6315.407475806,"data":"[Game 2080] Range: 2-9 | Median/Mean: 4.0 / 3.915 | Fail: 2.212%\n"}
,{"stream_name":"stdout","time":6342.803126589,"data":"[Game 2090] Range: 2-9 | Median/Mean: 4.0 / 3.914 | Fail: 2.201%\n"}
,{"stream_name":"stdout","time":6371.170358916,"data":"[Game 2100] Range: 2-9 | Median/Mean: 4.0 / 3.918 | Fail: 2.190%\n"}
,{"stream_name":"stdout","time":6393.781258692,"data":"[Game 2110] Range: 2-9 | Median/Mean: 4.0 / 3.914 | Fail: 2.180%\n"}
,{"stream_name":"stdout","time":6428.529139377,"data":"[Game 2120] Range: 2-9 | Median/Mean: 4.0 / 3.916 | Fail: 2.170%\n"}
,{"stream_name":"stdout","time":6461.954715901,"data":"[Game 2130] Range: 2-9 | Median/Mean: 4.0 / 3.918 | Fail: 2.160%\n"}
,{"stream_name":"stdout","time":6493.438722476,"data":"[Game 2140] Range: 2-9 | Median/Mean: 4.0 / 3.919 | Fail: 2.150%\n"}
,{"stream_name":"stdout","time":6521.012367386,"data":"[Game 2150] Range: 2-9 | Median/Mean: 4.0 / 3.919 | Fail: 2.140%\n"}
,{"stream_name":"stdout","time":6553.25923325,"data":"[Game 2160] Range: 2-9 | Median/Mean: 4.0 / 3.919 | Fail: 2.130%\n"}
,{"stream_name":"stdout","time":6592.285141444,"data":"[Game 2170] Range: 2-9 | Median/Mean: 4.0 / 3.921 | Fail: 2.166%\n"}
,{"stream_name":"stdout","time":6631.450637838,"data":"[Game 2180] Range: 2-9 | Median/Mean: 4.0 / 3.921 | Fail: 2.156%\n"}
,{"stream_name":"stdout","time":6660.916243591,"data":"[Game 2190] Range: 2-9 | Median/Mean: 4.0 / 3.921 | Fail: 2.146%\n"}
,{"stream_name":"stdout","time":6700.782684268,"data":"[Game 2200] Range: 2-9 | Median/Mean: 4.0 / 3.920 | Fail: 2.136%\n"}
,{"stream_name":"stdout","time":6735.783394485,"data":"[Game 2210] Range: 2-9 | Median/Mean: 4.0 / 3.919 | Fail: 2.127%\n"}
,{"stream_name":"stdout","time":6773.75790863,"data":"[Game 2220] Range: 2-9 | Median/Mean: 4.0 / 3.923 | Fail: 2.162%\n"}
,{"stream_name":"stdout","time":6799.373874113,"data":"[Game 2230] Range: 2-9 | Median/Mean: 4.0 / 3.921 | Fail: 2.152%\n"}
,{"stream_name":"stdout","time":6818.732723172,"data":"[Game 2240] Range: 2-9 | Median/Mean: 4.0 / 3.920 | Fail: 2.143%\n"}
,{"stream_name":"stdout","time":6848.080529281,"data":"[Game 2250] Range: 2-9 | Median/Mean: 4.0 / 3.922 | Fail: 2.133%\n"}
,{"stream_name":"stdout","time":6888.546575263,"data":"[Game 2260] Range: 2-9 | Median/Mean: 4.0 / 3.922 | Fail: 2.168%\n"}
,{"stream_name":"stdout","time":6924.43810429,"data":"[Game 2270] Range: 2-9 | Median/Mean: 4.0 / 3.923 | Fail: 2.159%\n"}
,{"stream_name":"stdout","time":6944.516366983,"data":"[Game 2280] Range: 2-9 | Median/Mean: 4.0 / 3.922 | Fail: 2.149%\n"}
,{"stream_name":"stdout","time":6980.925268827,"data":"[Game 2290] Range: 2-9 | Median/Mean: 4.0 / 3.923 | Fail: 2.183%\n"}
,{"stream_name":"stdout","time":7012.770612625,"data":"[Game 2300] Range: 2-9 | Median/Mean: 4.0 / 3.921 | Fail: 2.174%\n"}
,{"stream_name":"stdout","time":7053.912462737,"data":"[Game 2310] Range: 2-9 | Median/Mean: 4.0 / 3.921 | Fail: 2.165%\n"}
,{"stream_name":"stdout","time":7067.581455736,"data":"Summary:\n"}
,{"stream_name":"stdout","time":7067.592011166,"data":"Distribution across steps:\n"}
,{"stream_name":"stdout","time":7067.598991596,"data":"Key Metrics:\n"}
,{"stream_name":"stderr","time":7071.032550512,"data":"/opt/conda/lib/python3.7/site-packages/traitlets/traitlets.py:2567: FutureWarning: --Exporter.preprocessors=[\"remove_papermill_header.RemovePapermillHeader\"] for containers is deprecated in traitlets 5.0. You can pass `--Exporter.preprocessors item` ... multiple times to add items to a list.\n"}
,{"stream_name":"stderr","time":7071.032614252,"data":"  FutureWarning,\n"}
,{"stream_name":"stderr","time":7071.032622092,"data":"[NbConvertApp] Converting notebook __notebook__.ipynb to notebook\n"}
,{"stream_name":"stderr","time":7071.374139247,"data":"[NbConvertApp] Writing 32960 bytes to __notebook__.ipynb\n"}
,{"stream_name":"stderr","time":7073.676851024,"data":"/opt/conda/lib/python3.7/site-packages/traitlets/traitlets.py:2567: FutureWarning: --Exporter.preprocessors=[\"nbconvert.preprocessors.ExtractOutputPreprocessor\"] for containers is deprecated in traitlets 5.0. You can pass `--Exporter.preprocessors item` ... multiple times to add items to a list.\n"}
,{"stream_name":"stderr","time":7073.676931214,"data":"  FutureWarning,\n"}
,{"stream_name":"stderr","time":7073.676935584,"data":"[NbConvertApp] Converting notebook __notebook__.ipynb to html\n"}
,{"stream_name":"stderr","time":7074.171889652,"data":"[NbConvertApp] Writing 308333 bytes to __results__.html\n"}
]