[{"stream_name":"stderr","time":14.169130955,"data":"/opt/conda/lib/python3.7/site-packages/papermill/iorw.py:50: FutureWarning: pyarrow.HadoopFileSystem is deprecated as of 2.0.0, please use pyarrow.fs.HadoopFileSystem instead.\n"}
,{"stream_name":"stderr","time":14.169207638,"data":"  from pyarrow import HadoopFileSystem\n"}
,{"stream_name":"stdout","time":15.976957304999999,"data":"[ ---------- AROSE ----------]\n"}
,{"stream_name":"stdout","time":53.84211005,"data":"[Game 10] Range: 2-6 | Median/Mean: 3.5 / 3.700 | Fail: 0.000%\n"}
,{"stream_name":"stdout","time":101.854400467,"data":"[Game 20] Range: 2-6 | Median/Mean: 3.5 / 3.650 | Fail: 0.000%\n"}
,{"stream_name":"stdout","time":144.161102086,"data":"[Game 30] Range: 2-6 | Median/Mean: 4.0 / 3.733 | Fail: 0.000%\n"}
,{"stream_name":"stdout","time":198.588152351,"data":"[Game 40] Range: 2-6 | Median/Mean: 4.0 / 3.850 | Fail: 0.000%\n"}
,{"stream_name":"stdout","time":240.466443093,"data":"[Game 50] Range: 2-6 | Median/Mean: 4.0 / 3.920 | Fail: 0.000%\n"}
,{"stream_name":"stdout","time":289.212951648,"data":"[Game 60] Range: 2-6 | Median/Mean: 4.0 / 3.883 | Fail: 0.000%\n"}
,{"stream_name":"stdout","time":331.944282893,"data":"[Game 70] Range: 2-7 | Median/Mean: 4.0 / 3.957 | Fail: 1.429%\n"}
,{"stream_name":"stdout","time":364.084407802,"data":"[Game 80] Range: 2-7 | Median/Mean: 4.0 / 3.850 | Fail: 1.250%\n"}
,{"stream_name":"stdout","time":407.03722357,"data":"[Game 90] Range: 2-9 | Median/Mean: 4.0 / 3.933 | Fail: 2.222%\n"}
,{"stream_name":"stdout","time":465.466744884,"data":"[Game 100] Range: 2-9 | Median/Mean: 4.0 / 3.900 | Fail: 2.000%\n"}
,{"stream_name":"stdout","time":503.829379666,"data":"[Game 110] Range: 2-9 | Median/Mean: 4.0 / 3.882 | Fail: 1.818%\n"}
,{"stream_name":"stdout","time":561.893124893,"data":"[Game 120] Range: 2-9 | Median/Mean: 4.0 / 3.908 | Fail: 2.500%\n"}
,{"stream_name":"stdout","time":612.525287058,"data":"[Game 130] Range: 2-9 | Median/Mean: 4.0 / 3.923 | Fail: 3.077%\n"}
,{"stream_name":"stdout","time":645.89836736,"data":"[Game 140] Range: 2-9 | Median/Mean: 4.0 / 3.936 | Fail: 2.857%\n"}
,{"stream_name":"stdout","time":695.892497769,"data":"[Game 150] Range: 2-9 | Median/Mean: 4.0 / 3.927 | Fail: 3.333%\n"}
,{"stream_name":"stdout","time":739.830489834,"data":"[Game 160] Range: 2-9 | Median/Mean: 4.0 / 3.925 | Fail: 3.125%\n"}
,{"stream_name":"stdout","time":773.6206179,"data":"[Game 170] Range: 2-9 | Median/Mean: 4.0 / 3.894 | Fail: 2.941%\n"}
,{"stream_name":"stdout","time":801.509655636,"data":"[Game 180] Range: 2-9 | Median/Mean: 4.0 / 3.850 | Fail: 2.778%\n"}
,{"stream_name":"stdout","time":847.383561848,"data":"[Game 190] Range: 2-9 | Median/Mean: 4.0 / 3.879 | Fail: 2.632%\n"}
,{"stream_name":"stdout","time":878.104825058,"data":"[Game 200] Range: 2-9 | Median/Mean: 4.0 / 3.840 | Fail: 2.500%\n"}
,{"stream_name":"stdout","time":926.940588455,"data":"[Game 210] Range: 2-9 | Median/Mean: 4.0 / 3.838 | Fail: 2.381%\n"}
,{"stream_name":"stdout","time":971.680666159,"data":"[Game 220] Range: 2-9 | Median/Mean: 4.0 / 3.836 | Fail: 2.273%\n"}
,{"stream_name":"stdout","time":1014.655506976,"data":"[Game 230] Range: 2-9 | Median/Mean: 4.0 / 3.826 | Fail: 2.174%\n"}
,{"stream_name":"stdout","time":1066.401105581,"data":"[Game 240] Range: 2-9 | Median/Mean: 4.0 / 3.846 | Fail: 2.083%\n"}
,{"stream_name":"stdout","time":1111.783546394,"data":"[Game 250] Range: 2-9 | Median/Mean: 4.0 / 3.852 | Fail: 2.400%\n"}
,{"stream_name":"stdout","time":1145.933209498,"data":"[Game 260] Range: 2-9 | Median/Mean: 4.0 / 3.877 | Fail: 2.308%\n"}
,{"stream_name":"stdout","time":1181.120380601,"data":"[Game 270] Range: 2-9 | Median/Mean: 4.0 / 3.870 | Fail: 2.222%\n"}
,{"stream_name":"stdout","time":1221.50538842,"data":"[Game 280] Range: 2-9 | Median/Mean: 4.0 / 3.864 | Fail: 2.500%\n"}
,{"stream_name":"stdout","time":1264.389334007,"data":"[Game 290] Range: 2-9 | Median/Mean: 4.0 / 3.862 | Fail: 2.414%\n"}
,{"stream_name":"stdout","time":1304.380629819,"data":"[Game 300] Range: 2-9 | Median/Mean: 4.0 / 3.867 | Fail: 2.333%\n"}
,{"stream_name":"stdout","time":1357.973855078,"data":"[Game 310] Range: 2-9 | Median/Mean: 4.0 / 3.877 | Fail: 2.581%\n"}
,{"stream_name":"stdout","time":1389.538937854,"data":"[Game 320] Range: 2-9 | Median/Mean: 4.0 / 3.875 | Fail: 2.812%\n"}
,{"stream_name":"stdout","time":1430.602965398,"data":"[Game 330] Range: 2-9 | Median/Mean: 4.0 / 3.885 | Fail: 3.030%\n"}
,{"stream_name":"stdout","time":1472.071384934,"data":"[Game 340] Range: 2-9 | Median/Mean: 4.0 / 3.882 | Fail: 2.941%\n"}
,{"stream_name":"stdout","time":1524.431187709,"data":"[Game 350] Range: 2-9 | Median/Mean: 4.0 / 3.880 | Fail: 2.857%\n"}
,{"stream_name":"stdout","time":1557.873342658,"data":"[Game 360] Range: 2-9 | Median/Mean: 4.0 / 3.886 | Fail: 2.778%\n"}
,{"stream_name":"stdout","time":1599.960272913,"data":"[Game 370] Range: 2-9 | Median/Mean: 4.0 / 3.897 | Fail: 2.973%\n"}
,{"stream_name":"stdout","time":1629.288030651,"data":"[Game 380] Range: 2-9 | Median/Mean: 4.0 / 3.889 | Fail: 2.895%\n"}
,{"stream_name":"stdout","time":1691.527382606,"data":"[Game 390] Range: 2-9 | Median/Mean: 4.0 / 3.887 | Fail: 3.077%\n"}
,{"stream_name":"stdout","time":1736.814890809,"data":"[Game 400] Range: 2-9 | Median/Mean: 4.0 / 3.888 | Fail: 3.000%\n"}
,{"stream_name":"stdout","time":1791.218079801,"data":"[Game 410] Range: 2-9 | Median/Mean: 4.0 / 3.900 | Fail: 2.927%\n"}
,{"stream_name":"stdout","time":1832.439882145,"data":"[Game 420] Range: 2-9 | Median/Mean: 4.0 / 3.893 | Fail: 2.857%\n"}
,{"stream_name":"stdout","time":1881.416310474,"data":"[Game 430] Range: 2-9 | Median/Mean: 4.0 / 3.907 | Fail: 3.023%\n"}
,{"stream_name":"stdout","time":1940.082901702,"data":"[Game 440] Range: 2-9 | Median/Mean: 4.0 / 3.911 | Fail: 2.955%\n"}
,{"stream_name":"stdout","time":1994.434661066,"data":"[Game 450] Range: 2-9 | Median/Mean: 4.0 / 3.909 | Fail: 2.889%\n"}
,{"stream_name":"stdout","time":2041.827290808,"data":"[Game 460] Range: 2-9 | Median/Mean: 4.0 / 3.909 | Fail: 2.826%\n"}
,{"stream_name":"stdout","time":2103.121114755,"data":"[Game 470] Range: 2-9 | Median/Mean: 4.0 / 3.919 | Fail: 2.979%\n"}
,{"stream_name":"stdout","time":2156.42286553,"data":"[Game 480] Range: 2-9 | Median/Mean: 4.0 / 3.925 | Fail: 2.917%\n"}
,{"stream_name":"stdout","time":2191.280889096,"data":"[Game 490] Range: 2-9 | Median/Mean: 4.0 / 3.935 | Fail: 3.061%\n"}
,{"stream_name":"stdout","time":2246.258044687,"data":"[Game 500] Range: 2-9 | Median/Mean: 4.0 / 3.934 | Fail: 3.000%\n"}
,{"stream_name":"stdout","time":2289.414896425,"data":"[Game 510] Range: 2-9 | Median/Mean: 4.0 / 3.924 | Fail: 2.941%\n"}
,{"stream_name":"stdout","time":2338.274123831,"data":"[Game 520] Range: 2-9 | Median/Mean: 4.0 / 3.921 | Fail: 2.885%\n"}
,{"stream_name":"stdout","time":2387.199524281,"data":"[Game 530] Range: 2-9 | Median/Mean: 4.0 / 3.928 | Fail: 2.830%\n"}
,{"stream_name":"stdout","time":2443.895783833,"data":"[Game 540] Range: 2-9 | Median/Mean: 4.0 / 3.935 | Fail: 2.963%\n"}
,{"stream_name":"stdout","time":2494.426578229,"data":"[Game 550] Range: 2-9 | Median/Mean: 4.0 / 3.936 | Fail: 2.909%\n"}
,{"stream_name":"stdout","time":2554.600263813,"data":"[Game 560] Range: 2-9 | Median/Mean: 4.0 / 3.952 | Fail: 2.857%\n"}
,{"stream_name":"stdout","time":2594.637633584,"data":"[Game 570] Range: 2-9 | Median/Mean: 4.0 / 3.944 | Fail: 2.807%\n"}
,{"stream_name":"stdout","time":2631.241450518,"data":"[Game 580] Range: 2-9 | Median/Mean: 4.0 / 3.943 | Fail: 2.759%\n"}
,{"stream_name":"stdout","time":2682.098336795,"data":"[Game 590] Range: 2-9 | Median/Mean: 4.0 / 3.947 | Fail: 2.712%\n"}
,{"stream_name":"stdout","time":2734.934170976,"data":"[Game 600] Range: 2-9 | Median/Mean: 4.0 / 3.943 | Fail: 2.667%\n"}
,{"stream_name":"stdout","time":2785.54777422,"data":"[Game 610] Range: 2-9 | Median/Mean: 4.0 / 3.941 | Fail: 2.623%\n"}
,{"stream_name":"stdout","time":2829.530757537,"data":"[Game 620] Range: 2-9 | Median/Mean: 4.0 / 3.940 | Fail: 2.581%\n"}
,{"stream_name":"stdout","time":2877.352599584,"data":"[Game 630] Range: 2-9 | Median/Mean: 4.0 / 3.938 | Fail: 2.540%\n"}
,{"stream_name":"stdout","time":2936.871249434,"data":"[Game 640] Range: 2-9 | Median/Mean: 4.0 / 3.942 | Fail: 2.500%\n"}
,{"stream_name":"stdout","time":2974.203660704,"data":"[Game 650] Range: 2-9 | Median/Mean: 4.0 / 3.946 | Fail: 2.462%\n"}
,{"stream_name":"stdout","time":3018.045649817,"data":"[Game 660] Range: 2-9 | Median/Mean: 4.0 / 3.939 | Fail: 2.424%\n"}
,{"stream_name":"stdout","time":3061.127408986,"data":"[Game 670] Range: 2-9 | Median/Mean: 4.0 / 3.933 | Fail: 2.388%\n"}
,{"stream_name":"stdout","time":3103.327264283,"data":"[Game 680] Range: 2-9 | Median/Mean: 4.0 / 3.935 | Fail: 2.353%\n"}
,{"stream_name":"stdout","time":3156.331158793,"data":"[Game 690] Range: 2-9 | Median/Mean: 4.0 / 3.932 | Fail: 2.319%\n"}
,{"stream_name":"stdout","time":3205.616828665,"data":"[Game 700] Range: 2-9 | Median/Mean: 4.0 / 3.943 | Fail: 2.429%\n"}
,{"stream_name":"stdout","time":3265.792558583,"data":"[Game 710] Range: 2-9 | Median/Mean: 4.0 / 3.952 | Fail: 2.676%\n"}
,{"stream_name":"stdout","time":3320.581701918,"data":"[Game 720] Range: 2-9 | Median/Mean: 4.0 / 3.950 | Fail: 2.639%\n"}
,{"stream_name":"stdout","time":3359.419811145,"data":"[Game 730] Range: 2-9 | Median/Mean: 4.0 / 3.953 | Fail: 2.740%\n"}
,{"stream_name":"stdout","time":3419.730457746,"data":"[Game 740] Range: 2-9 | Median/Mean: 4.0 / 3.955 | Fail: 2.703%\n"}
,{"stream_name":"stdout","time":3473.046839707,"data":"[Game 750] Range: 2-9 | Median/Mean: 4.0 / 3.952 | Fail: 2.667%\n"}
,{"stream_name":"stdout","time":3530.755547863,"data":"[Game 760] Range: 2-9 | Median/Mean: 4.0 / 3.951 | Fail: 2.632%\n"}
,{"stream_name":"stdout","time":3574.805199387,"data":"[Game 770] Range: 2-9 | Median/Mean: 4.0 / 3.945 | Fail: 2.597%\n"}
,{"stream_name":"stdout","time":3638.589335343,"data":"[Game 780] Range: 2-9 | Median/Mean: 4.0 / 3.947 | Fail: 2.564%\n"}
,{"stream_name":"stdout","time":3705.769874913,"data":"[Game 790] Range: 2-9 | Median/Mean: 4.0 / 3.953 | Fail: 2.658%\n"}
,{"stream_name":"stdout","time":3750.883892958,"data":"[Game 800] Range: 2-9 | Median/Mean: 4.0 / 3.953 | Fail: 2.625%\n"}
,{"stream_name":"stdout","time":3795.868644658,"data":"[Game 810] Range: 2-9 | Median/Mean: 4.0 / 3.947 | Fail: 2.593%\n"}
,{"stream_name":"stdout","time":3838.895557252,"data":"[Game 820] Range: 2-9 | Median/Mean: 4.0 / 3.943 | Fail: 2.561%\n"}
,{"stream_name":"stdout","time":3885.193008908,"data":"[Game 830] Range: 2-9 | Median/Mean: 4.0 / 3.940 | Fail: 2.530%\n"}
,{"stream_name":"stdout","time":3931.100882958,"data":"[Game 840] Range: 2-9 | Median/Mean: 4.0 / 3.942 | Fail: 2.500%\n"}
,{"stream_name":"stdout","time":3986.570224096,"data":"[Game 850] Range: 2-9 | Median/Mean: 4.0 / 3.939 | Fail: 2.471%\n"}
,{"stream_name":"stdout","time":4035.517786474,"data":"[Game 860] Range: 2-9 | Median/Mean: 4.0 / 3.940 | Fail: 2.442%\n"}
,{"stream_name":"stdout","time":4059.940732135,"data":"[Game 870] Range: 2-9 | Median/Mean: 4.0 / 3.937 | Fail: 2.414%\n"}
,{"stream_name":"stdout","time":4111.281793616,"data":"[Game 880] Range: 2-9 | Median/Mean: 4.0 / 3.941 | Fail: 2.386%\n"}
,{"stream_name":"stdout","time":4146.780755831,"data":"[Game 890] Range: 2-9 | Median/Mean: 4.0 / 3.936 | Fail: 2.360%\n"}
,{"stream_name":"stdout","time":4191.278914761,"data":"[Game 900] Range: 2-9 | Median/Mean: 4.0 / 3.933 | Fail: 2.333%\n"}
,{"stream_name":"stdout","time":4231.735313963,"data":"[Game 910] Range: 2-9 | Median/Mean: 4.0 / 3.931 | Fail: 2.308%\n"}
,{"stream_name":"stdout","time":4267.516442376,"data":"[Game 920] Range: 2-9 | Median/Mean: 4.0 / 3.928 | Fail: 2.391%\n"}
,{"stream_name":"stdout","time":4318.96840581,"data":"[Game 930] Range: 2-9 | Median/Mean: 4.0 / 3.926 | Fail: 2.366%\n"}
,{"stream_name":"stdout","time":4360.561400546,"data":"[Game 940] Range: 2-9 | Median/Mean: 4.0 / 3.933 | Fail: 2.340%\n"}
,{"stream_name":"stdout","time":4411.641298343,"data":"[Game 950] Range: 2-9 | Median/Mean: 4.0 / 3.933 | Fail: 2.316%\n"}
,{"stream_name":"stdout","time":4451.170717365,"data":"[Game 960] Range: 2-9 | Median/Mean: 4.0 / 3.931 | Fail: 2.292%\n"}
,{"stream_name":"stdout","time":4498.685985445,"data":"[Game 970] Range: 2-9 | Median/Mean: 4.0 / 3.930 | Fail: 2.268%\n"}
,{"stream_name":"stdout","time":4549.882507767,"data":"[Game 980] Range: 2-9 | Median/Mean: 4.0 / 3.928 | Fail: 2.245%\n"}
,{"stream_name":"stdout","time":4620.19147569,"data":"[Game 990] Range: 2-9 | Median/Mean: 4.0 / 3.932 | Fail: 2.323%\n"}
,{"stream_name":"stdout","time":4659.698219605,"data":"[Game 1000] Range: 2-9 | Median/Mean: 4.0 / 3.938 | Fail: 2.400%\n"}
,{"stream_name":"stdout","time":4697.461598417,"data":"[Game 1010] Range: 2-9 | Median/Mean: 4.0 / 3.935 | Fail: 2.376%\n"}
,{"stream_name":"stdout","time":4755.902237283,"data":"[Game 1020] Range: 2-9 | Median/Mean: 4.0 / 3.931 | Fail: 2.353%\n"}
,{"stream_name":"stdout","time":4793.73937727,"data":"[Game 1030] Range: 2-9 | Median/Mean: 4.0 / 3.928 | Fail: 2.330%\n"}
,{"stream_name":"stdout","time":4843.840290624,"data":"[Game 1040] Range: 2-9 | Median/Mean: 4.0 / 3.928 | Fail: 2.308%\n"}
,{"stream_name":"stdout","time":4879.759009774,"data":"[Game 1050] Range: 2-9 | Median/Mean: 4.0 / 3.926 | Fail: 2.286%\n"}
,{"stream_name":"stdout","time":4914.802959342,"data":"[Game 1060] Range: 2-9 | Median/Mean: 4.0 / 3.928 | Fail: 2.264%\n"}
,{"stream_name":"stdout","time":4945.271796021,"data":"[Game 1070] Range: 2-9 | Median/Mean: 4.0 / 3.925 | Fail: 2.243%\n"}
,{"stream_name":"stdout","time":4982.600084909,"data":"[Game 1080] Range: 2-9 | Median/Mean: 4.0 / 3.919 | Fail: 2.222%\n"}
,{"stream_name":"stdout","time":5027.64578649,"data":"[Game 1090] Range: 2-9 | Median/Mean: 4.0 / 3.924 | Fail: 2.202%\n"}
,{"stream_name":"stdout","time":5079.364088893,"data":"[Game 1100] Range: 2-9 | Median/Mean: 4.0 / 3.923 | Fail: 2.182%\n"}
,{"stream_name":"stdout","time":5114.767866184,"data":"[Game 1110] Range: 2-9 | Median/Mean: 4.0 / 3.923 | Fail: 2.162%\n"}
,{"stream_name":"stdout","time":5160.002745637,"data":"[Game 1120] Range: 2-9 | Median/Mean: 4.0 / 3.921 | Fail: 2.143%\n"}
,{"stream_name":"stdout","time":5194.512014991,"data":"[Game 1130] Range: 2-9 | Median/Mean: 4.0 / 3.919 | Fail: 2.124%\n"}
,{"stream_name":"stdout","time":5251.953960778,"data":"[Game 1140] Range: 2-9 | Median/Mean: 4.0 / 3.919 | Fail: 2.105%\n"}
,{"stream_name":"stdout","time":5293.453433287,"data":"[Game 1150] Range: 2-9 | Median/Mean: 4.0 / 3.921 | Fail: 2.087%\n"}
,{"stream_name":"stdout","time":5338.363585029,"data":"[Game 1160] Range: 2-9 | Median/Mean: 4.0 / 3.921 | Fail: 2.069%\n"}
,{"stream_name":"stdout","time":5395.671433422,"data":"[Game 1170] Range: 2-9 | Median/Mean: 4.0 / 3.925 | Fail: 2.051%\n"}
,{"stream_name":"stdout","time":5445.077178094,"data":"[Game 1180] Range: 2-9 | Median/Mean: 4.0 / 3.925 | Fail: 2.034%\n"}
,{"stream_name":"stdout","time":5502.712264741,"data":"[Game 1190] Range: 2-9 | Median/Mean: 4.0 / 3.929 | Fail: 2.017%\n"}
,{"stream_name":"stdout","time":5551.750945271,"data":"[Game 1200] Range: 2-9 | Median/Mean: 4.0 / 3.928 | Fail: 2.000%\n"}
,{"stream_name":"stdout","time":5606.558905042,"data":"[Game 1210] Range: 2-9 | Median/Mean: 4.0 / 3.925 | Fail: 1.983%\n"}
,{"stream_name":"stdout","time":5647.207233587,"data":"[Game 1220] Range: 2-9 | Median/Mean: 4.0 / 3.926 | Fail: 1.967%\n"}
,{"stream_name":"stdout","time":5687.906899541,"data":"[Game 1230] Range: 2-9 | Median/Mean: 4.0 / 3.928 | Fail: 2.033%\n"}
,{"stream_name":"stdout","time":5733.071495612,"data":"[Game 1240] Range: 2-9 | Median/Mean: 4.0 / 3.924 | Fail: 2.016%\n"}
,{"stream_name":"stdout","time":5770.519239358,"data":"[Game 1250] Range: 2-9 | Median/Mean: 4.0 / 3.920 | Fail: 2.000%\n"}
,{"stream_name":"stdout","time":5821.974904073,"data":"[Game 1260] Range: 1-9 | Median/Mean: 4.0 / 3.924 | Fail: 2.143%\n"}
,{"stream_name":"stdout","time":5885.564163657,"data":"[Game 1270] Range: 1-9 | Median/Mean: 4.0 / 3.926 | Fail: 2.205%\n"}
,{"stream_name":"stdout","time":5935.89731292,"data":"[Game 1280] Range: 1-9 | Median/Mean: 4.0 / 3.925 | Fail: 2.188%\n"}
,{"stream_name":"stdout","time":5978.329726735,"data":"[Game 1290] Range: 1-9 | Median/Mean: 4.0 / 3.923 | Fail: 2.171%\n"}
,{"stream_name":"stdout","time":6019.990769809,"data":"[Game 1300] Range: 1-9 | Median/Mean: 4.0 / 3.921 | Fail: 2.154%\n"}
,{"stream_name":"stdout","time":6061.465737902,"data":"[Game 1310] Range: 1-9 | Median/Mean: 4.0 / 3.921 | Fail: 2.137%\n"}
,{"stream_name":"stdout","time":6105.594141449,"data":"[Game 1320] Range: 1-9 | Median/Mean: 4.0 / 3.921 | Fail: 2.121%\n"}
,{"stream_name":"stdout","time":6148.481906122,"data":"[Game 1330] Range: 1-9 | Median/Mean: 4.0 / 3.919 | Fail: 2.105%\n"}
,{"stream_name":"stdout","time":6206.436586272,"data":"[Game 1340] Range: 1-9 | Median/Mean: 4.0 / 3.923 | Fail: 2.090%\n"}
,{"stream_name":"stdout","time":6255.2728685,"data":"[Game 1350] Range: 1-9 | Median/Mean: 4.0 / 3.924 | Fail: 2.074%\n"}
,{"stream_name":"stdout","time":6295.069834839,"data":"[Game 1360] Range: 1-9 | Median/Mean: 4.0 / 3.924 | Fail: 2.059%\n"}
,{"stream_name":"stdout","time":6354.860432704,"data":"[Game 1370] Range: 1-9 | Median/Mean: 4.0 / 3.928 | Fail: 2.044%\n"}
,{"stream_name":"stdout","time":6403.585045947,"data":"[Game 1380] Range: 1-9 | Median/Mean: 4.0 / 3.927 | Fail: 2.029%\n"}
,{"stream_name":"stdout","time":6440.30856925,"data":"[Game 1390] Range: 1-9 | Median/Mean: 4.0 / 3.927 | Fail: 2.014%\n"}
,{"stream_name":"stdout","time":6478.066296315,"data":"[Game 1400] Range: 1-9 | Median/Mean: 4.0 / 3.929 | Fail: 2.071%\n"}
,{"stream_name":"stdout","time":6528.371697757,"data":"[Game 1410] Range: 1-9 | Median/Mean: 4.0 / 3.929 | Fail: 2.057%\n"}
,{"stream_name":"stdout","time":6562.281372097,"data":"[Game 1420] Range: 1-9 | Median/Mean: 4.0 / 3.927 | Fail: 2.042%\n"}
,{"stream_name":"stdout","time":6608.535122014,"data":"[Game 1430] Range: 1-9 | Median/Mean: 4.0 / 3.928 | Fail: 2.028%\n"}
,{"stream_name":"stdout","time":6664.415277542,"data":"[Game 1440] Range: 1-9 | Median/Mean: 4.0 / 3.929 | Fail: 2.014%\n"}
,{"stream_name":"stdout","time":6722.785829283,"data":"[Game 1450] Range: 1-9 | Median/Mean: 4.0 / 3.930 | Fail: 2.069%\n"}
,{"stream_name":"stdout","time":6764.3408995,"data":"[Game 1460] Range: 1-9 | Median/Mean: 4.0 / 3.929 | Fail: 2.055%\n"}
,{"stream_name":"stdout","time":6814.500940043,"data":"[Game 1470] Range: 1-9 | Median/Mean: 4.0 / 3.931 | Fail: 2.041%\n"}
,{"stream_name":"stdout","time":6861.886697947,"data":"[Game 1480] Range: 1-9 | Median/Mean: 4.0 / 3.933 | Fail: 2.027%\n"}
,{"stream_name":"stdout","time":6901.26146136,"data":"[Game 1490] Range: 1-9 | Median/Mean: 4.0 / 3.934 | Fail: 2.013%\n"}
,{"stream_name":"stdout","time":6953.282258309,"data":"[Game 1500] Range: 1-9 | Median/Mean: 4.0 / 3.935 | Fail: 2.000%\n"}
,{"stream_name":"stdout","time":7012.474579476,"data":"[Game 1510] Range: 1-9 | Median/Mean: 4.0 / 3.935 | Fail: 2.053%\n"}
,{"stream_name":"stdout","time":7052.90964591,"data":"[Game 1520] Range: 1-9 | Median/Mean: 4.0 / 3.934 | Fail: 2.105%\n"}
,{"stream_name":"stdout","time":7104.930629177,"data":"[Game 1530] Range: 1-9 | Median/Mean: 4.0 / 3.936 | Fail: 2.092%\n"}
,{"stream_name":"stdout","time":7157.910629974,"data":"[Game 1540] Range: 1-9 | Median/Mean: 4.0 / 3.934 | Fail: 2.078%\n"}
,{"stream_name":"stdout","time":7199.292743293,"data":"[Game 1550] Range: 1-9 | Median/Mean: 4.0 / 3.935 | Fail: 2.065%\n"}
,{"stream_name":"stdout","time":7233.300050073,"data":"[Game 1560] Range: 1-9 | Median/Mean: 4.0 / 3.931 | Fail: 2.051%\n"}
,{"stream_name":"stdout","time":7270.17539406,"data":"[Game 1570] Range: 1-9 | Median/Mean: 4.0 / 3.929 | Fail: 2.038%\n"}
,{"stream_name":"stdout","time":7317.371711835,"data":"[Game 1580] Range: 1-9 | Median/Mean: 4.0 / 3.928 | Fail: 2.025%\n"}
,{"stream_name":"stdout","time":7368.445489458,"data":"[Game 1590] Range: 1-9 | Median/Mean: 4.0 / 3.930 | Fail: 2.013%\n"}
,{"stream_name":"stdout","time":7410.30796517,"data":"[Game 1600] Range: 1-9 | Median/Mean: 4.0 / 3.929 | Fail: 2.000%\n"}
,{"stream_name":"stdout","time":7456.975162356,"data":"[Game 1610] Range: 1-9 | Median/Mean: 4.0 / 3.930 | Fail: 1.988%\n"}
,{"stream_name":"stdout","time":7499.229100395,"data":"[Game 1620] Range: 1-9 | Median/Mean: 4.0 / 3.928 | Fail: 1.975%\n"}
,{"stream_name":"stdout","time":7544.574941276,"data":"[Game 1630] Range: 1-9 | Median/Mean: 4.0 / 3.929 | Fail: 2.025%\n"}
,{"stream_name":"stdout","time":7586.39315903,"data":"[Game 1640] Range: 1-9 | Median/Mean: 4.0 / 3.927 | Fail: 2.012%\n"}
,{"stream_name":"stdout","time":7632.710450128,"data":"[Game 1650] Range: 1-9 | Median/Mean: 4.0 / 3.930 | Fail: 2.061%\n"}
,{"stream_name":"stdout","time":7696.075959238,"data":"[Game 1660] Range: 1-9 | Median/Mean: 4.0 / 3.933 | Fail: 2.048%\n"}
,{"stream_name":"stdout","time":7740.741399433,"data":"[Game 1670] Range: 1-9 | Median/Mean: 4.0 / 3.932 | Fail: 2.036%\n"}
,{"stream_name":"stdout","time":7783.246717186,"data":"[Game 1680] Range: 1-9 | Median/Mean: 4.0 / 3.933 | Fail: 2.024%\n"}
,{"stream_name":"stdout","time":7840.779377334,"data":"[Game 1690] Range: 1-9 | Median/Mean: 4.0 / 3.930 | Fail: 2.012%\n"}
,{"stream_name":"stdout","time":7874.85664789,"data":"[Game 1700] Range: 1-9 | Median/Mean: 4.0 / 3.930 | Fail: 2.000%\n"}
,{"stream_name":"stdout","time":7919.306011311,"data":"[Game 1710] Range: 1-9 | Median/Mean: 4.0 / 3.928 | Fail: 1.988%\n"}
,{"stream_name":"stdout","time":7955.191375754,"data":"[Game 1720] Range: 1-9 | Median/Mean: 4.0 / 3.930 | Fail: 1.977%\n"}
,{"stream_name":"stdout","time":7999.346962802,"data":"[Game 1730] Range: 1-9 | Median/Mean: 4.0 / 3.930 | Fail: 2.023%\n"}
,{"stream_name":"stdout","time":8062.927396668,"data":"[Game 1740] Range: 1-9 | Median/Mean: 4.0 / 3.933 | Fail: 2.069%\n"}
,{"stream_name":"stdout","time":8118.667557779,"data":"[Game 1750] Range: 1-9 | Median/Mean: 4.0 / 3.930 | Fail: 2.057%\n"}
,{"stream_name":"stdout","time":8171.434729789,"data":"[Game 1760] Range: 1-9 | Median/Mean: 4.0 / 3.931 | Fail: 2.045%\n"}
,{"stream_name":"stdout","time":8226.357216879,"data":"[Game 1770] Range: 1-9 | Median/Mean: 4.0 / 3.934 | Fail: 2.090%\n"}
,{"stream_name":"stdout","time":8268.89976901,"data":"[Game 1780] Range: 1-9 | Median/Mean: 4.0 / 3.934 | Fail: 2.079%\n"}
,{"stream_name":"stdout","time":8323.72865854,"data":"[Game 1790] Range: 1-9 | Median/Mean: 4.0 / 3.934 | Fail: 2.067%\n"}
,{"stream_name":"stdout","time":8376.253694774,"data":"[Game 1800] Range: 1-9 | Median/Mean: 4.0 / 3.933 | Fail: 2.056%\n"}
,{"stream_name":"stdout","time":8419.251520851,"data":"[Game 1810] Range: 1-9 | Median/Mean: 4.0 / 3.935 | Fail: 2.044%\n"}
,{"stream_name":"stdout","time":8465.310210845,"data":"[Game 1820] Range: 1-9 | Median/Mean: 4.0 / 3.935 | Fail: 2.088%\n"}
,{"stream_name":"stdout","time":8522.75076332,"data":"[Game 1830] Range: 1-9 | Median/Mean: 4.0 / 3.935 | Fail: 2.077%\n"}
,{"stream_name":"stdout","time":8564.649100151,"data":"[Game 1840] Range: 1-9 | Median/Mean: 4.0 / 3.935 | Fail: 2.065%\n"}
,{"stream_name":"stdout","time":8616.971543154,"data":"[Game 1850] Range: 1-9 | Median/Mean: 4.0 / 3.938 | Fail: 2.054%\n"}
,{"stream_name":"stdout","time":8668.33089334,"data":"[Game 1860] Range: 1-9 | Median/Mean: 4.0 / 3.937 | Fail: 2.043%\n"}
,{"stream_name":"stdout","time":8718.047207965,"data":"[Game 1870] Range: 1-9 | Median/Mean: 4.0 / 3.937 | Fail: 2.086%\n"}
,{"stream_name":"stdout","time":8780.524456912,"data":"[Game 1880] Range: 1-9 | Median/Mean: 4.0 / 3.943 | Fail: 2.234%\n"}
,{"stream_name":"stdout","time":8832.811454651,"data":"[Game 1890] Range: 1-9 | Median/Mean: 4.0 / 3.944 | Fail: 2.222%\n"}
,{"stream_name":"stdout","time":8866.959896471,"data":"[Game 1900] Range: 1-9 | Median/Mean: 4.0 / 3.946 | Fail: 2.263%\n"}
,{"stream_name":"stdout","time":8917.640912243,"data":"[Game 1910] Range: 1-9 | Median/Mean: 4.0 / 3.945 | Fail: 2.251%\n"}
,{"stream_name":"stdout","time":8954.624442036,"data":"[Game 1920] Range: 1-9 | Median/Mean: 4.0 / 3.943 | Fail: 2.240%\n"}
,{"stream_name":"stdout","time":9004.612993233,"data":"[Game 1930] Range: 1-9 | Median/Mean: 4.0 / 3.941 | Fail: 2.228%\n"}
,{"stream_name":"stdout","time":9045.381954761,"data":"[Game 1940] Range: 1-9 | Median/Mean: 4.0 / 3.942 | Fail: 2.216%\n"}
,{"stream_name":"stdout","time":9112.955471586,"data":"[Game 1950] Range: 1-9 | Median/Mean: 4.0 / 3.942 | Fail: 2.205%\n"}
,{"stream_name":"stdout","time":9169.288198069,"data":"[Game 1960] Range: 1-9 | Median/Mean: 4.0 / 3.943 | Fail: 2.245%\n"}
,{"stream_name":"stdout","time":9216.12819186,"data":"[Game 1970] Range: 1-9 | Median/Mean: 4.0 / 3.944 | Fail: 2.234%\n"}
,{"stream_name":"stdout","time":9272.633267732,"data":"[Game 1980] Range: 1-9 | Median/Mean: 4.0 / 3.945 | Fail: 2.222%\n"}
,{"stream_name":"stdout","time":9309.113545391,"data":"[Game 1990] Range: 1-9 | Median/Mean: 4.0 / 3.944 | Fail: 2.211%\n"}
,{"stream_name":"stdout","time":9364.590932363,"data":"[Game 2000] Range: 1-9 | Median/Mean: 4.0 / 3.944 | Fail: 2.250%\n"}
,{"stream_name":"stdout","time":9422.219814867,"data":"[Game 2010] Range: 1-9 | Median/Mean: 4.0 / 3.944 | Fail: 2.239%\n"}
,{"stream_name":"stdout","time":9466.155956237,"data":"[Game 2020] Range: 1-9 | Median/Mean: 4.0 / 3.945 | Fail: 2.277%\n"}
,{"stream_name":"stdout","time":9516.844595746,"data":"[Game 2030] Range: 1-9 | Median/Mean: 4.0 / 3.944 | Fail: 2.266%\n"}
,{"stream_name":"stdout","time":9555.742091007,"data":"[Game 2040] Range: 1-9 | Median/Mean: 4.0 / 3.943 | Fail: 2.255%\n"}
,{"stream_name":"stdout","time":9609.733000271,"data":"[Game 2050] Range: 1-9 | Median/Mean: 4.0 / 3.943 | Fail: 2.244%\n"}
,{"stream_name":"stdout","time":9645.866289756,"data":"[Game 2060] Range: 1-9 | Median/Mean: 4.0 / 3.940 | Fail: 2.233%\n"}
,{"stream_name":"stdout","time":9690.078695002,"data":"[Game 2070] Range: 1-9 | Median/Mean: 4.0 / 3.943 | Fail: 2.271%\n"}
,{"stream_name":"stdout","time":9736.365148766,"data":"[Game 2080] Range: 1-9 | Median/Mean: 4.0 / 3.945 | Fail: 2.308%\n"}
,{"stream_name":"stdout","time":9774.799679073,"data":"[Game 2090] Range: 1-9 | Median/Mean: 4.0 / 3.944 | Fail: 2.297%\n"}
,{"stream_name":"stdout","time":9824.304404848,"data":"[Game 2100] Range: 1-9 | Median/Mean: 4.0 / 3.949 | Fail: 2.381%\n"}
,{"stream_name":"stdout","time":9876.706511823,"data":"[Game 2110] Range: 1-9 | Median/Mean: 4.0 / 3.946 | Fail: 2.370%\n"}
,{"stream_name":"stdout","time":9919.055844341,"data":"[Game 2120] Range: 1-9 | Median/Mean: 4.0 / 3.948 | Fail: 2.358%\n"}
,{"stream_name":"stdout","time":9983.269823509,"data":"[Game 2130] Range: 1-9 | Median/Mean: 4.0 / 3.952 | Fail: 2.347%\n"}
,{"stream_name":"stdout","time":10028.436615954,"data":"[Game 2140] Range: 1-9 | Median/Mean: 4.0 / 3.952 | Fail: 2.336%\n"}
,{"stream_name":"stdout","time":10071.514124909,"data":"[Game 2150] Range: 1-9 | Median/Mean: 4.0 / 3.952 | Fail: 2.326%\n"}
,{"stream_name":"stdout","time":10115.684242959,"data":"[Game 2160] Range: 1-9 | Median/Mean: 4.0 / 3.951 | Fail: 2.315%\n"}
,{"stream_name":"stdout","time":10170.341878,"data":"[Game 2170] Range: 1-9 | Median/Mean: 4.0 / 3.952 | Fail: 2.350%\n"}
,{"stream_name":"stdout","time":10221.668669511,"data":"[Game 2180] Range: 1-9 | Median/Mean: 4.0 / 3.953 | Fail: 2.339%\n"}
,{"stream_name":"stdout","time":10272.586464685,"data":"[Game 2190] Range: 1-9 | Median/Mean: 4.0 / 3.953 | Fail: 2.329%\n"}
,{"stream_name":"stdout","time":10321.689280149,"data":"[Game 2200] Range: 1-9 | Median/Mean: 4.0 / 3.953 | Fail: 2.318%\n"}
,{"stream_name":"stdout","time":10375.355950551,"data":"[Game 2210] Range: 1-9 | Median/Mean: 4.0 / 3.952 | Fail: 2.308%\n"}
,{"stream_name":"stdout","time":10439.525993701,"data":"[Game 2220] Range: 1-9 | Median/Mean: 4.0 / 3.954 | Fail: 2.297%\n"}
,{"stream_name":"stdout","time":10492.38190011,"data":"[Game 2230] Range: 1-9 | Median/Mean: 4.0 / 3.954 | Fail: 2.287%\n"}
,{"stream_name":"stdout","time":10519.679172272,"data":"[Game 2240] Range: 1-9 | Median/Mean: 4.0 / 3.953 | Fail: 2.277%\n"}
,{"stream_name":"stdout","time":10568.781358503,"data":"[Game 2250] Range: 1-9 | Median/Mean: 4.0 / 3.954 | Fail: 2.267%\n"}
,{"stream_name":"stdout","time":10625.147511251,"data":"[Game 2260] Range: 1-9 | Median/Mean: 4.0 / 3.958 | Fail: 2.345%\n"}
,{"stream_name":"stdout","time":10686.042003906,"data":"[Game 2270] Range: 1-9 | Median/Mean: 4.0 / 3.959 | Fail: 2.379%\n"}
,{"stream_name":"stdout","time":10740.062767461,"data":"[Game 2280] Range: 1-9 | Median/Mean: 4.0 / 3.959 | Fail: 2.368%\n"}
,{"stream_name":"stdout","time":10789.564971945,"data":"[Game 2290] Range: 1-9 | Median/Mean: 4.0 / 3.959 | Fail: 2.402%\n"}
,{"stream_name":"stdout","time":10845.12073121,"data":"[Game 2300] Range: 1-9 | Median/Mean: 4.0 / 3.958 | Fail: 2.391%\n"}
,{"stream_name":"stdout","time":10895.143601944,"data":"[Game 2310] Range: 1-9 | Median/Mean: 4.0 / 3.957 | Fail: 2.381%\n"}
,{"stream_name":"stdout","time":10919.014145162,"data":"Summary:\n"}
,{"stream_name":"stdout","time":10919.026580844,"data":"Distribution across steps:\n"}
,{"stream_name":"stdout","time":10919.036184065,"data":"Key Metrics:\n"}
,{"stream_name":"stderr","time":10923.189052128,"data":"/opt/conda/lib/python3.7/site-packages/traitlets/traitlets.py:2567: FutureWarning: --Exporter.preprocessors=[\"remove_papermill_header.RemovePapermillHeader\"] for containers is deprecated in traitlets 5.0. You can pass `--Exporter.preprocessors item` ... multiple times to add items to a list.\n"}
,{"stream_name":"stderr","time":10923.189107654,"data":"  FutureWarning,\n"}
,{"stream_name":"stderr","time":10923.189117717,"data":"[NbConvertApp] Converting notebook __notebook__.ipynb to notebook\n"}
,{"stream_name":"stderr","time":10923.609311522,"data":"[NbConvertApp] Writing 33051 bytes to __notebook__.ipynb\n"}
,{"stream_name":"stderr","time":10926.239714765,"data":"/opt/conda/lib/python3.7/site-packages/traitlets/traitlets.py:2567: FutureWarning: --Exporter.preprocessors=[\"nbconvert.preprocessors.ExtractOutputPreprocessor\"] for containers is deprecated in traitlets 5.0. You can pass `--Exporter.preprocessors item` ... multiple times to add items to a list.\n"}
,{"stream_name":"stderr","time":10926.239810865,"data":"  FutureWarning,\n"}
,{"stream_name":"stderr","time":10926.239831966,"data":"[NbConvertApp] Converting notebook __notebook__.ipynb to html\n"}
,{"stream_name":"stderr","time":10926.906605488,"data":"[NbConvertApp] Writing 308377 bytes to __results__.html\n"}
]