[{"stream_name":"stderr","time":11.166777547,"data":"/opt/conda/lib/python3.7/site-packages/papermill/iorw.py:50: FutureWarning: pyarrow.HadoopFileSystem is deprecated as of 2.0.0, please use pyarrow.fs.HadoopFileSystem instead.\n"}
,{"stream_name":"stderr","time":11.166869719,"data":"  from pyarrow import HadoopFileSystem\n"}
,{"stream_name":"stdout","time":12.66601336,"data":"[ ---------- DARES ----------]\n"}
,{"stream_name":"stdout","time":60.760295498,"data":"[Game 10] Range: 2-6 | Median/Mean: 4.0 / 4.100 | Fail: 0.000%\n"}
,{"stream_name":"stdout","time":103.948176107,"data":"[Game 20] Range: 2-6 | Median/Mean: 4.0 / 4.000 | Fail: 0.000%\n"}
,{"stream_name":"stdout","time":140.799937583,"data":"[Game 30] Range: 2-6 | Median/Mean: 4.0 / 3.867 | Fail: 0.000%\n"}
,{"stream_name":"stdout","time":183.603644326,"data":"[Game 40] Range: 2-6 | Median/Mean: 4.0 / 4.025 | Fail: 0.000%\n"}
,{"stream_name":"stdout","time":227.95041756,"data":"[Game 50] Range: 2-6 | Median/Mean: 4.0 / 4.140 | Fail: 0.000%\n"}
,{"stream_name":"stdout","time":280.81232209,"data":"[Game 60] Range: 2-6 | Median/Mean: 4.0 / 4.100 | Fail: 0.000%\n"}
,{"stream_name":"stdout","time":320.021518107,"data":"[Game 70] Range: 2-6 | Median/Mean: 4.0 / 4.143 | Fail: 0.000%\n"}
,{"stream_name":"stdout","time":362.803226828,"data":"[Game 80] Range: 2-6 | Median/Mean: 4.0 / 4.050 | Fail: 0.000%\n"}
,{"stream_name":"stdout","time":409.034009135,"data":"[Game 90] Range: 2-8 | Median/Mean: 4.0 / 4.100 | Fail: 1.111%\n"}
,{"stream_name":"stdout","time":450.72859276,"data":"[Game 100] Range: 2-8 | Median/Mean: 4.0 / 4.040 | Fail: 1.000%\n"}
,{"stream_name":"stdout","time":478.75546162,"data":"[Game 110] Range: 2-8 | Median/Mean: 4.0 / 4.000 | Fail: 0.909%\n"}
,{"stream_name":"stdout","time":539.135009431,"data":"[Game 120] Range: 2-8 | Median/Mean: 4.0 / 4.008 | Fail: 1.667%\n"}
,{"stream_name":"stdout","time":576.99100698,"data":"[Game 130] Range: 2-8 | Median/Mean: 4.0 / 3.962 | Fail: 1.538%\n"}
,{"stream_name":"stdout","time":630.306821182,"data":"[Game 140] Range: 2-8 | Median/Mean: 4.0 / 3.964 | Fail: 1.429%\n"}
,{"stream_name":"stdout","time":671.520578731,"data":"[Game 150] Range: 2-8 | Median/Mean: 4.0 / 3.953 | Fail: 1.333%\n"}
,{"stream_name":"stdout","time":706.49033728,"data":"[Game 160] Range: 2-8 | Median/Mean: 4.0 / 3.975 | Fail: 1.250%\n"}
,{"stream_name":"stdout","time":752.301956401,"data":"[Game 170] Range: 2-8 | Median/Mean: 4.0 / 3.988 | Fail: 1.176%\n"}
,{"stream_name":"stdout","time":795.344295279,"data":"[Game 180] Range: 2-8 | Median/Mean: 4.0 / 3.994 | Fail: 1.111%\n"}
,{"stream_name":"stdout","time":853.14787066,"data":"[Game 190] Range: 2-8 | Median/Mean: 4.0 / 4.021 | Fail: 1.053%\n"}
,{"stream_name":"stdout","time":891.930190569,"data":"[Game 200] Range: 2-8 | Median/Mean: 4.0 / 3.990 | Fail: 1.000%\n"}
,{"stream_name":"stdout","time":946.992469202,"data":"[Game 210] Range: 2-8 | Median/Mean: 4.0 / 4.000 | Fail: 0.952%\n"}
,{"stream_name":"stdout","time":1003.511951036,"data":"[Game 220] Range: 2-8 | Median/Mean: 4.0 / 3.977 | Fail: 0.909%\n"}
,{"stream_name":"stdout","time":1054.516656671,"data":"[Game 230] Range: 2-8 | Median/Mean: 4.0 / 3.983 | Fail: 0.870%\n"}
,{"stream_name":"stdout","time":1105.667770003,"data":"[Game 240] Range: 2-8 | Median/Mean: 4.0 / 3.987 | Fail: 0.833%\n"}
,{"stream_name":"stdout","time":1163.879970322,"data":"[Game 250] Range: 2-8 | Median/Mean: 4.0 / 4.008 | Fail: 0.800%\n"}
,{"stream_name":"stdout","time":1229.086023735,"data":"[Game 260] Range: 2-8 | Median/Mean: 4.0 / 4.019 | Fail: 0.769%\n"}
,{"stream_name":"stdout","time":1253.686684003,"data":"[Game 270] Range: 2-8 | Median/Mean: 4.0 / 4.015 | Fail: 0.741%\n"}
,{"stream_name":"stdout","time":1305.050935457,"data":"[Game 280] Range: 2-8 | Median/Mean: 4.0 / 4.004 | Fail: 1.071%\n"}
,{"stream_name":"stdout","time":1351.249688919,"data":"[Game 290] Range: 2-8 | Median/Mean: 4.0 / 3.993 | Fail: 1.034%\n"}
,{"stream_name":"stdout","time":1397.175345054,"data":"[Game 300] Range: 2-8 | Median/Mean: 4.0 / 4.000 | Fail: 1.000%\n"}
,{"stream_name":"stdout","time":1450.528518826,"data":"[Game 310] Range: 2-8 | Median/Mean: 4.0 / 4.006 | Fail: 1.290%\n"}
,{"stream_name":"stdout","time":1498.273304657,"data":"[Game 320] Range: 2-8 | Median/Mean: 4.0 / 4.006 | Fail: 1.250%\n"}
,{"stream_name":"stdout","time":1539.624163931,"data":"[Game 330] Range: 2-8 | Median/Mean: 4.0 / 4.003 | Fail: 1.212%\n"}
,{"stream_name":"stdout","time":1575.104534453,"data":"[Game 340] Range: 2-8 | Median/Mean: 4.0 / 3.997 | Fail: 1.176%\n"}
,{"stream_name":"stdout","time":1624.711139982,"data":"[Game 350] Range: 2-8 | Median/Mean: 4.0 / 3.986 | Fail: 1.143%\n"}
,{"stream_name":"stdout","time":1667.230571616,"data":"[Game 360] Range: 2-8 | Median/Mean: 4.0 / 3.983 | Fail: 1.389%\n"}
,{"stream_name":"stdout","time":1720.730199895,"data":"[Game 370] Range: 2-8 | Median/Mean: 4.0 / 3.981 | Fail: 1.622%\n"}
,{"stream_name":"stdout","time":1772.298645849,"data":"[Game 380] Range: 2-8 | Median/Mean: 4.0 / 3.987 | Fail: 1.579%\n"}
,{"stream_name":"stdout","time":1811.325359494,"data":"[Game 390] Range: 2-8 | Median/Mean: 4.0 / 3.995 | Fail: 2.051%\n"}
,{"stream_name":"stdout","time":1857.323208831,"data":"[Game 400] Range: 2-8 | Median/Mean: 4.0 / 4.003 | Fail: 2.000%\n"}
,{"stream_name":"stdout","time":1903.765720146,"data":"[Game 410] Range: 2-8 | Median/Mean: 4.0 / 4.007 | Fail: 1.951%\n"}
,{"stream_name":"stdout","time":1956.980596759,"data":"[Game 420] Range: 2-8 | Median/Mean: 4.0 / 3.998 | Fail: 1.905%\n"}
,{"stream_name":"stdout","time":2011.255262986,"data":"[Game 430] Range: 2-8 | Median/Mean: 4.0 / 4.007 | Fail: 1.860%\n"}
,{"stream_name":"stdout","time":2064.93465409,"data":"[Game 440] Range: 2-8 | Median/Mean: 4.0 / 4.014 | Fail: 1.818%\n"}
,{"stream_name":"stdout","time":2113.592570618,"data":"[Game 450] Range: 2-8 | Median/Mean: 4.0 / 4.011 | Fail: 1.778%\n"}
,{"stream_name":"stdout","time":2158.302217677,"data":"[Game 460] Range: 2-8 | Median/Mean: 4.0 / 4.009 | Fail: 1.739%\n"}
,{"stream_name":"stdout","time":2230.491421478,"data":"[Game 470] Range: 2-8 | Median/Mean: 4.0 / 4.021 | Fail: 1.915%\n"}
,{"stream_name":"stdout","time":2291.653422786,"data":"[Game 480] Range: 2-8 | Median/Mean: 4.0 / 4.031 | Fail: 1.875%\n"}
,{"stream_name":"stdout","time":2333.437989674,"data":"[Game 490] Range: 2-8 | Median/Mean: 4.0 / 4.037 | Fail: 2.041%\n"}
,{"stream_name":"stdout","time":2386.449698266,"data":"[Game 500] Range: 2-8 | Median/Mean: 4.0 / 4.034 | Fail: 2.000%\n"}
,{"stream_name":"stdout","time":2424.052836031,"data":"[Game 510] Range: 2-8 | Median/Mean: 4.0 / 4.033 | Fail: 2.157%\n"}
,{"stream_name":"stdout","time":2464.892203021,"data":"[Game 520] Range: 2-8 | Median/Mean: 4.0 / 4.035 | Fail: 2.115%\n"}
,{"stream_name":"stdout","time":2511.634142478,"data":"[Game 530] Range: 2-8 | Median/Mean: 4.0 / 4.032 | Fail: 2.264%\n"}
,{"stream_name":"stdout","time":2574.493223336,"data":"[Game 540] Range: 2-8 | Median/Mean: 4.0 / 4.043 | Fail: 2.407%\n"}
,{"stream_name":"stdout","time":2625.154266512,"data":"[Game 550] Range: 2-8 | Median/Mean: 4.0 / 4.044 | Fail: 2.364%\n"}
,{"stream_name":"stdout","time":2679.714725248,"data":"[Game 560] Range: 2-8 | Median/Mean: 4.0 / 4.061 | Fail: 2.500%\n"}
,{"stream_name":"stdout","time":2731.842952648,"data":"[Game 570] Range: 2-8 | Median/Mean: 4.0 / 4.065 | Fail: 2.456%\n"}
,{"stream_name":"stdout","time":2772.327695171,"data":"[Game 580] Range: 2-8 | Median/Mean: 4.0 / 4.057 | Fail: 2.414%\n"}
,{"stream_name":"stdout","time":2829.696451744,"data":"[Game 590] Range: 2-8 | Median/Mean: 4.0 / 4.064 | Fail: 2.542%\n"}
,{"stream_name":"stdout","time":2867.541578986,"data":"[Game 600] Range: 2-8 | Median/Mean: 4.0 / 4.057 | Fail: 2.500%\n"}
,{"stream_name":"stdout","time":2919.140720687,"data":"[Game 610] Range: 2-8 | Median/Mean: 4.0 / 4.057 | Fail: 2.459%\n"}
,{"stream_name":"stdout","time":2956.875658261,"data":"[Game 620] Range: 2-8 | Median/Mean: 4.0 / 4.055 | Fail: 2.419%\n"}
,{"stream_name":"stdout","time":3009.478231258,"data":"[Game 630] Range: 2-8 | Median/Mean: 4.0 / 4.046 | Fail: 2.381%\n"}
,{"stream_name":"stdout","time":3055.465683272,"data":"[Game 640] Range: 2-8 | Median/Mean: 4.0 / 4.044 | Fail: 2.344%\n"}
,{"stream_name":"stdout","time":3092.537254716,"data":"[Game 650] Range: 2-8 | Median/Mean: 4.0 / 4.037 | Fail: 2.308%\n"}
,{"stream_name":"stdout","time":3136.409583865,"data":"[Game 660] Range: 2-8 | Median/Mean: 4.0 / 4.032 | Fail: 2.273%\n"}
,{"stream_name":"stdout","time":3182.3151307,"data":"[Game 670] Range: 2-8 | Median/Mean: 4.0 / 4.025 | Fail: 2.239%\n"}
,{"stream_name":"stdout","time":3212.444030786,"data":"[Game 680] Range: 2-8 | Median/Mean: 4.0 / 4.013 | Fail: 2.206%\n"}
,{"stream_name":"stdout","time":3257.345756587,"data":"[Game 690] Range: 2-8 | Median/Mean: 4.0 / 4.009 | Fail: 2.174%\n"}
,{"stream_name":"stdout","time":3306.949766544,"data":"[Game 700] Range: 2-8 | Median/Mean: 4.0 / 4.019 | Fail: 2.143%\n"}
,{"stream_name":"stdout","time":3369.478506132,"data":"[Game 710] Range: 2-8 | Median/Mean: 4.0 / 4.027 | Fail: 2.254%\n"}
,{"stream_name":"stdout","time":3435.075725406,"data":"[Game 720] Range: 2-8 | Median/Mean: 4.0 / 4.028 | Fail: 2.222%\n"}
,{"stream_name":"stdout","time":3478.735625962,"data":"[Game 730] Range: 2-8 | Median/Mean: 4.0 / 4.034 | Fail: 2.192%\n"}
,{"stream_name":"stdout","time":3533.051548159,"data":"[Game 740] Range: 2-8 | Median/Mean: 4.0 / 4.036 | Fail: 2.162%\n"}
,{"stream_name":"stdout","time":3590.750270761,"data":"[Game 750] Range: 2-8 | Median/Mean: 4.0 / 4.033 | Fail: 2.133%\n"}
,{"stream_name":"stdout","time":3640.181619913,"data":"[Game 760] Range: 2-8 | Median/Mean: 4.0 / 4.033 | Fail: 2.105%\n"}
,{"stream_name":"stdout","time":3699.541703515,"data":"[Game 770] Range: 2-8 | Median/Mean: 4.0 / 4.031 | Fail: 2.078%\n"}
,{"stream_name":"stdout","time":3744.419141871,"data":"[Game 780] Range: 2-8 | Median/Mean: 4.0 / 4.029 | Fail: 2.051%\n"}
,{"stream_name":"stdout","time":3788.590278722,"data":"[Game 790] Range: 2-8 | Median/Mean: 4.0 / 4.035 | Fail: 2.152%\n"}
,{"stream_name":"stdout","time":3839.689105908,"data":"[Game 800] Range: 2-8 | Median/Mean: 4.0 / 4.040 | Fail: 2.125%\n"}
,{"stream_name":"stdout","time":3883.88906574,"data":"[Game 810] Range: 2-8 | Median/Mean: 4.0 / 4.032 | Fail: 2.099%\n"}
,{"stream_name":"stdout","time":3934.074864912,"data":"[Game 820] Range: 2-8 | Median/Mean: 4.0 / 4.027 | Fail: 2.073%\n"}
,{"stream_name":"stdout","time":3970.87653032,"data":"[Game 830] Range: 2-8 | Median/Mean: 4.0 / 4.023 | Fail: 2.048%\n"}
,{"stream_name":"stdout","time":4026.778150575,"data":"[Game 840] Range: 2-9 | Median/Mean: 4.0 / 4.030 | Fail: 2.143%\n"}
,{"stream_name":"stdout","time":4071.394377265,"data":"[Game 850] Range: 2-9 | Median/Mean: 4.0 / 4.026 | Fail: 2.118%\n"}
,{"stream_name":"stdout","time":4133.545242231,"data":"[Game 860] Range: 2-9 | Median/Mean: 4.0 / 4.027 | Fail: 2.209%\n"}
,{"stream_name":"stdout","time":4187.24079321,"data":"[Game 870] Range: 2-9 | Median/Mean: 4.0 / 4.024 | Fail: 2.184%\n"}
,{"stream_name":"stdout","time":4242.797139403,"data":"[Game 880] Range: 2-9 | Median/Mean: 4.0 / 4.028 | Fail: 2.159%\n"}
,{"stream_name":"stdout","time":4289.897652268,"data":"[Game 890] Range: 2-9 | Median/Mean: 4.0 / 4.024 | Fail: 2.135%\n"}
,{"stream_name":"stdout","time":4351.35978698,"data":"[Game 900] Range: 2-9 | Median/Mean: 4.0 / 4.022 | Fail: 2.111%\n"}
,{"stream_name":"stdout","time":4386.209026304,"data":"[Game 910] Range: 2-9 | Median/Mean: 4.0 / 4.020 | Fail: 2.198%\n"}
,{"stream_name":"stdout","time":4416.008863713,"data":"[Game 920] Range: 2-9 | Median/Mean: 4.0 / 4.018 | Fail: 2.174%\n"}
,{"stream_name":"stdout","time":4476.173065875,"data":"[Game 930] Range: 2-9 | Median/Mean: 4.0 / 4.019 | Fail: 2.151%\n"}
,{"stream_name":"stdout","time":4506.37745258,"data":"[Game 940] Range: 2-9 | Median/Mean: 4.0 / 4.013 | Fail: 2.128%\n"}
,{"stream_name":"stdout","time":4562.441029059,"data":"[Game 950] Range: 2-9 | Median/Mean: 4.0 / 4.011 | Fail: 2.105%\n"}
,{"stream_name":"stdout","time":4610.233401853,"data":"[Game 960] Range: 2-9 | Median/Mean: 4.0 / 4.010 | Fail: 2.083%\n"}
,{"stream_name":"stdout","time":4651.090096016,"data":"[Game 970] Range: 2-9 | Median/Mean: 4.0 / 4.011 | Fail: 2.062%\n"}
,{"stream_name":"stdout","time":4706.306891906,"data":"[Game 980] Range: 2-9 | Median/Mean: 4.0 / 4.013 | Fail: 2.041%\n"}
,{"stream_name":"stdout","time":4772.445134271,"data":"[Game 990] Range: 2-9 | Median/Mean: 4.0 / 4.013 | Fail: 2.121%\n"}
,{"stream_name":"stdout","time":4817.315474927,"data":"[Game 1000] Range: 2-9 | Median/Mean: 4.0 / 4.009 | Fail: 2.100%\n"}
,{"stream_name":"stdout","time":4870.792768697,"data":"[Game 1010] Range: 2-9 | Median/Mean: 4.0 / 4.007 | Fail: 2.079%\n"}
,{"stream_name":"stdout","time":4911.560408895,"data":"[Game 1020] Range: 2-9 | Median/Mean: 4.0 / 4.008 | Fail: 2.157%\n"}
,{"stream_name":"stdout","time":4948.902770767,"data":"[Game 1030] Range: 2-9 | Median/Mean: 4.0 / 4.006 | Fail: 2.136%\n"}
,{"stream_name":"stdout","time":4991.950155733,"data":"[Game 1040] Range: 2-9 | Median/Mean: 4.0 / 4.002 | Fail: 2.115%\n"}
,{"stream_name":"stdout","time":5041.059177215,"data":"[Game 1050] Range: 2-9 | Median/Mean: 4.0 / 4.003 | Fail: 2.095%\n"}
,{"stream_name":"stdout","time":5102.948329735,"data":"[Game 1060] Range: 2-9 | Median/Mean: 4.0 / 4.008 | Fail: 2.075%\n"}
,{"stream_name":"stdout","time":5129.422684864,"data":"[Game 1070] Range: 2-9 | Median/Mean: 4.0 / 4.004 | Fail: 2.056%\n"}
,{"stream_name":"stdout","time":5168.151840274,"data":"[Game 1080] Range: 2-9 | Median/Mean: 4.0 / 3.998 | Fail: 2.037%\n"}
,{"stream_name":"stdout","time":5203.77883744,"data":"[Game 1090] Range: 2-9 | Median/Mean: 4.0 / 4.002 | Fail: 2.018%\n"}
,{"stream_name":"stdout","time":5252.36359214,"data":"[Game 1100] Range: 2-9 | Median/Mean: 4.0 / 4.001 | Fail: 2.000%\n"}
,{"stream_name":"stdout","time":5288.981209258,"data":"[Game 1110] Range: 2-9 | Median/Mean: 4.0 / 3.998 | Fail: 1.982%\n"}
,{"stream_name":"stdout","time":5346.843771651,"data":"[Game 1120] Range: 2-9 | Median/Mean: 4.0 / 3.997 | Fail: 1.964%\n"}
,{"stream_name":"stdout","time":5398.104345155,"data":"[Game 1130] Range: 2-9 | Median/Mean: 4.0 / 3.999 | Fail: 1.947%\n"}
,{"stream_name":"stdout","time":5454.317260841,"data":"[Game 1140] Range: 2-9 | Median/Mean: 4.0 / 4.002 | Fail: 2.018%\n"}
,{"stream_name":"stdout","time":5473.993121054,"data":"[Game 1150] Range: 2-9 | Median/Mean: 4.0 / 3.997 | Fail: 2.000%\n"}
,{"stream_name":"stdout","time":5499.410091146,"data":"[Game 1160] Range: 2-9 | Median/Mean: 4.0 / 3.993 | Fail: 1.983%\n"}
,{"stream_name":"stdout","time":5547.093921799,"data":"[Game 1170] Range: 2-9 | Median/Mean: 4.0 / 3.992 | Fail: 1.966%\n"}
,{"stream_name":"stdout","time":5585.773124362,"data":"[Game 1180] Range: 2-9 | Median/Mean: 4.0 / 3.992 | Fail: 1.949%\n"}
,{"stream_name":"stdout","time":5636.978298527,"data":"[Game 1190] Range: 2-9 | Median/Mean: 4.0 / 3.992 | Fail: 1.933%\n"}
,{"stream_name":"stdout","time":5684.484726128,"data":"[Game 1200] Range: 2-9 | Median/Mean: 4.0 / 3.989 | Fail: 1.917%\n"}
,{"stream_name":"stdout","time":5740.21064094,"data":"[Game 1210] Range: 2-9 | Median/Mean: 4.0 / 3.987 | Fail: 1.901%\n"}
,{"stream_name":"stdout","time":5793.836057053,"data":"[Game 1220] Range: 2-9 | Median/Mean: 4.0 / 3.986 | Fail: 1.885%\n"}
,{"stream_name":"stdout","time":5853.143575089,"data":"[Game 1230] Range: 2-9 | Median/Mean: 4.0 / 3.992 | Fail: 1.951%\n"}
,{"stream_name":"stdout","time":5917.126083776,"data":"[Game 1240] Range: 2-9 | Median/Mean: 4.0 / 3.994 | Fail: 1.935%\n"}
,{"stream_name":"stdout","time":5957.935039731,"data":"[Game 1250] Range: 2-9 | Median/Mean: 4.0 / 3.995 | Fail: 1.920%\n"}
,{"stream_name":"stdout","time":6004.371774291,"data":"[Game 1260] Range: 2-9 | Median/Mean: 4.0 / 4.002 | Fail: 2.063%\n"}
,{"stream_name":"stdout","time":6056.66842445,"data":"[Game 1270] Range: 2-9 | Median/Mean: 4.0 / 4.005 | Fail: 2.126%\n"}
,{"stream_name":"stdout","time":6102.746680283,"data":"[Game 1280] Range: 2-9 | Median/Mean: 4.0 / 4.005 | Fail: 2.109%\n"}
,{"stream_name":"stdout","time":6144.96710469,"data":"[Game 1290] Range: 2-9 | Median/Mean: 4.0 / 4.005 | Fail: 2.093%\n"}
,{"stream_name":"stdout","time":6192.345287301,"data":"[Game 1300] Range: 2-9 | Median/Mean: 4.0 / 4.004 | Fail: 2.077%\n"}
,{"stream_name":"stdout","time":6241.839061286,"data":"[Game 1310] Range: 2-9 | Median/Mean: 4.0 / 4.004 | Fail: 2.061%\n"}
,{"stream_name":"stdout","time":6297.631514442,"data":"[Game 1320] Range: 2-9 | Median/Mean: 4.0 / 4.003 | Fail: 2.045%\n"}
,{"stream_name":"stdout","time":6332.916328296,"data":"[Game 1330] Range: 2-9 | Median/Mean: 4.0 / 4.001 | Fail: 2.030%\n"}
,{"stream_name":"stdout","time":6373.691502889,"data":"[Game 1340] Range: 2-9 | Median/Mean: 4.0 / 4.006 | Fail: 2.015%\n"}
,{"stream_name":"stdout","time":6413.998242321,"data":"[Game 1350] Range: 2-9 | Median/Mean: 4.0 / 4.007 | Fail: 2.000%\n"}
,{"stream_name":"stdout","time":6472.233249816,"data":"[Game 1360] Range: 2-9 | Median/Mean: 4.0 / 4.010 | Fail: 1.985%\n"}
,{"stream_name":"stdout","time":6513.514881883,"data":"[Game 1370] Range: 2-9 | Median/Mean: 4.0 / 4.016 | Fail: 2.044%\n"}
,{"stream_name":"stdout","time":6572.514784679,"data":"[Game 1380] Range: 2-9 | Median/Mean: 4.0 / 4.014 | Fail: 2.029%\n"}
,{"stream_name":"stdout","time":6617.908250606,"data":"[Game 1390] Range: 2-9 | Median/Mean: 4.0 / 4.011 | Fail: 2.014%\n"}
,{"stream_name":"stdout","time":6655.362925626,"data":"[Game 1400] Range: 2-9 | Median/Mean: 4.0 / 4.013 | Fail: 2.071%\n"}
,{"stream_name":"stdout","time":6707.588152985,"data":"[Game 1410] Range: 2-9 | Median/Mean: 4.0 / 4.013 | Fail: 2.057%\n"}
,{"stream_name":"stdout","time":6769.685563444,"data":"[Game 1420] Range: 2-9 | Median/Mean: 4.0 / 4.013 | Fail: 2.042%\n"}
,{"stream_name":"stdout","time":6811.01800866,"data":"[Game 1430] Range: 2-9 | Median/Mean: 4.0 / 4.010 | Fail: 2.028%\n"}
,{"stream_name":"stdout","time":6879.105273164,"data":"[Game 1440] Range: 2-9 | Median/Mean: 4.0 / 4.015 | Fail: 2.083%\n"}
,{"stream_name":"stdout","time":6921.188082419,"data":"[Game 1450] Range: 2-9 | Median/Mean: 4.0 / 4.014 | Fail: 2.069%\n"}
,{"stream_name":"stdout","time":6970.256404832,"data":"[Game 1460] Range: 2-9 | Median/Mean: 4.0 / 4.013 | Fail: 2.055%\n"}
,{"stream_name":"stdout","time":7012.147021515,"data":"[Game 1470] Range: 2-9 | Median/Mean: 4.0 / 4.014 | Fail: 2.041%\n"}
,{"stream_name":"stdout","time":7051.123694552,"data":"[Game 1480] Range: 2-9 | Median/Mean: 4.0 / 4.011 | Fail: 2.027%\n"}
,{"stream_name":"stdout","time":7101.700140704,"data":"[Game 1490] Range: 2-9 | Median/Mean: 4.0 / 4.012 | Fail: 2.013%\n"}
,{"stream_name":"stdout","time":7146.614302008,"data":"[Game 1500] Range: 2-9 | Median/Mean: 4.0 / 4.013 | Fail: 2.000%\n"}
,{"stream_name":"stdout","time":7200.441299416,"data":"[Game 1510] Range: 2-9 | Median/Mean: 4.0 / 4.012 | Fail: 2.053%\n"}
,{"stream_name":"stdout","time":7253.983870206,"data":"[Game 1520] Range: 2-9 | Median/Mean: 4.0 / 4.014 | Fail: 2.039%\n"}
,{"stream_name":"stdout","time":7318.202616678,"data":"[Game 1530] Range: 2-9 | Median/Mean: 4.0 / 4.016 | Fail: 2.026%\n"}
,{"stream_name":"stdout","time":7374.126312011,"data":"[Game 1540] Range: 2-9 | Median/Mean: 4.0 / 4.016 | Fail: 2.013%\n"}
,{"stream_name":"stdout","time":7412.817295328,"data":"[Game 1550] Range: 2-9 | Median/Mean: 4.0 / 4.015 | Fail: 2.000%\n"}
,{"stream_name":"stdout","time":7474.707290219,"data":"[Game 1560] Range: 2-9 | Median/Mean: 4.0 / 4.012 | Fail: 1.987%\n"}
,{"stream_name":"stdout","time":7530.017584813,"data":"[Game 1570] Range: 2-9 | Median/Mean: 4.0 / 4.011 | Fail: 1.975%\n"}
,{"stream_name":"stdout","time":7587.523356798,"data":"[Game 1580] Range: 2-9 | Median/Mean: 4.0 / 4.009 | Fail: 1.962%\n"}
,{"stream_name":"stdout","time":7636.725386229,"data":"[Game 1590] Range: 2-9 | Median/Mean: 4.0 / 4.009 | Fail: 1.950%\n"}
,{"stream_name":"stdout","time":7671.809928503,"data":"[Game 1600] Range: 2-9 | Median/Mean: 4.0 / 4.009 | Fail: 2.000%\n"}
,{"stream_name":"stdout","time":7728.92711616,"data":"[Game 1610] Range: 2-9 | Median/Mean: 4.0 / 4.007 | Fail: 1.988%\n"}
,{"stream_name":"stdout","time":7794.949112231,"data":"[Game 1620] Range: 2-9 | Median/Mean: 4.0 / 4.009 | Fail: 1.975%\n"}
,{"stream_name":"stdout","time":7840.704412815,"data":"[Game 1630] Range: 2-9 | Median/Mean: 4.0 / 4.007 | Fail: 1.963%\n"}
,{"stream_name":"stdout","time":7881.653769395,"data":"[Game 1640] Range: 2-9 | Median/Mean: 4.0 / 4.004 | Fail: 1.951%\n"}
,{"stream_name":"stdout","time":7925.999490992,"data":"[Game 1650] Range: 2-9 | Median/Mean: 4.0 / 4.007 | Fail: 2.061%\n"}
,{"stream_name":"stdout","time":7992.329376669,"data":"[Game 1660] Range: 2-9 | Median/Mean: 4.0 / 4.011 | Fail: 2.048%\n"}
,{"stream_name":"stdout","time":8046.212107598,"data":"[Game 1670] Range: 2-9 | Median/Mean: 4.0 / 4.011 | Fail: 2.036%\n"}
,{"stream_name":"stdout","time":8085.173603676,"data":"[Game 1680] Range: 2-9 | Median/Mean: 4.0 / 4.011 | Fail: 2.024%\n"}
,{"stream_name":"stdout","time":8138.000021815,"data":"[Game 1690] Range: 2-9 | Median/Mean: 4.0 / 4.009 | Fail: 2.012%\n"}
,{"stream_name":"stdout","time":8175.256078966,"data":"[Game 1700] Range: 2-9 | Median/Mean: 4.0 / 4.010 | Fail: 2.000%\n"}
,{"stream_name":"stdout","time":8214.031084235,"data":"[Game 1710] Range: 2-9 | Median/Mean: 4.0 / 4.009 | Fail: 1.988%\n"}
,{"stream_name":"stdout","time":8252.474014198,"data":"[Game 1720] Range: 2-9 | Median/Mean: 4.0 / 4.009 | Fail: 1.977%\n"}
,{"stream_name":"stdout","time":8312.107863815,"data":"[Game 1730] Range: 2-9 | Median/Mean: 4.0 / 4.010 | Fail: 2.023%\n"}
,{"stream_name":"stdout","time":8359.884168165,"data":"[Game 1740] Range: 2-9 | Median/Mean: 4.0 / 4.011 | Fail: 2.069%\n"}
,{"stream_name":"stdout","time":8417.284968366,"data":"[Game 1750] Range: 2-9 | Median/Mean: 4.0 / 4.010 | Fail: 2.057%\n"}
,{"stream_name":"stdout","time":8473.433882501,"data":"[Game 1760] Range: 2-9 | Median/Mean: 4.0 / 4.010 | Fail: 2.045%\n"}
,{"stream_name":"stdout","time":8547.070444745,"data":"[Game 1770] Range: 2-9 | Median/Mean: 4.0 / 4.011 | Fail: 2.034%\n"}
,{"stream_name":"stdout","time":8589.362411111,"data":"[Game 1780] Range: 2-9 | Median/Mean: 4.0 / 4.012 | Fail: 2.022%\n"}
,{"stream_name":"stdout","time":8629.608206463,"data":"[Game 1790] Range: 2-9 | Median/Mean: 4.0 / 4.010 | Fail: 2.011%\n"}
,{"stream_name":"stdout","time":8658.027349664,"data":"[Game 1800] Range: 2-9 | Median/Mean: 4.0 / 4.008 | Fail: 2.000%\n"}
,{"stream_name":"stdout","time":8716.881987039,"data":"[Game 1810] Range: 2-9 | Median/Mean: 4.0 / 4.010 | Fail: 2.044%\n"}
,{"stream_name":"stdout","time":8767.887499323,"data":"[Game 1820] Range: 2-9 | Median/Mean: 4.0 / 4.011 | Fail: 2.088%\n"}
,{"stream_name":"stdout","time":8822.900682221,"data":"[Game 1830] Range: 2-9 | Median/Mean: 4.0 / 4.011 | Fail: 2.077%\n"}
,{"stream_name":"stdout","time":8860.929270258,"data":"[Game 1840] Range: 2-9 | Median/Mean: 4.0 / 4.010 | Fail: 2.065%\n"}
,{"stream_name":"stdout","time":8899.604979923,"data":"[Game 1850] Range: 2-9 | Median/Mean: 4.0 / 4.010 | Fail: 2.054%\n"}
,{"stream_name":"stdout","time":8933.815914717,"data":"[Game 1860] Range: 2-9 | Median/Mean: 4.0 / 4.008 | Fail: 2.043%\n"}
,{"stream_name":"stdout","time":8985.433085357,"data":"[Game 1870] Range: 2-9 | Median/Mean: 4.0 / 4.006 | Fail: 2.032%\n"}
,{"stream_name":"stdout","time":9059.945562739,"data":"[Game 1880] Range: 2-9 | Median/Mean: 4.0 / 4.013 | Fail: 2.181%\n"}
,{"stream_name":"stdout","time":9117.712612341,"data":"[Game 1890] Range: 2-9 | Median/Mean: 4.0 / 4.015 | Fail: 2.169%\n"}
,{"stream_name":"stdout","time":9171.919986566,"data":"[Game 1900] Range: 2-9 | Median/Mean: 4.0 / 4.016 | Fail: 2.158%\n"}
,{"stream_name":"stdout","time":9229.245584272,"data":"[Game 1910] Range: 2-9 | Median/Mean: 4.0 / 4.016 | Fail: 2.147%\n"}
,{"stream_name":"stdout","time":9289.540028483,"data":"[Game 1920] Range: 2-9 | Median/Mean: 4.0 / 4.016 | Fail: 2.135%\n"}
,{"stream_name":"stdout","time":9344.333324912,"data":"[Game 1930] Range: 2-9 | Median/Mean: 4.0 / 4.017 | Fail: 2.176%\n"}
,{"stream_name":"stdout","time":9392.331643139,"data":"[Game 1940] Range: 2-9 | Median/Mean: 4.0 / 4.015 | Fail: 2.165%\n"}
,{"stream_name":"stdout","time":9450.436327113,"data":"[Game 1950] Range: 2-9 | Median/Mean: 4.0 / 4.014 | Fail: 2.154%\n"}
,{"stream_name":"stdout","time":9518.463318552,"data":"[Game 1960] Range: 2-9 | Median/Mean: 4.0 / 4.018 | Fail: 2.194%\n"}
,{"stream_name":"stdout","time":9555.863199609,"data":"[Game 1970] Range: 2-9 | Median/Mean: 4.0 / 4.019 | Fail: 2.183%\n"}
,{"stream_name":"stdout","time":9602.900384909,"data":"[Game 1980] Range: 2-9 | Median/Mean: 4.0 / 4.021 | Fail: 2.222%\n"}
,{"stream_name":"stdout","time":9640.155438238,"data":"[Game 1990] Range: 2-9 | Median/Mean: 4.0 / 4.020 | Fail: 2.211%\n"}
,{"stream_name":"stdout","time":9698.510585595,"data":"[Game 2000] Range: 2-9 | Median/Mean: 4.0 / 4.022 | Fail: 2.250%\n"}
,{"stream_name":"stdout","time":9740.05979649,"data":"[Game 2010] Range: 2-9 | Median/Mean: 4.0 / 4.021 | Fail: 2.239%\n"}
,{"stream_name":"stdout","time":9806.041844769,"data":"[Game 2020] Range: 2-9 | Median/Mean: 4.0 / 4.025 | Fail: 2.277%\n"}
,{"stream_name":"stdout","time":9861.857140375,"data":"[Game 2030] Range: 2-9 | Median/Mean: 4.0 / 4.023 | Fail: 2.266%\n"}
,{"stream_name":"stdout","time":9892.734540775,"data":"[Game 2040] Range: 2-9 | Median/Mean: 4.0 / 4.024 | Fail: 2.255%\n"}
,{"stream_name":"stdout","time":9942.495663685,"data":"[Game 2050] Range: 2-9 | Median/Mean: 4.0 / 4.024 | Fail: 2.244%\n"}
,{"stream_name":"stdout","time":9980.500158409,"data":"[Game 2060] Range: 2-9 | Median/Mean: 4.0 / 4.024 | Fail: 2.233%\n"}
,{"stream_name":"stdout","time":10032.430600842,"data":"[Game 2070] Range: 2-9 | Median/Mean: 4.0 / 4.026 | Fail: 2.271%\n"}
,{"stream_name":"stdout","time":10090.461853074,"data":"[Game 2080] Range: 2-9 | Median/Mean: 4.0 / 4.025 | Fail: 2.260%\n"}
,{"stream_name":"stdout","time":10151.238534981,"data":"[Game 2090] Range: 2-9 | Median/Mean: 4.0 / 4.025 | Fail: 2.249%\n"}
,{"stream_name":"stdout","time":10202.050392805,"data":"[Game 2100] Range: 2-9 | Median/Mean: 4.0 / 4.028 | Fail: 2.286%\n"}
,{"stream_name":"stdout","time":10250.700009524,"data":"[Game 2110] Range: 2-9 | Median/Mean: 4.0 / 4.027 | Fail: 2.275%\n"}
,{"stream_name":"stdout","time":10314.722000712,"data":"[Game 2120] Range: 2-9 | Median/Mean: 4.0 / 4.028 | Fail: 2.311%\n"}
,{"stream_name":"stdout","time":10369.860846282,"data":"[Game 2130] Range: 2-9 | Median/Mean: 4.0 / 4.028 | Fail: 2.300%\n"}
,{"stream_name":"stdout","time":10437.761262646,"data":"[Game 2140] Range: 2-9 | Median/Mean: 4.0 / 4.029 | Fail: 2.290%\n"}
,{"stream_name":"stdout","time":10493.862793727,"data":"[Game 2150] Range: 2-9 | Median/Mean: 4.0 / 4.029 | Fail: 2.279%\n"}
,{"stream_name":"stdout","time":10532.550175689,"data":"[Game 2160] Range: 2-9 | Median/Mean: 4.0 / 4.029 | Fail: 2.315%\n"}
,{"stream_name":"stdout","time":10595.02406876,"data":"[Game 2170] Range: 2-9 | Median/Mean: 4.0 / 4.034 | Fail: 2.350%\n"}
,{"stream_name":"stdout","time":10654.389870119,"data":"[Game 2180] Range: 2-9 | Median/Mean: 4.0 / 4.034 | Fail: 2.339%\n"}
,{"stream_name":"stdout","time":10700.776352184,"data":"[Game 2190] Range: 2-9 | Median/Mean: 4.0 / 4.035 | Fail: 2.329%\n"}
,{"stream_name":"stdout","time":10747.785158704,"data":"[Game 2200] Range: 2-9 | Median/Mean: 4.0 / 4.034 | Fail: 2.318%\n"}
,{"stream_name":"stdout","time":10812.627237253,"data":"[Game 2210] Range: 2-9 | Median/Mean: 4.0 / 4.034 | Fail: 2.308%\n"}
,{"stream_name":"stdout","time":10877.582580385,"data":"[Game 2220] Range: 2-9 | Median/Mean: 4.0 / 4.038 | Fail: 2.297%\n"}
,{"stream_name":"stdout","time":10920.182953165,"data":"[Game 2230] Range: 2-9 | Median/Mean: 4.0 / 4.038 | Fail: 2.287%\n"}
,{"stream_name":"stdout","time":10959.224460917,"data":"[Game 2240] Range: 2-9 | Median/Mean: 4.0 / 4.036 | Fail: 2.277%\n"}
,{"stream_name":"stdout","time":11011.403181546,"data":"[Game 2250] Range: 2-9 | Median/Mean: 4.0 / 4.037 | Fail: 2.267%\n"}
,{"stream_name":"stdout","time":11068.192313242,"data":"[Game 2260] Range: 2-9 | Median/Mean: 4.0 / 4.040 | Fail: 2.345%\n"}
,{"stream_name":"stdout","time":11120.927617491,"data":"[Game 2270] Range: 2-9 | Median/Mean: 4.0 / 4.041 | Fail: 2.335%\n"}
,{"stream_name":"stdout","time":11163.550343636,"data":"[Game 2280] Range: 2-9 | Median/Mean: 4.0 / 4.041 | Fail: 2.325%\n"}
,{"stream_name":"stdout","time":11209.277793389,"data":"[Game 2290] Range: 2-9 | Median/Mean: 4.0 / 4.039 | Fail: 2.314%\n"}
,{"stream_name":"stdout","time":11246.540244034,"data":"[Game 2300] Range: 2-9 | Median/Mean: 4.0 / 4.037 | Fail: 2.304%\n"}
,{"stream_name":"stdout","time":11298.548943924,"data":"[Game 2310] Range: 2-9 | Median/Mean: 4.0 / 4.038 | Fail: 2.294%\n"}
,{"stream_name":"stdout","time":11321.696283147,"data":"Summary:\n"}
,{"stream_name":"stdout","time":11321.708876287,"data":"Distribution across steps:\n"}
,{"stream_name":"stdout","time":11321.717700741,"data":"Key Metrics:\n"}
,{"stream_name":"stderr","time":11325.850312755,"data":"/opt/conda/lib/python3.7/site-packages/traitlets/traitlets.py:2567: FutureWarning: --Exporter.preprocessors=[\"remove_papermill_header.RemovePapermillHeader\"] for containers is deprecated in traitlets 5.0. You can pass `--Exporter.preprocessors item` ... multiple times to add items to a list.\n"}
,{"stream_name":"stderr","time":11325.850367595,"data":"  FutureWarning,\n"}
,{"stream_name":"stderr","time":11325.850379597,"data":"[NbConvertApp] Converting notebook __notebook__.ipynb to notebook\n"}
,{"stream_name":"stderr","time":11326.261996366,"data":"[NbConvertApp] Writing 32965 bytes to __notebook__.ipynb\n"}
,{"stream_name":"stderr","time":11328.706378086,"data":"/opt/conda/lib/python3.7/site-packages/traitlets/traitlets.py:2567: FutureWarning: --Exporter.preprocessors=[\"nbconvert.preprocessors.ExtractOutputPreprocessor\"] for containers is deprecated in traitlets 5.0. You can pass `--Exporter.preprocessors item` ... multiple times to add items to a list.\n"}
,{"stream_name":"stderr","time":11328.706433699,"data":"  FutureWarning,\n"}
,{"stream_name":"stderr","time":11328.706439112,"data":"[NbConvertApp] Converting notebook __notebook__.ipynb to html\n"}
,{"stream_name":"stderr","time":11329.332182331,"data":"[NbConvertApp] Writing 308335 bytes to __results__.html\n"}
]