[{"stream_name":"stderr","time":12.026275851,"data":"/opt/conda/lib/python3.7/site-packages/papermill/iorw.py:50: FutureWarning: pyarrow.HadoopFileSystem is deprecated as of 2.0.0, please use pyarrow.fs.HadoopFileSystem instead.\n"}
,{"stream_name":"stderr","time":12.026402105,"data":"  from pyarrow import HadoopFileSystem\n"}
,{"stream_name":"stdout","time":13.67643225,"data":"[ ---------- REAIS ----------]\n"}
,{"stream_name":"stdout","time":51.366018662,"data":"[Game 10] Range: 2-6 | Median/Mean: 3.5 / 3.700 | Fail: 0.000%\n"}
,{"stream_name":"stdout","time":98.299539263,"data":"[Game 20] Range: 2-6 | Median/Mean: 4.0 / 3.750 | Fail: 0.000%\n"}
,{"stream_name":"stdout","time":144.129272108,"data":"[Game 30] Range: 2-6 | Median/Mean: 4.0 / 3.833 | Fail: 0.000%\n"}
,{"stream_name":"stdout","time":195.90073059,"data":"[Game 40] Range: 2-6 | Median/Mean: 4.0 / 3.950 | Fail: 0.000%\n"}
,{"stream_name":"stdout","time":239.104517327,"data":"[Game 50] Range: 2-6 | Median/Mean: 4.0 / 3.980 | Fail: 0.000%\n"}
,{"stream_name":"stdout","time":283.77809941,"data":"[Game 60] Range: 2-6 | Median/Mean: 4.0 / 3.933 | Fail: 0.000%\n"}
,{"stream_name":"stdout","time":319.453729327,"data":"[Game 70] Range: 2-7 | Median/Mean: 4.0 / 4.057 | Fail: 1.429%\n"}
,{"stream_name":"stdout","time":374.971705158,"data":"[Game 80] Range: 2-7 | Median/Mean: 4.0 / 4.025 | Fail: 1.250%\n"}
,{"stream_name":"stdout","time":427.568718412,"data":"[Game 90] Range: 2-8 | Median/Mean: 4.0 / 4.078 | Fail: 2.222%\n"}
,{"stream_name":"stdout","time":477.812300468,"data":"[Game 100] Range: 2-8 | Median/Mean: 4.0 / 4.030 | Fail: 2.000%\n"}
,{"stream_name":"stdout","time":511.235157797,"data":"[Game 110] Range: 2-8 | Median/Mean: 4.0 / 4.018 | Fail: 1.818%\n"}
,{"stream_name":"stdout","time":570.815486607,"data":"[Game 120] Range: 2-8 | Median/Mean: 4.0 / 4.042 | Fail: 1.667%\n"}
,{"stream_name":"stdout","time":633.154089509,"data":"[Game 130] Range: 2-8 | Median/Mean: 4.0 / 4.054 | Fail: 2.308%\n"}
,{"stream_name":"stdout","time":691.239282452,"data":"[Game 140] Range: 2-8 | Median/Mean: 4.0 / 4.050 | Fail: 2.143%\n"}
,{"stream_name":"stdout","time":741.500358314,"data":"[Game 150] Range: 2-8 | Median/Mean: 4.0 / 4.053 | Fail: 2.667%\n"}
,{"stream_name":"stdout","time":776.7499889650001,"data":"[Game 160] Range: 2-8 | Median/Mean: 4.0 / 4.050 | Fail: 2.500%\n"}
,{"stream_name":"stdout","time":827.574555197,"data":"[Game 170] Range: 2-8 | Median/Mean: 4.0 / 4.076 | Fail: 2.941%\n"}
,{"stream_name":"stdout","time":854.272155529,"data":"[Game 180] Range: 2-8 | Median/Mean: 4.0 / 4.039 | Fail: 2.778%\n"}
,{"stream_name":"stdout","time":896.427981629,"data":"[Game 190] Range: 2-8 | Median/Mean: 4.0 / 4.058 | Fail: 2.632%\n"}
,{"stream_name":"stdout","time":929.965600479,"data":"[Game 200] Range: 2-8 | Median/Mean: 4.0 / 4.020 | Fail: 2.500%\n"}
,{"stream_name":"stdout","time":983.739970946,"data":"[Game 210] Range: 2-8 | Median/Mean: 4.0 / 4.029 | Fail: 2.381%\n"}
,{"stream_name":"stdout","time":1023.101476763,"data":"[Game 220] Range: 2-8 | Median/Mean: 4.0 / 4.014 | Fail: 2.273%\n"}
,{"stream_name":"stdout","time":1065.431861289,"data":"[Game 230] Range: 2-8 | Median/Mean: 4.0 / 4.000 | Fail: 2.174%\n"}
,{"stream_name":"stdout","time":1121.83897121,"data":"[Game 240] Range: 2-8 | Median/Mean: 4.0 / 4.008 | Fail: 2.083%\n"}
,{"stream_name":"stdout","time":1182.458302143,"data":"[Game 250] Range: 2-8 | Median/Mean: 4.0 / 4.032 | Fail: 2.000%\n"}
,{"stream_name":"stdout","time":1235.683489221,"data":"[Game 260] Range: 2-8 | Median/Mean: 4.0 / 4.035 | Fail: 1.923%\n"}
,{"stream_name":"stdout","time":1284.10967271,"data":"[Game 270] Range: 2-8 | Median/Mean: 4.0 / 4.030 | Fail: 2.222%\n"}
,{"stream_name":"stdout","time":1322.400145164,"data":"[Game 280] Range: 2-8 | Median/Mean: 4.0 / 4.011 | Fail: 2.500%\n"}
,{"stream_name":"stdout","time":1381.031010837,"data":"[Game 290] Range: 2-8 | Median/Mean: 4.0 / 4.021 | Fail: 2.414%\n"}
,{"stream_name":"stdout","time":1425.375829282,"data":"[Game 300] Range: 2-8 | Median/Mean: 4.0 / 4.017 | Fail: 2.333%\n"}
,{"stream_name":"stdout","time":1463.672452974,"data":"[Game 310] Range: 2-8 | Median/Mean: 4.0 / 4.006 | Fail: 2.581%\n"}
,{"stream_name":"stdout","time":1502.723605019,"data":"[Game 320] Range: 2-8 | Median/Mean: 4.0 / 4.003 | Fail: 2.500%\n"}
,{"stream_name":"stdout","time":1537.70596828,"data":"[Game 330] Range: 2-8 | Median/Mean: 4.0 / 4.012 | Fail: 2.727%\n"}
,{"stream_name":"stdout","time":1579.909126221,"data":"[Game 340] Range: 2-8 | Median/Mean: 4.0 / 4.006 | Fail: 2.647%\n"}
,{"stream_name":"stdout","time":1623.480626935,"data":"[Game 350] Range: 2-8 | Median/Mean: 4.0 / 3.994 | Fail: 2.571%\n"}
,{"stream_name":"stdout","time":1680.278982796,"data":"[Game 360] Range: 2-8 | Median/Mean: 4.0 / 4.006 | Fail: 2.778%\n"}
,{"stream_name":"stdout","time":1735.970912278,"data":"[Game 370] Range: 2-8 | Median/Mean: 4.0 / 4.016 | Fail: 2.973%\n"}
,{"stream_name":"stdout","time":1788.653432858,"data":"[Game 380] Range: 2-8 | Median/Mean: 4.0 / 4.008 | Fail: 2.895%\n"}
,{"stream_name":"stdout","time":1837.426658026,"data":"[Game 390] Range: 2-8 | Median/Mean: 4.0 / 4.018 | Fail: 3.077%\n"}
,{"stream_name":"stdout","time":1884.97995203,"data":"[Game 400] Range: 2-8 | Median/Mean: 4.0 / 4.022 | Fail: 3.000%\n"}
,{"stream_name":"stdout","time":1932.349137234,"data":"[Game 410] Range: 2-8 | Median/Mean: 4.0 / 4.032 | Fail: 2.927%\n"}
,{"stream_name":"stdout","time":1989.06741772,"data":"[Game 420] Range: 2-8 | Median/Mean: 4.0 / 4.029 | Fail: 2.857%\n"}
,{"stream_name":"stdout","time":2036.366197913,"data":"[Game 430] Range: 2-8 | Median/Mean: 4.0 / 4.026 | Fail: 2.791%\n"}
,{"stream_name":"stdout","time":2093.202776167,"data":"[Game 440] Range: 2-8 | Median/Mean: 4.0 / 4.039 | Fail: 2.727%\n"}
,{"stream_name":"stdout","time":2144.190378763,"data":"[Game 450] Range: 2-8 | Median/Mean: 4.0 / 4.024 | Fail: 2.667%\n"}
,{"stream_name":"stdout","time":2191.062242907,"data":"[Game 460] Range: 2-8 | Median/Mean: 4.0 / 4.022 | Fail: 2.609%\n"}
,{"stream_name":"stdout","time":2248.179292475,"data":"[Game 470] Range: 2-8 | Median/Mean: 4.0 / 4.019 | Fail: 2.553%\n"}
,{"stream_name":"stdout","time":2299.609009773,"data":"[Game 480] Range: 2-8 | Median/Mean: 4.0 / 4.019 | Fail: 2.500%\n"}
,{"stream_name":"stdout","time":2331.626373233,"data":"[Game 490] Range: 2-8 | Median/Mean: 4.0 / 4.018 | Fail: 2.857%\n"}
,{"stream_name":"stdout","time":2380.028975458,"data":"[Game 500] Range: 2-8 | Median/Mean: 4.0 / 4.014 | Fail: 2.800%\n"}
,{"stream_name":"stdout","time":2423.170995435,"data":"[Game 510] Range: 2-8 | Median/Mean: 4.0 / 4.006 | Fail: 2.745%\n"}
,{"stream_name":"stdout","time":2475.6841664,"data":"[Game 520] Range: 2-8 | Median/Mean: 4.0 / 4.012 | Fail: 2.692%\n"}
,{"stream_name":"stdout","time":2528.615990412,"data":"[Game 530] Range: 2-8 | Median/Mean: 4.0 / 4.017 | Fail: 2.642%\n"}
,{"stream_name":"stdout","time":2586.955121487,"data":"[Game 540] Range: 2-8 | Median/Mean: 4.0 / 4.031 | Fail: 2.778%\n"}
,{"stream_name":"stdout","time":2641.188255197,"data":"[Game 550] Range: 2-8 | Median/Mean: 4.0 / 4.035 | Fail: 2.727%\n"}
,{"stream_name":"stdout","time":2682.545424511,"data":"[Game 560] Range: 2-8 | Median/Mean: 4.0 / 4.041 | Fail: 2.679%\n"}
,{"stream_name":"stdout","time":2724.096167449,"data":"[Game 570] Range: 2-8 | Median/Mean: 4.0 / 4.040 | Fail: 2.632%\n"}
,{"stream_name":"stdout","time":2771.515133947,"data":"[Game 580] Range: 2-8 | Median/Mean: 4.0 / 4.040 | Fail: 2.586%\n"}
,{"stream_name":"stdout","time":2822.939209349,"data":"[Game 590] Range: 2-8 | Median/Mean: 4.0 / 4.037 | Fail: 2.542%\n"}
,{"stream_name":"stdout","time":2867.537198077,"data":"[Game 600] Range: 2-8 | Median/Mean: 4.0 / 4.037 | Fail: 2.500%\n"}
,{"stream_name":"stdout","time":2912.910977832,"data":"[Game 610] Range: 2-8 | Median/Mean: 4.0 / 4.033 | Fail: 2.459%\n"}
,{"stream_name":"stdout","time":2967.490643781,"data":"[Game 620] Range: 2-8 | Median/Mean: 4.0 / 4.032 | Fail: 2.419%\n"}
,{"stream_name":"stdout","time":3013.649210146,"data":"[Game 630] Range: 2-8 | Median/Mean: 4.0 / 4.035 | Fail: 2.381%\n"}
,{"stream_name":"stdout","time":3060.582051848,"data":"[Game 640] Range: 2-8 | Median/Mean: 4.0 / 4.037 | Fail: 2.344%\n"}
,{"stream_name":"stdout","time":3111.579977434,"data":"[Game 650] Range: 2-8 | Median/Mean: 4.0 / 4.042 | Fail: 2.462%\n"}
,{"stream_name":"stdout","time":3143.138710587,"data":"[Game 660] Range: 2-8 | Median/Mean: 4.0 / 4.039 | Fail: 2.576%\n"}
,{"stream_name":"stdout","time":3205.591304489,"data":"[Game 670] Range: 2-8 | Median/Mean: 4.0 / 4.039 | Fail: 2.537%\n"}
,{"stream_name":"stdout","time":3254.233380209,"data":"[Game 680] Range: 2-8 | Median/Mean: 4.0 / 4.034 | Fail: 2.647%\n"}
,{"stream_name":"stdout","time":3296.120483503,"data":"[Game 690] Range: 2-8 | Median/Mean: 4.0 / 4.033 | Fail: 2.609%\n"}
,{"stream_name":"stdout","time":3346.907603145,"data":"[Game 700] Range: 2-8 | Median/Mean: 4.0 / 4.034 | Fail: 2.571%\n"}
,{"stream_name":"stdout","time":3409.134979555,"data":"[Game 710] Range: 2-8 | Median/Mean: 4.0 / 4.042 | Fail: 2.676%\n"}
,{"stream_name":"stdout","time":3460.628706656,"data":"[Game 720] Range: 2-8 | Median/Mean: 4.0 / 4.039 | Fail: 2.639%\n"}
,{"stream_name":"stdout","time":3504.886424127,"data":"[Game 730] Range: 2-8 | Median/Mean: 4.0 / 4.041 | Fail: 2.603%\n"}
,{"stream_name":"stdout","time":3558.217825397,"data":"[Game 740] Range: 2-8 | Median/Mean: 4.0 / 4.043 | Fail: 2.568%\n"}
,{"stream_name":"stdout","time":3614.048963976,"data":"[Game 750] Range: 2-8 | Median/Mean: 4.0 / 4.036 | Fail: 2.533%\n"}
,{"stream_name":"stdout","time":3661.332063507,"data":"[Game 760] Range: 2-8 | Median/Mean: 4.0 / 4.034 | Fail: 2.500%\n"}
,{"stream_name":"stdout","time":3707.251258147,"data":"[Game 770] Range: 2-8 | Median/Mean: 4.0 / 4.027 | Fail: 2.468%\n"}
,{"stream_name":"stdout","time":3755.732422281,"data":"[Game 780] Range: 2-8 | Median/Mean: 4.0 / 4.023 | Fail: 2.436%\n"}
,{"stream_name":"stdout","time":3816.046473076,"data":"[Game 790] Range: 2-8 | Median/Mean: 4.0 / 4.029 | Fail: 2.532%\n"}
,{"stream_name":"stdout","time":3872.62483196,"data":"[Game 800] Range: 2-8 | Median/Mean: 4.0 / 4.034 | Fail: 2.500%\n"}
,{"stream_name":"stdout","time":3915.138037662,"data":"[Game 810] Range: 2-8 | Median/Mean: 4.0 / 4.026 | Fail: 2.469%\n"}
,{"stream_name":"stdout","time":3958.325291824,"data":"[Game 820] Range: 2-8 | Median/Mean: 4.0 / 4.018 | Fail: 2.439%\n"}
,{"stream_name":"stdout","time":4004.95778076,"data":"[Game 830] Range: 2-8 | Median/Mean: 4.0 / 4.013 | Fail: 2.410%\n"}
,{"stream_name":"stdout","time":4042.757512871,"data":"[Game 840] Range: 2-8 | Median/Mean: 4.0 / 4.013 | Fail: 2.381%\n"}
,{"stream_name":"stdout","time":4093.606027792,"data":"[Game 850] Range: 2-8 | Median/Mean: 4.0 / 4.014 | Fail: 2.353%\n"}
,{"stream_name":"stdout","time":4139.088802869,"data":"[Game 860] Range: 2-8 | Median/Mean: 4.0 / 4.014 | Fail: 2.326%\n"}
,{"stream_name":"stdout","time":4177.346198652,"data":"[Game 870] Range: 2-8 | Median/Mean: 4.0 / 4.009 | Fail: 2.299%\n"}
,{"stream_name":"stdout","time":4234.076369135,"data":"[Game 880] Range: 2-8 | Median/Mean: 4.0 / 4.013 | Fail: 2.273%\n"}
,{"stream_name":"stdout","time":4269.823404685,"data":"[Game 890] Range: 2-8 | Median/Mean: 4.0 / 4.011 | Fail: 2.247%\n"}
,{"stream_name":"stdout","time":4324.231176031,"data":"[Game 900] Range: 2-8 | Median/Mean: 4.0 / 4.007 | Fail: 2.222%\n"}
,{"stream_name":"stdout","time":4378.499251229,"data":"[Game 910] Range: 2-8 | Median/Mean: 4.0 / 4.004 | Fail: 2.308%\n"}
,{"stream_name":"stdout","time":4416.686701292,"data":"[Game 920] Range: 2-8 | Median/Mean: 4.0 / 4.001 | Fail: 2.283%\n"}
,{"stream_name":"stdout","time":4454.70131552,"data":"[Game 930] Range: 2-8 | Median/Mean: 4.0 / 3.996 | Fail: 2.258%\n"}
,{"stream_name":"stdout","time":4496.65950718,"data":"[Game 940] Range: 2-8 | Median/Mean: 4.0 / 3.997 | Fail: 2.234%\n"}
,{"stream_name":"stdout","time":4547.172534571,"data":"[Game 950] Range: 2-8 | Median/Mean: 4.0 / 3.997 | Fail: 2.211%\n"}
,{"stream_name":"stdout","time":4595.058478524,"data":"[Game 960] Range: 2-8 | Median/Mean: 4.0 / 3.997 | Fail: 2.188%\n"}
,{"stream_name":"stdout","time":4642.950075207,"data":"[Game 970] Range: 2-8 | Median/Mean: 4.0 / 3.997 | Fail: 2.165%\n"}
,{"stream_name":"stdout","time":4700.727497357,"data":"[Game 980] Range: 2-8 | Median/Mean: 4.0 / 3.996 | Fail: 2.143%\n"}
,{"stream_name":"stdout","time":4770.479413855,"data":"[Game 990] Range: 2-8 | Median/Mean: 4.0 / 4.001 | Fail: 2.222%\n"}
,{"stream_name":"stdout","time":4823.928658027,"data":"[Game 1000] Range: 2-8 | Median/Mean: 4.0 / 4.004 | Fail: 2.200%\n"}
,{"stream_name":"stdout","time":4870.180850944,"data":"[Game 1010] Range: 2-8 | Median/Mean: 4.0 / 4.000 | Fail: 2.178%\n"}
,{"stream_name":"stdout","time":4923.450498503,"data":"[Game 1020] Range: 2-8 | Median/Mean: 4.0 / 3.995 | Fail: 2.157%\n"}
,{"stream_name":"stdout","time":4954.505390156,"data":"[Game 1030] Range: 2-8 | Median/Mean: 4.0 / 3.992 | Fail: 2.136%\n"}
,{"stream_name":"stdout","time":4989.489307645,"data":"[Game 1040] Range: 2-8 | Median/Mean: 4.0 / 3.995 | Fail: 2.212%\n"}
,{"stream_name":"stdout","time":5034.102099479,"data":"[Game 1050] Range: 2-8 | Median/Mean: 4.0 / 3.991 | Fail: 2.190%\n"}
,{"stream_name":"stdout","time":5091.873984762,"data":"[Game 1060] Range: 2-8 | Median/Mean: 4.0 / 3.991 | Fail: 2.170%\n"}
,{"stream_name":"stdout","time":5111.719829359,"data":"[Game 1070] Range: 2-8 | Median/Mean: 4.0 / 3.986 | Fail: 2.243%\n"}
,{"stream_name":"stdout","time":5161.68401355,"data":"[Game 1080] Range: 2-8 | Median/Mean: 4.0 / 3.982 | Fail: 2.222%\n"}
,{"stream_name":"stdout","time":5215.443834158,"data":"[Game 1090] Range: 2-8 | Median/Mean: 4.0 / 3.986 | Fail: 2.202%\n"}
,{"stream_name":"stdout","time":5270.415122073,"data":"[Game 1100] Range: 2-8 | Median/Mean: 4.0 / 3.990 | Fail: 2.182%\n"}
,{"stream_name":"stdout","time":5321.543248389,"data":"[Game 1110] Range: 2-8 | Median/Mean: 4.0 / 3.992 | Fail: 2.162%\n"}
,{"stream_name":"stdout","time":5365.685114618,"data":"[Game 1120] Range: 2-8 | Median/Mean: 4.0 / 3.986 | Fail: 2.143%\n"}
,{"stream_name":"stdout","time":5418.438424403,"data":"[Game 1130] Range: 2-8 | Median/Mean: 4.0 / 3.984 | Fail: 2.124%\n"}
,{"stream_name":"stdout","time":5466.786297916,"data":"[Game 1140] Range: 2-8 | Median/Mean: 4.0 / 3.984 | Fail: 2.105%\n"}
,{"stream_name":"stdout","time":5498.183591885,"data":"[Game 1150] Range: 2-8 | Median/Mean: 4.0 / 3.982 | Fail: 2.087%\n"}
,{"stream_name":"stdout","time":5530.289371907,"data":"[Game 1160] Range: 2-8 | Median/Mean: 4.0 / 3.979 | Fail: 2.069%\n"}
,{"stream_name":"stdout","time":5583.487303609,"data":"[Game 1170] Range: 2-8 | Median/Mean: 4.0 / 3.981 | Fail: 2.051%\n"}
,{"stream_name":"stdout","time":5626.257556423,"data":"[Game 1180] Range: 2-8 | Median/Mean: 4.0 / 3.980 | Fail: 2.034%\n"}
,{"stream_name":"stdout","time":5676.880169936,"data":"[Game 1190] Range: 2-8 | Median/Mean: 4.0 / 3.979 | Fail: 2.017%\n"}
,{"stream_name":"stdout","time":5720.435127499,"data":"[Game 1200] Range: 2-8 | Median/Mean: 4.0 / 3.975 | Fail: 2.000%\n"}
,{"stream_name":"stdout","time":5769.382990978,"data":"[Game 1210] Range: 2-8 | Median/Mean: 4.0 / 3.972 | Fail: 1.983%\n"}
,{"stream_name":"stdout","time":5820.073520454,"data":"[Game 1220] Range: 2-8 | Median/Mean: 4.0 / 3.973 | Fail: 1.967%\n"}
,{"stream_name":"stdout","time":5886.149908533,"data":"[Game 1230] Range: 2-8 | Median/Mean: 4.0 / 3.978 | Fail: 2.033%\n"}
,{"stream_name":"stdout","time":5933.275190191,"data":"[Game 1240] Range: 2-8 | Median/Mean: 4.0 / 3.976 | Fail: 2.016%\n"}
,{"stream_name":"stdout","time":5978.60457441,"data":"[Game 1250] Range: 2-8 | Median/Mean: 4.0 / 3.978 | Fail: 2.000%\n"}
,{"stream_name":"stdout","time":6020.130214287,"data":"[Game 1260] Range: 2-8 | Median/Mean: 4.0 / 3.981 | Fail: 2.143%\n"}
,{"stream_name":"stdout","time":6063.823781786,"data":"[Game 1270] Range: 2-8 | Median/Mean: 4.0 / 3.981 | Fail: 2.205%\n"}
,{"stream_name":"stdout","time":6091.915564127,"data":"[Game 1280] Range: 2-8 | Median/Mean: 4.0 / 3.977 | Fail: 2.188%\n"}
,{"stream_name":"stdout","time":6138.063251878,"data":"[Game 1290] Range: 2-8 | Median/Mean: 4.0 / 3.975 | Fail: 2.171%\n"}
,{"stream_name":"stdout","time":6181.794510424,"data":"[Game 1300] Range: 2-8 | Median/Mean: 4.0 / 3.973 | Fail: 2.154%\n"}
,{"stream_name":"stdout","time":6225.167087594,"data":"[Game 1310] Range: 2-8 | Median/Mean: 4.0 / 3.975 | Fail: 2.214%\n"}
,{"stream_name":"stdout","time":6275.671984202,"data":"[Game 1320] Range: 2-8 | Median/Mean: 4.0 / 3.973 | Fail: 2.197%\n"}
,{"stream_name":"stdout","time":6326.994490147,"data":"[Game 1330] Range: 2-8 | Median/Mean: 4.0 / 3.973 | Fail: 2.180%\n"}
,{"stream_name":"stdout","time":6370.074882964,"data":"[Game 1340] Range: 2-8 | Median/Mean: 4.0 / 3.975 | Fail: 2.164%\n"}
,{"stream_name":"stdout","time":6404.946310011,"data":"[Game 1350] Range: 2-8 | Median/Mean: 4.0 / 3.975 | Fail: 2.148%\n"}
,{"stream_name":"stdout","time":6457.543787283,"data":"[Game 1360] Range: 2-8 | Median/Mean: 4.0 / 3.975 | Fail: 2.132%\n"}
,{"stream_name":"stdout","time":6501.907270145,"data":"[Game 1370] Range: 2-8 | Median/Mean: 4.0 / 3.974 | Fail: 2.117%\n"}
,{"stream_name":"stdout","time":6553.679977075,"data":"[Game 1380] Range: 2-8 | Median/Mean: 4.0 / 3.974 | Fail: 2.101%\n"}
,{"stream_name":"stdout","time":6603.987954364,"data":"[Game 1390] Range: 2-8 | Median/Mean: 4.0 / 3.975 | Fail: 2.086%\n"}
,{"stream_name":"stdout","time":6657.94743963,"data":"[Game 1400] Range: 2-8 | Median/Mean: 4.0 / 3.979 | Fail: 2.143%\n"}
,{"stream_name":"stdout","time":6707.6693002169995,"data":"[Game 1410] Range: 2-8 | Median/Mean: 4.0 / 3.982 | Fail: 2.128%\n"}
,{"stream_name":"stdout","time":6753.363638594,"data":"[Game 1420] Range: 2-8 | Median/Mean: 4.0 / 3.983 | Fail: 2.113%\n"}
,{"stream_name":"stdout","time":6793.054023484,"data":"[Game 1430] Range: 2-8 | Median/Mean: 4.0 / 3.982 | Fail: 2.098%\n"}
,{"stream_name":"stdout","time":6850.638334779,"data":"[Game 1440] Range: 2-8 | Median/Mean: 4.0 / 3.983 | Fail: 2.083%\n"}
,{"stream_name":"stdout","time":6892.932986159,"data":"[Game 1450] Range: 2-8 | Median/Mean: 4.0 / 3.988 | Fail: 2.138%\n"}
,{"stream_name":"stdout","time":6943.670143911,"data":"[Game 1460] Range: 2-8 | Median/Mean: 4.0 / 3.984 | Fail: 2.123%\n"}
,{"stream_name":"stdout","time":6979.599455403,"data":"[Game 1470] Range: 2-8 | Median/Mean: 4.0 / 3.984 | Fail: 2.109%\n"}
,{"stream_name":"stdout","time":7023.456703523,"data":"[Game 1480] Range: 2-8 | Median/Mean: 4.0 / 3.981 | Fail: 2.095%\n"}
,{"stream_name":"stdout","time":7066.694495226,"data":"[Game 1490] Range: 2-8 | Median/Mean: 4.0 / 3.982 | Fail: 2.081%\n"}
,{"stream_name":"stdout","time":7111.896698394,"data":"[Game 1500] Range: 2-8 | Median/Mean: 4.0 / 3.979 | Fail: 2.067%\n"}
,{"stream_name":"stdout","time":7165.902107844,"data":"[Game 1510] Range: 2-8 | Median/Mean: 4.0 / 3.979 | Fail: 2.119%\n"}
,{"stream_name":"stdout","time":7218.080030822,"data":"[Game 1520] Range: 2-8 | Median/Mean: 4.0 / 3.979 | Fail: 2.105%\n"}
,{"stream_name":"stdout","time":7267.499512697,"data":"[Game 1530] Range: 2-8 | Median/Mean: 4.0 / 3.981 | Fail: 2.092%\n"}
,{"stream_name":"stdout","time":7321.057240224,"data":"[Game 1540] Range: 2-8 | Median/Mean: 4.0 / 3.981 | Fail: 2.078%\n"}
,{"stream_name":"stdout","time":7364.791854206,"data":"[Game 1550] Range: 2-8 | Median/Mean: 4.0 / 3.978 | Fail: 2.065%\n"}
,{"stream_name":"stdout","time":7397.648688075,"data":"[Game 1560] Range: 2-8 | Median/Mean: 4.0 / 3.975 | Fail: 2.051%\n"}
,{"stream_name":"stdout","time":7446.394144423,"data":"[Game 1570] Range: 2-8 | Median/Mean: 4.0 / 3.973 | Fail: 2.038%\n"}
,{"stream_name":"stdout","time":7498.619227674,"data":"[Game 1580] Range: 2-8 | Median/Mean: 4.0 / 3.973 | Fail: 2.025%\n"}
,{"stream_name":"stdout","time":7543.694028785,"data":"[Game 1590] Range: 2-8 | Median/Mean: 4.0 / 3.972 | Fail: 2.013%\n"}
,{"stream_name":"stdout","time":7593.171075416,"data":"[Game 1600] Range: 2-8 | Median/Mean: 4.0 / 3.972 | Fail: 2.000%\n"}
,{"stream_name":"stdout","time":7642.822318542,"data":"[Game 1610] Range: 2-8 | Median/Mean: 4.0 / 3.974 | Fail: 1.988%\n"}
,{"stream_name":"stdout","time":7690.410745337,"data":"[Game 1620] Range: 2-8 | Median/Mean: 4.0 / 3.975 | Fail: 1.975%\n"}
,{"stream_name":"stdout","time":7749.247474978,"data":"[Game 1630] Range: 2-8 | Median/Mean: 4.0 / 3.975 | Fail: 2.025%\n"}
,{"stream_name":"stdout","time":7795.212117151,"data":"[Game 1640] Range: 2-8 | Median/Mean: 4.0 / 3.973 | Fail: 2.012%\n"}
,{"stream_name":"stdout","time":7843.518615133,"data":"[Game 1650] Range: 2-8 | Median/Mean: 4.0 / 3.975 | Fail: 2.000%\n"}
,{"stream_name":"stdout","time":7908.654272727,"data":"[Game 1660] Range: 2-8 | Median/Mean: 4.0 / 3.976 | Fail: 1.988%\n"}
,{"stream_name":"stdout","time":7942.049975968,"data":"[Game 1670] Range: 2-8 | Median/Mean: 4.0 / 3.974 | Fail: 1.976%\n"}
,{"stream_name":"stdout","time":7996.387641445,"data":"[Game 1680] Range: 2-8 | Median/Mean: 4.0 / 3.976 | Fail: 1.964%\n"}
,{"stream_name":"stdout","time":8040.940420552,"data":"[Game 1690] Range: 2-8 | Median/Mean: 4.0 / 3.975 | Fail: 1.953%\n"}
,{"stream_name":"stdout","time":8084.346893778,"data":"[Game 1700] Range: 2-8 | Median/Mean: 4.0 / 3.976 | Fail: 1.941%\n"}
,{"stream_name":"stdout","time":8121.889936099,"data":"[Game 1710] Range: 2-8 | Median/Mean: 4.0 / 3.974 | Fail: 1.930%\n"}
,{"stream_name":"stdout","time":8171.378801517,"data":"[Game 1720] Range: 2-8 | Median/Mean: 4.0 / 3.977 | Fail: 1.919%\n"}
,{"stream_name":"stdout","time":8213.99119776,"data":"[Game 1730] Range: 2-8 | Median/Mean: 4.0 / 3.975 | Fail: 1.908%\n"}
,{"stream_name":"stdout","time":8277.280183829,"data":"[Game 1740] Range: 2-8 | Median/Mean: 4.0 / 3.978 | Fail: 1.954%\n"}
,{"stream_name":"stdout","time":8310.707584543,"data":"[Game 1750] Range: 2-8 | Median/Mean: 4.0 / 3.977 | Fail: 1.943%\n"}
,{"stream_name":"stdout","time":8366.691014696,"data":"[Game 1760] Range: 2-8 | Median/Mean: 4.0 / 3.978 | Fail: 1.932%\n"}
,{"stream_name":"stdout","time":8419.816980374,"data":"[Game 1770] Range: 2-8 | Median/Mean: 4.0 / 3.979 | Fail: 1.921%\n"}
,{"stream_name":"stdout","time":8479.332797552,"data":"[Game 1780] Range: 2-8 | Median/Mean: 4.0 / 3.979 | Fail: 1.910%\n"}
,{"stream_name":"stdout","time":8514.895960642,"data":"[Game 1790] Range: 2-8 | Median/Mean: 4.0 / 3.977 | Fail: 1.899%\n"}
,{"stream_name":"stdout","time":8545.085720345,"data":"[Game 1800] Range: 2-8 | Median/Mean: 4.0 / 3.973 | Fail: 1.889%\n"}
,{"stream_name":"stdout","time":8598.236297398,"data":"[Game 1810] Range: 2-8 | Median/Mean: 4.0 / 3.975 | Fail: 1.878%\n"}
,{"stream_name":"stdout","time":8650.160607159,"data":"[Game 1820] Range: 2-8 | Median/Mean: 4.0 / 3.975 | Fail: 1.868%\n"}
,{"stream_name":"stdout","time":8704.653368246,"data":"[Game 1830] Range: 2-8 | Median/Mean: 4.0 / 3.978 | Fail: 1.858%\n"}
,{"stream_name":"stdout","time":8748.179780175,"data":"[Game 1840] Range: 2-8 | Median/Mean: 4.0 / 3.976 | Fail: 1.848%\n"}
,{"stream_name":"stdout","time":8788.232807721,"data":"[Game 1850] Range: 2-8 | Median/Mean: 4.0 / 3.976 | Fail: 1.838%\n"}
,{"stream_name":"stdout","time":8825.609289474,"data":"[Game 1860] Range: 2-8 | Median/Mean: 4.0 / 3.975 | Fail: 1.828%\n"}
,{"stream_name":"stdout","time":8866.680936095,"data":"[Game 1870] Range: 2-8 | Median/Mean: 4.0 / 3.976 | Fail: 1.818%\n"}
,{"stream_name":"stdout","time":8928.788321675,"data":"[Game 1880] Range: 2-9 | Median/Mean: 4.0 / 3.980 | Fail: 1.968%\n"}
,{"stream_name":"stdout","time":8973.337119014,"data":"[Game 1890] Range: 2-9 | Median/Mean: 4.0 / 3.982 | Fail: 1.958%\n"}
,{"stream_name":"stdout","time":9023.910639408,"data":"[Game 1900] Range: 2-9 | Median/Mean: 4.0 / 3.984 | Fail: 1.947%\n"}
,{"stream_name":"stdout","time":9078.975773439,"data":"[Game 1910] Range: 2-9 | Median/Mean: 4.0 / 3.984 | Fail: 1.937%\n"}
,{"stream_name":"stdout","time":9130.295733252,"data":"[Game 1920] Range: 2-9 | Median/Mean: 4.0 / 3.984 | Fail: 1.927%\n"}
,{"stream_name":"stdout","time":9171.208159153,"data":"[Game 1930] Range: 2-9 | Median/Mean: 4.0 / 3.984 | Fail: 1.917%\n"}
,{"stream_name":"stdout","time":9220.96066342,"data":"[Game 1940] Range: 2-9 | Median/Mean: 4.0 / 3.986 | Fail: 1.907%\n"}
,{"stream_name":"stdout","time":9268.91765292,"data":"[Game 1950] Range: 2-9 | Median/Mean: 4.0 / 3.984 | Fail: 1.897%\n"}
,{"stream_name":"stdout","time":9323.018937856,"data":"[Game 1960] Range: 2-9 | Median/Mean: 4.0 / 3.986 | Fail: 1.939%\n"}
,{"stream_name":"stdout","time":9361.693979892,"data":"[Game 1970] Range: 2-9 | Median/Mean: 4.0 / 3.986 | Fail: 1.929%\n"}
,{"stream_name":"stdout","time":9405.194606463,"data":"[Game 1980] Range: 2-9 | Median/Mean: 4.0 / 3.988 | Fail: 1.919%\n"}
,{"stream_name":"stdout","time":9455.323424873,"data":"[Game 1990] Range: 2-9 | Median/Mean: 4.0 / 3.987 | Fail: 1.910%\n"}
,{"stream_name":"stdout","time":9502.45591655,"data":"[Game 2000] Range: 2-9 | Median/Mean: 4.0 / 3.988 | Fail: 1.950%\n"}
,{"stream_name":"stdout","time":9551.412218871,"data":"[Game 2010] Range: 2-9 | Median/Mean: 4.0 / 3.989 | Fail: 1.940%\n"}
,{"stream_name":"stdout","time":9601.542321633,"data":"[Game 2020] Range: 2-9 | Median/Mean: 4.0 / 3.991 | Fail: 1.980%\n"}
,{"stream_name":"stdout","time":9644.065017403,"data":"[Game 2030] Range: 2-9 | Median/Mean: 4.0 / 3.989 | Fail: 1.970%\n"}
,{"stream_name":"stdout","time":9701.79531801,"data":"[Game 2040] Range: 2-9 | Median/Mean: 4.0 / 3.991 | Fail: 1.961%\n"}
,{"stream_name":"stdout","time":9752.90600074,"data":"[Game 2050] Range: 2-9 | Median/Mean: 4.0 / 3.993 | Fail: 1.951%\n"}
,{"stream_name":"stdout","time":9793.046448609,"data":"[Game 2060] Range: 2-9 | Median/Mean: 4.0 / 3.992 | Fail: 1.942%\n"}
,{"stream_name":"stdout","time":9846.862810061,"data":"[Game 2070] Range: 2-9 | Median/Mean: 4.0 / 3.995 | Fail: 1.981%\n"}
,{"stream_name":"stdout","time":9888.421028828,"data":"[Game 2080] Range: 2-9 | Median/Mean: 4.0 / 3.994 | Fail: 1.971%\n"}
,{"stream_name":"stdout","time":9924.691323412,"data":"[Game 2090] Range: 2-9 | Median/Mean: 4.0 / 3.993 | Fail: 1.962%\n"}
,{"stream_name":"stdout","time":9976.877427795,"data":"[Game 2100] Range: 2-9 | Median/Mean: 4.0 / 3.996 | Fail: 2.000%\n"}
,{"stream_name":"stdout","time":10024.40604964,"data":"[Game 2110] Range: 2-9 | Median/Mean: 4.0 / 3.993 | Fail: 1.991%\n"}
,{"stream_name":"stdout","time":10072.240388934,"data":"[Game 2120] Range: 2-9 | Median/Mean: 4.0 / 3.995 | Fail: 1.981%\n"}
,{"stream_name":"stdout","time":10126.931406767,"data":"[Game 2130] Range: 2-9 | Median/Mean: 4.0 / 3.996 | Fail: 1.972%\n"}
,{"stream_name":"stdout","time":10181.033370404,"data":"[Game 2140] Range: 2-9 | Median/Mean: 4.0 / 3.996 | Fail: 1.963%\n"}
,{"stream_name":"stdout","time":10229.917548946,"data":"[Game 2150] Range: 2-9 | Median/Mean: 4.0 / 3.997 | Fail: 1.953%\n"}
,{"stream_name":"stdout","time":10274.874330729,"data":"[Game 2160] Range: 2-9 | Median/Mean: 4.0 / 3.996 | Fail: 1.944%\n"}
,{"stream_name":"stdout","time":10323.93299156,"data":"[Game 2170] Range: 2-9 | Median/Mean: 4.0 / 3.996 | Fail: 1.982%\n"}
,{"stream_name":"stdout","time":10378.553600358,"data":"[Game 2180] Range: 2-9 | Median/Mean: 4.0 / 3.996 | Fail: 1.972%\n"}
,{"stream_name":"stdout","time":10422.629668378,"data":"[Game 2190] Range: 2-9 | Median/Mean: 4.0 / 3.995 | Fail: 1.963%\n"}
,{"stream_name":"stdout","time":10458.256202524,"data":"[Game 2200] Range: 2-9 | Median/Mean: 4.0 / 3.994 | Fail: 1.955%\n"}
,{"stream_name":"stdout","time":10503.570695036,"data":"[Game 2210] Range: 2-9 | Median/Mean: 4.0 / 3.991 | Fail: 1.946%\n"}
,{"stream_name":"stdout","time":10553.319060235,"data":"[Game 2220] Range: 2-9 | Median/Mean: 4.0 / 3.995 | Fail: 1.982%\n"}
,{"stream_name":"stdout","time":10600.157859962,"data":"[Game 2230] Range: 2-9 | Median/Mean: 4.0 / 3.994 | Fail: 1.973%\n"}
,{"stream_name":"stdout","time":10639.249126416,"data":"[Game 2240] Range: 2-9 | Median/Mean: 4.0 / 3.992 | Fail: 2.009%\n"}
,{"stream_name":"stdout","time":10691.167288905,"data":"[Game 2250] Range: 2-9 | Median/Mean: 4.0 / 3.994 | Fail: 2.044%\n"}
,{"stream_name":"stdout","time":10741.531783541,"data":"[Game 2260] Range: 2-9 | Median/Mean: 4.0 / 3.995 | Fail: 2.080%\n"}
,{"stream_name":"stdout","time":10786.215276432,"data":"[Game 2270] Range: 2-9 | Median/Mean: 4.0 / 3.995 | Fail: 2.070%\n"}
,{"stream_name":"stdout","time":10828.407283486,"data":"[Game 2280] Range: 2-9 | Median/Mean: 4.0 / 3.995 | Fail: 2.061%\n"}
,{"stream_name":"stdout","time":10873.813135074,"data":"[Game 2290] Range: 2-9 | Median/Mean: 4.0 / 3.997 | Fail: 2.096%\n"}
,{"stream_name":"stdout","time":10907.237524476,"data":"[Game 2300] Range: 2-9 | Median/Mean: 4.0 / 3.994 | Fail: 2.087%\n"}
,{"stream_name":"stdout","time":10940.569659019,"data":"[Game 2310] Range: 2-9 | Median/Mean: 4.0 / 3.993 | Fail: 2.078%\n"}
,{"stream_name":"stdout","time":10953.945780861,"data":"Summary:\n"}
,{"stream_name":"stdout","time":10953.958483907,"data":"Distribution across steps:\n"}
,{"stream_name":"stdout","time":10953.967556816,"data":"Key Metrics:\n"}
,{"stream_name":"stderr","time":10957.958490553,"data":"/opt/conda/lib/python3.7/site-packages/traitlets/traitlets.py:2567: FutureWarning: --Exporter.preprocessors=[\"remove_papermill_header.RemovePapermillHeader\"] for containers is deprecated in traitlets 5.0. You can pass `--Exporter.preprocessors item` ... multiple times to add items to a list.\n"}
,{"stream_name":"stderr","time":10957.958553035,"data":"  FutureWarning,\n"}
,{"stream_name":"stderr","time":10957.958562449,"data":"[NbConvertApp] Converting notebook __notebook__.ipynb to notebook\n"}
,{"stream_name":"stderr","time":10958.371724168,"data":"[NbConvertApp] Writing 32965 bytes to __notebook__.ipynb\n"}
,{"stream_name":"stderr","time":10960.777978875,"data":"/opt/conda/lib/python3.7/site-packages/traitlets/traitlets.py:2567: FutureWarning: --Exporter.preprocessors=[\"nbconvert.preprocessors.ExtractOutputPreprocessor\"] for containers is deprecated in traitlets 5.0. You can pass `--Exporter.preprocessors item` ... multiple times to add items to a list.\n"}
,{"stream_name":"stderr","time":10960.778158902,"data":"  FutureWarning,\n"}
,{"stream_name":"stderr","time":10960.778176959,"data":"[NbConvertApp] Converting notebook __notebook__.ipynb to html\n"}
,{"stream_name":"stderr","time":10961.397400786,"data":"[NbConvertApp] Writing 308335 bytes to __results__.html\n"}
]