[{"stream_name":"stderr","time":14.522534249,"data":"/opt/conda/lib/python3.7/site-packages/papermill/iorw.py:50: FutureWarning: pyarrow.HadoopFileSystem is deprecated as of 2.0.0, please use pyarrow.fs.HadoopFileSystem instead.\n"}
,{"stream_name":"stderr","time":14.522624401,"data":"  from pyarrow import HadoopFileSystem\n"}
,{"stream_name":"stdout","time":16.281256778,"data":"[ ---------- RATES ----------]\n"}
,{"stream_name":"stdout","time":67.957746017,"data":"[Game 10] Range: 2-5 | Median/Mean: 4.0 / 3.600 | Fail: 0.000%\n"}
,{"stream_name":"stdout","time":117.967051982,"data":"[Game 20] Range: 2-5 | Median/Mean: 4.0 / 3.850 | Fail: 0.000%\n"}
,{"stream_name":"stdout","time":152.08644733,"data":"[Game 30] Range: 2-5 | Median/Mean: 4.0 / 3.733 | Fail: 0.000%\n"}
,{"stream_name":"stdout","time":193.771814241,"data":"[Game 40] Range: 2-6 | Median/Mean: 4.0 / 3.925 | Fail: 0.000%\n"}
,{"stream_name":"stdout","time":238.421169279,"data":"[Game 50] Range: 2-6 | Median/Mean: 4.0 / 3.940 | Fail: 0.000%\n"}
,{"stream_name":"stdout","time":286.79506166,"data":"[Game 60] Range: 2-6 | Median/Mean: 4.0 / 3.900 | Fail: 0.000%\n"}
,{"stream_name":"stdout","time":337.125871157,"data":"[Game 70] Range: 2-6 | Median/Mean: 4.0 / 3.929 | Fail: 0.000%\n"}
,{"stream_name":"stdout","time":383.462358204,"data":"[Game 80] Range: 2-6 | Median/Mean: 4.0 / 3.850 | Fail: 0.000%\n"}
,{"stream_name":"stdout","time":430.849722952,"data":"[Game 90] Range: 2-8 | Median/Mean: 4.0 / 3.878 | Fail: 1.111%\n"}
,{"stream_name":"stdout","time":476.386629332,"data":"[Game 100] Range: 2-8 | Median/Mean: 4.0 / 3.840 | Fail: 1.000%\n"}
,{"stream_name":"stdout","time":522.681629446,"data":"[Game 110] Range: 2-8 | Median/Mean: 4.0 / 3.836 | Fail: 0.909%\n"}
,{"stream_name":"stdout","time":578.806901707,"data":"[Game 120] Range: 2-8 | Median/Mean: 4.0 / 3.825 | Fail: 0.833%\n"}
,{"stream_name":"stdout","time":621.544727078,"data":"[Game 130] Range: 2-8 | Median/Mean: 4.0 / 3.838 | Fail: 0.769%\n"}
,{"stream_name":"stdout","time":677.973559163,"data":"[Game 140] Range: 2-8 | Median/Mean: 4.0 / 3.836 | Fail: 0.714%\n"}
,{"stream_name":"stdout","time":729.062445074,"data":"[Game 150] Range: 2-8 | Median/Mean: 4.0 / 3.833 | Fail: 0.667%\n"}
,{"stream_name":"stdout","time":764.576541781,"data":"[Game 160] Range: 2-8 | Median/Mean: 4.0 / 3.819 | Fail: 0.625%\n"}
,{"stream_name":"stdout","time":812.220182544,"data":"[Game 170] Range: 2-8 | Median/Mean: 4.0 / 3.824 | Fail: 0.588%\n"}
,{"stream_name":"stdout","time":842.757126221,"data":"[Game 180] Range: 2-8 | Median/Mean: 4.0 / 3.822 | Fail: 0.556%\n"}
,{"stream_name":"stdout","time":894.306242194,"data":"[Game 190] Range: 2-8 | Median/Mean: 4.0 / 3.868 | Fail: 1.053%\n"}
,{"stream_name":"stdout","time":931.039325199,"data":"[Game 200] Range: 2-8 | Median/Mean: 4.0 / 3.845 | Fail: 1.000%\n"}
,{"stream_name":"stdout","time":982.652534408,"data":"[Game 210] Range: 2-8 | Median/Mean: 4.0 / 3.843 | Fail: 0.952%\n"}
,{"stream_name":"stdout","time":1043.38593406,"data":"[Game 220] Range: 2-8 | Median/Mean: 4.0 / 3.859 | Fail: 0.909%\n"}
,{"stream_name":"stdout","time":1091.116241451,"data":"[Game 230] Range: 2-8 | Median/Mean: 4.0 / 3.865 | Fail: 1.304%\n"}
,{"stream_name":"stdout","time":1145.128218493,"data":"[Game 240] Range: 2-8 | Median/Mean: 4.0 / 3.875 | Fail: 1.250%\n"}
,{"stream_name":"stdout","time":1199.235535486,"data":"[Game 250] Range: 2-8 | Median/Mean: 4.0 / 3.884 | Fail: 1.200%\n"}
,{"stream_name":"stdout","time":1253.96194016,"data":"[Game 260] Range: 2-8 | Median/Mean: 4.0 / 3.908 | Fail: 1.154%\n"}
,{"stream_name":"stdout","time":1286.057703859,"data":"[Game 270] Range: 2-8 | Median/Mean: 4.0 / 3.911 | Fail: 1.111%\n"}
,{"stream_name":"stdout","time":1319.795422198,"data":"[Game 280] Range: 2-8 | Median/Mean: 4.0 / 3.893 | Fail: 1.071%\n"}
,{"stream_name":"stdout","time":1376.4865997,"data":"[Game 290] Range: 2-8 | Median/Mean: 4.0 / 3.886 | Fail: 1.034%\n"}
,{"stream_name":"stdout","time":1412.919193004,"data":"[Game 300] Range: 2-8 | Median/Mean: 4.0 / 3.890 | Fail: 1.000%\n"}
,{"stream_name":"stdout","time":1470.88988881,"data":"[Game 310] Range: 2-8 | Median/Mean: 4.0 / 3.894 | Fail: 0.968%\n"}
,{"stream_name":"stdout","time":1528.217976033,"data":"[Game 320] Range: 2-8 | Median/Mean: 4.0 / 3.900 | Fail: 0.938%\n"}
,{"stream_name":"stdout","time":1563.700258931,"data":"[Game 330] Range: 2-8 | Median/Mean: 4.0 / 3.912 | Fail: 1.212%\n"}
,{"stream_name":"stdout","time":1605.759012022,"data":"[Game 340] Range: 2-8 | Median/Mean: 4.0 / 3.906 | Fail: 1.176%\n"}
,{"stream_name":"stdout","time":1652.603334925,"data":"[Game 350] Range: 2-8 | Median/Mean: 4.0 / 3.889 | Fail: 1.143%\n"}
,{"stream_name":"stdout","time":1695.930749535,"data":"[Game 360] Range: 2-8 | Median/Mean: 4.0 / 3.889 | Fail: 1.389%\n"}
,{"stream_name":"stdout","time":1741.101103084,"data":"[Game 370] Range: 2-8 | Median/Mean: 4.0 / 3.889 | Fail: 1.351%\n"}
,{"stream_name":"stdout","time":1798.183840326,"data":"[Game 380] Range: 2-8 | Median/Mean: 4.0 / 3.900 | Fail: 1.316%\n"}
,{"stream_name":"stdout","time":1838.280037332,"data":"[Game 390] Range: 2-8 | Median/Mean: 4.0 / 3.900 | Fail: 1.538%\n"}
,{"stream_name":"stdout","time":1895.213197332,"data":"[Game 400] Range: 2-8 | Median/Mean: 4.0 / 3.925 | Fail: 1.750%\n"}
,{"stream_name":"stdout","time":1951.316315892,"data":"[Game 410] Range: 2-8 | Median/Mean: 4.0 / 3.937 | Fail: 1.707%\n"}
,{"stream_name":"stdout","time":2013.725722533,"data":"[Game 420] Range: 2-8 | Median/Mean: 4.0 / 3.933 | Fail: 1.667%\n"}
,{"stream_name":"stdout","time":2056.829610563,"data":"[Game 430] Range: 2-8 | Median/Mean: 4.0 / 3.949 | Fail: 1.628%\n"}
,{"stream_name":"stdout","time":2105.429533906,"data":"[Game 440] Range: 2-8 | Median/Mean: 4.0 / 3.968 | Fail: 1.591%\n"}
,{"stream_name":"stdout","time":2144.338531461,"data":"[Game 450] Range: 2-8 | Median/Mean: 4.0 / 3.956 | Fail: 1.556%\n"}
,{"stream_name":"stdout","time":2200.766808349,"data":"[Game 460] Range: 2-8 | Median/Mean: 4.0 / 3.959 | Fail: 1.522%\n"}
,{"stream_name":"stdout","time":2250.543586909,"data":"[Game 470] Range: 2-8 | Median/Mean: 4.0 / 3.949 | Fail: 1.489%\n"}
,{"stream_name":"stdout","time":2295.767490552,"data":"[Game 480] Range: 2-8 | Median/Mean: 4.0 / 3.946 | Fail: 1.458%\n"}
,{"stream_name":"stdout","time":2336.892693897,"data":"[Game 490] Range: 2-8 | Median/Mean: 4.0 / 3.947 | Fail: 1.429%\n"}
,{"stream_name":"stdout","time":2387.622569954,"data":"[Game 500] Range: 2-8 | Median/Mean: 4.0 / 3.942 | Fail: 1.400%\n"}
,{"stream_name":"stdout","time":2431.917761814,"data":"[Game 510] Range: 2-8 | Median/Mean: 4.0 / 3.949 | Fail: 1.569%\n"}
,{"stream_name":"stdout","time":2482.862091543,"data":"[Game 520] Range: 2-8 | Median/Mean: 4.0 / 3.950 | Fail: 1.538%\n"}
,{"stream_name":"stdout","time":2527.583825247,"data":"[Game 530] Range: 2-8 | Median/Mean: 4.0 / 3.953 | Fail: 1.509%\n"}
,{"stream_name":"stdout","time":2575.470359918,"data":"[Game 540] Range: 2-8 | Median/Mean: 4.0 / 3.956 | Fail: 1.481%\n"}
,{"stream_name":"stdout","time":2627.219848188,"data":"[Game 550] Range: 2-8 | Median/Mean: 4.0 / 3.955 | Fail: 1.455%\n"}
,{"stream_name":"stdout","time":2677.55544166,"data":"[Game 560] Range: 2-8 | Median/Mean: 4.0 / 3.966 | Fail: 1.429%\n"}
,{"stream_name":"stdout","time":2720.766439865,"data":"[Game 570] Range: 2-8 | Median/Mean: 4.0 / 3.968 | Fail: 1.404%\n"}
,{"stream_name":"stdout","time":2753.659646518,"data":"[Game 580] Range: 2-8 | Median/Mean: 4.0 / 3.962 | Fail: 1.379%\n"}
,{"stream_name":"stdout","time":2816.135280656,"data":"[Game 590] Range: 2-8 | Median/Mean: 4.0 / 3.971 | Fail: 1.356%\n"}
,{"stream_name":"stdout","time":2864.804676311,"data":"[Game 600] Range: 2-8 | Median/Mean: 4.0 / 3.970 | Fail: 1.333%\n"}
,{"stream_name":"stdout","time":2903.762689955,"data":"[Game 610] Range: 2-8 | Median/Mean: 4.0 / 3.966 | Fail: 1.311%\n"}
,{"stream_name":"stdout","time":2952.51432367,"data":"[Game 620] Range: 2-8 | Median/Mean: 4.0 / 3.963 | Fail: 1.290%\n"}
,{"stream_name":"stdout","time":3003.879285441,"data":"[Game 630] Range: 2-8 | Median/Mean: 4.0 / 3.959 | Fail: 1.270%\n"}
,{"stream_name":"stdout","time":3059.233296027,"data":"[Game 640] Range: 2-8 | Median/Mean: 4.0 / 3.966 | Fail: 1.250%\n"}
,{"stream_name":"stdout","time":3114.929284426,"data":"[Game 650] Range: 2-8 | Median/Mean: 4.0 / 3.977 | Fail: 1.231%\n"}
,{"stream_name":"stdout","time":3163.059613929,"data":"[Game 660] Range: 2-8 | Median/Mean: 4.0 / 3.974 | Fail: 1.212%\n"}
,{"stream_name":"stdout","time":3213.200880921,"data":"[Game 670] Range: 2-8 | Median/Mean: 4.0 / 3.969 | Fail: 1.194%\n"}
,{"stream_name":"stdout","time":3265.721919522,"data":"[Game 680] Range: 2-8 | Median/Mean: 4.0 / 3.974 | Fail: 1.324%\n"}
,{"stream_name":"stdout","time":3307.689188536,"data":"[Game 690] Range: 2-8 | Median/Mean: 4.0 / 3.971 | Fail: 1.304%\n"}
,{"stream_name":"stdout","time":3367.205298218,"data":"[Game 700] Range: 2-8 | Median/Mean: 4.0 / 3.977 | Fail: 1.286%\n"}
,{"stream_name":"stdout","time":3408.493301862,"data":"[Game 710] Range: 2-8 | Median/Mean: 4.0 / 3.979 | Fail: 1.268%\n"}
,{"stream_name":"stdout","time":3472.863949806,"data":"[Game 720] Range: 2-8 | Median/Mean: 4.0 / 3.974 | Fail: 1.250%\n"}
,{"stream_name":"stdout","time":3529.186106912,"data":"[Game 730] Range: 2-8 | Median/Mean: 4.0 / 3.981 | Fail: 1.233%\n"}
,{"stream_name":"stdout","time":3581.324358163,"data":"[Game 740] Range: 2-8 | Median/Mean: 4.0 / 3.981 | Fail: 1.216%\n"}
,{"stream_name":"stdout","time":3644.060389201,"data":"[Game 750] Range: 2-8 | Median/Mean: 4.0 / 3.977 | Fail: 1.200%\n"}
,{"stream_name":"stdout","time":3703.029877059,"data":"[Game 760] Range: 2-8 | Median/Mean: 4.0 / 3.980 | Fail: 1.184%\n"}
,{"stream_name":"stdout","time":3758.159465298,"data":"[Game 770] Range: 2-8 | Median/Mean: 4.0 / 3.979 | Fail: 1.169%\n"}
,{"stream_name":"stdout","time":3819.143572114,"data":"[Game 780] Range: 2-8 | Median/Mean: 4.0 / 3.977 | Fail: 1.154%\n"}
,{"stream_name":"stdout","time":3857.951394446,"data":"[Game 790] Range: 2-8 | Median/Mean: 4.0 / 3.981 | Fail: 1.139%\n"}
,{"stream_name":"stdout","time":3920.767939998,"data":"[Game 800] Range: 2-8 | Median/Mean: 4.0 / 3.986 | Fail: 1.125%\n"}
,{"stream_name":"stdout","time":3962.257425618,"data":"[Game 810] Range: 2-8 | Median/Mean: 4.0 / 3.977 | Fail: 1.111%\n"}
,{"stream_name":"stdout","time":4006.257748392,"data":"[Game 820] Range: 2-8 | Median/Mean: 4.0 / 3.973 | Fail: 1.098%\n"}
,{"stream_name":"stdout","time":4063.051094031,"data":"[Game 830] Range: 2-8 | Median/Mean: 4.0 / 3.971 | Fail: 1.084%\n"}
,{"stream_name":"stdout","time":4104.477830397,"data":"[Game 840] Range: 2-8 | Median/Mean: 4.0 / 3.977 | Fail: 1.190%\n"}
,{"stream_name":"stdout","time":4141.514940859,"data":"[Game 850] Range: 2-8 | Median/Mean: 4.0 / 3.969 | Fail: 1.176%\n"}
,{"stream_name":"stdout","time":4198.006496288,"data":"[Game 860] Range: 2-8 | Median/Mean: 4.0 / 3.971 | Fail: 1.279%\n"}
,{"stream_name":"stdout","time":4262.271748351,"data":"[Game 870] Range: 2-8 | Median/Mean: 4.0 / 3.970 | Fail: 1.264%\n"}
,{"stream_name":"stdout","time":4305.588919185,"data":"[Game 880] Range: 2-8 | Median/Mean: 4.0 / 3.969 | Fail: 1.250%\n"}
,{"stream_name":"stdout","time":4352.916904807,"data":"[Game 890] Range: 2-8 | Median/Mean: 4.0 / 3.965 | Fail: 1.236%\n"}
,{"stream_name":"stdout","time":4397.72827308,"data":"[Game 900] Range: 2-8 | Median/Mean: 4.0 / 3.961 | Fail: 1.222%\n"}
,{"stream_name":"stdout","time":4439.218171741,"data":"[Game 910] Range: 2-8 | Median/Mean: 4.0 / 3.963 | Fail: 1.319%\n"}
,{"stream_name":"stdout","time":4494.976466286,"data":"[Game 920] Range: 2-8 | Median/Mean: 4.0 / 3.962 | Fail: 1.304%\n"}
,{"stream_name":"stdout","time":4549.315138977,"data":"[Game 930] Range: 2-8 | Median/Mean: 4.0 / 3.962 | Fail: 1.290%\n"}
,{"stream_name":"stdout","time":4592.475958136,"data":"[Game 940] Range: 2-8 | Median/Mean: 4.0 / 3.957 | Fail: 1.277%\n"}
,{"stream_name":"stdout","time":4656.903314376,"data":"[Game 950] Range: 2-8 | Median/Mean: 4.0 / 3.958 | Fail: 1.263%\n"}
,{"stream_name":"stdout","time":4684.677535659,"data":"[Game 960] Range: 2-8 | Median/Mean: 4.0 / 3.953 | Fail: 1.250%\n"}
,{"stream_name":"stdout","time":4729.845725412,"data":"[Game 970] Range: 2-8 | Median/Mean: 4.0 / 3.955 | Fail: 1.237%\n"}
,{"stream_name":"stdout","time":4781.330434203,"data":"[Game 980] Range: 2-8 | Median/Mean: 4.0 / 3.957 | Fail: 1.327%\n"}
,{"stream_name":"stdout","time":4821.997473761,"data":"[Game 990] Range: 2-8 | Median/Mean: 4.0 / 3.951 | Fail: 1.313%\n"}
,{"stream_name":"stdout","time":4853.515308674,"data":"[Game 1000] Range: 2-8 | Median/Mean: 4.0 / 3.948 | Fail: 1.300%\n"}
,{"stream_name":"stdout","time":4900.2854296,"data":"[Game 1010] Range: 2-8 | Median/Mean: 4.0 / 3.948 | Fail: 1.287%\n"}
,{"stream_name":"stdout","time":4947.710016694,"data":"[Game 1020] Range: 2-8 | Median/Mean: 4.0 / 3.945 | Fail: 1.275%\n"}
,{"stream_name":"stdout","time":4996.059806995,"data":"[Game 1030] Range: 2-8 | Median/Mean: 4.0 / 3.946 | Fail: 1.262%\n"}
,{"stream_name":"stdout","time":5035.542481228,"data":"[Game 1040] Range: 2-8 | Median/Mean: 4.0 / 3.944 | Fail: 1.250%\n"}
,{"stream_name":"stdout","time":5085.15722655,"data":"[Game 1050] Range: 2-8 | Median/Mean: 4.0 / 3.943 | Fail: 1.238%\n"}
,{"stream_name":"stdout","time":5151.70254742,"data":"[Game 1060] Range: 2-8 | Median/Mean: 4.0 / 3.942 | Fail: 1.226%\n"}
,{"stream_name":"stdout","time":5181.524910514,"data":"[Game 1070] Range: 2-8 | Median/Mean: 4.0 / 3.936 | Fail: 1.215%\n"}
,{"stream_name":"stdout","time":5230.272697079,"data":"[Game 1080] Range: 2-8 | Median/Mean: 4.0 / 3.931 | Fail: 1.204%\n"}
,{"stream_name":"stdout","time":5290.881517442,"data":"[Game 1090] Range: 2-8 | Median/Mean: 4.0 / 3.937 | Fail: 1.284%\n"}
,{"stream_name":"stdout","time":5353.30853474,"data":"[Game 1100] Range: 2-8 | Median/Mean: 4.0 / 3.938 | Fail: 1.273%\n"}
,{"stream_name":"stdout","time":5398.052594788,"data":"[Game 1110] Range: 2-8 | Median/Mean: 4.0 / 3.940 | Fail: 1.261%\n"}
,{"stream_name":"stdout","time":5447.216278594,"data":"[Game 1120] Range: 2-8 | Median/Mean: 4.0 / 3.937 | Fail: 1.250%\n"}
,{"stream_name":"stdout","time":5500.614391016,"data":"[Game 1130] Range: 2-8 | Median/Mean: 4.0 / 3.935 | Fail: 1.239%\n"}
,{"stream_name":"stdout","time":5551.669040026,"data":"[Game 1140] Range: 2-8 | Median/Mean: 4.0 / 3.939 | Fail: 1.316%\n"}
,{"stream_name":"stdout","time":5585.70838335,"data":"[Game 1150] Range: 2-8 | Median/Mean: 4.0 / 3.940 | Fail: 1.304%\n"}
,{"stream_name":"stdout","time":5641.542300474,"data":"[Game 1160] Range: 2-8 | Median/Mean: 4.0 / 3.938 | Fail: 1.293%\n"}
,{"stream_name":"stdout","time":5693.240122758,"data":"[Game 1170] Range: 2-8 | Median/Mean: 4.0 / 3.943 | Fail: 1.282%\n"}
,{"stream_name":"stdout","time":5745.668342675,"data":"[Game 1180] Range: 2-8 | Median/Mean: 4.0 / 3.942 | Fail: 1.271%\n"}
,{"stream_name":"stdout","time":5802.450157899,"data":"[Game 1190] Range: 2-8 | Median/Mean: 4.0 / 3.947 | Fail: 1.261%\n"}
,{"stream_name":"stdout","time":5848.18835226,"data":"[Game 1200] Range: 2-8 | Median/Mean: 4.0 / 3.941 | Fail: 1.250%\n"}
,{"stream_name":"stdout","time":5887.150224091,"data":"[Game 1210] Range: 2-8 | Median/Mean: 4.0 / 3.941 | Fail: 1.240%\n"}
,{"stream_name":"stdout","time":5933.165241961,"data":"[Game 1220] Range: 2-8 | Median/Mean: 4.0 / 3.943 | Fail: 1.230%\n"}
,{"stream_name":"stdout","time":5989.692285737,"data":"[Game 1230] Range: 2-8 | Median/Mean: 4.0 / 3.946 | Fail: 1.220%\n"}
,{"stream_name":"stdout","time":6043.455124104,"data":"[Game 1240] Range: 2-8 | Median/Mean: 4.0 / 3.945 | Fail: 1.210%\n"}
,{"stream_name":"stdout","time":6094.803738075,"data":"[Game 1250] Range: 2-8 | Median/Mean: 4.0 / 3.948 | Fail: 1.200%\n"}
,{"stream_name":"stdout","time":6143.42365709,"data":"[Game 1260] Range: 2-8 | Median/Mean: 4.0 / 3.951 | Fail: 1.270%\n"}
,{"stream_name":"stdout","time":6178.112116639,"data":"[Game 1270] Range: 2-8 | Median/Mean: 4.0 / 3.952 | Fail: 1.260%\n"}
,{"stream_name":"stdout","time":6219.204082054,"data":"[Game 1280] Range: 2-8 | Median/Mean: 4.0 / 3.951 | Fail: 1.250%\n"}
,{"stream_name":"stdout","time":6248.340350875,"data":"[Game 1290] Range: 2-8 | Median/Mean: 4.0 / 3.948 | Fail: 1.240%\n"}
,{"stream_name":"stdout","time":6282.940463,"data":"[Game 1300] Range: 2-8 | Median/Mean: 4.0 / 3.946 | Fail: 1.231%\n"}
,{"stream_name":"stdout","time":6322.458856294,"data":"[Game 1310] Range: 2-8 | Median/Mean: 4.0 / 3.943 | Fail: 1.221%\n"}
,{"stream_name":"stdout","time":6378.418866878,"data":"[Game 1320] Range: 2-8 | Median/Mean: 4.0 / 3.943 | Fail: 1.288%\n"}
,{"stream_name":"stdout","time":6439.763594236,"data":"[Game 1330] Range: 2-8 | Median/Mean: 4.0 / 3.946 | Fail: 1.278%\n"}
,{"stream_name":"stdout","time":6500.278638317,"data":"[Game 1340] Range: 2-8 | Median/Mean: 4.0 / 3.949 | Fail: 1.269%\n"}
,{"stream_name":"stdout","time":6537.610014728,"data":"[Game 1350] Range: 2-8 | Median/Mean: 4.0 / 3.945 | Fail: 1.259%\n"}
,{"stream_name":"stdout","time":6594.373908511,"data":"[Game 1360] Range: 2-8 | Median/Mean: 4.0 / 3.947 | Fail: 1.250%\n"}
,{"stream_name":"stdout","time":6646.522398883,"data":"[Game 1370] Range: 2-8 | Median/Mean: 4.0 / 3.952 | Fail: 1.241%\n"}
,{"stream_name":"stdout","time":6703.721217494,"data":"[Game 1380] Range: 2-8 | Median/Mean: 4.0 / 3.954 | Fail: 1.304%\n"}
,{"stream_name":"stdout","time":6742.392015053,"data":"[Game 1390] Range: 2-8 | Median/Mean: 4.0 / 3.953 | Fail: 1.295%\n"}
,{"stream_name":"stdout","time":6782.902069535,"data":"[Game 1400] Range: 2-8 | Median/Mean: 4.0 / 3.955 | Fail: 1.357%\n"}
,{"stream_name":"stdout","time":6834.53949842,"data":"[Game 1410] Range: 2-8 | Median/Mean: 4.0 / 3.957 | Fail: 1.348%\n"}
,{"stream_name":"stdout","time":6884.513903024,"data":"[Game 1420] Range: 2-8 | Median/Mean: 4.0 / 3.955 | Fail: 1.338%\n"}
,{"stream_name":"stdout","time":6917.651497822,"data":"[Game 1430] Range: 2-8 | Median/Mean: 4.0 / 3.952 | Fail: 1.329%\n"}
,{"stream_name":"stdout","time":6965.538686995,"data":"[Game 1440] Range: 2-9 | Median/Mean: 4.0 / 3.956 | Fail: 1.389%\n"}
,{"stream_name":"stdout","time":7019.588188215,"data":"[Game 1450] Range: 2-9 | Median/Mean: 4.0 / 3.958 | Fail: 1.448%\n"}
,{"stream_name":"stdout","time":7065.818691666,"data":"[Game 1460] Range: 2-9 | Median/Mean: 4.0 / 3.959 | Fail: 1.438%\n"}
,{"stream_name":"stdout","time":7107.014955937,"data":"[Game 1470] Range: 2-9 | Median/Mean: 4.0 / 3.960 | Fail: 1.429%\n"}
,{"stream_name":"stdout","time":7158.020085593,"data":"[Game 1480] Range: 2-9 | Median/Mean: 4.0 / 3.959 | Fail: 1.419%\n"}
,{"stream_name":"stdout","time":7216.171231122,"data":"[Game 1490] Range: 2-9 | Median/Mean: 4.0 / 3.960 | Fail: 1.409%\n"}
,{"stream_name":"stdout","time":7262.515171382,"data":"[Game 1500] Range: 2-9 | Median/Mean: 4.0 / 3.959 | Fail: 1.400%\n"}
,{"stream_name":"stdout","time":7310.774601153,"data":"[Game 1510] Range: 2-9 | Median/Mean: 4.0 / 3.955 | Fail: 1.391%\n"}
,{"stream_name":"stdout","time":7351.949621716,"data":"[Game 1520] Range: 2-9 | Median/Mean: 4.0 / 3.953 | Fail: 1.382%\n"}
,{"stream_name":"stdout","time":7417.73554561,"data":"[Game 1530] Range: 2-9 | Median/Mean: 4.0 / 3.955 | Fail: 1.373%\n"}
,{"stream_name":"stdout","time":7472.098632995,"data":"[Game 1540] Range: 2-9 | Median/Mean: 4.0 / 3.953 | Fail: 1.364%\n"}
,{"stream_name":"stdout","time":7514.532449034,"data":"[Game 1550] Range: 2-9 | Median/Mean: 4.0 / 3.953 | Fail: 1.355%\n"}
,{"stream_name":"stdout","time":7549.269778342,"data":"[Game 1560] Range: 2-9 | Median/Mean: 4.0 / 3.950 | Fail: 1.346%\n"}
,{"stream_name":"stdout","time":7601.963550229,"data":"[Game 1570] Range: 2-9 | Median/Mean: 4.0 / 3.950 | Fail: 1.401%\n"}
,{"stream_name":"stdout","time":7649.106101124,"data":"[Game 1580] Range: 2-9 | Median/Mean: 4.0 / 3.948 | Fail: 1.392%\n"}
,{"stream_name":"stdout","time":7700.931224099,"data":"[Game 1590] Range: 2-9 | Median/Mean: 4.0 / 3.946 | Fail: 1.384%\n"}
,{"stream_name":"stdout","time":7738.503871104,"data":"[Game 1600] Range: 2-9 | Median/Mean: 4.0 / 3.943 | Fail: 1.375%\n"}
,{"stream_name":"stdout","time":7795.638716651,"data":"[Game 1610] Range: 2-9 | Median/Mean: 4.0 / 3.945 | Fail: 1.366%\n"}
,{"stream_name":"stdout","time":7847.448048271,"data":"[Game 1620] Range: 2-9 | Median/Mean: 4.0 / 3.946 | Fail: 1.358%\n"}
,{"stream_name":"stdout","time":7898.546443962,"data":"[Game 1630] Range: 2-9 | Median/Mean: 4.0 / 3.944 | Fail: 1.350%\n"}
,{"stream_name":"stdout","time":7942.158131515,"data":"[Game 1640] Range: 2-9 | Median/Mean: 4.0 / 3.942 | Fail: 1.341%\n"}
,{"stream_name":"stdout","time":7997.488353234,"data":"[Game 1650] Range: 2-9 | Median/Mean: 4.0 / 3.945 | Fail: 1.333%\n"}
,{"stream_name":"stdout","time":8042.224784152,"data":"[Game 1660] Range: 2-9 | Median/Mean: 4.0 / 3.946 | Fail: 1.325%\n"}
,{"stream_name":"stdout","time":8093.100958,"data":"[Game 1670] Range: 2-9 | Median/Mean: 4.0 / 3.945 | Fail: 1.317%\n"}
,{"stream_name":"stdout","time":8153.854306777,"data":"[Game 1680] Range: 2-9 | Median/Mean: 4.0 / 3.946 | Fail: 1.310%\n"}
,{"stream_name":"stdout","time":8202.47594704,"data":"[Game 1690] Range: 2-9 | Median/Mean: 4.0 / 3.945 | Fail: 1.302%\n"}
,{"stream_name":"stdout","time":8250.845460609,"data":"[Game 1700] Range: 2-9 | Median/Mean: 4.0 / 3.945 | Fail: 1.294%\n"}
,{"stream_name":"stdout","time":8298.064330721,"data":"[Game 1710] Range: 2-9 | Median/Mean: 4.0 / 3.945 | Fail: 1.287%\n"}
,{"stream_name":"stdout","time":8348.478649959,"data":"[Game 1720] Range: 2-9 | Median/Mean: 4.0 / 3.947 | Fail: 1.279%\n"}
,{"stream_name":"stdout","time":8408.724247469,"data":"[Game 1730] Range: 2-9 | Median/Mean: 4.0 / 3.947 | Fail: 1.272%\n"}
,{"stream_name":"stdout","time":8448.46130695,"data":"[Game 1740] Range: 2-9 | Median/Mean: 4.0 / 3.945 | Fail: 1.264%\n"}
,{"stream_name":"stdout","time":8495.822692056,"data":"[Game 1750] Range: 2-9 | Median/Mean: 4.0 / 3.942 | Fail: 1.257%\n"}
,{"stream_name":"stdout","time":8555.956958358,"data":"[Game 1760] Range: 2-9 | Median/Mean: 4.0 / 3.941 | Fail: 1.250%\n"}
,{"stream_name":"stdout","time":8610.490348045,"data":"[Game 1770] Range: 2-9 | Median/Mean: 4.0 / 3.942 | Fail: 1.243%\n"}
,{"stream_name":"stdout","time":8665.81156649,"data":"[Game 1780] Range: 2-9 | Median/Mean: 4.0 / 3.943 | Fail: 1.236%\n"}
,{"stream_name":"stdout","time":8713.841348628,"data":"[Game 1790] Range: 2-9 | Median/Mean: 4.0 / 3.943 | Fail: 1.229%\n"}
,{"stream_name":"stdout","time":8744.222038249,"data":"[Game 1800] Range: 2-9 | Median/Mean: 4.0 / 3.941 | Fail: 1.222%\n"}
,{"stream_name":"stdout","time":8784.705822685,"data":"[Game 1810] Range: 2-9 | Median/Mean: 4.0 / 3.943 | Fail: 1.271%\n"}
,{"stream_name":"stdout","time":8840.392595497,"data":"[Game 1820] Range: 2-9 | Median/Mean: 4.0 / 3.945 | Fail: 1.319%\n"}
,{"stream_name":"stdout","time":8905.944430955,"data":"[Game 1830] Range: 2-9 | Median/Mean: 4.0 / 3.946 | Fail: 1.311%\n"}
,{"stream_name":"stdout","time":8954.829660373,"data":"[Game 1840] Range: 2-9 | Median/Mean: 4.0 / 3.946 | Fail: 1.304%\n"}
,{"stream_name":"stdout","time":8985.731213989,"data":"[Game 1850] Range: 2-9 | Median/Mean: 4.0 / 3.946 | Fail: 1.297%\n"}
,{"stream_name":"stdout","time":9027.280223396,"data":"[Game 1860] Range: 2-9 | Median/Mean: 4.0 / 3.945 | Fail: 1.290%\n"}
,{"stream_name":"stdout","time":9061.740109421,"data":"[Game 1870] Range: 2-9 | Median/Mean: 4.0 / 3.943 | Fail: 1.283%\n"}
,{"stream_name":"stdout","time":9097.084732481,"data":"[Game 1880] Range: 2-9 | Median/Mean: 4.0 / 3.946 | Fail: 1.330%\n"}
,{"stream_name":"stdout","time":9156.692157196,"data":"[Game 1890] Range: 2-9 | Median/Mean: 4.0 / 3.950 | Fail: 1.376%\n"}
,{"stream_name":"stdout","time":9219.899991416,"data":"[Game 1900] Range: 2-9 | Median/Mean: 4.0 / 3.953 | Fail: 1.368%\n"}
,{"stream_name":"stdout","time":9271.651517063,"data":"[Game 1910] Range: 2-9 | Median/Mean: 4.0 / 3.952 | Fail: 1.361%\n"}
,{"stream_name":"stdout","time":9314.868036932,"data":"[Game 1920] Range: 2-9 | Median/Mean: 4.0 / 3.952 | Fail: 1.354%\n"}
,{"stream_name":"stdout","time":9364.511559829,"data":"[Game 1930] Range: 2-9 | Median/Mean: 4.0 / 3.953 | Fail: 1.347%\n"}
,{"stream_name":"stdout","time":9404.072726045,"data":"[Game 1940] Range: 2-9 | Median/Mean: 4.0 / 3.951 | Fail: 1.340%\n"}
,{"stream_name":"stdout","time":9467.849544623,"data":"[Game 1950] Range: 2-9 | Median/Mean: 4.0 / 3.951 | Fail: 1.385%\n"}
,{"stream_name":"stdout","time":9530.174529296,"data":"[Game 1960] Range: 2-9 | Median/Mean: 4.0 / 3.954 | Fail: 1.429%\n"}
,{"stream_name":"stdout","time":9568.360956961,"data":"[Game 1970] Range: 2-9 | Median/Mean: 4.0 / 3.954 | Fail: 1.421%\n"}
,{"stream_name":"stdout","time":9614.613841946,"data":"[Game 1980] Range: 2-9 | Median/Mean: 4.0 / 3.956 | Fail: 1.414%\n"}
,{"stream_name":"stdout","time":9646.65759785,"data":"[Game 1990] Range: 2-9 | Median/Mean: 4.0 / 3.956 | Fail: 1.407%\n"}
,{"stream_name":"stdout","time":9694.406419547,"data":"[Game 2000] Range: 2-9 | Median/Mean: 4.0 / 3.955 | Fail: 1.450%\n"}
,{"stream_name":"stdout","time":9753.147727819,"data":"[Game 2010] Range: 2-9 | Median/Mean: 4.0 / 3.954 | Fail: 1.443%\n"}
,{"stream_name":"stdout","time":9799.867950603,"data":"[Game 2020] Range: 2-9 | Median/Mean: 4.0 / 3.957 | Fail: 1.584%\n"}
,{"stream_name":"stdout","time":9840.25963343,"data":"[Game 2030] Range: 2-9 | Median/Mean: 4.0 / 3.956 | Fail: 1.576%\n"}
,{"stream_name":"stdout","time":9881.060190842,"data":"[Game 2040] Range: 2-9 | Median/Mean: 4.0 / 3.957 | Fail: 1.618%\n"}
,{"stream_name":"stdout","time":9933.147306683,"data":"[Game 2050] Range: 2-9 | Median/Mean: 4.0 / 3.957 | Fail: 1.610%\n"}
,{"stream_name":"stdout","time":9972.861782953,"data":"[Game 2060] Range: 2-9 | Median/Mean: 4.0 / 3.956 | Fail: 1.602%\n"}
,{"stream_name":"stdout","time":10025.600879183,"data":"[Game 2070] Range: 2-9 | Median/Mean: 4.0 / 3.959 | Fail: 1.643%\n"}
,{"stream_name":"stdout","time":10085.261456026,"data":"[Game 2080] Range: 2-9 | Median/Mean: 4.0 / 3.960 | Fail: 1.635%\n"}
,{"stream_name":"stdout","time":10141.507154667,"data":"[Game 2090] Range: 2-9 | Median/Mean: 4.0 / 3.960 | Fail: 1.627%\n"}
,{"stream_name":"stdout","time":10191.483121763,"data":"[Game 2100] Range: 2-9 | Median/Mean: 4.0 / 3.961 | Fail: 1.667%\n"}
,{"stream_name":"stdout","time":10234.407949021,"data":"[Game 2110] Range: 2-9 | Median/Mean: 4.0 / 3.960 | Fail: 1.659%\n"}
,{"stream_name":"stdout","time":10293.824328529,"data":"[Game 2120] Range: 2-9 | Median/Mean: 4.0 / 3.962 | Fail: 1.745%\n"}
,{"stream_name":"stdout","time":10347.976464956,"data":"[Game 2130] Range: 2-9 | Median/Mean: 4.0 / 3.963 | Fail: 1.737%\n"}
,{"stream_name":"stdout","time":10414.115479193,"data":"[Game 2140] Range: 2-9 | Median/Mean: 4.0 / 3.967 | Fail: 1.729%\n"}
,{"stream_name":"stdout","time":10469.792562973,"data":"[Game 2150] Range: 2-9 | Median/Mean: 4.0 / 3.968 | Fail: 1.721%\n"}
,{"stream_name":"stdout","time":10533.880250596,"data":"[Game 2160] Range: 2-9 | Median/Mean: 4.0 / 3.968 | Fail: 1.759%\n"}
,{"stream_name":"stdout","time":10574.23154931,"data":"[Game 2170] Range: 2-9 | Median/Mean: 4.0 / 3.970 | Fail: 1.797%\n"}
,{"stream_name":"stdout","time":10618.469212716,"data":"[Game 2180] Range: 2-9 | Median/Mean: 4.0 / 3.967 | Fail: 1.789%\n"}
,{"stream_name":"stdout","time":10661.870549486,"data":"[Game 2190] Range: 2-9 | Median/Mean: 4.0 / 3.966 | Fail: 1.781%\n"}
,{"stream_name":"stdout","time":10709.578310552,"data":"[Game 2200] Range: 2-9 | Median/Mean: 4.0 / 3.966 | Fail: 1.773%\n"}
,{"stream_name":"stdout","time":10758.090262306,"data":"[Game 2210] Range: 2-9 | Median/Mean: 4.0 / 3.965 | Fail: 1.765%\n"}
,{"stream_name":"stdout","time":10814.061051075,"data":"[Game 2220] Range: 2-9 | Median/Mean: 4.0 / 3.967 | Fail: 1.757%\n"}
,{"stream_name":"stdout","time":10865.271463775,"data":"[Game 2230] Range: 2-9 | Median/Mean: 4.0 / 3.969 | Fail: 1.794%\n"}
,{"stream_name":"stdout","time":10903.155605739,"data":"[Game 2240] Range: 2-9 | Median/Mean: 4.0 / 3.968 | Fail: 1.786%\n"}
,{"stream_name":"stdout","time":10954.21000479,"data":"[Game 2250] Range: 2-9 | Median/Mean: 4.0 / 3.968 | Fail: 1.778%\n"}
,{"stream_name":"stdout","time":11003.036462526,"data":"[Game 2260] Range: 2-9 | Median/Mean: 4.0 / 3.971 | Fail: 1.858%\n"}
,{"stream_name":"stdout","time":11046.848006521,"data":"[Game 2270] Range: 2-9 | Median/Mean: 4.0 / 3.970 | Fail: 1.850%\n"}
,{"stream_name":"stdout","time":11093.625182806,"data":"[Game 2280] Range: 2-9 | Median/Mean: 4.0 / 3.968 | Fail: 1.842%\n"}
,{"stream_name":"stdout","time":11141.217359421,"data":"[Game 2290] Range: 2-9 | Median/Mean: 4.0 / 3.969 | Fail: 1.878%\n"}
,{"stream_name":"stdout","time":11166.561496073,"data":"[Game 2300] Range: 2-9 | Median/Mean: 4.0 / 3.967 | Fail: 1.870%\n"}
,{"stream_name":"stdout","time":11190.518175478,"data":"[Game 2310] Range: 2-9 | Median/Mean: 4.0 / 3.968 | Fail: 1.861%\n"}
,{"stream_name":"stdout","time":11205.949500735,"data":"Summary:\n"}
,{"stream_name":"stdout","time":11205.965330269,"data":"Distribution across steps:\n"}
,{"stream_name":"stdout","time":11205.974419954,"data":"Key Metrics:\n"}
,{"stream_name":"stderr","time":11210.692799135,"data":"/opt/conda/lib/python3.7/site-packages/traitlets/traitlets.py:2567: FutureWarning: --Exporter.preprocessors=[\"remove_papermill_header.RemovePapermillHeader\"] for containers is deprecated in traitlets 5.0. You can pass `--Exporter.preprocessors item` ... multiple times to add items to a list.\n"}
,{"stream_name":"stderr","time":11210.693351195,"data":"  FutureWarning,\n"}
,{"stream_name":"stderr","time":11210.694598283,"data":"[NbConvertApp] Converting notebook __notebook__.ipynb to notebook\n"}
,{"stream_name":"stderr","time":11211.125873135,"data":"[NbConvertApp] Writing 32965 bytes to __notebook__.ipynb\n"}
,{"stream_name":"stderr","time":11213.801254903,"data":"/opt/conda/lib/python3.7/site-packages/traitlets/traitlets.py:2567: FutureWarning: --Exporter.preprocessors=[\"nbconvert.preprocessors.ExtractOutputPreprocessor\"] for containers is deprecated in traitlets 5.0. You can pass `--Exporter.preprocessors item` ... multiple times to add items to a list.\n"}
,{"stream_name":"stderr","time":11213.80135041,"data":"  FutureWarning,\n"}
,{"stream_name":"stderr","time":11213.801360196,"data":"[NbConvertApp] Converting notebook __notebook__.ipynb to html\n"}
,{"stream_name":"stderr","time":11214.457610446,"data":"[NbConvertApp] Writing 308335 bytes to __results__.html\n"}
]