[{"stream_name":"stderr","time":16.864102076,"data":"/opt/conda/lib/python3.7/site-packages/papermill/iorw.py:50: FutureWarning: pyarrow.HadoopFileSystem is deprecated as of 2.0.0, please use pyarrow.fs.HadoopFileSystem instead.\n"}
,{"stream_name":"stderr","time":16.864201256,"data":"  from pyarrow import HadoopFileSystem\n"}
,{"stream_name":"stdout","time":18.968473754,"data":"[ ---------- LARES ----------]\n"}
,{"stream_name":"stdout","time":60.437444274,"data":"[Game 10] Range: 2-6 | Median/Mean: 4.0 / 4.000 | Fail: 0.000%\n"}
,{"stream_name":"stdout","time":103.385487043,"data":"[Game 20] Range: 2-6 | Median/Mean: 4.0 / 3.850 | Fail: 0.000%\n"}
,{"stream_name":"stdout","time":135.688281365,"data":"[Game 30] Range: 2-6 | Median/Mean: 4.0 / 3.867 | Fail: 0.000%\n"}
,{"stream_name":"stdout","time":170.316371385,"data":"[Game 40] Range: 2-6 | Median/Mean: 4.0 / 4.025 | Fail: 0.000%\n"}
,{"stream_name":"stdout","time":220.08010543,"data":"[Game 50] Range: 2-6 | Median/Mean: 4.0 / 4.100 | Fail: 0.000%\n"}
,{"stream_name":"stdout","time":251.562655621,"data":"[Game 60] Range: 2-6 | Median/Mean: 4.0 / 4.000 | Fail: 0.000%\n"}
,{"stream_name":"stdout","time":289.798245443,"data":"[Game 70] Range: 2-6 | Median/Mean: 4.0 / 4.014 | Fail: 0.000%\n"}
,{"stream_name":"stdout","time":327.145997395,"data":"[Game 80] Range: 2-6 | Median/Mean: 4.0 / 3.962 | Fail: 0.000%\n"}
,{"stream_name":"stdout","time":353.516116233,"data":"[Game 90] Range: 2-8 | Median/Mean: 4.0 / 3.956 | Fail: 1.111%\n"}
,{"stream_name":"stdout","time":385.063419944,"data":"[Game 100] Range: 2-8 | Median/Mean: 4.0 / 3.930 | Fail: 1.000%\n"}
,{"stream_name":"stdout","time":419.116244004,"data":"[Game 110] Range: 2-8 | Median/Mean: 4.0 / 3.918 | Fail: 0.909%\n"}
,{"stream_name":"stdout","time":474.796057893,"data":"[Game 120] Range: 2-8 | Median/Mean: 4.0 / 3.950 | Fail: 1.667%\n"}
,{"stream_name":"stdout","time":509.087028385,"data":"[Game 130] Range: 2-8 | Median/Mean: 4.0 / 3.962 | Fail: 2.308%\n"}
,{"stream_name":"stdout","time":552.327331865,"data":"[Game 140] Range: 2-8 | Median/Mean: 4.0 / 3.986 | Fail: 2.857%\n"}
,{"stream_name":"stdout","time":594.822881222,"data":"[Game 150] Range: 2-8 | Median/Mean: 4.0 / 3.993 | Fail: 3.333%\n"}
,{"stream_name":"stdout","time":633.44103318,"data":"[Game 160] Range: 2-8 | Median/Mean: 4.0 / 4.019 | Fail: 3.125%\n"}
,{"stream_name":"stdout","time":665.34749462,"data":"[Game 170] Range: 2-8 | Median/Mean: 4.0 / 4.029 | Fail: 3.529%\n"}
,{"stream_name":"stdout","time":702.815753719,"data":"[Game 180] Range: 2-8 | Median/Mean: 4.0 / 4.011 | Fail: 3.333%\n"}
,{"stream_name":"stdout","time":751.295778558,"data":"[Game 190] Range: 2-8 | Median/Mean: 4.0 / 4.037 | Fail: 3.684%\n"}
,{"stream_name":"stdout","time":785.246466797,"data":"[Game 200] Range: 2-8 | Median/Mean: 4.0 / 4.010 | Fail: 3.500%\n"}
,{"stream_name":"stdout","time":832.602550226,"data":"[Game 210] Range: 2-8 | Median/Mean: 4.0 / 4.019 | Fail: 3.333%\n"}
,{"stream_name":"stdout","time":875.559220495,"data":"[Game 220] Range: 2-8 | Median/Mean: 4.0 / 3.991 | Fail: 3.182%\n"}
,{"stream_name":"stdout","time":908.683221501,"data":"[Game 230] Range: 2-8 | Median/Mean: 4.0 / 3.991 | Fail: 3.043%\n"}
,{"stream_name":"stdout","time":935.078326828,"data":"[Game 240] Range: 2-8 | Median/Mean: 4.0 / 3.992 | Fail: 2.917%\n"}
,{"stream_name":"stdout","time":986.157741619,"data":"[Game 250] Range: 2-8 | Median/Mean: 4.0 / 3.996 | Fail: 2.800%\n"}
,{"stream_name":"stdout","time":1034.223926185,"data":"[Game 260] Range: 2-8 | Median/Mean: 4.0 / 3.996 | Fail: 2.692%\n"}
,{"stream_name":"stdout","time":1067.196807199,"data":"[Game 270] Range: 2-8 | Median/Mean: 4.0 / 3.978 | Fail: 2.593%\n"}
,{"stream_name":"stdout","time":1096.906506884,"data":"[Game 280] Range: 2-8 | Median/Mean: 4.0 / 3.961 | Fail: 2.500%\n"}
,{"stream_name":"stdout","time":1139.154994781,"data":"[Game 290] Range: 2-8 | Median/Mean: 4.0 / 3.945 | Fail: 2.414%\n"}
,{"stream_name":"stdout","time":1172.453519979,"data":"[Game 300] Range: 2-8 | Median/Mean: 4.0 / 3.947 | Fail: 2.333%\n"}
,{"stream_name":"stdout","time":1207.943004037,"data":"[Game 310] Range: 2-8 | Median/Mean: 4.0 / 3.942 | Fail: 2.258%\n"}
,{"stream_name":"stdout","time":1252.061522649,"data":"[Game 320] Range: 2-8 | Median/Mean: 4.0 / 3.947 | Fail: 2.188%\n"}
,{"stream_name":"stdout","time":1287.226821938,"data":"[Game 330] Range: 2-8 | Median/Mean: 4.0 / 3.945 | Fail: 2.121%\n"}
,{"stream_name":"stdout","time":1324.759469702,"data":"[Game 340] Range: 2-8 | Median/Mean: 4.0 / 3.935 | Fail: 2.059%\n"}
,{"stream_name":"stdout","time":1360.391320377,"data":"[Game 350] Range: 2-8 | Median/Mean: 4.0 / 3.914 | Fail: 2.000%\n"}
,{"stream_name":"stdout","time":1408.290107766,"data":"[Game 360] Range: 2-8 | Median/Mean: 4.0 / 3.922 | Fail: 1.944%\n"}
,{"stream_name":"stdout","time":1454.137770446,"data":"[Game 370] Range: 2-8 | Median/Mean: 4.0 / 3.916 | Fail: 1.892%\n"}
,{"stream_name":"stdout","time":1492.407159062,"data":"[Game 380] Range: 2-8 | Median/Mean: 4.0 / 3.913 | Fail: 1.842%\n"}
,{"stream_name":"stdout","time":1528.28150852,"data":"[Game 390] Range: 2-8 | Median/Mean: 4.0 / 3.910 | Fail: 2.051%\n"}
,{"stream_name":"stdout","time":1576.390501371,"data":"[Game 400] Range: 2-8 | Median/Mean: 4.0 / 3.922 | Fail: 2.000%\n"}
,{"stream_name":"stdout","time":1619.052403061,"data":"[Game 410] Range: 2-8 | Median/Mean: 4.0 / 3.929 | Fail: 1.951%\n"}
,{"stream_name":"stdout","time":1675.665362606,"data":"[Game 420] Range: 2-8 | Median/Mean: 4.0 / 3.943 | Fail: 1.905%\n"}
,{"stream_name":"stdout","time":1718.24601297,"data":"[Game 430] Range: 2-8 | Median/Mean: 4.0 / 3.953 | Fail: 2.093%\n"}
,{"stream_name":"stdout","time":1760.104700194,"data":"[Game 440] Range: 2-8 | Median/Mean: 4.0 / 3.957 | Fail: 2.045%\n"}
,{"stream_name":"stdout","time":1802.900414292,"data":"[Game 450] Range: 2-8 | Median/Mean: 4.0 / 3.953 | Fail: 2.000%\n"}
,{"stream_name":"stdout","time":1846.112928927,"data":"[Game 460] Range: 2-8 | Median/Mean: 4.0 / 3.950 | Fail: 1.957%\n"}
,{"stream_name":"stdout","time":1895.455699555,"data":"[Game 470] Range: 2-8 | Median/Mean: 4.0 / 3.951 | Fail: 1.915%\n"}
,{"stream_name":"stdout","time":1948.07547746,"data":"[Game 480] Range: 2-8 | Median/Mean: 4.0 / 3.962 | Fail: 1.875%\n"}
,{"stream_name":"stdout","time":1984.403776328,"data":"[Game 490] Range: 2-8 | Median/Mean: 4.0 / 3.973 | Fail: 2.041%\n"}
,{"stream_name":"stdout","time":2027.395567554,"data":"[Game 500] Range: 2-8 | Median/Mean: 4.0 / 3.968 | Fail: 2.000%\n"}
,{"stream_name":"stdout","time":2067.351283525,"data":"[Game 510] Range: 2-8 | Median/Mean: 4.0 / 3.961 | Fail: 1.961%\n"}
,{"stream_name":"stdout","time":2106.602515007,"data":"[Game 520] Range: 2-8 | Median/Mean: 4.0 / 3.963 | Fail: 1.923%\n"}
,{"stream_name":"stdout","time":2144.627629427,"data":"[Game 530] Range: 2-8 | Median/Mean: 4.0 / 3.962 | Fail: 1.887%\n"}
,{"stream_name":"stdout","time":2187.250709472,"data":"[Game 540] Range: 2-8 | Median/Mean: 4.0 / 3.965 | Fail: 1.852%\n"}
,{"stream_name":"stdout","time":2225.440466972,"data":"[Game 550] Range: 2-8 | Median/Mean: 4.0 / 3.964 | Fail: 1.818%\n"}
,{"stream_name":"stdout","time":2269.269632409,"data":"[Game 560] Range: 2-8 | Median/Mean: 4.0 / 3.977 | Fail: 1.964%\n"}
,{"stream_name":"stdout","time":2309.967579012,"data":"[Game 570] Range: 2-8 | Median/Mean: 4.0 / 3.979 | Fail: 1.930%\n"}
,{"stream_name":"stdout","time":2346.67672407,"data":"[Game 580] Range: 2-8 | Median/Mean: 4.0 / 3.972 | Fail: 1.897%\n"}
,{"stream_name":"stdout","time":2399.390867726,"data":"[Game 590] Range: 2-8 | Median/Mean: 4.0 / 3.986 | Fail: 2.034%\n"}
,{"stream_name":"stdout","time":2435.027673373,"data":"[Game 600] Range: 2-8 | Median/Mean: 4.0 / 3.985 | Fail: 2.000%\n"}
,{"stream_name":"stdout","time":2462.888271341,"data":"[Game 610] Range: 2-8 | Median/Mean: 4.0 / 3.989 | Fail: 1.967%\n"}
,{"stream_name":"stdout","time":2488.295093392,"data":"[Game 620] Range: 2-8 | Median/Mean: 4.0 / 3.982 | Fail: 1.935%\n"}
,{"stream_name":"stdout","time":2527.59011836,"data":"[Game 630] Range: 2-8 | Median/Mean: 4.0 / 3.971 | Fail: 1.905%\n"}
,{"stream_name":"stdout","time":2572.269607308,"data":"[Game 640] Range: 2-8 | Median/Mean: 4.0 / 3.973 | Fail: 1.875%\n"}
,{"stream_name":"stdout","time":2616.552417007,"data":"[Game 650] Range: 2-8 | Median/Mean: 4.0 / 3.974 | Fail: 1.846%\n"}
,{"stream_name":"stdout","time":2658.655107704,"data":"[Game 660] Range: 2-8 | Median/Mean: 4.0 / 3.974 | Fail: 1.970%\n"}
,{"stream_name":"stdout","time":2688.492312864,"data":"[Game 670] Range: 2-8 | Median/Mean: 4.0 / 3.969 | Fail: 1.940%\n"}
,{"stream_name":"stdout","time":2723.228085958,"data":"[Game 680] Range: 2-8 | Median/Mean: 4.0 / 3.965 | Fail: 1.912%\n"}
,{"stream_name":"stdout","time":2759.739333218,"data":"[Game 690] Range: 2-8 | Median/Mean: 4.0 / 3.964 | Fail: 1.884%\n"}
,{"stream_name":"stdout","time":2796.534115698,"data":"[Game 700] Range: 2-8 | Median/Mean: 4.0 / 3.974 | Fail: 1.857%\n"}
,{"stream_name":"stdout","time":2833.268012239,"data":"[Game 710] Range: 2-8 | Median/Mean: 4.0 / 3.979 | Fail: 1.972%\n"}
,{"stream_name":"stdout","time":2867.254661817,"data":"[Game 720] Range: 2-8 | Median/Mean: 4.0 / 3.975 | Fail: 1.944%\n"}
,{"stream_name":"stdout","time":2902.06720336,"data":"[Game 730] Range: 2-8 | Median/Mean: 4.0 / 3.978 | Fail: 1.918%\n"}
,{"stream_name":"stdout","time":2942.90111516,"data":"[Game 740] Range: 2-8 | Median/Mean: 4.0 / 3.974 | Fail: 1.892%\n"}
,{"stream_name":"stdout","time":2988.630491254,"data":"[Game 750] Range: 2-8 | Median/Mean: 4.0 / 3.971 | Fail: 1.867%\n"}
,{"stream_name":"stdout","time":3035.653488295,"data":"[Game 760] Range: 2-8 | Median/Mean: 4.0 / 3.968 | Fail: 1.842%\n"}
,{"stream_name":"stdout","time":3088.652526318,"data":"[Game 770] Range: 2-8 | Median/Mean: 4.0 / 3.968 | Fail: 1.818%\n"}
,{"stream_name":"stdout","time":3134.320721178,"data":"[Game 780] Range: 2-8 | Median/Mean: 4.0 / 3.964 | Fail: 1.795%\n"}
,{"stream_name":"stdout","time":3171.723719252,"data":"[Game 790] Range: 2-8 | Median/Mean: 4.0 / 3.965 | Fail: 1.772%\n"}
,{"stream_name":"stdout","time":3211.339558268,"data":"[Game 800] Range: 2-8 | Median/Mean: 4.0 / 3.967 | Fail: 1.750%\n"}
,{"stream_name":"stdout","time":3242.347715485,"data":"[Game 810] Range: 2-8 | Median/Mean: 4.0 / 3.958 | Fail: 1.728%\n"}
,{"stream_name":"stdout","time":3285.41801023,"data":"[Game 820] Range: 2-8 | Median/Mean: 4.0 / 3.956 | Fail: 1.707%\n"}
,{"stream_name":"stdout","time":3332.132758014,"data":"[Game 830] Range: 2-8 | Median/Mean: 4.0 / 3.955 | Fail: 1.687%\n"}
,{"stream_name":"stdout","time":3371.61950046,"data":"[Game 840] Range: 2-8 | Median/Mean: 4.0 / 3.958 | Fail: 1.667%\n"}
,{"stream_name":"stdout","time":3405.825509713,"data":"[Game 850] Range: 2-8 | Median/Mean: 4.0 / 3.954 | Fail: 1.647%\n"}
,{"stream_name":"stdout","time":3449.914193369,"data":"[Game 860] Range: 2-8 | Median/Mean: 4.0 / 3.957 | Fail: 1.628%\n"}
,{"stream_name":"stdout","time":3499.664130792,"data":"[Game 870] Range: 2-8 | Median/Mean: 4.0 / 3.955 | Fail: 1.609%\n"}
,{"stream_name":"stdout","time":3534.155692485,"data":"[Game 880] Range: 2-8 | Median/Mean: 4.0 / 3.957 | Fail: 1.591%\n"}
,{"stream_name":"stdout","time":3571.529411478,"data":"[Game 890] Range: 2-8 | Median/Mean: 4.0 / 3.954 | Fail: 1.573%\n"}
,{"stream_name":"stdout","time":3619.571778799,"data":"[Game 900] Range: 2-8 | Median/Mean: 4.0 / 3.951 | Fail: 1.556%\n"}
,{"stream_name":"stdout","time":3658.67845573,"data":"[Game 910] Range: 2-8 | Median/Mean: 4.0 / 3.951 | Fail: 1.648%\n"}
,{"stream_name":"stdout","time":3700.737534112,"data":"[Game 920] Range: 2-8 | Median/Mean: 4.0 / 3.953 | Fail: 1.630%\n"}
,{"stream_name":"stdout","time":3741.552200875,"data":"[Game 930] Range: 2-8 | Median/Mean: 4.0 / 3.951 | Fail: 1.613%\n"}
,{"stream_name":"stdout","time":3770.095576884,"data":"[Game 940] Range: 2-8 | Median/Mean: 4.0 / 3.947 | Fail: 1.596%\n"}
,{"stream_name":"stdout","time":3814.352391633,"data":"[Game 950] Range: 2-8 | Median/Mean: 4.0 / 3.948 | Fail: 1.579%\n"}
,{"stream_name":"stdout","time":3852.760726206,"data":"[Game 960] Range: 2-8 | Median/Mean: 4.0 / 3.947 | Fail: 1.562%\n"}
,{"stream_name":"stdout","time":3886.891180141,"data":"[Game 970] Range: 2-8 | Median/Mean: 4.0 / 3.949 | Fail: 1.546%\n"}
,{"stream_name":"stdout","time":3931.073008236,"data":"[Game 980] Range: 2-8 | Median/Mean: 4.0 / 3.949 | Fail: 1.633%\n"}
,{"stream_name":"stdout","time":3981.873610541,"data":"[Game 990] Range: 2-8 | Median/Mean: 4.0 / 3.947 | Fail: 1.616%\n"}
,{"stream_name":"stdout","time":4021.232600734,"data":"[Game 1000] Range: 2-8 | Median/Mean: 4.0 / 3.949 | Fail: 1.600%\n"}
,{"stream_name":"stdout","time":4066.389807541,"data":"[Game 1010] Range: 2-8 | Median/Mean: 4.0 / 3.946 | Fail: 1.584%\n"}
,{"stream_name":"stdout","time":4098.702595253,"data":"[Game 1020] Range: 2-8 | Median/Mean: 4.0 / 3.941 | Fail: 1.569%\n"}
,{"stream_name":"stdout","time":4138.273991159,"data":"[Game 1030] Range: 2-8 | Median/Mean: 4.0 / 3.940 | Fail: 1.553%\n"}
,{"stream_name":"stdout","time":4182.794133757,"data":"[Game 1040] Range: 2-8 | Median/Mean: 4.0 / 3.941 | Fail: 1.538%\n"}
,{"stream_name":"stdout","time":4221.217260272,"data":"[Game 1050] Range: 2-8 | Median/Mean: 4.0 / 3.934 | Fail: 1.524%\n"}
,{"stream_name":"stdout","time":4275.559754001,"data":"[Game 1060] Range: 2-8 | Median/Mean: 4.0 / 3.939 | Fail: 1.509%\n"}
,{"stream_name":"stdout","time":4302.458404674,"data":"[Game 1070] Range: 2-8 | Median/Mean: 4.0 / 3.936 | Fail: 1.495%\n"}
,{"stream_name":"stdout","time":4348.822153965,"data":"[Game 1080] Range: 2-8 | Median/Mean: 4.0 / 3.932 | Fail: 1.481%\n"}
,{"stream_name":"stdout","time":4394.376513944,"data":"[Game 1090] Range: 2-8 | Median/Mean: 4.0 / 3.939 | Fail: 1.560%\n"}
,{"stream_name":"stdout","time":4429.339868393,"data":"[Game 1100] Range: 2-8 | Median/Mean: 4.0 / 3.937 | Fail: 1.545%\n"}
,{"stream_name":"stdout","time":4466.063532324,"data":"[Game 1110] Range: 2-8 | Median/Mean: 4.0 / 3.940 | Fail: 1.532%\n"}
,{"stream_name":"stdout","time":4507.175106306,"data":"[Game 1120] Range: 2-8 | Median/Mean: 4.0 / 3.937 | Fail: 1.518%\n"}
,{"stream_name":"stdout","time":4540.952747197,"data":"[Game 1130] Range: 2-8 | Median/Mean: 4.0 / 3.934 | Fail: 1.504%\n"}
,{"stream_name":"stdout","time":4593.211713277,"data":"[Game 1140] Range: 2-8 | Median/Mean: 4.0 / 3.936 | Fail: 1.579%\n"}
,{"stream_name":"stdout","time":4617.301224771,"data":"[Game 1150] Range: 2-8 | Median/Mean: 4.0 / 3.934 | Fail: 1.565%\n"}
,{"stream_name":"stdout","time":4656.060751567,"data":"[Game 1160] Range: 2-8 | Median/Mean: 4.0 / 3.932 | Fail: 1.552%\n"}
,{"stream_name":"stdout","time":4691.954447479,"data":"[Game 1170] Range: 2-8 | Median/Mean: 4.0 / 3.932 | Fail: 1.538%\n"}
,{"stream_name":"stdout","time":4729.691492118,"data":"[Game 1180] Range: 2-8 | Median/Mean: 4.0 / 3.932 | Fail: 1.525%\n"}
,{"stream_name":"stdout","time":4784.158142278,"data":"[Game 1190] Range: 2-8 | Median/Mean: 4.0 / 3.938 | Fail: 1.513%\n"}
,{"stream_name":"stdout","time":4822.403833221,"data":"[Game 1200] Range: 2-8 | Median/Mean: 4.0 / 3.931 | Fail: 1.500%\n"}
,{"stream_name":"stdout","time":4869.792994906,"data":"[Game 1210] Range: 2-8 | Median/Mean: 4.0 / 3.929 | Fail: 1.488%\n"}
,{"stream_name":"stdout","time":4912.825557565,"data":"[Game 1220] Range: 2-8 | Median/Mean: 4.0 / 3.930 | Fail: 1.475%\n"}
,{"stream_name":"stdout","time":4958.126094472,"data":"[Game 1230] Range: 2-8 | Median/Mean: 4.0 / 3.935 | Fail: 1.463%\n"}
,{"stream_name":"stdout","time":4992.632821249,"data":"[Game 1240] Range: 2-8 | Median/Mean: 4.0 / 3.931 | Fail: 1.452%\n"}
,{"stream_name":"stdout","time":5034.35549702,"data":"[Game 1250] Range: 2-8 | Median/Mean: 4.0 / 3.930 | Fail: 1.440%\n"}
,{"stream_name":"stdout","time":5070.707203507,"data":"[Game 1260] Range: 2-8 | Median/Mean: 4.0 / 3.937 | Fail: 1.587%\n"}
,{"stream_name":"stdout","time":5107.98416436,"data":"[Game 1270] Range: 2-8 | Median/Mean: 4.0 / 3.935 | Fail: 1.575%\n"}
,{"stream_name":"stdout","time":5144.614799633,"data":"[Game 1280] Range: 2-8 | Median/Mean: 4.0 / 3.931 | Fail: 1.562%\n"}
,{"stream_name":"stdout","time":5173.929739665,"data":"[Game 1290] Range: 2-8 | Median/Mean: 4.0 / 3.932 | Fail: 1.550%\n"}
,{"stream_name":"stdout","time":5206.493739763,"data":"[Game 1300] Range: 2-8 | Median/Mean: 4.0 / 3.929 | Fail: 1.538%\n"}
,{"stream_name":"stdout","time":5243.964594941,"data":"[Game 1310] Range: 2-8 | Median/Mean: 4.0 / 3.927 | Fail: 1.527%\n"}
,{"stream_name":"stdout","time":5279.308907434,"data":"[Game 1320] Range: 2-8 | Median/Mean: 4.0 / 3.924 | Fail: 1.515%\n"}
,{"stream_name":"stdout","time":5324.987857064,"data":"[Game 1330] Range: 2-8 | Median/Mean: 4.0 / 3.929 | Fail: 1.579%\n"}
,{"stream_name":"stdout","time":5383.326026223,"data":"[Game 1340] Range: 2-8 | Median/Mean: 4.0 / 3.933 | Fail: 1.567%\n"}
,{"stream_name":"stdout","time":5420.195536216,"data":"[Game 1350] Range: 2-8 | Median/Mean: 4.0 / 3.932 | Fail: 1.556%\n"}
,{"stream_name":"stdout","time":5470.792470786,"data":"[Game 1360] Range: 2-8 | Median/Mean: 4.0 / 3.935 | Fail: 1.544%\n"}
,{"stream_name":"stdout","time":5521.773512987,"data":"[Game 1370] Range: 2-8 | Median/Mean: 4.0 / 3.939 | Fail: 1.606%\n"}
,{"stream_name":"stdout","time":5569.458324478,"data":"[Game 1380] Range: 2-8 | Median/Mean: 4.0 / 3.939 | Fail: 1.594%\n"}
,{"stream_name":"stdout","time":5608.149277495,"data":"[Game 1390] Range: 2-8 | Median/Mean: 4.0 / 3.940 | Fail: 1.583%\n"}
,{"stream_name":"stdout","time":5654.448871797,"data":"[Game 1400] Range: 2-8 | Median/Mean: 4.0 / 3.939 | Fail: 1.571%\n"}
,{"stream_name":"stdout","time":5699.633895139,"data":"[Game 1410] Range: 2-8 | Median/Mean: 4.0 / 3.943 | Fail: 1.560%\n"}
,{"stream_name":"stdout","time":5738.05101561,"data":"[Game 1420] Range: 2-8 | Median/Mean: 4.0 / 3.939 | Fail: 1.549%\n"}
,{"stream_name":"stdout","time":5768.776244156,"data":"[Game 1430] Range: 2-8 | Median/Mean: 4.0 / 3.937 | Fail: 1.538%\n"}
,{"stream_name":"stdout","time":5800.376832758,"data":"[Game 1440] Range: 2-8 | Median/Mean: 4.0 / 3.936 | Fail: 1.528%\n"}
,{"stream_name":"stdout","time":5847.008878729,"data":"[Game 1450] Range: 2-8 | Median/Mean: 4.0 / 3.937 | Fail: 1.586%\n"}
,{"stream_name":"stdout","time":5888.025593191,"data":"[Game 1460] Range: 2-8 | Median/Mean: 4.0 / 3.938 | Fail: 1.575%\n"}
,{"stream_name":"stdout","time":5923.334951026,"data":"[Game 1470] Range: 2-8 | Median/Mean: 4.0 / 3.940 | Fail: 1.565%\n"}
,{"stream_name":"stdout","time":5959.237276291,"data":"[Game 1480] Range: 2-8 | Median/Mean: 4.0 / 3.940 | Fail: 1.554%\n"}
,{"stream_name":"stdout","time":5992.559493975,"data":"[Game 1490] Range: 2-8 | Median/Mean: 4.0 / 3.942 | Fail: 1.544%\n"}
,{"stream_name":"stdout","time":6044.360774404,"data":"[Game 1500] Range: 2-8 | Median/Mean: 4.0 / 3.944 | Fail: 1.533%\n"}
,{"stream_name":"stdout","time":6088.779791897,"data":"[Game 1510] Range: 2-8 | Median/Mean: 4.0 / 3.942 | Fail: 1.523%\n"}
,{"stream_name":"stdout","time":6138.397147677,"data":"[Game 1520] Range: 2-8 | Median/Mean: 4.0 / 3.942 | Fail: 1.513%\n"}
,{"stream_name":"stdout","time":6188.381394423,"data":"[Game 1530] Range: 2-8 | Median/Mean: 4.0 / 3.942 | Fail: 1.503%\n"}
,{"stream_name":"stdout","time":6233.132219797,"data":"[Game 1540] Range: 2-8 | Median/Mean: 4.0 / 3.944 | Fail: 1.494%\n"}
,{"stream_name":"stdout","time":6258.531604131,"data":"[Game 1550] Range: 2-8 | Median/Mean: 4.0 / 3.941 | Fail: 1.484%\n"}
,{"stream_name":"stdout","time":6298.325912659,"data":"[Game 1560] Range: 2-8 | Median/Mean: 4.0 / 3.938 | Fail: 1.474%\n"}
,{"stream_name":"stdout","time":6335.128140056,"data":"[Game 1570] Range: 2-8 | Median/Mean: 4.0 / 3.940 | Fail: 1.465%\n"}
,{"stream_name":"stdout","time":6371.910579645,"data":"[Game 1580] Range: 2-8 | Median/Mean: 4.0 / 3.939 | Fail: 1.456%\n"}
,{"stream_name":"stdout","time":6398.283530923,"data":"[Game 1590] Range: 2-8 | Median/Mean: 4.0 / 3.939 | Fail: 1.447%\n"}
,{"stream_name":"stdout","time":6425.714173383,"data":"[Game 1600] Range: 2-8 | Median/Mean: 4.0 / 3.937 | Fail: 1.438%\n"}
,{"stream_name":"stdout","time":6470.807033146,"data":"[Game 1610] Range: 2-8 | Median/Mean: 4.0 / 3.935 | Fail: 1.429%\n"}
,{"stream_name":"stdout","time":6510.932884474,"data":"[Game 1620] Range: 2-8 | Median/Mean: 4.0 / 3.936 | Fail: 1.420%\n"}
,{"stream_name":"stdout","time":6554.955940675,"data":"[Game 1630] Range: 2-8 | Median/Mean: 4.0 / 3.936 | Fail: 1.411%\n"}
,{"stream_name":"stdout","time":6587.816055044,"data":"[Game 1640] Range: 2-8 | Median/Mean: 4.0 / 3.933 | Fail: 1.402%\n"}
,{"stream_name":"stdout","time":6629.841692744,"data":"[Game 1650] Range: 2-8 | Median/Mean: 4.0 / 3.932 | Fail: 1.394%\n"}
,{"stream_name":"stdout","time":6660.100958176,"data":"[Game 1660] Range: 2-8 | Median/Mean: 4.0 / 3.933 | Fail: 1.386%\n"}
,{"stream_name":"stdout","time":6690.281432797,"data":"[Game 1670] Range: 2-8 | Median/Mean: 4.0 / 3.930 | Fail: 1.377%\n"}
,{"stream_name":"stdout","time":6744.185615133,"data":"[Game 1680] Range: 2-8 | Median/Mean: 4.0 / 3.932 | Fail: 1.369%\n"}
,{"stream_name":"stdout","time":6782.574913619,"data":"[Game 1690] Range: 2-8 | Median/Mean: 4.0 / 3.930 | Fail: 1.361%\n"}
,{"stream_name":"stdout","time":6813.196173313,"data":"[Game 1700] Range: 2-8 | Median/Mean: 4.0 / 3.929 | Fail: 1.353%\n"}
,{"stream_name":"stdout","time":6852.217152529,"data":"[Game 1710] Range: 2-8 | Median/Mean: 4.0 / 3.929 | Fail: 1.345%\n"}
,{"stream_name":"stdout","time":6884.561256751,"data":"[Game 1720] Range: 2-8 | Median/Mean: 4.0 / 3.931 | Fail: 1.395%\n"}
,{"stream_name":"stdout","time":6929.406528088,"data":"[Game 1730] Range: 2-8 | Median/Mean: 4.0 / 3.930 | Fail: 1.387%\n"}
,{"stream_name":"stdout","time":6962.408004302,"data":"[Game 1740] Range: 2-8 | Median/Mean: 4.0 / 3.932 | Fail: 1.437%\n"}
,{"stream_name":"stdout","time":6996.985505527,"data":"[Game 1750] Range: 2-8 | Median/Mean: 4.0 / 3.927 | Fail: 1.429%\n"}
,{"stream_name":"stdout","time":7041.119061169,"data":"[Game 1760] Range: 2-8 | Median/Mean: 4.0 / 3.928 | Fail: 1.420%\n"}
,{"stream_name":"stdout","time":7097.967948601,"data":"[Game 1770] Range: 2-8 | Median/Mean: 4.0 / 3.929 | Fail: 1.412%\n"}
,{"stream_name":"stdout","time":7138.976626298,"data":"[Game 1780] Range: 2-8 | Median/Mean: 4.0 / 3.931 | Fail: 1.404%\n"}
,{"stream_name":"stdout","time":7187.651205127,"data":"[Game 1790] Range: 2-8 | Median/Mean: 4.0 / 3.931 | Fail: 1.397%\n"}
,{"stream_name":"stdout","time":7214.095133325,"data":"[Game 1800] Range: 2-8 | Median/Mean: 4.0 / 3.930 | Fail: 1.389%\n"}
,{"stream_name":"stdout","time":7261.347044254,"data":"[Game 1810] Range: 2-8 | Median/Mean: 4.0 / 3.932 | Fail: 1.381%\n"}
,{"stream_name":"stdout","time":7289.409812539,"data":"[Game 1820] Range: 2-8 | Median/Mean: 4.0 / 3.930 | Fail: 1.374%\n"}
,{"stream_name":"stdout","time":7342.308193853,"data":"[Game 1830] Range: 2-8 | Median/Mean: 4.0 / 3.932 | Fail: 1.366%\n"}
,{"stream_name":"stdout","time":7373.882366308,"data":"[Game 1840] Range: 2-8 | Median/Mean: 4.0 / 3.930 | Fail: 1.359%\n"}
,{"stream_name":"stdout","time":7406.170439207,"data":"[Game 1850] Range: 2-8 | Median/Mean: 4.0 / 3.929 | Fail: 1.351%\n"}
,{"stream_name":"stdout","time":7442.785230698,"data":"[Game 1860] Range: 2-8 | Median/Mean: 4.0 / 3.930 | Fail: 1.344%\n"}
,{"stream_name":"stdout","time":7476.879505881,"data":"[Game 1870] Range: 2-8 | Median/Mean: 4.0 / 3.930 | Fail: 1.337%\n"}
,{"stream_name":"stdout","time":7508.013725228,"data":"[Game 1880] Range: 2-8 | Median/Mean: 4.0 / 3.932 | Fail: 1.436%\n"}
,{"stream_name":"stdout","time":7542.417572854,"data":"[Game 1890] Range: 2-8 | Median/Mean: 4.0 / 3.933 | Fail: 1.429%\n"}
,{"stream_name":"stdout","time":7591.507706434,"data":"[Game 1900] Range: 2-8 | Median/Mean: 4.0 / 3.936 | Fail: 1.421%\n"}
,{"stream_name":"stdout","time":7641.140440868,"data":"[Game 1910] Range: 2-8 | Median/Mean: 4.0 / 3.936 | Fail: 1.414%\n"}
,{"stream_name":"stdout","time":7685.940470681,"data":"[Game 1920] Range: 2-8 | Median/Mean: 4.0 / 3.935 | Fail: 1.406%\n"}
,{"stream_name":"stdout","time":7716.186916714,"data":"[Game 1930] Range: 2-8 | Median/Mean: 4.0 / 3.935 | Fail: 1.399%\n"}
,{"stream_name":"stdout","time":7760.057953046,"data":"[Game 1940] Range: 2-8 | Median/Mean: 4.0 / 3.937 | Fail: 1.392%\n"}
,{"stream_name":"stdout","time":7801.469566929,"data":"[Game 1950] Range: 2-8 | Median/Mean: 4.0 / 3.934 | Fail: 1.385%\n"}
,{"stream_name":"stdout","time":7847.555334877,"data":"[Game 1960] Range: 2-8 | Median/Mean: 4.0 / 3.936 | Fail: 1.429%\n"}
,{"stream_name":"stdout","time":7875.90236393,"data":"[Game 1970] Range: 2-8 | Median/Mean: 4.0 / 3.937 | Fail: 1.421%\n"}
,{"stream_name":"stdout","time":7910.842713899,"data":"[Game 1980] Range: 2-8 | Median/Mean: 4.0 / 3.936 | Fail: 1.414%\n"}
,{"stream_name":"stdout","time":7939.94604542,"data":"[Game 1990] Range: 2-8 | Median/Mean: 4.0 / 3.934 | Fail: 1.407%\n"}
,{"stream_name":"stdout","time":7986.420465417,"data":"[Game 2000] Range: 2-8 | Median/Mean: 4.0 / 3.935 | Fail: 1.400%\n"}
,{"stream_name":"stdout","time":8025.034725892,"data":"[Game 2010] Range: 2-8 | Median/Mean: 4.0 / 3.935 | Fail: 1.393%\n"}
,{"stream_name":"stdout","time":8069.488965556,"data":"[Game 2020] Range: 2-8 | Median/Mean: 4.0 / 3.937 | Fail: 1.436%\n"}
,{"stream_name":"stdout","time":8111.36304999,"data":"[Game 2030] Range: 2-8 | Median/Mean: 4.0 / 3.937 | Fail: 1.429%\n"}
,{"stream_name":"stdout","time":8135.262940702,"data":"[Game 2040] Range: 2-8 | Median/Mean: 4.0 / 3.939 | Fail: 1.422%\n"}
,{"stream_name":"stdout","time":8173.748425377,"data":"[Game 2050] Range: 2-8 | Median/Mean: 4.0 / 3.938 | Fail: 1.415%\n"}
,{"stream_name":"stdout","time":8205.999078834,"data":"[Game 2060] Range: 2-8 | Median/Mean: 4.0 / 3.938 | Fail: 1.408%\n"}
,{"stream_name":"stdout","time":8247.205775779,"data":"[Game 2070] Range: 2-8 | Median/Mean: 4.0 / 3.942 | Fail: 1.449%\n"}
,{"stream_name":"stdout","time":8282.674506697,"data":"[Game 2080] Range: 2-8 | Median/Mean: 4.0 / 3.942 | Fail: 1.442%\n"}
,{"stream_name":"stdout","time":8320.072775536,"data":"[Game 2090] Range: 2-8 | Median/Mean: 4.0 / 3.942 | Fail: 1.435%\n"}
,{"stream_name":"stdout","time":8361.55692705,"data":"[Game 2100] Range: 2-8 | Median/Mean: 4.0 / 3.943 | Fail: 1.429%\n"}
,{"stream_name":"stdout","time":8401.578495986,"data":"[Game 2110] Range: 2-8 | Median/Mean: 4.0 / 3.941 | Fail: 1.422%\n"}
,{"stream_name":"stdout","time":8437.952906124,"data":"[Game 2120] Range: 2-8 | Median/Mean: 4.0 / 3.941 | Fail: 1.415%\n"}
,{"stream_name":"stdout","time":8483.527827191,"data":"[Game 2130] Range: 2-8 | Median/Mean: 4.0 / 3.942 | Fail: 1.408%\n"}
,{"stream_name":"stdout","time":8528.367668155,"data":"[Game 2140] Range: 2-8 | Median/Mean: 4.0 / 3.943 | Fail: 1.449%\n"}
,{"stream_name":"stdout","time":8559.101206539,"data":"[Game 2150] Range: 2-8 | Median/Mean: 4.0 / 3.943 | Fail: 1.488%\n"}
,{"stream_name":"stdout","time":8603.926760874,"data":"[Game 2160] Range: 2-8 | Median/Mean: 4.0 / 3.944 | Fail: 1.481%\n"}
,{"stream_name":"stdout","time":8650.984178206,"data":"[Game 2170] Range: 2-8 | Median/Mean: 4.0 / 3.946 | Fail: 1.521%\n"}
,{"stream_name":"stdout","time":8699.448849271,"data":"[Game 2180] Range: 2-8 | Median/Mean: 4.0 / 3.948 | Fail: 1.514%\n"}
,{"stream_name":"stdout","time":8744.776307566,"data":"[Game 2190] Range: 2-8 | Median/Mean: 4.0 / 3.947 | Fail: 1.507%\n"}
,{"stream_name":"stdout","time":8793.368460659,"data":"[Game 2200] Range: 2-8 | Median/Mean: 4.0 / 3.948 | Fail: 1.500%\n"}
,{"stream_name":"stdout","time":8830.585245915,"data":"[Game 2210] Range: 2-8 | Median/Mean: 4.0 / 3.946 | Fail: 1.493%\n"}
,{"stream_name":"stdout","time":8888.838411782,"data":"[Game 2220] Range: 2-8 | Median/Mean: 4.0 / 3.950 | Fail: 1.486%\n"}
,{"stream_name":"stdout","time":8924.586369496,"data":"[Game 2230] Range: 2-8 | Median/Mean: 4.0 / 3.948 | Fail: 1.480%\n"}
,{"stream_name":"stdout","time":8961.214255011,"data":"[Game 2240] Range: 2-8 | Median/Mean: 4.0 / 3.947 | Fail: 1.518%\n"}
,{"stream_name":"stdout","time":9008.666919686,"data":"[Game 2250] Range: 2-8 | Median/Mean: 4.0 / 3.949 | Fail: 1.511%\n"}
,{"stream_name":"stdout","time":9053.802747044,"data":"[Game 2260] Range: 2-8 | Median/Mean: 4.0 / 3.952 | Fail: 1.593%\n"}
,{"stream_name":"stdout","time":9088.375937344,"data":"[Game 2270] Range: 2-8 | Median/Mean: 4.0 / 3.951 | Fail: 1.586%\n"}
,{"stream_name":"stdout","time":9123.069353021,"data":"[Game 2280] Range: 2-8 | Median/Mean: 4.0 / 3.952 | Fail: 1.579%\n"}
,{"stream_name":"stdout","time":9166.075356891,"data":"[Game 2290] Range: 2-9 | Median/Mean: 4.0 / 3.953 | Fail: 1.616%\n"}
,{"stream_name":"stdout","time":9198.518747763,"data":"[Game 2300] Range: 2-9 | Median/Mean: 4.0 / 3.951 | Fail: 1.609%\n"}
,{"stream_name":"stdout","time":9235.352717247,"data":"[Game 2310] Range: 2-9 | Median/Mean: 4.0 / 3.952 | Fail: 1.602%\n"}
,{"stream_name":"stdout","time":9256.990004038,"data":"Summary:\n"}
,{"stream_name":"stdout","time":9257.003859927,"data":"Distribution across steps:\n"}
,{"stream_name":"stdout","time":9257.016206955,"data":"Key Metrics:\n"}
,{"stream_name":"stderr","time":9261.718176594,"data":"/opt/conda/lib/python3.7/site-packages/traitlets/traitlets.py:2567: FutureWarning: --Exporter.preprocessors=[\"remove_papermill_header.RemovePapermillHeader\"] for containers is deprecated in traitlets 5.0. You can pass `--Exporter.preprocessors item` ... multiple times to add items to a list.\n"}
,{"stream_name":"stderr","time":9261.718305024,"data":"  FutureWarning,\n"}
,{"stream_name":"stderr","time":9261.720104254,"data":"[NbConvertApp] Converting notebook __notebook__.ipynb to notebook\n"}
,{"stream_name":"stderr","time":9262.245335569,"data":"[NbConvertApp] Writing 32962 bytes to __notebook__.ipynb\n"}
,{"stream_name":"stderr","time":9264.72675105,"data":"/opt/conda/lib/python3.7/site-packages/traitlets/traitlets.py:2567: FutureWarning: --Exporter.preprocessors=[\"nbconvert.preprocessors.ExtractOutputPreprocessor\"] for containers is deprecated in traitlets 5.0. You can pass `--Exporter.preprocessors item` ... multiple times to add items to a list.\n"}
,{"stream_name":"stderr","time":9264.72683553,"data":"  FutureWarning,\n"}
,{"stream_name":"stderr","time":9264.72684019,"data":"[NbConvertApp] Converting notebook __notebook__.ipynb to html\n"}
,{"stream_name":"stderr","time":9265.488697881,"data":"[NbConvertApp] Writing 308334 bytes to __results__.html\n"}
]