[{"stream_name":"stderr","time":10.864659782,"data":"/opt/conda/lib/python3.7/site-packages/papermill/iorw.py:50: FutureWarning: pyarrow.HadoopFileSystem is deprecated as of 2.0.0, please use pyarrow.fs.HadoopFileSystem instead.\n"}
,{"stream_name":"stderr","time":10.864755062,"data":"  from pyarrow import HadoopFileSystem\n"}
,{"stream_name":"stdout","time":12.155474011,"data":"[ ---------- TALES ----------]\n"}
,{"stream_name":"stdout","time":48.880389322,"data":"[Game 10] Range: 2-6 | Median/Mean: 3.5 / 3.800 | Fail: 0.000%\n"}
,{"stream_name":"stdout","time":86.023139825,"data":"[Game 20] Range: 2-6 | Median/Mean: 4.0 / 3.900 | Fail: 0.000%\n"}
,{"stream_name":"stdout","time":116.77031703,"data":"[Game 30] Range: 2-6 | Median/Mean: 4.0 / 3.867 | Fail: 0.000%\n"}
,{"stream_name":"stdout","time":143.512826587,"data":"[Game 40] Range: 2-6 | Median/Mean: 4.0 / 3.950 | Fail: 0.000%\n"}
,{"stream_name":"stdout","time":183.869643603,"data":"[Game 50] Range: 2-6 | Median/Mean: 4.0 / 4.040 | Fail: 0.000%\n"}
,{"stream_name":"stdout","time":215.480319624,"data":"[Game 60] Range: 2-6 | Median/Mean: 4.0 / 4.017 | Fail: 0.000%\n"}
,{"stream_name":"stdout","time":246.94880705,"data":"[Game 70] Range: 2-6 | Median/Mean: 4.0 / 4.029 | Fail: 0.000%\n"}
,{"stream_name":"stdout","time":277.140251651,"data":"[Game 80] Range: 2-6 | Median/Mean: 4.0 / 3.975 | Fail: 0.000%\n"}
,{"stream_name":"stdout","time":318.509124872,"data":"[Game 90] Range: 2-8 | Median/Mean: 4.0 / 3.978 | Fail: 1.111%\n"}
,{"stream_name":"stdout","time":349.441310936,"data":"[Game 100] Range: 2-8 | Median/Mean: 4.0 / 3.910 | Fail: 1.000%\n"}
,{"stream_name":"stdout","time":379.657035925,"data":"[Game 110] Range: 2-8 | Median/Mean: 4.0 / 3.891 | Fail: 0.909%\n"}
,{"stream_name":"stdout","time":418.415822971,"data":"[Game 120] Range: 2-8 | Median/Mean: 4.0 / 3.917 | Fail: 1.667%\n"}
,{"stream_name":"stdout","time":444.063373679,"data":"[Game 130] Range: 2-8 | Median/Mean: 4.0 / 3.915 | Fail: 1.538%\n"}
,{"stream_name":"stdout","time":476.697406074,"data":"[Game 140] Range: 2-8 | Median/Mean: 4.0 / 3.914 | Fail: 1.429%\n"}
,{"stream_name":"stdout","time":520.893083967,"data":"[Game 150] Range: 2-8 | Median/Mean: 4.0 / 3.927 | Fail: 1.333%\n"}
,{"stream_name":"stdout","time":563.727021155,"data":"[Game 160] Range: 2-8 | Median/Mean: 4.0 / 3.925 | Fail: 1.250%\n"}
,{"stream_name":"stdout","time":594.50038399,"data":"[Game 170] Range: 2-8 | Median/Mean: 4.0 / 3.906 | Fail: 1.176%\n"}
,{"stream_name":"stdout","time":621.30600221,"data":"[Game 180] Range: 2-8 | Median/Mean: 4.0 / 3.894 | Fail: 1.111%\n"}
,{"stream_name":"stdout","time":661.681865989,"data":"[Game 190] Range: 2-8 | Median/Mean: 4.0 / 3.926 | Fail: 1.579%\n"}
,{"stream_name":"stdout","time":685.676981269,"data":"[Game 200] Range: 2-8 | Median/Mean: 4.0 / 3.915 | Fail: 1.500%\n"}
,{"stream_name":"stdout","time":714.297720431,"data":"[Game 210] Range: 2-8 | Median/Mean: 4.0 / 3.910 | Fail: 1.429%\n"}
,{"stream_name":"stdout","time":756.283526672,"data":"[Game 220] Range: 2-8 | Median/Mean: 4.0 / 3.891 | Fail: 1.364%\n"}
,{"stream_name":"stdout","time":788.662122417,"data":"[Game 230] Range: 2-8 | Median/Mean: 4.0 / 3.891 | Fail: 1.304%\n"}
,{"stream_name":"stdout","time":812.83324216,"data":"[Game 240] Range: 2-8 | Median/Mean: 4.0 / 3.871 | Fail: 1.250%\n"}
,{"stream_name":"stdout","time":844.099136646,"data":"[Game 250] Range: 2-8 | Median/Mean: 4.0 / 3.880 | Fail: 1.200%\n"}
,{"stream_name":"stdout","time":879.425303194,"data":"[Game 260] Range: 2-8 | Median/Mean: 4.0 / 3.881 | Fail: 1.154%\n"}
,{"stream_name":"stdout","time":899.346344148,"data":"[Game 270] Range: 2-8 | Median/Mean: 4.0 / 3.867 | Fail: 1.111%\n"}
,{"stream_name":"stdout","time":918.612341629,"data":"[Game 280] Range: 2-8 | Median/Mean: 4.0 / 3.839 | Fail: 1.071%\n"}
,{"stream_name":"stdout","time":958.403263391,"data":"[Game 290] Range: 2-8 | Median/Mean: 4.0 / 3.845 | Fail: 1.034%\n"}
,{"stream_name":"stdout","time":988.85782496,"data":"[Game 300] Range: 2-8 | Median/Mean: 4.0 / 3.843 | Fail: 1.000%\n"}
,{"stream_name":"stdout","time":1026.913043093,"data":"[Game 310] Range: 2-8 | Median/Mean: 4.0 / 3.842 | Fail: 0.968%\n"}
,{"stream_name":"stdout","time":1065.163367885,"data":"[Game 320] Range: 2-8 | Median/Mean: 4.0 / 3.844 | Fail: 0.938%\n"}
,{"stream_name":"stdout","time":1085.579507755,"data":"[Game 330] Range: 2-8 | Median/Mean: 4.0 / 3.848 | Fail: 0.909%\n"}
,{"stream_name":"stdout","time":1104.295122801,"data":"[Game 340] Range: 2-8 | Median/Mean: 4.0 / 3.838 | Fail: 0.882%\n"}
,{"stream_name":"stdout","time":1144.893630252,"data":"[Game 350] Range: 2-8 | Median/Mean: 4.0 / 3.831 | Fail: 0.857%\n"}
,{"stream_name":"stdout","time":1177.663605725,"data":"[Game 360] Range: 2-8 | Median/Mean: 4.0 / 3.833 | Fail: 0.833%\n"}
,{"stream_name":"stdout","time":1213.428899919,"data":"[Game 370] Range: 2-8 | Median/Mean: 4.0 / 3.838 | Fail: 0.811%\n"}
,{"stream_name":"stdout","time":1251.820718031,"data":"[Game 380] Range: 2-8 | Median/Mean: 4.0 / 3.842 | Fail: 0.789%\n"}
,{"stream_name":"stdout","time":1284.824049697,"data":"[Game 390] Range: 2-8 | Median/Mean: 4.0 / 3.849 | Fail: 1.026%\n"}
,{"stream_name":"stdout","time":1324.060423415,"data":"[Game 400] Range: 2-8 | Median/Mean: 4.0 / 3.857 | Fail: 1.000%\n"}
,{"stream_name":"stdout","time":1367.148635162,"data":"[Game 410] Range: 2-8 | Median/Mean: 4.0 / 3.866 | Fail: 0.976%\n"}
,{"stream_name":"stdout","time":1410.546624473,"data":"[Game 420] Range: 2-8 | Median/Mean: 4.0 / 3.857 | Fail: 0.952%\n"}
,{"stream_name":"stdout","time":1451.172060265,"data":"[Game 430] Range: 2-8 | Median/Mean: 4.0 / 3.870 | Fail: 0.930%\n"}
,{"stream_name":"stdout","time":1489.224131355,"data":"[Game 440] Range: 2-8 | Median/Mean: 4.0 / 3.886 | Fail: 1.136%\n"}
,{"stream_name":"stdout","time":1513.976980036,"data":"[Game 450] Range: 2-8 | Median/Mean: 4.0 / 3.878 | Fail: 1.111%\n"}
,{"stream_name":"stdout","time":1553.710087661,"data":"[Game 460] Range: 2-8 | Median/Mean: 4.0 / 3.876 | Fail: 1.087%\n"}
,{"stream_name":"stdout","time":1576.588122391,"data":"[Game 470] Range: 2-8 | Median/Mean: 4.0 / 3.877 | Fail: 1.064%\n"}
,{"stream_name":"stdout","time":1608.165187101,"data":"[Game 480] Range: 2-8 | Median/Mean: 4.0 / 3.877 | Fail: 1.042%\n"}
,{"stream_name":"stdout","time":1640.552691835,"data":"[Game 490] Range: 2-8 | Median/Mean: 4.0 / 3.880 | Fail: 1.020%\n"}
,{"stream_name":"stdout","time":1676.959904126,"data":"[Game 500] Range: 2-8 | Median/Mean: 4.0 / 3.890 | Fail: 1.000%\n"}
,{"stream_name":"stdout","time":1709.832919794,"data":"[Game 510] Range: 2-8 | Median/Mean: 4.0 / 3.888 | Fail: 0.980%\n"}
,{"stream_name":"stdout","time":1749.817936048,"data":"[Game 520] Range: 2-8 | Median/Mean: 4.0 / 3.890 | Fail: 0.962%\n"}
,{"stream_name":"stdout","time":1779.30664281,"data":"[Game 530] Range: 2-8 | Median/Mean: 4.0 / 3.885 | Fail: 0.943%\n"}
,{"stream_name":"stdout","time":1816.776730867,"data":"[Game 540] Range: 2-8 | Median/Mean: 4.0 / 3.887 | Fail: 0.926%\n"}
,{"stream_name":"stdout","time":1841.338153254,"data":"[Game 550] Range: 2-8 | Median/Mean: 4.0 / 3.882 | Fail: 0.909%\n"}
,{"stream_name":"stdout","time":1881.612252371,"data":"[Game 560] Range: 2-8 | Median/Mean: 4.0 / 3.891 | Fail: 0.893%\n"}
,{"stream_name":"stdout","time":1915.494093474,"data":"[Game 570] Range: 2-8 | Median/Mean: 4.0 / 3.889 | Fail: 0.877%\n"}
,{"stream_name":"stdout","time":1945.368621859,"data":"[Game 580] Range: 2-8 | Median/Mean: 4.0 / 3.879 | Fail: 0.862%\n"}
,{"stream_name":"stdout","time":1985.421718216,"data":"[Game 590] Range: 2-8 | Median/Mean: 4.0 / 3.890 | Fail: 0.847%\n"}
,{"stream_name":"stdout","time":2015.364481415,"data":"[Game 600] Range: 2-8 | Median/Mean: 4.0 / 3.887 | Fail: 0.833%\n"}
,{"stream_name":"stdout","time":2045.530759418,"data":"[Game 610] Range: 2-8 | Median/Mean: 4.0 / 3.887 | Fail: 0.820%\n"}
,{"stream_name":"stdout","time":2068.304893129,"data":"[Game 620] Range: 2-8 | Median/Mean: 4.0 / 3.884 | Fail: 0.806%\n"}
,{"stream_name":"stdout","time":2105.25328602,"data":"[Game 630] Range: 2-8 | Median/Mean: 4.0 / 3.881 | Fail: 0.794%\n"}
,{"stream_name":"stdout","time":2145.160062978,"data":"[Game 640] Range: 2-8 | Median/Mean: 4.0 / 3.881 | Fail: 0.781%\n"}
,{"stream_name":"stdout","time":2180.656808381,"data":"[Game 650] Range: 2-8 | Median/Mean: 4.0 / 3.886 | Fail: 0.923%\n"}
,{"stream_name":"stdout","time":2225.773789404,"data":"[Game 660] Range: 2-8 | Median/Mean: 4.0 / 3.886 | Fail: 0.909%\n"}
,{"stream_name":"stdout","time":2251.828019856,"data":"[Game 670] Range: 2-8 | Median/Mean: 4.0 / 3.884 | Fail: 0.896%\n"}
,{"stream_name":"stdout","time":2284.245103624,"data":"[Game 680] Range: 2-8 | Median/Mean: 4.0 / 3.885 | Fail: 0.882%\n"}
,{"stream_name":"stdout","time":2312.908768356,"data":"[Game 690] Range: 2-8 | Median/Mean: 4.0 / 3.887 | Fail: 0.870%\n"}
,{"stream_name":"stdout","time":2349.039237857,"data":"[Game 700] Range: 2-8 | Median/Mean: 4.0 / 3.891 | Fail: 0.857%\n"}
,{"stream_name":"stdout","time":2376.33749735,"data":"[Game 710] Range: 2-8 | Median/Mean: 4.0 / 3.892 | Fail: 0.845%\n"}
,{"stream_name":"stdout","time":2415.444120386,"data":"[Game 720] Range: 2-8 | Median/Mean: 4.0 / 3.889 | Fail: 0.833%\n"}
,{"stream_name":"stdout","time":2449.973021701,"data":"[Game 730] Range: 2-8 | Median/Mean: 4.0 / 3.893 | Fail: 0.822%\n"}
,{"stream_name":"stdout","time":2473.814140787,"data":"[Game 740] Range: 2-8 | Median/Mean: 4.0 / 3.895 | Fail: 0.811%\n"}
,{"stream_name":"stdout","time":2514.76479847,"data":"[Game 750] Range: 2-8 | Median/Mean: 4.0 / 3.893 | Fail: 0.800%\n"}
,{"stream_name":"stdout","time":2552.113838255,"data":"[Game 760] Range: 2-8 | Median/Mean: 4.0 / 3.897 | Fail: 0.789%\n"}
,{"stream_name":"stdout","time":2597.699790307,"data":"[Game 770] Range: 2-8 | Median/Mean: 4.0 / 3.897 | Fail: 0.779%\n"}
,{"stream_name":"stdout","time":2634.388453936,"data":"[Game 780] Range: 2-8 | Median/Mean: 4.0 / 3.901 | Fail: 0.897%\n"}
,{"stream_name":"stdout","time":2666.969126897,"data":"[Game 790] Range: 2-8 | Median/Mean: 4.0 / 3.900 | Fail: 0.886%\n"}
,{"stream_name":"stdout","time":2698.170371402,"data":"[Game 800] Range: 2-8 | Median/Mean: 4.0 / 3.905 | Fail: 0.875%\n"}
,{"stream_name":"stdout","time":2727.943054382,"data":"[Game 810] Range: 2-8 | Median/Mean: 4.0 / 3.900 | Fail: 0.864%\n"}
,{"stream_name":"stdout","time":2763.735455556,"data":"[Game 820] Range: 2-8 | Median/Mean: 4.0 / 3.900 | Fail: 0.854%\n"}
,{"stream_name":"stdout","time":2803.897055888,"data":"[Game 830] Range: 2-8 | Median/Mean: 4.0 / 3.900 | Fail: 0.843%\n"}
,{"stream_name":"stdout","time":2823.460632038,"data":"[Game 840] Range: 2-8 | Median/Mean: 4.0 / 3.900 | Fail: 0.952%\n"}
,{"stream_name":"stdout","time":2854.475532052,"data":"[Game 850] Range: 2-8 | Median/Mean: 4.0 / 3.896 | Fail: 0.941%\n"}
,{"stream_name":"stdout","time":2890.475582245,"data":"[Game 860] Range: 2-8 | Median/Mean: 4.0 / 3.899 | Fail: 0.930%\n"}
,{"stream_name":"stdout","time":2934.965582289,"data":"[Game 870] Range: 2-8 | Median/Mean: 4.0 / 3.898 | Fail: 0.920%\n"}
,{"stream_name":"stdout","time":2963.994695863,"data":"[Game 880] Range: 2-8 | Median/Mean: 4.0 / 3.898 | Fail: 0.909%\n"}
,{"stream_name":"stdout","time":2989.489852,"data":"[Game 890] Range: 2-8 | Median/Mean: 4.0 / 3.893 | Fail: 0.899%\n"}
,{"stream_name":"stdout","time":3022.413812106,"data":"[Game 900] Range: 2-8 | Median/Mean: 4.0 / 3.890 | Fail: 0.889%\n"}
,{"stream_name":"stdout","time":3062.11393523,"data":"[Game 910] Range: 2-8 | Median/Mean: 4.0 / 3.889 | Fail: 0.989%\n"}
,{"stream_name":"stdout","time":3098.809786122,"data":"[Game 920] Range: 2-8 | Median/Mean: 4.0 / 3.893 | Fail: 0.978%\n"}
,{"stream_name":"stdout","time":3118.119906013,"data":"[Game 930] Range: 2-8 | Median/Mean: 4.0 / 3.892 | Fail: 0.968%\n"}
,{"stream_name":"stdout","time":3154.285730356,"data":"[Game 940] Range: 2-8 | Median/Mean: 4.0 / 3.893 | Fail: 0.957%\n"}
,{"stream_name":"stdout","time":3189.05607741,"data":"[Game 950] Range: 2-8 | Median/Mean: 4.0 / 3.887 | Fail: 0.947%\n"}
,{"stream_name":"stdout","time":3220.445936123,"data":"[Game 960] Range: 2-8 | Median/Mean: 4.0 / 3.883 | Fail: 0.938%\n"}
,{"stream_name":"stdout","time":3252.557424476,"data":"[Game 970] Range: 2-8 | Median/Mean: 4.0 / 3.885 | Fail: 0.928%\n"}
,{"stream_name":"stdout","time":3288.865998584,"data":"[Game 980] Range: 2-8 | Median/Mean: 4.0 / 3.882 | Fail: 0.918%\n"}
,{"stream_name":"stdout","time":3315.575831689,"data":"[Game 990] Range: 2-8 | Median/Mean: 4.0 / 3.876 | Fail: 0.909%\n"}
,{"stream_name":"stdout","time":3335.710036152,"data":"[Game 1000] Range: 2-8 | Median/Mean: 4.0 / 3.872 | Fail: 0.900%\n"}
,{"stream_name":"stdout","time":3377.466217364,"data":"[Game 1010] Range: 2-8 | Median/Mean: 4.0 / 3.868 | Fail: 0.891%\n"}
,{"stream_name":"stdout","time":3409.598497845,"data":"[Game 1020] Range: 2-8 | Median/Mean: 4.0 / 3.870 | Fail: 0.882%\n"}
,{"stream_name":"stdout","time":3446.224467285,"data":"[Game 1030] Range: 2-8 | Median/Mean: 4.0 / 3.871 | Fail: 0.874%\n"}
,{"stream_name":"stdout","time":3473.780016352,"data":"[Game 1040] Range: 2-8 | Median/Mean: 4.0 / 3.874 | Fail: 0.865%\n"}
,{"stream_name":"stdout","time":3509.232188678,"data":"[Game 1050] Range: 2-8 | Median/Mean: 4.0 / 3.872 | Fail: 0.857%\n"}
,{"stream_name":"stdout","time":3554.929116629,"data":"[Game 1060] Range: 2-8 | Median/Mean: 4.0 / 3.870 | Fail: 0.849%\n"}
,{"stream_name":"stdout","time":3587.020093703,"data":"[Game 1070] Range: 2-8 | Median/Mean: 4.0 / 3.868 | Fail: 0.841%\n"}
,{"stream_name":"stdout","time":3628.145165301,"data":"[Game 1080] Range: 2-8 | Median/Mean: 4.0 / 3.864 | Fail: 0.833%\n"}
,{"stream_name":"stdout","time":3665.537626874,"data":"[Game 1090] Range: 2-8 | Median/Mean: 4.0 / 3.869 | Fail: 0.917%\n"}
,{"stream_name":"stdout","time":3695.330064162,"data":"[Game 1100] Range: 2-8 | Median/Mean: 4.0 / 3.867 | Fail: 0.909%\n"}
,{"stream_name":"stdout","time":3722.200073902,"data":"[Game 1110] Range: 2-8 | Median/Mean: 4.0 / 3.866 | Fail: 0.901%\n"}
,{"stream_name":"stdout","time":3764.017665793,"data":"[Game 1120] Range: 2-8 | Median/Mean: 4.0 / 3.862 | Fail: 0.893%\n"}
,{"stream_name":"stdout","time":3788.415987871,"data":"[Game 1130] Range: 2-8 | Median/Mean: 4.0 / 3.859 | Fail: 0.885%\n"}
,{"stream_name":"stdout","time":3828.774139119,"data":"[Game 1140] Range: 2-8 | Median/Mean: 4.0 / 3.862 | Fail: 0.877%\n"}
,{"stream_name":"stdout","time":3868.105002359,"data":"[Game 1150] Range: 2-8 | Median/Mean: 4.0 / 3.863 | Fail: 0.870%\n"}
,{"stream_name":"stdout","time":3900.630118844,"data":"[Game 1160] Range: 2-8 | Median/Mean: 4.0 / 3.863 | Fail: 0.862%\n"}
,{"stream_name":"stdout","time":3932.0003092,"data":"[Game 1170] Range: 2-8 | Median/Mean: 4.0 / 3.862 | Fail: 0.855%\n"}
,{"stream_name":"stdout","time":3965.901500313,"data":"[Game 1180] Range: 2-8 | Median/Mean: 4.0 / 3.864 | Fail: 0.847%\n"}
,{"stream_name":"stdout","time":4003.985378089,"data":"[Game 1190] Range: 2-8 | Median/Mean: 4.0 / 3.865 | Fail: 0.840%\n"}
,{"stream_name":"stdout","time":4037.240248066,"data":"[Game 1200] Range: 2-8 | Median/Mean: 4.0 / 3.862 | Fail: 0.833%\n"}
,{"stream_name":"stdout","time":4060.122909874,"data":"[Game 1210] Range: 2-8 | Median/Mean: 4.0 / 3.860 | Fail: 0.826%\n"}
,{"stream_name":"stdout","time":4089.226065427,"data":"[Game 1220] Range: 2-8 | Median/Mean: 4.0 / 3.860 | Fail: 0.820%\n"}
,{"stream_name":"stdout","time":4128.684781011,"data":"[Game 1230] Range: 2-8 | Median/Mean: 4.0 / 3.862 | Fail: 0.813%\n"}
,{"stream_name":"stdout","time":4161.890957981,"data":"[Game 1240] Range: 2-8 | Median/Mean: 4.0 / 3.862 | Fail: 0.806%\n"}
,{"stream_name":"stdout","time":4188.557540291,"data":"[Game 1250] Range: 2-8 | Median/Mean: 4.0 / 3.861 | Fail: 0.800%\n"}
,{"stream_name":"stdout","time":4229.094295833,"data":"[Game 1260] Range: 2-8 | Median/Mean: 4.0 / 3.867 | Fail: 0.794%\n"}
,{"stream_name":"stdout","time":4258.640688801,"data":"[Game 1270] Range: 2-8 | Median/Mean: 4.0 / 3.864 | Fail: 0.787%\n"}
,{"stream_name":"stdout","time":4295.887081113,"data":"[Game 1280] Range: 2-8 | Median/Mean: 4.0 / 3.862 | Fail: 0.781%\n"}
,{"stream_name":"stdout","time":4320.097478181,"data":"[Game 1290] Range: 2-8 | Median/Mean: 4.0 / 3.857 | Fail: 0.775%\n"}
,{"stream_name":"stdout","time":4344.874202158,"data":"[Game 1300] Range: 2-8 | Median/Mean: 4.0 / 3.855 | Fail: 0.769%\n"}
,{"stream_name":"stdout","time":4373.987029052,"data":"[Game 1310] Range: 2-8 | Median/Mean: 4.0 / 3.851 | Fail: 0.763%\n"}
,{"stream_name":"stdout","time":4412.607151568,"data":"[Game 1320] Range: 2-8 | Median/Mean: 4.0 / 3.853 | Fail: 0.758%\n"}
,{"stream_name":"stdout","time":4458.650156862,"data":"[Game 1330] Range: 2-8 | Median/Mean: 4.0 / 3.855 | Fail: 0.752%\n"}
,{"stream_name":"stdout","time":4494.413677724,"data":"[Game 1340] Range: 2-8 | Median/Mean: 4.0 / 3.857 | Fail: 0.746%\n"}
,{"stream_name":"stdout","time":4532.756672325,"data":"[Game 1350] Range: 2-8 | Median/Mean: 4.0 / 3.856 | Fail: 0.741%\n"}
,{"stream_name":"stdout","time":4573.170766214,"data":"[Game 1360] Range: 2-8 | Median/Mean: 4.0 / 3.857 | Fail: 0.735%\n"}
,{"stream_name":"stdout","time":4608.710917957,"data":"[Game 1370] Range: 2-8 | Median/Mean: 4.0 / 3.858 | Fail: 0.730%\n"}
,{"stream_name":"stdout","time":4653.551470316,"data":"[Game 1380] Range: 2-8 | Median/Mean: 4.0 / 3.859 | Fail: 0.797%\n"}
,{"stream_name":"stdout","time":4694.458700359,"data":"[Game 1390] Range: 2-8 | Median/Mean: 4.0 / 3.861 | Fail: 0.791%\n"}
,{"stream_name":"stdout","time":4733.801287656,"data":"[Game 1400] Range: 2-8 | Median/Mean: 4.0 / 3.863 | Fail: 0.786%\n"}
,{"stream_name":"stdout","time":4765.116191068,"data":"[Game 1410] Range: 2-8 | Median/Mean: 4.0 / 3.865 | Fail: 0.780%\n"}
,{"stream_name":"stdout","time":4789.734521354,"data":"[Game 1420] Range: 2-8 | Median/Mean: 4.0 / 3.864 | Fail: 0.775%\n"}
,{"stream_name":"stdout","time":4819.749598867,"data":"[Game 1430] Range: 2-8 | Median/Mean: 4.0 / 3.862 | Fail: 0.769%\n"}
,{"stream_name":"stdout","time":4844.344951283,"data":"[Game 1440] Range: 2-8 | Median/Mean: 4.0 / 3.862 | Fail: 0.764%\n"}
,{"stream_name":"stdout","time":4882.833040316,"data":"[Game 1450] Range: 2-8 | Median/Mean: 4.0 / 3.865 | Fail: 0.828%\n"}
,{"stream_name":"stdout","time":4920.041407399,"data":"[Game 1460] Range: 2-8 | Median/Mean: 4.0 / 3.867 | Fail: 0.822%\n"}
,{"stream_name":"stdout","time":4943.299671778,"data":"[Game 1470] Range: 2-8 | Median/Mean: 4.0 / 3.868 | Fail: 0.816%\n"}
,{"stream_name":"stdout","time":4977.270523317,"data":"[Game 1480] Range: 2-8 | Median/Mean: 4.0 / 3.867 | Fail: 0.811%\n"}
,{"stream_name":"stdout","time":5008.01537054,"data":"[Game 1490] Range: 2-8 | Median/Mean: 4.0 / 3.866 | Fail: 0.805%\n"}
,{"stream_name":"stdout","time":5048.152705894,"data":"[Game 1500] Range: 2-8 | Median/Mean: 4.0 / 3.868 | Fail: 0.800%\n"}
,{"stream_name":"stdout","time":5086.858977006,"data":"[Game 1510] Range: 2-8 | Median/Mean: 4.0 / 3.867 | Fail: 0.795%\n"}
,{"stream_name":"stdout","time":5113.479154992,"data":"[Game 1520] Range: 2-8 | Median/Mean: 4.0 / 3.864 | Fail: 0.789%\n"}
,{"stream_name":"stdout","time":5153.116734694,"data":"[Game 1530] Range: 2-8 | Median/Mean: 4.0 / 3.865 | Fail: 0.784%\n"}
,{"stream_name":"stdout","time":5187.563167466,"data":"[Game 1540] Range: 2-8 | Median/Mean: 4.0 / 3.864 | Fail: 0.779%\n"}
,{"stream_name":"stdout","time":5214.728040612,"data":"[Game 1550] Range: 2-8 | Median/Mean: 4.0 / 3.863 | Fail: 0.774%\n"}
,{"stream_name":"stdout","time":5244.335991863,"data":"[Game 1560] Range: 2-8 | Median/Mean: 4.0 / 3.862 | Fail: 0.769%\n"}
,{"stream_name":"stdout","time":5277.245906004,"data":"[Game 1570] Range: 2-8 | Median/Mean: 4.0 / 3.862 | Fail: 0.828%\n"}
,{"stream_name":"stdout","time":5305.188220027,"data":"[Game 1580] Range: 2-8 | Median/Mean: 4.0 / 3.859 | Fail: 0.823%\n"}
,{"stream_name":"stdout","time":5328.336073752,"data":"[Game 1590] Range: 2-8 | Median/Mean: 4.0 / 3.857 | Fail: 0.818%\n"}
,{"stream_name":"stdout","time":5349.803141728,"data":"[Game 1600] Range: 2-8 | Median/Mean: 4.0 / 3.856 | Fail: 0.812%\n"}
,{"stream_name":"stdout","time":5385.333937213,"data":"[Game 1610] Range: 2-8 | Median/Mean: 4.0 / 3.856 | Fail: 0.807%\n"}
,{"stream_name":"stdout","time":5432.911806043,"data":"[Game 1620] Range: 2-8 | Median/Mean: 4.0 / 3.858 | Fail: 0.864%\n"}
,{"stream_name":"stdout","time":5462.261966064,"data":"[Game 1630] Range: 2-8 | Median/Mean: 4.0 / 3.858 | Fail: 0.859%\n"}
,{"stream_name":"stdout","time":5499.437867403,"data":"[Game 1640] Range: 2-8 | Median/Mean: 4.0 / 3.857 | Fail: 0.854%\n"}
,{"stream_name":"stdout","time":5533.097066848,"data":"[Game 1650] Range: 2-8 | Median/Mean: 4.0 / 3.859 | Fail: 0.909%\n"}
,{"stream_name":"stdout","time":5559.033545651,"data":"[Game 1660] Range: 2-8 | Median/Mean: 4.0 / 3.860 | Fail: 0.904%\n"}
,{"stream_name":"stdout","time":5587.770184872,"data":"[Game 1670] Range: 2-8 | Median/Mean: 4.0 / 3.859 | Fail: 0.898%\n"}
,{"stream_name":"stdout","time":5639.163714304,"data":"[Game 1680] Range: 2-8 | Median/Mean: 4.0 / 3.862 | Fail: 0.893%\n"}
,{"stream_name":"stdout","time":5668.81524283,"data":"[Game 1690] Range: 2-8 | Median/Mean: 4.0 / 3.860 | Fail: 0.888%\n"}
,{"stream_name":"stdout","time":5706.791407268,"data":"[Game 1700] Range: 2-8 | Median/Mean: 4.0 / 3.858 | Fail: 0.882%\n"}
,{"stream_name":"stdout","time":5738.895495392,"data":"[Game 1710] Range: 2-8 | Median/Mean: 4.0 / 3.860 | Fail: 0.877%\n"}
,{"stream_name":"stdout","time":5770.989895566,"data":"[Game 1720] Range: 2-8 | Median/Mean: 4.0 / 3.860 | Fail: 0.872%\n"}
,{"stream_name":"stdout","time":5810.723582511,"data":"[Game 1730] Range: 2-8 | Median/Mean: 4.0 / 3.861 | Fail: 0.867%\n"}
,{"stream_name":"stdout","time":5847.90508409,"data":"[Game 1740] Range: 2-8 | Median/Mean: 4.0 / 3.863 | Fail: 0.862%\n"}
,{"stream_name":"stdout","time":5883.371900686,"data":"[Game 1750] Range: 2-8 | Median/Mean: 4.0 / 3.861 | Fail: 0.857%\n"}
,{"stream_name":"stdout","time":5922.930465351,"data":"[Game 1760] Range: 2-8 | Median/Mean: 4.0 / 3.861 | Fail: 0.852%\n"}
,{"stream_name":"stdout","time":5959.799985096,"data":"[Game 1770] Range: 2-8 | Median/Mean: 4.0 / 3.861 | Fail: 0.847%\n"}
,{"stream_name":"stdout","time":5996.813679894,"data":"[Game 1780] Range: 2-8 | Median/Mean: 4.0 / 3.861 | Fail: 0.843%\n"}
,{"stream_name":"stdout","time":6033.203581484,"data":"[Game 1790] Range: 2-8 | Median/Mean: 4.0 / 3.861 | Fail: 0.838%\n"}
,{"stream_name":"stdout","time":6059.499995966,"data":"[Game 1800] Range: 2-8 | Median/Mean: 4.0 / 3.859 | Fail: 0.833%\n"}
,{"stream_name":"stdout","time":6092.021204151,"data":"[Game 1810] Range: 2-8 | Median/Mean: 4.0 / 3.859 | Fail: 0.829%\n"}
,{"stream_name":"stdout","time":6123.962133754,"data":"[Game 1820] Range: 2-8 | Median/Mean: 4.0 / 3.856 | Fail: 0.824%\n"}
,{"stream_name":"stdout","time":6168.483972697,"data":"[Game 1830] Range: 2-8 | Median/Mean: 4.0 / 3.859 | Fail: 0.820%\n"}
,{"stream_name":"stdout","time":6205.394049038,"data":"[Game 1840] Range: 2-8 | Median/Mean: 4.0 / 3.860 | Fail: 0.815%\n"}
,{"stream_name":"stdout","time":6226.052122599,"data":"[Game 1850] Range: 2-8 | Median/Mean: 4.0 / 3.859 | Fail: 0.811%\n"}
,{"stream_name":"stdout","time":6260.822905195,"data":"[Game 1860] Range: 2-8 | Median/Mean: 4.0 / 3.860 | Fail: 0.806%\n"}
,{"stream_name":"stdout","time":6285.480509043,"data":"[Game 1870] Range: 2-8 | Median/Mean: 4.0 / 3.856 | Fail: 0.802%\n"}
,{"stream_name":"stdout","time":6312.399276289,"data":"[Game 1880] Range: 2-8 | Median/Mean: 4.0 / 3.856 | Fail: 0.851%\n"}
,{"stream_name":"stdout","time":6346.114459107,"data":"[Game 1890] Range: 2-8 | Median/Mean: 4.0 / 3.857 | Fail: 0.847%\n"}
,{"stream_name":"stdout","time":6375.492774205,"data":"[Game 1900] Range: 2-8 | Median/Mean: 4.0 / 3.857 | Fail: 0.895%\n"}
,{"stream_name":"stdout","time":6413.029127695,"data":"[Game 1910] Range: 2-8 | Median/Mean: 4.0 / 3.858 | Fail: 0.890%\n"}
,{"stream_name":"stdout","time":6435.837901945,"data":"[Game 1920] Range: 2-8 | Median/Mean: 4.0 / 3.858 | Fail: 0.885%\n"}
,{"stream_name":"stdout","time":6462.800457168,"data":"[Game 1930] Range: 2-8 | Median/Mean: 4.0 / 3.858 | Fail: 0.881%\n"}
,{"stream_name":"stdout","time":6502.856175644,"data":"[Game 1940] Range: 2-8 | Median/Mean: 4.0 / 3.859 | Fail: 0.876%\n"}
,{"stream_name":"stdout","time":6536.445176681,"data":"[Game 1950] Range: 2-8 | Median/Mean: 4.0 / 3.859 | Fail: 0.872%\n"}
,{"stream_name":"stdout","time":6577.924026807,"data":"[Game 1960] Range: 2-8 | Median/Mean: 4.0 / 3.861 | Fail: 0.867%\n"}
,{"stream_name":"stdout","time":6615.452227064,"data":"[Game 1970] Range: 2-8 | Median/Mean: 4.0 / 3.861 | Fail: 0.863%\n"}
,{"stream_name":"stdout","time":6653.070228005,"data":"[Game 1980] Range: 2-8 | Median/Mean: 4.0 / 3.863 | Fail: 0.859%\n"}
,{"stream_name":"stdout","time":6681.757016577,"data":"[Game 1990] Range: 2-8 | Median/Mean: 4.0 / 3.864 | Fail: 0.854%\n"}
,{"stream_name":"stdout","time":6713.982596699,"data":"[Game 2000] Range: 2-8 | Median/Mean: 4.0 / 3.866 | Fail: 0.900%\n"}
,{"stream_name":"stdout","time":6759.096249938,"data":"[Game 2010] Range: 2-8 | Median/Mean: 4.0 / 3.869 | Fail: 0.896%\n"}
,{"stream_name":"stdout","time":6782.608062524,"data":"[Game 2020] Range: 2-8 | Median/Mean: 4.0 / 3.870 | Fail: 0.941%\n"}
,{"stream_name":"stdout","time":6814.182450626,"data":"[Game 2030] Range: 2-8 | Median/Mean: 4.0 / 3.868 | Fail: 0.936%\n"}
,{"stream_name":"stdout","time":6847.226645616,"data":"[Game 2040] Range: 2-9 | Median/Mean: 4.0 / 3.872 | Fail: 0.980%\n"}
,{"stream_name":"stdout","time":6877.85035583,"data":"[Game 2050] Range: 2-9 | Median/Mean: 4.0 / 3.871 | Fail: 0.976%\n"}
,{"stream_name":"stdout","time":6913.776543769,"data":"[Game 2060] Range: 2-9 | Median/Mean: 4.0 / 3.869 | Fail: 0.971%\n"}
,{"stream_name":"stdout","time":6946.236803634,"data":"[Game 2070] Range: 2-9 | Median/Mean: 4.0 / 3.871 | Fail: 0.966%\n"}
,{"stream_name":"stdout","time":6976.108872975,"data":"[Game 2080] Range: 2-9 | Median/Mean: 4.0 / 3.873 | Fail: 0.962%\n"}
,{"stream_name":"stdout","time":7006.037969243,"data":"[Game 2090] Range: 2-9 | Median/Mean: 4.0 / 3.871 | Fail: 0.957%\n"}
,{"stream_name":"stdout","time":7041.875332009,"data":"[Game 2100] Range: 2-9 | Median/Mean: 4.0 / 3.871 | Fail: 0.952%\n"}
,{"stream_name":"stdout","time":7072.722833996,"data":"[Game 2110] Range: 2-9 | Median/Mean: 4.0 / 3.871 | Fail: 0.948%\n"}
,{"stream_name":"stdout","time":7105.876148467,"data":"[Game 2120] Range: 2-9 | Median/Mean: 4.0 / 3.872 | Fail: 0.991%\n"}
,{"stream_name":"stdout","time":7144.618231192,"data":"[Game 2130] Range: 2-9 | Median/Mean: 4.0 / 3.876 | Fail: 0.986%\n"}
,{"stream_name":"stdout","time":7196.343367207,"data":"[Game 2140] Range: 2-9 | Median/Mean: 4.0 / 3.879 | Fail: 0.981%\n"}
,{"stream_name":"stdout","time":7235.635257979,"data":"[Game 2150] Range: 2-9 | Median/Mean: 4.0 / 3.879 | Fail: 0.977%\n"}
,{"stream_name":"stdout","time":7284.49004584,"data":"[Game 2160] Range: 2-9 | Median/Mean: 4.0 / 3.877 | Fail: 0.972%\n"}
,{"stream_name":"stdout","time":7317.431665276,"data":"[Game 2170] Range: 2-9 | Median/Mean: 4.0 / 3.881 | Fail: 1.014%\n"}
,{"stream_name":"stdout","time":7351.89429031,"data":"[Game 2180] Range: 2-9 | Median/Mean: 4.0 / 3.880 | Fail: 1.009%\n"}
,{"stream_name":"stdout","time":7388.64962185,"data":"[Game 2190] Range: 2-9 | Median/Mean: 4.0 / 3.880 | Fail: 1.005%\n"}
,{"stream_name":"stdout","time":7427.350052807,"data":"[Game 2200] Range: 2-9 | Median/Mean: 4.0 / 3.880 | Fail: 1.000%\n"}
,{"stream_name":"stdout","time":7467.515760849,"data":"[Game 2210] Range: 2-9 | Median/Mean: 4.0 / 3.881 | Fail: 1.041%\n"}
,{"stream_name":"stdout","time":7507.370846182,"data":"[Game 2220] Range: 2-9 | Median/Mean: 4.0 / 3.884 | Fail: 1.081%\n"}
,{"stream_name":"stdout","time":7539.550619381,"data":"[Game 2230] Range: 2-9 | Median/Mean: 4.0 / 3.886 | Fail: 1.121%\n"}
,{"stream_name":"stdout","time":7571.22352018,"data":"[Game 2240] Range: 2-9 | Median/Mean: 4.0 / 3.886 | Fail: 1.116%\n"}
,{"stream_name":"stdout","time":7607.288232321,"data":"[Game 2250] Range: 2-9 | Median/Mean: 4.0 / 3.886 | Fail: 1.111%\n"}
,{"stream_name":"stdout","time":7644.693629062,"data":"[Game 2260] Range: 2-9 | Median/Mean: 4.0 / 3.889 | Fail: 1.150%\n"}
,{"stream_name":"stdout","time":7676.159590061,"data":"[Game 2270] Range: 2-9 | Median/Mean: 4.0 / 3.889 | Fail: 1.145%\n"}
,{"stream_name":"stdout","time":7703.882453264,"data":"[Game 2280] Range: 2-9 | Median/Mean: 4.0 / 3.889 | Fail: 1.140%\n"}
,{"stream_name":"stdout","time":7738.733058144,"data":"[Game 2290] Range: 2-9 | Median/Mean: 4.0 / 3.890 | Fail: 1.179%\n"}
,{"stream_name":"stdout","time":7767.153249599,"data":"[Game 2300] Range: 2-9 | Median/Mean: 4.0 / 3.888 | Fail: 1.174%\n"}
,{"stream_name":"stdout","time":7803.21773788,"data":"[Game 2310] Range: 2-9 | Median/Mean: 4.0 / 3.888 | Fail: 1.169%\n"}
,{"stream_name":"stdout","time":7825.566984606,"data":"Summary:\n"}
,{"stream_name":"stdout","time":7825.579652944,"data":"Distribution across steps:\n"}
,{"stream_name":"stdout","time":7825.588794684,"data":"Key Metrics:\n"}
,{"stream_name":"stderr","time":7829.207470942,"data":"/opt/conda/lib/python3.7/site-packages/traitlets/traitlets.py:2567: FutureWarning: --Exporter.preprocessors=[\"remove_papermill_header.RemovePapermillHeader\"] for containers is deprecated in traitlets 5.0. You can pass `--Exporter.preprocessors item` ... multiple times to add items to a list.\n"}
,{"stream_name":"stderr","time":7829.207520811,"data":"  FutureWarning,\n"}
,{"stream_name":"stderr","time":7829.207525071,"data":"[NbConvertApp] Converting notebook __notebook__.ipynb to notebook\n"}
,{"stream_name":"stderr","time":7829.555313788,"data":"[NbConvertApp] Writing 32958 bytes to __notebook__.ipynb\n"}
,{"stream_name":"stderr","time":7831.753902974,"data":"/opt/conda/lib/python3.7/site-packages/traitlets/traitlets.py:2567: FutureWarning: --Exporter.preprocessors=[\"nbconvert.preprocessors.ExtractOutputPreprocessor\"] for containers is deprecated in traitlets 5.0. You can pass `--Exporter.preprocessors item` ... multiple times to add items to a list.\n"}
,{"stream_name":"stderr","time":7831.753977744,"data":"  FutureWarning,\n"}
,{"stream_name":"stderr","time":7831.753982754,"data":"[NbConvertApp] Converting notebook __notebook__.ipynb to html\n"}
,{"stream_name":"stderr","time":7832.254912655,"data":"[NbConvertApp] Writing 308334 bytes to __results__.html\n"}
]