[{"stream_name":"stderr","time":12.408108263999999,"data":"/opt/conda/lib/python3.7/site-packages/papermill/iorw.py:50: FutureWarning: pyarrow.HadoopFileSystem is deprecated as of 2.0.0, please use pyarrow.fs.HadoopFileSystem instead.\n"}
,{"stream_name":"stderr","time":12.408185462,"data":"  from pyarrow import HadoopFileSystem\n"}
,{"stream_name":"stdout","time":13.738686406,"data":"[ ---------- NARES ----------]\n"}
,{"stream_name":"stdout","time":57.550874469,"data":"[Game 10] Range: 2-6 | Median/Mean: 4.5 / 4.000 | Fail: 0.000%\n"}
,{"stream_name":"stdout","time":99.381409275,"data":"[Game 20] Range: 2-6 | Median/Mean: 4.0 / 3.900 | Fail: 0.000%\n"}
,{"stream_name":"stdout","time":140.403496896,"data":"[Game 30] Range: 2-6 | Median/Mean: 4.0 / 3.933 | Fail: 0.000%\n"}
,{"stream_name":"stdout","time":190.585609451,"data":"[Game 40] Range: 2-6 | Median/Mean: 4.0 / 4.000 | Fail: 0.000%\n"}
,{"stream_name":"stdout","time":242.668083322,"data":"[Game 50] Range: 2-6 | Median/Mean: 4.0 / 4.080 | Fail: 0.000%\n"}
,{"stream_name":"stdout","time":285.23668146,"data":"[Game 60] Range: 2-6 | Median/Mean: 4.0 / 3.983 | Fail: 0.000%\n"}
,{"stream_name":"stdout","time":326.384360871,"data":"[Game 70] Range: 2-6 | Median/Mean: 4.0 / 4.029 | Fail: 0.000%\n"}
,{"stream_name":"stdout","time":373.2419198,"data":"[Game 80] Range: 2-6 | Median/Mean: 4.0 / 3.938 | Fail: 0.000%\n"}
,{"stream_name":"stdout","time":404.672224444,"data":"[Game 90] Range: 2-6 | Median/Mean: 4.0 / 3.956 | Fail: 0.000%\n"}
,{"stream_name":"stdout","time":444.791465998,"data":"[Game 100] Range: 2-6 | Median/Mean: 4.0 / 3.920 | Fail: 0.000%\n"}
,{"stream_name":"stdout","time":483.654808306,"data":"[Game 110] Range: 2-6 | Median/Mean: 4.0 / 3.891 | Fail: 0.000%\n"}
,{"stream_name":"stdout","time":550.031452499,"data":"[Game 120] Range: 2-7 | Median/Mean: 4.0 / 3.942 | Fail: 1.667%\n"}
,{"stream_name":"stdout","time":588.791066852,"data":"[Game 130] Range: 2-8 | Median/Mean: 4.0 / 3.962 | Fail: 2.308%\n"}
,{"stream_name":"stdout","time":646.713856429,"data":"[Game 140] Range: 2-8 | Median/Mean: 4.0 / 4.007 | Fail: 2.143%\n"}
,{"stream_name":"stdout","time":692.952477991,"data":"[Game 150] Range: 2-8 | Median/Mean: 4.0 / 3.987 | Fail: 2.000%\n"}
,{"stream_name":"stdout","time":727.817510877,"data":"[Game 160] Range: 2-8 | Median/Mean: 4.0 / 4.000 | Fail: 1.875%\n"}
,{"stream_name":"stdout","time":777.142285487,"data":"[Game 170] Range: 2-8 | Median/Mean: 4.0 / 4.006 | Fail: 1.765%\n"}
,{"stream_name":"stdout","time":815.463274048,"data":"[Game 180] Range: 2-8 | Median/Mean: 4.0 / 4.011 | Fail: 1.667%\n"}
,{"stream_name":"stdout","time":865.668686607,"data":"[Game 190] Range: 2-8 | Median/Mean: 4.0 / 4.037 | Fail: 1.579%\n"}
,{"stream_name":"stdout","time":906.889109082,"data":"[Game 200] Range: 2-8 | Median/Mean: 4.0 / 4.025 | Fail: 1.500%\n"}
,{"stream_name":"stdout","time":958.634959159,"data":"[Game 210] Range: 2-8 | Median/Mean: 4.0 / 4.038 | Fail: 1.429%\n"}
,{"stream_name":"stdout","time":998.063773637,"data":"[Game 220] Range: 2-8 | Median/Mean: 4.0 / 4.027 | Fail: 1.364%\n"}
,{"stream_name":"stdout","time":1040.051527055,"data":"[Game 230] Range: 2-8 | Median/Mean: 4.0 / 4.043 | Fail: 1.739%\n"}
,{"stream_name":"stdout","time":1101.105271638,"data":"[Game 240] Range: 2-8 | Median/Mean: 4.0 / 4.046 | Fail: 1.667%\n"}
,{"stream_name":"stdout","time":1159.035649504,"data":"[Game 250] Range: 2-8 | Median/Mean: 4.0 / 4.076 | Fail: 2.400%\n"}
,{"stream_name":"stdout","time":1212.175028912,"data":"[Game 260] Range: 2-8 | Median/Mean: 4.0 / 4.077 | Fail: 2.308%\n"}
,{"stream_name":"stdout","time":1243.907405832,"data":"[Game 270] Range: 2-8 | Median/Mean: 4.0 / 4.067 | Fail: 2.222%\n"}
,{"stream_name":"stdout","time":1289.316811052,"data":"[Game 280] Range: 2-8 | Median/Mean: 4.0 / 4.054 | Fail: 2.500%\n"}
,{"stream_name":"stdout","time":1337.65452362,"data":"[Game 290] Range: 2-8 | Median/Mean: 4.0 / 4.045 | Fail: 2.414%\n"}
,{"stream_name":"stdout","time":1366.350852121,"data":"[Game 300] Range: 2-8 | Median/Mean: 4.0 / 4.030 | Fail: 2.333%\n"}
,{"stream_name":"stdout","time":1413.852246884,"data":"[Game 310] Range: 2-8 | Median/Mean: 4.0 / 4.035 | Fail: 2.581%\n"}
,{"stream_name":"stdout","time":1456.779606791,"data":"[Game 320] Range: 2-8 | Median/Mean: 4.0 / 4.031 | Fail: 2.500%\n"}
,{"stream_name":"stdout","time":1495.594878896,"data":"[Game 330] Range: 2-8 | Median/Mean: 4.0 / 4.024 | Fail: 2.424%\n"}
,{"stream_name":"stdout","time":1536.898888396,"data":"[Game 340] Range: 2-8 | Median/Mean: 4.0 / 4.015 | Fail: 2.353%\n"}
,{"stream_name":"stdout","time":1575.560858807,"data":"[Game 350] Range: 2-8 | Median/Mean: 4.0 / 3.997 | Fail: 2.286%\n"}
,{"stream_name":"stdout","time":1624.102421845,"data":"[Game 360] Range: 2-8 | Median/Mean: 4.0 / 3.994 | Fail: 2.222%\n"}
,{"stream_name":"stdout","time":1679.022725875,"data":"[Game 370] Range: 2-8 | Median/Mean: 4.0 / 4.005 | Fail: 2.432%\n"}
,{"stream_name":"stdout","time":1721.613120221,"data":"[Game 380] Range: 2-8 | Median/Mean: 4.0 / 4.016 | Fail: 2.368%\n"}
,{"stream_name":"stdout","time":1766.971534645,"data":"[Game 390] Range: 2-8 | Median/Mean: 4.0 / 4.031 | Fail: 2.821%\n"}
,{"stream_name":"stdout","time":1817.390017813,"data":"[Game 400] Range: 2-8 | Median/Mean: 4.0 / 4.035 | Fail: 2.750%\n"}
,{"stream_name":"stdout","time":1866.78147359,"data":"[Game 410] Range: 2-8 | Median/Mean: 4.0 / 4.041 | Fail: 2.683%\n"}
,{"stream_name":"stdout","time":1927.09604699,"data":"[Game 420] Range: 2-8 | Median/Mean: 4.0 / 4.043 | Fail: 2.619%\n"}
,{"stream_name":"stdout","time":1975.673871631,"data":"[Game 430] Range: 2-8 | Median/Mean: 4.0 / 4.044 | Fail: 2.558%\n"}
,{"stream_name":"stdout","time":2019.792302423,"data":"[Game 440] Range: 2-8 | Median/Mean: 4.0 / 4.048 | Fail: 2.500%\n"}
,{"stream_name":"stdout","time":2057.321867598,"data":"[Game 450] Range: 2-8 | Median/Mean: 4.0 / 4.049 | Fail: 2.444%\n"}
,{"stream_name":"stdout","time":2106.32399521,"data":"[Game 460] Range: 2-8 | Median/Mean: 4.0 / 4.043 | Fail: 2.391%\n"}
,{"stream_name":"stdout","time":2159.013873856,"data":"[Game 470] Range: 2-8 | Median/Mean: 4.0 / 4.047 | Fail: 2.340%\n"}
,{"stream_name":"stdout","time":2218.414981103,"data":"[Game 480] Range: 2-8 | Median/Mean: 4.0 / 4.050 | Fail: 2.292%\n"}
,{"stream_name":"stdout","time":2266.320020954,"data":"[Game 490] Range: 2-8 | Median/Mean: 4.0 / 4.065 | Fail: 2.653%\n"}
,{"stream_name":"stdout","time":2310.59059366,"data":"[Game 500] Range: 2-8 | Median/Mean: 4.0 / 4.054 | Fail: 2.600%\n"}
,{"stream_name":"stdout","time":2349.520684661,"data":"[Game 510] Range: 2-8 | Median/Mean: 4.0 / 4.059 | Fail: 2.549%\n"}
,{"stream_name":"stdout","time":2388.112204432,"data":"[Game 520] Range: 2-8 | Median/Mean: 4.0 / 4.058 | Fail: 2.500%\n"}
,{"stream_name":"stdout","time":2438.092882919,"data":"[Game 530] Range: 2-8 | Median/Mean: 4.0 / 4.051 | Fail: 2.453%\n"}
,{"stream_name":"stdout","time":2490.070499042,"data":"[Game 540] Range: 2-8 | Median/Mean: 4.0 / 4.052 | Fail: 2.593%\n"}
,{"stream_name":"stdout","time":2540.508686115,"data":"[Game 550] Range: 2-8 | Median/Mean: 4.0 / 4.045 | Fail: 2.545%\n"}
,{"stream_name":"stdout","time":2593.307798089,"data":"[Game 560] Range: 2-8 | Median/Mean: 4.0 / 4.054 | Fail: 2.500%\n"}
,{"stream_name":"stdout","time":2638.12080542,"data":"[Game 570] Range: 2-8 | Median/Mean: 4.0 / 4.054 | Fail: 2.456%\n"}
,{"stream_name":"stdout","time":2690.800910511,"data":"[Game 580] Range: 2-8 | Median/Mean: 4.0 / 4.055 | Fail: 2.414%\n"}
,{"stream_name":"stdout","time":2739.106859194,"data":"[Game 590] Range: 2-8 | Median/Mean: 4.0 / 4.068 | Fail: 2.542%\n"}
,{"stream_name":"stdout","time":2783.31683771,"data":"[Game 600] Range: 2-8 | Median/Mean: 4.0 / 4.065 | Fail: 2.500%\n"}
,{"stream_name":"stdout","time":2825.759715421,"data":"[Game 610] Range: 2-8 | Median/Mean: 4.0 / 4.061 | Fail: 2.459%\n"}
,{"stream_name":"stdout","time":2862.293946045,"data":"[Game 620] Range: 2-8 | Median/Mean: 4.0 / 4.052 | Fail: 2.419%\n"}
,{"stream_name":"stdout","time":2904.439060608,"data":"[Game 630] Range: 2-8 | Median/Mean: 4.0 / 4.044 | Fail: 2.381%\n"}
,{"stream_name":"stdout","time":2935.531743397,"data":"[Game 640] Range: 2-8 | Median/Mean: 4.0 / 4.045 | Fail: 2.344%\n"}
,{"stream_name":"stdout","time":2983.264689797,"data":"[Game 650] Range: 2-8 | Median/Mean: 4.0 / 4.040 | Fail: 2.308%\n"}
,{"stream_name":"stdout","time":3013.690304417,"data":"[Game 660] Range: 2-8 | Median/Mean: 4.0 / 4.032 | Fail: 2.273%\n"}
,{"stream_name":"stdout","time":3056.774680379,"data":"[Game 670] Range: 2-8 | Median/Mean: 4.0 / 4.024 | Fail: 2.239%\n"}
,{"stream_name":"stdout","time":3097.799845584,"data":"[Game 680] Range: 2-8 | Median/Mean: 4.0 / 4.018 | Fail: 2.206%\n"}
,{"stream_name":"stdout","time":3143.17295113,"data":"[Game 690] Range: 2-8 | Median/Mean: 4.0 / 4.013 | Fail: 2.174%\n"}
,{"stream_name":"stdout","time":3189.187366081,"data":"[Game 700] Range: 2-8 | Median/Mean: 4.0 / 4.016 | Fail: 2.143%\n"}
,{"stream_name":"stdout","time":3241.517977845,"data":"[Game 710] Range: 2-8 | Median/Mean: 4.0 / 4.024 | Fail: 2.394%\n"}
,{"stream_name":"stdout","time":3298.46856334,"data":"[Game 720] Range: 2-8 | Median/Mean: 4.0 / 4.021 | Fail: 2.361%\n"}
,{"stream_name":"stdout","time":3326.945951357,"data":"[Game 730] Range: 2-8 | Median/Mean: 4.0 / 4.016 | Fail: 2.329%\n"}
,{"stream_name":"stdout","time":3382.415675708,"data":"[Game 740] Range: 2-8 | Median/Mean: 4.0 / 4.023 | Fail: 2.297%\n"}
,{"stream_name":"stdout","time":3434.601119548,"data":"[Game 750] Range: 2-8 | Median/Mean: 4.0 / 4.020 | Fail: 2.267%\n"}
,{"stream_name":"stdout","time":3480.435317804,"data":"[Game 760] Range: 2-8 | Median/Mean: 4.0 / 4.017 | Fail: 2.237%\n"}
,{"stream_name":"stdout","time":3526.367708691,"data":"[Game 770] Range: 2-8 | Median/Mean: 4.0 / 4.018 | Fail: 2.208%\n"}
,{"stream_name":"stdout","time":3573.702268225,"data":"[Game 780] Range: 2-8 | Median/Mean: 4.0 / 4.014 | Fail: 2.179%\n"}
,{"stream_name":"stdout","time":3623.575189008,"data":"[Game 790] Range: 2-8 | Median/Mean: 4.0 / 4.023 | Fail: 2.278%\n"}
,{"stream_name":"stdout","time":3663.157398678,"data":"[Game 800] Range: 2-8 | Median/Mean: 4.0 / 4.022 | Fail: 2.250%\n"}
,{"stream_name":"stdout","time":3704.491466781,"data":"[Game 810] Range: 2-8 | Median/Mean: 4.0 / 4.016 | Fail: 2.222%\n"}
,{"stream_name":"stdout","time":3751.706040213,"data":"[Game 820] Range: 2-8 | Median/Mean: 4.0 / 4.016 | Fail: 2.195%\n"}
,{"stream_name":"stdout","time":3792.684435722,"data":"[Game 830] Range: 2-8 | Median/Mean: 4.0 / 4.014 | Fail: 2.169%\n"}
,{"stream_name":"stdout","time":3840.656001442,"data":"[Game 840] Range: 2-9 | Median/Mean: 4.0 / 4.020 | Fail: 2.262%\n"}
,{"stream_name":"stdout","time":3887.457134946,"data":"[Game 850] Range: 2-9 | Median/Mean: 4.0 / 4.015 | Fail: 2.235%\n"}
,{"stream_name":"stdout","time":3941.892384615,"data":"[Game 860] Range: 2-9 | Median/Mean: 4.0 / 4.014 | Fail: 2.209%\n"}
,{"stream_name":"stdout","time":4002.216175635,"data":"[Game 870] Range: 2-9 | Median/Mean: 4.0 / 4.013 | Fail: 2.184%\n"}
,{"stream_name":"stdout","time":4056.574970957,"data":"[Game 880] Range: 2-9 | Median/Mean: 4.0 / 4.019 | Fail: 2.159%\n"}
,{"stream_name":"stdout","time":4103.024352206,"data":"[Game 890] Range: 2-9 | Median/Mean: 4.0 / 4.017 | Fail: 2.135%\n"}
,{"stream_name":"stdout","time":4162.043348073,"data":"[Game 900] Range: 2-9 | Median/Mean: 4.0 / 4.012 | Fail: 2.111%\n"}
,{"stream_name":"stdout","time":4190.51897578,"data":"[Game 910] Range: 2-9 | Median/Mean: 4.0 / 4.013 | Fail: 2.198%\n"}
,{"stream_name":"stdout","time":4237.705827685,"data":"[Game 920] Range: 2-9 | Median/Mean: 4.0 / 4.012 | Fail: 2.174%\n"}
,{"stream_name":"stdout","time":4300.894413487,"data":"[Game 930] Range: 2-9 | Median/Mean: 4.0 / 4.017 | Fail: 2.151%\n"}
,{"stream_name":"stdout","time":4331.913788061,"data":"[Game 940] Range: 2-9 | Median/Mean: 4.0 / 4.014 | Fail: 2.128%\n"}
,{"stream_name":"stdout","time":4378.287648227,"data":"[Game 950] Range: 2-9 | Median/Mean: 4.0 / 4.008 | Fail: 2.105%\n"}
,{"stream_name":"stdout","time":4424.584140458,"data":"[Game 960] Range: 2-9 | Median/Mean: 4.0 / 4.004 | Fail: 2.083%\n"}
,{"stream_name":"stdout","time":4463.691616142,"data":"[Game 970] Range: 2-9 | Median/Mean: 4.0 / 4.008 | Fail: 2.062%\n"}
,{"stream_name":"stdout","time":4494.460150124,"data":"[Game 980] Range: 2-9 | Median/Mean: 4.0 / 4.006 | Fail: 2.041%\n"}
,{"stream_name":"stdout","time":4540.954767469,"data":"[Game 990] Range: 2-9 | Median/Mean: 4.0 / 4.008 | Fail: 2.121%\n"}
,{"stream_name":"stdout","time":4592.377566819,"data":"[Game 1000] Range: 2-9 | Median/Mean: 4.0 / 4.011 | Fail: 2.100%\n"}
,{"stream_name":"stdout","time":4632.463484059,"data":"[Game 1010] Range: 2-9 | Median/Mean: 4.0 / 4.005 | Fail: 2.079%\n"}
,{"stream_name":"stdout","time":4668.1285992,"data":"[Game 1020] Range: 2-9 | Median/Mean: 4.0 / 4.001 | Fail: 2.059%\n"}
,{"stream_name":"stdout","time":4711.294654752,"data":"[Game 1030] Range: 2-9 | Median/Mean: 4.0 / 4.004 | Fail: 2.039%\n"}
,{"stream_name":"stdout","time":4755.77451271,"data":"[Game 1040] Range: 2-9 | Median/Mean: 4.0 / 4.003 | Fail: 2.115%\n"}
,{"stream_name":"stdout","time":4802.615769568,"data":"[Game 1050] Range: 2-9 | Median/Mean: 4.0 / 4.001 | Fail: 2.095%\n"}
,{"stream_name":"stdout","time":4849.457935197,"data":"[Game 1060] Range: 2-9 | Median/Mean: 4.0 / 4.003 | Fail: 2.075%\n"}
,{"stream_name":"stdout","time":4878.578641161,"data":"[Game 1070] Range: 2-9 | Median/Mean: 4.0 / 3.996 | Fail: 2.056%\n"}
,{"stream_name":"stdout","time":4929.465448947,"data":"[Game 1080] Range: 2-9 | Median/Mean: 4.0 / 3.992 | Fail: 2.037%\n"}
,{"stream_name":"stdout","time":4968.042528594,"data":"[Game 1090] Range: 2-9 | Median/Mean: 4.0 / 3.994 | Fail: 2.110%\n"}
,{"stream_name":"stdout","time":5022.638864082,"data":"[Game 1100] Range: 2-9 | Median/Mean: 4.0 / 3.995 | Fail: 2.091%\n"}
,{"stream_name":"stdout","time":5067.967595453,"data":"[Game 1110] Range: 2-9 | Median/Mean: 4.0 / 3.993 | Fail: 2.072%\n"}
,{"stream_name":"stdout","time":5106.187756453,"data":"[Game 1120] Range: 2-9 | Median/Mean: 4.0 / 3.990 | Fail: 2.054%\n"}
,{"stream_name":"stdout","time":5156.350577083,"data":"[Game 1130] Range: 2-9 | Median/Mean: 4.0 / 3.991 | Fail: 2.035%\n"}
,{"stream_name":"stdout","time":5205.004456792,"data":"[Game 1140] Range: 2-9 | Median/Mean: 4.0 / 3.995 | Fail: 2.193%\n"}
,{"stream_name":"stdout","time":5233.934256643,"data":"[Game 1150] Range: 2-9 | Median/Mean: 4.0 / 3.990 | Fail: 2.174%\n"}
,{"stream_name":"stdout","time":5275.41663863,"data":"[Game 1160] Range: 2-9 | Median/Mean: 4.0 / 3.991 | Fail: 2.155%\n"}
,{"stream_name":"stdout","time":5326.577455986,"data":"[Game 1170] Range: 2-9 | Median/Mean: 4.0 / 3.986 | Fail: 2.137%\n"}
,{"stream_name":"stdout","time":5364.745689013,"data":"[Game 1180] Range: 2-9 | Median/Mean: 4.0 / 3.986 | Fail: 2.119%\n"}
,{"stream_name":"stdout","time":5427.733837023,"data":"[Game 1190] Range: 2-9 | Median/Mean: 4.0 / 3.990 | Fail: 2.101%\n"}
,{"stream_name":"stdout","time":5468.740921939,"data":"[Game 1200] Range: 2-9 | Median/Mean: 4.0 / 3.984 | Fail: 2.083%\n"}
,{"stream_name":"stdout","time":5518.18175102,"data":"[Game 1210] Range: 2-9 | Median/Mean: 4.0 / 3.983 | Fail: 2.149%\n"}
,{"stream_name":"stdout","time":5567.783055597,"data":"[Game 1220] Range: 2-9 | Median/Mean: 4.0 / 3.982 | Fail: 2.131%\n"}
,{"stream_name":"stdout","time":5624.89235321,"data":"[Game 1230] Range: 2-9 | Median/Mean: 4.0 / 3.987 | Fail: 2.195%\n"}
,{"stream_name":"stdout","time":5676.853166245,"data":"[Game 1240] Range: 2-9 | Median/Mean: 4.0 / 3.986 | Fail: 2.177%\n"}
,{"stream_name":"stdout","time":5726.370281657,"data":"[Game 1250] Range: 2-9 | Median/Mean: 4.0 / 3.988 | Fail: 2.160%\n"}
,{"stream_name":"stdout","time":5774.158404994,"data":"[Game 1260] Range: 2-9 | Median/Mean: 4.0 / 3.995 | Fail: 2.302%\n"}
,{"stream_name":"stdout","time":5817.301629059,"data":"[Game 1270] Range: 2-9 | Median/Mean: 4.0 / 3.994 | Fail: 2.362%\n"}
,{"stream_name":"stdout","time":5847.236407848,"data":"[Game 1280] Range: 2-9 | Median/Mean: 4.0 / 3.988 | Fail: 2.344%\n"}
,{"stream_name":"stdout","time":5887.548007117,"data":"[Game 1290] Range: 2-9 | Median/Mean: 4.0 / 3.987 | Fail: 2.326%\n"}
,{"stream_name":"stdout","time":5929.570436876,"data":"[Game 1300] Range: 2-9 | Median/Mean: 4.0 / 3.987 | Fail: 2.308%\n"}
,{"stream_name":"stdout","time":5971.624229431,"data":"[Game 1310] Range: 2-9 | Median/Mean: 4.0 / 3.985 | Fail: 2.290%\n"}
,{"stream_name":"stdout","time":6023.908749073,"data":"[Game 1320] Range: 2-9 | Median/Mean: 4.0 / 3.986 | Fail: 2.348%\n"}
,{"stream_name":"stdout","time":6075.164760631,"data":"[Game 1330] Range: 2-9 | Median/Mean: 4.0 / 3.986 | Fail: 2.331%\n"}
,{"stream_name":"stdout","time":6136.837619731,"data":"[Game 1340] Range: 2-9 | Median/Mean: 4.0 / 3.990 | Fail: 2.313%\n"}
,{"stream_name":"stdout","time":6181.727256873,"data":"[Game 1350] Range: 2-9 | Median/Mean: 4.0 / 3.990 | Fail: 2.296%\n"}
,{"stream_name":"stdout","time":6227.500093236,"data":"[Game 1360] Range: 2-9 | Median/Mean: 4.0 / 3.993 | Fail: 2.279%\n"}
,{"stream_name":"stdout","time":6284.546682117,"data":"[Game 1370] Range: 2-9 | Median/Mean: 4.0 / 3.997 | Fail: 2.263%\n"}
,{"stream_name":"stdout","time":6323.093068406,"data":"[Game 1380] Range: 2-9 | Median/Mean: 4.0 / 3.996 | Fail: 2.246%\n"}
,{"stream_name":"stdout","time":6364.924142195,"data":"[Game 1390] Range: 2-9 | Median/Mean: 4.0 / 3.994 | Fail: 2.230%\n"}
,{"stream_name":"stdout","time":6406.993426998,"data":"[Game 1400] Range: 2-9 | Median/Mean: 4.0 / 3.996 | Fail: 2.286%\n"}
,{"stream_name":"stdout","time":6446.379805769,"data":"[Game 1410] Range: 2-9 | Median/Mean: 4.0 / 3.999 | Fail: 2.270%\n"}
,{"stream_name":"stdout","time":6491.363892355,"data":"[Game 1420] Range: 2-9 | Median/Mean: 4.0 / 3.998 | Fail: 2.254%\n"}
,{"stream_name":"stdout","time":6533.535500209,"data":"[Game 1430] Range: 2-9 | Median/Mean: 4.0 / 3.996 | Fail: 2.238%\n"}
,{"stream_name":"stdout","time":6589.908044163,"data":"[Game 1440] Range: 2-9 | Median/Mean: 4.0 / 3.999 | Fail: 2.292%\n"}
,{"stream_name":"stdout","time":6642.716846657,"data":"[Game 1450] Range: 2-9 | Median/Mean: 4.0 / 4.001 | Fail: 2.276%\n"}
,{"stream_name":"stdout","time":6686.330511675,"data":"[Game 1460] Range: 2-9 | Median/Mean: 4.0 / 4.002 | Fail: 2.260%\n"}
,{"stream_name":"stdout","time":6735.728931831,"data":"[Game 1470] Range: 2-9 | Median/Mean: 4.0 / 4.004 | Fail: 2.245%\n"}
,{"stream_name":"stdout","time":6771.64671337,"data":"[Game 1480] Range: 2-9 | Median/Mean: 4.0 / 4.001 | Fail: 2.230%\n"}
,{"stream_name":"stdout","time":6810.109686578,"data":"[Game 1490] Range: 2-9 | Median/Mean: 4.0 / 4.001 | Fail: 2.215%\n"}
,{"stream_name":"stdout","time":6863.961280748,"data":"[Game 1500] Range: 2-9 | Median/Mean: 4.0 / 4.001 | Fail: 2.200%\n"}
,{"stream_name":"stdout","time":6914.279594973,"data":"[Game 1510] Range: 2-9 | Median/Mean: 4.0 / 4.001 | Fail: 2.252%\n"}
,{"stream_name":"stdout","time":6965.706109339,"data":"[Game 1520] Range: 2-9 | Median/Mean: 4.0 / 4.001 | Fail: 2.237%\n"}
,{"stream_name":"stdout","time":7027.97210702,"data":"[Game 1530] Range: 2-9 | Median/Mean: 4.0 / 4.004 | Fail: 2.222%\n"}
,{"stream_name":"stdout","time":7077.106906504,"data":"[Game 1540] Range: 2-9 | Median/Mean: 4.0 / 4.005 | Fail: 2.208%\n"}
,{"stream_name":"stdout","time":7111.807336165,"data":"[Game 1550] Range: 2-9 | Median/Mean: 4.0 / 4.004 | Fail: 2.194%\n"}
,{"stream_name":"stdout","time":7159.798872353,"data":"[Game 1560] Range: 2-9 | Median/Mean: 4.0 / 4.001 | Fail: 2.179%\n"}
,{"stream_name":"stdout","time":7201.258579114,"data":"[Game 1570] Range: 2-9 | Median/Mean: 4.0 / 3.997 | Fail: 2.166%\n"}
,{"stream_name":"stdout","time":7252.512058864,"data":"[Game 1580] Range: 2-9 | Median/Mean: 4.0 / 3.995 | Fail: 2.152%\n"}
,{"stream_name":"stdout","time":7288.064020627,"data":"[Game 1590] Range: 2-9 | Median/Mean: 4.0 / 3.992 | Fail: 2.138%\n"}
,{"stream_name":"stdout","time":7319.643041148,"data":"[Game 1600] Range: 2-9 | Median/Mean: 4.0 / 3.989 | Fail: 2.188%\n"}
,{"stream_name":"stdout","time":7375.89474744,"data":"[Game 1610] Range: 2-9 | Median/Mean: 4.0 / 3.987 | Fail: 2.174%\n"}
,{"stream_name":"stdout","time":7419.131317522,"data":"[Game 1620] Range: 2-9 | Median/Mean: 4.0 / 3.988 | Fail: 2.160%\n"}
,{"stream_name":"stdout","time":7476.553676362,"data":"[Game 1630] Range: 2-9 | Median/Mean: 4.0 / 3.987 | Fail: 2.147%\n"}
,{"stream_name":"stdout","time":7517.394026782,"data":"[Game 1640] Range: 2-9 | Median/Mean: 4.0 / 3.984 | Fail: 2.134%\n"}
,{"stream_name":"stdout","time":7562.003342788,"data":"[Game 1650] Range: 2-9 | Median/Mean: 4.0 / 3.984 | Fail: 2.121%\n"}
,{"stream_name":"stdout","time":7618.108144426,"data":"[Game 1660] Range: 2-9 | Median/Mean: 4.0 / 3.987 | Fail: 2.108%\n"}
,{"stream_name":"stdout","time":7654.210558834,"data":"[Game 1670] Range: 2-9 | Median/Mean: 4.0 / 3.986 | Fail: 2.096%\n"}
,{"stream_name":"stdout","time":7698.577084809,"data":"[Game 1680] Range: 2-9 | Median/Mean: 4.0 / 3.986 | Fail: 2.083%\n"}
,{"stream_name":"stdout","time":7750.119366947,"data":"[Game 1690] Range: 2-9 | Median/Mean: 4.0 / 3.985 | Fail: 2.071%\n"}
,{"stream_name":"stdout","time":7792.970519791,"data":"[Game 1700] Range: 2-9 | Median/Mean: 4.0 / 3.986 | Fail: 2.059%\n"}
,{"stream_name":"stdout","time":7836.549090334,"data":"[Game 1710] Range: 2-9 | Median/Mean: 4.0 / 3.984 | Fail: 2.047%\n"}
,{"stream_name":"stdout","time":7869.149167813,"data":"[Game 1720] Range: 2-9 | Median/Mean: 4.0 / 3.983 | Fail: 2.035%\n"}
,{"stream_name":"stdout","time":7902.690830124,"data":"[Game 1730] Range: 2-9 | Median/Mean: 4.0 / 3.980 | Fail: 2.023%\n"}
,{"stream_name":"stdout","time":7954.346843697,"data":"[Game 1740] Range: 2-9 | Median/Mean: 4.0 / 3.982 | Fail: 2.069%\n"}
,{"stream_name":"stdout","time":7988.732477903,"data":"[Game 1750] Range: 2-9 | Median/Mean: 4.0 / 3.978 | Fail: 2.057%\n"}
,{"stream_name":"stdout","time":8026.034573666,"data":"[Game 1760] Range: 2-9 | Median/Mean: 4.0 / 3.977 | Fail: 2.045%\n"}
,{"stream_name":"stdout","time":8074.775771439,"data":"[Game 1770] Range: 2-9 | Median/Mean: 4.0 / 3.979 | Fail: 2.034%\n"}
,{"stream_name":"stdout","time":8126.357610066,"data":"[Game 1780] Range: 2-9 | Median/Mean: 4.0 / 3.981 | Fail: 2.022%\n"}
,{"stream_name":"stdout","time":8176.922740696,"data":"[Game 1790] Range: 2-9 | Median/Mean: 4.0 / 3.980 | Fail: 2.011%\n"}
,{"stream_name":"stdout","time":8212.357891757,"data":"[Game 1800] Range: 2-9 | Median/Mean: 4.0 / 3.978 | Fail: 2.000%\n"}
,{"stream_name":"stdout","time":8265.237265197,"data":"[Game 1810] Range: 2-9 | Median/Mean: 4.0 / 3.980 | Fail: 1.989%\n"}
,{"stream_name":"stdout","time":8312.789565028,"data":"[Game 1820] Range: 2-9 | Median/Mean: 4.0 / 3.979 | Fail: 1.978%\n"}
,{"stream_name":"stdout","time":8363.256292267,"data":"[Game 1830] Range: 2-9 | Median/Mean: 4.0 / 3.979 | Fail: 1.967%\n"}
,{"stream_name":"stdout","time":8394.84776565,"data":"[Game 1840] Range: 2-9 | Median/Mean: 4.0 / 3.978 | Fail: 1.957%\n"}
,{"stream_name":"stdout","time":8434.141876273,"data":"[Game 1850] Range: 2-9 | Median/Mean: 4.0 / 3.977 | Fail: 1.946%\n"}
,{"stream_name":"stdout","time":8458.142673864,"data":"[Game 1860] Range: 2-9 | Median/Mean: 4.0 / 3.976 | Fail: 1.935%\n"}
,{"stream_name":"stdout","time":8494.301391717,"data":"[Game 1870] Range: 2-9 | Median/Mean: 4.0 / 3.973 | Fail: 1.925%\n"}
,{"stream_name":"stdout","time":8556.388441367,"data":"[Game 1880] Range: 2-9 | Median/Mean: 4.0 / 3.979 | Fail: 2.074%\n"}
,{"stream_name":"stdout","time":8600.604328232,"data":"[Game 1890] Range: 2-9 | Median/Mean: 4.0 / 3.982 | Fail: 2.063%\n"}
,{"stream_name":"stdout","time":8657.81905982,"data":"[Game 1900] Range: 2-9 | Median/Mean: 4.0 / 3.985 | Fail: 2.053%\n"}
,{"stream_name":"stdout","time":8712.482461364,"data":"[Game 1910] Range: 2-9 | Median/Mean: 4.0 / 3.984 | Fail: 2.042%\n"}
,{"stream_name":"stdout","time":8754.574730359,"data":"[Game 1920] Range: 2-9 | Median/Mean: 4.0 / 3.983 | Fail: 2.031%\n"}
,{"stream_name":"stdout","time":8797.796283472,"data":"[Game 1930] Range: 2-9 | Median/Mean: 4.0 / 3.985 | Fail: 2.021%\n"}
,{"stream_name":"stdout","time":8838.050437006,"data":"[Game 1940] Range: 2-9 | Median/Mean: 4.0 / 3.986 | Fail: 2.010%\n"}
,{"stream_name":"stdout","time":8877.697945325,"data":"[Game 1950] Range: 2-9 | Median/Mean: 4.0 / 3.985 | Fail: 2.000%\n"}
,{"stream_name":"stdout","time":8937.000325385,"data":"[Game 1960] Range: 2-9 | Median/Mean: 4.0 / 3.989 | Fail: 2.041%\n"}
,{"stream_name":"stdout","time":8961.953509172,"data":"[Game 1970] Range: 2-9 | Median/Mean: 4.0 / 3.988 | Fail: 2.030%\n"}
,{"stream_name":"stdout","time":9000.168668305,"data":"[Game 1980] Range: 2-9 | Median/Mean: 4.0 / 3.988 | Fail: 2.020%\n"}
,{"stream_name":"stdout","time":9040.370216643,"data":"[Game 1990] Range: 2-9 | Median/Mean: 4.0 / 3.985 | Fail: 2.010%\n"}
,{"stream_name":"stdout","time":9095.04654556,"data":"[Game 2000] Range: 2-9 | Median/Mean: 4.0 / 3.986 | Fail: 2.050%\n"}
,{"stream_name":"stdout","time":9133.439289156,"data":"[Game 2010] Range: 2-9 | Median/Mean: 4.0 / 3.984 | Fail: 2.040%\n"}
,{"stream_name":"stdout","time":9186.969434361,"data":"[Game 2020] Range: 2-9 | Median/Mean: 4.0 / 3.985 | Fail: 2.030%\n"}
,{"stream_name":"stdout","time":9235.195777938,"data":"[Game 2030] Range: 2-9 | Median/Mean: 4.0 / 3.985 | Fail: 2.020%\n"}
,{"stream_name":"stdout","time":9262.831574802,"data":"[Game 2040] Range: 2-9 | Median/Mean: 4.0 / 3.985 | Fail: 2.010%\n"}
,{"stream_name":"stdout","time":9308.556847411,"data":"[Game 2050] Range: 2-9 | Median/Mean: 4.0 / 3.985 | Fail: 2.000%\n"}
,{"stream_name":"stdout","time":9342.817348323,"data":"[Game 2060] Range: 2-9 | Median/Mean: 4.0 / 3.984 | Fail: 1.990%\n"}
,{"stream_name":"stdout","time":9385.375933008,"data":"[Game 2070] Range: 2-9 | Median/Mean: 4.0 / 3.987 | Fail: 2.029%\n"}
,{"stream_name":"stdout","time":9441.660769844,"data":"[Game 2080] Range: 2-9 | Median/Mean: 4.0 / 3.989 | Fail: 2.019%\n"}
,{"stream_name":"stdout","time":9489.094931438,"data":"[Game 2090] Range: 2-9 | Median/Mean: 4.0 / 3.989 | Fail: 2.010%\n"}
,{"stream_name":"stdout","time":9531.2262012,"data":"[Game 2100] Range: 2-9 | Median/Mean: 4.0 / 3.992 | Fail: 2.048%\n"}
,{"stream_name":"stdout","time":9573.50529653,"data":"[Game 2110] Range: 2-9 | Median/Mean: 4.0 / 3.990 | Fail: 2.038%\n"}
,{"stream_name":"stdout","time":9619.543150008,"data":"[Game 2120] Range: 2-9 | Median/Mean: 4.0 / 3.989 | Fail: 2.028%\n"}
,{"stream_name":"stdout","time":9659.943643624,"data":"[Game 2130] Range: 2-9 | Median/Mean: 4.0 / 3.989 | Fail: 2.066%\n"}
,{"stream_name":"stdout","time":9691.776688772,"data":"[Game 2140] Range: 2-9 | Median/Mean: 4.0 / 3.989 | Fail: 2.103%\n"}
,{"stream_name":"stdout","time":9743.816148328,"data":"[Game 2150] Range: 2-9 | Median/Mean: 4.0 / 3.989 | Fail: 2.093%\n"}
,{"stream_name":"stdout","time":9793.445319865,"data":"[Game 2160] Range: 2-9 | Median/Mean: 4.0 / 3.991 | Fail: 2.130%\n"}
,{"stream_name":"stdout","time":9842.637875108,"data":"[Game 2170] Range: 2-9 | Median/Mean: 4.0 / 3.995 | Fail: 2.166%\n"}
,{"stream_name":"stdout","time":9896.684027809,"data":"[Game 2180] Range: 2-9 | Median/Mean: 4.0 / 3.997 | Fail: 2.202%\n"}
,{"stream_name":"stdout","time":9942.513670063,"data":"[Game 2190] Range: 2-9 | Median/Mean: 4.0 / 3.997 | Fail: 2.192%\n"}
,{"stream_name":"stdout","time":9998.519106051,"data":"[Game 2200] Range: 2-9 | Median/Mean: 4.0 / 3.995 | Fail: 2.182%\n"}
,{"stream_name":"stdout","time":10039.18534044,"data":"[Game 2210] Range: 2-9 | Median/Mean: 4.0 / 3.995 | Fail: 2.172%\n"}
,{"stream_name":"stdout","time":10097.840574537,"data":"[Game 2220] Range: 2-9 | Median/Mean: 4.0 / 3.999 | Fail: 2.162%\n"}
,{"stream_name":"stdout","time":10135.778788456,"data":"[Game 2230] Range: 2-9 | Median/Mean: 4.0 / 3.998 | Fail: 2.152%\n"}
,{"stream_name":"stdout","time":10175.946352433,"data":"[Game 2240] Range: 2-9 | Median/Mean: 4.0 / 3.996 | Fail: 2.188%\n"}
,{"stream_name":"stdout","time":10223.029465963,"data":"[Game 2250] Range: 2-9 | Median/Mean: 4.0 / 3.997 | Fail: 2.178%\n"}
,{"stream_name":"stdout","time":10266.402281486,"data":"[Game 2260] Range: 2-9 | Median/Mean: 4.0 / 3.998 | Fail: 2.212%\n"}
,{"stream_name":"stdout","time":10314.31677986,"data":"[Game 2270] Range: 2-9 | Median/Mean: 4.0 / 4.000 | Fail: 2.203%\n"}
,{"stream_name":"stdout","time":10358.831831025,"data":"[Game 2280] Range: 2-9 | Median/Mean: 4.0 / 4.001 | Fail: 2.193%\n"}
,{"stream_name":"stdout","time":10399.693334664,"data":"[Game 2290] Range: 2-9 | Median/Mean: 4.0 / 4.002 | Fail: 2.227%\n"}
,{"stream_name":"stdout","time":10435.56359295,"data":"[Game 2300] Range: 2-9 | Median/Mean: 4.0 / 4.001 | Fail: 2.217%\n"}
,{"stream_name":"stdout","time":10486.769137553,"data":"[Game 2310] Range: 2-9 | Median/Mean: 4.0 / 4.002 | Fail: 2.208%\n"}
,{"stream_name":"stdout","time":10510.053238239,"data":"Summary:\n"}
,{"stream_name":"stdout","time":10510.069974572,"data":"Distribution across steps:\n"}
,{"stream_name":"stdout","time":10510.076207496,"data":"Key Metrics:\n"}
,{"stream_name":"stderr","time":10514.045961977,"data":"/opt/conda/lib/python3.7/site-packages/traitlets/traitlets.py:2567: FutureWarning: --Exporter.preprocessors=[\"remove_papermill_header.RemovePapermillHeader\"] for containers is deprecated in traitlets 5.0. You can pass `--Exporter.preprocessors item` ... multiple times to add items to a list.\n"}
,{"stream_name":"stderr","time":10514.046202326,"data":"  FutureWarning,\n"}
,{"stream_name":"stderr","time":10514.04630262,"data":"[NbConvertApp] Converting notebook __notebook__.ipynb to notebook\n"}
,{"stream_name":"stderr","time":10514.428769377,"data":"[NbConvertApp] Writing 32964 bytes to __notebook__.ipynb\n"}
,{"stream_name":"stderr","time":10516.858375773,"data":"/opt/conda/lib/python3.7/site-packages/traitlets/traitlets.py:2567: FutureWarning: --Exporter.preprocessors=[\"nbconvert.preprocessors.ExtractOutputPreprocessor\"] for containers is deprecated in traitlets 5.0. You can pass `--Exporter.preprocessors item` ... multiple times to add items to a list.\n"}
,{"stream_name":"stderr","time":10516.85845678,"data":"  FutureWarning,\n"}
,{"stream_name":"stderr","time":10516.858465031,"data":"[NbConvertApp] Converting notebook __notebook__.ipynb to html\n"}
,{"stream_name":"stderr","time":10517.429399024,"data":"[NbConvertApp] Writing 308334 bytes to __results__.html\n"}
]