[{"stream_name":"stderr","time":14.757170211,"data":"/opt/conda/lib/python3.7/site-packages/papermill/iorw.py:50: FutureWarning: pyarrow.HadoopFileSystem is deprecated as of 2.0.0, please use pyarrow.fs.HadoopFileSystem instead.\n"}
,{"stream_name":"stderr","time":14.75725925,"data":"  from pyarrow import HadoopFileSystem\n"}
,{"stream_name":"stdout","time":16.590530202,"data":"[ ---------- TORES ----------]\n"}
,{"stream_name":"stdout","time":83.596528665,"data":"[Game 10] Range: 2-6 | Median/Mean: 4.5 / 4.200 | Fail: 0.000%\n"}
,{"stream_name":"stdout","time":136.642460904,"data":"[Game 20] Range: 2-6 | Median/Mean: 4.0 / 4.150 | Fail: 0.000%\n"}
,{"stream_name":"stdout","time":172.131391226,"data":"[Game 30] Range: 2-6 | Median/Mean: 4.0 / 4.067 | Fail: 0.000%\n"}
,{"stream_name":"stdout","time":221.472686246,"data":"[Game 40] Range: 2-6 | Median/Mean: 4.0 / 4.200 | Fail: 0.000%\n"}
,{"stream_name":"stdout","time":280.517402069,"data":"[Game 50] Range: 2-7 | Median/Mean: 4.0 / 4.220 | Fail: 2.000%\n"}
,{"stream_name":"stdout","time":321.232574834,"data":"[Game 60] Range: 2-7 | Median/Mean: 4.0 / 4.133 | Fail: 1.667%\n"}
,{"stream_name":"stdout","time":365.259273337,"data":"[Game 70] Range: 2-7 | Median/Mean: 4.0 / 4.100 | Fail: 1.429%\n"}
,{"stream_name":"stdout","time":393.441238499,"data":"[Game 80] Range: 2-7 | Median/Mean: 4.0 / 3.987 | Fail: 1.250%\n"}
,{"stream_name":"stdout","time":418.154848819,"data":"[Game 90] Range: 2-8 | Median/Mean: 4.0 / 4.000 | Fail: 2.222%\n"}
,{"stream_name":"stdout","time":456.215532023,"data":"[Game 100] Range: 2-8 | Median/Mean: 4.0 / 3.960 | Fail: 2.000%\n"}
,{"stream_name":"stdout","time":513.106724236,"data":"[Game 110] Range: 2-8 | Median/Mean: 4.0 / 3.927 | Fail: 1.818%\n"}
,{"stream_name":"stdout","time":566.625234529,"data":"[Game 120] Range: 2-8 | Median/Mean: 4.0 / 3.950 | Fail: 3.333%\n"}
,{"stream_name":"stdout","time":597.186370214,"data":"[Game 130] Range: 2-8 | Median/Mean: 4.0 / 3.938 | Fail: 3.077%\n"}
,{"stream_name":"stdout","time":640.330773415,"data":"[Game 140] Range: 2-8 | Median/Mean: 4.0 / 3.914 | Fail: 2.857%\n"}
,{"stream_name":"stdout","time":685.580774811,"data":"[Game 150] Range: 2-8 | Median/Mean: 4.0 / 3.907 | Fail: 2.667%\n"}
,{"stream_name":"stdout","time":722.439755037,"data":"[Game 160] Range: 2-8 | Median/Mean: 4.0 / 3.900 | Fail: 2.500%\n"}
,{"stream_name":"stdout","time":749.242317102,"data":"[Game 170] Range: 2-8 | Median/Mean: 4.0 / 3.894 | Fail: 2.353%\n"}
,{"stream_name":"stdout","time":789.587563176,"data":"[Game 180] Range: 2-8 | Median/Mean: 4.0 / 3.894 | Fail: 2.222%\n"}
,{"stream_name":"stdout","time":855.61427308,"data":"[Game 190] Range: 2-8 | Median/Mean: 4.0 / 3.911 | Fail: 2.105%\n"}
,{"stream_name":"stdout","time":886.623869811,"data":"[Game 200] Range: 2-8 | Median/Mean: 4.0 / 3.870 | Fail: 2.000%\n"}
,{"stream_name":"stdout","time":934.262118743,"data":"[Game 210] Range: 2-8 | Median/Mean: 4.0 / 3.871 | Fail: 1.905%\n"}
,{"stream_name":"stdout","time":978.910690941,"data":"[Game 220] Range: 2-8 | Median/Mean: 4.0 / 3.864 | Fail: 1.818%\n"}
,{"stream_name":"stdout","time":1019.984362996,"data":"[Game 230] Range: 2-8 | Median/Mean: 4.0 / 3.861 | Fail: 2.174%\n"}
,{"stream_name":"stdout","time":1086.289821722,"data":"[Game 240] Range: 2-8 | Median/Mean: 4.0 / 3.867 | Fail: 2.083%\n"}
,{"stream_name":"stdout","time":1141.575980287,"data":"[Game 250] Range: 2-8 | Median/Mean: 4.0 / 3.880 | Fail: 2.400%\n"}
,{"stream_name":"stdout","time":1183.742170436,"data":"[Game 260] Range: 2-8 | Median/Mean: 4.0 / 3.896 | Fail: 2.308%\n"}
,{"stream_name":"stdout","time":1215.978276142,"data":"[Game 270] Range: 2-8 | Median/Mean: 4.0 / 3.889 | Fail: 2.222%\n"}
,{"stream_name":"stdout","time":1248.397457815,"data":"[Game 280] Range: 2-8 | Median/Mean: 4.0 / 3.875 | Fail: 2.143%\n"}
,{"stream_name":"stdout","time":1297.718265271,"data":"[Game 290] Range: 2-8 | Median/Mean: 4.0 / 3.869 | Fail: 2.069%\n"}
,{"stream_name":"stdout","time":1334.130152165,"data":"[Game 300] Range: 2-8 | Median/Mean: 4.0 / 3.877 | Fail: 2.000%\n"}
,{"stream_name":"stdout","time":1401.678219036,"data":"[Game 310] Range: 2-8 | Median/Mean: 4.0 / 3.890 | Fail: 2.258%\n"}
,{"stream_name":"stdout","time":1435.248046814,"data":"[Game 320] Range: 2-8 | Median/Mean: 4.0 / 3.888 | Fail: 2.500%\n"}
,{"stream_name":"stdout","time":1469.269003929,"data":"[Game 330] Range: 2-8 | Median/Mean: 4.0 / 3.891 | Fail: 2.424%\n"}
,{"stream_name":"stdout","time":1519.024470217,"data":"[Game 340] Range: 2-8 | Median/Mean: 4.0 / 3.885 | Fail: 2.353%\n"}
,{"stream_name":"stdout","time":1568.777183335,"data":"[Game 350] Range: 2-8 | Median/Mean: 4.0 / 3.883 | Fail: 2.286%\n"}
,{"stream_name":"stdout","time":1608.485855218,"data":"[Game 360] Range: 2-8 | Median/Mean: 4.0 / 3.892 | Fail: 2.500%\n"}
,{"stream_name":"stdout","time":1638.931612843,"data":"[Game 370] Range: 2-8 | Median/Mean: 4.0 / 3.884 | Fail: 2.703%\n"}
,{"stream_name":"stdout","time":1682.521428217,"data":"[Game 380] Range: 2-8 | Median/Mean: 4.0 / 3.884 | Fail: 2.632%\n"}
,{"stream_name":"stdout","time":1731.664268173,"data":"[Game 390] Range: 2-8 | Median/Mean: 4.0 / 3.890 | Fail: 2.564%\n"}
,{"stream_name":"stdout","time":1791.843402795,"data":"[Game 400] Range: 2-8 | Median/Mean: 4.0 / 3.915 | Fail: 3.000%\n"}
,{"stream_name":"stdout","time":1853.111929365,"data":"[Game 410] Range: 2-8 | Median/Mean: 4.0 / 3.922 | Fail: 2.927%\n"}
,{"stream_name":"stdout","time":1895.401343369,"data":"[Game 420] Range: 2-8 | Median/Mean: 4.0 / 3.900 | Fail: 2.857%\n"}
,{"stream_name":"stdout","time":1945.025785033,"data":"[Game 430] Range: 2-8 | Median/Mean: 4.0 / 3.919 | Fail: 3.023%\n"}
,{"stream_name":"stdout","time":1996.602879446,"data":"[Game 440] Range: 2-8 | Median/Mean: 4.0 / 3.930 | Fail: 2.955%\n"}
,{"stream_name":"stdout","time":2027.067433092,"data":"[Game 450] Range: 2-8 | Median/Mean: 4.0 / 3.922 | Fail: 2.889%\n"}
,{"stream_name":"stdout","time":2088.019735089,"data":"[Game 460] Range: 2-8 | Median/Mean: 4.0 / 3.926 | Fail: 2.826%\n"}
,{"stream_name":"stdout","time":2123.009133689,"data":"[Game 470] Range: 2-8 | Median/Mean: 4.0 / 3.923 | Fail: 2.766%\n"}
,{"stream_name":"stdout","time":2161.862690988,"data":"[Game 480] Range: 2-8 | Median/Mean: 4.0 / 3.931 | Fail: 2.708%\n"}
,{"stream_name":"stdout","time":2216.682635545,"data":"[Game 490] Range: 2-8 | Median/Mean: 4.0 / 3.939 | Fail: 2.653%\n"}
,{"stream_name":"stdout","time":2257.205688864,"data":"[Game 500] Range: 2-8 | Median/Mean: 4.0 / 3.936 | Fail: 2.600%\n"}
,{"stream_name":"stdout","time":2315.224610682,"data":"[Game 510] Range: 2-8 | Median/Mean: 4.0 / 3.941 | Fail: 2.549%\n"}
,{"stream_name":"stdout","time":2363.846639841,"data":"[Game 520] Range: 2-8 | Median/Mean: 4.0 / 3.935 | Fail: 2.500%\n"}
,{"stream_name":"stdout","time":2413.026389069,"data":"[Game 530] Range: 2-8 | Median/Mean: 4.0 / 3.934 | Fail: 2.453%\n"}
,{"stream_name":"stdout","time":2469.644154556,"data":"[Game 540] Range: 2-8 | Median/Mean: 4.0 / 3.937 | Fail: 2.407%\n"}
,{"stream_name":"stdout","time":2514.821718648,"data":"[Game 550] Range: 2-8 | Median/Mean: 4.0 / 3.935 | Fail: 2.364%\n"}
,{"stream_name":"stdout","time":2583.68516062,"data":"[Game 560] Range: 2-8 | Median/Mean: 4.0 / 3.946 | Fail: 2.321%\n"}
,{"stream_name":"stdout","time":2629.95491877,"data":"[Game 570] Range: 2-8 | Median/Mean: 4.0 / 3.946 | Fail: 2.281%\n"}
,{"stream_name":"stdout","time":2660.303777509,"data":"[Game 580] Range: 2-8 | Median/Mean: 4.0 / 3.941 | Fail: 2.241%\n"}
,{"stream_name":"stdout","time":2723.33276477,"data":"[Game 590] Range: 2-8 | Median/Mean: 4.0 / 3.946 | Fail: 2.203%\n"}
,{"stream_name":"stdout","time":2769.718930583,"data":"[Game 600] Range: 2-8 | Median/Mean: 4.0 / 3.940 | Fail: 2.167%\n"}
,{"stream_name":"stdout","time":2816.682721203,"data":"[Game 610] Range: 2-8 | Median/Mean: 4.0 / 3.938 | Fail: 2.131%\n"}
,{"stream_name":"stdout","time":2865.818543621,"data":"[Game 620] Range: 2-8 | Median/Mean: 4.0 / 3.932 | Fail: 2.097%\n"}
,{"stream_name":"stdout","time":2922.021821006,"data":"[Game 630] Range: 2-8 | Median/Mean: 4.0 / 3.930 | Fail: 2.063%\n"}
,{"stream_name":"stdout","time":2988.490550859,"data":"[Game 640] Range: 2-8 | Median/Mean: 4.0 / 3.936 | Fail: 2.031%\n"}
,{"stream_name":"stdout","time":3049.097327089,"data":"[Game 650] Range: 2-8 | Median/Mean: 4.0 / 3.945 | Fail: 2.154%\n"}
,{"stream_name":"stdout","time":3110.236509735,"data":"[Game 660] Range: 2-8 | Median/Mean: 4.0 / 3.950 | Fail: 2.121%\n"}
,{"stream_name":"stdout","time":3160.833402487,"data":"[Game 670] Range: 2-8 | Median/Mean: 4.0 / 3.948 | Fail: 2.239%\n"}
,{"stream_name":"stdout","time":3210.508518674,"data":"[Game 680] Range: 2-8 | Median/Mean: 4.0 / 3.947 | Fail: 2.206%\n"}
,{"stream_name":"stdout","time":3257.189636896,"data":"[Game 690] Range: 2-8 | Median/Mean: 4.0 / 3.941 | Fail: 2.174%\n"}
,{"stream_name":"stdout","time":3309.038994207,"data":"[Game 700] Range: 2-8 | Median/Mean: 4.0 / 3.951 | Fail: 2.286%\n"}
,{"stream_name":"stdout","time":3350.57067198,"data":"[Game 710] Range: 2-8 | Median/Mean: 4.0 / 3.955 | Fail: 2.254%\n"}
,{"stream_name":"stdout","time":3413.624222499,"data":"[Game 720] Range: 2-8 | Median/Mean: 4.0 / 3.951 | Fail: 2.222%\n"}
,{"stream_name":"stdout","time":3457.167740168,"data":"[Game 730] Range: 2-8 | Median/Mean: 4.0 / 3.959 | Fail: 2.329%\n"}
,{"stream_name":"stdout","time":3512.406472783,"data":"[Game 740] Range: 2-8 | Median/Mean: 4.0 / 3.958 | Fail: 2.297%\n"}
,{"stream_name":"stdout","time":3560.772186088,"data":"[Game 750] Range: 2-8 | Median/Mean: 4.0 / 3.959 | Fail: 2.267%\n"}
,{"stream_name":"stdout","time":3626.546051205,"data":"[Game 760] Range: 2-8 | Median/Mean: 4.0 / 3.959 | Fail: 2.237%\n"}
,{"stream_name":"stdout","time":3683.766823205,"data":"[Game 770] Range: 2-8 | Median/Mean: 4.0 / 3.957 | Fail: 2.208%\n"}
,{"stream_name":"stdout","time":3741.467858242,"data":"[Game 780] Range: 2-8 | Median/Mean: 4.0 / 3.958 | Fail: 2.179%\n"}
,{"stream_name":"stdout","time":3802.435820335,"data":"[Game 790] Range: 2-8 | Median/Mean: 4.0 / 3.965 | Fail: 2.152%\n"}
,{"stream_name":"stdout","time":3851.19628822,"data":"[Game 800] Range: 2-8 | Median/Mean: 4.0 / 3.969 | Fail: 2.125%\n"}
,{"stream_name":"stdout","time":3884.054674615,"data":"[Game 810] Range: 2-8 | Median/Mean: 4.0 / 3.965 | Fail: 2.099%\n"}
,{"stream_name":"stdout","time":3936.032447534,"data":"[Game 820] Range: 2-8 | Median/Mean: 4.0 / 3.967 | Fail: 2.073%\n"}
,{"stream_name":"stdout","time":3994.701702202,"data":"[Game 830] Range: 2-8 | Median/Mean: 4.0 / 3.961 | Fail: 2.048%\n"}
,{"stream_name":"stdout","time":4046.846499252,"data":"[Game 840] Range: 2-8 | Median/Mean: 4.0 / 3.960 | Fail: 2.024%\n"}
,{"stream_name":"stdout","time":4100.401263797,"data":"[Game 850] Range: 2-8 | Median/Mean: 4.0 / 3.961 | Fail: 2.235%\n"}
,{"stream_name":"stdout","time":4169.254667825,"data":"[Game 860] Range: 2-8 | Median/Mean: 4.0 / 3.970 | Fail: 2.326%\n"}
,{"stream_name":"stdout","time":4210.949027513,"data":"[Game 870] Range: 2-8 | Median/Mean: 4.0 / 3.969 | Fail: 2.299%\n"}
,{"stream_name":"stdout","time":4255.592538507,"data":"[Game 880] Range: 2-8 | Median/Mean: 4.0 / 3.967 | Fail: 2.273%\n"}
,{"stream_name":"stdout","time":4295.951841186,"data":"[Game 890] Range: 2-8 | Median/Mean: 4.0 / 3.966 | Fail: 2.247%\n"}
,{"stream_name":"stdout","time":4344.649657788,"data":"[Game 900] Range: 2-8 | Median/Mean: 4.0 / 3.962 | Fail: 2.222%\n"}
,{"stream_name":"stdout","time":4384.585878073,"data":"[Game 910] Range: 2-8 | Median/Mean: 4.0 / 3.960 | Fail: 2.198%\n"}
,{"stream_name":"stdout","time":4443.561155975,"data":"[Game 920] Range: 2-8 | Median/Mean: 4.0 / 3.964 | Fail: 2.174%\n"}
,{"stream_name":"stdout","time":4500.096936585,"data":"[Game 930] Range: 2-8 | Median/Mean: 4.0 / 3.966 | Fail: 2.151%\n"}
,{"stream_name":"stdout","time":4537.254220033,"data":"[Game 940] Range: 2-8 | Median/Mean: 4.0 / 3.965 | Fail: 2.128%\n"}
,{"stream_name":"stdout","time":4595.425703145,"data":"[Game 950] Range: 2-8 | Median/Mean: 4.0 / 3.964 | Fail: 2.105%\n"}
,{"stream_name":"stdout","time":4633.597775397,"data":"[Game 960] Range: 2-8 | Median/Mean: 4.0 / 3.959 | Fail: 2.083%\n"}
,{"stream_name":"stdout","time":4692.003810903,"data":"[Game 970] Range: 2-8 | Median/Mean: 4.0 / 3.960 | Fail: 2.062%\n"}
,{"stream_name":"stdout","time":4738.729212614,"data":"[Game 980] Range: 2-8 | Median/Mean: 4.0 / 3.957 | Fail: 2.041%\n"}
,{"stream_name":"stdout","time":4769.990986056,"data":"[Game 990] Range: 2-8 | Median/Mean: 4.0 / 3.954 | Fail: 2.020%\n"}
,{"stream_name":"stdout","time":4815.701753741,"data":"[Game 1000] Range: 2-8 | Median/Mean: 4.0 / 3.957 | Fail: 2.100%\n"}
,{"stream_name":"stdout","time":4855.517920834,"data":"[Game 1010] Range: 2-8 | Median/Mean: 4.0 / 3.956 | Fail: 2.079%\n"}
,{"stream_name":"stdout","time":4908.556796144,"data":"[Game 1020] Range: 2-8 | Median/Mean: 4.0 / 3.952 | Fail: 2.059%\n"}
,{"stream_name":"stdout","time":4960.066038461,"data":"[Game 1030] Range: 2-8 | Median/Mean: 4.0 / 3.952 | Fail: 2.039%\n"}
,{"stream_name":"stdout","time":5003.382652524,"data":"[Game 1040] Range: 2-8 | Median/Mean: 4.0 / 3.948 | Fail: 2.019%\n"}
,{"stream_name":"stdout","time":5071.181884427,"data":"[Game 1050] Range: 2-8 | Median/Mean: 4.0 / 3.946 | Fail: 2.000%\n"}
,{"stream_name":"stdout","time":5128.658211271,"data":"[Game 1060] Range: 2-8 | Median/Mean: 4.0 / 3.948 | Fail: 1.981%\n"}
,{"stream_name":"stdout","time":5183.0203055,"data":"[Game 1070] Range: 2-8 | Median/Mean: 4.0 / 3.944 | Fail: 1.963%\n"}
,{"stream_name":"stdout","time":5225.807530259,"data":"[Game 1080] Range: 2-8 | Median/Mean: 4.0 / 3.937 | Fail: 1.944%\n"}
,{"stream_name":"stdout","time":5290.819803198,"data":"[Game 1090] Range: 2-8 | Median/Mean: 4.0 / 3.945 | Fail: 2.018%\n"}
,{"stream_name":"stdout","time":5350.44891524,"data":"[Game 1100] Range: 2-8 | Median/Mean: 4.0 / 3.945 | Fail: 2.091%\n"}
,{"stream_name":"stdout","time":5389.091630443,"data":"[Game 1110] Range: 2-8 | Median/Mean: 4.0 / 3.942 | Fail: 2.072%\n"}
,{"stream_name":"stdout","time":5426.644015534,"data":"[Game 1120] Range: 2-8 | Median/Mean: 4.0 / 3.938 | Fail: 2.054%\n"}
,{"stream_name":"stdout","time":5468.051990893,"data":"[Game 1130] Range: 2-8 | Median/Mean: 4.0 / 3.934 | Fail: 2.035%\n"}
,{"stream_name":"stdout","time":5518.962687958,"data":"[Game 1140] Range: 2-8 | Median/Mean: 4.0 / 3.937 | Fail: 2.105%\n"}
,{"stream_name":"stdout","time":5552.481976241,"data":"[Game 1150] Range: 2-8 | Median/Mean: 4.0 / 3.936 | Fail: 2.087%\n"}
,{"stream_name":"stdout","time":5605.410784652,"data":"[Game 1160] Range: 2-8 | Median/Mean: 4.0 / 3.937 | Fail: 2.069%\n"}
,{"stream_name":"stdout","time":5661.257233472,"data":"[Game 1170] Range: 2-8 | Median/Mean: 4.0 / 3.935 | Fail: 2.051%\n"}
,{"stream_name":"stdout","time":5705.210913741,"data":"[Game 1180] Range: 2-8 | Median/Mean: 4.0 / 3.937 | Fail: 2.034%\n"}
,{"stream_name":"stdout","time":5749.105903705,"data":"[Game 1190] Range: 2-8 | Median/Mean: 4.0 / 3.938 | Fail: 2.017%\n"}
,{"stream_name":"stdout","time":5803.706342499,"data":"[Game 1200] Range: 2-8 | Median/Mean: 4.0 / 3.932 | Fail: 2.000%\n"}
,{"stream_name":"stdout","time":5849.417041689,"data":"[Game 1210] Range: 2-8 | Median/Mean: 4.0 / 3.930 | Fail: 1.983%\n"}
,{"stream_name":"stdout","time":5888.435702229,"data":"[Game 1220] Range: 2-8 | Median/Mean: 4.0 / 3.934 | Fail: 1.967%\n"}
,{"stream_name":"stdout","time":5939.898362074,"data":"[Game 1230] Range: 2-8 | Median/Mean: 4.0 / 3.932 | Fail: 1.951%\n"}
,{"stream_name":"stdout","time":5998.514562185,"data":"[Game 1240] Range: 2-8 | Median/Mean: 4.0 / 3.929 | Fail: 1.935%\n"}
,{"stream_name":"stdout","time":6059.851755656,"data":"[Game 1250] Range: 2-8 | Median/Mean: 4.0 / 3.927 | Fail: 1.920%\n"}
,{"stream_name":"stdout","time":6112.860825845,"data":"[Game 1260] Range: 2-8 | Median/Mean: 4.0 / 3.929 | Fail: 1.984%\n"}
,{"stream_name":"stdout","time":6177.820568386,"data":"[Game 1270] Range: 2-8 | Median/Mean: 4.0 / 3.932 | Fail: 1.969%\n"}
,{"stream_name":"stdout","time":6224.493709142,"data":"[Game 1280] Range: 2-8 | Median/Mean: 4.0 / 3.933 | Fail: 1.953%\n"}
,{"stream_name":"stdout","time":6266.850535081,"data":"[Game 1290] Range: 2-8 | Median/Mean: 4.0 / 3.932 | Fail: 1.938%\n"}
,{"stream_name":"stdout","time":6309.659779752,"data":"[Game 1300] Range: 2-8 | Median/Mean: 4.0 / 3.930 | Fail: 1.923%\n"}
,{"stream_name":"stdout","time":6342.175568567,"data":"[Game 1310] Range: 2-8 | Median/Mean: 4.0 / 3.933 | Fail: 1.908%\n"}
,{"stream_name":"stdout","time":6399.829477849,"data":"[Game 1320] Range: 2-8 | Median/Mean: 4.0 / 3.933 | Fail: 1.894%\n"}
,{"stream_name":"stdout","time":6450.178389251,"data":"[Game 1330] Range: 2-8 | Median/Mean: 4.0 / 3.931 | Fail: 1.880%\n"}
,{"stream_name":"stdout","time":6521.932488773,"data":"[Game 1340] Range: 2-8 | Median/Mean: 4.0 / 3.936 | Fail: 1.940%\n"}
,{"stream_name":"stdout","time":6575.572170507,"data":"[Game 1350] Range: 2-8 | Median/Mean: 4.0 / 3.936 | Fail: 1.926%\n"}
,{"stream_name":"stdout","time":6631.231644017,"data":"[Game 1360] Range: 2-8 | Median/Mean: 4.0 / 3.941 | Fail: 1.912%\n"}
,{"stream_name":"stdout","time":6691.923780888,"data":"[Game 1370] Range: 2-8 | Median/Mean: 4.0 / 3.945 | Fail: 1.898%\n"}
,{"stream_name":"stdout","time":6740.003428704,"data":"[Game 1380] Range: 2-8 | Median/Mean: 4.0 / 3.943 | Fail: 1.957%\n"}
,{"stream_name":"stdout","time":6786.670701757,"data":"[Game 1390] Range: 2-8 | Median/Mean: 4.0 / 3.942 | Fail: 1.942%\n"}
,{"stream_name":"stdout","time":6814.622599009,"data":"[Game 1400] Range: 2-8 | Median/Mean: 4.0 / 3.941 | Fail: 1.929%\n"}
,{"stream_name":"stdout","time":6857.09475989,"data":"[Game 1410] Range: 2-8 | Median/Mean: 4.0 / 3.943 | Fail: 1.915%\n"}
,{"stream_name":"stdout","time":6894.724825551,"data":"[Game 1420] Range: 2-8 | Median/Mean: 4.0 / 3.941 | Fail: 1.901%\n"}
,{"stream_name":"stdout","time":6944.36068798,"data":"[Game 1430] Range: 2-8 | Median/Mean: 4.0 / 3.942 | Fail: 1.888%\n"}
,{"stream_name":"stdout","time":7009.318170972,"data":"[Game 1440] Range: 2-9 | Median/Mean: 4.0 / 3.947 | Fail: 1.944%\n"}
,{"stream_name":"stdout","time":7064.138410636,"data":"[Game 1450] Range: 2-9 | Median/Mean: 4.0 / 3.950 | Fail: 2.000%\n"}
,{"stream_name":"stdout","time":7112.805825176,"data":"[Game 1460] Range: 2-9 | Median/Mean: 4.0 / 3.947 | Fail: 1.986%\n"}
,{"stream_name":"stdout","time":7174.56516329,"data":"[Game 1470] Range: 2-9 | Median/Mean: 4.0 / 3.948 | Fail: 1.973%\n"}
,{"stream_name":"stdout","time":7225.497835079,"data":"[Game 1480] Range: 2-9 | Median/Mean: 4.0 / 3.947 | Fail: 1.959%\n"}
,{"stream_name":"stdout","time":7279.183853537,"data":"[Game 1490] Range: 2-9 | Median/Mean: 4.0 / 3.946 | Fail: 1.946%\n"}
,{"stream_name":"stdout","time":7324.104508972,"data":"[Game 1500] Range: 2-9 | Median/Mean: 4.0 / 3.945 | Fail: 1.933%\n"}
,{"stream_name":"stdout","time":7384.64606655,"data":"[Game 1510] Range: 2-9 | Median/Mean: 4.0 / 3.943 | Fail: 1.921%\n"}
,{"stream_name":"stdout","time":7406.961112174,"data":"[Game 1520] Range: 2-9 | Median/Mean: 4.0 / 3.940 | Fail: 1.908%\n"}
,{"stream_name":"stdout","time":7473.081871377,"data":"[Game 1530] Range: 2-9 | Median/Mean: 4.0 / 3.941 | Fail: 1.895%\n"}
,{"stream_name":"stdout","time":7540.418695402,"data":"[Game 1540] Range: 2-9 | Median/Mean: 4.0 / 3.941 | Fail: 1.883%\n"}
,{"stream_name":"stdout","time":7597.728431976,"data":"[Game 1550] Range: 2-9 | Median/Mean: 4.0 / 3.940 | Fail: 1.871%\n"}
,{"stream_name":"stdout","time":7638.969759022,"data":"[Game 1560] Range: 2-9 | Median/Mean: 4.0 / 3.940 | Fail: 1.859%\n"}
,{"stream_name":"stdout","time":7683.284039626,"data":"[Game 1570] Range: 2-9 | Median/Mean: 4.0 / 3.939 | Fail: 1.911%\n"}
,{"stream_name":"stdout","time":7739.39185801,"data":"[Game 1580] Range: 2-9 | Median/Mean: 4.0 / 3.939 | Fail: 1.962%\n"}
,{"stream_name":"stdout","time":7794.247737564,"data":"[Game 1590] Range: 2-9 | Median/Mean: 4.0 / 3.938 | Fail: 1.950%\n"}
,{"stream_name":"stdout","time":7845.838124394,"data":"[Game 1600] Range: 2-9 | Median/Mean: 4.0 / 3.936 | Fail: 1.938%\n"}
,{"stream_name":"stdout","time":7908.787222653,"data":"[Game 1610] Range: 2-9 | Median/Mean: 4.0 / 3.937 | Fail: 1.925%\n"}
,{"stream_name":"stdout","time":7953.727532524,"data":"[Game 1620] Range: 2-9 | Median/Mean: 4.0 / 3.935 | Fail: 1.914%\n"}
,{"stream_name":"stdout","time":8003.275488876,"data":"[Game 1630] Range: 2-9 | Median/Mean: 4.0 / 3.936 | Fail: 1.963%\n"}
,{"stream_name":"stdout","time":8029.550971759,"data":"[Game 1640] Range: 2-9 | Median/Mean: 4.0 / 3.934 | Fail: 1.951%\n"}
,{"stream_name":"stdout","time":8083.774214624,"data":"[Game 1650] Range: 2-9 | Median/Mean: 4.0 / 3.936 | Fail: 1.939%\n"}
,{"stream_name":"stdout","time":8144.419045806,"data":"[Game 1660] Range: 2-9 | Median/Mean: 4.0 / 3.939 | Fail: 1.928%\n"}
,{"stream_name":"stdout","time":8189.925068218,"data":"[Game 1670] Range: 2-9 | Median/Mean: 4.0 / 3.941 | Fail: 1.916%\n"}
,{"stream_name":"stdout","time":8245.211605823,"data":"[Game 1680] Range: 2-9 | Median/Mean: 4.0 / 3.943 | Fail: 1.964%\n"}
,{"stream_name":"stdout","time":8295.456141338,"data":"[Game 1690] Range: 2-9 | Median/Mean: 4.0 / 3.944 | Fail: 1.953%\n"}
,{"stream_name":"stdout","time":8343.200296453,"data":"[Game 1700] Range: 2-9 | Median/Mean: 4.0 / 3.945 | Fail: 1.941%\n"}
,{"stream_name":"stdout","time":8395.023412325,"data":"[Game 1710] Range: 2-9 | Median/Mean: 4.0 / 3.944 | Fail: 1.930%\n"}
,{"stream_name":"stdout","time":8436.748053648,"data":"[Game 1720] Range: 2-9 | Median/Mean: 4.0 / 3.943 | Fail: 1.919%\n"}
,{"stream_name":"stdout","time":8493.192627236,"data":"[Game 1730] Range: 2-9 | Median/Mean: 4.0 / 3.944 | Fail: 1.965%\n"}
,{"stream_name":"stdout","time":8555.522876604,"data":"[Game 1740] Range: 2-9 | Median/Mean: 4.0 / 3.946 | Fail: 2.011%\n"}
,{"stream_name":"stdout","time":8619.013083744,"data":"[Game 1750] Range: 2-9 | Median/Mean: 4.0 / 3.945 | Fail: 2.000%\n"}
,{"stream_name":"stdout","time":8656.840597519,"data":"[Game 1760] Range: 2-9 | Median/Mean: 4.0 / 3.943 | Fail: 1.989%\n"}
,{"stream_name":"stdout","time":8712.221624673,"data":"[Game 1770] Range: 2-9 | Median/Mean: 4.0 / 3.940 | Fail: 1.977%\n"}
,{"stream_name":"stdout","time":8761.206047055,"data":"[Game 1780] Range: 2-9 | Median/Mean: 4.0 / 3.942 | Fail: 1.966%\n"}
,{"stream_name":"stdout","time":8799.043345854,"data":"[Game 1790] Range: 2-9 | Median/Mean: 4.0 / 3.940 | Fail: 1.955%\n"}
,{"stream_name":"stdout","time":8845.210398627,"data":"[Game 1800] Range: 2-9 | Median/Mean: 4.0 / 3.940 | Fail: 1.944%\n"}
,{"stream_name":"stdout","time":8887.139897571,"data":"[Game 1810] Range: 2-9 | Median/Mean: 4.0 / 3.937 | Fail: 1.934%\n"}
,{"stream_name":"stdout","time":8936.079928418,"data":"[Game 1820] Range: 2-9 | Median/Mean: 4.0 / 3.936 | Fail: 1.923%\n"}
,{"stream_name":"stdout","time":8980.289680992,"data":"[Game 1830] Range: 2-9 | Median/Mean: 4.0 / 3.937 | Fail: 1.913%\n"}
,{"stream_name":"stdout","time":9009.558717378,"data":"[Game 1840] Range: 2-9 | Median/Mean: 4.0 / 3.934 | Fail: 1.902%\n"}
,{"stream_name":"stdout","time":9053.535387401,"data":"[Game 1850] Range: 2-9 | Median/Mean: 4.0 / 3.934 | Fail: 1.892%\n"}
,{"stream_name":"stdout","time":9082.72959608,"data":"[Game 1860] Range: 2-9 | Median/Mean: 4.0 / 3.937 | Fail: 1.882%\n"}
,{"stream_name":"stdout","time":9115.369216125,"data":"[Game 1870] Range: 2-9 | Median/Mean: 4.0 / 3.933 | Fail: 1.872%\n"}
,{"stream_name":"stdout","time":9168.130700092,"data":"[Game 1880] Range: 2-9 | Median/Mean: 4.0 / 3.933 | Fail: 1.968%\n"}
,{"stream_name":"stdout","time":9222.646036233,"data":"[Game 1890] Range: 2-9 | Median/Mean: 4.0 / 3.934 | Fail: 1.958%\n"}
,{"stream_name":"stdout","time":9282.62058151,"data":"[Game 1900] Range: 2-9 | Median/Mean: 4.0 / 3.937 | Fail: 1.947%\n"}
,{"stream_name":"stdout","time":9340.250160713,"data":"[Game 1910] Range: 2-9 | Median/Mean: 4.0 / 3.937 | Fail: 1.937%\n"}
,{"stream_name":"stdout","time":9374.379531175,"data":"[Game 1920] Range: 2-9 | Median/Mean: 4.0 / 3.936 | Fail: 1.927%\n"}
,{"stream_name":"stdout","time":9428.745592323,"data":"[Game 1930] Range: 2-9 | Median/Mean: 4.0 / 3.935 | Fail: 1.917%\n"}
,{"stream_name":"stdout","time":9434.072910873,"data":"[Game 1940] Range: 2-9 | Median/Mean: 4.0 / 3.932 | Fail: 1.907%\n"}
,{"stream_name":"stdout","time":9495.885401554,"data":"[Game 1950] Range: 2-9 | Median/Mean: 4.0 / 3.933 | Fail: 1.949%\n"}
,{"stream_name":"stdout","time":9548.725612507,"data":"[Game 1960] Range: 2-9 | Median/Mean: 4.0 / 3.935 | Fail: 1.939%\n"}
,{"stream_name":"stdout","time":9594.713921668,"data":"[Game 1970] Range: 2-9 | Median/Mean: 4.0 / 3.937 | Fail: 1.929%\n"}
,{"stream_name":"stdout","time":9646.365134507,"data":"[Game 1980] Range: 2-9 | Median/Mean: 4.0 / 3.939 | Fail: 1.919%\n"}
,{"stream_name":"stdout","time":9675.967783554,"data":"[Game 1990] Range: 2-9 | Median/Mean: 4.0 / 3.938 | Fail: 1.960%\n"}
,{"stream_name":"stdout","time":9724.622933506,"data":"[Game 2000] Range: 2-9 | Median/Mean: 4.0 / 3.938 | Fail: 1.950%\n"}
,{"stream_name":"stdout","time":9779.780329041,"data":"[Game 2010] Range: 2-9 | Median/Mean: 4.0 / 3.935 | Fail: 1.940%\n"}
,{"stream_name":"stdout","time":9824.952988661,"data":"[Game 2020] Range: 2-9 | Median/Mean: 4.0 / 3.936 | Fail: 1.980%\n"}
,{"stream_name":"stdout","time":9878.030158705,"data":"[Game 2030] Range: 2-9 | Median/Mean: 4.0 / 3.937 | Fail: 1.970%\n"}
,{"stream_name":"stdout","time":9922.646287661,"data":"[Game 2040] Range: 2-9 | Median/Mean: 4.0 / 3.935 | Fail: 1.961%\n"}
,{"stream_name":"stdout","time":9979.43020746,"data":"[Game 2050] Range: 2-9 | Median/Mean: 4.0 / 3.933 | Fail: 1.951%\n"}
,{"stream_name":"stdout","time":10031.429981658,"data":"[Game 2060] Range: 2-9 | Median/Mean: 4.0 / 3.933 | Fail: 1.942%\n"}
,{"stream_name":"stdout","time":10075.425632638,"data":"[Game 2070] Range: 2-9 | Median/Mean: 4.0 / 3.936 | Fail: 1.981%\n"}
,{"stream_name":"stdout","time":10130.003284557,"data":"[Game 2080] Range: 2-9 | Median/Mean: 4.0 / 3.937 | Fail: 1.971%\n"}
,{"stream_name":"stdout","time":10174.308816721,"data":"[Game 2090] Range: 2-9 | Median/Mean: 4.0 / 3.936 | Fail: 1.962%\n"}
,{"stream_name":"stdout","time":10223.035485891,"data":"[Game 2100] Range: 2-9 | Median/Mean: 4.0 / 3.937 | Fail: 1.952%\n"}
,{"stream_name":"stdout","time":10263.157482244,"data":"[Game 2110] Range: 2-9 | Median/Mean: 4.0 / 3.935 | Fail: 1.943%\n"}
,{"stream_name":"stdout","time":10320.220638223,"data":"[Game 2120] Range: 2-9 | Median/Mean: 4.0 / 3.937 | Fail: 1.981%\n"}
,{"stream_name":"stdout","time":10390.81374488,"data":"[Game 2130] Range: 2-9 | Median/Mean: 4.0 / 3.938 | Fail: 1.972%\n"}
,{"stream_name":"stdout","time":10441.946336711,"data":"[Game 2140] Range: 2-9 | Median/Mean: 4.0 / 3.940 | Fail: 2.009%\n"}
,{"stream_name":"stdout","time":10501.001848948,"data":"[Game 2150] Range: 2-9 | Median/Mean: 4.0 / 3.941 | Fail: 2.047%\n"}
,{"stream_name":"stdout","time":10545.343288006,"data":"[Game 2160] Range: 2-9 | Median/Mean: 4.0 / 3.939 | Fail: 2.037%\n"}
,{"stream_name":"stdout","time":10601.268191285,"data":"[Game 2170] Range: 2-9 | Median/Mean: 4.0 / 3.942 | Fail: 2.074%\n"}
,{"stream_name":"stdout","time":10647.788284194,"data":"[Game 2180] Range: 2-9 | Median/Mean: 4.0 / 3.941 | Fail: 2.064%\n"}
,{"stream_name":"stdout","time":10698.249764059,"data":"[Game 2190] Range: 2-9 | Median/Mean: 4.0 / 3.940 | Fail: 2.055%\n"}
,{"stream_name":"stdout","time":10765.725692874,"data":"[Game 2200] Range: 2-9 | Median/Mean: 4.0 / 3.941 | Fail: 2.045%\n"}
,{"stream_name":"stdout","time":10831.710871012,"data":"[Game 2210] Range: 2-9 | Median/Mean: 4.0 / 3.942 | Fail: 2.036%\n"}
,{"stream_name":"stdout","time":10895.264605679,"data":"[Game 2220] Range: 2-9 | Median/Mean: 4.0 / 3.945 | Fail: 2.117%\n"}
,{"stream_name":"stdout","time":10930.104369603,"data":"[Game 2230] Range: 2-9 | Median/Mean: 4.0 / 3.947 | Fail: 2.152%\n"}
,{"stream_name":"stdout","time":10952.644521723,"data":"[Game 2240] Range: 2-9 | Median/Mean: 4.0 / 3.946 | Fail: 2.143%\n"}
,{"stream_name":"stdout","time":10994.074550527,"data":"[Game 2250] Range: 2-9 | Median/Mean: 4.0 / 3.946 | Fail: 2.133%\n"}
,{"stream_name":"stdout","time":11055.200602651,"data":"[Game 2260] Range: 2-9 | Median/Mean: 4.0 / 3.947 | Fail: 2.124%\n"}
,{"stream_name":"stdout","time":11101.950078958,"data":"[Game 2270] Range: 2-9 | Median/Mean: 4.0 / 3.946 | Fail: 2.115%\n"}
,{"stream_name":"stdout","time":11146.917708589,"data":"[Game 2280] Range: 2-9 | Median/Mean: 4.0 / 3.945 | Fail: 2.105%\n"}
,{"stream_name":"stdout","time":11209.014277844,"data":"[Game 2290] Range: 2-9 | Median/Mean: 4.0 / 3.947 | Fail: 2.140%\n"}
,{"stream_name":"stdout","time":11236.92872752,"data":"[Game 2300] Range: 2-9 | Median/Mean: 4.0 / 3.946 | Fail: 2.130%\n"}
,{"stream_name":"stdout","time":11280.686083353,"data":"[Game 2310] Range: 2-9 | Median/Mean: 4.0 / 3.946 | Fail: 2.121%\n"}
,{"stream_name":"stdout","time":11306.277494462,"data":"Summary:\n"}
,{"stream_name":"stdout","time":11306.292830314,"data":"Distribution across steps:\n"}
,{"stream_name":"stdout","time":11306.298513768,"data":"Key Metrics:\n"}
,{"stream_name":"stderr","time":11311.259067192,"data":"/opt/conda/lib/python3.7/site-packages/traitlets/traitlets.py:2567: FutureWarning: --Exporter.preprocessors=[\"remove_papermill_header.RemovePapermillHeader\"] for containers is deprecated in traitlets 5.0. You can pass `--Exporter.preprocessors item` ... multiple times to add items to a list.\n"}
,{"stream_name":"stderr","time":11311.259186416,"data":"  FutureWarning,\n"}
,{"stream_name":"stderr","time":11311.259210585,"data":"[NbConvertApp] Converting notebook __notebook__.ipynb to notebook\n"}
,{"stream_name":"stderr","time":11311.686623657,"data":"[NbConvertApp] Writing 32968 bytes to __notebook__.ipynb\n"}
,{"stream_name":"stderr","time":11314.356202312,"data":"/opt/conda/lib/python3.7/site-packages/traitlets/traitlets.py:2567: FutureWarning: --Exporter.preprocessors=[\"nbconvert.preprocessors.ExtractOutputPreprocessor\"] for containers is deprecated in traitlets 5.0. You can pass `--Exporter.preprocessors item` ... multiple times to add items to a list.\n"}
,{"stream_name":"stderr","time":11314.356288624,"data":"  FutureWarning,\n"}
,{"stream_name":"stderr","time":11314.356298578,"data":"[NbConvertApp] Converting notebook __notebook__.ipynb to html\n"}
,{"stream_name":"stderr","time":11315.076677007,"data":"[NbConvertApp] Writing 308336 bytes to __results__.html\n"}
]