[{"stream_name":"stderr","time":12.762527207,"data":"/opt/conda/lib/python3.7/site-packages/papermill/iorw.py:50: FutureWarning: pyarrow.HadoopFileSystem is deprecated as of 2.0.0, please use pyarrow.fs.HadoopFileSystem instead.\n"}
,{"stream_name":"stderr","time":12.762598575,"data":"  from pyarrow import HadoopFileSystem\n"}
,{"stream_name":"stdout","time":14.12036179,"data":"[ ---------- RALES ----------]\n"}
,{"stream_name":"stdout","time":54.707943278,"data":"[Game 10] Range: 2-6 | Median/Mean: 4.0 / 4.000 | Fail: 0.000%\n"}
,{"stream_name":"stdout","time":105.540130579,"data":"[Game 20] Range: 2-6 | Median/Mean: 4.0 / 3.850 | Fail: 0.000%\n"}
,{"stream_name":"stdout","time":143.531891334,"data":"[Game 30] Range: 2-6 | Median/Mean: 4.0 / 3.800 | Fail: 0.000%\n"}
,{"stream_name":"stdout","time":176.791980341,"data":"[Game 40] Range: 2-7 | Median/Mean: 4.0 / 4.025 | Fail: 2.500%\n"}
,{"stream_name":"stdout","time":219.293853012,"data":"[Game 50] Range: 2-7 | Median/Mean: 4.0 / 4.080 | Fail: 2.000%\n"}
,{"stream_name":"stdout","time":258.385306355,"data":"[Game 60] Range: 2-7 | Median/Mean: 4.0 / 3.967 | Fail: 1.667%\n"}
,{"stream_name":"stdout","time":307.060437614,"data":"[Game 70] Range: 2-7 | Median/Mean: 4.0 / 4.071 | Fail: 2.857%\n"}
,{"stream_name":"stdout","time":348.17642618,"data":"[Game 80] Range: 2-7 | Median/Mean: 4.0 / 3.975 | Fail: 2.500%\n"}
,{"stream_name":"stdout","time":393.179853327,"data":"[Game 90] Range: 2-9 | Median/Mean: 4.0 / 4.011 | Fail: 3.333%\n"}
,{"stream_name":"stdout","time":428.97998545,"data":"[Game 100] Range: 2-9 | Median/Mean: 4.0 / 3.970 | Fail: 3.000%\n"}
,{"stream_name":"stdout","time":469.986502716,"data":"[Game 110] Range: 2-9 | Median/Mean: 4.0 / 3.973 | Fail: 2.727%\n"}
,{"stream_name":"stdout","time":525.924358936,"data":"[Game 120] Range: 2-9 | Median/Mean: 4.0 / 4.000 | Fail: 3.333%\n"}
,{"stream_name":"stdout","time":561.986957285,"data":"[Game 130] Range: 2-9 | Median/Mean: 4.0 / 4.008 | Fail: 3.846%\n"}
,{"stream_name":"stdout","time":608.792403232,"data":"[Game 140] Range: 2-9 | Median/Mean: 4.0 / 4.029 | Fail: 3.571%\n"}
,{"stream_name":"stdout","time":657.124565254,"data":"[Game 150] Range: 2-9 | Median/Mean: 4.0 / 4.033 | Fail: 4.000%\n"}
,{"stream_name":"stdout","time":690.247771056,"data":"[Game 160] Range: 2-9 | Median/Mean: 4.0 / 4.025 | Fail: 3.750%\n"}
,{"stream_name":"stdout","time":730.260502164,"data":"[Game 170] Range: 2-9 | Median/Mean: 4.0 / 4.012 | Fail: 3.529%\n"}
,{"stream_name":"stdout","time":765.61078198,"data":"[Game 180] Range: 2-9 | Median/Mean: 4.0 / 3.994 | Fail: 3.333%\n"}
,{"stream_name":"stdout","time":814.75745901,"data":"[Game 190] Range: 2-9 | Median/Mean: 4.0 / 4.021 | Fail: 3.684%\n"}
,{"stream_name":"stdout","time":852.521796856,"data":"[Game 200] Range: 2-9 | Median/Mean: 4.0 / 3.995 | Fail: 3.500%\n"}
,{"stream_name":"stdout","time":905.187245587,"data":"[Game 210] Range: 2-9 | Median/Mean: 4.0 / 3.981 | Fail: 3.333%\n"}
,{"stream_name":"stdout","time":961.392225442,"data":"[Game 220] Range: 2-9 | Median/Mean: 4.0 / 3.982 | Fail: 3.182%\n"}
,{"stream_name":"stdout","time":1013.580668098,"data":"[Game 230] Range: 2-9 | Median/Mean: 4.0 / 3.978 | Fail: 3.043%\n"}
,{"stream_name":"stdout","time":1037.838157039,"data":"[Game 240] Range: 2-9 | Median/Mean: 4.0 / 4.000 | Fail: 2.917%\n"}
,{"stream_name":"stdout","time":1090.068998726,"data":"[Game 250] Range: 2-9 | Median/Mean: 4.0 / 4.016 | Fail: 2.800%\n"}
,{"stream_name":"stdout","time":1141.003648221,"data":"[Game 260] Range: 2-9 | Median/Mean: 4.0 / 4.023 | Fail: 2.692%\n"}
,{"stream_name":"stdout","time":1176.087438556,"data":"[Game 270] Range: 2-9 | Median/Mean: 4.0 / 4.000 | Fail: 2.963%\n"}
,{"stream_name":"stdout","time":1202.974539651,"data":"[Game 280] Range: 2-9 | Median/Mean: 4.0 / 3.971 | Fail: 2.857%\n"}
,{"stream_name":"stdout","time":1256.705598899,"data":"[Game 290] Range: 2-9 | Median/Mean: 4.0 / 3.962 | Fail: 2.759%\n"}
,{"stream_name":"stdout","time":1300.114718333,"data":"[Game 300] Range: 2-9 | Median/Mean: 4.0 / 3.967 | Fail: 2.667%\n"}
,{"stream_name":"stdout","time":1338.162077485,"data":"[Game 310] Range: 2-9 | Median/Mean: 4.0 / 3.961 | Fail: 2.581%\n"}
,{"stream_name":"stdout","time":1388.543523872,"data":"[Game 320] Range: 2-9 | Median/Mean: 4.0 / 3.966 | Fail: 2.500%\n"}
,{"stream_name":"stdout","time":1427.823974591,"data":"[Game 330] Range: 2-9 | Median/Mean: 4.0 / 3.970 | Fail: 2.727%\n"}
,{"stream_name":"stdout","time":1462.188491912,"data":"[Game 340] Range: 2-9 | Median/Mean: 4.0 / 3.959 | Fail: 2.647%\n"}
,{"stream_name":"stdout","time":1503.729808219,"data":"[Game 350] Range: 2-9 | Median/Mean: 4.0 / 3.943 | Fail: 2.571%\n"}
,{"stream_name":"stdout","time":1558.878478437,"data":"[Game 360] Range: 2-9 | Median/Mean: 4.0 / 3.958 | Fail: 2.500%\n"}
,{"stream_name":"stdout","time":1609.848670913,"data":"[Game 370] Range: 2-9 | Median/Mean: 4.0 / 3.959 | Fail: 2.432%\n"}
,{"stream_name":"stdout","time":1662.098666381,"data":"[Game 380] Range: 2-9 | Median/Mean: 4.0 / 3.958 | Fail: 2.368%\n"}
,{"stream_name":"stdout","time":1693.383268247,"data":"[Game 390] Range: 2-9 | Median/Mean: 4.0 / 3.959 | Fail: 2.564%\n"}
,{"stream_name":"stdout","time":1743.940290476,"data":"[Game 400] Range: 2-9 | Median/Mean: 4.0 / 3.970 | Fail: 2.500%\n"}
,{"stream_name":"stdout","time":1784.884709252,"data":"[Game 410] Range: 2-9 | Median/Mean: 4.0 / 3.978 | Fail: 2.439%\n"}
,{"stream_name":"stdout","time":1845.332909258,"data":"[Game 420] Range: 2-9 | Median/Mean: 4.0 / 3.993 | Fail: 2.381%\n"}
,{"stream_name":"stdout","time":1888.603880391,"data":"[Game 430] Range: 2-9 | Median/Mean: 4.0 / 3.995 | Fail: 2.326%\n"}
,{"stream_name":"stdout","time":1929.597222547,"data":"[Game 440] Range: 2-9 | Median/Mean: 4.0 / 4.002 | Fail: 2.273%\n"}
,{"stream_name":"stdout","time":1979.548140794,"data":"[Game 450] Range: 2-9 | Median/Mean: 4.0 / 3.998 | Fail: 2.222%\n"}
,{"stream_name":"stdout","time":2020.401335056,"data":"[Game 460] Range: 2-9 | Median/Mean: 4.0 / 4.000 | Fail: 2.174%\n"}
,{"stream_name":"stdout","time":2075.966454314,"data":"[Game 470] Range: 2-9 | Median/Mean: 4.0 / 4.002 | Fail: 2.128%\n"}
,{"stream_name":"stdout","time":2130.977073118,"data":"[Game 480] Range: 2-9 | Median/Mean: 4.0 / 4.010 | Fail: 2.083%\n"}
,{"stream_name":"stdout","time":2170.157237784,"data":"[Game 490] Range: 2-9 | Median/Mean: 4.0 / 4.018 | Fail: 2.245%\n"}
,{"stream_name":"stdout","time":2220.272885711,"data":"[Game 500] Range: 2-9 | Median/Mean: 4.0 / 4.012 | Fail: 2.200%\n"}
,{"stream_name":"stdout","time":2258.919065818,"data":"[Game 510] Range: 2-9 | Median/Mean: 4.0 / 4.002 | Fail: 2.157%\n"}
,{"stream_name":"stdout","time":2303.64988826,"data":"[Game 520] Range: 2-9 | Median/Mean: 4.0 / 4.004 | Fail: 2.115%\n"}
,{"stream_name":"stdout","time":2344.44938227,"data":"[Game 530] Range: 2-9 | Median/Mean: 4.0 / 4.004 | Fail: 2.075%\n"}
,{"stream_name":"stdout","time":2395.537439077,"data":"[Game 540] Range: 2-9 | Median/Mean: 4.0 / 4.006 | Fail: 2.037%\n"}
,{"stream_name":"stdout","time":2435.189411582,"data":"[Game 550] Range: 2-9 | Median/Mean: 4.0 / 4.011 | Fail: 2.000%\n"}
,{"stream_name":"stdout","time":2478.65091034,"data":"[Game 560] Range: 2-9 | Median/Mean: 4.0 / 4.023 | Fail: 2.143%\n"}
,{"stream_name":"stdout","time":2515.674623672,"data":"[Game 570] Range: 2-9 | Median/Mean: 4.0 / 4.023 | Fail: 2.105%\n"}
,{"stream_name":"stdout","time":2558.226537072,"data":"[Game 580] Range: 2-9 | Median/Mean: 4.0 / 4.014 | Fail: 2.069%\n"}
,{"stream_name":"stdout","time":2607.722479451,"data":"[Game 590] Range: 2-9 | Median/Mean: 4.0 / 4.022 | Fail: 2.203%\n"}
,{"stream_name":"stdout","time":2653.636595488,"data":"[Game 600] Range: 2-9 | Median/Mean: 4.0 / 4.020 | Fail: 2.167%\n"}
,{"stream_name":"stdout","time":2687.942299457,"data":"[Game 610] Range: 2-9 | Median/Mean: 4.0 / 4.025 | Fail: 2.131%\n"}
,{"stream_name":"stdout","time":2718.372355092,"data":"[Game 620] Range: 2-9 | Median/Mean: 4.0 / 4.024 | Fail: 2.097%\n"}
,{"stream_name":"stdout","time":2762.820318083,"data":"[Game 630] Range: 2-9 | Median/Mean: 4.0 / 4.021 | Fail: 2.063%\n"}
,{"stream_name":"stdout","time":2811.508565066,"data":"[Game 640] Range: 2-9 | Median/Mean: 4.0 / 4.023 | Fail: 2.031%\n"}
,{"stream_name":"stdout","time":2859.075333691,"data":"[Game 650] Range: 2-9 | Median/Mean: 4.0 / 4.022 | Fail: 2.000%\n"}
,{"stream_name":"stdout","time":2911.310875897,"data":"[Game 660] Range: 2-9 | Median/Mean: 4.0 / 4.021 | Fail: 1.970%\n"}
,{"stream_name":"stdout","time":2942.64776697,"data":"[Game 670] Range: 2-9 | Median/Mean: 4.0 / 4.016 | Fail: 1.940%\n"}
,{"stream_name":"stdout","time":2982.864254758,"data":"[Game 680] Range: 2-9 | Median/Mean: 4.0 / 4.018 | Fail: 2.059%\n"}
,{"stream_name":"stdout","time":3025.775589151,"data":"[Game 690] Range: 2-9 | Median/Mean: 4.0 / 4.014 | Fail: 2.029%\n"}
,{"stream_name":"stdout","time":3076.350560899,"data":"[Game 700] Range: 2-9 | Median/Mean: 4.0 / 4.020 | Fail: 2.000%\n"}
,{"stream_name":"stdout","time":3119.075685531,"data":"[Game 710] Range: 2-9 | Median/Mean: 4.0 / 4.025 | Fail: 2.113%\n"}
,{"stream_name":"stdout","time":3157.476551778,"data":"[Game 720] Range: 2-9 | Median/Mean: 4.0 / 4.026 | Fail: 2.083%\n"}
,{"stream_name":"stdout","time":3203.176385427,"data":"[Game 730] Range: 2-9 | Median/Mean: 4.0 / 4.027 | Fail: 2.055%\n"}
,{"stream_name":"stdout","time":3239.257084636,"data":"[Game 740] Range: 2-9 | Median/Mean: 4.0 / 4.026 | Fail: 2.027%\n"}
,{"stream_name":"stdout","time":3286.755215436,"data":"[Game 750] Range: 2-9 | Median/Mean: 4.0 / 4.023 | Fail: 2.000%\n"}
,{"stream_name":"stdout","time":3334.451813107,"data":"[Game 760] Range: 2-9 | Median/Mean: 4.0 / 4.028 | Fail: 1.974%\n"}
,{"stream_name":"stdout","time":3381.497576277,"data":"[Game 770] Range: 2-9 | Median/Mean: 4.0 / 4.023 | Fail: 1.948%\n"}
,{"stream_name":"stdout","time":3429.115024585,"data":"[Game 780] Range: 2-9 | Median/Mean: 4.0 / 4.021 | Fail: 1.923%\n"}
,{"stream_name":"stdout","time":3465.593096049,"data":"[Game 790] Range: 2-9 | Median/Mean: 4.0 / 4.019 | Fail: 2.025%\n"}
,{"stream_name":"stdout","time":3508.684604985,"data":"[Game 800] Range: 2-9 | Median/Mean: 4.0 / 4.019 | Fail: 2.000%\n"}
,{"stream_name":"stdout","time":3557.12223285,"data":"[Game 810] Range: 2-9 | Median/Mean: 4.0 / 4.014 | Fail: 1.975%\n"}
,{"stream_name":"stdout","time":3600.054406009,"data":"[Game 820] Range: 2-9 | Median/Mean: 4.0 / 4.009 | Fail: 1.951%\n"}
,{"stream_name":"stdout","time":3657.132824129,"data":"[Game 830] Range: 2-9 | Median/Mean: 4.0 / 4.005 | Fail: 1.928%\n"}
,{"stream_name":"stdout","time":3692.899612662,"data":"[Game 840] Range: 2-9 | Median/Mean: 4.0 / 4.002 | Fail: 1.905%\n"}
,{"stream_name":"stdout","time":3732.162944952,"data":"[Game 850] Range: 2-9 | Median/Mean: 4.0 / 4.000 | Fail: 1.882%\n"}
,{"stream_name":"stdout","time":3773.30047824,"data":"[Game 860] Range: 2-9 | Median/Mean: 4.0 / 4.002 | Fail: 1.860%\n"}
,{"stream_name":"stdout","time":3821.117190944,"data":"[Game 870] Range: 2-9 | Median/Mean: 4.0 / 4.000 | Fail: 1.839%\n"}
,{"stream_name":"stdout","time":3853.472092334,"data":"[Game 880] Range: 2-9 | Median/Mean: 4.0 / 4.000 | Fail: 1.818%\n"}
,{"stream_name":"stdout","time":3885.124855579,"data":"[Game 890] Range: 2-9 | Median/Mean: 4.0 / 3.997 | Fail: 1.798%\n"}
,{"stream_name":"stdout","time":3935.729613194,"data":"[Game 900] Range: 2-9 | Median/Mean: 4.0 / 3.993 | Fail: 1.778%\n"}
,{"stream_name":"stdout","time":3984.585485555,"data":"[Game 910] Range: 2-9 | Median/Mean: 4.0 / 3.992 | Fail: 1.868%\n"}
,{"stream_name":"stdout","time":4032.80732445,"data":"[Game 920] Range: 2-9 | Median/Mean: 4.0 / 3.996 | Fail: 1.848%\n"}
,{"stream_name":"stdout","time":4066.137047495,"data":"[Game 930] Range: 2-9 | Median/Mean: 4.0 / 3.992 | Fail: 1.828%\n"}
,{"stream_name":"stdout","time":4102.98400781,"data":"[Game 940] Range: 2-9 | Median/Mean: 4.0 / 3.989 | Fail: 1.809%\n"}
,{"stream_name":"stdout","time":4154.181615767,"data":"[Game 950] Range: 2-9 | Median/Mean: 4.0 / 3.989 | Fail: 1.789%\n"}
,{"stream_name":"stdout","time":4193.041829343,"data":"[Game 960] Range: 2-9 | Median/Mean: 4.0 / 3.990 | Fail: 1.771%\n"}
,{"stream_name":"stdout","time":4228.685722852,"data":"[Game 970] Range: 2-9 | Median/Mean: 4.0 / 3.992 | Fail: 1.753%\n"}
,{"stream_name":"stdout","time":4275.200412778,"data":"[Game 980] Range: 2-9 | Median/Mean: 4.0 / 3.991 | Fail: 1.837%\n"}
,{"stream_name":"stdout","time":4328.81141341,"data":"[Game 990] Range: 2-9 | Median/Mean: 4.0 / 3.990 | Fail: 1.818%\n"}
,{"stream_name":"stdout","time":4362.954391283,"data":"[Game 1000] Range: 2-9 | Median/Mean: 4.0 / 3.990 | Fail: 1.800%\n"}
,{"stream_name":"stdout","time":4415.236124842,"data":"[Game 1010] Range: 2-9 | Median/Mean: 4.0 / 3.990 | Fail: 1.782%\n"}
,{"stream_name":"stdout","time":4455.881948661,"data":"[Game 1020] Range: 2-9 | Median/Mean: 4.0 / 3.986 | Fail: 1.765%\n"}
,{"stream_name":"stdout","time":4489.777609128,"data":"[Game 1030] Range: 2-9 | Median/Mean: 4.0 / 3.983 | Fail: 1.748%\n"}
,{"stream_name":"stdout","time":4531.045129414,"data":"[Game 1040] Range: 2-9 | Median/Mean: 4.0 / 3.984 | Fail: 1.731%\n"}
,{"stream_name":"stdout","time":4566.521577773,"data":"[Game 1050] Range: 2-9 | Median/Mean: 4.0 / 3.978 | Fail: 1.714%\n"}
,{"stream_name":"stdout","time":4626.574671702,"data":"[Game 1060] Range: 2-9 | Median/Mean: 4.0 / 3.980 | Fail: 1.698%\n"}
,{"stream_name":"stdout","time":4657.277622713,"data":"[Game 1070] Range: 2-9 | Median/Mean: 4.0 / 3.976 | Fail: 1.682%\n"}
,{"stream_name":"stdout","time":4712.970114962,"data":"[Game 1080] Range: 2-9 | Median/Mean: 4.0 / 3.972 | Fail: 1.667%\n"}
,{"stream_name":"stdout","time":4767.201351039,"data":"[Game 1090] Range: 2-9 | Median/Mean: 4.0 / 3.980 | Fail: 1.743%\n"}
,{"stream_name":"stdout","time":4812.306860219,"data":"[Game 1100] Range: 2-9 | Median/Mean: 4.0 / 3.982 | Fail: 1.818%\n"}
,{"stream_name":"stdout","time":4855.219562417,"data":"[Game 1110] Range: 2-9 | Median/Mean: 4.0 / 3.986 | Fail: 1.802%\n"}
,{"stream_name":"stdout","time":4905.395284624,"data":"[Game 1120] Range: 2-9 | Median/Mean: 4.0 / 3.981 | Fail: 1.786%\n"}
,{"stream_name":"stdout","time":4943.922766247,"data":"[Game 1130] Range: 2-9 | Median/Mean: 4.0 / 3.979 | Fail: 1.770%\n"}
,{"stream_name":"stdout","time":4994.494893747,"data":"[Game 1140] Range: 2-9 | Median/Mean: 4.0 / 3.977 | Fail: 1.754%\n"}
,{"stream_name":"stdout","time":5031.5366442,"data":"[Game 1150] Range: 2-9 | Median/Mean: 4.0 / 3.975 | Fail: 1.739%\n"}
,{"stream_name":"stdout","time":5080.099047916,"data":"[Game 1160] Range: 2-9 | Median/Mean: 4.0 / 3.971 | Fail: 1.724%\n"}
,{"stream_name":"stdout","time":5117.410714453,"data":"[Game 1170] Range: 2-9 | Median/Mean: 4.0 / 3.970 | Fail: 1.709%\n"}
,{"stream_name":"stdout","time":5155.228524087,"data":"[Game 1180] Range: 2-9 | Median/Mean: 4.0 / 3.969 | Fail: 1.695%\n"}
,{"stream_name":"stdout","time":5210.964884229,"data":"[Game 1190] Range: 2-9 | Median/Mean: 4.0 / 3.973 | Fail: 1.681%\n"}
,{"stream_name":"stdout","time":5251.348035354,"data":"[Game 1200] Range: 2-9 | Median/Mean: 4.0 / 3.966 | Fail: 1.667%\n"}
,{"stream_name":"stdout","time":5302.251468558,"data":"[Game 1210] Range: 2-9 | Median/Mean: 4.0 / 3.964 | Fail: 1.653%\n"}
,{"stream_name":"stdout","time":5348.277791149,"data":"[Game 1220] Range: 2-9 | Median/Mean: 4.0 / 3.965 | Fail: 1.639%\n"}
,{"stream_name":"stdout","time":5397.934145306,"data":"[Game 1230] Range: 2-9 | Median/Mean: 4.0 / 3.972 | Fail: 1.626%\n"}
,{"stream_name":"stdout","time":5444.526659567,"data":"[Game 1240] Range: 2-9 | Median/Mean: 4.0 / 3.969 | Fail: 1.613%\n"}
,{"stream_name":"stdout","time":5486.049264977,"data":"[Game 1250] Range: 2-9 | Median/Mean: 4.0 / 3.970 | Fail: 1.600%\n"}
,{"stream_name":"stdout","time":5524.924501819,"data":"[Game 1260] Range: 2-9 | Median/Mean: 4.0 / 3.976 | Fail: 1.746%\n"}
,{"stream_name":"stdout","time":5560.44478778,"data":"[Game 1270] Range: 2-9 | Median/Mean: 4.0 / 3.975 | Fail: 1.732%\n"}
,{"stream_name":"stdout","time":5603.003607021,"data":"[Game 1280] Range: 2-9 | Median/Mean: 4.0 / 3.972 | Fail: 1.719%\n"}
,{"stream_name":"stdout","time":5633.200480676,"data":"[Game 1290] Range: 2-9 | Median/Mean: 4.0 / 3.971 | Fail: 1.705%\n"}
,{"stream_name":"stdout","time":5659.132679239,"data":"[Game 1300] Range: 2-9 | Median/Mean: 4.0 / 3.965 | Fail: 1.692%\n"}
,{"stream_name":"stdout","time":5708.211975619,"data":"[Game 1310] Range: 2-9 | Median/Mean: 4.0 / 3.966 | Fail: 1.679%\n"}
,{"stream_name":"stdout","time":5757.650010389,"data":"[Game 1320] Range: 2-9 | Median/Mean: 4.0 / 3.965 | Fail: 1.667%\n"}
,{"stream_name":"stdout","time":5819.348481897,"data":"[Game 1330] Range: 2-9 | Median/Mean: 4.0 / 3.969 | Fail: 1.729%\n"}
,{"stream_name":"stdout","time":5874.67856,"data":"[Game 1340] Range: 2-9 | Median/Mean: 4.0 / 3.972 | Fail: 1.716%\n"}
,{"stream_name":"stdout","time":5908.269953537,"data":"[Game 1350] Range: 2-9 | Median/Mean: 4.0 / 3.971 | Fail: 1.704%\n"}
,{"stream_name":"stdout","time":5961.626649571,"data":"[Game 1360] Range: 2-9 | Median/Mean: 4.0 / 3.976 | Fail: 1.691%\n"}
,{"stream_name":"stdout","time":6015.593447969,"data":"[Game 1370] Range: 2-9 | Median/Mean: 4.0 / 3.977 | Fail: 1.679%\n"}
,{"stream_name":"stdout","time":6065.244265563,"data":"[Game 1380] Range: 2-9 | Median/Mean: 4.0 / 3.976 | Fail: 1.667%\n"}
,{"stream_name":"stdout","time":6106.859069208,"data":"[Game 1390] Range: 2-9 | Median/Mean: 4.0 / 3.977 | Fail: 1.655%\n"}
,{"stream_name":"stdout","time":6153.406403173,"data":"[Game 1400] Range: 2-9 | Median/Mean: 4.0 / 3.979 | Fail: 1.714%\n"}
,{"stream_name":"stdout","time":6200.592589265,"data":"[Game 1410] Range: 2-9 | Median/Mean: 4.0 / 3.982 | Fail: 1.702%\n"}
,{"stream_name":"stdout","time":6243.692633047,"data":"[Game 1420] Range: 2-9 | Median/Mean: 4.0 / 3.980 | Fail: 1.690%\n"}
,{"stream_name":"stdout","time":6271.086614851,"data":"[Game 1430] Range: 2-9 | Median/Mean: 4.0 / 3.978 | Fail: 1.678%\n"}
,{"stream_name":"stdout","time":6304.548922161,"data":"[Game 1440] Range: 2-9 | Median/Mean: 4.0 / 3.977 | Fail: 1.667%\n"}
,{"stream_name":"stdout","time":6351.404425436,"data":"[Game 1450] Range: 2-9 | Median/Mean: 4.0 / 3.981 | Fail: 1.793%\n"}
,{"stream_name":"stdout","time":6398.627333523,"data":"[Game 1460] Range: 2-9 | Median/Mean: 4.0 / 3.982 | Fail: 1.781%\n"}
,{"stream_name":"stdout","time":6434.760362949,"data":"[Game 1470] Range: 2-9 | Median/Mean: 4.0 / 3.982 | Fail: 1.769%\n"}
,{"stream_name":"stdout","time":6472.512725412,"data":"[Game 1480] Range: 2-9 | Median/Mean: 4.0 / 3.980 | Fail: 1.757%\n"}
,{"stream_name":"stdout","time":6519.300181109,"data":"[Game 1490] Range: 2-9 | Median/Mean: 4.0 / 3.979 | Fail: 1.745%\n"}
,{"stream_name":"stdout","time":6578.672244919,"data":"[Game 1500] Range: 2-9 | Median/Mean: 4.0 / 3.982 | Fail: 1.733%\n"}
,{"stream_name":"stdout","time":6624.596711431,"data":"[Game 1510] Range: 2-9 | Median/Mean: 4.0 / 3.979 | Fail: 1.722%\n"}
,{"stream_name":"stdout","time":6678.056867053,"data":"[Game 1520] Range: 2-9 | Median/Mean: 4.0 / 3.982 | Fail: 1.776%\n"}
,{"stream_name":"stdout","time":6731.451997098,"data":"[Game 1530] Range: 2-9 | Median/Mean: 4.0 / 3.982 | Fail: 1.765%\n"}
,{"stream_name":"stdout","time":6778.682843757,"data":"[Game 1540] Range: 2-9 | Median/Mean: 4.0 / 3.981 | Fail: 1.753%\n"}
,{"stream_name":"stdout","time":6805.296362771,"data":"[Game 1550] Range: 2-9 | Median/Mean: 4.0 / 3.980 | Fail: 1.742%\n"}
,{"stream_name":"stdout","time":6842.585322281,"data":"[Game 1560] Range: 2-9 | Median/Mean: 4.0 / 3.977 | Fail: 1.731%\n"}
,{"stream_name":"stdout","time":6885.665939832,"data":"[Game 1570] Range: 2-9 | Median/Mean: 4.0 / 3.977 | Fail: 1.720%\n"}
,{"stream_name":"stdout","time":6917.653137787,"data":"[Game 1580] Range: 2-9 | Median/Mean: 4.0 / 3.973 | Fail: 1.709%\n"}
,{"stream_name":"stdout","time":6946.640817938,"data":"[Game 1590] Range: 2-9 | Median/Mean: 4.0 / 3.970 | Fail: 1.698%\n"}
,{"stream_name":"stdout","time":6972.934905144,"data":"[Game 1600] Range: 2-9 | Median/Mean: 4.0 / 3.969 | Fail: 1.688%\n"}
,{"stream_name":"stdout","time":7021.123432844,"data":"[Game 1610] Range: 2-9 | Median/Mean: 4.0 / 3.968 | Fail: 1.677%\n"}
,{"stream_name":"stdout","time":7075.668731726,"data":"[Game 1620] Range: 2-9 | Median/Mean: 4.0 / 3.971 | Fail: 1.667%\n"}
,{"stream_name":"stdout","time":7122.740166399,"data":"[Game 1630] Range: 2-9 | Median/Mean: 4.0 / 3.971 | Fail: 1.656%\n"}
,{"stream_name":"stdout","time":7160.450247873,"data":"[Game 1640] Range: 2-9 | Median/Mean: 4.0 / 3.968 | Fail: 1.646%\n"}
,{"stream_name":"stdout","time":7206.226908921,"data":"[Game 1650] Range: 2-9 | Median/Mean: 4.0 / 3.968 | Fail: 1.636%\n"}
,{"stream_name":"stdout","time":7248.103669252,"data":"[Game 1660] Range: 2-9 | Median/Mean: 4.0 / 3.967 | Fail: 1.627%\n"}
,{"stream_name":"stdout","time":7285.648257111,"data":"[Game 1670] Range: 2-9 | Median/Mean: 4.0 / 3.966 | Fail: 1.677%\n"}
,{"stream_name":"stdout","time":7343.210133117,"data":"[Game 1680] Range: 2-9 | Median/Mean: 4.0 / 3.967 | Fail: 1.667%\n"}
,{"stream_name":"stdout","time":7370.350629211,"data":"[Game 1690] Range: 2-9 | Median/Mean: 4.0 / 3.964 | Fail: 1.657%\n"}
,{"stream_name":"stdout","time":7410.197633773,"data":"[Game 1700] Range: 2-9 | Median/Mean: 4.0 / 3.963 | Fail: 1.647%\n"}
,{"stream_name":"stdout","time":7455.178330729,"data":"[Game 1710] Range: 2-9 | Median/Mean: 4.0 / 3.962 | Fail: 1.637%\n"}
,{"stream_name":"stdout","time":7501.569733365,"data":"[Game 1720] Range: 2-9 | Median/Mean: 4.0 / 3.963 | Fail: 1.628%\n"}
,{"stream_name":"stdout","time":7554.46500622,"data":"[Game 1730] Range: 2-9 | Median/Mean: 4.0 / 3.963 | Fail: 1.676%\n"}
,{"stream_name":"stdout","time":7594.202582059,"data":"[Game 1740] Range: 2-9 | Median/Mean: 4.0 / 3.966 | Fail: 1.724%\n"}
,{"stream_name":"stdout","time":7635.187458179,"data":"[Game 1750] Range: 2-9 | Median/Mean: 4.0 / 3.963 | Fail: 1.714%\n"}
,{"stream_name":"stdout","time":7685.858108214,"data":"[Game 1760] Range: 2-9 | Median/Mean: 4.0 / 3.965 | Fail: 1.761%\n"}
,{"stream_name":"stdout","time":7741.707471291,"data":"[Game 1770] Range: 2-9 | Median/Mean: 4.0 / 3.968 | Fail: 1.808%\n"}
,{"stream_name":"stdout","time":7792.36513003,"data":"[Game 1780] Range: 2-9 | Median/Mean: 4.0 / 3.970 | Fail: 1.798%\n"}
,{"stream_name":"stdout","time":7840.302790602,"data":"[Game 1790] Range: 2-9 | Median/Mean: 4.0 / 3.970 | Fail: 1.788%\n"}
,{"stream_name":"stdout","time":7877.961069355,"data":"[Game 1800] Range: 2-9 | Median/Mean: 4.0 / 3.969 | Fail: 1.778%\n"}
,{"stream_name":"stdout","time":7931.871876948,"data":"[Game 1810] Range: 2-9 | Median/Mean: 4.0 / 3.972 | Fail: 1.768%\n"}
,{"stream_name":"stdout","time":7958.409607769,"data":"[Game 1820] Range: 2-9 | Median/Mean: 4.0 / 3.971 | Fail: 1.758%\n"}
,{"stream_name":"stdout","time":8015.759122223,"data":"[Game 1830] Range: 2-9 | Median/Mean: 4.0 / 3.973 | Fail: 1.749%\n"}
,{"stream_name":"stdout","time":8056.795677861,"data":"[Game 1840] Range: 2-9 | Median/Mean: 4.0 / 3.972 | Fail: 1.739%\n"}
,{"stream_name":"stdout","time":8092.678206113,"data":"[Game 1850] Range: 2-9 | Median/Mean: 4.0 / 3.973 | Fail: 1.730%\n"}
,{"stream_name":"stdout","time":8134.361303612,"data":"[Game 1860] Range: 2-9 | Median/Mean: 4.0 / 3.973 | Fail: 1.720%\n"}
,{"stream_name":"stdout","time":8179.088753201,"data":"[Game 1870] Range: 2-9 | Median/Mean: 4.0 / 3.972 | Fail: 1.711%\n"}
,{"stream_name":"stdout","time":8212.524980522,"data":"[Game 1880] Range: 2-9 | Median/Mean: 4.0 / 3.975 | Fail: 1.809%\n"}
,{"stream_name":"stdout","time":8256.768291484,"data":"[Game 1890] Range: 2-9 | Median/Mean: 4.0 / 3.977 | Fail: 1.799%\n"}
,{"stream_name":"stdout","time":8298.823675928,"data":"[Game 1900] Range: 2-9 | Median/Mean: 4.0 / 3.979 | Fail: 1.789%\n"}
,{"stream_name":"stdout","time":8348.76585291,"data":"[Game 1910] Range: 2-9 | Median/Mean: 4.0 / 3.980 | Fail: 1.780%\n"}
,{"stream_name":"stdout","time":8395.614931687,"data":"[Game 1920] Range: 2-9 | Median/Mean: 4.0 / 3.979 | Fail: 1.771%\n"}
,{"stream_name":"stdout","time":8431.780206996,"data":"[Game 1930] Range: 2-9 | Median/Mean: 4.0 / 3.977 | Fail: 1.762%\n"}
,{"stream_name":"stdout","time":8483.324984956,"data":"[Game 1940] Range: 2-9 | Median/Mean: 4.0 / 3.979 | Fail: 1.753%\n"}
,{"stream_name":"stdout","time":8531.550775224,"data":"[Game 1950] Range: 2-9 | Median/Mean: 4.0 / 3.977 | Fail: 1.744%\n"}
,{"stream_name":"stdout","time":8582.939138783,"data":"[Game 1960] Range: 2-9 | Median/Mean: 4.0 / 3.980 | Fail: 1.786%\n"}
,{"stream_name":"stdout","time":8616.542460628,"data":"[Game 1970] Range: 2-9 | Median/Mean: 4.0 / 3.980 | Fail: 1.777%\n"}
,{"stream_name":"stdout","time":8668.530940538,"data":"[Game 1980] Range: 2-9 | Median/Mean: 4.0 / 3.981 | Fail: 1.768%\n"}
,{"stream_name":"stdout","time":8708.974812689,"data":"[Game 1990] Range: 2-9 | Median/Mean: 4.0 / 3.979 | Fail: 1.759%\n"}
,{"stream_name":"stdout","time":8753.088606254,"data":"[Game 2000] Range: 2-9 | Median/Mean: 4.0 / 3.978 | Fail: 1.750%\n"}
,{"stream_name":"stdout","time":8805.37513547,"data":"[Game 2010] Range: 2-9 | Median/Mean: 4.0 / 3.978 | Fail: 1.741%\n"}
,{"stream_name":"stdout","time":8852.867608016,"data":"[Game 2020] Range: 2-9 | Median/Mean: 4.0 / 3.980 | Fail: 1.782%\n"}
,{"stream_name":"stdout","time":8891.796351966,"data":"[Game 2030] Range: 2-9 | Median/Mean: 4.0 / 3.981 | Fail: 1.773%\n"}
,{"stream_name":"stdout","time":8932.527836761,"data":"[Game 2040] Range: 2-9 | Median/Mean: 4.0 / 3.982 | Fail: 1.765%\n"}
,{"stream_name":"stdout","time":8968.438695291,"data":"[Game 2050] Range: 2-9 | Median/Mean: 4.0 / 3.981 | Fail: 1.756%\n"}
,{"stream_name":"stdout","time":9013.954388038,"data":"[Game 2060] Range: 2-9 | Median/Mean: 4.0 / 3.981 | Fail: 1.748%\n"}
,{"stream_name":"stdout","time":9062.532170228,"data":"[Game 2070] Range: 2-9 | Median/Mean: 4.0 / 3.984 | Fail: 1.787%\n"}
,{"stream_name":"stdout","time":9098.061171673,"data":"[Game 2080] Range: 2-9 | Median/Mean: 4.0 / 3.986 | Fail: 1.779%\n"}
,{"stream_name":"stdout","time":9141.129859393,"data":"[Game 2090] Range: 2-9 | Median/Mean: 4.0 / 3.986 | Fail: 1.770%\n"}
,{"stream_name":"stdout","time":9187.494783707,"data":"[Game 2100] Range: 2-9 | Median/Mean: 4.0 / 3.987 | Fail: 1.810%\n"}
,{"stream_name":"stdout","time":9233.560825429,"data":"[Game 2110] Range: 2-9 | Median/Mean: 4.0 / 3.986 | Fail: 1.801%\n"}
,{"stream_name":"stdout","time":9267.430212453,"data":"[Game 2120] Range: 2-9 | Median/Mean: 4.0 / 3.985 | Fail: 1.792%\n"}
,{"stream_name":"stdout","time":9312.028517433,"data":"[Game 2130] Range: 2-9 | Median/Mean: 4.0 / 3.986 | Fail: 1.784%\n"}
,{"stream_name":"stdout","time":9371.524953665,"data":"[Game 2140] Range: 2-9 | Median/Mean: 4.0 / 3.990 | Fail: 1.869%\n"}
,{"stream_name":"stdout","time":9410.850495785,"data":"[Game 2150] Range: 2-9 | Median/Mean: 4.0 / 3.987 | Fail: 1.860%\n"}
,{"stream_name":"stdout","time":9469.67664907,"data":"[Game 2160] Range: 2-9 | Median/Mean: 4.0 / 3.989 | Fail: 1.852%\n"}
,{"stream_name":"stdout","time":9514.797300428,"data":"[Game 2170] Range: 2-9 | Median/Mean: 4.0 / 3.991 | Fail: 1.889%\n"}
,{"stream_name":"stdout","time":9566.826448423,"data":"[Game 2180] Range: 2-9 | Median/Mean: 4.0 / 3.992 | Fail: 1.881%\n"}
,{"stream_name":"stdout","time":9606.903725296,"data":"[Game 2190] Range: 2-9 | Median/Mean: 4.0 / 3.991 | Fail: 1.872%\n"}
,{"stream_name":"stdout","time":9648.662148708,"data":"[Game 2200] Range: 2-9 | Median/Mean: 4.0 / 3.991 | Fail: 1.864%\n"}
,{"stream_name":"stdout","time":9691.347595748,"data":"[Game 2210] Range: 2-9 | Median/Mean: 4.0 / 3.989 | Fail: 1.855%\n"}
,{"stream_name":"stdout","time":9748.402941755,"data":"[Game 2220] Range: 2-9 | Median/Mean: 4.0 / 3.994 | Fail: 1.847%\n"}
,{"stream_name":"stdout","time":9786.160011441,"data":"[Game 2230] Range: 2-9 | Median/Mean: 4.0 / 3.992 | Fail: 1.839%\n"}
,{"stream_name":"stdout","time":9826.720567869,"data":"[Game 2240] Range: 2-9 | Median/Mean: 4.0 / 3.992 | Fail: 1.875%\n"}
,{"stream_name":"stdout","time":9875.790544109,"data":"[Game 2250] Range: 2-9 | Median/Mean: 4.0 / 3.993 | Fail: 1.911%\n"}
,{"stream_name":"stdout","time":9918.200904154,"data":"[Game 2260] Range: 2-9 | Median/Mean: 4.0 / 3.995 | Fail: 1.991%\n"}
,{"stream_name":"stdout","time":9954.85760312,"data":"[Game 2270] Range: 2-9 | Median/Mean: 4.0 / 3.995 | Fail: 1.982%\n"}
,{"stream_name":"stdout","time":9987.340984409,"data":"[Game 2280] Range: 2-9 | Median/Mean: 4.0 / 3.996 | Fail: 1.974%\n"}
,{"stream_name":"stdout","time":10023.070632637,"data":"[Game 2290] Range: 2-9 | Median/Mean: 4.0 / 3.997 | Fail: 2.009%\n"}
,{"stream_name":"stdout","time":10062.482788247,"data":"[Game 2300] Range: 2-9 | Median/Mean: 4.0 / 3.995 | Fail: 2.000%\n"}
,{"stream_name":"stdout","time":10096.977627881,"data":"[Game 2310] Range: 2-9 | Median/Mean: 4.0 / 3.996 | Fail: 1.991%\n"}
,{"stream_name":"stdout","time":10114.305923825,"data":"Summary:\n"}
,{"stream_name":"stdout","time":10114.31994471,"data":"Distribution across steps:\n"}
,{"stream_name":"stdout","time":10114.324726469,"data":"Key Metrics:\n"}
,{"stream_name":"stderr","time":10118.249687067,"data":"/opt/conda/lib/python3.7/site-packages/traitlets/traitlets.py:2567: FutureWarning: --Exporter.preprocessors=[\"remove_papermill_header.RemovePapermillHeader\"] for containers is deprecated in traitlets 5.0. You can pass `--Exporter.preprocessors item` ... multiple times to add items to a list.\n"}
,{"stream_name":"stderr","time":10118.249768362,"data":"  FutureWarning,\n"}
,{"stream_name":"stderr","time":10118.24978029,"data":"[NbConvertApp] Converting notebook __notebook__.ipynb to notebook\n"}
,{"stream_name":"stderr","time":10118.57095306,"data":"[NbConvertApp] Writing 32963 bytes to __notebook__.ipynb\n"}
,{"stream_name":"stderr","time":10120.845510631,"data":"/opt/conda/lib/python3.7/site-packages/traitlets/traitlets.py:2567: FutureWarning: --Exporter.preprocessors=[\"nbconvert.preprocessors.ExtractOutputPreprocessor\"] for containers is deprecated in traitlets 5.0. You can pass `--Exporter.preprocessors item` ... multiple times to add items to a list.\n"}
,{"stream_name":"stderr","time":10120.845611042,"data":"  FutureWarning,\n"}
,{"stream_name":"stderr","time":10120.845628663,"data":"[NbConvertApp] Converting notebook __notebook__.ipynb to html\n"}
,{"stream_name":"stderr","time":10121.395812589,"data":"[NbConvertApp] Writing 308335 bytes to __results__.html\n"}
]