[{"stream_name":"stderr","time":10.693479445,"data":"/opt/conda/lib/python3.7/site-packages/papermill/iorw.py:50: FutureWarning: pyarrow.HadoopFileSystem is deprecated as of 2.0.0, please use pyarrow.fs.HadoopFileSystem instead.\n"}
,{"stream_name":"stderr","time":10.693580505,"data":"  from pyarrow import HadoopFileSystem\n"}
,{"stream_name":"stdout","time":11.950580529,"data":"[ ---------- RAISE ----------]\n"}
,{"stream_name":"stdout","time":36.264567818,"data":"[Game 10] Range: 3-6 | Median/Mean: 4.0 / 4.300 | Fail: 0.000%\n"}
,{"stream_name":"stdout","time":67.432932238,"data":"[Game 20] Range: 2-6 | Median/Mean: 4.0 / 3.800 | Fail: 0.000%\n"}
,{"stream_name":"stdout","time":90.787634794,"data":"[Game 30] Range: 2-6 | Median/Mean: 4.0 / 3.800 | Fail: 0.000%\n"}
,{"stream_name":"stdout","time":131.99569727,"data":"[Game 40] Range: 2-6 | Median/Mean: 4.0 / 3.975 | Fail: 0.000%\n"}
,{"stream_name":"stdout","time":159.969581762,"data":"[Game 50] Range: 2-6 | Median/Mean: 4.0 / 3.940 | Fail: 0.000%\n"}
,{"stream_name":"stdout","time":187.341751446,"data":"[Game 60] Range: 2-6 | Median/Mean: 4.0 / 3.850 | Fail: 0.000%\n"}
,{"stream_name":"stdout","time":209.444008949,"data":"[Game 70] Range: 2-6 | Median/Mean: 4.0 / 3.900 | Fail: 0.000%\n"}
,{"stream_name":"stdout","time":249.292730337,"data":"[Game 80] Range: 2-6 | Median/Mean: 4.0 / 3.837 | Fail: 0.000%\n"}
,{"stream_name":"stdout","time":286.204760523,"data":"[Game 90] Range: 2-8 | Median/Mean: 4.0 / 3.911 | Fail: 1.111%\n"}
,{"stream_name":"stdout","time":319.615204999,"data":"[Game 100] Range: 2-8 | Median/Mean: 4.0 / 3.900 | Fail: 1.000%\n"}
,{"stream_name":"stdout","time":343.741586201,"data":"[Game 110] Range: 2-8 | Median/Mean: 4.0 / 3.891 | Fail: 0.909%\n"}
,{"stream_name":"stdout","time":388.458431375,"data":"[Game 120] Range: 2-8 | Median/Mean: 4.0 / 3.892 | Fail: 0.833%\n"}
,{"stream_name":"stdout","time":435.641629757,"data":"[Game 130] Range: 2-8 | Median/Mean: 4.0 / 3.908 | Fail: 1.538%\n"}
,{"stream_name":"stdout","time":476.204744768,"data":"[Game 140] Range: 2-8 | Median/Mean: 4.0 / 3.914 | Fail: 1.429%\n"}
,{"stream_name":"stdout","time":520.27216375,"data":"[Game 150] Range: 2-8 | Median/Mean: 4.0 / 3.913 | Fail: 1.333%\n"}
,{"stream_name":"stdout","time":543.193968392,"data":"[Game 160] Range: 2-8 | Median/Mean: 4.0 / 3.925 | Fail: 1.250%\n"}
,{"stream_name":"stdout","time":565.93670539,"data":"[Game 170] Range: 2-8 | Median/Mean: 4.0 / 3.900 | Fail: 1.176%\n"}
,{"stream_name":"stdout","time":587.21644308,"data":"[Game 180] Range: 2-8 | Median/Mean: 4.0 / 3.867 | Fail: 1.111%\n"}
,{"stream_name":"stdout","time":623.334496873,"data":"[Game 190] Range: 2-8 | Median/Mean: 4.0 / 3.900 | Fail: 1.053%\n"}
,{"stream_name":"stdout","time":642.110417462,"data":"[Game 200] Range: 2-8 | Median/Mean: 4.0 / 3.875 | Fail: 1.000%\n"}
,{"stream_name":"stdout","time":684.412791929,"data":"[Game 210] Range: 2-8 | Median/Mean: 4.0 / 3.881 | Fail: 0.952%\n"}
,{"stream_name":"stdout","time":711.858171046,"data":"[Game 220] Range: 2-8 | Median/Mean: 4.0 / 3.859 | Fail: 0.909%\n"}
,{"stream_name":"stdout","time":743.874632577,"data":"[Game 230] Range: 2-8 | Median/Mean: 4.0 / 3.857 | Fail: 0.870%\n"}
,{"stream_name":"stdout","time":780.832754082,"data":"[Game 240] Range: 2-8 | Median/Mean: 4.0 / 3.883 | Fail: 0.833%\n"}
,{"stream_name":"stdout","time":821.003051049,"data":"[Game 250] Range: 2-8 | Median/Mean: 4.0 / 3.916 | Fail: 0.800%\n"}
,{"stream_name":"stdout","time":854.210713095,"data":"[Game 260] Range: 2-8 | Median/Mean: 4.0 / 3.927 | Fail: 0.769%\n"}
,{"stream_name":"stdout","time":887.248574026,"data":"[Game 270] Range: 2-8 | Median/Mean: 4.0 / 3.926 | Fail: 0.741%\n"}
,{"stream_name":"stdout","time":914.380554575,"data":"[Game 280] Range: 2-8 | Median/Mean: 4.0 / 3.921 | Fail: 1.071%\n"}
,{"stream_name":"stdout","time":950.286189444,"data":"[Game 290] Range: 2-8 | Median/Mean: 4.0 / 3.931 | Fail: 1.034%\n"}
,{"stream_name":"stdout","time":977.642089584,"data":"[Game 300] Range: 2-8 | Median/Mean: 4.0 / 3.927 | Fail: 1.000%\n"}
,{"stream_name":"stdout","time":1004.430666764,"data":"[Game 310] Range: 2-8 | Median/Mean: 4.0 / 3.926 | Fail: 1.290%\n"}
,{"stream_name":"stdout","time":1032.478792173,"data":"[Game 320] Range: 2-8 | Median/Mean: 4.0 / 3.925 | Fail: 1.250%\n"}
,{"stream_name":"stdout","time":1058.641511625,"data":"[Game 330] Range: 2-8 | Median/Mean: 4.0 / 3.939 | Fail: 1.515%\n"}
,{"stream_name":"stdout","time":1088.918508633,"data":"[Game 340] Range: 2-8 | Median/Mean: 4.0 / 3.935 | Fail: 1.471%\n"}
,{"stream_name":"stdout","time":1122.365905195,"data":"[Game 350] Range: 2-8 | Median/Mean: 4.0 / 3.931 | Fail: 1.429%\n"}
,{"stream_name":"stdout","time":1158.985210281,"data":"[Game 360] Range: 2-8 | Median/Mean: 4.0 / 3.939 | Fail: 1.389%\n"}
,{"stream_name":"stdout","time":1194.844497809,"data":"[Game 370] Range: 2-8 | Median/Mean: 4.0 / 3.943 | Fail: 1.622%\n"}
,{"stream_name":"stdout","time":1228.715051235,"data":"[Game 380] Range: 2-8 | Median/Mean: 4.0 / 3.945 | Fail: 1.579%\n"}
,{"stream_name":"stdout","time":1262.802770503,"data":"[Game 390] Range: 2-8 | Median/Mean: 4.0 / 3.954 | Fail: 1.795%\n"}
,{"stream_name":"stdout","time":1296.13903579,"data":"[Game 400] Range: 2-8 | Median/Mean: 4.0 / 3.967 | Fail: 1.750%\n"}
,{"stream_name":"stdout","time":1338.019782298,"data":"[Game 410] Range: 2-8 | Median/Mean: 4.0 / 3.983 | Fail: 1.707%\n"}
,{"stream_name":"stdout","time":1376.120798227,"data":"[Game 420] Range: 2-8 | Median/Mean: 4.0 / 3.981 | Fail: 1.667%\n"}
,{"stream_name":"stdout","time":1412.762788609,"data":"[Game 430] Range: 2-8 | Median/Mean: 4.0 / 3.986 | Fail: 1.628%\n"}
,{"stream_name":"stdout","time":1450.321107912,"data":"[Game 440] Range: 2-8 | Median/Mean: 4.0 / 3.986 | Fail: 1.591%\n"}
,{"stream_name":"stdout","time":1488.991388667,"data":"[Game 450] Range: 2-8 | Median/Mean: 4.0 / 3.978 | Fail: 1.556%\n"}
,{"stream_name":"stdout","time":1516.351302756,"data":"[Game 460] Range: 2-8 | Median/Mean: 4.0 / 3.974 | Fail: 1.522%\n"}
,{"stream_name":"stdout","time":1560.503295446,"data":"[Game 470] Range: 2-8 | Median/Mean: 4.0 / 3.974 | Fail: 1.489%\n"}
,{"stream_name":"stdout","time":1592.883831117,"data":"[Game 480] Range: 2-8 | Median/Mean: 4.0 / 3.973 | Fail: 1.458%\n"}
,{"stream_name":"stdout","time":1617.918500298,"data":"[Game 490] Range: 2-8 | Median/Mean: 4.0 / 3.971 | Fail: 1.633%\n"}
,{"stream_name":"stdout","time":1652.911679401,"data":"[Game 500] Range: 2-8 | Median/Mean: 4.0 / 3.960 | Fail: 1.600%\n"}
,{"stream_name":"stdout","time":1677.125438308,"data":"[Game 510] Range: 2-8 | Median/Mean: 4.0 / 3.957 | Fail: 1.765%\n"}
,{"stream_name":"stdout","time":1710.836137499,"data":"[Game 520] Range: 2-8 | Median/Mean: 4.0 / 3.952 | Fail: 1.731%\n"}
,{"stream_name":"stdout","time":1745.047279684,"data":"[Game 530] Range: 2-8 | Median/Mean: 4.0 / 3.947 | Fail: 1.698%\n"}
,{"stream_name":"stdout","time":1792.711634313,"data":"[Game 540] Range: 2-8 | Median/Mean: 4.0 / 3.961 | Fail: 1.852%\n"}
,{"stream_name":"stdout","time":1826.397862066,"data":"[Game 550] Range: 2-8 | Median/Mean: 4.0 / 3.962 | Fail: 1.818%\n"}
,{"stream_name":"stdout","time":1852.711065416,"data":"[Game 560] Range: 2-8 | Median/Mean: 4.0 / 3.966 | Fail: 1.786%\n"}
,{"stream_name":"stdout","time":1875.963595131,"data":"[Game 570] Range: 2-8 | Median/Mean: 4.0 / 3.965 | Fail: 1.754%\n"}
,{"stream_name":"stdout","time":1910.929450466,"data":"[Game 580] Range: 2-8 | Median/Mean: 4.0 / 3.962 | Fail: 1.724%\n"}
,{"stream_name":"stdout","time":1943.396875587,"data":"[Game 590] Range: 2-8 | Median/Mean: 4.0 / 3.964 | Fail: 1.695%\n"}
,{"stream_name":"stdout","time":1987.377953554,"data":"[Game 600] Range: 2-8 | Median/Mean: 4.0 / 3.968 | Fail: 1.667%\n"}
,{"stream_name":"stdout","time":2024.44592217,"data":"[Game 610] Range: 2-8 | Median/Mean: 4.0 / 3.966 | Fail: 1.639%\n"}
,{"stream_name":"stdout","time":2051.112632987,"data":"[Game 620] Range: 2-8 | Median/Mean: 4.0 / 3.960 | Fail: 1.613%\n"}
,{"stream_name":"stdout","time":2077.756840591,"data":"[Game 630] Range: 2-8 | Median/Mean: 4.0 / 3.956 | Fail: 1.587%\n"}
,{"stream_name":"stdout","time":2116.332276173,"data":"[Game 640] Range: 2-8 | Median/Mean: 4.0 / 3.959 | Fail: 1.562%\n"}
,{"stream_name":"stdout","time":2155.557726354,"data":"[Game 650] Range: 2-8 | Median/Mean: 4.0 / 3.962 | Fail: 1.538%\n"}
,{"stream_name":"stdout","time":2182.636667405,"data":"[Game 660] Range: 2-8 | Median/Mean: 4.0 / 3.958 | Fail: 1.515%\n"}
,{"stream_name":"stdout","time":2217.034142764,"data":"[Game 670] Range: 2-8 | Median/Mean: 4.0 / 3.957 | Fail: 1.493%\n"}
,{"stream_name":"stdout","time":2250.740368333,"data":"[Game 680] Range: 2-8 | Median/Mean: 4.0 / 3.957 | Fail: 1.618%\n"}
,{"stream_name":"stdout","time":2273.827355392,"data":"[Game 690] Range: 2-8 | Median/Mean: 4.0 / 3.955 | Fail: 1.594%\n"}
,{"stream_name":"stdout","time":2304.759807037,"data":"[Game 700] Range: 2-8 | Median/Mean: 4.0 / 3.959 | Fail: 1.571%\n"}
,{"stream_name":"stdout","time":2341.462840954,"data":"[Game 710] Range: 2-8 | Median/Mean: 4.0 / 3.963 | Fail: 1.690%\n"}
,{"stream_name":"stdout","time":2371.664172255,"data":"[Game 720] Range: 2-8 | Median/Mean: 4.0 / 3.956 | Fail: 1.667%\n"}
,{"stream_name":"stdout","time":2397.933792802,"data":"[Game 730] Range: 2-8 | Median/Mean: 4.0 / 3.959 | Fail: 1.644%\n"}
,{"stream_name":"stdout","time":2436.786994342,"data":"[Game 740] Range: 2-8 | Median/Mean: 4.0 / 3.965 | Fail: 1.622%\n"}
,{"stream_name":"stdout","time":2472.262646137,"data":"[Game 750] Range: 2-8 | Median/Mean: 4.0 / 3.961 | Fail: 1.600%\n"}
,{"stream_name":"stdout","time":2505.456969812,"data":"[Game 760] Range: 2-8 | Median/Mean: 4.0 / 3.961 | Fail: 1.579%\n"}
,{"stream_name":"stdout","time":2531.510608402,"data":"[Game 770] Range: 2-8 | Median/Mean: 4.0 / 3.955 | Fail: 1.558%\n"}
,{"stream_name":"stdout","time":2564.31878447,"data":"[Game 780] Range: 2-8 | Median/Mean: 4.0 / 3.955 | Fail: 1.538%\n"}
,{"stream_name":"stdout","time":2608.955806836,"data":"[Game 790] Range: 2-8 | Median/Mean: 4.0 / 3.961 | Fail: 1.646%\n"}
,{"stream_name":"stdout","time":2648.976021952,"data":"[Game 800] Range: 2-8 | Median/Mean: 4.0 / 3.962 | Fail: 1.625%\n"}
,{"stream_name":"stdout","time":2669.648941431,"data":"[Game 810] Range: 2-8 | Median/Mean: 4.0 / 3.954 | Fail: 1.605%\n"}
,{"stream_name":"stdout","time":2695.042218148,"data":"[Game 820] Range: 2-8 | Median/Mean: 4.0 / 3.955 | Fail: 1.707%\n"}
,{"stream_name":"stdout","time":2731.420100001,"data":"[Game 830] Range: 2-8 | Median/Mean: 4.0 / 3.952 | Fail: 1.687%\n"}
,{"stream_name":"stdout","time":2767.36907305,"data":"[Game 840] Range: 2-8 | Median/Mean: 4.0 / 3.956 | Fail: 1.786%\n"}
,{"stream_name":"stdout","time":2798.58045234,"data":"[Game 850] Range: 2-8 | Median/Mean: 4.0 / 3.952 | Fail: 1.765%\n"}
,{"stream_name":"stdout","time":2829.64659733,"data":"[Game 860] Range: 2-8 | Median/Mean: 4.0 / 3.952 | Fail: 1.860%\n"}
,{"stream_name":"stdout","time":2854.684114718,"data":"[Game 870] Range: 2-8 | Median/Mean: 4.0 / 3.951 | Fail: 1.839%\n"}
,{"stream_name":"stdout","time":2894.142662318,"data":"[Game 880] Range: 2-8 | Median/Mean: 4.0 / 3.953 | Fail: 1.818%\n"}
,{"stream_name":"stdout","time":2917.26971781,"data":"[Game 890] Range: 2-8 | Median/Mean: 4.0 / 3.952 | Fail: 1.798%\n"}
,{"stream_name":"stdout","time":2958.388446311,"data":"[Game 900] Range: 2-8 | Median/Mean: 4.0 / 3.949 | Fail: 1.778%\n"}
,{"stream_name":"stdout","time":2984.875106263,"data":"[Game 910] Range: 2-8 | Median/Mean: 4.0 / 3.948 | Fail: 1.868%\n"}
,{"stream_name":"stdout","time":3018.031185988,"data":"[Game 920] Range: 2-8 | Median/Mean: 4.0 / 3.949 | Fail: 1.848%\n"}
,{"stream_name":"stdout","time":3044.467488964,"data":"[Game 930] Range: 2-8 | Median/Mean: 4.0 / 3.946 | Fail: 1.828%\n"}
,{"stream_name":"stdout","time":3074.314520946,"data":"[Game 940] Range: 2-8 | Median/Mean: 4.0 / 3.948 | Fail: 1.809%\n"}
,{"stream_name":"stdout","time":3112.275810433,"data":"[Game 950] Range: 2-8 | Median/Mean: 4.0 / 3.947 | Fail: 1.789%\n"}
,{"stream_name":"stdout","time":3143.164032008,"data":"[Game 960] Range: 2-8 | Median/Mean: 4.0 / 3.949 | Fail: 1.771%\n"}
,{"stream_name":"stdout","time":3164.855371617,"data":"[Game 970] Range: 2-8 | Median/Mean: 4.0 / 3.951 | Fail: 1.753%\n"}
,{"stream_name":"stdout","time":3201.089388129,"data":"[Game 980] Range: 2-8 | Median/Mean: 4.0 / 3.952 | Fail: 1.837%\n"}
,{"stream_name":"stdout","time":3253.330070586,"data":"[Game 990] Range: 2-8 | Median/Mean: 4.0 / 3.957 | Fail: 1.919%\n"}
,{"stream_name":"stdout","time":3282.221619982,"data":"[Game 1000] Range: 2-8 | Median/Mean: 4.0 / 3.956 | Fail: 1.900%\n"}
,{"stream_name":"stdout","time":3306.416635711,"data":"[Game 1010] Range: 2-8 | Median/Mean: 4.0 / 3.952 | Fail: 1.881%\n"}
,{"stream_name":"stdout","time":3345.49284534,"data":"[Game 1020] Range: 2-8 | Median/Mean: 4.0 / 3.952 | Fail: 1.863%\n"}
,{"stream_name":"stdout","time":3370.755981516,"data":"[Game 1030] Range: 2-8 | Median/Mean: 4.0 / 3.947 | Fail: 1.845%\n"}
,{"stream_name":"stdout","time":3400.586188733,"data":"[Game 1040] Range: 2-8 | Median/Mean: 4.0 / 3.948 | Fail: 1.827%\n"}
,{"stream_name":"stdout","time":3431.009046033,"data":"[Game 1050] Range: 2-8 | Median/Mean: 4.0 / 3.946 | Fail: 1.810%\n"}
,{"stream_name":"stdout","time":3464.189520528,"data":"[Game 1060] Range: 2-8 | Median/Mean: 4.0 / 3.946 | Fail: 1.792%\n"}
,{"stream_name":"stdout","time":3482.144454805,"data":"[Game 1070] Range: 2-8 | Median/Mean: 4.0 / 3.942 | Fail: 1.776%\n"}
,{"stream_name":"stdout","time":3512.0941293,"data":"[Game 1080] Range: 2-8 | Median/Mean: 4.0 / 3.942 | Fail: 1.759%\n"}
,{"stream_name":"stdout","time":3546.847811145,"data":"[Game 1090] Range: 2-8 | Median/Mean: 4.0 / 3.945 | Fail: 1.743%\n"}
,{"stream_name":"stdout","time":3591.546899405,"data":"[Game 1100] Range: 2-8 | Median/Mean: 4.0 / 3.948 | Fail: 1.727%\n"}
,{"stream_name":"stdout","time":3625.389711416,"data":"[Game 1110] Range: 2-8 | Median/Mean: 4.0 / 3.951 | Fail: 1.712%\n"}
,{"stream_name":"stdout","time":3648.719453529,"data":"[Game 1120] Range: 2-8 | Median/Mean: 4.0 / 3.947 | Fail: 1.696%\n"}
,{"stream_name":"stdout","time":3679.469336188,"data":"[Game 1130] Range: 2-8 | Median/Mean: 4.0 / 3.946 | Fail: 1.681%\n"}
,{"stream_name":"stdout","time":3711.136319489,"data":"[Game 1140] Range: 2-8 | Median/Mean: 4.0 / 3.946 | Fail: 1.667%\n"}
,{"stream_name":"stdout","time":3743.25416956,"data":"[Game 1150] Range: 2-8 | Median/Mean: 4.0 / 3.948 | Fail: 1.652%\n"}
,{"stream_name":"stdout","time":3778.203980602,"data":"[Game 1160] Range: 2-8 | Median/Mean: 4.0 / 3.949 | Fail: 1.638%\n"}
,{"stream_name":"stdout","time":3810.153853467,"data":"[Game 1170] Range: 2-8 | Median/Mean: 4.0 / 3.953 | Fail: 1.624%\n"}
,{"stream_name":"stdout","time":3838.971897582,"data":"[Game 1180] Range: 2-8 | Median/Mean: 4.0 / 3.952 | Fail: 1.610%\n"}
,{"stream_name":"stdout","time":3875.966122527,"data":"[Game 1190] Range: 2-8 | Median/Mean: 4.0 / 3.951 | Fail: 1.597%\n"}
,{"stream_name":"stdout","time":3909.812450735,"data":"[Game 1200] Range: 2-8 | Median/Mean: 4.0 / 3.947 | Fail: 1.583%\n"}
,{"stream_name":"stdout","time":3935.001477501,"data":"[Game 1210] Range: 2-8 | Median/Mean: 4.0 / 3.941 | Fail: 1.570%\n"}
,{"stream_name":"stdout","time":3964.43550934,"data":"[Game 1220] Range: 2-8 | Median/Mean: 4.0 / 3.941 | Fail: 1.557%\n"}
,{"stream_name":"stdout","time":4004.510332874,"data":"[Game 1230] Range: 2-8 | Median/Mean: 4.0 / 3.946 | Fail: 1.626%\n"}
,{"stream_name":"stdout","time":4037.13527794,"data":"[Game 1240] Range: 2-8 | Median/Mean: 4.0 / 3.944 | Fail: 1.613%\n"}
,{"stream_name":"stdout","time":4064.991220135,"data":"[Game 1250] Range: 2-8 | Median/Mean: 4.0 / 3.946 | Fail: 1.600%\n"}
,{"stream_name":"stdout","time":4099.459041279,"data":"[Game 1260] Range: 2-8 | Median/Mean: 4.0 / 3.951 | Fail: 1.746%\n"}
,{"stream_name":"stdout","time":4133.191386589,"data":"[Game 1270] Range: 2-8 | Median/Mean: 4.0 / 3.954 | Fail: 1.811%\n"}
,{"stream_name":"stdout","time":4161.813549215,"data":"[Game 1280] Range: 2-8 | Median/Mean: 4.0 / 3.953 | Fail: 1.797%\n"}
,{"stream_name":"stdout","time":4186.402311813,"data":"[Game 1290] Range: 2-8 | Median/Mean: 4.0 / 3.953 | Fail: 1.783%\n"}
,{"stream_name":"stdout","time":4208.147663361,"data":"[Game 1300] Range: 2-8 | Median/Mean: 4.0 / 3.951 | Fail: 1.769%\n"}
,{"stream_name":"stdout","time":4237.976209783,"data":"[Game 1310] Range: 2-8 | Median/Mean: 4.0 / 3.952 | Fail: 1.756%\n"}
,{"stream_name":"stdout","time":4272.770149922,"data":"[Game 1320] Range: 2-8 | Median/Mean: 4.0 / 3.953 | Fail: 1.742%\n"}
,{"stream_name":"stdout","time":4311.31336056,"data":"[Game 1330] Range: 2-8 | Median/Mean: 4.0 / 3.954 | Fail: 1.729%\n"}
,{"stream_name":"stdout","time":4343.376391629,"data":"[Game 1340] Range: 2-8 | Median/Mean: 4.0 / 3.955 | Fail: 1.716%\n"}
,{"stream_name":"stdout","time":4365.676545854,"data":"[Game 1350] Range: 2-8 | Median/Mean: 4.0 / 3.953 | Fail: 1.704%\n"}
,{"stream_name":"stdout","time":4399.372055717,"data":"[Game 1360] Range: 2-8 | Median/Mean: 4.0 / 3.954 | Fail: 1.691%\n"}
,{"stream_name":"stdout","time":4432.958814879,"data":"[Game 1370] Range: 2-8 | Median/Mean: 4.0 / 3.954 | Fail: 1.679%\n"}
,{"stream_name":"stdout","time":4467.08047534,"data":"[Game 1380] Range: 2-8 | Median/Mean: 4.0 / 3.954 | Fail: 1.739%\n"}
,{"stream_name":"stdout","time":4492.275517171,"data":"[Game 1390] Range: 2-8 | Median/Mean: 4.0 / 3.955 | Fail: 1.727%\n"}
,{"stream_name":"stdout","time":4525.62633397,"data":"[Game 1400] Range: 2-8 | Median/Mean: 4.0 / 3.957 | Fail: 1.786%\n"}
,{"stream_name":"stdout","time":4556.770401561,"data":"[Game 1410] Range: 2-8 | Median/Mean: 4.0 / 3.961 | Fail: 1.773%\n"}
,{"stream_name":"stdout","time":4582.50982301,"data":"[Game 1420] Range: 2-8 | Median/Mean: 4.0 / 3.958 | Fail: 1.761%\n"}
,{"stream_name":"stdout","time":4603.952330121,"data":"[Game 1430] Range: 2-8 | Median/Mean: 4.0 / 3.955 | Fail: 1.748%\n"}
,{"stream_name":"stdout","time":4636.527209961,"data":"[Game 1440] Range: 2-9 | Median/Mean: 4.0 / 3.960 | Fail: 1.806%\n"}
,{"stream_name":"stdout","time":4671.754456647,"data":"[Game 1450] Range: 2-9 | Median/Mean: 4.0 / 3.964 | Fail: 1.862%\n"}
,{"stream_name":"stdout","time":4697.766586956,"data":"[Game 1460] Range: 2-9 | Median/Mean: 4.0 / 3.965 | Fail: 1.849%\n"}
,{"stream_name":"stdout","time":4728.149935631,"data":"[Game 1470] Range: 2-9 | Median/Mean: 4.0 / 3.965 | Fail: 1.837%\n"}
,{"stream_name":"stdout","time":4755.659334851,"data":"[Game 1480] Range: 2-9 | Median/Mean: 4.0 / 3.964 | Fail: 1.824%\n"}
,{"stream_name":"stdout","time":4779.007279783,"data":"[Game 1490] Range: 2-9 | Median/Mean: 4.0 / 3.963 | Fail: 1.812%\n"}
,{"stream_name":"stdout","time":4812.302473734,"data":"[Game 1500] Range: 2-9 | Median/Mean: 4.0 / 3.961 | Fail: 1.800%\n"}
,{"stream_name":"stdout","time":4857.118002763,"data":"[Game 1510] Range: 2-9 | Median/Mean: 4.0 / 3.962 | Fail: 1.854%\n"}
,{"stream_name":"stdout","time":4888.840032956,"data":"[Game 1520] Range: 2-9 | Median/Mean: 4.0 / 3.963 | Fail: 1.842%\n"}
,{"stream_name":"stdout","time":4925.426600439,"data":"[Game 1530] Range: 2-9 | Median/Mean: 4.0 / 3.964 | Fail: 1.830%\n"}
,{"stream_name":"stdout","time":4963.688668421,"data":"[Game 1540] Range: 2-9 | Median/Mean: 4.0 / 3.962 | Fail: 1.818%\n"}
,{"stream_name":"stdout","time":4982.421665595,"data":"[Game 1550] Range: 2-9 | Median/Mean: 4.0 / 3.961 | Fail: 1.871%\n"}
,{"stream_name":"stdout","time":5004.140999094,"data":"[Game 1560] Range: 2-9 | Median/Mean: 4.0 / 3.958 | Fail: 1.859%\n"}
,{"stream_name":"stdout","time":5032.180477817,"data":"[Game 1570] Range: 2-9 | Median/Mean: 4.0 / 3.957 | Fail: 1.847%\n"}
,{"stream_name":"stdout","time":5075.714730025,"data":"[Game 1580] Range: 2-9 | Median/Mean: 4.0 / 3.957 | Fail: 1.835%\n"}
,{"stream_name":"stdout","time":5100.589189962,"data":"[Game 1590] Range: 2-9 | Median/Mean: 4.0 / 3.954 | Fail: 1.824%\n"}
,{"stream_name":"stdout","time":5135.19810486,"data":"[Game 1600] Range: 2-9 | Median/Mean: 4.0 / 3.956 | Fail: 1.875%\n"}
,{"stream_name":"stdout","time":5169.892283829,"data":"[Game 1610] Range: 2-9 | Median/Mean: 4.0 / 3.955 | Fail: 1.863%\n"}
,{"stream_name":"stdout","time":5201.316489354,"data":"[Game 1620] Range: 2-9 | Median/Mean: 4.0 / 3.957 | Fail: 1.852%\n"}
,{"stream_name":"stdout","time":5237.750539724,"data":"[Game 1630] Range: 2-9 | Median/Mean: 4.0 / 3.956 | Fail: 1.840%\n"}
,{"stream_name":"stdout","time":5269.462023238,"data":"[Game 1640] Range: 2-9 | Median/Mean: 4.0 / 3.954 | Fail: 1.829%\n"}
,{"stream_name":"stdout","time":5305.220399131,"data":"[Game 1650] Range: 2-9 | Median/Mean: 4.0 / 3.958 | Fail: 1.939%\n"}
,{"stream_name":"stdout","time":5349.20909752,"data":"[Game 1660] Range: 2-9 | Median/Mean: 4.0 / 3.961 | Fail: 1.928%\n"}
,{"stream_name":"stdout","time":5378.611734674,"data":"[Game 1670] Range: 1-9 | Median/Mean: 4.0 / 3.959 | Fail: 1.916%\n"}
,{"stream_name":"stdout","time":5410.415709007,"data":"[Game 1680] Range: 1-9 | Median/Mean: 4.0 / 3.959 | Fail: 1.905%\n"}
,{"stream_name":"stdout","time":5444.760918625,"data":"[Game 1690] Range: 1-9 | Median/Mean: 4.0 / 3.957 | Fail: 1.893%\n"}
,{"stream_name":"stdout","time":5470.754780329,"data":"[Game 1700] Range: 1-9 | Median/Mean: 4.0 / 3.958 | Fail: 1.882%\n"}
,{"stream_name":"stdout","time":5497.873643622,"data":"[Game 1710] Range: 1-9 | Median/Mean: 4.0 / 3.957 | Fail: 1.871%\n"}
,{"stream_name":"stdout","time":5521.944069086,"data":"[Game 1720] Range: 1-9 | Median/Mean: 4.0 / 3.957 | Fail: 1.860%\n"}
,{"stream_name":"stdout","time":5555.978671017,"data":"[Game 1730] Range: 1-9 | Median/Mean: 4.0 / 3.955 | Fail: 1.850%\n"}
,{"stream_name":"stdout","time":5594.279006604,"data":"[Game 1740] Range: 1-9 | Median/Mean: 4.0 / 3.956 | Fail: 1.897%\n"}
,{"stream_name":"stdout","time":5628.025557365,"data":"[Game 1750] Range: 1-9 | Median/Mean: 4.0 / 3.954 | Fail: 1.886%\n"}
,{"stream_name":"stdout","time":5669.83375897,"data":"[Game 1760] Range: 1-9 | Median/Mean: 4.0 / 3.953 | Fail: 1.875%\n"}
,{"stream_name":"stdout","time":5711.797658958,"data":"[Game 1770] Range: 1-9 | Median/Mean: 4.0 / 3.953 | Fail: 1.864%\n"}
,{"stream_name":"stdout","time":5748.800862758,"data":"[Game 1780] Range: 1-9 | Median/Mean: 4.0 / 3.953 | Fail: 1.854%\n"}
,{"stream_name":"stdout","time":5779.427770282,"data":"[Game 1790] Range: 1-9 | Median/Mean: 4.0 / 3.953 | Fail: 1.844%\n"}
,{"stream_name":"stdout","time":5807.467141653,"data":"[Game 1800] Range: 1-9 | Median/Mean: 4.0 / 3.951 | Fail: 1.833%\n"}
,{"stream_name":"stdout","time":5837.370280299,"data":"[Game 1810] Range: 1-9 | Median/Mean: 4.0 / 3.954 | Fail: 1.823%\n"}
,{"stream_name":"stdout","time":5874.517950255,"data":"[Game 1820] Range: 1-9 | Median/Mean: 4.0 / 3.954 | Fail: 1.813%\n"}
,{"stream_name":"stdout","time":5914.436380375,"data":"[Game 1830] Range: 1-9 | Median/Mean: 4.0 / 3.953 | Fail: 1.803%\n"}
,{"stream_name":"stdout","time":5945.721949673,"data":"[Game 1840] Range: 1-9 | Median/Mean: 4.0 / 3.952 | Fail: 1.793%\n"}
,{"stream_name":"stdout","time":5981.033643151,"data":"[Game 1850] Range: 1-9 | Median/Mean: 4.0 / 3.952 | Fail: 1.784%\n"}
,{"stream_name":"stdout","time":6000.368709458,"data":"[Game 1860] Range: 1-9 | Median/Mean: 4.0 / 3.950 | Fail: 1.774%\n"}
,{"stream_name":"stdout","time":6038.248365751,"data":"[Game 1870] Range: 1-9 | Median/Mean: 4.0 / 3.948 | Fail: 1.765%\n"}
,{"stream_name":"stdout","time":6084.834125188,"data":"[Game 1880] Range: 1-9 | Median/Mean: 4.0 / 3.954 | Fail: 1.915%\n"}
,{"stream_name":"stdout","time":6119.945885886,"data":"[Game 1890] Range: 1-9 | Median/Mean: 4.0 / 3.954 | Fail: 1.905%\n"}
,{"stream_name":"stdout","time":6159.599788482,"data":"[Game 1900] Range: 1-9 | Median/Mean: 4.0 / 3.958 | Fail: 1.895%\n"}
,{"stream_name":"stdout","time":6189.134897755,"data":"[Game 1910] Range: 1-9 | Median/Mean: 4.0 / 3.958 | Fail: 1.885%\n"}
,{"stream_name":"stdout","time":6219.251676599,"data":"[Game 1920] Range: 1-9 | Median/Mean: 4.0 / 3.956 | Fail: 1.875%\n"}
,{"stream_name":"stdout","time":6261.393956848,"data":"[Game 1930] Range: 1-9 | Median/Mean: 4.0 / 3.956 | Fail: 1.865%\n"}
,{"stream_name":"stdout","time":6307.057345537,"data":"[Game 1940] Range: 1-9 | Median/Mean: 4.0 / 3.958 | Fail: 1.856%\n"}
,{"stream_name":"stdout","time":6332.541711642,"data":"[Game 1950] Range: 1-9 | Median/Mean: 4.0 / 3.955 | Fail: 1.846%\n"}
,{"stream_name":"stdout","time":6378.898877512,"data":"[Game 1960] Range: 1-9 | Median/Mean: 4.0 / 3.958 | Fail: 1.888%\n"}
,{"stream_name":"stdout","time":6404.995306226,"data":"[Game 1970] Range: 1-9 | Median/Mean: 4.0 / 3.957 | Fail: 1.878%\n"}
,{"stream_name":"stdout","time":6434.662293296,"data":"[Game 1980] Range: 1-9 | Median/Mean: 4.0 / 3.957 | Fail: 1.869%\n"}
,{"stream_name":"stdout","time":6467.434529056,"data":"[Game 1990] Range: 1-9 | Median/Mean: 4.0 / 3.954 | Fail: 1.859%\n"}
,{"stream_name":"stdout","time":6499.47027886,"data":"[Game 2000] Range: 1-9 | Median/Mean: 4.0 / 3.954 | Fail: 1.900%\n"}
,{"stream_name":"stdout","time":6533.282369737,"data":"[Game 2010] Range: 1-9 | Median/Mean: 4.0 / 3.955 | Fail: 1.891%\n"}
,{"stream_name":"stdout","time":6564.52479337,"data":"[Game 2020] Range: 1-9 | Median/Mean: 4.0 / 3.956 | Fail: 1.881%\n"}
,{"stream_name":"stdout","time":6597.074241472,"data":"[Game 2030] Range: 1-9 | Median/Mean: 4.0 / 3.955 | Fail: 1.872%\n"}
,{"stream_name":"stdout","time":6632.572405681,"data":"[Game 2040] Range: 1-9 | Median/Mean: 4.0 / 3.958 | Fail: 1.863%\n"}
,{"stream_name":"stdout","time":6667.371101769,"data":"[Game 2050] Range: 1-9 | Median/Mean: 4.0 / 3.959 | Fail: 1.854%\n"}
,{"stream_name":"stdout","time":6692.729703504,"data":"[Game 2060] Range: 1-9 | Median/Mean: 4.0 / 3.959 | Fail: 1.845%\n"}
,{"stream_name":"stdout","time":6730.777913349,"data":"[Game 2070] Range: 1-9 | Median/Mean: 4.0 / 3.963 | Fail: 1.884%\n"}
,{"stream_name":"stdout","time":6766.02977122,"data":"[Game 2080] Range: 1-9 | Median/Mean: 4.0 / 3.965 | Fail: 1.923%\n"}
,{"stream_name":"stdout","time":6792.196545647,"data":"[Game 2090] Range: 1-9 | Median/Mean: 4.0 / 3.962 | Fail: 1.914%\n"}
,{"stream_name":"stdout","time":6827.968511772,"data":"[Game 2100] Range: 1-9 | Median/Mean: 4.0 / 3.964 | Fail: 1.952%\n"}
,{"stream_name":"stdout","time":6872.125044113,"data":"[Game 2110] Range: 1-9 | Median/Mean: 4.0 / 3.965 | Fail: 1.943%\n"}
,{"stream_name":"stdout","time":6905.650039902,"data":"[Game 2120] Range: 1-9 | Median/Mean: 4.0 / 3.965 | Fail: 1.934%\n"}
,{"stream_name":"stdout","time":6938.838681182,"data":"[Game 2130] Range: 1-9 | Median/Mean: 4.0 / 3.967 | Fail: 1.925%\n"}
,{"stream_name":"stdout","time":6978.708227456,"data":"[Game 2140] Range: 1-9 | Median/Mean: 4.0 / 3.968 | Fail: 1.963%\n"}
,{"stream_name":"stdout","time":7015.638953659,"data":"[Game 2150] Range: 1-9 | Median/Mean: 4.0 / 3.969 | Fail: 1.953%\n"}
,{"stream_name":"stdout","time":7050.563927757,"data":"[Game 2160] Range: 1-9 | Median/Mean: 4.0 / 3.970 | Fail: 1.991%\n"}
,{"stream_name":"stdout","time":7087.931694227,"data":"[Game 2170] Range: 1-9 | Median/Mean: 4.0 / 3.972 | Fail: 2.028%\n"}
,{"stream_name":"stdout","time":7127.953655743,"data":"[Game 2180] Range: 1-9 | Median/Mean: 4.0 / 3.973 | Fail: 2.018%\n"}
,{"stream_name":"stdout","time":7156.977939321,"data":"[Game 2190] Range: 1-9 | Median/Mean: 4.0 / 3.973 | Fail: 2.009%\n"}
,{"stream_name":"stdout","time":7184.916210892,"data":"[Game 2200] Range: 1-9 | Median/Mean: 4.0 / 3.972 | Fail: 2.000%\n"}
,{"stream_name":"stdout","time":7221.057812051,"data":"[Game 2210] Range: 1-9 | Median/Mean: 4.0 / 3.971 | Fail: 1.991%\n"}
,{"stream_name":"stdout","time":7256.609733552,"data":"[Game 2220] Range: 1-9 | Median/Mean: 4.0 / 3.974 | Fail: 2.027%\n"}
,{"stream_name":"stdout","time":7294.516538317,"data":"[Game 2230] Range: 1-9 | Median/Mean: 4.0 / 3.974 | Fail: 2.018%\n"}
,{"stream_name":"stdout","time":7313.865604355,"data":"[Game 2240] Range: 1-9 | Median/Mean: 4.0 / 3.973 | Fail: 2.054%\n"}
,{"stream_name":"stdout","time":7345.905413065,"data":"[Game 2250] Range: 1-9 | Median/Mean: 4.0 / 3.974 | Fail: 2.044%\n"}
,{"stream_name":"stdout","time":7378.795395062,"data":"[Game 2260] Range: 1-9 | Median/Mean: 4.0 / 3.974 | Fail: 2.080%\n"}
,{"stream_name":"stdout","time":7407.48439029,"data":"[Game 2270] Range: 1-9 | Median/Mean: 4.0 / 3.974 | Fail: 2.070%\n"}
,{"stream_name":"stdout","time":7440.711978235,"data":"[Game 2280] Range: 1-9 | Median/Mean: 4.0 / 3.974 | Fail: 2.061%\n"}
,{"stream_name":"stdout","time":7479.822766332,"data":"[Game 2290] Range: 1-9 | Median/Mean: 4.0 / 3.976 | Fail: 2.096%\n"}
,{"stream_name":"stdout","time":7501.759794675,"data":"[Game 2300] Range: 1-9 | Median/Mean: 4.0 / 3.976 | Fail: 2.087%\n"}
,{"stream_name":"stdout","time":7526.106476044,"data":"[Game 2310] Range: 1-9 | Median/Mean: 4.0 / 3.975 | Fail: 2.078%\n"}
,{"stream_name":"stdout","time":7533.017606541,"data":"Summary:\n"}
,{"stream_name":"stdout","time":7533.028406519,"data":"Distribution across steps:\n"}
,{"stream_name":"stdout","time":7533.034023619,"data":"Key Metrics:\n"}
,{"stream_name":"stderr","time":7536.3005833,"data":"/opt/conda/lib/python3.7/site-packages/traitlets/traitlets.py:2567: FutureWarning: --Exporter.preprocessors=[\"remove_papermill_header.RemovePapermillHeader\"] for containers is deprecated in traitlets 5.0. You can pass `--Exporter.preprocessors item` ... multiple times to add items to a list.\n"}
,{"stream_name":"stderr","time":7536.300632511,"data":"  FutureWarning,\n"}
,{"stream_name":"stderr","time":7536.300638771,"data":"[NbConvertApp] Converting notebook __notebook__.ipynb to notebook\n"}
,{"stream_name":"stderr","time":7536.644750749,"data":"[NbConvertApp] Writing 33047 bytes to __notebook__.ipynb\n"}
,{"stream_name":"stderr","time":7538.563627504,"data":"/opt/conda/lib/python3.7/site-packages/traitlets/traitlets.py:2567: FutureWarning: --Exporter.preprocessors=[\"nbconvert.preprocessors.ExtractOutputPreprocessor\"] for containers is deprecated in traitlets 5.0. You can pass `--Exporter.preprocessors item` ... multiple times to add items to a list.\n"}
,{"stream_name":"stderr","time":7538.563713384,"data":"  FutureWarning,\n"}
,{"stream_name":"stderr","time":7538.563802504,"data":"[NbConvertApp] Converting notebook __notebook__.ipynb to html\n"}
,{"stream_name":"stderr","time":7539.048645665,"data":"[NbConvertApp] Writing 308375 bytes to __results__.html\n"}
]