[{"stream_name":"stderr","time":14.29695299,"data":"/opt/conda/lib/python3.7/site-packages/papermill/iorw.py:50: FutureWarning: pyarrow.HadoopFileSystem is deprecated as of 2.0.0, please use pyarrow.fs.HadoopFileSystem instead.\n"}
,{"stream_name":"stderr","time":14.29702659,"data":"  from pyarrow import HadoopFileSystem\n"}
,{"stream_name":"stdout","time":16.049940114,"data":"[ ---------- LORES ----------]\n"}
,{"stream_name":"stdout","time":80.118671328,"data":"[Game 10] Range: 2-5 | Median/Mean: 4.0 / 3.800 | Fail: 0.000%\n"}
,{"stream_name":"stdout","time":152.259926079,"data":"[Game 20] Range: 2-5 | Median/Mean: 4.0 / 3.950 | Fail: 0.000%\n"}
,{"stream_name":"stdout","time":205.258764957,"data":"[Game 30] Range: 2-6 | Median/Mean: 4.0 / 3.967 | Fail: 0.000%\n"}
,{"stream_name":"stdout","time":262.741334421,"data":"[Game 40] Range: 2-7 | Median/Mean: 4.0 / 4.200 | Fail: 2.500%\n"}
,{"stream_name":"stdout","time":328.322266229,"data":"[Game 50] Range: 2-7 | Median/Mean: 4.0 / 4.240 | Fail: 4.000%\n"}
,{"stream_name":"stdout","time":371.140662451,"data":"[Game 60] Range: 2-7 | Median/Mean: 4.0 / 4.133 | Fail: 3.333%\n"}
,{"stream_name":"stdout","time":426.632572723,"data":"[Game 70] Range: 2-7 | Median/Mean: 4.0 / 4.200 | Fail: 4.286%\n"}
,{"stream_name":"stdout","time":460.898555907,"data":"[Game 80] Range: 2-7 | Median/Mean: 4.0 / 4.088 | Fail: 3.750%\n"}
,{"stream_name":"stdout","time":481.580706183,"data":"[Game 90] Range: 2-8 | Median/Mean: 4.0 / 4.100 | Fail: 4.444%\n"}
,{"stream_name":"stdout","time":508.644888889,"data":"[Game 100] Range: 2-8 | Median/Mean: 4.0 / 4.020 | Fail: 4.000%\n"}
,{"stream_name":"stdout","time":570.818567576,"data":"[Game 110] Range: 2-8 | Median/Mean: 4.0 / 4.018 | Fail: 3.636%\n"}
,{"stream_name":"stdout","time":625.659256934,"data":"[Game 120] Range: 2-8 | Median/Mean: 4.0 / 4.033 | Fail: 4.167%\n"}
,{"stream_name":"stdout","time":659.231387049,"data":"[Game 130] Range: 2-8 | Median/Mean: 4.0 / 4.062 | Fail: 4.615%\n"}
,{"stream_name":"stdout","time":704.956123351,"data":"[Game 140] Range: 2-8 | Median/Mean: 4.0 / 4.064 | Fail: 4.286%\n"}
,{"stream_name":"stdout","time":761.859607378,"data":"[Game 150] Range: 2-8 | Median/Mean: 4.0 / 4.073 | Fail: 4.667%\n"}
,{"stream_name":"stdout","time":803.106158507,"data":"[Game 160] Range: 2-8 | Median/Mean: 4.0 / 4.062 | Fail: 4.375%\n"}
,{"stream_name":"stdout","time":845.065656564,"data":"[Game 170] Range: 2-8 | Median/Mean: 4.0 / 4.047 | Fail: 4.118%\n"}
,{"stream_name":"stdout","time":898.530521602,"data":"[Game 180] Range: 2-8 | Median/Mean: 4.0 / 4.039 | Fail: 3.889%\n"}
,{"stream_name":"stdout","time":974.584806332,"data":"[Game 190] Range: 2-8 | Median/Mean: 4.0 / 4.053 | Fail: 3.684%\n"}
,{"stream_name":"stdout","time":1021.532543064,"data":"[Game 200] Range: 2-8 | Median/Mean: 4.0 / 4.020 | Fail: 3.500%\n"}
,{"stream_name":"stdout","time":1081.574290447,"data":"[Game 210] Range: 2-8 | Median/Mean: 4.0 / 4.024 | Fail: 3.333%\n"}
,{"stream_name":"stdout","time":1130.62496422,"data":"[Game 220] Range: 2-8 | Median/Mean: 4.0 / 4.009 | Fail: 3.182%\n"}
,{"stream_name":"stdout","time":1171.721749111,"data":"[Game 230] Range: 2-8 | Median/Mean: 4.0 / 4.013 | Fail: 3.043%\n"}
,{"stream_name":"stdout","time":1211.977578456,"data":"[Game 240] Range: 2-8 | Median/Mean: 4.0 / 4.008 | Fail: 2.917%\n"}
,{"stream_name":"stdout","time":1263.982631155,"data":"[Game 250] Range: 2-8 | Median/Mean: 4.0 / 4.016 | Fail: 2.800%\n"}
,{"stream_name":"stdout","time":1309.554764865,"data":"[Game 260] Range: 2-8 | Median/Mean: 4.0 / 4.031 | Fail: 2.692%\n"}
,{"stream_name":"stdout","time":1347.849008737,"data":"[Game 270] Range: 2-8 | Median/Mean: 4.0 / 4.019 | Fail: 2.593%\n"}
,{"stream_name":"stdout","time":1392.836394061,"data":"[Game 280] Range: 2-8 | Median/Mean: 4.0 / 4.007 | Fail: 2.500%\n"}
,{"stream_name":"stdout","time":1438.207806727,"data":"[Game 290] Range: 2-8 | Median/Mean: 4.0 / 3.993 | Fail: 2.414%\n"}
,{"stream_name":"stdout","time":1488.18881662,"data":"[Game 300] Range: 2-8 | Median/Mean: 4.0 / 3.990 | Fail: 2.333%\n"}
,{"stream_name":"stdout","time":1550.892366181,"data":"[Game 310] Range: 2-8 | Median/Mean: 4.0 / 3.987 | Fail: 2.581%\n"}
,{"stream_name":"stdout","time":1583.92332843,"data":"[Game 320] Range: 2-8 | Median/Mean: 4.0 / 3.981 | Fail: 2.812%\n"}
,{"stream_name":"stdout","time":1623.215047536,"data":"[Game 330] Range: 2-8 | Median/Mean: 4.0 / 3.988 | Fail: 2.727%\n"}
,{"stream_name":"stdout","time":1676.075857818,"data":"[Game 340] Range: 2-8 | Median/Mean: 4.0 / 3.979 | Fail: 2.647%\n"}
,{"stream_name":"stdout","time":1715.44924666,"data":"[Game 350] Range: 2-8 | Median/Mean: 4.0 / 3.971 | Fail: 2.857%\n"}
,{"stream_name":"stdout","time":1774.354294951,"data":"[Game 360] Range: 2-8 | Median/Mean: 4.0 / 3.975 | Fail: 2.778%\n"}
,{"stream_name":"stdout","time":1819.767834167,"data":"[Game 370] Range: 2-8 | Median/Mean: 4.0 / 3.968 | Fail: 2.703%\n"}
,{"stream_name":"stdout","time":1867.990184315,"data":"[Game 380] Range: 2-8 | Median/Mean: 4.0 / 3.968 | Fail: 2.632%\n"}
,{"stream_name":"stdout","time":1913.594315368,"data":"[Game 390] Range: 2-8 | Median/Mean: 4.0 / 3.977 | Fail: 2.821%\n"}
,{"stream_name":"stdout","time":1972.274046069,"data":"[Game 400] Range: 2-8 | Median/Mean: 4.0 / 3.990 | Fail: 3.000%\n"}
,{"stream_name":"stdout","time":2021.520602109,"data":"[Game 410] Range: 2-8 | Median/Mean: 4.0 / 3.993 | Fail: 2.927%\n"}
,{"stream_name":"stdout","time":2081.940384856,"data":"[Game 420] Range: 2-8 | Median/Mean: 4.0 / 3.983 | Fail: 2.857%\n"}
,{"stream_name":"stdout","time":2141.260885168,"data":"[Game 430] Range: 2-8 | Median/Mean: 4.0 / 4.000 | Fail: 3.023%\n"}
,{"stream_name":"stdout","time":2190.13314788,"data":"[Game 440] Range: 2-8 | Median/Mean: 4.0 / 4.014 | Fail: 2.955%\n"}
,{"stream_name":"stdout","time":2245.677136294,"data":"[Game 450] Range: 2-8 | Median/Mean: 4.0 / 4.007 | Fail: 2.889%\n"}
,{"stream_name":"stdout","time":2305.26630655,"data":"[Game 460] Range: 2-8 | Median/Mean: 4.0 / 4.007 | Fail: 2.826%\n"}
,{"stream_name":"stdout","time":2356.919146698,"data":"[Game 470] Range: 2-8 | Median/Mean: 4.0 / 4.011 | Fail: 2.766%\n"}
,{"stream_name":"stdout","time":2421.019202158,"data":"[Game 480] Range: 2-8 | Median/Mean: 4.0 / 4.015 | Fail: 2.708%\n"}
,{"stream_name":"stdout","time":2468.422444274,"data":"[Game 490] Range: 2-8 | Median/Mean: 4.0 / 4.012 | Fail: 2.653%\n"}
,{"stream_name":"stdout","time":2512.006738574,"data":"[Game 500] Range: 2-8 | Median/Mean: 4.0 / 4.008 | Fail: 2.600%\n"}
,{"stream_name":"stdout","time":2565.679261278,"data":"[Game 510] Range: 2-8 | Median/Mean: 4.0 / 4.006 | Fail: 2.549%\n"}
,{"stream_name":"stdout","time":2623.59897563,"data":"[Game 520] Range: 2-8 | Median/Mean: 4.0 / 4.008 | Fail: 2.500%\n"}
,{"stream_name":"stdout","time":2672.1755502,"data":"[Game 530] Range: 2-8 | Median/Mean: 4.0 / 4.006 | Fail: 2.453%\n"}
,{"stream_name":"stdout","time":2737.246808942,"data":"[Game 540] Range: 2-8 | Median/Mean: 4.0 / 4.002 | Fail: 2.407%\n"}
,{"stream_name":"stdout","time":2788.727204366,"data":"[Game 550] Range: 2-8 | Median/Mean: 4.0 / 3.998 | Fail: 2.364%\n"}
,{"stream_name":"stdout","time":2861.518433483,"data":"[Game 560] Range: 2-8 | Median/Mean: 4.0 / 4.014 | Fail: 2.500%\n"}
,{"stream_name":"stdout","time":2921.821549862,"data":"[Game 570] Range: 2-8 | Median/Mean: 4.0 / 4.019 | Fail: 2.456%\n"}
,{"stream_name":"stdout","time":2967.618748663,"data":"[Game 580] Range: 2-8 | Median/Mean: 4.0 / 4.019 | Fail: 2.414%\n"}
,{"stream_name":"stdout","time":3031.340784921,"data":"[Game 590] Range: 2-8 | Median/Mean: 4.0 / 4.025 | Fail: 2.373%\n"}
,{"stream_name":"stdout","time":3074.44834402,"data":"[Game 600] Range: 2-8 | Median/Mean: 4.0 / 4.017 | Fail: 2.333%\n"}
,{"stream_name":"stdout","time":3109.891130093,"data":"[Game 610] Range: 2-8 | Median/Mean: 4.0 / 4.016 | Fail: 2.459%\n"}
,{"stream_name":"stdout","time":3147.065675474,"data":"[Game 620] Range: 2-8 | Median/Mean: 4.0 / 4.015 | Fail: 2.419%\n"}
,{"stream_name":"stdout","time":3200.07704433,"data":"[Game 630] Range: 2-8 | Median/Mean: 4.0 / 4.006 | Fail: 2.381%\n"}
,{"stream_name":"stdout","time":3266.068513033,"data":"[Game 640] Range: 2-8 | Median/Mean: 4.0 / 4.005 | Fail: 2.344%\n"}
,{"stream_name":"stdout","time":3321.124528214,"data":"[Game 650] Range: 2-8 | Median/Mean: 4.0 / 3.998 | Fail: 2.308%\n"}
,{"stream_name":"stdout","time":3383.041377623,"data":"[Game 660] Range: 2-8 | Median/Mean: 4.0 / 4.000 | Fail: 2.273%\n"}
,{"stream_name":"stdout","time":3413.325775123,"data":"[Game 670] Range: 2-8 | Median/Mean: 4.0 / 3.999 | Fail: 2.239%\n"}
,{"stream_name":"stdout","time":3457.853445593,"data":"[Game 680] Range: 2-8 | Median/Mean: 4.0 / 4.001 | Fail: 2.206%\n"}
,{"stream_name":"stdout","time":3500.601543382,"data":"[Game 690] Range: 2-8 | Median/Mean: 4.0 / 3.997 | Fail: 2.174%\n"}
,{"stream_name":"stdout","time":3549.46509477,"data":"[Game 700] Range: 2-8 | Median/Mean: 4.0 / 4.007 | Fail: 2.286%\n"}
,{"stream_name":"stdout","time":3615.099739959,"data":"[Game 710] Range: 2-8 | Median/Mean: 4.0 / 4.014 | Fail: 2.394%\n"}
,{"stream_name":"stdout","time":3655.347797139,"data":"[Game 720] Range: 2-8 | Median/Mean: 4.0 / 4.014 | Fail: 2.361%\n"}
,{"stream_name":"stdout","time":3698.609903202,"data":"[Game 730] Range: 2-8 | Median/Mean: 4.0 / 4.016 | Fail: 2.466%\n"}
,{"stream_name":"stdout","time":3751.606301986,"data":"[Game 740] Range: 2-8 | Median/Mean: 4.0 / 4.019 | Fail: 2.432%\n"}
,{"stream_name":"stdout","time":3798.058160057,"data":"[Game 750] Range: 2-8 | Median/Mean: 4.0 / 4.017 | Fail: 2.400%\n"}
,{"stream_name":"stdout","time":3868.83601899,"data":"[Game 760] Range: 2-8 | Median/Mean: 4.0 / 4.020 | Fail: 2.368%\n"}
,{"stream_name":"stdout","time":3926.239667092,"data":"[Game 770] Range: 2-8 | Median/Mean: 4.0 / 4.017 | Fail: 2.338%\n"}
,{"stream_name":"stdout","time":3988.478707872,"data":"[Game 780] Range: 2-8 | Median/Mean: 4.0 / 4.014 | Fail: 2.308%\n"}
,{"stream_name":"stdout","time":4047.089008431,"data":"[Game 790] Range: 2-8 | Median/Mean: 4.0 / 4.016 | Fail: 2.278%\n"}
,{"stream_name":"stdout","time":4089.210157957,"data":"[Game 800] Range: 2-8 | Median/Mean: 4.0 / 4.016 | Fail: 2.250%\n"}
,{"stream_name":"stdout","time":4133.689846479,"data":"[Game 810] Range: 2-8 | Median/Mean: 4.0 / 4.011 | Fail: 2.222%\n"}
,{"stream_name":"stdout","time":4195.081280369,"data":"[Game 820] Range: 2-8 | Median/Mean: 4.0 / 4.011 | Fail: 2.195%\n"}
,{"stream_name":"stdout","time":4258.923889129,"data":"[Game 830] Range: 2-8 | Median/Mean: 4.0 / 4.008 | Fail: 2.169%\n"}
,{"stream_name":"stdout","time":4312.053836896,"data":"[Game 840] Range: 2-8 | Median/Mean: 4.0 / 4.002 | Fail: 2.143%\n"}
,{"stream_name":"stdout","time":4364.957130602,"data":"[Game 850] Range: 2-8 | Median/Mean: 4.0 / 3.998 | Fail: 2.118%\n"}
,{"stream_name":"stdout","time":4429.876591241,"data":"[Game 860] Range: 2-8 | Median/Mean: 4.0 / 4.000 | Fail: 2.093%\n"}
,{"stream_name":"stdout","time":4469.725323508,"data":"[Game 870] Range: 2-8 | Median/Mean: 4.0 / 4.000 | Fail: 2.069%\n"}
,{"stream_name":"stdout","time":4518.3625495,"data":"[Game 880] Range: 2-8 | Median/Mean: 4.0 / 3.999 | Fail: 2.045%\n"}
,{"stream_name":"stdout","time":4564.764508316,"data":"[Game 890] Range: 2-8 | Median/Mean: 4.0 / 3.999 | Fail: 2.022%\n"}
,{"stream_name":"stdout","time":4608.000791013,"data":"[Game 900] Range: 2-8 | Median/Mean: 4.0 / 3.993 | Fail: 2.000%\n"}
,{"stream_name":"stdout","time":4653.921710113,"data":"[Game 910] Range: 2-8 | Median/Mean: 4.0 / 3.991 | Fail: 1.978%\n"}
,{"stream_name":"stdout","time":4721.330758977,"data":"[Game 920] Range: 2-8 | Median/Mean: 4.0 / 3.995 | Fail: 1.957%\n"}
,{"stream_name":"stdout","time":4767.686857671,"data":"[Game 930] Range: 2-8 | Median/Mean: 4.0 / 3.994 | Fail: 1.935%\n"}
,{"stream_name":"stdout","time":4815.09297386,"data":"[Game 940] Range: 2-8 | Median/Mean: 4.0 / 3.991 | Fail: 1.915%\n"}
,{"stream_name":"stdout","time":4869.173340968,"data":"[Game 950] Range: 2-8 | Median/Mean: 4.0 / 3.987 | Fail: 1.895%\n"}
,{"stream_name":"stdout","time":4915.861703241,"data":"[Game 960] Range: 2-8 | Median/Mean: 4.0 / 3.986 | Fail: 1.875%\n"}
,{"stream_name":"stdout","time":4973.93513865,"data":"[Game 970] Range: 2-8 | Median/Mean: 4.0 / 3.987 | Fail: 1.856%\n"}
,{"stream_name":"stdout","time":5020.0399404,"data":"[Game 980] Range: 2-8 | Median/Mean: 4.0 / 3.986 | Fail: 1.939%\n"}
,{"stream_name":"stdout","time":5083.587739168,"data":"[Game 990] Range: 2-8 | Median/Mean: 4.0 / 3.989 | Fail: 2.020%\n"}
,{"stream_name":"stdout","time":5144.850841027,"data":"[Game 1000] Range: 2-8 | Median/Mean: 4.0 / 3.992 | Fail: 2.000%\n"}
,{"stream_name":"stdout","time":5189.139031958,"data":"[Game 1010] Range: 2-8 | Median/Mean: 4.0 / 3.991 | Fail: 1.980%\n"}
,{"stream_name":"stdout","time":5232.907866544,"data":"[Game 1020] Range: 2-8 | Median/Mean: 4.0 / 3.989 | Fail: 1.961%\n"}
,{"stream_name":"stdout","time":5281.562234554,"data":"[Game 1030] Range: 2-8 | Median/Mean: 4.0 / 3.984 | Fail: 1.942%\n"}
,{"stream_name":"stdout","time":5343.415434452,"data":"[Game 1040] Range: 2-8 | Median/Mean: 4.0 / 3.981 | Fail: 1.923%\n"}
,{"stream_name":"stdout","time":5398.606090889,"data":"[Game 1050] Range: 2-8 | Median/Mean: 4.0 / 3.979 | Fail: 1.905%\n"}
,{"stream_name":"stdout","time":5452.213282136,"data":"[Game 1060] Range: 2-8 | Median/Mean: 4.0 / 3.984 | Fail: 1.887%\n"}
,{"stream_name":"stdout","time":5495.995014943,"data":"[Game 1070] Range: 2-8 | Median/Mean: 4.0 / 3.984 | Fail: 1.963%\n"}
,{"stream_name":"stdout","time":5554.809579411,"data":"[Game 1080] Range: 2-8 | Median/Mean: 4.0 / 3.979 | Fail: 1.944%\n"}
,{"stream_name":"stdout","time":5625.358724967,"data":"[Game 1090] Range: 2-8 | Median/Mean: 4.0 / 3.987 | Fail: 2.018%\n"}
,{"stream_name":"stdout","time":5678.099147831,"data":"[Game 1100] Range: 2-8 | Median/Mean: 4.0 / 3.987 | Fail: 2.091%\n"}
,{"stream_name":"stdout","time":5724.636530648,"data":"[Game 1110] Range: 2-8 | Median/Mean: 4.0 / 3.986 | Fail: 2.072%\n"}
,{"stream_name":"stdout","time":5774.078112148,"data":"[Game 1120] Range: 2-8 | Median/Mean: 4.0 / 3.984 | Fail: 2.054%\n"}
,{"stream_name":"stdout","time":5822.043818592,"data":"[Game 1130] Range: 2-8 | Median/Mean: 4.0 / 3.981 | Fail: 2.035%\n"}
,{"stream_name":"stdout","time":5888.396491191,"data":"[Game 1140] Range: 2-8 | Median/Mean: 4.0 / 3.984 | Fail: 2.105%\n"}
,{"stream_name":"stdout","time":5921.376027646,"data":"[Game 1150] Range: 2-8 | Median/Mean: 4.0 / 3.983 | Fail: 2.087%\n"}
,{"stream_name":"stdout","time":5976.164781541,"data":"[Game 1160] Range: 2-8 | Median/Mean: 4.0 / 3.984 | Fail: 2.069%\n"}
,{"stream_name":"stdout","time":6035.717063933,"data":"[Game 1170] Range: 2-8 | Median/Mean: 4.0 / 3.980 | Fail: 2.051%\n"}
,{"stream_name":"stdout","time":6078.223707733,"data":"[Game 1180] Range: 2-8 | Median/Mean: 4.0 / 3.982 | Fail: 2.034%\n"}
,{"stream_name":"stdout","time":6136.586975242,"data":"[Game 1190] Range: 2-8 | Median/Mean: 4.0 / 3.983 | Fail: 2.017%\n"}
,{"stream_name":"stdout","time":6194.193052834,"data":"[Game 1200] Range: 2-8 | Median/Mean: 4.0 / 3.980 | Fail: 2.000%\n"}
,{"stream_name":"stdout","time":6260.020789185,"data":"[Game 1210] Range: 2-8 | Median/Mean: 4.0 / 3.976 | Fail: 1.983%\n"}
,{"stream_name":"stdout","time":6316.737407887,"data":"[Game 1220] Range: 2-8 | Median/Mean: 4.0 / 3.979 | Fail: 1.967%\n"}
,{"stream_name":"stdout","time":6363.778996124,"data":"[Game 1230] Range: 2-8 | Median/Mean: 4.0 / 3.978 | Fail: 1.951%\n"}
,{"stream_name":"stdout","time":6402.425713252,"data":"[Game 1240] Range: 2-8 | Median/Mean: 4.0 / 3.976 | Fail: 1.935%\n"}
,{"stream_name":"stdout","time":6457.874351235,"data":"[Game 1250] Range: 2-8 | Median/Mean: 4.0 / 3.973 | Fail: 1.920%\n"}
,{"stream_name":"stdout","time":6505.682051665,"data":"[Game 1260] Range: 2-8 | Median/Mean: 4.0 / 3.980 | Fail: 2.063%\n"}
,{"stream_name":"stdout","time":6585.42395339,"data":"[Game 1270] Range: 2-8 | Median/Mean: 4.0 / 3.983 | Fail: 2.126%\n"}
,{"stream_name":"stdout","time":6631.21885656,"data":"[Game 1280] Range: 2-8 | Median/Mean: 4.0 / 3.980 | Fail: 2.109%\n"}
,{"stream_name":"stdout","time":6683.444770042,"data":"[Game 1290] Range: 2-8 | Median/Mean: 4.0 / 3.979 | Fail: 2.093%\n"}
,{"stream_name":"stdout","time":6733.557142312,"data":"[Game 1300] Range: 2-8 | Median/Mean: 4.0 / 3.978 | Fail: 2.077%\n"}
,{"stream_name":"stdout","time":6780.259031257,"data":"[Game 1310] Range: 2-8 | Median/Mean: 4.0 / 3.976 | Fail: 2.061%\n"}
,{"stream_name":"stdout","time":6827.434607591,"data":"[Game 1320] Range: 2-8 | Median/Mean: 4.0 / 3.974 | Fail: 2.045%\n"}
,{"stream_name":"stdout","time":6876.460472632,"data":"[Game 1330] Range: 2-8 | Median/Mean: 4.0 / 3.972 | Fail: 2.105%\n"}
,{"stream_name":"stdout","time":6955.818348317,"data":"[Game 1340] Range: 2-8 | Median/Mean: 4.0 / 3.977 | Fail: 2.090%\n"}
,{"stream_name":"stdout","time":6996.46502782,"data":"[Game 1350] Range: 2-8 | Median/Mean: 4.0 / 3.973 | Fail: 2.074%\n"}
,{"stream_name":"stdout","time":7050.457188795,"data":"[Game 1360] Range: 2-8 | Median/Mean: 4.0 / 3.974 | Fail: 2.059%\n"}
,{"stream_name":"stdout","time":7117.339772992,"data":"[Game 1370] Range: 2-8 | Median/Mean: 4.0 / 3.977 | Fail: 2.117%\n"}
,{"stream_name":"stdout","time":7170.425179463,"data":"[Game 1380] Range: 2-8 | Median/Mean: 4.0 / 3.978 | Fail: 2.101%\n"}
,{"stream_name":"stdout","time":7218.250461259,"data":"[Game 1390] Range: 2-8 | Median/Mean: 4.0 / 3.977 | Fail: 2.086%\n"}
,{"stream_name":"stdout","time":7248.227406127,"data":"[Game 1400] Range: 2-8 | Median/Mean: 4.0 / 3.973 | Fail: 2.071%\n"}
,{"stream_name":"stdout","time":7297.947778547,"data":"[Game 1410] Range: 2-8 | Median/Mean: 4.0 / 3.975 | Fail: 2.057%\n"}
,{"stream_name":"stdout","time":7330.285952653,"data":"[Game 1420] Range: 2-8 | Median/Mean: 4.0 / 3.973 | Fail: 2.042%\n"}
,{"stream_name":"stdout","time":7374.065157461,"data":"[Game 1430] Range: 2-8 | Median/Mean: 4.0 / 3.973 | Fail: 2.028%\n"}
,{"stream_name":"stdout","time":7422.944044769,"data":"[Game 1440] Range: 2-8 | Median/Mean: 4.0 / 3.972 | Fail: 2.014%\n"}
,{"stream_name":"stdout","time":7481.113350647,"data":"[Game 1450] Range: 2-8 | Median/Mean: 4.0 / 3.973 | Fail: 2.000%\n"}
,{"stream_name":"stdout","time":7530.032645941,"data":"[Game 1460] Range: 2-8 | Median/Mean: 4.0 / 3.971 | Fail: 1.986%\n"}
,{"stream_name":"stdout","time":7583.372835489,"data":"[Game 1470] Range: 2-8 | Median/Mean: 4.0 / 3.971 | Fail: 1.973%\n"}
,{"stream_name":"stdout","time":7625.613811808,"data":"[Game 1480] Range: 2-8 | Median/Mean: 4.0 / 3.970 | Fail: 1.959%\n"}
,{"stream_name":"stdout","time":7672.611615201,"data":"[Game 1490] Range: 2-8 | Median/Mean: 4.0 / 3.971 | Fail: 1.946%\n"}
,{"stream_name":"stdout","time":7741.790451022,"data":"[Game 1500] Range: 2-8 | Median/Mean: 4.0 / 3.974 | Fail: 1.933%\n"}
,{"stream_name":"stdout","time":7804.955405206,"data":"[Game 1510] Range: 2-8 | Median/Mean: 4.0 / 3.976 | Fail: 1.987%\n"}
,{"stream_name":"stdout","time":7854.218408188,"data":"[Game 1520] Range: 2-8 | Median/Mean: 4.0 / 3.974 | Fail: 2.039%\n"}
,{"stream_name":"stdout","time":7924.24096088,"data":"[Game 1530] Range: 2-8 | Median/Mean: 4.0 / 3.977 | Fail: 2.026%\n"}
,{"stream_name":"stdout","time":7990.411674882,"data":"[Game 1540] Range: 2-8 | Median/Mean: 4.0 / 3.977 | Fail: 2.013%\n"}
,{"stream_name":"stdout","time":8035.938194472,"data":"[Game 1550] Range: 2-8 | Median/Mean: 4.0 / 3.977 | Fail: 2.065%\n"}
,{"stream_name":"stdout","time":8089.301915902,"data":"[Game 1560] Range: 2-8 | Median/Mean: 4.0 / 3.977 | Fail: 2.051%\n"}
,{"stream_name":"stdout","time":8132.28242332,"data":"[Game 1570] Range: 2-8 | Median/Mean: 4.0 / 3.977 | Fail: 2.102%\n"}
,{"stream_name":"stdout","time":8172.288242217,"data":"[Game 1580] Range: 2-8 | Median/Mean: 4.0 / 3.974 | Fail: 2.089%\n"}
,{"stream_name":"stdout","time":8220.732239949,"data":"[Game 1590] Range: 2-8 | Median/Mean: 4.0 / 3.975 | Fail: 2.075%\n"}
,{"stream_name":"stdout","time":8261.672070608,"data":"[Game 1600] Range: 2-8 | Median/Mean: 4.0 / 3.973 | Fail: 2.062%\n"}
,{"stream_name":"stdout","time":8324.256381397,"data":"[Game 1610] Range: 2-8 | Median/Mean: 4.0 / 3.973 | Fail: 2.050%\n"}
,{"stream_name":"stdout","time":8374.772427902,"data":"[Game 1620] Range: 2-8 | Median/Mean: 4.0 / 3.972 | Fail: 2.037%\n"}
,{"stream_name":"stdout","time":8434.401109409,"data":"[Game 1630] Range: 2-8 | Median/Mean: 4.0 / 3.975 | Fail: 2.086%\n"}
,{"stream_name":"stdout","time":8470.093069758,"data":"[Game 1640] Range: 2-8 | Median/Mean: 4.0 / 3.972 | Fail: 2.073%\n"}
,{"stream_name":"stdout","time":8517.427663555,"data":"[Game 1650] Range: 2-8 | Median/Mean: 4.0 / 3.971 | Fail: 2.061%\n"}
,{"stream_name":"stdout","time":8572.458812259,"data":"[Game 1660] Range: 2-8 | Median/Mean: 4.0 / 3.970 | Fail: 2.048%\n"}
,{"stream_name":"stdout","time":8615.075134974,"data":"[Game 1670] Range: 2-8 | Median/Mean: 4.0 / 3.966 | Fail: 2.036%\n"}
,{"stream_name":"stdout","time":8679.923462264,"data":"[Game 1680] Range: 2-8 | Median/Mean: 4.0 / 3.971 | Fail: 2.083%\n"}
,{"stream_name":"stdout","time":8730.495999521,"data":"[Game 1690] Range: 2-8 | Median/Mean: 4.0 / 3.969 | Fail: 2.071%\n"}
,{"stream_name":"stdout","time":8777.55057436,"data":"[Game 1700] Range: 2-8 | Median/Mean: 4.0 / 3.969 | Fail: 2.059%\n"}
,{"stream_name":"stdout","time":8835.839758229,"data":"[Game 1710] Range: 2-8 | Median/Mean: 4.0 / 3.970 | Fail: 2.047%\n"}
,{"stream_name":"stdout","time":8879.783381453,"data":"[Game 1720] Range: 2-8 | Median/Mean: 4.0 / 3.972 | Fail: 2.035%\n"}
,{"stream_name":"stdout","time":8932.211323089,"data":"[Game 1730] Range: 2-8 | Median/Mean: 4.0 / 3.972 | Fail: 2.081%\n"}
,{"stream_name":"stdout","time":8988.397363362,"data":"[Game 1740] Range: 2-8 | Median/Mean: 4.0 / 3.975 | Fail: 2.126%\n"}
,{"stream_name":"stdout","time":9049.610909038,"data":"[Game 1750] Range: 2-8 | Median/Mean: 4.0 / 3.972 | Fail: 2.114%\n"}
,{"stream_name":"stdout","time":9090.175745419,"data":"[Game 1760] Range: 2-8 | Median/Mean: 4.0 / 3.970 | Fail: 2.159%\n"}
,{"stream_name":"stdout","time":9140.506384374,"data":"[Game 1770] Range: 2-8 | Median/Mean: 4.0 / 3.971 | Fail: 2.147%\n"}
,{"stream_name":"stdout","time":9195.417252157,"data":"[Game 1780] Range: 2-8 | Median/Mean: 4.0 / 3.972 | Fail: 2.135%\n"}
,{"stream_name":"stdout","time":9241.590294533,"data":"[Game 1790] Range: 2-8 | Median/Mean: 4.0 / 3.972 | Fail: 2.123%\n"}
,{"stream_name":"stdout","time":9273.671480264,"data":"[Game 1800] Range: 2-8 | Median/Mean: 4.0 / 3.972 | Fail: 2.111%\n"}
,{"stream_name":"stdout","time":9337.420266963,"data":"[Game 1810] Range: 2-8 | Median/Mean: 4.0 / 3.973 | Fail: 2.099%\n"}
,{"stream_name":"stdout","time":9372.759115104,"data":"[Game 1820] Range: 2-8 | Median/Mean: 4.0 / 3.971 | Fail: 2.143%\n"}
,{"stream_name":"stdout","time":9434.702029752,"data":"[Game 1830] Range: 2-8 | Median/Mean: 4.0 / 3.974 | Fail: 2.131%\n"}
,{"stream_name":"stdout","time":9469.698382609,"data":"[Game 1840] Range: 2-8 | Median/Mean: 4.0 / 3.973 | Fail: 2.120%\n"}
,{"stream_name":"stdout","time":9522.434165597,"data":"[Game 1850] Range: 2-8 | Median/Mean: 4.0 / 3.975 | Fail: 2.108%\n"}
,{"stream_name":"stdout","time":9574.02070389,"data":"[Game 1860] Range: 2-8 | Median/Mean: 4.0 / 3.975 | Fail: 2.097%\n"}
,{"stream_name":"stdout","time":9603.974704807,"data":"[Game 1870] Range: 2-8 | Median/Mean: 4.0 / 3.972 | Fail: 2.086%\n"}
,{"stream_name":"stdout","time":9640.176570505,"data":"[Game 1880] Range: 2-8 | Median/Mean: 4.0 / 3.972 | Fail: 2.128%\n"}
,{"stream_name":"stdout","time":9686.72554309,"data":"[Game 1890] Range: 2-8 | Median/Mean: 4.0 / 3.970 | Fail: 2.116%\n"}
,{"stream_name":"stdout","time":9734.523233253,"data":"[Game 1900] Range: 2-8 | Median/Mean: 4.0 / 3.973 | Fail: 2.105%\n"}
,{"stream_name":"stdout","time":9799.752701627,"data":"[Game 1910] Range: 2-8 | Median/Mean: 4.0 / 3.973 | Fail: 2.094%\n"}
,{"stream_name":"stdout","time":9853.761716137,"data":"[Game 1920] Range: 2-8 | Median/Mean: 4.0 / 3.972 | Fail: 2.083%\n"}
,{"stream_name":"stdout","time":9897.840618404,"data":"[Game 1930] Range: 2-8 | Median/Mean: 4.0 / 3.971 | Fail: 2.073%\n"}
,{"stream_name":"stdout","time":9928.816813432,"data":"[Game 1940] Range: 2-8 | Median/Mean: 4.0 / 3.969 | Fail: 2.062%\n"}
,{"stream_name":"stdout","time":9988.226247343,"data":"[Game 1950] Range: 2-8 | Median/Mean: 4.0 / 3.967 | Fail: 2.051%\n"}
,{"stream_name":"stdout","time":10040.03051602,"data":"[Game 1960] Range: 2-8 | Median/Mean: 4.0 / 3.970 | Fail: 2.041%\n"}
,{"stream_name":"stdout","time":10082.90447288,"data":"[Game 1970] Range: 2-8 | Median/Mean: 4.0 / 3.971 | Fail: 2.030%\n"}
,{"stream_name":"stdout","time":10142.142084702,"data":"[Game 1980] Range: 2-8 | Median/Mean: 4.0 / 3.975 | Fail: 2.071%\n"}
,{"stream_name":"stdout","time":10178.377889909,"data":"[Game 1990] Range: 2-9 | Median/Mean: 4.0 / 3.974 | Fail: 2.111%\n"}
,{"stream_name":"stdout","time":10238.735157343,"data":"[Game 2000] Range: 2-9 | Median/Mean: 4.0 / 3.977 | Fail: 2.150%\n"}
,{"stream_name":"stdout","time":10291.23398584,"data":"[Game 2010] Range: 2-9 | Median/Mean: 4.0 / 3.975 | Fail: 2.139%\n"}
,{"stream_name":"stdout","time":10346.046804116,"data":"[Game 2020] Range: 2-9 | Median/Mean: 4.0 / 3.976 | Fail: 2.129%\n"}
,{"stream_name":"stdout","time":10398.107436771,"data":"[Game 2030] Range: 2-9 | Median/Mean: 4.0 / 3.978 | Fail: 2.118%\n"}
,{"stream_name":"stdout","time":10444.352114135,"data":"[Game 2040] Range: 2-9 | Median/Mean: 4.0 / 3.977 | Fail: 2.108%\n"}
,{"stream_name":"stdout","time":10507.447707632,"data":"[Game 2050] Range: 2-9 | Median/Mean: 4.0 / 3.978 | Fail: 2.098%\n"}
,{"stream_name":"stdout","time":10562.909800587,"data":"[Game 2060] Range: 2-9 | Median/Mean: 4.0 / 3.979 | Fail: 2.087%\n"}
,{"stream_name":"stdout","time":10603.682950425,"data":"[Game 2070] Range: 2-9 | Median/Mean: 4.0 / 3.982 | Fail: 2.126%\n"}
,{"stream_name":"stdout","time":10648.431817779,"data":"[Game 2080] Range: 2-9 | Median/Mean: 4.0 / 3.982 | Fail: 2.115%\n"}
,{"stream_name":"stdout","time":10706.242844584,"data":"[Game 2090] Range: 2-9 | Median/Mean: 4.0 / 3.982 | Fail: 2.105%\n"}
,{"stream_name":"stdout","time":10759.813029139,"data":"[Game 2100] Range: 2-9 | Median/Mean: 4.0 / 3.984 | Fail: 2.095%\n"}
,{"stream_name":"stdout","time":10808.335749846,"data":"[Game 2110] Range: 2-9 | Median/Mean: 4.0 / 3.983 | Fail: 2.085%\n"}
,{"stream_name":"stdout","time":10854.989289373,"data":"[Game 2120] Range: 2-9 | Median/Mean: 4.0 / 3.983 | Fail: 2.075%\n"}
,{"stream_name":"stdout","time":10915.517352296,"data":"[Game 2130] Range: 2-9 | Median/Mean: 4.0 / 3.984 | Fail: 2.066%\n"}
,{"stream_name":"stdout","time":10971.096469831,"data":"[Game 2140] Range: 2-9 | Median/Mean: 4.0 / 3.987 | Fail: 2.150%\n"}
,{"stream_name":"stdout","time":11015.071607227,"data":"[Game 2150] Range: 2-9 | Median/Mean: 4.0 / 3.985 | Fail: 2.140%\n"}
,{"stream_name":"stdout","time":11078.039264506,"data":"[Game 2160] Range: 2-9 | Median/Mean: 4.0 / 3.986 | Fail: 2.130%\n"}
,{"stream_name":"stdout","time":11138.483709323,"data":"[Game 2170] Range: 2-9 | Median/Mean: 4.0 / 3.988 | Fail: 2.166%\n"}
,{"stream_name":"stdout","time":11199.084155578,"data":"[Game 2180] Range: 2-9 | Median/Mean: 4.0 / 3.988 | Fail: 2.156%\n"}
,{"stream_name":"stdout","time":11260.101274247,"data":"[Game 2190] Range: 2-9 | Median/Mean: 4.0 / 3.989 | Fail: 2.146%\n"}
,{"stream_name":"stdout","time":11335.843400183,"data":"[Game 2200] Range: 2-9 | Median/Mean: 4.0 / 3.990 | Fail: 2.136%\n"}
,{"stream_name":"stdout","time":11392.990891909,"data":"[Game 2210] Range: 2-9 | Median/Mean: 4.0 / 3.990 | Fail: 2.172%\n"}
,{"stream_name":"stdout","time":11464.372872941,"data":"[Game 2220] Range: 2-9 | Median/Mean: 4.0 / 3.993 | Fail: 2.162%\n"}
,{"stream_name":"stdout","time":11499.625705121,"data":"[Game 2230] Range: 2-9 | Median/Mean: 4.0 / 3.994 | Fail: 2.152%\n"}
,{"stream_name":"stdout","time":11529.446279007,"data":"[Game 2240] Range: 2-9 | Median/Mean: 4.0 / 3.993 | Fail: 2.188%\n"}
,{"stream_name":"stdout","time":11595.189643012,"data":"[Game 2250] Range: 2-9 | Median/Mean: 4.0 / 3.996 | Fail: 2.178%\n"}
,{"stream_name":"stdout","time":11647.289998309,"data":"[Game 2260] Range: 2-9 | Median/Mean: 4.0 / 3.997 | Fail: 2.212%\n"}
,{"stream_name":"stdout","time":11702.334635425,"data":"[Game 2270] Range: 2-9 | Median/Mean: 4.0 / 3.997 | Fail: 2.203%\n"}
,{"stream_name":"stdout","time":11735.113666712,"data":"[Game 2280] Range: 2-9 | Median/Mean: 4.0 / 3.996 | Fail: 2.193%\n"}
,{"stream_name":"stdout","time":11796.35201099,"data":"[Game 2290] Range: 2-9 | Median/Mean: 4.0 / 3.998 | Fail: 2.227%\n"}
,{"stream_name":"stdout","time":11840.95612832,"data":"[Game 2300] Range: 2-9 | Median/Mean: 4.0 / 3.997 | Fail: 2.217%\n"}
,{"stream_name":"stdout","time":11886.721504143,"data":"[Game 2310] Range: 2-9 | Median/Mean: 4.0 / 3.996 | Fail: 2.208%\n"}
,{"stream_name":"stdout","time":11911.750404431,"data":"Summary:\n"}
,{"stream_name":"stdout","time":11911.766927879,"data":"Distribution across steps:\n"}
,{"stream_name":"stdout","time":11911.773078572,"data":"Key Metrics:\n"}
,{"stream_name":"stderr","time":11916.229585465,"data":"/opt/conda/lib/python3.7/site-packages/traitlets/traitlets.py:2567: FutureWarning: --Exporter.preprocessors=[\"remove_papermill_header.RemovePapermillHeader\"] for containers is deprecated in traitlets 5.0. You can pass `--Exporter.preprocessors item` ... multiple times to add items to a list.\n"}
,{"stream_name":"stderr","time":11916.229665997,"data":"  FutureWarning,\n"}
,{"stream_name":"stderr","time":11916.229745784,"data":"[NbConvertApp] Converting notebook __notebook__.ipynb to notebook\n"}
,{"stream_name":"stderr","time":11916.653956607,"data":"[NbConvertApp] Writing 32960 bytes to __notebook__.ipynb\n"}
,{"stream_name":"stderr","time":11919.26106036,"data":"/opt/conda/lib/python3.7/site-packages/traitlets/traitlets.py:2567: FutureWarning: --Exporter.preprocessors=[\"nbconvert.preprocessors.ExtractOutputPreprocessor\"] for containers is deprecated in traitlets 5.0. You can pass `--Exporter.preprocessors item` ... multiple times to add items to a list.\n"}
,{"stream_name":"stderr","time":11919.261165212,"data":"  FutureWarning,\n"}
,{"stream_name":"stderr","time":11919.261283657,"data":"[NbConvertApp] Converting notebook __notebook__.ipynb to html\n"}
,{"stream_name":"stderr","time":11919.915428362,"data":"[NbConvertApp] Writing 308333 bytes to __results__.html\n"}
]