[{"stream_name":"stderr","time":13.521750637,"data":"/opt/conda/lib/python3.7/site-packages/papermill/iorw.py:50: FutureWarning: pyarrow.HadoopFileSystem is deprecated as of 2.0.0, please use pyarrow.fs.HadoopFileSystem instead.\n"}
,{"stream_name":"stderr","time":13.521817708,"data":"  from pyarrow import HadoopFileSystem\n"}
,{"stream_name":"stdout","time":15.292317127,"data":"[ ---------- TARES ----------]\n"}
,{"stream_name":"stdout","time":62.067683542,"data":"[Game 10] Range: 2-5 | Median/Mean: 4.0 / 3.800 | Fail: 0.000%\n"}
,{"stream_name":"stdout","time":107.677163664,"data":"[Game 20] Range: 2-5 | Median/Mean: 4.0 / 4.000 | Fail: 0.000%\n"}
,{"stream_name":"stdout","time":137.586604547,"data":"[Game 30] Range: 2-5 | Median/Mean: 4.0 / 3.933 | Fail: 0.000%\n"}
,{"stream_name":"stdout","time":179.77844899,"data":"[Game 40] Range: 2-6 | Median/Mean: 4.0 / 4.000 | Fail: 0.000%\n"}
,{"stream_name":"stdout","time":227.581116385,"data":"[Game 50] Range: 2-6 | Median/Mean: 4.0 / 4.020 | Fail: 0.000%\n"}
,{"stream_name":"stdout","time":269.812566816,"data":"[Game 60] Range: 2-6 | Median/Mean: 4.0 / 3.967 | Fail: 0.000%\n"}
,{"stream_name":"stdout","time":315.020792179,"data":"[Game 70] Range: 2-6 | Median/Mean: 4.0 / 3.957 | Fail: 0.000%\n"}
,{"stream_name":"stdout","time":355.085411231,"data":"[Game 80] Range: 2-6 | Median/Mean: 4.0 / 3.900 | Fail: 0.000%\n"}
,{"stream_name":"stdout","time":393.75496843,"data":"[Game 90] Range: 2-8 | Median/Mean: 4.0 / 3.911 | Fail: 1.111%\n"}
,{"stream_name":"stdout","time":441.441346677,"data":"[Game 100] Range: 2-8 | Median/Mean: 4.0 / 3.870 | Fail: 1.000%\n"}
,{"stream_name":"stdout","time":486.790011573,"data":"[Game 110] Range: 2-8 | Median/Mean: 4.0 / 3.864 | Fail: 0.909%\n"}
,{"stream_name":"stdout","time":550.468516682,"data":"[Game 120] Range: 2-8 | Median/Mean: 4.0 / 3.867 | Fail: 0.833%\n"}
,{"stream_name":"stdout","time":588.037612079,"data":"[Game 130] Range: 2-8 | Median/Mean: 4.0 / 3.869 | Fail: 0.769%\n"}
,{"stream_name":"stdout","time":639.129999848,"data":"[Game 140] Range: 2-8 | Median/Mean: 4.0 / 3.836 | Fail: 0.714%\n"}
,{"stream_name":"stdout","time":687.253464655,"data":"[Game 150] Range: 2-8 | Median/Mean: 4.0 / 3.840 | Fail: 0.667%\n"}
,{"stream_name":"stdout","time":723.911772155,"data":"[Game 160] Range: 2-8 | Median/Mean: 4.0 / 3.844 | Fail: 0.625%\n"}
,{"stream_name":"stdout","time":760.82407678,"data":"[Game 170] Range: 2-8 | Median/Mean: 4.0 / 3.859 | Fail: 0.588%\n"}
,{"stream_name":"stdout","time":794.945479738,"data":"[Game 180] Range: 2-8 | Median/Mean: 4.0 / 3.856 | Fail: 0.556%\n"}
,{"stream_name":"stdout","time":849.773383028,"data":"[Game 190] Range: 2-8 | Median/Mean: 4.0 / 3.889 | Fail: 0.526%\n"}
,{"stream_name":"stdout","time":880.083186317,"data":"[Game 200] Range: 2-8 | Median/Mean: 4.0 / 3.865 | Fail: 0.500%\n"}
,{"stream_name":"stdout","time":917.827834711,"data":"[Game 210] Range: 2-8 | Median/Mean: 4.0 / 3.867 | Fail: 0.476%\n"}
,{"stream_name":"stdout","time":966.235085235,"data":"[Game 220] Range: 2-8 | Median/Mean: 4.0 / 3.850 | Fail: 0.455%\n"}
,{"stream_name":"stdout","time":1004.204786014,"data":"[Game 230] Range: 2-8 | Median/Mean: 4.0 / 3.848 | Fail: 0.435%\n"}
,{"stream_name":"stdout","time":1062.410374,"data":"[Game 240] Range: 2-8 | Median/Mean: 4.0 / 3.854 | Fail: 0.417%\n"}
,{"stream_name":"stdout","time":1111.021590355,"data":"[Game 250] Range: 2-8 | Median/Mean: 4.0 / 3.860 | Fail: 0.400%\n"}
,{"stream_name":"stdout","time":1161.235175853,"data":"[Game 260] Range: 2-8 | Median/Mean: 4.0 / 3.881 | Fail: 0.385%\n"}
,{"stream_name":"stdout","time":1192.139002663,"data":"[Game 270] Range: 2-8 | Median/Mean: 4.0 / 3.885 | Fail: 0.370%\n"}
,{"stream_name":"stdout","time":1226.294910548,"data":"[Game 280] Range: 2-8 | Median/Mean: 4.0 / 3.864 | Fail: 0.357%\n"}
,{"stream_name":"stdout","time":1275.887268469,"data":"[Game 290] Range: 2-8 | Median/Mean: 4.0 / 3.855 | Fail: 0.345%\n"}
,{"stream_name":"stdout","time":1306.869001336,"data":"[Game 300] Range: 2-8 | Median/Mean: 4.0 / 3.863 | Fail: 0.333%\n"}
,{"stream_name":"stdout","time":1369.019790682,"data":"[Game 310] Range: 2-8 | Median/Mean: 4.0 / 3.871 | Fail: 0.323%\n"}
,{"stream_name":"stdout","time":1417.08807407,"data":"[Game 320] Range: 2-8 | Median/Mean: 4.0 / 3.881 | Fail: 0.312%\n"}
,{"stream_name":"stdout","time":1446.329500718,"data":"[Game 330] Range: 2-8 | Median/Mean: 4.0 / 3.882 | Fail: 0.303%\n"}
,{"stream_name":"stdout","time":1487.610497502,"data":"[Game 340] Range: 2-8 | Median/Mean: 4.0 / 3.879 | Fail: 0.294%\n"}
,{"stream_name":"stdout","time":1526.59075132,"data":"[Game 350] Range: 2-8 | Median/Mean: 4.0 / 3.857 | Fail: 0.286%\n"}
,{"stream_name":"stdout","time":1564.398186693,"data":"[Game 360] Range: 2-8 | Median/Mean: 4.0 / 3.864 | Fail: 0.556%\n"}
,{"stream_name":"stdout","time":1603.787847491,"data":"[Game 370] Range: 2-8 | Median/Mean: 4.0 / 3.868 | Fail: 0.541%\n"}
,{"stream_name":"stdout","time":1647.04213326,"data":"[Game 380] Range: 2-8 | Median/Mean: 4.0 / 3.874 | Fail: 0.526%\n"}
,{"stream_name":"stdout","time":1684.281711094,"data":"[Game 390] Range: 2-8 | Median/Mean: 4.0 / 3.869 | Fail: 0.769%\n"}
,{"stream_name":"stdout","time":1739.931685253,"data":"[Game 400] Range: 2-8 | Median/Mean: 4.0 / 3.895 | Fail: 1.000%\n"}
,{"stream_name":"stdout","time":1795.799645718,"data":"[Game 410] Range: 2-8 | Median/Mean: 4.0 / 3.910 | Fail: 0.976%\n"}
,{"stream_name":"stdout","time":1853.959494692,"data":"[Game 420] Range: 2-8 | Median/Mean: 4.0 / 3.902 | Fail: 0.952%\n"}
,{"stream_name":"stdout","time":1896.668452628,"data":"[Game 430] Range: 2-8 | Median/Mean: 4.0 / 3.912 | Fail: 0.930%\n"}
,{"stream_name":"stdout","time":1948.057435138,"data":"[Game 440] Range: 2-8 | Median/Mean: 4.0 / 3.930 | Fail: 0.909%\n"}
,{"stream_name":"stdout","time":1973.522916245,"data":"[Game 450] Range: 2-8 | Median/Mean: 4.0 / 3.920 | Fail: 0.889%\n"}
,{"stream_name":"stdout","time":2034.159136794,"data":"[Game 460] Range: 2-8 | Median/Mean: 4.0 / 3.920 | Fail: 0.870%\n"}
,{"stream_name":"stdout","time":2070.323021931,"data":"[Game 470] Range: 2-8 | Median/Mean: 4.0 / 3.921 | Fail: 0.851%\n"}
,{"stream_name":"stdout","time":2105.339047796,"data":"[Game 480] Range: 2-8 | Median/Mean: 4.0 / 3.923 | Fail: 0.833%\n"}
,{"stream_name":"stdout","time":2140.842292402,"data":"[Game 490] Range: 2-8 | Median/Mean: 4.0 / 3.922 | Fail: 0.816%\n"}
,{"stream_name":"stdout","time":2181.843929359,"data":"[Game 500] Range: 2-8 | Median/Mean: 4.0 / 3.920 | Fail: 0.800%\n"}
,{"stream_name":"stdout","time":2227.949902757,"data":"[Game 510] Range: 2-8 | Median/Mean: 4.0 / 3.922 | Fail: 0.980%\n"}
,{"stream_name":"stdout","time":2273.28020983,"data":"[Game 520] Range: 2-8 | Median/Mean: 4.0 / 3.923 | Fail: 0.962%\n"}
,{"stream_name":"stdout","time":2321.843373376,"data":"[Game 530] Range: 2-8 | Median/Mean: 4.0 / 3.923 | Fail: 0.943%\n"}
,{"stream_name":"stdout","time":2363.840220513,"data":"[Game 540] Range: 2-8 | Median/Mean: 4.0 / 3.928 | Fail: 0.926%\n"}
,{"stream_name":"stdout","time":2413.850013116,"data":"[Game 550] Range: 2-8 | Median/Mean: 4.0 / 3.927 | Fail: 0.909%\n"}
,{"stream_name":"stdout","time":2466.005126403,"data":"[Game 560] Range: 2-8 | Median/Mean: 4.0 / 3.939 | Fail: 0.893%\n"}
,{"stream_name":"stdout","time":2507.197744232,"data":"[Game 570] Range: 2-8 | Median/Mean: 4.0 / 3.944 | Fail: 0.877%\n"}
,{"stream_name":"stdout","time":2543.934842169,"data":"[Game 580] Range: 2-8 | Median/Mean: 4.0 / 3.938 | Fail: 0.862%\n"}
,{"stream_name":"stdout","time":2604.130441224,"data":"[Game 590] Range: 2-8 | Median/Mean: 4.0 / 3.951 | Fail: 0.847%\n"}
,{"stream_name":"stdout","time":2649.967928639,"data":"[Game 600] Range: 2-8 | Median/Mean: 4.0 / 3.948 | Fail: 0.833%\n"}
,{"stream_name":"stdout","time":2687.500200251,"data":"[Game 610] Range: 2-8 | Median/Mean: 4.0 / 3.941 | Fail: 0.820%\n"}
,{"stream_name":"stdout","time":2731.536870542,"data":"[Game 620] Range: 2-8 | Median/Mean: 4.0 / 3.939 | Fail: 0.806%\n"}
,{"stream_name":"stdout","time":2776.197523459,"data":"[Game 630] Range: 2-8 | Median/Mean: 4.0 / 3.937 | Fail: 0.794%\n"}
,{"stream_name":"stdout","time":2829.68488772,"data":"[Game 640] Range: 2-8 | Median/Mean: 4.0 / 3.942 | Fail: 0.781%\n"}
,{"stream_name":"stdout","time":2885.985075266,"data":"[Game 650] Range: 2-8 | Median/Mean: 4.0 / 3.951 | Fail: 0.769%\n"}
,{"stream_name":"stdout","time":2937.106201989,"data":"[Game 660] Range: 2-8 | Median/Mean: 4.0 / 3.952 | Fail: 0.758%\n"}
,{"stream_name":"stdout","time":2986.818715145,"data":"[Game 670] Range: 2-8 | Median/Mean: 4.0 / 3.946 | Fail: 0.746%\n"}
,{"stream_name":"stdout","time":3034.460173406,"data":"[Game 680] Range: 2-8 | Median/Mean: 4.0 / 3.947 | Fail: 0.882%\n"}
,{"stream_name":"stdout","time":3079.372128241,"data":"[Game 690] Range: 2-8 | Median/Mean: 4.0 / 3.943 | Fail: 0.870%\n"}
,{"stream_name":"stdout","time":3125.635385452,"data":"[Game 700] Range: 2-8 | Median/Mean: 4.0 / 3.950 | Fail: 0.857%\n"}
,{"stream_name":"stdout","time":3162.607395068,"data":"[Game 710] Range: 2-8 | Median/Mean: 4.0 / 3.954 | Fail: 0.845%\n"}
,{"stream_name":"stdout","time":3219.868466722,"data":"[Game 720] Range: 2-8 | Median/Mean: 4.0 / 3.951 | Fail: 0.833%\n"}
,{"stream_name":"stdout","time":3265.716755163,"data":"[Game 730] Range: 2-8 | Median/Mean: 4.0 / 3.958 | Fail: 0.822%\n"}
,{"stream_name":"stdout","time":3315.366795541,"data":"[Game 740] Range: 2-8 | Median/Mean: 4.0 / 3.958 | Fail: 0.811%\n"}
,{"stream_name":"stdout","time":3379.380389503,"data":"[Game 750] Range: 2-8 | Median/Mean: 4.0 / 3.960 | Fail: 0.800%\n"}
,{"stream_name":"stdout","time":3432.684309572,"data":"[Game 760] Range: 2-8 | Median/Mean: 4.0 / 3.962 | Fail: 0.789%\n"}
,{"stream_name":"stdout","time":3495.918937491,"data":"[Game 770] Range: 2-8 | Median/Mean: 4.0 / 3.962 | Fail: 0.779%\n"}
,{"stream_name":"stdout","time":3553.557283473,"data":"[Game 780] Range: 2-8 | Median/Mean: 4.0 / 3.960 | Fail: 0.769%\n"}
,{"stream_name":"stdout","time":3592.771998917,"data":"[Game 790] Range: 2-8 | Median/Mean: 4.0 / 3.966 | Fail: 0.759%\n"}
,{"stream_name":"stdout","time":3652.31762614,"data":"[Game 800] Range: 2-8 | Median/Mean: 4.0 / 3.969 | Fail: 0.750%\n"}
,{"stream_name":"stdout","time":3679.518194044,"data":"[Game 810] Range: 2-8 | Median/Mean: 4.0 / 3.958 | Fail: 0.741%\n"}
,{"stream_name":"stdout","time":3726.263860089,"data":"[Game 820] Range: 2-8 | Median/Mean: 4.0 / 3.956 | Fail: 0.732%\n"}
,{"stream_name":"stdout","time":3773.122010062,"data":"[Game 830] Range: 2-8 | Median/Mean: 4.0 / 3.955 | Fail: 0.723%\n"}
,{"stream_name":"stdout","time":3819.099498021,"data":"[Game 840] Range: 2-8 | Median/Mean: 4.0 / 3.962 | Fail: 0.833%\n"}
,{"stream_name":"stdout","time":3854.922301824,"data":"[Game 850] Range: 2-8 | Median/Mean: 4.0 / 3.953 | Fail: 0.824%\n"}
,{"stream_name":"stdout","time":3910.610672998,"data":"[Game 860] Range: 2-8 | Median/Mean: 4.0 / 3.955 | Fail: 0.930%\n"}
,{"stream_name":"stdout","time":3975.49871805,"data":"[Game 870] Range: 2-8 | Median/Mean: 4.0 / 3.953 | Fail: 0.920%\n"}
,{"stream_name":"stdout","time":4016.983030199,"data":"[Game 880] Range: 2-8 | Median/Mean: 4.0 / 3.948 | Fail: 0.909%\n"}
,{"stream_name":"stdout","time":4062.099472309,"data":"[Game 890] Range: 2-8 | Median/Mean: 4.0 / 3.944 | Fail: 0.899%\n"}
,{"stream_name":"stdout","time":4114.476087321,"data":"[Game 900] Range: 2-8 | Median/Mean: 4.0 / 3.941 | Fail: 0.889%\n"}
,{"stream_name":"stdout","time":4154.445158491,"data":"[Game 910] Range: 2-8 | Median/Mean: 4.0 / 3.942 | Fail: 0.989%\n"}
,{"stream_name":"stdout","time":4207.400816559,"data":"[Game 920] Range: 2-8 | Median/Mean: 4.0 / 3.940 | Fail: 0.978%\n"}
,{"stream_name":"stdout","time":4263.688813098,"data":"[Game 930] Range: 2-8 | Median/Mean: 4.0 / 3.941 | Fail: 0.968%\n"}
,{"stream_name":"stdout","time":4299.851436614,"data":"[Game 940] Range: 2-8 | Median/Mean: 4.0 / 3.937 | Fail: 0.957%\n"}
,{"stream_name":"stdout","time":4353.034139798,"data":"[Game 950] Range: 2-8 | Median/Mean: 4.0 / 3.937 | Fail: 0.947%\n"}
,{"stream_name":"stdout","time":4382.245834712,"data":"[Game 960] Range: 2-8 | Median/Mean: 4.0 / 3.931 | Fail: 0.938%\n"}
,{"stream_name":"stdout","time":4422.133678603,"data":"[Game 970] Range: 2-8 | Median/Mean: 4.0 / 3.931 | Fail: 0.928%\n"}
,{"stream_name":"stdout","time":4469.80357243,"data":"[Game 980] Range: 2-8 | Median/Mean: 4.0 / 3.933 | Fail: 1.020%\n"}
,{"stream_name":"stdout","time":4506.385464422,"data":"[Game 990] Range: 2-8 | Median/Mean: 4.0 / 3.925 | Fail: 1.010%\n"}
,{"stream_name":"stdout","time":4541.876065531,"data":"[Game 1000] Range: 2-8 | Median/Mean: 4.0 / 3.925 | Fail: 1.000%\n"}
,{"stream_name":"stdout","time":4586.695150767,"data":"[Game 1010] Range: 2-8 | Median/Mean: 4.0 / 3.920 | Fail: 0.990%\n"}
,{"stream_name":"stdout","time":4628.732429704,"data":"[Game 1020] Range: 2-8 | Median/Mean: 4.0 / 3.917 | Fail: 0.980%\n"}
,{"stream_name":"stdout","time":4680.294265142,"data":"[Game 1030] Range: 2-8 | Median/Mean: 4.0 / 3.916 | Fail: 0.971%\n"}
,{"stream_name":"stdout","time":4718.370170644,"data":"[Game 1040] Range: 2-8 | Median/Mean: 4.0 / 3.914 | Fail: 0.962%\n"}
,{"stream_name":"stdout","time":4771.025553901,"data":"[Game 1050] Range: 2-8 | Median/Mean: 4.0 / 3.913 | Fail: 0.952%\n"}
,{"stream_name":"stdout","time":4833.748402605,"data":"[Game 1060] Range: 2-8 | Median/Mean: 4.0 / 3.913 | Fail: 0.943%\n"}
,{"stream_name":"stdout","time":4872.499365572,"data":"[Game 1070] Range: 2-8 | Median/Mean: 4.0 / 3.907 | Fail: 0.935%\n"}
,{"stream_name":"stdout","time":4912.022625429,"data":"[Game 1080] Range: 2-8 | Median/Mean: 4.0 / 3.900 | Fail: 0.926%\n"}
,{"stream_name":"stdout","time":4964.207405196,"data":"[Game 1090] Range: 2-8 | Median/Mean: 4.0 / 3.904 | Fail: 1.009%\n"}
,{"stream_name":"stdout","time":5018.647333625,"data":"[Game 1100] Range: 2-8 | Median/Mean: 4.0 / 3.905 | Fail: 1.000%\n"}
,{"stream_name":"stdout","time":5061.597485971,"data":"[Game 1110] Range: 2-8 | Median/Mean: 4.0 / 3.902 | Fail: 0.991%\n"}
,{"stream_name":"stdout","time":5108.160861666,"data":"[Game 1120] Range: 2-8 | Median/Mean: 4.0 / 3.900 | Fail: 0.982%\n"}
,{"stream_name":"stdout","time":5151.096581478,"data":"[Game 1130] Range: 2-8 | Median/Mean: 4.0 / 3.898 | Fail: 0.973%\n"}
,{"stream_name":"stdout","time":5209.200762018,"data":"[Game 1140] Range: 2-8 | Median/Mean: 4.0 / 3.901 | Fail: 1.053%\n"}
,{"stream_name":"stdout","time":5242.515869073,"data":"[Game 1150] Range: 2-8 | Median/Mean: 4.0 / 3.899 | Fail: 1.043%\n"}
,{"stream_name":"stdout","time":5280.4030131,"data":"[Game 1160] Range: 2-8 | Median/Mean: 4.0 / 3.898 | Fail: 1.034%\n"}
,{"stream_name":"stdout","time":5339.756578817,"data":"[Game 1170] Range: 2-8 | Median/Mean: 4.0 / 3.900 | Fail: 1.026%\n"}
,{"stream_name":"stdout","time":5377.185155928,"data":"[Game 1180] Range: 2-8 | Median/Mean: 4.0 / 3.901 | Fail: 1.017%\n"}
,{"stream_name":"stdout","time":5431.379817443,"data":"[Game 1190] Range: 2-8 | Median/Mean: 4.0 / 3.900 | Fail: 1.008%\n"}
,{"stream_name":"stdout","time":5480.549543076,"data":"[Game 1200] Range: 2-8 | Median/Mean: 4.0 / 3.893 | Fail: 1.000%\n"}
,{"stream_name":"stdout","time":5510.167396503,"data":"[Game 1210] Range: 2-8 | Median/Mean: 4.0 / 3.889 | Fail: 0.992%\n"}
,{"stream_name":"stdout","time":5550.457904495,"data":"[Game 1220] Range: 2-8 | Median/Mean: 4.0 / 3.891 | Fail: 0.984%\n"}
,{"stream_name":"stdout","time":5605.901008325,"data":"[Game 1230] Range: 2-8 | Median/Mean: 4.0 / 3.895 | Fail: 0.976%\n"}
,{"stream_name":"stdout","time":5649.504510533,"data":"[Game 1240] Range: 2-8 | Median/Mean: 4.0 / 3.897 | Fail: 0.968%\n"}
,{"stream_name":"stdout","time":5699.363086764,"data":"[Game 1250] Range: 2-8 | Median/Mean: 4.0 / 3.898 | Fail: 0.960%\n"}
,{"stream_name":"stdout","time":5745.115916584,"data":"[Game 1260] Range: 2-8 | Median/Mean: 4.0 / 3.899 | Fail: 1.032%\n"}
,{"stream_name":"stdout","time":5784.295081639,"data":"[Game 1270] Range: 2-8 | Median/Mean: 4.0 / 3.899 | Fail: 1.024%\n"}
,{"stream_name":"stdout","time":5825.951370365,"data":"[Game 1280] Range: 2-8 | Median/Mean: 4.0 / 3.898 | Fail: 1.016%\n"}
,{"stream_name":"stdout","time":5855.846923497,"data":"[Game 1290] Range: 2-8 | Median/Mean: 4.0 / 3.897 | Fail: 1.008%\n"}
,{"stream_name":"stdout","time":5892.052406328,"data":"[Game 1300] Range: 2-8 | Median/Mean: 4.0 / 3.899 | Fail: 1.000%\n"}
,{"stream_name":"stdout","time":5918.010176916,"data":"[Game 1310] Range: 2-8 | Median/Mean: 4.0 / 3.898 | Fail: 0.992%\n"}
,{"stream_name":"stdout","time":5973.637971976,"data":"[Game 1320] Range: 2-8 | Median/Mean: 4.0 / 3.900 | Fail: 1.061%\n"}
,{"stream_name":"stdout","time":6028.789429901,"data":"[Game 1330] Range: 2-8 | Median/Mean: 4.0 / 3.902 | Fail: 1.053%\n"}
,{"stream_name":"stdout","time":6086.675155039,"data":"[Game 1340] Range: 2-8 | Median/Mean: 4.0 / 3.907 | Fail: 1.045%\n"}
,{"stream_name":"stdout","time":6138.863397882,"data":"[Game 1350] Range: 2-8 | Median/Mean: 4.0 / 3.904 | Fail: 1.037%\n"}
,{"stream_name":"stdout","time":6196.099678173,"data":"[Game 1360] Range: 2-8 | Median/Mean: 4.0 / 3.907 | Fail: 1.029%\n"}
,{"stream_name":"stdout","time":6246.633497648,"data":"[Game 1370] Range: 2-8 | Median/Mean: 4.0 / 3.913 | Fail: 1.022%\n"}
,{"stream_name":"stdout","time":6305.415035944,"data":"[Game 1380] Range: 2-8 | Median/Mean: 4.0 / 3.914 | Fail: 1.087%\n"}
,{"stream_name":"stdout","time":6348.874748928,"data":"[Game 1390] Range: 2-8 | Median/Mean: 4.0 / 3.914 | Fail: 1.079%\n"}
,{"stream_name":"stdout","time":6391.595235467,"data":"[Game 1400] Range: 2-8 | Median/Mean: 4.0 / 3.915 | Fail: 1.143%\n"}
,{"stream_name":"stdout","time":6438.351231835,"data":"[Game 1410] Range: 2-8 | Median/Mean: 4.0 / 3.916 | Fail: 1.135%\n"}
,{"stream_name":"stdout","time":6483.795344358,"data":"[Game 1420] Range: 2-8 | Median/Mean: 4.0 / 3.913 | Fail: 1.127%\n"}
,{"stream_name":"stdout","time":6522.267071263,"data":"[Game 1430] Range: 2-8 | Median/Mean: 4.0 / 3.910 | Fail: 1.119%\n"}
,{"stream_name":"stdout","time":6573.934395844,"data":"[Game 1440] Range: 2-9 | Median/Mean: 4.0 / 3.913 | Fail: 1.181%\n"}
,{"stream_name":"stdout","time":6625.75295858,"data":"[Game 1450] Range: 2-9 | Median/Mean: 4.0 / 3.914 | Fail: 1.241%\n"}
,{"stream_name":"stdout","time":6673.776177697,"data":"[Game 1460] Range: 2-9 | Median/Mean: 4.0 / 3.914 | Fail: 1.233%\n"}
,{"stream_name":"stdout","time":6712.632614679,"data":"[Game 1470] Range: 2-9 | Median/Mean: 4.0 / 3.916 | Fail: 1.224%\n"}
,{"stream_name":"stdout","time":6763.578665705,"data":"[Game 1480] Range: 2-9 | Median/Mean: 4.0 / 3.916 | Fail: 1.216%\n"}
,{"stream_name":"stdout","time":6815.559666485,"data":"[Game 1490] Range: 2-9 | Median/Mean: 4.0 / 3.915 | Fail: 1.208%\n"}
,{"stream_name":"stdout","time":6862.545973614,"data":"[Game 1500] Range: 2-9 | Median/Mean: 4.0 / 3.915 | Fail: 1.200%\n"}
,{"stream_name":"stdout","time":6905.359353045,"data":"[Game 1510] Range: 2-9 | Median/Mean: 4.0 / 3.911 | Fail: 1.192%\n"}
,{"stream_name":"stdout","time":6947.433026188,"data":"[Game 1520] Range: 2-9 | Median/Mean: 4.0 / 3.907 | Fail: 1.184%\n"}
,{"stream_name":"stdout","time":7013.163226792,"data":"[Game 1530] Range: 2-9 | Median/Mean: 4.0 / 3.909 | Fail: 1.176%\n"}
,{"stream_name":"stdout","time":7066.937892678,"data":"[Game 1540] Range: 2-9 | Median/Mean: 4.0 / 3.908 | Fail: 1.169%\n"}
,{"stream_name":"stdout","time":7108.716605233,"data":"[Game 1550] Range: 2-9 | Median/Mean: 4.0 / 3.906 | Fail: 1.161%\n"}
,{"stream_name":"stdout","time":7148.304293265,"data":"[Game 1560] Range: 2-9 | Median/Mean: 4.0 / 3.904 | Fail: 1.154%\n"}
,{"stream_name":"stdout","time":7193.676021174,"data":"[Game 1570] Range: 2-9 | Median/Mean: 4.0 / 3.904 | Fail: 1.210%\n"}
,{"stream_name":"stdout","time":7241.561651683,"data":"[Game 1580] Range: 2-9 | Median/Mean: 4.0 / 3.903 | Fail: 1.203%\n"}
,{"stream_name":"stdout","time":7291.060043679,"data":"[Game 1590] Range: 2-9 | Median/Mean: 4.0 / 3.901 | Fail: 1.195%\n"}
,{"stream_name":"stdout","time":7327.848846457,"data":"[Game 1600] Range: 2-9 | Median/Mean: 4.0 / 3.898 | Fail: 1.188%\n"}
,{"stream_name":"stdout","time":7385.01271568,"data":"[Game 1610] Range: 2-9 | Median/Mean: 4.0 / 3.900 | Fail: 1.180%\n"}
,{"stream_name":"stdout","time":7433.128338543,"data":"[Game 1620] Range: 2-9 | Median/Mean: 4.0 / 3.901 | Fail: 1.173%\n"}
,{"stream_name":"stdout","time":7478.892676708,"data":"[Game 1630] Range: 2-9 | Median/Mean: 4.0 / 3.899 | Fail: 1.166%\n"}
,{"stream_name":"stdout","time":7510.732051597,"data":"[Game 1640] Range: 2-9 | Median/Mean: 4.0 / 3.896 | Fail: 1.159%\n"}
,{"stream_name":"stdout","time":7560.043582303,"data":"[Game 1650] Range: 2-9 | Median/Mean: 4.0 / 3.899 | Fail: 1.212%\n"}
,{"stream_name":"stdout","time":7603.02679197,"data":"[Game 1660] Range: 2-9 | Median/Mean: 4.0 / 3.901 | Fail: 1.205%\n"}
,{"stream_name":"stdout","time":7645.699734045,"data":"[Game 1670] Range: 2-9 | Median/Mean: 4.0 / 3.901 | Fail: 1.198%\n"}
,{"stream_name":"stdout","time":7701.906429938,"data":"[Game 1680] Range: 2-9 | Median/Mean: 4.0 / 3.905 | Fail: 1.190%\n"}
,{"stream_name":"stdout","time":7745.843710562,"data":"[Game 1690] Range: 2-9 | Median/Mean: 4.0 / 3.905 | Fail: 1.183%\n"}
,{"stream_name":"stdout","time":7789.42363372,"data":"[Game 1700] Range: 2-9 | Median/Mean: 4.0 / 3.905 | Fail: 1.176%\n"}
,{"stream_name":"stdout","time":7827.248977945,"data":"[Game 1710] Range: 2-9 | Median/Mean: 4.0 / 3.905 | Fail: 1.170%\n"}
,{"stream_name":"stdout","time":7869.179574327,"data":"[Game 1720] Range: 2-9 | Median/Mean: 4.0 / 3.906 | Fail: 1.163%\n"}
,{"stream_name":"stdout","time":7922.574834597,"data":"[Game 1730] Range: 2-9 | Median/Mean: 4.0 / 3.906 | Fail: 1.156%\n"}
,{"stream_name":"stdout","time":7960.787555385,"data":"[Game 1740] Range: 2-9 | Median/Mean: 4.0 / 3.905 | Fail: 1.149%\n"}
,{"stream_name":"stdout","time":8007.151501297,"data":"[Game 1750] Range: 2-9 | Median/Mean: 4.0 / 3.902 | Fail: 1.143%\n"}
,{"stream_name":"stdout","time":8060.25440974,"data":"[Game 1760] Range: 2-9 | Median/Mean: 4.0 / 3.901 | Fail: 1.136%\n"}
,{"stream_name":"stdout","time":8113.751801565,"data":"[Game 1770] Range: 2-9 | Median/Mean: 4.0 / 3.903 | Fail: 1.130%\n"}
,{"stream_name":"stdout","time":8154.76957241,"data":"[Game 1780] Range: 2-9 | Median/Mean: 4.0 / 3.903 | Fail: 1.124%\n"}
,{"stream_name":"stdout","time":8204.567183644,"data":"[Game 1790] Range: 2-9 | Median/Mean: 4.0 / 3.903 | Fail: 1.117%\n"}
,{"stream_name":"stdout","time":8238.109017265,"data":"[Game 1800] Range: 2-9 | Median/Mean: 4.0 / 3.901 | Fail: 1.111%\n"}
,{"stream_name":"stdout","time":8276.357865085,"data":"[Game 1810] Range: 2-9 | Median/Mean: 4.0 / 3.903 | Fail: 1.160%\n"}
,{"stream_name":"stdout","time":8333.480652915,"data":"[Game 1820] Range: 2-9 | Median/Mean: 4.0 / 3.905 | Fail: 1.209%\n"}
,{"stream_name":"stdout","time":8385.202326878,"data":"[Game 1830] Range: 2-9 | Median/Mean: 4.0 / 3.907 | Fail: 1.202%\n"}
,{"stream_name":"stdout","time":8422.19473181,"data":"[Game 1840] Range: 2-9 | Median/Mean: 4.0 / 3.905 | Fail: 1.196%\n"}
,{"stream_name":"stdout","time":8456.930090701,"data":"[Game 1850] Range: 2-9 | Median/Mean: 4.0 / 3.904 | Fail: 1.189%\n"}
,{"stream_name":"stdout","time":8491.925983065,"data":"[Game 1860] Range: 2-9 | Median/Mean: 4.0 / 3.903 | Fail: 1.183%\n"}
,{"stream_name":"stdout","time":8524.123020685,"data":"[Game 1870] Range: 2-9 | Median/Mean: 4.0 / 3.899 | Fail: 1.176%\n"}
,{"stream_name":"stdout","time":8556.571604566,"data":"[Game 1880] Range: 2-9 | Median/Mean: 4.0 / 3.903 | Fail: 1.277%\n"}
,{"stream_name":"stdout","time":8610.656756569,"data":"[Game 1890] Range: 2-9 | Median/Mean: 4.0 / 3.906 | Fail: 1.270%\n"}
,{"stream_name":"stdout","time":8676.211217801,"data":"[Game 1900] Range: 2-9 | Median/Mean: 4.0 / 3.908 | Fail: 1.263%\n"}
,{"stream_name":"stdout","time":8728.013313741,"data":"[Game 1910] Range: 2-9 | Median/Mean: 4.0 / 3.908 | Fail: 1.257%\n"}
,{"stream_name":"stdout","time":8759.902252383,"data":"[Game 1920] Range: 2-9 | Median/Mean: 4.0 / 3.907 | Fail: 1.250%\n"}
,{"stream_name":"stdout","time":8802.676048715,"data":"[Game 1930] Range: 2-9 | Median/Mean: 4.0 / 3.908 | Fail: 1.244%\n"}
,{"stream_name":"stdout","time":8834.901756813,"data":"[Game 1940] Range: 2-9 | Median/Mean: 4.0 / 3.907 | Fail: 1.237%\n"}
,{"stream_name":"stdout","time":8884.880998671,"data":"[Game 1950] Range: 2-9 | Median/Mean: 4.0 / 3.906 | Fail: 1.282%\n"}
,{"stream_name":"stdout","time":8937.863452126,"data":"[Game 1960] Range: 2-9 | Median/Mean: 4.0 / 3.908 | Fail: 1.327%\n"}
,{"stream_name":"stdout","time":8979.846750299,"data":"[Game 1970] Range: 2-9 | Median/Mean: 4.0 / 3.908 | Fail: 1.320%\n"}
,{"stream_name":"stdout","time":9017.0179244,"data":"[Game 1980] Range: 2-9 | Median/Mean: 4.0 / 3.911 | Fail: 1.313%\n"}
,{"stream_name":"stdout","time":9044.825385294,"data":"[Game 1990] Range: 2-9 | Median/Mean: 4.0 / 3.910 | Fail: 1.307%\n"}
,{"stream_name":"stdout","time":9092.579274672,"data":"[Game 2000] Range: 2-9 | Median/Mean: 4.0 / 3.910 | Fail: 1.350%\n"}
,{"stream_name":"stdout","time":9130.404822664,"data":"[Game 2010] Range: 2-9 | Median/Mean: 4.0 / 3.908 | Fail: 1.343%\n"}
,{"stream_name":"stdout","time":9171.906304446,"data":"[Game 2020] Range: 2-9 | Median/Mean: 4.0 / 3.912 | Fail: 1.485%\n"}
,{"stream_name":"stdout","time":9217.293902118,"data":"[Game 2030] Range: 2-9 | Median/Mean: 4.0 / 3.910 | Fail: 1.478%\n"}
,{"stream_name":"stdout","time":9242.325056257,"data":"[Game 2040] Range: 2-9 | Median/Mean: 4.0 / 3.908 | Fail: 1.471%\n"}
,{"stream_name":"stdout","time":9290.893804279,"data":"[Game 2050] Range: 2-9 | Median/Mean: 4.0 / 3.909 | Fail: 1.463%\n"}
,{"stream_name":"stdout","time":9324.86335237,"data":"[Game 2060] Range: 2-9 | Median/Mean: 4.0 / 3.908 | Fail: 1.456%\n"}
,{"stream_name":"stdout","time":9376.192463698,"data":"[Game 2070] Range: 2-9 | Median/Mean: 4.0 / 3.911 | Fail: 1.449%\n"}
,{"stream_name":"stdout","time":9430.089239007,"data":"[Game 2080] Range: 2-9 | Median/Mean: 4.0 / 3.912 | Fail: 1.442%\n"}
,{"stream_name":"stdout","time":9477.954363541,"data":"[Game 2090] Range: 2-9 | Median/Mean: 4.0 / 3.912 | Fail: 1.435%\n"}
,{"stream_name":"stdout","time":9518.535504782,"data":"[Game 2100] Range: 2-9 | Median/Mean: 4.0 / 3.913 | Fail: 1.429%\n"}
,{"stream_name":"stdout","time":9552.012221809,"data":"[Game 2110] Range: 2-9 | Median/Mean: 4.0 / 3.910 | Fail: 1.422%\n"}
,{"stream_name":"stdout","time":9611.13684578,"data":"[Game 2120] Range: 2-9 | Median/Mean: 4.0 / 3.912 | Fail: 1.462%\n"}
,{"stream_name":"stdout","time":9663.042802102,"data":"[Game 2130] Range: 2-9 | Median/Mean: 4.0 / 3.914 | Fail: 1.455%\n"}
,{"stream_name":"stdout","time":9716.12866656,"data":"[Game 2140] Range: 2-9 | Median/Mean: 4.0 / 3.917 | Fail: 1.449%\n"}
,{"stream_name":"stdout","time":9770.810281297,"data":"[Game 2150] Range: 2-9 | Median/Mean: 4.0 / 3.918 | Fail: 1.442%\n"}
,{"stream_name":"stdout","time":9822.275150544,"data":"[Game 2160] Range: 2-9 | Median/Mean: 4.0 / 3.918 | Fail: 1.481%\n"}
,{"stream_name":"stdout","time":9866.75728182,"data":"[Game 2170] Range: 2-9 | Median/Mean: 4.0 / 3.921 | Fail: 1.521%\n"}
,{"stream_name":"stdout","time":9914.975279705,"data":"[Game 2180] Range: 2-9 | Median/Mean: 4.0 / 3.919 | Fail: 1.514%\n"}
,{"stream_name":"stdout","time":9960.871818673,"data":"[Game 2190] Range: 2-9 | Median/Mean: 4.0 / 3.918 | Fail: 1.507%\n"}
,{"stream_name":"stdout","time":10017.494247798,"data":"[Game 2200] Range: 2-9 | Median/Mean: 4.0 / 3.918 | Fail: 1.500%\n"}
,{"stream_name":"stdout","time":10070.768574414,"data":"[Game 2210] Range: 2-9 | Median/Mean: 4.0 / 3.918 | Fail: 1.493%\n"}
,{"stream_name":"stdout","time":10126.407805429,"data":"[Game 2220] Range: 2-9 | Median/Mean: 4.0 / 3.919 | Fail: 1.486%\n"}
,{"stream_name":"stdout","time":10170.395130692,"data":"[Game 2230] Range: 2-9 | Median/Mean: 4.0 / 3.921 | Fail: 1.525%\n"}
,{"stream_name":"stdout","time":10198.800720889,"data":"[Game 2240] Range: 2-9 | Median/Mean: 4.0 / 3.919 | Fail: 1.518%\n"}
,{"stream_name":"stdout","time":10245.480751489,"data":"[Game 2250] Range: 2-9 | Median/Mean: 4.0 / 3.920 | Fail: 1.511%\n"}
,{"stream_name":"stdout","time":10301.872603441,"data":"[Game 2260] Range: 2-9 | Median/Mean: 4.0 / 3.923 | Fail: 1.549%\n"}
,{"stream_name":"stdout","time":10343.691972177,"data":"[Game 2270] Range: 2-9 | Median/Mean: 4.0 / 3.922 | Fail: 1.542%\n"}
,{"stream_name":"stdout","time":10396.459324921,"data":"[Game 2280] Range: 2-9 | Median/Mean: 4.0 / 3.921 | Fail: 1.535%\n"}
,{"stream_name":"stdout","time":10443.540896334,"data":"[Game 2290] Range: 2-9 | Median/Mean: 4.0 / 3.921 | Fail: 1.572%\n"}
,{"stream_name":"stdout","time":10466.35759506,"data":"[Game 2300] Range: 2-9 | Median/Mean: 4.0 / 3.919 | Fail: 1.565%\n"}
,{"stream_name":"stdout","time":10513.670757118,"data":"[Game 2310] Range: 2-9 | Median/Mean: 4.0 / 3.919 | Fail: 1.558%\n"}
,{"stream_name":"stdout","time":10538.668098954,"data":"Summary:\n"}
,{"stream_name":"stdout","time":10538.681207724,"data":"Distribution across steps:\n"}
,{"stream_name":"stdout","time":10538.690645892,"data":"Key Metrics:\n"}
,{"stream_name":"stderr","time":10543.104942383,"data":"/opt/conda/lib/python3.7/site-packages/traitlets/traitlets.py:2567: FutureWarning: --Exporter.preprocessors=[\"remove_papermill_header.RemovePapermillHeader\"] for containers is deprecated in traitlets 5.0. You can pass `--Exporter.preprocessors item` ... multiple times to add items to a list.\n"}
,{"stream_name":"stderr","time":10543.105023215,"data":"  FutureWarning,\n"}
,{"stream_name":"stderr","time":10543.105033597,"data":"[NbConvertApp] Converting notebook __notebook__.ipynb to notebook\n"}
,{"stream_name":"stderr","time":10543.550420027,"data":"[NbConvertApp] Writing 32967 bytes to __notebook__.ipynb\n"}
,{"stream_name":"stderr","time":10546.215379835,"data":"/opt/conda/lib/python3.7/site-packages/traitlets/traitlets.py:2567: FutureWarning: --Exporter.preprocessors=[\"nbconvert.preprocessors.ExtractOutputPreprocessor\"] for containers is deprecated in traitlets 5.0. You can pass `--Exporter.preprocessors item` ... multiple times to add items to a list.\n"}
,{"stream_name":"stderr","time":10546.21549072,"data":"  FutureWarning,\n"}
,{"stream_name":"stderr","time":10546.215500507,"data":"[NbConvertApp] Converting notebook __notebook__.ipynb to html\n"}
,{"stream_name":"stderr","time":10546.971868215,"data":"[NbConvertApp] Writing 308336 bytes to __results__.html\n"}
]