[{"stream_name":"stderr","time":11.971339541999999,"data":"/opt/conda/lib/python3.7/site-packages/papermill/iorw.py:50: FutureWarning: pyarrow.HadoopFileSystem is deprecated as of 2.0.0, please use pyarrow.fs.HadoopFileSystem instead.\n"}
,{"stream_name":"stderr","time":11.971417941,"data":"  from pyarrow import HadoopFileSystem\n"}
,{"stream_name":"stdout","time":12.921113747,"data":"[ ---------- TARES ----------]\n"}
,{"stream_name":"stdout","time":13.780481891,"data":"[Game 10] Range: 3-5 | Median/Mean: 3.0 / 3.400 | Fail: 0.000%\n"}
,{"stream_name":"stdout","time":14.671208471,"data":"[Game 20] Range: 3-5 | Median/Mean: 3.0 / 3.450 | Fail: 0.000%\n"}
,{"stream_name":"stdout","time":15.479858027,"data":"[Game 30] Range: 2-6 | Median/Mean: 3.0 / 3.433 | Fail: 0.000%\n"}
,{"stream_name":"stdout","time":16.382132195,"data":"[Game 40] Range: 2-7 | Median/Mean: 3.0 / 3.500 | Fail: 2.500%\n"}
,{"stream_name":"stdout","time":17.460732138,"data":"[Game 50] Range: 2-7 | Median/Mean: 3.0 / 3.580 | Fail: 2.000%\n"}
,{"stream_name":"stdout","time":18.283652041,"data":"[Game 60] Range: 2-7 | Median/Mean: 3.0 / 3.550 | Fail: 1.667%\n"}
,{"stream_name":"stdout","time":19.165512878,"data":"[Game 70] Range: 2-7 | Median/Mean: 3.0 / 3.557 | Fail: 1.429%\n"}
,{"stream_name":"stdout","time":19.97197865,"data":"[Game 80] Range: 2-7 | Median/Mean: 3.0 / 3.575 | Fail: 1.250%\n"}
,{"stream_name":"stdout","time":20.772204916,"data":"[Game 90] Range: 2-7 | Median/Mean: 3.0 / 3.567 | Fail: 1.111%\n"}
,{"stream_name":"stdout","time":21.599394215,"data":"[Game 100] Range: 2-7 | Median/Mean: 3.0 / 3.550 | Fail: 1.000%\n"}
,{"stream_name":"stdout","time":22.602782723,"data":"[Game 110] Range: 2-7 | Median/Mean: 3.0 / 3.582 | Fail: 0.909%\n"}
,{"stream_name":"stdout","time":23.627705672,"data":"[Game 120] Range: 2-8 | Median/Mean: 3.0 / 3.600 | Fail: 1.667%\n"}
,{"stream_name":"stdout","time":24.368465038,"data":"[Game 130] Range: 2-8 | Median/Mean: 3.0 / 3.577 | Fail: 1.538%\n"}
,{"stream_name":"stdout","time":25.27957691,"data":"[Game 140] Range: 2-8 | Median/Mean: 3.0 / 3.593 | Fail: 1.429%\n"}
,{"stream_name":"stdout","time":26.169880125,"data":"[Game 150] Range: 2-8 | Median/Mean: 3.0 / 3.580 | Fail: 1.333%\n"}
,{"stream_name":"stdout","time":27.107396608,"data":"[Game 160] Range: 2-8 | Median/Mean: 3.0 / 3.587 | Fail: 1.250%\n"}
,{"stream_name":"stdout","time":27.864815871,"data":"[Game 170] Range: 2-8 | Median/Mean: 3.0 / 3.565 | Fail: 1.176%\n"}
,{"stream_name":"stdout","time":28.531967136,"data":"[Game 180] Range: 2-8 | Median/Mean: 3.0 / 3.550 | Fail: 1.111%\n"}
,{"stream_name":"stdout","time":29.507758794,"data":"[Game 190] Range: 2-8 | Median/Mean: 3.0 / 3.553 | Fail: 1.053%\n"}
,{"stream_name":"stdout","time":30.162381939,"data":"[Game 200] Range: 2-8 | Median/Mean: 3.0 / 3.530 | Fail: 1.000%\n"}
,{"stream_name":"stdout","time":31.029529524,"data":"[Game 210] Range: 2-8 | Median/Mean: 3.0 / 3.519 | Fail: 0.952%\n"}
,{"stream_name":"stdout","time":31.894381662,"data":"[Game 220] Range: 2-8 | Median/Mean: 3.0 / 3.514 | Fail: 0.909%\n"}
,{"stream_name":"stdout","time":32.681831554,"data":"[Game 230] Range: 2-8 | Median/Mean: 3.0 / 3.496 | Fail: 0.870%\n"}
,{"stream_name":"stdout","time":33.518080361,"data":"[Game 240] Range: 2-8 | Median/Mean: 3.0 / 3.487 | Fail: 0.833%\n"}
,{"stream_name":"stdout","time":34.347733797,"data":"[Game 250] Range: 2-8 | Median/Mean: 3.0 / 3.488 | Fail: 0.800%\n"}
,{"stream_name":"stdout","time":35.193929308,"data":"[Game 260] Range: 2-8 | Median/Mean: 3.0 / 3.492 | Fail: 0.769%\n"}
,{"stream_name":"stdout","time":35.939917076,"data":"[Game 270] Range: 2-8 | Median/Mean: 3.0 / 3.489 | Fail: 0.741%\n"}
,{"stream_name":"stdout","time":36.550342842,"data":"[Game 280] Range: 2-8 | Median/Mean: 3.0 / 3.468 | Fail: 0.714%\n"}
,{"stream_name":"stdout","time":37.457506693,"data":"[Game 290] Range: 2-8 | Median/Mean: 3.0 / 3.476 | Fail: 0.690%\n"}
,{"stream_name":"stdout","time":38.242315003,"data":"[Game 300] Range: 2-8 | Median/Mean: 3.0 / 3.473 | Fail: 0.667%\n"}
,{"stream_name":"stdout","time":39.279970346,"data":"[Game 310] Range: 2-8 | Median/Mean: 3.0 / 3.481 | Fail: 0.645%\n"}
,{"stream_name":"stdout","time":40.120477629,"data":"[Game 320] Range: 2-8 | Median/Mean: 3.0 / 3.478 | Fail: 0.625%\n"}
,{"stream_name":"stdout","time":40.969328006,"data":"[Game 330] Range: 2-8 | Median/Mean: 3.0 / 3.479 | Fail: 0.909%\n"}
,{"stream_name":"stdout","time":41.771084636,"data":"[Game 340] Range: 2-8 | Median/Mean: 3.0 / 3.474 | Fail: 0.882%\n"}
,{"stream_name":"stdout","time":42.479274948,"data":"[Game 350] Range: 2-8 | Median/Mean: 3.0 / 3.460 | Fail: 0.857%\n"}
,{"stream_name":"stdout","time":43.323049314,"data":"[Game 360] Range: 2-8 | Median/Mean: 3.0 / 3.456 | Fail: 0.833%\n"}
,{"stream_name":"stdout","time":44.264856757,"data":"[Game 370] Range: 2-8 | Median/Mean: 3.0 / 3.468 | Fail: 0.811%\n"}
,{"stream_name":"stdout","time":45.176967151,"data":"[Game 380] Range: 2-8 | Median/Mean: 3.0 / 3.468 | Fail: 0.789%\n"}
,{"stream_name":"stdout","time":45.904770675,"data":"[Game 390] Range: 2-8 | Median/Mean: 3.0 / 3.467 | Fail: 0.769%\n"}
,{"stream_name":"stdout","time":46.94777174,"data":"[Game 400] Range: 2-8 | Median/Mean: 3.0 / 3.480 | Fail: 0.750%\n"}
,{"stream_name":"stdout","time":47.890711338,"data":"[Game 410] Range: 2-8 | Median/Mean: 3.0 / 3.485 | Fail: 0.732%\n"}
,{"stream_name":"stdout","time":48.939006662,"data":"[Game 420] Range: 2-8 | Median/Mean: 3.0 / 3.502 | Fail: 0.714%\n"}
,{"stream_name":"stdout","time":49.916527135,"data":"[Game 430] Range: 2-8 | Median/Mean: 3.0 / 3.507 | Fail: 0.698%\n"}
,{"stream_name":"stdout","time":50.823727123,"data":"[Game 440] Range: 2-8 | Median/Mean: 3.0 / 3.507 | Fail: 0.682%\n"}
,{"stream_name":"stdout","time":51.526091795,"data":"[Game 450] Range: 2-8 | Median/Mean: 3.0 / 3.502 | Fail: 0.667%\n"}
,{"stream_name":"stdout","time":52.506208523,"data":"[Game 460] Range: 2-8 | Median/Mean: 3.0 / 3.509 | Fail: 0.652%\n"}
,{"stream_name":"stdout","time":53.317657881,"data":"[Game 470] Range: 2-8 | Median/Mean: 3.0 / 3.509 | Fail: 0.638%\n"}
,{"stream_name":"stdout","time":54.182714634,"data":"[Game 480] Range: 2-8 | Median/Mean: 3.0 / 3.508 | Fail: 0.625%\n"}
,{"stream_name":"stdout","time":54.966540394,"data":"[Game 490] Range: 2-8 | Median/Mean: 3.0 / 3.506 | Fail: 0.612%\n"}
,{"stream_name":"stdout","time":55.914167255,"data":"[Game 500] Range: 2-8 | Median/Mean: 3.0 / 3.512 | Fail: 0.600%\n"}
,{"stream_name":"stdout","time":56.765857357,"data":"[Game 510] Range: 2-8 | Median/Mean: 3.0 / 3.512 | Fail: 0.588%\n"}
,{"stream_name":"stdout","time":57.703753275,"data":"[Game 520] Range: 2-8 | Median/Mean: 3.0 / 3.515 | Fail: 0.577%\n"}
,{"stream_name":"stdout","time":58.492574742,"data":"[Game 530] Range: 2-8 | Median/Mean: 3.0 / 3.511 | Fail: 0.566%\n"}
,{"stream_name":"stdout","time":59.385924657,"data":"[Game 540] Range: 2-8 | Median/Mean: 3.0 / 3.515 | Fail: 0.556%\n"}
,{"stream_name":"stdout","time":60.311784612,"data":"[Game 550] Range: 2-8 | Median/Mean: 3.0 / 3.518 | Fail: 0.545%\n"}
,{"stream_name":"stdout","time":61.366056919,"data":"[Game 560] Range: 2-8 | Median/Mean: 3.0 / 3.527 | Fail: 0.714%\n"}
,{"stream_name":"stdout","time":62.229851411,"data":"[Game 570] Range: 2-8 | Median/Mean: 3.0 / 3.532 | Fail: 0.702%\n"}
,{"stream_name":"stdout","time":63.016040837,"data":"[Game 580] Range: 2-8 | Median/Mean: 3.0 / 3.529 | Fail: 0.690%\n"}
,{"stream_name":"stdout","time":64.164342108,"data":"[Game 590] Range: 2-8 | Median/Mean: 3.0 / 3.541 | Fail: 0.678%\n"}
,{"stream_name":"stdout","time":64.825928128,"data":"[Game 600] Range: 2-8 | Median/Mean: 3.0 / 3.532 | Fail: 0.667%\n"}
,{"stream_name":"stdout","time":65.705355333,"data":"[Game 610] Range: 2-8 | Median/Mean: 3.0 / 3.534 | Fail: 0.656%\n"}
,{"stream_name":"stdout","time":66.584754553,"data":"[Game 620] Range: 2-8 | Median/Mean: 3.0 / 3.535 | Fail: 0.645%\n"}
,{"stream_name":"stdout","time":67.552719793,"data":"[Game 630] Range: 2-8 | Median/Mean: 3.0 / 3.538 | Fail: 0.635%\n"}
,{"stream_name":"stdout","time":68.57208936399999,"data":"[Game 640] Range: 2-8 | Median/Mean: 3.0 / 3.542 | Fail: 0.625%\n"}
,{"stream_name":"stdout","time":69.498191426,"data":"[Game 650] Range: 2-8 | Median/Mean: 3.0 / 3.545 | Fail: 0.615%\n"}
,{"stream_name":"stdout","time":70.423229686,"data":"[Game 660] Range: 2-8 | Median/Mean: 3.0 / 3.548 | Fail: 0.606%\n"}
,{"stream_name":"stdout","time":71.266042272,"data":"[Game 670] Range: 2-8 | Median/Mean: 3.0 / 3.551 | Fail: 0.597%\n"}
,{"stream_name":"stdout","time":72.124852085,"data":"[Game 680] Range: 2-8 | Median/Mean: 3.0 / 3.550 | Fail: 0.588%\n"}
,{"stream_name":"stdout","time":72.894527977,"data":"[Game 690] Range: 2-8 | Median/Mean: 3.0 / 3.549 | Fail: 0.580%\n"}
,{"stream_name":"stdout","time":73.845240492,"data":"[Game 700] Range: 2-8 | Median/Mean: 3.0 / 3.553 | Fail: 0.571%\n"}
,{"stream_name":"stdout","time":74.729877994,"data":"[Game 710] Range: 2-8 | Median/Mean: 3.0 / 3.555 | Fail: 0.563%\n"}
,{"stream_name":"stdout","time":75.673638888,"data":"[Game 720] Range: 2-8 | Median/Mean: 3.0 / 3.556 | Fail: 0.556%\n"}
,{"stream_name":"stdout","time":76.625465071,"data":"[Game 730] Range: 2-8 | Median/Mean: 3.0 / 3.560 | Fail: 0.548%\n"}
,{"stream_name":"stdout","time":77.507373635,"data":"[Game 740] Range: 2-8 | Median/Mean: 3.0 / 3.562 | Fail: 0.541%\n"}
,{"stream_name":"stdout","time":78.542257881,"data":"[Game 750] Range: 2-8 | Median/Mean: 3.5 / 3.567 | Fail: 0.533%\n"}
,{"stream_name":"stdout","time":79.415509572,"data":"[Game 760] Range: 2-8 | Median/Mean: 3.0 / 3.566 | Fail: 0.526%\n"}
,{"stream_name":"stdout","time":80.263941906,"data":"[Game 770] Range: 2-8 | Median/Mean: 3.0 / 3.562 | Fail: 0.519%\n"}
,{"stream_name":"stdout","time":81.210886798,"data":"[Game 780] Range: 2-8 | Median/Mean: 3.0 / 3.565 | Fail: 0.513%\n"}
,{"stream_name":"stdout","time":82.057474246,"data":"[Game 790] Range: 2-8 | Median/Mean: 3.0 / 3.563 | Fail: 0.506%\n"}
,{"stream_name":"stdout","time":83.014291936,"data":"[Game 800] Range: 2-8 | Median/Mean: 3.0 / 3.566 | Fail: 0.500%\n"}
,{"stream_name":"stdout","time":83.838610533,"data":"[Game 810] Range: 2-8 | Median/Mean: 3.0 / 3.567 | Fail: 0.494%\n"}
,{"stream_name":"stdout","time":84.709811202,"data":"[Game 820] Range: 2-8 | Median/Mean: 3.0 / 3.570 | Fail: 0.488%\n"}
,{"stream_name":"stdout","time":85.555821948,"data":"[Game 830] Range: 2-8 | Median/Mean: 3.0 / 3.571 | Fail: 0.482%\n"}
,{"stream_name":"stdout","time":86.396920075,"data":"[Game 840] Range: 2-8 | Median/Mean: 3.5 / 3.573 | Fail: 0.476%\n"}
,{"stream_name":"stdout","time":87.242463528,"data":"[Game 850] Range: 2-8 | Median/Mean: 4.0 / 3.576 | Fail: 0.588%\n"}
,{"stream_name":"stdout","time":88.047123534,"data":"[Game 860] Range: 2-8 | Median/Mean: 4.0 / 3.579 | Fail: 0.581%\n"}
,{"stream_name":"stdout","time":89.099558087,"data":"[Game 870] Range: 2-8 | Median/Mean: 4.0 / 3.585 | Fail: 0.690%\n"}
,{"stream_name":"stdout","time":90.000372096,"data":"[Game 880] Range: 2-8 | Median/Mean: 4.0 / 3.584 | Fail: 0.682%\n"}
,{"stream_name":"stdout","time":90.992846993,"data":"[Game 890] Range: 2-8 | Median/Mean: 4.0 / 3.590 | Fail: 0.787%\n"}
,{"stream_name":"stdout","time":92.025350162,"data":"[Game 900] Range: 2-8 | Median/Mean: 4.0 / 3.594 | Fail: 0.778%\n"}
,{"stream_name":"stdout","time":92.92320478,"data":"[Game 910] Range: 2-8 | Median/Mean: 4.0 / 3.598 | Fail: 0.769%\n"}
,{"stream_name":"stdout","time":93.820740448,"data":"[Game 920] Range: 2-8 | Median/Mean: 4.0 / 3.598 | Fail: 0.870%\n"}
,{"stream_name":"stdout","time":94.66969934,"data":"[Game 930] Range: 2-8 | Median/Mean: 4.0 / 3.598 | Fail: 0.860%\n"}
,{"stream_name":"stdout","time":95.596119934,"data":"[Game 940] Range: 2-8 | Median/Mean: 4.0 / 3.600 | Fail: 0.851%\n"}
,{"stream_name":"stdout","time":96.443525301,"data":"[Game 950] Range: 2-8 | Median/Mean: 4.0 / 3.601 | Fail: 0.842%\n"}
,{"stream_name":"stdout","time":97.312296971,"data":"[Game 960] Range: 2-8 | Median/Mean: 4.0 / 3.602 | Fail: 0.833%\n"}
,{"stream_name":"stdout","time":98.173189456,"data":"[Game 970] Range: 2-8 | Median/Mean: 4.0 / 3.604 | Fail: 0.825%\n"}
,{"stream_name":"stdout","time":99.026558079,"data":"[Game 980] Range: 2-8 | Median/Mean: 4.0 / 3.603 | Fail: 0.816%\n"}
,{"stream_name":"stdout","time":99.729549157,"data":"[Game 990] Range: 2-8 | Median/Mean: 4.0 / 3.601 | Fail: 0.808%\n"}
,{"stream_name":"stdout","time":100.574478247,"data":"[Game 1000] Range: 2-8 | Median/Mean: 4.0 / 3.601 | Fail: 0.800%\n"}
,{"stream_name":"stdout","time":101.442358626,"data":"[Game 1010] Range: 2-8 | Median/Mean: 4.0 / 3.599 | Fail: 0.792%\n"}
,{"stream_name":"stdout","time":102.250598649,"data":"[Game 1020] Range: 2-8 | Median/Mean: 4.0 / 3.600 | Fail: 0.784%\n"}
,{"stream_name":"stdout","time":103.219919108,"data":"[Game 1030] Range: 2-8 | Median/Mean: 4.0 / 3.603 | Fail: 0.777%\n"}
,{"stream_name":"stdout","time":103.984827318,"data":"[Game 1040] Range: 2-8 | Median/Mean: 4.0 / 3.600 | Fail: 0.769%\n"}
,{"stream_name":"stdout","time":104.878337805,"data":"[Game 1050] Range: 2-8 | Median/Mean: 4.0 / 3.601 | Fail: 0.762%\n"}
,{"stream_name":"stdout","time":105.9642212,"data":"[Game 1060] Range: 2-8 | Median/Mean: 4.0 / 3.607 | Fail: 0.755%\n"}
,{"stream_name":"stdout","time":106.76843393,"data":"[Game 1070] Range: 2-8 | Median/Mean: 4.0 / 3.606 | Fail: 0.748%\n"}
,{"stream_name":"stdout","time":107.70588174,"data":"[Game 1080] Range: 2-8 | Median/Mean: 4.0 / 3.610 | Fail: 0.741%\n"}
,{"stream_name":"stdout","time":108.672229803,"data":"[Game 1090] Range: 2-8 | Median/Mean: 4.0 / 3.613 | Fail: 0.734%\n"}
,{"stream_name":"stdout","time":109.522479106,"data":"[Game 1100] Range: 2-8 | Median/Mean: 4.0 / 3.612 | Fail: 0.727%\n"}
,{"stream_name":"stdout","time":110.349856091,"data":"[Game 1110] Range: 2-8 | Median/Mean: 4.0 / 3.611 | Fail: 0.721%\n"}
,{"stream_name":"stdout","time":111.198993031,"data":"[Game 1120] Range: 2-8 | Median/Mean: 4.0 / 3.611 | Fail: 0.714%\n"}
,{"stream_name":"stdout","time":111.970539541,"data":"[Game 1130] Range: 2-8 | Median/Mean: 4.0 / 3.610 | Fail: 0.708%\n"}
,{"stream_name":"stdout","time":112.904821183,"data":"[Game 1140] Range: 2-8 | Median/Mean: 4.0 / 3.611 | Fail: 0.702%\n"}
,{"stream_name":"stdout","time":113.78290028,"data":"[Game 1150] Range: 2-8 | Median/Mean: 4.0 / 3.611 | Fail: 0.696%\n"}
,{"stream_name":"stdout","time":114.493027879,"data":"[Game 1160] Range: 2-8 | Median/Mean: 4.0 / 3.609 | Fail: 0.690%\n"}
,{"stream_name":"stdout","time":115.405232863,"data":"[Game 1170] Range: 2-8 | Median/Mean: 4.0 / 3.610 | Fail: 0.684%\n"}
,{"stream_name":"stdout","time":116.163492018,"data":"[Game 1180] Range: 2-8 | Median/Mean: 4.0 / 3.608 | Fail: 0.678%\n"}
,{"stream_name":"stdout","time":116.997817546,"data":"[Game 1190] Range: 2-8 | Median/Mean: 4.0 / 3.605 | Fail: 0.672%\n"}
,{"stream_name":"stdout","time":117.883174215,"data":"[Game 1200] Range: 2-8 | Median/Mean: 4.0 / 3.607 | Fail: 0.667%\n"}
,{"stream_name":"stdout","time":118.565454406,"data":"[Game 1210] Range: 2-8 | Median/Mean: 4.0 / 3.606 | Fail: 0.661%\n"}
,{"stream_name":"stdout","time":119.540281021,"data":"[Game 1220] Range: 2-8 | Median/Mean: 4.0 / 3.609 | Fail: 0.656%\n"}
,{"stream_name":"stdout","time":120.742830279,"data":"[Game 1230] Range: 2-8 | Median/Mean: 4.0 / 3.618 | Fail: 0.732%\n"}
,{"stream_name":"stdout","time":121.557559908,"data":"[Game 1240] Range: 2-8 | Median/Mean: 4.0 / 3.619 | Fail: 0.726%\n"}
,{"stream_name":"stdout","time":122.574526661,"data":"[Game 1250] Range: 2-8 | Median/Mean: 4.0 / 3.621 | Fail: 0.720%\n"}
,{"stream_name":"stdout","time":123.51643446,"data":"[Game 1260] Range: 2-8 | Median/Mean: 4.0 / 3.623 | Fail: 0.714%\n"}
,{"stream_name":"stdout","time":124.291045127,"data":"[Game 1270] Range: 2-8 | Median/Mean: 4.0 / 3.622 | Fail: 0.709%\n"}
,{"stream_name":"stdout","time":125.21452224,"data":"[Game 1280] Range: 2-8 | Median/Mean: 4.0 / 3.623 | Fail: 0.703%\n"}
,{"stream_name":"stdout","time":126.00888266,"data":"[Game 1290] Range: 2-8 | Median/Mean: 4.0 / 3.622 | Fail: 0.698%\n"}
,{"stream_name":"stdout","time":126.831010983,"data":"[Game 1300] Range: 2-8 | Median/Mean: 4.0 / 3.623 | Fail: 0.692%\n"}
,{"stream_name":"stdout","time":127.518305452,"data":"[Game 1310] Range: 2-8 | Median/Mean: 4.0 / 3.621 | Fail: 0.687%\n"}
,{"stream_name":"stdout","time":128.429400656,"data":"[Game 1320] Range: 2-8 | Median/Mean: 4.0 / 3.621 | Fail: 0.682%\n"}
,{"stream_name":"stdout","time":129.347563283,"data":"[Game 1330] Range: 2-8 | Median/Mean: 4.0 / 3.622 | Fail: 0.677%\n"}
,{"stream_name":"stdout","time":130.381566573,"data":"[Game 1340] Range: 2-8 | Median/Mean: 4.0 / 3.623 | Fail: 0.672%\n"}
,{"stream_name":"stdout","time":131.263278124,"data":"[Game 1350] Range: 2-8 | Median/Mean: 4.0 / 3.623 | Fail: 0.667%\n"}
,{"stream_name":"stdout","time":132.248878905,"data":"[Game 1360] Range: 2-8 | Median/Mean: 4.0 / 3.626 | Fail: 0.662%\n"}
,{"stream_name":"stdout","time":133.262007453,"data":"[Game 1370] Range: 2-8 | Median/Mean: 4.0 / 3.629 | Fail: 0.657%\n"}
,{"stream_name":"stdout","time":134.270700018,"data":"[Game 1380] Range: 2-8 | Median/Mean: 4.0 / 3.630 | Fail: 0.652%\n"}
,{"stream_name":"stdout","time":135.062072214,"data":"[Game 1390] Range: 2-8 | Median/Mean: 4.0 / 3.630 | Fail: 0.647%\n"}
,{"stream_name":"stdout","time":135.924411564,"data":"[Game 1400] Range: 2-8 | Median/Mean: 4.0 / 3.631 | Fail: 0.643%\n"}
,{"stream_name":"stdout","time":136.880089196,"data":"[Game 1410] Range: 2-8 | Median/Mean: 4.0 / 3.633 | Fail: 0.638%\n"}
,{"stream_name":"stdout","time":137.608245078,"data":"[Game 1420] Range: 2-8 | Median/Mean: 4.0 / 3.632 | Fail: 0.634%\n"}
,{"stream_name":"stdout","time":138.432220292,"data":"[Game 1430] Range: 2-8 | Median/Mean: 4.0 / 3.631 | Fail: 0.629%\n"}
,{"stream_name":"stdout","time":139.399735405,"data":"[Game 1440] Range: 2-8 | Median/Mean: 4.0 / 3.634 | Fail: 0.625%\n"}
,{"stream_name":"stdout","time":140.628899477,"data":"[Game 1450] Range: 2-8 | Median/Mean: 4.0 / 3.643 | Fail: 0.690%\n"}
,{"stream_name":"stdout","time":141.549637255,"data":"[Game 1460] Range: 2-8 | Median/Mean: 4.0 / 3.645 | Fail: 0.685%\n"}
,{"stream_name":"stdout","time":142.383933697,"data":"[Game 1470] Range: 2-8 | Median/Mean: 4.0 / 3.646 | Fail: 0.680%\n"}
,{"stream_name":"stdout","time":143.473948489,"data":"[Game 1480] Range: 2-8 | Median/Mean: 4.0 / 3.652 | Fail: 0.676%\n"}
,{"stream_name":"stdout","time":144.276808936,"data":"[Game 1490] Range: 2-8 | Median/Mean: 4.0 / 3.650 | Fail: 0.671%\n"}
,{"stream_name":"stdout","time":145.236400283,"data":"[Game 1500] Range: 2-8 | Median/Mean: 4.0 / 3.651 | Fail: 0.667%\n"}
,{"stream_name":"stdout","time":146.016135916,"data":"[Game 1510] Range: 2-8 | Median/Mean: 4.0 / 3.651 | Fail: 0.662%\n"}
,{"stream_name":"stdout","time":146.737029301,"data":"[Game 1520] Range: 2-8 | Median/Mean: 4.0 / 3.651 | Fail: 0.658%\n"}
,{"stream_name":"stdout","time":147.701224515,"data":"[Game 1530] Range: 2-8 | Median/Mean: 4.0 / 3.653 | Fail: 0.654%\n"}
,{"stream_name":"stdout","time":148.71608362,"data":"[Game 1540] Range: 2-8 | Median/Mean: 4.0 / 3.656 | Fail: 0.649%\n"}
,{"stream_name":"stdout","time":149.595342885,"data":"[Game 1550] Range: 2-8 | Median/Mean: 4.0 / 3.657 | Fail: 0.645%\n"}
,{"stream_name":"stdout","time":150.506528245,"data":"[Game 1560] Range: 2-8 | Median/Mean: 4.0 / 3.660 | Fail: 0.641%\n"}
,{"stream_name":"stdout","time":151.387806423,"data":"[Game 1570] Range: 2-8 | Median/Mean: 4.0 / 3.662 | Fail: 0.701%\n"}
,{"stream_name":"stdout","time":152.268868194,"data":"[Game 1580] Range: 2-8 | Median/Mean: 4.0 / 3.661 | Fail: 0.696%\n"}
,{"stream_name":"stdout","time":153.137200261,"data":"[Game 1590] Range: 2-8 | Median/Mean: 4.0 / 3.662 | Fail: 0.692%\n"}
,{"stream_name":"stdout","time":153.850430099,"data":"[Game 1600] Range: 2-8 | Median/Mean: 4.0 / 3.661 | Fail: 0.688%\n"}
,{"stream_name":"stdout","time":154.810330075,"data":"[Game 1610] Range: 2-8 | Median/Mean: 4.0 / 3.664 | Fail: 0.683%\n"}
,{"stream_name":"stdout","time":155.71783421,"data":"[Game 1620] Range: 2-8 | Median/Mean: 4.0 / 3.665 | Fail: 0.679%\n"}
,{"stream_name":"stdout","time":156.58818721,"data":"[Game 1630] Range: 2-8 | Median/Mean: 4.0 / 3.666 | Fail: 0.675%\n"}
,{"stream_name":"stdout","time":157.470022734,"data":"[Game 1640] Range: 2-8 | Median/Mean: 4.0 / 3.669 | Fail: 0.671%\n"}
,{"stream_name":"stdout","time":158.238332763,"data":"[Game 1650] Range: 2-8 | Median/Mean: 4.0 / 3.667 | Fail: 0.667%\n"}
,{"stream_name":"stdout","time":159.213049021,"data":"[Game 1660] Range: 2-8 | Median/Mean: 4.0 / 3.669 | Fail: 0.663%\n"}
,{"stream_name":"stdout","time":160.172880708,"data":"[Game 1670] Range: 2-8 | Median/Mean: 4.0 / 3.671 | Fail: 0.659%\n"}
,{"stream_name":"stdout","time":161.051444774,"data":"[Game 1680] Range: 2-8 | Median/Mean: 4.0 / 3.670 | Fail: 0.655%\n"}
,{"stream_name":"stdout","time":162.011626708,"data":"[Game 1690] Range: 2-8 | Median/Mean: 4.0 / 3.673 | Fail: 0.651%\n"}
,{"stream_name":"stdout","time":162.907564965,"data":"[Game 1700] Range: 2-8 | Median/Mean: 4.0 / 3.674 | Fail: 0.647%\n"}
,{"stream_name":"stdout","time":163.749408371,"data":"[Game 1710] Range: 2-8 | Median/Mean: 4.0 / 3.673 | Fail: 0.643%\n"}
,{"stream_name":"stdout","time":164.530390075,"data":"[Game 1720] Range: 2-8 | Median/Mean: 4.0 / 3.670 | Fail: 0.640%\n"}
,{"stream_name":"stdout","time":165.363516365,"data":"[Game 1730] Range: 2-8 | Median/Mean: 4.0 / 3.672 | Fail: 0.636%\n"}
,{"stream_name":"stdout","time":166.219665897,"data":"[Game 1740] Range: 2-8 | Median/Mean: 4.0 / 3.672 | Fail: 0.632%\n"}
,{"stream_name":"stdout","time":167.257213656,"data":"[Game 1750] Range: 2-8 | Median/Mean: 4.0 / 3.675 | Fail: 0.629%\n"}
,{"stream_name":"stdout","time":167.92148327,"data":"[Game 1760] Range: 2-8 | Median/Mean: 4.0 / 3.671 | Fail: 0.625%\n"}
,{"stream_name":"stdout","time":168.717085849,"data":"[Game 1770] Range: 2-8 | Median/Mean: 4.0 / 3.670 | Fail: 0.621%\n"}
,{"stream_name":"stdout","time":169.593950966,"data":"[Game 1780] Range: 2-8 | Median/Mean: 4.0 / 3.672 | Fail: 0.618%\n"}
,{"stream_name":"stdout","time":170.465656719,"data":"[Game 1790] Range: 2-8 | Median/Mean: 4.0 / 3.673 | Fail: 0.615%\n"}
,{"stream_name":"stdout","time":171.253453913,"data":"[Game 1800] Range: 2-8 | Median/Mean: 4.0 / 3.672 | Fail: 0.611%\n"}
,{"stream_name":"stdout","time":172.134806576,"data":"[Game 1810] Range: 2-8 | Median/Mean: 4.0 / 3.673 | Fail: 0.608%\n"}
,{"stream_name":"stdout","time":172.88613951,"data":"[Game 1820] Range: 2-8 | Median/Mean: 4.0 / 3.672 | Fail: 0.604%\n"}
,{"stream_name":"stdout","time":173.841029721,"data":"[Game 1830] Range: 2-8 | Median/Mean: 4.0 / 3.674 | Fail: 0.601%\n"}
,{"stream_name":"stdout","time":174.61709599,"data":"[Game 1840] Range: 2-8 | Median/Mean: 4.0 / 3.673 | Fail: 0.598%\n"}
,{"stream_name":"stdout","time":175.454017933,"data":"[Game 1850] Range: 2-8 | Median/Mean: 4.0 / 3.674 | Fail: 0.595%\n"}
,{"stream_name":"stdout","time":176.107899256,"data":"[Game 1860] Range: 2-8 | Median/Mean: 4.0 / 3.672 | Fail: 0.591%\n"}
,{"stream_name":"stdout","time":176.961640685,"data":"[Game 1870] Range: 2-8 | Median/Mean: 4.0 / 3.673 | Fail: 0.588%\n"}
,{"stream_name":"stdout","time":177.949483511,"data":"[Game 1880] Range: 2-8 | Median/Mean: 4.0 / 3.677 | Fail: 0.585%\n"}
,{"stream_name":"stdout","time":178.896642729,"data":"[Game 1890] Range: 2-8 | Median/Mean: 4.0 / 3.677 | Fail: 0.582%\n"}
,{"stream_name":"stdout","time":179.920491116,"data":"[Game 1900] Range: 2-8 | Median/Mean: 4.0 / 3.679 | Fail: 0.579%\n"}
,{"stream_name":"stdout","time":180.888264914,"data":"[Game 1910] Range: 2-8 | Median/Mean: 4.0 / 3.682 | Fail: 0.576%\n"}
,{"stream_name":"stdout","time":181.745087135,"data":"[Game 1920] Range: 2-8 | Median/Mean: 4.0 / 3.682 | Fail: 0.573%\n"}
,{"stream_name":"stdout","time":182.583082862,"data":"[Game 1930] Range: 2-8 | Median/Mean: 4.0 / 3.681 | Fail: 0.570%\n"}
,{"stream_name":"stdout","time":183.30793831,"data":"[Game 1940] Range: 2-8 | Median/Mean: 4.0 / 3.680 | Fail: 0.567%\n"}
,{"stream_name":"stdout","time":184.103982556,"data":"[Game 1950] Range: 2-8 | Median/Mean: 4.0 / 3.681 | Fail: 0.564%\n"}
,{"stream_name":"stdout","time":185.188270794,"data":"[Game 1960] Range: 2-8 | Median/Mean: 4.0 / 3.684 | Fail: 0.561%\n"}
,{"stream_name":"stdout","time":185.975066035,"data":"[Game 1970] Range: 2-8 | Median/Mean: 4.0 / 3.685 | Fail: 0.558%\n"}
,{"stream_name":"stdout","time":186.810555751,"data":"[Game 1980] Range: 2-8 | Median/Mean: 4.0 / 3.686 | Fail: 0.556%\n"}
,{"stream_name":"stdout","time":187.610822453,"data":"[Game 1990] Range: 2-8 | Median/Mean: 4.0 / 3.686 | Fail: 0.553%\n"}
,{"stream_name":"stdout","time":188.605093105,"data":"[Game 2000] Range: 2-8 | Median/Mean: 4.0 / 3.688 | Fail: 0.600%\n"}
,{"stream_name":"stdout","time":189.487084007,"data":"[Game 2010] Range: 2-8 | Median/Mean: 4.0 / 3.690 | Fail: 0.597%\n"}
,{"stream_name":"stdout","time":190.400873255,"data":"[Game 2020] Range: 2-8 | Median/Mean: 4.0 / 3.692 | Fail: 0.594%\n"}
,{"stream_name":"stdout","time":191.376917739,"data":"[Game 2030] Range: 2-8 | Median/Mean: 4.0 / 3.694 | Fail: 0.591%\n"}
,{"stream_name":"stdout","time":192.006995351,"data":"[Game 2040] Range: 2-8 | Median/Mean: 4.0 / 3.692 | Fail: 0.588%\n"}
,{"stream_name":"stdout","time":192.932148649,"data":"[Game 2050] Range: 2-8 | Median/Mean: 4.0 / 3.695 | Fail: 0.585%\n"}
,{"stream_name":"stdout","time":193.8246706,"data":"[Game 2060] Range: 2-8 | Median/Mean: 4.0 / 3.697 | Fail: 0.583%\n"}
,{"stream_name":"stdout","time":194.892260071,"data":"[Game 2070] Range: 2-8 | Median/Mean: 4.0 / 3.700 | Fail: 0.628%\n"}
,{"stream_name":"stdout","time":195.740878368,"data":"[Game 2080] Range: 2-8 | Median/Mean: 4.0 / 3.701 | Fail: 0.625%\n"}
,{"stream_name":"stdout","time":196.670137034,"data":"[Game 2090] Range: 2-8 | Median/Mean: 4.0 / 3.701 | Fail: 0.622%\n"}
,{"stream_name":"stdout","time":197.613477985,"data":"[Game 2100] Range: 2-8 | Median/Mean: 4.0 / 3.702 | Fail: 0.619%\n"}
,{"stream_name":"stdout","time":198.452911411,"data":"[Game 2110] Range: 2-8 | Median/Mean: 4.0 / 3.703 | Fail: 0.616%\n"}
,{"stream_name":"stdout","time":199.401501932,"data":"[Game 2120] Range: 2-8 | Median/Mean: 4.0 / 3.705 | Fail: 0.613%\n"}
,{"stream_name":"stdout","time":200.363132705,"data":"[Game 2130] Range: 2-8 | Median/Mean: 4.0 / 3.705 | Fail: 0.610%\n"}
,{"stream_name":"stdout","time":201.410951442,"data":"[Game 2140] Range: 2-8 | Median/Mean: 4.0 / 3.708 | Fail: 0.607%\n"}
,{"stream_name":"stdout","time":202.386200804,"data":"[Game 2150] Range: 2-8 | Median/Mean: 4.0 / 3.710 | Fail: 0.605%\n"}
,{"stream_name":"stdout","time":203.420807717,"data":"[Game 2160] Range: 2-8 | Median/Mean: 4.0 / 3.713 | Fail: 0.602%\n"}
,{"stream_name":"stdout","time":204.643368391,"data":"[Game 2170] Range: 2-8 | Median/Mean: 4.0 / 3.718 | Fail: 0.645%\n"}
,{"stream_name":"stdout","time":205.631840664,"data":"[Game 2180] Range: 2-8 | Median/Mean: 4.0 / 3.719 | Fail: 0.642%\n"}
,{"stream_name":"stdout","time":206.549470127,"data":"[Game 2190] Range: 2-8 | Median/Mean: 4.0 / 3.721 | Fail: 0.639%\n"}
,{"stream_name":"stdout","time":207.582552276,"data":"[Game 2200] Range: 2-8 | Median/Mean: 4.0 / 3.723 | Fail: 0.636%\n"}
,{"stream_name":"stdout","time":208.523852787,"data":"[Game 2210] Range: 2-8 | Median/Mean: 4.0 / 3.724 | Fail: 0.633%\n"}
,{"stream_name":"stdout","time":209.356754855,"data":"[Game 2220] Range: 2-8 | Median/Mean: 4.0 / 3.724 | Fail: 0.631%\n"}
,{"stream_name":"stdout","time":210.188152158,"data":"[Game 2230] Range: 2-8 | Median/Mean: 4.0 / 3.724 | Fail: 0.628%\n"}
,{"stream_name":"stdout","time":211.077837587,"data":"[Game 2240] Range: 2-8 | Median/Mean: 4.0 / 3.725 | Fail: 0.625%\n"}
,{"stream_name":"stdout","time":212.0847884,"data":"[Game 2250] Range: 2-8 | Median/Mean: 4.0 / 3.728 | Fail: 0.622%\n"}
,{"stream_name":"stdout","time":213.224387444,"data":"[Game 2260] Range: 2-8 | Median/Mean: 4.0 / 3.731 | Fail: 0.664%\n"}
,{"stream_name":"stdout","time":214.056320108,"data":"[Game 2270] Range: 2-8 | Median/Mean: 4.0 / 3.731 | Fail: 0.661%\n"}
,{"stream_name":"stdout","time":214.98584724,"data":"[Game 2280] Range: 2-8 | Median/Mean: 4.0 / 3.732 | Fail: 0.658%\n"}
,{"stream_name":"stdout","time":215.968148256,"data":"[Game 2290] Range: 2-8 | Median/Mean: 4.0 / 3.734 | Fail: 0.699%\n"}
,{"stream_name":"stdout","time":216.752522018,"data":"[Game 2300] Range: 2-8 | Median/Mean: 4.0 / 3.735 | Fail: 0.739%\n"}
,{"stream_name":"stdout","time":217.61953183,"data":"[Game 2310] Range: 2-8 | Median/Mean: 4.0 / 3.736 | Fail: 0.736%\n"}
,{"stream_name":"stdout","time":218.402605094,"data":"Summary:\n"}
,{"stream_name":"stdout","time":218.41699061,"data":"Distribution across steps:\n"}
,{"stream_name":"stdout","time":218.423930702,"data":"Key Metrics:\n"}
,{"stream_name":"stderr","time":221.976234087,"data":"/opt/conda/lib/python3.7/site-packages/traitlets/traitlets.py:2567: FutureWarning: --Exporter.preprocessors=[\"remove_papermill_header.RemovePapermillHeader\"] for containers is deprecated in traitlets 5.0. You can pass `--Exporter.preprocessors item` ... multiple times to add items to a list.\n"}
,{"stream_name":"stderr","time":221.976523668,"data":"  FutureWarning,\n"}
,{"stream_name":"stderr","time":221.977495671,"data":"[NbConvertApp] Converting notebook __notebook__.ipynb to notebook\n"}
,{"stream_name":"stderr","time":222.399474886,"data":"[NbConvertApp] Writing 32477 bytes to __notebook__.ipynb\n"}
,{"stream_name":"stderr","time":224.792975548,"data":"/opt/conda/lib/python3.7/site-packages/traitlets/traitlets.py:2567: FutureWarning: --Exporter.preprocessors=[\"nbconvert.preprocessors.ExtractOutputPreprocessor\"] for containers is deprecated in traitlets 5.0. You can pass `--Exporter.preprocessors item` ... multiple times to add items to a list.\n"}
,{"stream_name":"stderr","time":224.793051472,"data":"  FutureWarning,\n"}
,{"stream_name":"stderr","time":224.793061377,"data":"[NbConvertApp] Converting notebook __notebook__.ipynb to html\n"}
,{"stream_name":"stderr","time":225.392809211,"data":"[NbConvertApp] Writing 306872 bytes to __results__.html\n"}
]