[{"stream_name":"stderr","time":13.222566016,"data":"/opt/conda/lib/python3.7/site-packages/papermill/iorw.py:50: FutureWarning: pyarrow.HadoopFileSystem is deprecated as of 2.0.0, please use pyarrow.fs.HadoopFileSystem instead.\n"}
,{"stream_name":"stderr","time":13.222915376,"data":"  from pyarrow import HadoopFileSystem\n"}
,{"stream_name":"stdout","time":14.235609676,"data":"[ ---------- ARLES ----------]\n"}
,{"stream_name":"stdout","time":15.23468746,"data":"[Game 10] Range: 3-5 | Median/Mean: 4.0 / 4.000 | Fail: 0.000%\n"}
,{"stream_name":"stdout","time":16.155491628,"data":"[Game 20] Range: 3-5 | Median/Mean: 4.0 / 3.750 | Fail: 0.000%\n"}
,{"stream_name":"stdout","time":16.88537538,"data":"[Game 30] Range: 2-5 | Median/Mean: 4.0 / 3.567 | Fail: 0.000%\n"}
,{"stream_name":"stdout","time":17.790025017,"data":"[Game 40] Range: 2-5 | Median/Mean: 3.5 / 3.500 | Fail: 0.000%\n"}
,{"stream_name":"stdout","time":18.735234183,"data":"[Game 50] Range: 2-5 | Median/Mean: 3.5 / 3.500 | Fail: 0.000%\n"}
,{"stream_name":"stdout","time":19.644915361,"data":"[Game 60] Range: 2-6 | Median/Mean: 3.0 / 3.517 | Fail: 0.000%\n"}
,{"stream_name":"stdout","time":20.47725936,"data":"[Game 70] Range: 2-6 | Median/Mean: 3.0 / 3.514 | Fail: 0.000%\n"}
,{"stream_name":"stdout","time":21.107445135,"data":"[Game 80] Range: 2-6 | Median/Mean: 3.0 / 3.450 | Fail: 0.000%\n"}
,{"stream_name":"stdout","time":21.878357945,"data":"[Game 90] Range: 2-6 | Median/Mean: 3.0 / 3.444 | Fail: 0.000%\n"}
,{"stream_name":"stdout","time":22.618946684,"data":"[Game 100] Range: 2-6 | Median/Mean: 3.0 / 3.430 | Fail: 0.000%\n"}
,{"stream_name":"stdout","time":23.57002107,"data":"[Game 110] Range: 2-6 | Median/Mean: 3.0 / 3.473 | Fail: 0.000%\n"}
,{"stream_name":"stdout","time":24.501432368,"data":"[Game 120] Range: 2-7 | Median/Mean: 3.0 / 3.492 | Fail: 0.833%\n"}
,{"stream_name":"stdout","time":25.269415724,"data":"[Game 130] Range: 2-7 | Median/Mean: 3.0 / 3.469 | Fail: 0.769%\n"}
,{"stream_name":"stdout","time":26.126812364,"data":"[Game 140] Range: 2-7 | Median/Mean: 3.0 / 3.479 | Fail: 0.714%\n"}
,{"stream_name":"stdout","time":27.120622254,"data":"[Game 150] Range: 2-7 | Median/Mean: 3.0 / 3.487 | Fail: 0.667%\n"}
,{"stream_name":"stdout","time":28.050352784,"data":"[Game 160] Range: 2-7 | Median/Mean: 3.0 / 3.494 | Fail: 0.625%\n"}
,{"stream_name":"stdout","time":28.873854983,"data":"[Game 170] Range: 2-7 | Median/Mean: 3.0 / 3.488 | Fail: 0.588%\n"}
,{"stream_name":"stdout","time":29.745304413,"data":"[Game 180] Range: 2-7 | Median/Mean: 3.0 / 3.494 | Fail: 0.556%\n"}
,{"stream_name":"stdout","time":30.672694849,"data":"[Game 190] Range: 2-7 | Median/Mean: 3.0 / 3.495 | Fail: 0.526%\n"}
,{"stream_name":"stdout","time":31.453207342,"data":"[Game 200] Range: 2-7 | Median/Mean: 3.0 / 3.515 | Fail: 0.500%\n"}
,{"stream_name":"stdout","time":32.401292062,"data":"[Game 210] Range: 2-7 | Median/Mean: 3.0 / 3.529 | Fail: 0.476%\n"}
,{"stream_name":"stdout","time":33.257362342,"data":"[Game 220] Range: 2-7 | Median/Mean: 3.0 / 3.523 | Fail: 0.455%\n"}
,{"stream_name":"stdout","time":34.148683338,"data":"[Game 230] Range: 2-7 | Median/Mean: 3.0 / 3.513 | Fail: 0.435%\n"}
,{"stream_name":"stdout","time":34.974119721,"data":"[Game 240] Range: 2-7 | Median/Mean: 3.0 / 3.517 | Fail: 0.417%\n"}
,{"stream_name":"stdout","time":35.899323822,"data":"[Game 250] Range: 2-7 | Median/Mean: 3.0 / 3.524 | Fail: 0.400%\n"}
,{"stream_name":"stdout","time":36.792733202,"data":"[Game 260] Range: 2-7 | Median/Mean: 3.0 / 3.523 | Fail: 0.385%\n"}
,{"stream_name":"stdout","time":37.502909712,"data":"[Game 270] Range: 2-7 | Median/Mean: 3.0 / 3.507 | Fail: 0.370%\n"}
,{"stream_name":"stdout","time":38.281955862,"data":"[Game 280] Range: 2-7 | Median/Mean: 3.0 / 3.496 | Fail: 0.357%\n"}
,{"stream_name":"stdout","time":39.260426359,"data":"[Game 290] Range: 2-7 | Median/Mean: 3.0 / 3.510 | Fail: 0.345%\n"}
,{"stream_name":"stdout","time":40.165612731,"data":"[Game 300] Range: 2-7 | Median/Mean: 3.0 / 3.510 | Fail: 0.333%\n"}
,{"stream_name":"stdout","time":41.035235747,"data":"[Game 310] Range: 2-7 | Median/Mean: 3.0 / 3.519 | Fail: 0.323%\n"}
,{"stream_name":"stdout","time":41.915782959,"data":"[Game 320] Range: 2-7 | Median/Mean: 3.0 / 3.516 | Fail: 0.312%\n"}
,{"stream_name":"stdout","time":42.822868213,"data":"[Game 330] Range: 2-7 | Median/Mean: 3.0 / 3.515 | Fail: 0.303%\n"}
,{"stream_name":"stdout","time":43.73557832,"data":"[Game 340] Range: 2-7 | Median/Mean: 3.0 / 3.515 | Fail: 0.294%\n"}
,{"stream_name":"stdout","time":44.601447481,"data":"[Game 350] Range: 2-7 | Median/Mean: 3.0 / 3.506 | Fail: 0.286%\n"}
,{"stream_name":"stdout","time":45.481792378,"data":"[Game 360] Range: 2-7 | Median/Mean: 3.0 / 3.506 | Fail: 0.278%\n"}
,{"stream_name":"stdout","time":46.344191935,"data":"[Game 370] Range: 2-7 | Median/Mean: 3.0 / 3.508 | Fail: 0.270%\n"}
,{"stream_name":"stdout","time":47.035586161,"data":"[Game 380] Range: 2-7 | Median/Mean: 3.0 / 3.500 | Fail: 0.263%\n"}
,{"stream_name":"stdout","time":48.077549237,"data":"[Game 390] Range: 2-7 | Median/Mean: 3.0 / 3.513 | Fail: 0.256%\n"}
,{"stream_name":"stdout","time":49.164487243,"data":"[Game 400] Range: 2-7 | Median/Mean: 3.0 / 3.527 | Fail: 0.250%\n"}
,{"stream_name":"stdout","time":50.124046881,"data":"[Game 410] Range: 2-7 | Median/Mean: 3.0 / 3.532 | Fail: 0.244%\n"}
,{"stream_name":"stdout","time":51.281272104,"data":"[Game 420] Range: 2-7 | Median/Mean: 3.0 / 3.557 | Fail: 0.238%\n"}
,{"stream_name":"stdout","time":52.075416828,"data":"[Game 430] Range: 2-7 | Median/Mean: 3.0 / 3.551 | Fail: 0.233%\n"}
,{"stream_name":"stdout","time":53.006911733,"data":"[Game 440] Range: 2-7 | Median/Mean: 3.0 / 3.555 | Fail: 0.227%\n"}
,{"stream_name":"stdout","time":53.886531707,"data":"[Game 450] Range: 2-7 | Median/Mean: 3.0 / 3.553 | Fail: 0.222%\n"}
,{"stream_name":"stdout","time":54.883598536,"data":"[Game 460] Range: 2-7 | Median/Mean: 3.0 / 3.559 | Fail: 0.217%\n"}
,{"stream_name":"stdout","time":55.782214639,"data":"[Game 470] Range: 2-8 | Median/Mean: 3.0 / 3.566 | Fail: 0.426%\n"}
,{"stream_name":"stdout","time":56.627292461,"data":"[Game 480] Range: 2-8 | Median/Mean: 3.5 / 3.569 | Fail: 0.417%\n"}
,{"stream_name":"stdout","time":57.38190806,"data":"[Game 490] Range: 2-8 | Median/Mean: 3.0 / 3.565 | Fail: 0.408%\n"}
,{"stream_name":"stdout","time":58.400318858,"data":"[Game 500] Range: 2-8 | Median/Mean: 3.5 / 3.568 | Fail: 0.400%\n"}
,{"stream_name":"stdout","time":59.266799605,"data":"[Game 510] Range: 2-8 | Median/Mean: 4.0 / 3.569 | Fail: 0.392%\n"}
,{"stream_name":"stdout","time":60.24796796,"data":"[Game 520] Range: 2-8 | Median/Mean: 4.0 / 3.571 | Fail: 0.385%\n"}
,{"stream_name":"stdout","time":60.933416218,"data":"[Game 530] Range: 2-8 | Median/Mean: 3.5 / 3.562 | Fail: 0.377%\n"}
,{"stream_name":"stdout","time":61.86410721,"data":"[Game 540] Range: 2-8 | Median/Mean: 3.5 / 3.565 | Fail: 0.370%\n"}
,{"stream_name":"stdout","time":62.883753661,"data":"[Game 550] Range: 2-8 | Median/Mean: 4.0 / 3.571 | Fail: 0.364%\n"}
,{"stream_name":"stdout","time":63.959423961,"data":"[Game 560] Range: 2-8 | Median/Mean: 4.0 / 3.579 | Fail: 0.357%\n"}
,{"stream_name":"stdout","time":64.695641447,"data":"[Game 570] Range: 2-8 | Median/Mean: 4.0 / 3.574 | Fail: 0.351%\n"}
,{"stream_name":"stdout","time":65.467161477,"data":"[Game 580] Range: 2-8 | Median/Mean: 4.0 / 3.569 | Fail: 0.345%\n"}
,{"stream_name":"stdout","time":66.50571213,"data":"[Game 590] Range: 2-8 | Median/Mean: 4.0 / 3.578 | Fail: 0.339%\n"}
,{"stream_name":"stdout","time":67.417658526,"data":"[Game 600] Range: 2-8 | Median/Mean: 4.0 / 3.577 | Fail: 0.333%\n"}
,{"stream_name":"stdout","time":68.255296321,"data":"[Game 610] Range: 2-8 | Median/Mean: 4.0 / 3.575 | Fail: 0.328%\n"}
,{"stream_name":"stdout","time":69.131410937,"data":"[Game 620] Range: 2-8 | Median/Mean: 4.0 / 3.577 | Fail: 0.323%\n"}
,{"stream_name":"stdout","time":70.126571153,"data":"[Game 630] Range: 2-8 | Median/Mean: 4.0 / 3.586 | Fail: 0.317%\n"}
,{"stream_name":"stdout","time":71.113369051,"data":"[Game 640] Range: 2-8 | Median/Mean: 4.0 / 3.591 | Fail: 0.312%\n"}
,{"stream_name":"stdout","time":72.01372755,"data":"[Game 650] Range: 2-8 | Median/Mean: 4.0 / 3.594 | Fail: 0.308%\n"}
,{"stream_name":"stdout","time":72.83402467,"data":"[Game 660] Range: 2-8 | Median/Mean: 4.0 / 3.591 | Fail: 0.303%\n"}
,{"stream_name":"stdout","time":73.587222184,"data":"[Game 670] Range: 2-8 | Median/Mean: 4.0 / 3.587 | Fail: 0.299%\n"}
,{"stream_name":"stdout","time":74.423985067,"data":"[Game 680] Range: 2-8 | Median/Mean: 4.0 / 3.585 | Fail: 0.294%\n"}
,{"stream_name":"stdout","time":75.350925218,"data":"[Game 690] Range: 2-8 | Median/Mean: 4.0 / 3.588 | Fail: 0.290%\n"}
,{"stream_name":"stdout","time":76.290024741,"data":"[Game 700] Range: 2-8 | Median/Mean: 4.0 / 3.591 | Fail: 0.286%\n"}
,{"stream_name":"stdout","time":77.215867976,"data":"[Game 710] Range: 2-8 | Median/Mean: 4.0 / 3.592 | Fail: 0.282%\n"}
,{"stream_name":"stdout","time":78.086365624,"data":"[Game 720] Range: 2-8 | Median/Mean: 4.0 / 3.592 | Fail: 0.278%\n"}
,{"stream_name":"stdout","time":78.946631716,"data":"[Game 730] Range: 2-8 | Median/Mean: 4.0 / 3.592 | Fail: 0.274%\n"}
,{"stream_name":"stdout","time":79.752707136,"data":"[Game 740] Range: 2-8 | Median/Mean: 4.0 / 3.588 | Fail: 0.270%\n"}
,{"stream_name":"stdout","time":80.708781325,"data":"[Game 750] Range: 2-8 | Median/Mean: 4.0 / 3.588 | Fail: 0.267%\n"}
,{"stream_name":"stdout","time":81.591406264,"data":"[Game 760] Range: 2-8 | Median/Mean: 4.0 / 3.588 | Fail: 0.263%\n"}
,{"stream_name":"stdout","time":82.599722297,"data":"[Game 770] Range: 2-8 | Median/Mean: 4.0 / 3.591 | Fail: 0.260%\n"}
,{"stream_name":"stdout","time":83.501438527,"data":"[Game 780] Range: 2-8 | Median/Mean: 4.0 / 3.595 | Fail: 0.256%\n"}
,{"stream_name":"stdout","time":84.352185583,"data":"[Game 790] Range: 2-8 | Median/Mean: 4.0 / 3.594 | Fail: 0.253%\n"}
,{"stream_name":"stdout","time":85.151963672,"data":"[Game 800] Range: 2-8 | Median/Mean: 4.0 / 3.594 | Fail: 0.250%\n"}
,{"stream_name":"stdout","time":86.01294805,"data":"[Game 810] Range: 2-8 | Median/Mean: 4.0 / 3.593 | Fail: 0.247%\n"}
,{"stream_name":"stdout","time":87.046490235,"data":"[Game 820] Range: 2-8 | Median/Mean: 4.0 / 3.598 | Fail: 0.244%\n"}
,{"stream_name":"stdout","time":88.00142459,"data":"[Game 830] Range: 2-8 | Median/Mean: 4.0 / 3.600 | Fail: 0.241%\n"}
,{"stream_name":"stdout","time":88.899193367,"data":"[Game 840] Range: 2-8 | Median/Mean: 4.0 / 3.601 | Fail: 0.238%\n"}
,{"stream_name":"stdout","time":89.755355622,"data":"[Game 850] Range: 2-8 | Median/Mean: 4.0 / 3.602 | Fail: 0.235%\n"}
,{"stream_name":"stdout","time":90.64742009,"data":"[Game 860] Range: 2-8 | Median/Mean: 4.0 / 3.607 | Fail: 0.233%\n"}
,{"stream_name":"stdout","time":91.606700539,"data":"[Game 870] Range: 2-8 | Median/Mean: 4.0 / 3.609 | Fail: 0.345%\n"}
,{"stream_name":"stdout","time":92.430456435,"data":"[Game 880] Range: 2-8 | Median/Mean: 4.0 / 3.609 | Fail: 0.341%\n"}
,{"stream_name":"stdout","time":93.341138162,"data":"[Game 890] Range: 2-8 | Median/Mean: 4.0 / 3.611 | Fail: 0.337%\n"}
,{"stream_name":"stdout","time":94.159588886,"data":"[Game 900] Range: 2-8 | Median/Mean: 4.0 / 3.608 | Fail: 0.333%\n"}
,{"stream_name":"stdout","time":95.117040051,"data":"[Game 910] Range: 2-8 | Median/Mean: 4.0 / 3.610 | Fail: 0.440%\n"}
,{"stream_name":"stdout","time":96.01257336,"data":"[Game 920] Range: 2-8 | Median/Mean: 4.0 / 3.612 | Fail: 0.435%\n"}
,{"stream_name":"stdout","time":96.948195432,"data":"[Game 930] Range: 2-8 | Median/Mean: 4.0 / 3.617 | Fail: 0.430%\n"}
,{"stream_name":"stdout","time":97.937904691,"data":"[Game 940] Range: 2-8 | Median/Mean: 4.0 / 3.620 | Fail: 0.426%\n"}
,{"stream_name":"stdout","time":98.883339377,"data":"[Game 950] Range: 2-8 | Median/Mean: 4.0 / 3.623 | Fail: 0.421%\n"}
,{"stream_name":"stdout","time":99.988078467,"data":"[Game 960] Range: 2-8 | Median/Mean: 4.0 / 3.630 | Fail: 0.417%\n"}
,{"stream_name":"stdout","time":100.790628923,"data":"[Game 970] Range: 2-8 | Median/Mean: 4.0 / 3.630 | Fail: 0.412%\n"}
,{"stream_name":"stdout","time":101.641656991,"data":"[Game 980] Range: 2-8 | Median/Mean: 4.0 / 3.629 | Fail: 0.408%\n"}
,{"stream_name":"stdout","time":102.558907906,"data":"[Game 990] Range: 2-8 | Median/Mean: 4.0 / 3.629 | Fail: 0.404%\n"}
,{"stream_name":"stdout","time":103.418072158,"data":"[Game 1000] Range: 2-8 | Median/Mean: 4.0 / 3.628 | Fail: 0.400%\n"}
,{"stream_name":"stdout","time":104.63005659,"data":"[Game 1010] Range: 2-8 | Median/Mean: 4.0 / 3.637 | Fail: 0.396%\n"}
,{"stream_name":"stdout","time":105.49736967,"data":"[Game 1020] Range: 2-8 | Median/Mean: 4.0 / 3.637 | Fail: 0.392%\n"}
,{"stream_name":"stdout","time":106.29044068,"data":"[Game 1030] Range: 2-8 | Median/Mean: 4.0 / 3.637 | Fail: 0.388%\n"}
,{"stream_name":"stdout","time":107.363957085,"data":"[Game 1040] Range: 2-8 | Median/Mean: 4.0 / 3.644 | Fail: 0.385%\n"}
,{"stream_name":"stdout","time":108.299657467,"data":"[Game 1050] Range: 2-8 | Median/Mean: 4.0 / 3.645 | Fail: 0.381%\n"}
,{"stream_name":"stdout","time":109.280138409,"data":"[Game 1060] Range: 2-8 | Median/Mean: 4.0 / 3.648 | Fail: 0.377%\n"}
,{"stream_name":"stdout","time":109.967436018,"data":"[Game 1070] Range: 2-8 | Median/Mean: 4.0 / 3.646 | Fail: 0.374%\n"}
,{"stream_name":"stdout","time":110.894941258,"data":"[Game 1080] Range: 2-8 | Median/Mean: 4.0 / 3.648 | Fail: 0.370%\n"}
,{"stream_name":"stdout","time":111.892125948,"data":"[Game 1090] Range: 2-8 | Median/Mean: 4.0 / 3.652 | Fail: 0.367%\n"}
,{"stream_name":"stdout","time":112.726046299,"data":"[Game 1100] Range: 2-8 | Median/Mean: 4.0 / 3.653 | Fail: 0.364%\n"}
,{"stream_name":"stdout","time":113.661646365,"data":"[Game 1110] Range: 2-8 | Median/Mean: 4.0 / 3.654 | Fail: 0.360%\n"}
,{"stream_name":"stdout","time":114.567089627,"data":"[Game 1120] Range: 2-8 | Median/Mean: 4.0 / 3.654 | Fail: 0.357%\n"}
,{"stream_name":"stdout","time":115.319352114,"data":"[Game 1130] Range: 2-8 | Median/Mean: 4.0 / 3.652 | Fail: 0.354%\n"}
,{"stream_name":"stdout","time":116.355700525,"data":"[Game 1140] Range: 2-8 | Median/Mean: 4.0 / 3.655 | Fail: 0.351%\n"}
,{"stream_name":"stdout","time":117.351370144,"data":"[Game 1150] Range: 2-8 | Median/Mean: 4.0 / 3.658 | Fail: 0.348%\n"}
,{"stream_name":"stdout","time":118.065571986,"data":"[Game 1160] Range: 2-8 | Median/Mean: 4.0 / 3.656 | Fail: 0.345%\n"}
,{"stream_name":"stdout","time":118.911749643,"data":"[Game 1170] Range: 2-8 | Median/Mean: 4.0 / 3.656 | Fail: 0.342%\n"}
,{"stream_name":"stdout","time":119.776281924,"data":"[Game 1180] Range: 2-8 | Median/Mean: 4.0 / 3.654 | Fail: 0.339%\n"}
,{"stream_name":"stdout","time":120.786902481,"data":"[Game 1190] Range: 2-8 | Median/Mean: 4.0 / 3.657 | Fail: 0.336%\n"}
,{"stream_name":"stdout","time":121.714397233,"data":"[Game 1200] Range: 2-8 | Median/Mean: 4.0 / 3.659 | Fail: 0.333%\n"}
,{"stream_name":"stdout","time":122.693095393,"data":"[Game 1210] Range: 2-8 | Median/Mean: 4.0 / 3.663 | Fail: 0.331%\n"}
,{"stream_name":"stdout","time":123.659654217,"data":"[Game 1220] Range: 2-8 | Median/Mean: 4.0 / 3.663 | Fail: 0.328%\n"}
,{"stream_name":"stdout","time":124.919865781,"data":"[Game 1230] Range: 2-8 | Median/Mean: 4.0 / 3.671 | Fail: 0.407%\n"}
,{"stream_name":"stdout","time":125.783084404,"data":"[Game 1240] Range: 2-8 | Median/Mean: 4.0 / 3.672 | Fail: 0.403%\n"}
,{"stream_name":"stdout","time":126.593042311,"data":"[Game 1250] Range: 2-8 | Median/Mean: 4.0 / 3.671 | Fail: 0.400%\n"}
,{"stream_name":"stdout","time":127.489616721,"data":"[Game 1260] Range: 2-8 | Median/Mean: 4.0 / 3.671 | Fail: 0.397%\n"}
,{"stream_name":"stdout","time":128.367338541,"data":"[Game 1270] Range: 2-8 | Median/Mean: 4.0 / 3.670 | Fail: 0.394%\n"}
,{"stream_name":"stdout","time":129.276146705,"data":"[Game 1280] Range: 2-8 | Median/Mean: 4.0 / 3.671 | Fail: 0.391%\n"}
,{"stream_name":"stdout","time":130.092326146,"data":"[Game 1290] Range: 2-8 | Median/Mean: 4.0 / 3.671 | Fail: 0.388%\n"}
,{"stream_name":"stdout","time":130.989890921,"data":"[Game 1300] Range: 2-8 | Median/Mean: 4.0 / 3.672 | Fail: 0.385%\n"}
,{"stream_name":"stdout","time":131.85331401,"data":"[Game 1310] Range: 2-8 | Median/Mean: 4.0 / 3.670 | Fail: 0.382%\n"}
,{"stream_name":"stdout","time":132.665103556,"data":"[Game 1320] Range: 2-8 | Median/Mean: 4.0 / 3.669 | Fail: 0.379%\n"}
,{"stream_name":"stdout","time":133.55993795,"data":"[Game 1330] Range: 2-8 | Median/Mean: 4.0 / 3.669 | Fail: 0.376%\n"}
,{"stream_name":"stdout","time":134.438781412,"data":"[Game 1340] Range: 2-8 | Median/Mean: 4.0 / 3.669 | Fail: 0.373%\n"}
,{"stream_name":"stdout","time":135.245097129,"data":"[Game 1350] Range: 2-8 | Median/Mean: 4.0 / 3.666 | Fail: 0.370%\n"}
,{"stream_name":"stdout","time":136.327944507,"data":"[Game 1360] Range: 2-8 | Median/Mean: 4.0 / 3.668 | Fail: 0.368%\n"}
,{"stream_name":"stdout","time":137.30723866,"data":"[Game 1370] Range: 2-8 | Median/Mean: 4.0 / 3.671 | Fail: 0.365%\n"}
,{"stream_name":"stdout","time":138.253353196,"data":"[Game 1380] Range: 2-8 | Median/Mean: 4.0 / 3.671 | Fail: 0.362%\n"}
,{"stream_name":"stdout","time":139.211794722,"data":"[Game 1390] Range: 2-8 | Median/Mean: 4.0 / 3.673 | Fail: 0.360%\n"}
,{"stream_name":"stdout","time":140.282030598,"data":"[Game 1400] Range: 2-8 | Median/Mean: 4.0 / 3.676 | Fail: 0.357%\n"}
,{"stream_name":"stdout","time":141.243914286,"data":"[Game 1410] Range: 2-8 | Median/Mean: 4.0 / 3.678 | Fail: 0.355%\n"}
,{"stream_name":"stdout","time":142.149707891,"data":"[Game 1420] Range: 2-8 | Median/Mean: 4.0 / 3.680 | Fail: 0.352%\n"}
,{"stream_name":"stdout","time":143.066195739,"data":"[Game 1430] Range: 2-8 | Median/Mean: 4.0 / 3.681 | Fail: 0.350%\n"}
,{"stream_name":"stdout","time":143.958507139,"data":"[Game 1440] Range: 2-8 | Median/Mean: 4.0 / 3.683 | Fail: 0.347%\n"}
,{"stream_name":"stdout","time":145.167306727,"data":"[Game 1450] Range: 2-8 | Median/Mean: 4.0 / 3.689 | Fail: 0.345%\n"}
,{"stream_name":"stdout","time":146.086180416,"data":"[Game 1460] Range: 2-8 | Median/Mean: 4.0 / 3.690 | Fail: 0.342%\n"}
,{"stream_name":"stdout","time":146.960739156,"data":"[Game 1470] Range: 2-8 | Median/Mean: 4.0 / 3.690 | Fail: 0.340%\n"}
,{"stream_name":"stdout","time":148.042141005,"data":"[Game 1480] Range: 2-8 | Median/Mean: 4.0 / 3.696 | Fail: 0.338%\n"}
,{"stream_name":"stdout","time":148.857575044,"data":"[Game 1490] Range: 2-8 | Median/Mean: 4.0 / 3.695 | Fail: 0.336%\n"}
,{"stream_name":"stdout","time":149.875355328,"data":"[Game 1500] Range: 2-8 | Median/Mean: 4.0 / 3.697 | Fail: 0.333%\n"}
,{"stream_name":"stdout","time":150.672505544,"data":"[Game 1510] Range: 2-8 | Median/Mean: 4.0 / 3.695 | Fail: 0.331%\n"}
,{"stream_name":"stdout","time":151.558380709,"data":"[Game 1520] Range: 2-8 | Median/Mean: 4.0 / 3.696 | Fail: 0.329%\n"}
,{"stream_name":"stdout","time":152.522154578,"data":"[Game 1530] Range: 2-8 | Median/Mean: 4.0 / 3.698 | Fail: 0.327%\n"}
,{"stream_name":"stdout","time":153.4315824,"data":"[Game 1540] Range: 2-8 | Median/Mean: 4.0 / 3.699 | Fail: 0.325%\n"}
,{"stream_name":"stdout","time":154.378151206,"data":"[Game 1550] Range: 2-8 | Median/Mean: 4.0 / 3.699 | Fail: 0.323%\n"}
,{"stream_name":"stdout","time":155.387498158,"data":"[Game 1560] Range: 2-8 | Median/Mean: 4.0 / 3.703 | Fail: 0.385%\n"}
,{"stream_name":"stdout","time":156.280533069,"data":"[Game 1570] Range: 2-8 | Median/Mean: 4.0 / 3.703 | Fail: 0.382%\n"}
,{"stream_name":"stdout","time":157.150782544,"data":"[Game 1580] Range: 2-8 | Median/Mean: 4.0 / 3.701 | Fail: 0.380%\n"}
,{"stream_name":"stdout","time":157.931244246,"data":"[Game 1590] Range: 2-8 | Median/Mean: 4.0 / 3.698 | Fail: 0.377%\n"}
,{"stream_name":"stdout","time":158.707959447,"data":"[Game 1600] Range: 2-8 | Median/Mean: 4.0 / 3.696 | Fail: 0.375%\n"}
,{"stream_name":"stdout","time":159.593039453,"data":"[Game 1610] Range: 2-8 | Median/Mean: 4.0 / 3.697 | Fail: 0.373%\n"}
,{"stream_name":"stdout","time":160.537380356,"data":"[Game 1620] Range: 2-8 | Median/Mean: 4.0 / 3.698 | Fail: 0.370%\n"}
,{"stream_name":"stdout","time":161.411007595,"data":"[Game 1630] Range: 2-8 | Median/Mean: 4.0 / 3.699 | Fail: 0.368%\n"}
,{"stream_name":"stdout","time":162.228573517,"data":"[Game 1640] Range: 2-8 | Median/Mean: 4.0 / 3.698 | Fail: 0.366%\n"}
,{"stream_name":"stdout","time":163.079711014,"data":"[Game 1650] Range: 2-8 | Median/Mean: 4.0 / 3.699 | Fail: 0.364%\n"}
,{"stream_name":"stdout","time":163.922712271,"data":"[Game 1660] Range: 2-8 | Median/Mean: 4.0 / 3.698 | Fail: 0.361%\n"}
,{"stream_name":"stdout","time":164.780380277,"data":"[Game 1670] Range: 2-8 | Median/Mean: 4.0 / 3.699 | Fail: 0.359%\n"}
,{"stream_name":"stdout","time":165.798639263,"data":"[Game 1680] Range: 2-8 | Median/Mean: 4.0 / 3.702 | Fail: 0.357%\n"}
,{"stream_name":"stdout","time":166.717706097,"data":"[Game 1690] Range: 2-8 | Median/Mean: 4.0 / 3.703 | Fail: 0.355%\n"}
,{"stream_name":"stdout","time":167.591994214,"data":"[Game 1700] Range: 2-8 | Median/Mean: 4.0 / 3.706 | Fail: 0.353%\n"}
,{"stream_name":"stdout","time":168.575103953,"data":"[Game 1710] Range: 2-8 | Median/Mean: 4.0 / 3.708 | Fail: 0.409%\n"}
,{"stream_name":"stdout","time":169.765246256,"data":"[Game 1720] Range: 2-8 | Median/Mean: 4.0 / 3.712 | Fail: 0.465%\n"}
,{"stream_name":"stdout","time":170.633232441,"data":"[Game 1730] Range: 2-8 | Median/Mean: 4.0 / 3.713 | Fail: 0.462%\n"}
,{"stream_name":"stdout","time":171.591576396,"data":"[Game 1740] Range: 2-8 | Median/Mean: 4.0 / 3.714 | Fail: 0.460%\n"}
,{"stream_name":"stdout","time":172.471188804,"data":"[Game 1750] Range: 2-8 | Median/Mean: 4.0 / 3.714 | Fail: 0.457%\n"}
,{"stream_name":"stdout","time":173.328394387,"data":"[Game 1760] Range: 2-8 | Median/Mean: 4.0 / 3.714 | Fail: 0.455%\n"}
,{"stream_name":"stdout","time":174.305801332,"data":"[Game 1770] Range: 2-8 | Median/Mean: 4.0 / 3.714 | Fail: 0.452%\n"}
,{"stream_name":"stdout","time":175.247920311,"data":"[Game 1780] Range: 2-8 | Median/Mean: 4.0 / 3.716 | Fail: 0.449%\n"}
,{"stream_name":"stdout","time":176.116204403,"data":"[Game 1790] Range: 2-8 | Median/Mean: 4.0 / 3.717 | Fail: 0.447%\n"}
,{"stream_name":"stdout","time":176.987955554,"data":"[Game 1800] Range: 2-8 | Median/Mean: 4.0 / 3.716 | Fail: 0.444%\n"}
,{"stream_name":"stdout","time":178.124734718,"data":"[Game 1810] Range: 2-8 | Median/Mean: 4.0 / 3.721 | Fail: 0.442%\n"}
,{"stream_name":"stdout","time":179.084323037,"data":"[Game 1820] Range: 2-8 | Median/Mean: 4.0 / 3.723 | Fail: 0.495%\n"}
,{"stream_name":"stdout","time":180.029669453,"data":"[Game 1830] Range: 2-8 | Median/Mean: 4.0 / 3.724 | Fail: 0.492%\n"}
,{"stream_name":"stdout","time":180.869327681,"data":"[Game 1840] Range: 2-8 | Median/Mean: 4.0 / 3.722 | Fail: 0.489%\n"}
,{"stream_name":"stdout","time":181.786701909,"data":"[Game 1850] Range: 2-8 | Median/Mean: 4.0 / 3.724 | Fail: 0.486%\n"}
,{"stream_name":"stdout","time":182.763710005,"data":"[Game 1860] Range: 2-8 | Median/Mean: 4.0 / 3.725 | Fail: 0.538%\n"}
,{"stream_name":"stdout","time":183.612226019,"data":"[Game 1870] Range: 2-8 | Median/Mean: 4.0 / 3.725 | Fail: 0.535%\n"}
,{"stream_name":"stdout","time":184.538338574,"data":"[Game 1880] Range: 2-8 | Median/Mean: 4.0 / 3.727 | Fail: 0.532%\n"}
,{"stream_name":"stdout","time":185.507133626,"data":"[Game 1890] Range: 2-8 | Median/Mean: 4.0 / 3.730 | Fail: 0.529%\n"}
,{"stream_name":"stdout","time":186.283255057,"data":"[Game 1900] Range: 2-8 | Median/Mean: 4.0 / 3.729 | Fail: 0.526%\n"}
,{"stream_name":"stdout","time":187.361298085,"data":"[Game 1910] Range: 2-8 | Median/Mean: 4.0 / 3.732 | Fail: 0.524%\n"}
,{"stream_name":"stdout","time":188.22224542,"data":"[Game 1920] Range: 2-8 | Median/Mean: 4.0 / 3.732 | Fail: 0.521%\n"}
,{"stream_name":"stdout","time":189.068959086,"data":"[Game 1930] Range: 2-8 | Median/Mean: 4.0 / 3.733 | Fail: 0.518%\n"}
,{"stream_name":"stdout","time":189.947812396,"data":"[Game 1940] Range: 2-8 | Median/Mean: 4.0 / 3.733 | Fail: 0.515%\n"}
,{"stream_name":"stdout","time":190.912103724,"data":"[Game 1950] Range: 2-8 | Median/Mean: 4.0 / 3.735 | Fail: 0.513%\n"}
,{"stream_name":"stdout","time":192.040888214,"data":"[Game 1960] Range: 2-8 | Median/Mean: 4.0 / 3.739 | Fail: 0.510%\n"}
,{"stream_name":"stdout","time":192.862331672,"data":"[Game 1970] Range: 2-8 | Median/Mean: 4.0 / 3.739 | Fail: 0.508%\n"}
,{"stream_name":"stdout","time":193.844618917,"data":"[Game 1980] Range: 2-8 | Median/Mean: 4.0 / 3.741 | Fail: 0.505%\n"}
,{"stream_name":"stdout","time":194.776305797,"data":"[Game 1990] Range: 2-8 | Median/Mean: 4.0 / 3.742 | Fail: 0.503%\n"}
,{"stream_name":"stdout","time":195.880710309,"data":"[Game 2000] Range: 2-8 | Median/Mean: 4.0 / 3.745 | Fail: 0.550%\n"}
,{"stream_name":"stdout","time":196.876248435,"data":"[Game 2010] Range: 2-8 | Median/Mean: 4.0 / 3.746 | Fail: 0.547%\n"}
,{"stream_name":"stdout","time":197.748141648,"data":"[Game 2020] Range: 2-8 | Median/Mean: 4.0 / 3.749 | Fail: 0.545%\n"}
,{"stream_name":"stdout","time":198.64308019,"data":"[Game 2030] Range: 2-8 | Median/Mean: 4.0 / 3.749 | Fail: 0.542%\n"}
,{"stream_name":"stdout","time":199.757477188,"data":"[Game 2040] Range: 2-9 | Median/Mean: 4.0 / 3.753 | Fail: 0.588%\n"}
,{"stream_name":"stdout","time":200.859366826,"data":"[Game 2050] Range: 2-9 | Median/Mean: 4.0 / 3.757 | Fail: 0.585%\n"}
,{"stream_name":"stdout","time":201.668635136,"data":"[Game 2060] Range: 2-9 | Median/Mean: 4.0 / 3.756 | Fail: 0.583%\n"}
,{"stream_name":"stdout","time":202.742986615,"data":"[Game 2070] Range: 2-9 | Median/Mean: 4.0 / 3.759 | Fail: 0.628%\n"}
,{"stream_name":"stdout","time":203.749911535,"data":"[Game 2080] Range: 2-9 | Median/Mean: 4.0 / 3.762 | Fail: 0.673%\n"}
,{"stream_name":"stdout","time":204.588207692,"data":"[Game 2090] Range: 2-9 | Median/Mean: 4.0 / 3.762 | Fail: 0.670%\n"}
,{"stream_name":"stdout","time":205.673413398,"data":"[Game 2100] Range: 2-9 | Median/Mean: 4.0 / 3.764 | Fail: 0.667%\n"}
,{"stream_name":"stdout","time":206.596701807,"data":"[Game 2110] Range: 2-9 | Median/Mean: 4.0 / 3.765 | Fail: 0.664%\n"}
,{"stream_name":"stdout","time":207.456198342,"data":"[Game 2120] Range: 2-9 | Median/Mean: 4.0 / 3.765 | Fail: 0.660%\n"}
,{"stream_name":"stdout","time":208.392531744,"data":"[Game 2130] Range: 2-9 | Median/Mean: 4.0 / 3.765 | Fail: 0.657%\n"}
,{"stream_name":"stdout","time":209.478636865,"data":"[Game 2140] Range: 2-9 | Median/Mean: 4.0 / 3.768 | Fail: 0.701%\n"}
,{"stream_name":"stdout","time":210.290187405,"data":"[Game 2150] Range: 2-9 | Median/Mean: 4.0 / 3.768 | Fail: 0.698%\n"}
,{"stream_name":"stdout","time":211.169198347,"data":"[Game 2160] Range: 2-9 | Median/Mean: 4.0 / 3.768 | Fail: 0.694%\n"}
,{"stream_name":"stdout","time":212.422924703,"data":"[Game 2170] Range: 2-9 | Median/Mean: 4.0 / 3.772 | Fail: 0.691%\n"}
,{"stream_name":"stdout","time":213.500536662,"data":"[Game 2180] Range: 2-9 | Median/Mean: 4.0 / 3.775 | Fail: 0.688%\n"}
,{"stream_name":"stdout","time":214.472422966,"data":"[Game 2190] Range: 2-9 | Median/Mean: 4.0 / 3.776 | Fail: 0.685%\n"}
,{"stream_name":"stdout","time":215.446080921,"data":"[Game 2200] Range: 2-9 | Median/Mean: 4.0 / 3.778 | Fail: 0.682%\n"}
,{"stream_name":"stdout","time":216.429341386,"data":"[Game 2210] Range: 2-9 | Median/Mean: 4.0 / 3.779 | Fail: 0.679%\n"}
,{"stream_name":"stdout","time":217.486915588,"data":"[Game 2220] Range: 2-9 | Median/Mean: 4.0 / 3.782 | Fail: 0.676%\n"}
,{"stream_name":"stdout","time":218.35647536,"data":"[Game 2230] Range: 2-9 | Median/Mean: 4.0 / 3.782 | Fail: 0.717%\n"}
,{"stream_name":"stdout","time":219.289579664,"data":"[Game 2240] Range: 2-9 | Median/Mean: 4.0 / 3.783 | Fail: 0.714%\n"}
,{"stream_name":"stdout","time":220.34266402,"data":"[Game 2250] Range: 2-9 | Median/Mean: 4.0 / 3.786 | Fail: 0.711%\n"}
,{"stream_name":"stdout","time":221.382962326,"data":"[Game 2260] Range: 2-9 | Median/Mean: 4.0 / 3.788 | Fail: 0.752%\n"}
,{"stream_name":"stdout","time":222.166085464,"data":"[Game 2270] Range: 2-9 | Median/Mean: 4.0 / 3.787 | Fail: 0.749%\n"}
,{"stream_name":"stdout","time":223.325003898,"data":"[Game 2280] Range: 2-9 | Median/Mean: 4.0 / 3.791 | Fail: 0.789%\n"}
,{"stream_name":"stdout","time":224.27914674,"data":"[Game 2290] Range: 2-9 | Median/Mean: 4.0 / 3.793 | Fail: 0.830%\n"}
,{"stream_name":"stdout","time":225.220804567,"data":"[Game 2300] Range: 2-9 | Median/Mean: 4.0 / 3.793 | Fail: 0.826%\n"}
,{"stream_name":"stdout","time":226.250228289,"data":"[Game 2310] Range: 2-10 | Median/Mean: 4.0 / 3.796 | Fail: 0.866%\n"}
,{"stream_name":"stdout","time":226.991896219,"data":"Summary:\n"}
,{"stream_name":"stdout","time":227.006144186,"data":"Distribution across steps:\n"}
,{"stream_name":"stdout","time":227.013726325,"data":"Key Metrics:\n"}
,{"stream_name":"stderr","time":230.577709803,"data":"/opt/conda/lib/python3.7/site-packages/traitlets/traitlets.py:2567: FutureWarning: --Exporter.preprocessors=[\"remove_papermill_header.RemovePapermillHeader\"] for containers is deprecated in traitlets 5.0. You can pass `--Exporter.preprocessors item` ... multiple times to add items to a list.\n"}
,{"stream_name":"stderr","time":230.577826228,"data":"  FutureWarning,\n"}
,{"stream_name":"stderr","time":230.579216896,"data":"[NbConvertApp] Converting notebook __notebook__.ipynb to notebook\n"}
,{"stream_name":"stderr","time":230.992066894,"data":"[NbConvertApp] Writing 32713 bytes to __notebook__.ipynb\n"}
,{"stream_name":"stderr","time":233.458061024,"data":"/opt/conda/lib/python3.7/site-packages/traitlets/traitlets.py:2567: FutureWarning: --Exporter.preprocessors=[\"nbconvert.preprocessors.ExtractOutputPreprocessor\"] for containers is deprecated in traitlets 5.0. You can pass `--Exporter.preprocessors item` ... multiple times to add items to a list.\n"}
,{"stream_name":"stderr","time":233.458135716,"data":"  FutureWarning,\n"}
,{"stream_name":"stderr","time":233.458144765,"data":"[NbConvertApp] Converting notebook __notebook__.ipynb to html\n"}
,{"stream_name":"stderr","time":234.079908653,"data":"[NbConvertApp] Writing 306957 bytes to __results__.html\n"}
]