[{"stream_name":"stderr","time":15.063215508,"data":"/opt/conda/lib/python3.7/site-packages/papermill/iorw.py:50: FutureWarning: pyarrow.HadoopFileSystem is deprecated as of 2.0.0, please use pyarrow.fs.HadoopFileSystem instead.\n"}
,{"stream_name":"stderr","time":15.063417317,"data":"  from pyarrow import HadoopFileSystem\n"}
,{"stream_name":"stdout","time":16.073433934,"data":"[ ---------- TORES ----------]\n"}
,{"stream_name":"stdout","time":16.99525108,"data":"[Game 10] Range: 3-6 | Median/Mean: 3.0 / 3.500 | Fail: 0.000%\n"}
,{"stream_name":"stdout","time":17.898438083,"data":"[Game 20] Range: 3-6 | Median/Mean: 3.0 / 3.450 | Fail: 0.000%\n"}
,{"stream_name":"stdout","time":18.78717481,"data":"[Game 30] Range: 3-6 | Median/Mean: 3.0 / 3.500 | Fail: 0.000%\n"}
,{"stream_name":"stdout","time":19.790374926,"data":"[Game 40] Range: 2-6 | Median/Mean: 3.0 / 3.500 | Fail: 0.000%\n"}
,{"stream_name":"stdout","time":20.789538924,"data":"[Game 50] Range: 2-6 | Median/Mean: 3.0 / 3.520 | Fail: 0.000%\n"}
,{"stream_name":"stdout","time":21.645869552,"data":"[Game 60] Range: 2-6 | Median/Mean: 3.0 / 3.500 | Fail: 0.000%\n"}
,{"stream_name":"stdout","time":22.653090854,"data":"[Game 70] Range: 2-6 | Median/Mean: 3.0 / 3.543 | Fail: 0.000%\n"}
,{"stream_name":"stdout","time":23.341439238,"data":"[Game 80] Range: 2-6 | Median/Mean: 3.0 / 3.500 | Fail: 0.000%\n"}
,{"stream_name":"stdout","time":24.25848952,"data":"[Game 90] Range: 2-6 | Median/Mean: 3.0 / 3.544 | Fail: 0.000%\n"}
,{"stream_name":"stdout","time":24.971584518,"data":"[Game 100] Range: 2-6 | Median/Mean: 3.0 / 3.500 | Fail: 0.000%\n"}
,{"stream_name":"stdout","time":25.902032403,"data":"[Game 110] Range: 2-6 | Median/Mean: 3.0 / 3.500 | Fail: 0.000%\n"}
,{"stream_name":"stdout","time":26.749774813,"data":"[Game 120] Range: 2-6 | Median/Mean: 3.0 / 3.508 | Fail: 0.000%\n"}
,{"stream_name":"stdout","time":27.604000925,"data":"[Game 130] Range: 2-6 | Median/Mean: 3.0 / 3.515 | Fail: 0.000%\n"}
,{"stream_name":"stdout","time":28.466207011,"data":"[Game 140] Range: 2-6 | Median/Mean: 3.0 / 3.514 | Fail: 0.000%\n"}
,{"stream_name":"stdout","time":29.325379565,"data":"[Game 150] Range: 2-6 | Median/Mean: 3.0 / 3.520 | Fail: 0.000%\n"}
,{"stream_name":"stdout","time":30.02279866,"data":"[Game 160] Range: 2-6 | Median/Mean: 3.0 / 3.494 | Fail: 0.000%\n"}
,{"stream_name":"stdout","time":30.877958223,"data":"[Game 170] Range: 2-6 | Median/Mean: 3.0 / 3.488 | Fail: 0.000%\n"}
,{"stream_name":"stdout","time":31.573082506,"data":"[Game 180] Range: 2-6 | Median/Mean: 3.0 / 3.472 | Fail: 0.000%\n"}
,{"stream_name":"stdout","time":32.711316948,"data":"[Game 190] Range: 2-6 | Median/Mean: 3.0 / 3.489 | Fail: 0.000%\n"}
,{"stream_name":"stdout","time":33.44185381,"data":"[Game 200] Range: 2-6 | Median/Mean: 3.0 / 3.495 | Fail: 0.000%\n"}
,{"stream_name":"stdout","time":34.33109931,"data":"[Game 210] Range: 2-6 | Median/Mean: 3.0 / 3.505 | Fail: 0.000%\n"}
,{"stream_name":"stdout","time":35.167601229,"data":"[Game 220] Range: 2-6 | Median/Mean: 3.0 / 3.495 | Fail: 0.000%\n"}
,{"stream_name":"stdout","time":35.997649843,"data":"[Game 230] Range: 2-6 | Median/Mean: 3.0 / 3.483 | Fail: 0.000%\n"}
,{"stream_name":"stdout","time":36.97811771,"data":"[Game 240] Range: 2-6 | Median/Mean: 3.0 / 3.492 | Fail: 0.000%\n"}
,{"stream_name":"stdout","time":37.77780584,"data":"[Game 250] Range: 2-6 | Median/Mean: 3.0 / 3.488 | Fail: 0.000%\n"}
,{"stream_name":"stdout","time":38.578112807,"data":"[Game 260] Range: 2-6 | Median/Mean: 3.0 / 3.485 | Fail: 0.000%\n"}
,{"stream_name":"stdout","time":39.366878228,"data":"[Game 270] Range: 2-6 | Median/Mean: 3.0 / 3.474 | Fail: 0.000%\n"}
,{"stream_name":"stdout","time":40.049455431,"data":"[Game 280] Range: 2-6 | Median/Mean: 3.0 / 3.461 | Fail: 0.000%\n"}
,{"stream_name":"stdout","time":40.895524927,"data":"[Game 290] Range: 2-6 | Median/Mean: 3.0 / 3.462 | Fail: 0.000%\n"}
,{"stream_name":"stdout","time":41.661291525,"data":"[Game 300] Range: 2-6 | Median/Mean: 3.0 / 3.453 | Fail: 0.000%\n"}
,{"stream_name":"stdout","time":42.658576402,"data":"[Game 310] Range: 2-6 | Median/Mean: 3.0 / 3.458 | Fail: 0.000%\n"}
,{"stream_name":"stdout","time":43.49568156,"data":"[Game 320] Range: 2-6 | Median/Mean: 3.0 / 3.453 | Fail: 0.000%\n"}
,{"stream_name":"stdout","time":44.2200883,"data":"[Game 330] Range: 2-6 | Median/Mean: 3.0 / 3.448 | Fail: 0.000%\n"}
,{"stream_name":"stdout","time":44.992990952,"data":"[Game 340] Range: 2-6 | Median/Mean: 3.0 / 3.444 | Fail: 0.000%\n"}
,{"stream_name":"stdout","time":45.847657717,"data":"[Game 350] Range: 2-6 | Median/Mean: 3.0 / 3.443 | Fail: 0.000%\n"}
,{"stream_name":"stdout","time":46.688526702,"data":"[Game 360] Range: 2-6 | Median/Mean: 3.0 / 3.444 | Fail: 0.000%\n"}
,{"stream_name":"stdout","time":47.645114202,"data":"[Game 370] Range: 2-6 | Median/Mean: 3.0 / 3.457 | Fail: 0.000%\n"}
,{"stream_name":"stdout","time":48.542373819,"data":"[Game 380] Range: 2-6 | Median/Mean: 3.0 / 3.458 | Fail: 0.000%\n"}
,{"stream_name":"stdout","time":49.380378665,"data":"[Game 390] Range: 2-6 | Median/Mean: 3.0 / 3.459 | Fail: 0.000%\n"}
,{"stream_name":"stdout","time":50.455218873,"data":"[Game 400] Range: 2-6 | Median/Mean: 3.0 / 3.478 | Fail: 0.000%\n"}
,{"stream_name":"stdout","time":51.483555826,"data":"[Game 410] Range: 2-6 | Median/Mean: 3.0 / 3.490 | Fail: 0.000%\n"}
,{"stream_name":"stdout","time":52.40323471,"data":"[Game 420] Range: 2-6 | Median/Mean: 3.0 / 3.500 | Fail: 0.000%\n"}
,{"stream_name":"stdout","time":53.352117032,"data":"[Game 430] Range: 2-6 | Median/Mean: 3.0 / 3.502 | Fail: 0.000%\n"}
,{"stream_name":"stdout","time":54.282882745,"data":"[Game 440] Range: 2-6 | Median/Mean: 3.0 / 3.502 | Fail: 0.000%\n"}
,{"stream_name":"stdout","time":55.000508726,"data":"[Game 450] Range: 2-6 | Median/Mean: 3.0 / 3.500 | Fail: 0.000%\n"}
,{"stream_name":"stdout","time":55.984811515,"data":"[Game 460] Range: 2-6 | Median/Mean: 3.0 / 3.504 | Fail: 0.000%\n"}
,{"stream_name":"stdout","time":56.889008781,"data":"[Game 470] Range: 2-6 | Median/Mean: 3.0 / 3.511 | Fail: 0.000%\n"}
,{"stream_name":"stdout","time":57.627761131,"data":"[Game 480] Range: 2-6 | Median/Mean: 3.0 / 3.502 | Fail: 0.000%\n"}
,{"stream_name":"stdout","time":58.491884319,"data":"[Game 490] Range: 2-6 | Median/Mean: 3.0 / 3.500 | Fail: 0.000%\n"}
,{"stream_name":"stdout","time":59.353687057,"data":"[Game 500] Range: 2-6 | Median/Mean: 3.0 / 3.500 | Fail: 0.000%\n"}
,{"stream_name":"stdout","time":60.494250356,"data":"[Game 510] Range: 2-8 | Median/Mean: 3.0 / 3.518 | Fail: 0.196%\n"}
,{"stream_name":"stdout","time":61.351540057,"data":"[Game 520] Range: 2-8 | Median/Mean: 3.0 / 3.517 | Fail: 0.192%\n"}
,{"stream_name":"stdout","time":62.26833283,"data":"[Game 530] Range: 2-8 | Median/Mean: 3.0 / 3.515 | Fail: 0.189%\n"}
,{"stream_name":"stdout","time":63.323588864,"data":"[Game 540] Range: 2-8 | Median/Mean: 3.0 / 3.526 | Fail: 0.185%\n"}
,{"stream_name":"stdout","time":64.18895277,"data":"[Game 550] Range: 2-8 | Median/Mean: 3.0 / 3.524 | Fail: 0.182%\n"}
,{"stream_name":"stdout","time":65.292858964,"data":"[Game 560] Range: 2-8 | Median/Mean: 3.0 / 3.530 | Fail: 0.357%\n"}
,{"stream_name":"stdout","time":66.16158801,"data":"[Game 570] Range: 2-8 | Median/Mean: 3.0 / 3.528 | Fail: 0.351%\n"}
,{"stream_name":"stdout","time":67.084913352,"data":"[Game 580] Range: 2-8 | Median/Mean: 3.0 / 3.531 | Fail: 0.345%\n"}
,{"stream_name":"stdout","time":68.063007641,"data":"[Game 590] Range: 2-8 | Median/Mean: 3.0 / 3.536 | Fail: 0.339%\n"}
,{"stream_name":"stdout","time":68.78872396,"data":"[Game 600] Range: 2-8 | Median/Mean: 3.0 / 3.532 | Fail: 0.333%\n"}
,{"stream_name":"stdout","time":69.593085538,"data":"[Game 610] Range: 2-8 | Median/Mean: 3.0 / 3.528 | Fail: 0.328%\n"}
,{"stream_name":"stdout","time":70.390426471,"data":"[Game 620] Range: 2-8 | Median/Mean: 3.0 / 3.527 | Fail: 0.323%\n"}
,{"stream_name":"stdout","time":71.313032765,"data":"[Game 630] Range: 2-8 | Median/Mean: 3.0 / 3.529 | Fail: 0.317%\n"}
,{"stream_name":"stdout","time":72.19596664,"data":"[Game 640] Range: 2-8 | Median/Mean: 3.0 / 3.531 | Fail: 0.312%\n"}
,{"stream_name":"stdout","time":73.215822549,"data":"[Game 650] Range: 2-8 | Median/Mean: 3.0 / 3.537 | Fail: 0.308%\n"}
,{"stream_name":"stdout","time":74.208149088,"data":"[Game 660] Range: 2-8 | Median/Mean: 3.0 / 3.542 | Fail: 0.303%\n"}
,{"stream_name":"stdout","time":75.052153571,"data":"[Game 670] Range: 2-8 | Median/Mean: 3.0 / 3.545 | Fail: 0.299%\n"}
,{"stream_name":"stdout","time":75.940018371,"data":"[Game 680] Range: 2-8 | Median/Mean: 3.0 / 3.547 | Fail: 0.294%\n"}
,{"stream_name":"stdout","time":76.8383955,"data":"[Game 690] Range: 2-8 | Median/Mean: 3.0 / 3.548 | Fail: 0.290%\n"}
,{"stream_name":"stdout","time":77.744597023,"data":"[Game 700] Range: 2-8 | Median/Mean: 3.0 / 3.549 | Fail: 0.286%\n"}
,{"stream_name":"stdout","time":78.503151962,"data":"[Game 710] Range: 2-8 | Median/Mean: 3.0 / 3.542 | Fail: 0.282%\n"}
,{"stream_name":"stdout","time":79.404222973,"data":"[Game 720] Range: 2-8 | Median/Mean: 3.0 / 3.547 | Fail: 0.278%\n"}
,{"stream_name":"stdout","time":80.345161212,"data":"[Game 730] Range: 2-8 | Median/Mean: 3.0 / 3.549 | Fail: 0.274%\n"}
,{"stream_name":"stdout","time":81.245038279,"data":"[Game 740] Range: 2-8 | Median/Mean: 3.0 / 3.550 | Fail: 0.270%\n"}
,{"stream_name":"stdout","time":82.267696093,"data":"[Game 750] Range: 2-8 | Median/Mean: 3.0 / 3.553 | Fail: 0.267%\n"}
,{"stream_name":"stdout","time":83.323781262,"data":"[Game 760] Range: 2-8 | Median/Mean: 3.0 / 3.554 | Fail: 0.263%\n"}
,{"stream_name":"stdout","time":84.34070706,"data":"[Game 770] Range: 2-8 | Median/Mean: 3.0 / 3.558 | Fail: 0.260%\n"}
,{"stream_name":"stdout","time":85.279444617,"data":"[Game 780] Range: 2-8 | Median/Mean: 3.0 / 3.560 | Fail: 0.256%\n"}
,{"stream_name":"stdout","time":86.278971742,"data":"[Game 790] Range: 2-8 | Median/Mean: 3.0 / 3.562 | Fail: 0.253%\n"}
,{"stream_name":"stdout","time":87.14524614,"data":"[Game 800] Range: 2-8 | Median/Mean: 3.0 / 3.562 | Fail: 0.250%\n"}
,{"stream_name":"stdout","time":87.931484582,"data":"[Game 810] Range: 2-8 | Median/Mean: 3.0 / 3.563 | Fail: 0.247%\n"}
,{"stream_name":"stdout","time":88.935317029,"data":"[Game 820] Range: 2-8 | Median/Mean: 3.0 / 3.566 | Fail: 0.244%\n"}
,{"stream_name":"stdout","time":89.877316115,"data":"[Game 830] Range: 2-8 | Median/Mean: 3.0 / 3.566 | Fail: 0.241%\n"}
,{"stream_name":"stdout","time":90.674457857,"data":"[Game 840] Range: 2-8 | Median/Mean: 3.0 / 3.563 | Fail: 0.238%\n"}
,{"stream_name":"stdout","time":91.719206766,"data":"[Game 850] Range: 2-8 | Median/Mean: 3.5 / 3.568 | Fail: 0.353%\n"}
,{"stream_name":"stdout","time":92.641552933,"data":"[Game 860] Range: 2-8 | Median/Mean: 4.0 / 3.571 | Fail: 0.465%\n"}
,{"stream_name":"stdout","time":93.567364213,"data":"[Game 870] Range: 2-8 | Median/Mean: 4.0 / 3.576 | Fail: 0.460%\n"}
,{"stream_name":"stdout","time":94.582421898,"data":"[Game 880] Range: 2-8 | Median/Mean: 4.0 / 3.580 | Fail: 0.455%\n"}
,{"stream_name":"stdout","time":95.56356807,"data":"[Game 890] Range: 2-8 | Median/Mean: 4.0 / 3.584 | Fail: 0.674%\n"}
,{"stream_name":"stdout","time":96.537883586,"data":"[Game 900] Range: 2-8 | Median/Mean: 4.0 / 3.586 | Fail: 0.667%\n"}
,{"stream_name":"stdout","time":97.294881426,"data":"[Game 910] Range: 2-8 | Median/Mean: 4.0 / 3.586 | Fail: 0.659%\n"}
,{"stream_name":"stdout","time":98.165647729,"data":"[Game 920] Range: 2-8 | Median/Mean: 4.0 / 3.586 | Fail: 0.652%\n"}
,{"stream_name":"stdout","time":98.982275434,"data":"[Game 930] Range: 2-8 | Median/Mean: 4.0 / 3.584 | Fail: 0.645%\n"}
,{"stream_name":"stdout","time":99.888875119,"data":"[Game 940] Range: 2-8 | Median/Mean: 4.0 / 3.584 | Fail: 0.638%\n"}
,{"stream_name":"stdout","time":100.742401962,"data":"[Game 950] Range: 2-8 | Median/Mean: 4.0 / 3.585 | Fail: 0.632%\n"}
,{"stream_name":"stdout","time":101.664618185,"data":"[Game 960] Range: 2-8 | Median/Mean: 4.0 / 3.587 | Fail: 0.625%\n"}
,{"stream_name":"stdout","time":102.65905169,"data":"[Game 970] Range: 2-8 | Median/Mean: 4.0 / 3.591 | Fail: 0.619%\n"}
,{"stream_name":"stdout","time":103.497367654,"data":"[Game 980] Range: 2-8 | Median/Mean: 4.0 / 3.590 | Fail: 0.612%\n"}
,{"stream_name":"stdout","time":104.200068568,"data":"[Game 990] Range: 2-8 | Median/Mean: 4.0 / 3.587 | Fail: 0.606%\n"}
,{"stream_name":"stdout","time":105.218183968,"data":"[Game 1000] Range: 2-8 | Median/Mean: 4.0 / 3.590 | Fail: 0.600%\n"}
,{"stream_name":"stdout","time":106.160610544,"data":"[Game 1010] Range: 2-8 | Median/Mean: 4.0 / 3.591 | Fail: 0.594%\n"}
,{"stream_name":"stdout","time":107.090845787,"data":"[Game 1020] Range: 2-8 | Median/Mean: 4.0 / 3.594 | Fail: 0.588%\n"}
,{"stream_name":"stdout","time":107.983327817,"data":"[Game 1030] Range: 2-8 | Median/Mean: 4.0 / 3.594 | Fail: 0.583%\n"}
,{"stream_name":"stdout","time":108.838759862,"data":"[Game 1040] Range: 2-8 | Median/Mean: 4.0 / 3.593 | Fail: 0.577%\n"}
,{"stream_name":"stdout","time":109.809694725,"data":"[Game 1050] Range: 2-8 | Median/Mean: 4.0 / 3.595 | Fail: 0.571%\n"}
,{"stream_name":"stdout","time":110.72156598,"data":"[Game 1060] Range: 2-8 | Median/Mean: 4.0 / 3.597 | Fail: 0.566%\n"}
,{"stream_name":"stdout","time":111.556581711,"data":"[Game 1070] Range: 2-8 | Median/Mean: 4.0 / 3.597 | Fail: 0.561%\n"}
,{"stream_name":"stdout","time":112.494422481,"data":"[Game 1080] Range: 2-8 | Median/Mean: 4.0 / 3.602 | Fail: 0.648%\n"}
,{"stream_name":"stdout","time":113.594163465,"data":"[Game 1090] Range: 2-8 | Median/Mean: 4.0 / 3.608 | Fail: 0.642%\n"}
,{"stream_name":"stdout","time":114.493064457,"data":"[Game 1100] Range: 2-8 | Median/Mean: 4.0 / 3.610 | Fail: 0.636%\n"}
,{"stream_name":"stdout","time":115.266359757,"data":"[Game 1110] Range: 2-8 | Median/Mean: 4.0 / 3.608 | Fail: 0.631%\n"}
,{"stream_name":"stdout","time":116.011109672,"data":"[Game 1120] Range: 2-8 | Median/Mean: 4.0 / 3.607 | Fail: 0.625%\n"}
,{"stream_name":"stdout","time":116.855490592,"data":"[Game 1130] Range: 2-8 | Median/Mean: 4.0 / 3.609 | Fail: 0.619%\n"}
,{"stream_name":"stdout","time":117.969887249,"data":"[Game 1140] Range: 2-8 | Median/Mean: 4.0 / 3.606 | Fail: 0.614%\n"}
,{"stream_name":"stdout","time":118.91189037,"data":"[Game 1150] Range: 2-8 | Median/Mean: 4.0 / 3.607 | Fail: 0.609%\n"}
,{"stream_name":"stdout","time":119.659967073,"data":"[Game 1160] Range: 2-8 | Median/Mean: 4.0 / 3.604 | Fail: 0.603%\n"}
,{"stream_name":"stdout","time":120.572686321,"data":"[Game 1170] Range: 2-8 | Median/Mean: 4.0 / 3.604 | Fail: 0.598%\n"}
,{"stream_name":"stdout","time":121.394677415,"data":"[Game 1180] Range: 2-8 | Median/Mean: 4.0 / 3.603 | Fail: 0.593%\n"}
,{"stream_name":"stdout","time":122.237432252,"data":"[Game 1190] Range: 2-8 | Median/Mean: 4.0 / 3.602 | Fail: 0.588%\n"}
,{"stream_name":"stdout","time":123.131069003,"data":"[Game 1200] Range: 2-8 | Median/Mean: 4.0 / 3.603 | Fail: 0.583%\n"}
,{"stream_name":"stdout","time":123.920867755,"data":"[Game 1210] Range: 2-8 | Median/Mean: 4.0 / 3.602 | Fail: 0.579%\n"}
,{"stream_name":"stdout","time":124.967419184,"data":"[Game 1220] Range: 2-8 | Median/Mean: 4.0 / 3.607 | Fail: 0.574%\n"}
,{"stream_name":"stdout","time":126.039364168,"data":"[Game 1230] Range: 2-8 | Median/Mean: 4.0 / 3.612 | Fail: 0.650%\n"}
,{"stream_name":"stdout","time":126.919199401,"data":"[Game 1240] Range: 2-8 | Median/Mean: 4.0 / 3.614 | Fail: 0.645%\n"}
,{"stream_name":"stdout","time":127.785086494,"data":"[Game 1250] Range: 2-8 | Median/Mean: 4.0 / 3.615 | Fail: 0.640%\n"}
,{"stream_name":"stdout","time":128.729331763,"data":"[Game 1260] Range: 2-8 | Median/Mean: 4.0 / 3.616 | Fail: 0.635%\n"}
,{"stream_name":"stdout","time":129.643925326,"data":"[Game 1270] Range: 2-8 | Median/Mean: 4.0 / 3.615 | Fail: 0.630%\n"}
,{"stream_name":"stdout","time":130.59299078,"data":"[Game 1280] Range: 2-8 | Median/Mean: 4.0 / 3.616 | Fail: 0.625%\n"}
,{"stream_name":"stdout","time":131.477591757,"data":"[Game 1290] Range: 2-8 | Median/Mean: 4.0 / 3.616 | Fail: 0.620%\n"}
,{"stream_name":"stdout","time":132.371699539,"data":"[Game 1300] Range: 2-8 | Median/Mean: 4.0 / 3.618 | Fail: 0.615%\n"}
,{"stream_name":"stdout","time":133.100570506,"data":"[Game 1310] Range: 2-8 | Median/Mean: 4.0 / 3.617 | Fail: 0.611%\n"}
,{"stream_name":"stdout","time":134.087327164,"data":"[Game 1320] Range: 2-8 | Median/Mean: 4.0 / 3.618 | Fail: 0.606%\n"}
,{"stream_name":"stdout","time":134.988039489,"data":"[Game 1330] Range: 2-8 | Median/Mean: 4.0 / 3.617 | Fail: 0.602%\n"}
,{"stream_name":"stdout","time":135.962150402,"data":"[Game 1340] Range: 2-8 | Median/Mean: 4.0 / 3.618 | Fail: 0.597%\n"}
,{"stream_name":"stdout","time":136.90775078,"data":"[Game 1350] Range: 2-8 | Median/Mean: 4.0 / 3.619 | Fail: 0.593%\n"}
,{"stream_name":"stdout","time":137.851193958,"data":"[Game 1360] Range: 2-8 | Median/Mean: 4.0 / 3.621 | Fail: 0.588%\n"}
,{"stream_name":"stdout","time":138.709233145,"data":"[Game 1370] Range: 2-8 | Median/Mean: 4.0 / 3.623 | Fail: 0.584%\n"}
,{"stream_name":"stdout","time":139.693841263,"data":"[Game 1380] Range: 2-8 | Median/Mean: 4.0 / 3.625 | Fail: 0.580%\n"}
,{"stream_name":"stdout","time":140.616386374,"data":"[Game 1390] Range: 2-8 | Median/Mean: 4.0 / 3.627 | Fail: 0.576%\n"}
,{"stream_name":"stdout","time":141.402224842,"data":"[Game 1400] Range: 2-8 | Median/Mean: 4.0 / 3.627 | Fail: 0.571%\n"}
,{"stream_name":"stdout","time":142.219560657,"data":"[Game 1410] Range: 2-8 | Median/Mean: 4.0 / 3.628 | Fail: 0.567%\n"}
,{"stream_name":"stdout","time":143.005742306,"data":"[Game 1420] Range: 2-8 | Median/Mean: 4.0 / 3.626 | Fail: 0.563%\n"}
,{"stream_name":"stdout","time":143.750576938,"data":"[Game 1430] Range: 2-8 | Median/Mean: 4.0 / 3.624 | Fail: 0.559%\n"}
,{"stream_name":"stdout","time":144.743306041,"data":"[Game 1440] Range: 2-8 | Median/Mean: 4.0 / 3.626 | Fail: 0.556%\n"}
,{"stream_name":"stdout","time":145.879522523,"data":"[Game 1450] Range: 2-8 | Median/Mean: 4.0 / 3.634 | Fail: 0.690%\n"}
,{"stream_name":"stdout","time":146.712194295,"data":"[Game 1460] Range: 2-8 | Median/Mean: 4.0 / 3.634 | Fail: 0.685%\n"}
,{"stream_name":"stdout","time":147.623732939,"data":"[Game 1470] Range: 2-8 | Median/Mean: 4.0 / 3.633 | Fail: 0.680%\n"}
,{"stream_name":"stdout","time":148.554008933,"data":"[Game 1480] Range: 2-8 | Median/Mean: 4.0 / 3.636 | Fail: 0.676%\n"}
,{"stream_name":"stdout","time":149.400875287,"data":"[Game 1490] Range: 2-8 | Median/Mean: 4.0 / 3.636 | Fail: 0.671%\n"}
,{"stream_name":"stdout","time":150.34797207,"data":"[Game 1500] Range: 2-8 | Median/Mean: 4.0 / 3.638 | Fail: 0.667%\n"}
,{"stream_name":"stdout","time":151.265397319,"data":"[Game 1510] Range: 2-8 | Median/Mean: 4.0 / 3.640 | Fail: 0.662%\n"}
,{"stream_name":"stdout","time":151.972249704,"data":"[Game 1520] Range: 2-8 | Median/Mean: 4.0 / 3.639 | Fail: 0.658%\n"}
,{"stream_name":"stdout","time":152.93879445,"data":"[Game 1530] Range: 2-8 | Median/Mean: 4.0 / 3.641 | Fail: 0.654%\n"}
,{"stream_name":"stdout","time":153.907601342,"data":"[Game 1540] Range: 2-8 | Median/Mean: 4.0 / 3.644 | Fail: 0.649%\n"}
,{"stream_name":"stdout","time":154.858264867,"data":"[Game 1550] Range: 2-8 | Median/Mean: 4.0 / 3.645 | Fail: 0.645%\n"}
,{"stream_name":"stdout","time":155.709395838,"data":"[Game 1560] Range: 2-8 | Median/Mean: 4.0 / 3.646 | Fail: 0.641%\n"}
,{"stream_name":"stdout","time":156.574344314,"data":"[Game 1570] Range: 2-8 | Median/Mean: 4.0 / 3.646 | Fail: 0.701%\n"}
,{"stream_name":"stdout","time":157.520176685,"data":"[Game 1580] Range: 2-8 | Median/Mean: 4.0 / 3.648 | Fail: 0.696%\n"}
,{"stream_name":"stdout","time":158.439409352,"data":"[Game 1590] Range: 2-8 | Median/Mean: 4.0 / 3.649 | Fail: 0.692%\n"}
,{"stream_name":"stdout","time":159.26461254,"data":"[Game 1600] Range: 2-8 | Median/Mean: 4.0 / 3.649 | Fail: 0.688%\n"}
,{"stream_name":"stdout","time":160.292294611,"data":"[Game 1610] Range: 2-8 | Median/Mean: 4.0 / 3.652 | Fail: 0.683%\n"}
,{"stream_name":"stdout","time":161.139673921,"data":"[Game 1620] Range: 2-8 | Median/Mean: 4.0 / 3.652 | Fail: 0.679%\n"}
,{"stream_name":"stdout","time":162.15406849,"data":"[Game 1630] Range: 2-8 | Median/Mean: 4.0 / 3.655 | Fail: 0.675%\n"}
,{"stream_name":"stdout","time":163.150732706,"data":"[Game 1640] Range: 2-8 | Median/Mean: 4.0 / 3.659 | Fail: 0.671%\n"}
,{"stream_name":"stdout","time":164.049369302,"data":"[Game 1650] Range: 2-8 | Median/Mean: 4.0 / 3.659 | Fail: 0.667%\n"}
,{"stream_name":"stdout","time":165.054125603,"data":"[Game 1660] Range: 2-8 | Median/Mean: 4.0 / 3.659 | Fail: 0.663%\n"}
,{"stream_name":"stdout","time":166.123444115,"data":"[Game 1670] Range: 2-8 | Median/Mean: 4.0 / 3.662 | Fail: 0.659%\n"}
,{"stream_name":"stdout","time":167.051740468,"data":"[Game 1680] Range: 2-8 | Median/Mean: 4.0 / 3.663 | Fail: 0.655%\n"}
,{"stream_name":"stdout","time":168.161088691,"data":"[Game 1690] Range: 2-8 | Median/Mean: 4.0 / 3.666 | Fail: 0.651%\n"}
,{"stream_name":"stdout","time":168.889920833,"data":"[Game 1700] Range: 2-8 | Median/Mean: 4.0 / 3.665 | Fail: 0.647%\n"}
,{"stream_name":"stdout","time":169.916204131,"data":"[Game 1710] Range: 2-8 | Median/Mean: 4.0 / 3.667 | Fail: 0.643%\n"}
,{"stream_name":"stdout","time":170.765936516,"data":"[Game 1720] Range: 2-8 | Median/Mean: 4.0 / 3.667 | Fail: 0.640%\n"}
,{"stream_name":"stdout","time":171.717586915,"data":"[Game 1730] Range: 2-8 | Median/Mean: 4.0 / 3.669 | Fail: 0.636%\n"}
,{"stream_name":"stdout","time":172.822250809,"data":"[Game 1740] Range: 2-8 | Median/Mean: 4.0 / 3.672 | Fail: 0.632%\n"}
,{"stream_name":"stdout","time":173.73791979,"data":"[Game 1750] Range: 2-8 | Median/Mean: 4.0 / 3.673 | Fail: 0.629%\n"}
,{"stream_name":"stdout","time":174.449779857,"data":"[Game 1760] Range: 2-8 | Median/Mean: 4.0 / 3.670 | Fail: 0.625%\n"}
,{"stream_name":"stdout","time":175.196056804,"data":"[Game 1770] Range: 2-8 | Median/Mean: 4.0 / 3.668 | Fail: 0.621%\n"}
,{"stream_name":"stdout","time":176.081937582,"data":"[Game 1780] Range: 2-8 | Median/Mean: 4.0 / 3.668 | Fail: 0.618%\n"}
,{"stream_name":"stdout","time":176.760662769,"data":"[Game 1790] Range: 2-8 | Median/Mean: 4.0 / 3.667 | Fail: 0.615%\n"}
,{"stream_name":"stdout","time":177.546246233,"data":"[Game 1800] Range: 2-8 | Median/Mean: 4.0 / 3.665 | Fail: 0.611%\n"}
,{"stream_name":"stdout","time":178.591048776,"data":"[Game 1810] Range: 2-8 | Median/Mean: 4.0 / 3.668 | Fail: 0.608%\n"}
,{"stream_name":"stdout","time":179.468363604,"data":"[Game 1820] Range: 2-8 | Median/Mean: 4.0 / 3.668 | Fail: 0.604%\n"}
,{"stream_name":"stdout","time":180.332656774,"data":"[Game 1830] Range: 2-8 | Median/Mean: 4.0 / 3.668 | Fail: 0.601%\n"}
,{"stream_name":"stdout","time":181.046548213,"data":"[Game 1840] Range: 2-8 | Median/Mean: 4.0 / 3.666 | Fail: 0.598%\n"}
,{"stream_name":"stdout","time":182.003528692,"data":"[Game 1850] Range: 2-8 | Median/Mean: 4.0 / 3.666 | Fail: 0.595%\n"}
,{"stream_name":"stdout","time":182.67421103,"data":"[Game 1860] Range: 2-8 | Median/Mean: 4.0 / 3.665 | Fail: 0.591%\n"}
,{"stream_name":"stdout","time":183.361236165,"data":"[Game 1870] Range: 2-8 | Median/Mean: 4.0 / 3.664 | Fail: 0.588%\n"}
,{"stream_name":"stdout","time":184.42997828,"data":"[Game 1880] Range: 2-8 | Median/Mean: 4.0 / 3.668 | Fail: 0.638%\n"}
,{"stream_name":"stdout","time":185.413722511,"data":"[Game 1890] Range: 2-8 | Median/Mean: 4.0 / 3.670 | Fail: 0.635%\n"}
,{"stream_name":"stdout","time":186.417364513,"data":"[Game 1900] Range: 2-8 | Median/Mean: 4.0 / 3.672 | Fail: 0.632%\n"}
,{"stream_name":"stdout","time":187.352914515,"data":"[Game 1910] Range: 2-8 | Median/Mean: 4.0 / 3.672 | Fail: 0.628%\n"}
,{"stream_name":"stdout","time":188.170307128,"data":"[Game 1920] Range: 2-8 | Median/Mean: 4.0 / 3.672 | Fail: 0.625%\n"}
,{"stream_name":"stdout","time":189.035886404,"data":"[Game 1930] Range: 2-8 | Median/Mean: 4.0 / 3.673 | Fail: 0.622%\n"}
,{"stream_name":"stdout","time":189.807073085,"data":"[Game 1940] Range: 2-8 | Median/Mean: 4.0 / 3.672 | Fail: 0.619%\n"}
,{"stream_name":"stdout","time":190.629032461,"data":"[Game 1950] Range: 2-8 | Median/Mean: 4.0 / 3.671 | Fail: 0.615%\n"}
,{"stream_name":"stdout","time":191.689925002,"data":"[Game 1960] Range: 2-8 | Median/Mean: 4.0 / 3.674 | Fail: 0.612%\n"}
,{"stream_name":"stdout","time":192.443803211,"data":"[Game 1970] Range: 2-8 | Median/Mean: 4.0 / 3.675 | Fail: 0.609%\n"}
,{"stream_name":"stdout","time":193.396410492,"data":"[Game 1980] Range: 2-8 | Median/Mean: 4.0 / 3.676 | Fail: 0.606%\n"}
,{"stream_name":"stdout","time":194.105375552,"data":"[Game 1990] Range: 2-8 | Median/Mean: 4.0 / 3.675 | Fail: 0.603%\n"}
,{"stream_name":"stdout","time":195.258459414,"data":"[Game 2000] Range: 2-8 | Median/Mean: 4.0 / 3.679 | Fail: 0.650%\n"}
,{"stream_name":"stdout","time":196.22403622,"data":"[Game 2010] Range: 2-8 | Median/Mean: 4.0 / 3.682 | Fail: 0.647%\n"}
,{"stream_name":"stdout","time":197.201798953,"data":"[Game 2020] Range: 2-8 | Median/Mean: 4.0 / 3.684 | Fail: 0.644%\n"}
,{"stream_name":"stdout","time":198.324935319,"data":"[Game 2030] Range: 2-8 | Median/Mean: 4.0 / 3.687 | Fail: 0.640%\n"}
,{"stream_name":"stdout","time":199.068845691,"data":"[Game 2040] Range: 2-8 | Median/Mean: 4.0 / 3.686 | Fail: 0.637%\n"}
,{"stream_name":"stdout","time":200.023245664,"data":"[Game 2050] Range: 2-8 | Median/Mean: 4.0 / 3.688 | Fail: 0.634%\n"}
,{"stream_name":"stdout","time":200.934599435,"data":"[Game 2060] Range: 2-8 | Median/Mean: 4.0 / 3.688 | Fail: 0.631%\n"}
,{"stream_name":"stdout","time":202.07692085,"data":"[Game 2070] Range: 2-8 | Median/Mean: 4.0 / 3.693 | Fail: 0.676%\n"}
,{"stream_name":"stdout","time":202.930408708,"data":"[Game 2080] Range: 2-8 | Median/Mean: 4.0 / 3.693 | Fail: 0.673%\n"}
,{"stream_name":"stdout","time":203.71209031,"data":"[Game 2090] Range: 2-8 | Median/Mean: 4.0 / 3.692 | Fail: 0.670%\n"}
,{"stream_name":"stdout","time":204.540850738,"data":"[Game 2100] Range: 2-8 | Median/Mean: 4.0 / 3.692 | Fail: 0.667%\n"}
,{"stream_name":"stdout","time":205.369547354,"data":"[Game 2110] Range: 2-8 | Median/Mean: 4.0 / 3.692 | Fail: 0.664%\n"}
,{"stream_name":"stdout","time":206.382599053,"data":"[Game 2120] Range: 2-8 | Median/Mean: 4.0 / 3.694 | Fail: 0.660%\n"}
,{"stream_name":"stdout","time":207.43995102,"data":"[Game 2130] Range: 2-8 | Median/Mean: 4.0 / 3.697 | Fail: 0.704%\n"}
,{"stream_name":"stdout","time":208.489402306,"data":"[Game 2140] Range: 2-8 | Median/Mean: 4.0 / 3.699 | Fail: 0.701%\n"}
,{"stream_name":"stdout","time":209.462641681,"data":"[Game 2150] Range: 2-8 | Median/Mean: 4.0 / 3.701 | Fail: 0.698%\n"}
,{"stream_name":"stdout","time":210.51257674,"data":"[Game 2160] Range: 2-8 | Median/Mean: 4.0 / 3.704 | Fail: 0.694%\n"}
,{"stream_name":"stdout","time":211.754277687,"data":"[Game 2170] Range: 2-8 | Median/Mean: 4.0 / 3.709 | Fail: 0.691%\n"}
,{"stream_name":"stdout","time":212.680301087,"data":"[Game 2180] Range: 2-8 | Median/Mean: 4.0 / 3.711 | Fail: 0.688%\n"}
,{"stream_name":"stdout","time":213.630547105,"data":"[Game 2190] Range: 2-8 | Median/Mean: 4.0 / 3.712 | Fail: 0.685%\n"}
,{"stream_name":"stdout","time":214.619362495,"data":"[Game 2200] Range: 2-8 | Median/Mean: 4.0 / 3.714 | Fail: 0.682%\n"}
,{"stream_name":"stdout","time":215.568826049,"data":"[Game 2210] Range: 2-8 | Median/Mean: 4.0 / 3.714 | Fail: 0.679%\n"}
,{"stream_name":"stdout","time":216.455574469,"data":"[Game 2220] Range: 2-8 | Median/Mean: 4.0 / 3.715 | Fail: 0.676%\n"}
,{"stream_name":"stdout","time":217.311828845,"data":"[Game 2230] Range: 2-8 | Median/Mean: 4.0 / 3.716 | Fail: 0.673%\n"}
,{"stream_name":"stdout","time":218.082823341,"data":"[Game 2240] Range: 2-8 | Median/Mean: 4.0 / 3.717 | Fail: 0.670%\n"}
,{"stream_name":"stdout","time":219.060319578,"data":"[Game 2250] Range: 2-8 | Median/Mean: 4.0 / 3.719 | Fail: 0.667%\n"}
,{"stream_name":"stdout","time":220.026872978,"data":"[Game 2260] Range: 2-8 | Median/Mean: 4.0 / 3.720 | Fail: 0.708%\n"}
,{"stream_name":"stdout","time":220.952039885,"data":"[Game 2270] Range: 2-8 | Median/Mean: 4.0 / 3.722 | Fail: 0.705%\n"}
,{"stream_name":"stdout","time":221.833720187,"data":"[Game 2280] Range: 2-8 | Median/Mean: 4.0 / 3.722 | Fail: 0.702%\n"}
,{"stream_name":"stdout","time":222.952914369,"data":"[Game 2290] Range: 2-8 | Median/Mean: 4.0 / 3.724 | Fail: 0.742%\n"}
,{"stream_name":"stdout","time":223.870918252,"data":"[Game 2300] Range: 2-8 | Median/Mean: 4.0 / 3.725 | Fail: 0.783%\n"}
,{"stream_name":"stdout","time":224.910997308,"data":"[Game 2310] Range: 2-8 | Median/Mean: 4.0 / 3.727 | Fail: 0.779%\n"}
,{"stream_name":"stdout","time":225.68942277,"data":"Summary:\n"}
,{"stream_name":"stdout","time":225.703086054,"data":"Distribution across steps:\n"}
,{"stream_name":"stdout","time":225.711601609,"data":"Key Metrics:\n"}
,{"stream_name":"stderr","time":229.355903539,"data":"/opt/conda/lib/python3.7/site-packages/traitlets/traitlets.py:2567: FutureWarning: --Exporter.preprocessors=[\"remove_papermill_header.RemovePapermillHeader\"] for containers is deprecated in traitlets 5.0. You can pass `--Exporter.preprocessors item` ... multiple times to add items to a list.\n"}
,{"stream_name":"stderr","time":229.356191932,"data":"  FutureWarning,\n"}
,{"stream_name":"stderr","time":229.356332859,"data":"[NbConvertApp] Converting notebook __notebook__.ipynb to notebook\n"}
,{"stream_name":"stderr","time":229.77624403,"data":"[NbConvertApp] Writing 32477 bytes to __notebook__.ipynb\n"}
,{"stream_name":"stderr","time":232.337216613,"data":"/opt/conda/lib/python3.7/site-packages/traitlets/traitlets.py:2567: FutureWarning: --Exporter.preprocessors=[\"nbconvert.preprocessors.ExtractOutputPreprocessor\"] for containers is deprecated in traitlets 5.0. You can pass `--Exporter.preprocessors item` ... multiple times to add items to a list.\n"}
,{"stream_name":"stderr","time":232.337287168,"data":"  FutureWarning,\n"}
,{"stream_name":"stderr","time":232.33729903,"data":"[NbConvertApp] Converting notebook __notebook__.ipynb to html\n"}
,{"stream_name":"stderr","time":232.967899224,"data":"[NbConvertApp] Writing 306872 bytes to __results__.html\n"}
]