[{"stream_name":"stderr","time":15.117281366,"data":"/opt/conda/lib/python3.7/site-packages/papermill/iorw.py:50: FutureWarning: pyarrow.HadoopFileSystem is deprecated as of 2.0.0, please use pyarrow.fs.HadoopFileSystem instead.\n"}
,{"stream_name":"stderr","time":15.117533202,"data":"  from pyarrow import HadoopFileSystem\n"}
,{"stream_name":"stdout","time":16.218050671,"data":"[ ---------- LARES ----------]\n"}
,{"stream_name":"stdout","time":17.255194151,"data":"[Game 10] Range: 3-5 | Median/Mean: 4.0 / 3.900 | Fail: 0.000%\n"}
,{"stream_name":"stdout","time":18.183137637,"data":"[Game 20] Range: 3-5 | Median/Mean: 4.0 / 3.750 | Fail: 0.000%\n"}
,{"stream_name":"stdout","time":19.238956485,"data":"[Game 30] Range: 3-5 | Median/Mean: 4.0 / 3.667 | Fail: 0.000%\n"}
,{"stream_name":"stdout","time":20.133253825,"data":"[Game 40] Range: 2-6 | Median/Mean: 4.0 / 3.650 | Fail: 0.000%\n"}
,{"stream_name":"stdout","time":21.222708202,"data":"[Game 50] Range: 2-6 | Median/Mean: 4.0 / 3.680 | Fail: 0.000%\n"}
,{"stream_name":"stdout","time":22.038753173,"data":"[Game 60] Range: 2-6 | Median/Mean: 4.0 / 3.633 | Fail: 0.000%\n"}
,{"stream_name":"stdout","time":23.088813515,"data":"[Game 70] Range: 2-6 | Median/Mean: 4.0 / 3.657 | Fail: 0.000%\n"}
,{"stream_name":"stdout","time":23.75953058,"data":"[Game 80] Range: 2-6 | Median/Mean: 3.0 / 3.575 | Fail: 0.000%\n"}
,{"stream_name":"stdout","time":24.485543652,"data":"[Game 90] Range: 2-6 | Median/Mean: 3.0 / 3.533 | Fail: 0.000%\n"}
,{"stream_name":"stdout","time":25.23160242,"data":"[Game 100] Range: 2-6 | Median/Mean: 3.0 / 3.480 | Fail: 0.000%\n"}
,{"stream_name":"stdout","time":26.091010284,"data":"[Game 110] Range: 2-6 | Median/Mean: 3.0 / 3.491 | Fail: 0.000%\n"}
,{"stream_name":"stdout","time":27.320826954,"data":"[Game 120] Range: 2-7 | Median/Mean: 3.0 / 3.567 | Fail: 0.833%\n"}
,{"stream_name":"stdout","time":28.122112117,"data":"[Game 130] Range: 2-7 | Median/Mean: 3.0 / 3.538 | Fail: 0.769%\n"}
,{"stream_name":"stdout","time":29.138633105,"data":"[Game 140] Range: 2-7 | Median/Mean: 3.0 / 3.564 | Fail: 0.714%\n"}
,{"stream_name":"stdout","time":30.083639642,"data":"[Game 150] Range: 2-7 | Median/Mean: 3.0 / 3.560 | Fail: 0.667%\n"}
,{"stream_name":"stdout","time":30.936315148,"data":"[Game 160] Range: 2-7 | Median/Mean: 3.0 / 3.550 | Fail: 0.625%\n"}
,{"stream_name":"stdout","time":31.919086508,"data":"[Game 170] Range: 2-7 | Median/Mean: 3.0 / 3.559 | Fail: 0.588%\n"}
,{"stream_name":"stdout","time":32.791606585,"data":"[Game 180] Range: 2-7 | Median/Mean: 3.0 / 3.550 | Fail: 0.556%\n"}
,{"stream_name":"stdout","time":33.849967315,"data":"[Game 190] Range: 2-7 | Median/Mean: 3.0 / 3.558 | Fail: 0.526%\n"}
,{"stream_name":"stdout","time":34.673296638,"data":"[Game 200] Range: 2-7 | Median/Mean: 3.0 / 3.560 | Fail: 0.500%\n"}
,{"stream_name":"stdout","time":35.698991966,"data":"[Game 210] Range: 2-7 | Median/Mean: 3.0 / 3.576 | Fail: 0.476%\n"}
,{"stream_name":"stdout","time":36.632853017,"data":"[Game 220] Range: 2-7 | Median/Mean: 3.0 / 3.568 | Fail: 0.455%\n"}
,{"stream_name":"stdout","time":37.413541278,"data":"[Game 230] Range: 2-7 | Median/Mean: 3.0 / 3.543 | Fail: 0.435%\n"}
,{"stream_name":"stdout","time":38.364399424,"data":"[Game 240] Range: 2-7 | Median/Mean: 3.0 / 3.554 | Fail: 0.417%\n"}
,{"stream_name":"stdout","time":39.38200913,"data":"[Game 250] Range: 2-7 | Median/Mean: 3.0 / 3.568 | Fail: 0.400%\n"}
,{"stream_name":"stdout","time":40.228382583,"data":"[Game 260] Range: 2-7 | Median/Mean: 3.0 / 3.569 | Fail: 0.385%\n"}
,{"stream_name":"stdout","time":41.00823186,"data":"[Game 270] Range: 2-7 | Median/Mean: 3.0 / 3.552 | Fail: 0.370%\n"}
,{"stream_name":"stdout","time":41.731032734,"data":"[Game 280] Range: 2-7 | Median/Mean: 3.0 / 3.536 | Fail: 0.357%\n"}
,{"stream_name":"stdout","time":42.707836787,"data":"[Game 290] Range: 2-7 | Median/Mean: 3.0 / 3.545 | Fail: 0.345%\n"}
,{"stream_name":"stdout","time":43.613472343,"data":"[Game 300] Range: 2-7 | Median/Mean: 3.0 / 3.543 | Fail: 0.333%\n"}
,{"stream_name":"stdout","time":44.522318546,"data":"[Game 310] Range: 2-7 | Median/Mean: 3.0 / 3.548 | Fail: 0.323%\n"}
,{"stream_name":"stdout","time":45.503183099,"data":"[Game 320] Range: 2-7 | Median/Mean: 3.0 / 3.547 | Fail: 0.312%\n"}
,{"stream_name":"stdout","time":46.439424508,"data":"[Game 330] Range: 2-7 | Median/Mean: 3.0 / 3.542 | Fail: 0.303%\n"}
,{"stream_name":"stdout","time":47.351327526,"data":"[Game 340] Range: 2-7 | Median/Mean: 3.0 / 3.538 | Fail: 0.294%\n"}
,{"stream_name":"stdout","time":48.172280911,"data":"[Game 350] Range: 2-7 | Median/Mean: 3.0 / 3.529 | Fail: 0.286%\n"}
,{"stream_name":"stdout","time":49.145167741,"data":"[Game 360] Range: 2-7 | Median/Mean: 3.0 / 3.531 | Fail: 0.278%\n"}
,{"stream_name":"stdout","time":50.092274899,"data":"[Game 370] Range: 2-7 | Median/Mean: 3.0 / 3.535 | Fail: 0.270%\n"}
,{"stream_name":"stdout","time":50.872649867,"data":"[Game 380] Range: 2-7 | Median/Mean: 3.0 / 3.529 | Fail: 0.263%\n"}
,{"stream_name":"stdout","time":51.753200157,"data":"[Game 390] Range: 2-7 | Median/Mean: 3.0 / 3.533 | Fail: 0.256%\n"}
,{"stream_name":"stdout","time":52.762004124,"data":"[Game 400] Range: 2-7 | Median/Mean: 3.0 / 3.540 | Fail: 0.250%\n"}
,{"stream_name":"stdout","time":53.643116137,"data":"[Game 410] Range: 2-7 | Median/Mean: 3.0 / 3.539 | Fail: 0.244%\n"}
,{"stream_name":"stdout","time":54.842171273,"data":"[Game 420] Range: 2-7 | Median/Mean: 3.0 / 3.560 | Fail: 0.238%\n"}
,{"stream_name":"stdout","time":55.780390289,"data":"[Game 430] Range: 2-7 | Median/Mean: 3.0 / 3.558 | Fail: 0.233%\n"}
,{"stream_name":"stdout","time":56.689623352,"data":"[Game 440] Range: 2-7 | Median/Mean: 3.0 / 3.561 | Fail: 0.227%\n"}
,{"stream_name":"stdout","time":57.633170762,"data":"[Game 450] Range: 2-7 | Median/Mean: 3.0 / 3.564 | Fail: 0.222%\n"}
,{"stream_name":"stdout","time":58.603617001,"data":"[Game 460] Range: 2-7 | Median/Mean: 3.0 / 3.565 | Fail: 0.217%\n"}
,{"stream_name":"stdout","time":59.524631319,"data":"[Game 470] Range: 2-8 | Median/Mean: 3.0 / 3.570 | Fail: 0.426%\n"}
,{"stream_name":"stdout","time":60.472356831,"data":"[Game 480] Range: 2-8 | Median/Mean: 3.0 / 3.571 | Fail: 0.417%\n"}
,{"stream_name":"stdout","time":61.424455646,"data":"[Game 490] Range: 2-8 | Median/Mean: 3.0 / 3.578 | Fail: 0.408%\n"}
,{"stream_name":"stdout","time":62.321550438,"data":"[Game 500] Range: 2-8 | Median/Mean: 3.0 / 3.574 | Fail: 0.400%\n"}
,{"stream_name":"stdout","time":63.300309517,"data":"[Game 510] Range: 2-8 | Median/Mean: 3.0 / 3.576 | Fail: 0.392%\n"}
,{"stream_name":"stdout","time":64.29895002,"data":"[Game 520] Range: 2-8 | Median/Mean: 3.0 / 3.579 | Fail: 0.385%\n"}
,{"stream_name":"stdout","time":65.022324279,"data":"[Game 530] Range: 2-8 | Median/Mean: 3.0 / 3.572 | Fail: 0.377%\n"}
,{"stream_name":"stdout","time":65.995073413,"data":"[Game 540] Range: 2-8 | Median/Mean: 3.0 / 3.576 | Fail: 0.370%\n"}
,{"stream_name":"stdout","time":66.969707138,"data":"[Game 550] Range: 2-8 | Median/Mean: 3.0 / 3.576 | Fail: 0.364%\n"}
,{"stream_name":"stdout","time":68.041372678,"data":"[Game 560] Range: 2-8 | Median/Mean: 3.0 / 3.582 | Fail: 0.357%\n"}
,{"stream_name":"stdout","time":68.972990281,"data":"[Game 570] Range: 2-8 | Median/Mean: 3.0 / 3.582 | Fail: 0.351%\n"}
,{"stream_name":"stdout","time":69.778760669,"data":"[Game 580] Range: 2-8 | Median/Mean: 3.0 / 3.579 | Fail: 0.345%\n"}
,{"stream_name":"stdout","time":70.868634213,"data":"[Game 590] Range: 2-8 | Median/Mean: 3.5 / 3.590 | Fail: 0.339%\n"}
,{"stream_name":"stdout","time":71.71121236,"data":"[Game 600] Range: 2-8 | Median/Mean: 4.0 / 3.588 | Fail: 0.333%\n"}
,{"stream_name":"stdout","time":72.529220377,"data":"[Game 610] Range: 2-8 | Median/Mean: 4.0 / 3.585 | Fail: 0.328%\n"}
,{"stream_name":"stdout","time":73.31703641,"data":"[Game 620] Range: 2-8 | Median/Mean: 4.0 / 3.582 | Fail: 0.323%\n"}
,{"stream_name":"stdout","time":74.236984325,"data":"[Game 630] Range: 2-8 | Median/Mean: 4.0 / 3.581 | Fail: 0.317%\n"}
,{"stream_name":"stdout","time":75.178213171,"data":"[Game 640] Range: 2-8 | Median/Mean: 4.0 / 3.586 | Fail: 0.312%\n"}
,{"stream_name":"stdout","time":76.199214038,"data":"[Game 650] Range: 2-8 | Median/Mean: 4.0 / 3.589 | Fail: 0.308%\n"}
,{"stream_name":"stdout","time":77.238616078,"data":"[Game 660] Range: 2-8 | Median/Mean: 4.0 / 3.594 | Fail: 0.303%\n"}
,{"stream_name":"stdout","time":78.007511279,"data":"[Game 670] Range: 2-8 | Median/Mean: 4.0 / 3.591 | Fail: 0.299%\n"}
,{"stream_name":"stdout","time":78.8559677,"data":"[Game 680] Range: 2-8 | Median/Mean: 4.0 / 3.588 | Fail: 0.294%\n"}
,{"stream_name":"stdout","time":79.723479499,"data":"[Game 690] Range: 2-8 | Median/Mean: 4.0 / 3.587 | Fail: 0.290%\n"}
,{"stream_name":"stdout","time":80.636641957,"data":"[Game 700] Range: 2-8 | Median/Mean: 4.0 / 3.589 | Fail: 0.286%\n"}
,{"stream_name":"stdout","time":81.710474687,"data":"[Game 710] Range: 2-8 | Median/Mean: 4.0 / 3.594 | Fail: 0.282%\n"}
,{"stream_name":"stdout","time":82.584272057,"data":"[Game 720] Range: 2-8 | Median/Mean: 4.0 / 3.596 | Fail: 0.278%\n"}
,{"stream_name":"stdout","time":83.405091742,"data":"[Game 730] Range: 2-8 | Median/Mean: 4.0 / 3.593 | Fail: 0.274%\n"}
,{"stream_name":"stdout","time":84.351221561,"data":"[Game 740] Range: 2-8 | Median/Mean: 4.0 / 3.596 | Fail: 0.270%\n"}
,{"stream_name":"stdout","time":85.361890806,"data":"[Game 750] Range: 2-8 | Median/Mean: 4.0 / 3.600 | Fail: 0.267%\n"}
,{"stream_name":"stdout","time":86.244805884,"data":"[Game 760] Range: 2-8 | Median/Mean: 4.0 / 3.597 | Fail: 0.263%\n"}
,{"stream_name":"stdout","time":87.33839581,"data":"[Game 770] Range: 2-8 | Median/Mean: 4.0 / 3.603 | Fail: 0.260%\n"}
,{"stream_name":"stdout","time":88.320053985,"data":"[Game 780] Range: 2-8 | Median/Mean: 4.0 / 3.605 | Fail: 0.256%\n"}
,{"stream_name":"stdout","time":89.278947143,"data":"[Game 790] Range: 2-8 | Median/Mean: 4.0 / 3.605 | Fail: 0.253%\n"}
,{"stream_name":"stdout","time":90.0755306,"data":"[Game 800] Range: 2-8 | Median/Mean: 4.0 / 3.603 | Fail: 0.250%\n"}
,{"stream_name":"stdout","time":90.857472227,"data":"[Game 810] Range: 2-8 | Median/Mean: 4.0 / 3.600 | Fail: 0.247%\n"}
,{"stream_name":"stdout","time":91.846690679,"data":"[Game 820] Range: 2-8 | Median/Mean: 4.0 / 3.602 | Fail: 0.244%\n"}
,{"stream_name":"stdout","time":92.837282669,"data":"[Game 830] Range: 2-8 | Median/Mean: 4.0 / 3.605 | Fail: 0.241%\n"}
,{"stream_name":"stdout","time":93.627765447,"data":"[Game 840] Range: 2-8 | Median/Mean: 4.0 / 3.602 | Fail: 0.238%\n"}
,{"stream_name":"stdout","time":94.541048765,"data":"[Game 850] Range: 2-8 | Median/Mean: 4.0 / 3.605 | Fail: 0.235%\n"}
,{"stream_name":"stdout","time":95.453077819,"data":"[Game 860] Range: 2-8 | Median/Mean: 4.0 / 3.608 | Fail: 0.233%\n"}
,{"stream_name":"stdout","time":96.563643392,"data":"[Game 870] Range: 2-8 | Median/Mean: 4.0 / 3.615 | Fail: 0.345%\n"}
,{"stream_name":"stdout","time":97.525756839,"data":"[Game 880] Range: 2-8 | Median/Mean: 4.0 / 3.615 | Fail: 0.341%\n"}
,{"stream_name":"stdout","time":98.490008093,"data":"[Game 890] Range: 2-8 | Median/Mean: 4.0 / 3.617 | Fail: 0.449%\n"}
,{"stream_name":"stdout","time":99.445148969,"data":"[Game 900] Range: 2-8 | Median/Mean: 4.0 / 3.617 | Fail: 0.444%\n"}
,{"stream_name":"stdout","time":100.279294827,"data":"[Game 910] Range: 2-8 | Median/Mean: 4.0 / 3.616 | Fail: 0.440%\n"}
,{"stream_name":"stdout","time":101.220304053,"data":"[Game 920] Range: 2-8 | Median/Mean: 4.0 / 3.617 | Fail: 0.435%\n"}
,{"stream_name":"stdout","time":102.164595421,"data":"[Game 930] Range: 2-8 | Median/Mean: 4.0 / 3.617 | Fail: 0.430%\n"}
,{"stream_name":"stdout","time":103.104103867,"data":"[Game 940] Range: 2-8 | Median/Mean: 4.0 / 3.619 | Fail: 0.426%\n"}
,{"stream_name":"stdout","time":104.054039547,"data":"[Game 950] Range: 2-8 | Median/Mean: 4.0 / 3.622 | Fail: 0.421%\n"}
,{"stream_name":"stdout","time":105.064692903,"data":"[Game 960] Range: 2-8 | Median/Mean: 4.0 / 3.628 | Fail: 0.417%\n"}
,{"stream_name":"stdout","time":105.93183363200001,"data":"[Game 970] Range: 2-8 | Median/Mean: 4.0 / 3.628 | Fail: 0.412%\n"}
,{"stream_name":"stdout","time":106.783524136,"data":"[Game 980] Range: 2-8 | Median/Mean: 4.0 / 3.626 | Fail: 0.408%\n"}
,{"stream_name":"stdout","time":107.809771218,"data":"[Game 990] Range: 2-8 | Median/Mean: 4.0 / 3.629 | Fail: 0.404%\n"}
,{"stream_name":"stdout","time":108.833195041,"data":"[Game 1000] Range: 2-8 | Median/Mean: 4.0 / 3.632 | Fail: 0.400%\n"}
,{"stream_name":"stdout","time":109.91773421,"data":"[Game 1010] Range: 2-8 | Median/Mean: 4.0 / 3.636 | Fail: 0.396%\n"}
,{"stream_name":"stdout","time":110.754730138,"data":"[Game 1020] Range: 2-8 | Median/Mean: 4.0 / 3.636 | Fail: 0.392%\n"}
,{"stream_name":"stdout","time":111.761787915,"data":"[Game 1030] Range: 2-8 | Median/Mean: 4.0 / 3.637 | Fail: 0.388%\n"}
,{"stream_name":"stdout","time":112.690015702,"data":"[Game 1040] Range: 2-8 | Median/Mean: 4.0 / 3.637 | Fail: 0.385%\n"}
,{"stream_name":"stdout","time":113.684679011,"data":"[Game 1050] Range: 2-8 | Median/Mean: 4.0 / 3.637 | Fail: 0.381%\n"}
,{"stream_name":"stdout","time":114.844066174,"data":"[Game 1060] Range: 2-8 | Median/Mean: 4.0 / 3.642 | Fail: 0.377%\n"}
,{"stream_name":"stdout","time":115.642572166,"data":"[Game 1070] Range: 2-8 | Median/Mean: 4.0 / 3.643 | Fail: 0.374%\n"}
,{"stream_name":"stdout","time":116.666061695,"data":"[Game 1080] Range: 2-8 | Median/Mean: 4.0 / 3.646 | Fail: 0.370%\n"}
,{"stream_name":"stdout","time":117.910210911,"data":"[Game 1090] Range: 2-8 | Median/Mean: 4.0 / 3.652 | Fail: 0.367%\n"}
,{"stream_name":"stdout","time":118.762827786,"data":"[Game 1100] Range: 2-8 | Median/Mean: 4.0 / 3.652 | Fail: 0.364%\n"}
,{"stream_name":"stdout","time":119.668299615,"data":"[Game 1110] Range: 2-8 | Median/Mean: 4.0 / 3.652 | Fail: 0.360%\n"}
,{"stream_name":"stdout","time":120.525158325,"data":"[Game 1120] Range: 2-8 | Median/Mean: 4.0 / 3.650 | Fail: 0.357%\n"}
,{"stream_name":"stdout","time":121.361627401,"data":"[Game 1130] Range: 2-8 | Median/Mean: 4.0 / 3.649 | Fail: 0.354%\n"}
,{"stream_name":"stdout","time":122.299153568,"data":"[Game 1140] Range: 2-8 | Median/Mean: 4.0 / 3.650 | Fail: 0.351%\n"}
,{"stream_name":"stdout","time":123.249346179,"data":"[Game 1150] Range: 2-8 | Median/Mean: 4.0 / 3.651 | Fail: 0.348%\n"}
,{"stream_name":"stdout","time":124.124542189,"data":"[Game 1160] Range: 2-8 | Median/Mean: 4.0 / 3.650 | Fail: 0.345%\n"}
,{"stream_name":"stdout","time":125.003656944,"data":"[Game 1170] Range: 2-8 | Median/Mean: 4.0 / 3.649 | Fail: 0.342%\n"}
,{"stream_name":"stdout","time":126.067818024,"data":"[Game 1180] Range: 2-8 | Median/Mean: 4.0 / 3.652 | Fail: 0.339%\n"}
,{"stream_name":"stdout","time":127.159143728,"data":"[Game 1190] Range: 2-8 | Median/Mean: 4.0 / 3.655 | Fail: 0.336%\n"}
,{"stream_name":"stdout","time":128.118131513,"data":"[Game 1200] Range: 2-8 | Median/Mean: 4.0 / 3.655 | Fail: 0.333%\n"}
,{"stream_name":"stdout","time":128.99514234,"data":"[Game 1210] Range: 2-8 | Median/Mean: 4.0 / 3.657 | Fail: 0.331%\n"}
,{"stream_name":"stdout","time":129.990798213,"data":"[Game 1220] Range: 2-8 | Median/Mean: 4.0 / 3.660 | Fail: 0.328%\n"}
,{"stream_name":"stdout","time":131.273997266,"data":"[Game 1230] Range: 2-8 | Median/Mean: 4.0 / 3.667 | Fail: 0.407%\n"}
,{"stream_name":"stdout","time":132.057634555,"data":"[Game 1240] Range: 2-8 | Median/Mean: 4.0 / 3.665 | Fail: 0.403%\n"}
,{"stream_name":"stdout","time":132.991968929,"data":"[Game 1250] Range: 2-8 | Median/Mean: 4.0 / 3.665 | Fail: 0.400%\n"}
,{"stream_name":"stdout","time":133.925921725,"data":"[Game 1260] Range: 2-8 | Median/Mean: 4.0 / 3.667 | Fail: 0.397%\n"}
,{"stream_name":"stdout","time":134.85787298,"data":"[Game 1270] Range: 2-8 | Median/Mean: 4.0 / 3.666 | Fail: 0.394%\n"}
,{"stream_name":"stdout","time":135.697784862,"data":"[Game 1280] Range: 2-8 | Median/Mean: 4.0 / 3.664 | Fail: 0.391%\n"}
,{"stream_name":"stdout","time":136.552634382,"data":"[Game 1290] Range: 2-8 | Median/Mean: 4.0 / 3.664 | Fail: 0.388%\n"}
,{"stream_name":"stdout","time":137.391783939,"data":"[Game 1300] Range: 2-8 | Median/Mean: 4.0 / 3.663 | Fail: 0.385%\n"}
,{"stream_name":"stdout","time":138.302954395,"data":"[Game 1310] Range: 2-8 | Median/Mean: 4.0 / 3.663 | Fail: 0.382%\n"}
,{"stream_name":"stdout","time":139.137606721,"data":"[Game 1320] Range: 2-8 | Median/Mean: 4.0 / 3.661 | Fail: 0.379%\n"}
,{"stream_name":"stdout","time":140.123508915,"data":"[Game 1330] Range: 2-8 | Median/Mean: 4.0 / 3.663 | Fail: 0.376%\n"}
,{"stream_name":"stdout","time":141.06742452,"data":"[Game 1340] Range: 2-8 | Median/Mean: 4.0 / 3.663 | Fail: 0.373%\n"}
,{"stream_name":"stdout","time":141.945198658,"data":"[Game 1350] Range: 2-8 | Median/Mean: 4.0 / 3.663 | Fail: 0.370%\n"}
,{"stream_name":"stdout","time":143.058864191,"data":"[Game 1360] Range: 2-8 | Median/Mean: 4.0 / 3.666 | Fail: 0.368%\n"}
,{"stream_name":"stdout","time":144.1108576,"data":"[Game 1370] Range: 2-8 | Median/Mean: 4.0 / 3.669 | Fail: 0.365%\n"}
,{"stream_name":"stdout","time":145.155429296,"data":"[Game 1380] Range: 2-8 | Median/Mean: 4.0 / 3.672 | Fail: 0.362%\n"}
,{"stream_name":"stdout","time":146.117330111,"data":"[Game 1390] Range: 2-8 | Median/Mean: 4.0 / 3.672 | Fail: 0.360%\n"}
,{"stream_name":"stdout","time":147.075332728,"data":"[Game 1400] Range: 2-8 | Median/Mean: 4.0 / 3.674 | Fail: 0.357%\n"}
,{"stream_name":"stdout","time":147.955035015,"data":"[Game 1410] Range: 2-8 | Median/Mean: 4.0 / 3.674 | Fail: 0.355%\n"}
,{"stream_name":"stdout","time":148.772360798,"data":"[Game 1420] Range: 2-8 | Median/Mean: 4.0 / 3.673 | Fail: 0.352%\n"}
,{"stream_name":"stdout","time":149.676416431,"data":"[Game 1430] Range: 2-8 | Median/Mean: 4.0 / 3.673 | Fail: 0.350%\n"}
,{"stream_name":"stdout","time":150.590455728,"data":"[Game 1440] Range: 2-8 | Median/Mean: 4.0 / 3.674 | Fail: 0.347%\n"}
,{"stream_name":"stdout","time":151.843244789,"data":"[Game 1450] Range: 2-8 | Median/Mean: 4.0 / 3.680 | Fail: 0.345%\n"}
,{"stream_name":"stdout","time":152.850902633,"data":"[Game 1460] Range: 2-8 | Median/Mean: 4.0 / 3.683 | Fail: 0.342%\n"}
,{"stream_name":"stdout","time":153.758186728,"data":"[Game 1470] Range: 2-8 | Median/Mean: 4.0 / 3.682 | Fail: 0.340%\n"}
,{"stream_name":"stdout","time":154.800637028,"data":"[Game 1480] Range: 2-8 | Median/Mean: 4.0 / 3.686 | Fail: 0.338%\n"}
,{"stream_name":"stdout","time":155.792696849,"data":"[Game 1490] Range: 2-8 | Median/Mean: 4.0 / 3.689 | Fail: 0.336%\n"}
,{"stream_name":"stdout","time":156.880955869,"data":"[Game 1500] Range: 2-8 | Median/Mean: 4.0 / 3.690 | Fail: 0.333%\n"}
,{"stream_name":"stdout","time":157.754941129,"data":"[Game 1510] Range: 2-8 | Median/Mean: 4.0 / 3.689 | Fail: 0.331%\n"}
,{"stream_name":"stdout","time":158.692820577,"data":"[Game 1520] Range: 2-8 | Median/Mean: 4.0 / 3.690 | Fail: 0.329%\n"}
,{"stream_name":"stdout","time":159.758377753,"data":"[Game 1530] Range: 2-8 | Median/Mean: 4.0 / 3.693 | Fail: 0.327%\n"}
,{"stream_name":"stdout","time":160.816448824,"data":"[Game 1540] Range: 2-8 | Median/Mean: 4.0 / 3.695 | Fail: 0.325%\n"}
,{"stream_name":"stdout","time":161.646519003,"data":"[Game 1550] Range: 2-8 | Median/Mean: 4.0 / 3.695 | Fail: 0.323%\n"}
,{"stream_name":"stdout","time":162.693942296,"data":"[Game 1560] Range: 2-8 | Median/Mean: 4.0 / 3.697 | Fail: 0.385%\n"}
,{"stream_name":"stdout","time":163.608805005,"data":"[Game 1570] Range: 2-8 | Median/Mean: 4.0 / 3.697 | Fail: 0.382%\n"}
,{"stream_name":"stdout","time":164.651347092,"data":"[Game 1580] Range: 2-8 | Median/Mean: 4.0 / 3.699 | Fail: 0.380%\n"}
,{"stream_name":"stdout","time":165.451523434,"data":"[Game 1590] Range: 2-8 | Median/Mean: 4.0 / 3.696 | Fail: 0.377%\n"}
,{"stream_name":"stdout","time":166.257317334,"data":"[Game 1600] Range: 2-8 | Median/Mean: 4.0 / 3.695 | Fail: 0.375%\n"}
,{"stream_name":"stdout","time":167.21423862,"data":"[Game 1610] Range: 2-8 | Median/Mean: 4.0 / 3.696 | Fail: 0.373%\n"}
,{"stream_name":"stdout","time":168.254897276,"data":"[Game 1620] Range: 2-8 | Median/Mean: 4.0 / 3.698 | Fail: 0.370%\n"}
,{"stream_name":"stdout","time":169.213690658,"data":"[Game 1630] Range: 2-8 | Median/Mean: 4.0 / 3.699 | Fail: 0.368%\n"}
,{"stream_name":"stdout","time":170.109788109,"data":"[Game 1640] Range: 2-8 | Median/Mean: 4.0 / 3.701 | Fail: 0.366%\n"}
,{"stream_name":"stdout","time":170.938513476,"data":"[Game 1650] Range: 2-8 | Median/Mean: 4.0 / 3.701 | Fail: 0.364%\n"}
,{"stream_name":"stdout","time":171.857853008,"data":"[Game 1660] Range: 2-8 | Median/Mean: 4.0 / 3.701 | Fail: 0.361%\n"}
,{"stream_name":"stdout","time":172.725067607,"data":"[Game 1670] Range: 2-8 | Median/Mean: 4.0 / 3.701 | Fail: 0.359%\n"}
,{"stream_name":"stdout","time":173.836550765,"data":"[Game 1680] Range: 2-8 | Median/Mean: 4.0 / 3.705 | Fail: 0.357%\n"}
,{"stream_name":"stdout","time":174.810969133,"data":"[Game 1690] Range: 2-8 | Median/Mean: 4.0 / 3.707 | Fail: 0.355%\n"}
,{"stream_name":"stdout","time":175.635545892,"data":"[Game 1700] Range: 2-8 | Median/Mean: 4.0 / 3.707 | Fail: 0.353%\n"}
,{"stream_name":"stdout","time":176.682415597,"data":"[Game 1710] Range: 2-8 | Median/Mean: 4.0 / 3.711 | Fail: 0.409%\n"}
,{"stream_name":"stdout","time":177.650263577,"data":"[Game 1720] Range: 2-8 | Median/Mean: 4.0 / 3.712 | Fail: 0.465%\n"}
,{"stream_name":"stdout","time":178.715010337,"data":"[Game 1730] Range: 2-8 | Median/Mean: 4.0 / 3.716 | Fail: 0.462%\n"}
,{"stream_name":"stdout","time":179.719065415,"data":"[Game 1740] Range: 2-8 | Median/Mean: 4.0 / 3.717 | Fail: 0.460%\n"}
,{"stream_name":"stdout","time":180.617439705,"data":"[Game 1750] Range: 2-8 | Median/Mean: 4.0 / 3.717 | Fail: 0.457%\n"}
,{"stream_name":"stdout","time":181.481790853,"data":"[Game 1760] Range: 2-8 | Median/Mean: 4.0 / 3.716 | Fail: 0.455%\n"}
,{"stream_name":"stdout","time":182.624418665,"data":"[Game 1770] Range: 2-8 | Median/Mean: 4.0 / 3.718 | Fail: 0.452%\n"}
,{"stream_name":"stdout","time":183.722717942,"data":"[Game 1780] Range: 2-8 | Median/Mean: 4.0 / 3.721 | Fail: 0.449%\n"}
,{"stream_name":"stdout","time":184.845004798,"data":"[Game 1790] Range: 2-8 | Median/Mean: 4.0 / 3.725 | Fail: 0.447%\n"}
,{"stream_name":"stdout","time":185.752360773,"data":"[Game 1800] Range: 2-8 | Median/Mean: 4.0 / 3.725 | Fail: 0.444%\n"}
,{"stream_name":"stdout","time":186.929883113,"data":"[Game 1810] Range: 2-8 | Median/Mean: 4.0 / 3.728 | Fail: 0.442%\n"}
,{"stream_name":"stdout","time":187.765425059,"data":"[Game 1820] Range: 2-8 | Median/Mean: 4.0 / 3.727 | Fail: 0.440%\n"}
,{"stream_name":"stdout","time":188.963085591,"data":"[Game 1830] Range: 2-8 | Median/Mean: 4.0 / 3.732 | Fail: 0.437%\n"}
,{"stream_name":"stdout","time":189.796618952,"data":"[Game 1840] Range: 2-8 | Median/Mean: 4.0 / 3.730 | Fail: 0.435%\n"}
,{"stream_name":"stdout","time":190.730109602,"data":"[Game 1850] Range: 2-8 | Median/Mean: 4.0 / 3.731 | Fail: 0.432%\n"}
,{"stream_name":"stdout","time":191.579433865,"data":"[Game 1860] Range: 2-8 | Median/Mean: 4.0 / 3.730 | Fail: 0.430%\n"}
,{"stream_name":"stdout","time":192.477835831,"data":"[Game 1870] Range: 2-8 | Median/Mean: 4.0 / 3.731 | Fail: 0.428%\n"}
,{"stream_name":"stdout","time":193.513167051,"data":"[Game 1880] Range: 2-8 | Median/Mean: 4.0 / 3.735 | Fail: 0.426%\n"}
,{"stream_name":"stdout","time":194.572168754,"data":"[Game 1890] Range: 2-8 | Median/Mean: 4.0 / 3.738 | Fail: 0.476%\n"}
,{"stream_name":"stdout","time":195.70515323,"data":"[Game 1900] Range: 2-8 | Median/Mean: 4.0 / 3.740 | Fail: 0.474%\n"}
,{"stream_name":"stdout","time":196.629422789,"data":"[Game 1910] Range: 2-8 | Median/Mean: 4.0 / 3.740 | Fail: 0.471%\n"}
,{"stream_name":"stdout","time":197.504186108,"data":"[Game 1920] Range: 2-8 | Median/Mean: 4.0 / 3.740 | Fail: 0.469%\n"}
,{"stream_name":"stdout","time":198.373226039,"data":"[Game 1930] Range: 2-8 | Median/Mean: 4.0 / 3.741 | Fail: 0.466%\n"}
,{"stream_name":"stdout","time":199.429066776,"data":"[Game 1940] Range: 2-8 | Median/Mean: 4.0 / 3.742 | Fail: 0.464%\n"}
,{"stream_name":"stdout","time":200.324010089,"data":"[Game 1950] Range: 2-8 | Median/Mean: 4.0 / 3.744 | Fail: 0.462%\n"}
,{"stream_name":"stdout","time":201.488078588,"data":"[Game 1960] Range: 2-8 | Median/Mean: 4.0 / 3.748 | Fail: 0.459%\n"}
,{"stream_name":"stdout","time":202.338670093,"data":"[Game 1970] Range: 2-8 | Median/Mean: 4.0 / 3.748 | Fail: 0.457%\n"}
,{"stream_name":"stdout","time":203.308702659,"data":"[Game 1980] Range: 2-8 | Median/Mean: 4.0 / 3.750 | Fail: 0.455%\n"}
,{"stream_name":"stdout","time":204.13532561,"data":"[Game 1990] Range: 2-8 | Median/Mean: 4.0 / 3.750 | Fail: 0.452%\n"}
,{"stream_name":"stdout","time":205.409294815,"data":"[Game 2000] Range: 2-8 | Median/Mean: 4.0 / 3.755 | Fail: 0.500%\n"}
,{"stream_name":"stdout","time":206.397117662,"data":"[Game 2010] Range: 2-8 | Median/Mean: 4.0 / 3.757 | Fail: 0.498%\n"}
,{"stream_name":"stdout","time":207.529831773,"data":"[Game 2020] Range: 2-8 | Median/Mean: 4.0 / 3.760 | Fail: 0.495%\n"}
,{"stream_name":"stdout","time":208.585696906,"data":"[Game 2030] Range: 2-8 | Median/Mean: 4.0 / 3.763 | Fail: 0.493%\n"}
,{"stream_name":"stdout","time":209.329190454,"data":"[Game 2040] Range: 2-8 | Median/Mean: 4.0 / 3.762 | Fail: 0.490%\n"}
,{"stream_name":"stdout","time":210.371893327,"data":"[Game 2050] Range: 2-8 | Median/Mean: 4.0 / 3.765 | Fail: 0.537%\n"}
,{"stream_name":"stdout","time":211.226814295,"data":"[Game 2060] Range: 2-8 | Median/Mean: 4.0 / 3.764 | Fail: 0.534%\n"}
,{"stream_name":"stdout","time":212.432050451,"data":"[Game 2070] Range: 2-8 | Median/Mean: 4.0 / 3.768 | Fail: 0.580%\n"}
,{"stream_name":"stdout","time":213.576393237,"data":"[Game 2080] Range: 2-8 | Median/Mean: 4.0 / 3.771 | Fail: 0.625%\n"}
,{"stream_name":"stdout","time":214.504199067,"data":"[Game 2090] Range: 2-8 | Median/Mean: 4.0 / 3.771 | Fail: 0.622%\n"}
,{"stream_name":"stdout","time":215.61489528,"data":"[Game 2100] Range: 2-8 | Median/Mean: 4.0 / 3.773 | Fail: 0.667%\n"}
,{"stream_name":"stdout","time":216.574969417,"data":"[Game 2110] Range: 2-8 | Median/Mean: 4.0 / 3.774 | Fail: 0.664%\n"}
,{"stream_name":"stdout","time":217.57078638,"data":"[Game 2120] Range: 2-8 | Median/Mean: 4.0 / 3.775 | Fail: 0.660%\n"}
,{"stream_name":"stdout","time":218.656797147,"data":"[Game 2130] Range: 2-8 | Median/Mean: 4.0 / 3.778 | Fail: 0.657%\n"}
,{"stream_name":"stdout","time":219.778098953,"data":"[Game 2140] Range: 2-8 | Median/Mean: 4.0 / 3.781 | Fail: 0.701%\n"}
,{"stream_name":"stdout","time":220.574686198,"data":"[Game 2150] Range: 2-8 | Median/Mean: 4.0 / 3.780 | Fail: 0.698%\n"}
,{"stream_name":"stdout","time":221.649447231,"data":"[Game 2160] Range: 2-8 | Median/Mean: 4.0 / 3.782 | Fail: 0.694%\n"}
,{"stream_name":"stdout","time":222.88830164,"data":"[Game 2170] Range: 2-8 | Median/Mean: 4.0 / 3.786 | Fail: 0.737%\n"}
,{"stream_name":"stdout","time":223.999028745,"data":"[Game 2180] Range: 2-8 | Median/Mean: 4.0 / 3.789 | Fail: 0.780%\n"}
,{"stream_name":"stdout","time":225.028557293,"data":"[Game 2190] Range: 2-8 | Median/Mean: 4.0 / 3.790 | Fail: 0.776%\n"}
,{"stream_name":"stdout","time":226.249746372,"data":"[Game 2200] Range: 2-8 | Median/Mean: 4.0 / 3.795 | Fail: 0.773%\n"}
,{"stream_name":"stdout","time":227.161613943,"data":"[Game 2210] Range: 2-8 | Median/Mean: 4.0 / 3.794 | Fail: 0.769%\n"}
,{"stream_name":"stdout","time":228.189400956,"data":"[Game 2220] Range: 2-8 | Median/Mean: 4.0 / 3.796 | Fail: 0.766%\n"}
,{"stream_name":"stdout","time":229.141410655,"data":"[Game 2230] Range: 2-8 | Median/Mean: 4.0 / 3.796 | Fail: 0.807%\n"}
,{"stream_name":"stdout","time":230.166915368,"data":"[Game 2240] Range: 2-8 | Median/Mean: 4.0 / 3.798 | Fail: 0.804%\n"}
,{"stream_name":"stdout","time":231.242655292,"data":"[Game 2250] Range: 2-8 | Median/Mean: 4.0 / 3.800 | Fail: 0.800%\n"}
,{"stream_name":"stdout","time":232.113972775,"data":"[Game 2260] Range: 2-8 | Median/Mean: 4.0 / 3.800 | Fail: 0.796%\n"}
,{"stream_name":"stdout","time":232.917194665,"data":"[Game 2270] Range: 2-8 | Median/Mean: 4.0 / 3.798 | Fail: 0.793%\n"}
,{"stream_name":"stdout","time":233.929165485,"data":"[Game 2280] Range: 2-8 | Median/Mean: 4.0 / 3.800 | Fail: 0.833%\n"}
,{"stream_name":"stdout","time":235.039244956,"data":"[Game 2290] Range: 2-8 | Median/Mean: 4.0 / 3.802 | Fail: 0.917%\n"}
,{"stream_name":"stdout","time":236.096182175,"data":"[Game 2300] Range: 2-8 | Median/Mean: 4.0 / 3.805 | Fail: 0.913%\n"}
,{"stream_name":"stdout","time":237.131624163,"data":"[Game 2310] Range: 2-8 | Median/Mean: 4.0 / 3.807 | Fail: 0.952%\n"}
,{"stream_name":"stdout","time":237.906233323,"data":"Summary:\n"}
,{"stream_name":"stdout","time":237.9212514,"data":"Distribution across steps:\n"}
,{"stream_name":"stdout","time":237.929834108,"data":"Key Metrics:\n"}
,{"stream_name":"stderr","time":241.915706428,"data":"/opt/conda/lib/python3.7/site-packages/traitlets/traitlets.py:2567: FutureWarning: --Exporter.preprocessors=[\"remove_papermill_header.RemovePapermillHeader\"] for containers is deprecated in traitlets 5.0. You can pass `--Exporter.preprocessors item` ... multiple times to add items to a list.\n"}
,{"stream_name":"stderr","time":241.915762753,"data":"  FutureWarning,\n"}
,{"stream_name":"stderr","time":241.915771901,"data":"[NbConvertApp] Converting notebook __notebook__.ipynb to notebook\n"}
,{"stream_name":"stderr","time":242.344568086,"data":"[NbConvertApp] Writing 32477 bytes to __notebook__.ipynb\n"}
,{"stream_name":"stderr","time":245.063729651,"data":"/opt/conda/lib/python3.7/site-packages/traitlets/traitlets.py:2567: FutureWarning: --Exporter.preprocessors=[\"nbconvert.preprocessors.ExtractOutputPreprocessor\"] for containers is deprecated in traitlets 5.0. You can pass `--Exporter.preprocessors item` ... multiple times to add items to a list.\n"}
,{"stream_name":"stderr","time":245.063795745,"data":"  FutureWarning,\n"}
,{"stream_name":"stderr","time":245.063802802,"data":"[NbConvertApp] Converting notebook __notebook__.ipynb to html\n"}
,{"stream_name":"stderr","time":245.787240005,"data":"[NbConvertApp] Writing 306873 bytes to __results__.html\n"}
]