[{"stream_name":"stderr","time":12.525262906,"data":"/opt/conda/lib/python3.7/site-packages/papermill/iorw.py:50: FutureWarning: pyarrow.HadoopFileSystem is deprecated as of 2.0.0, please use pyarrow.fs.HadoopFileSystem instead.\n"}
,{"stream_name":"stderr","time":12.525374393,"data":"  from pyarrow import HadoopFileSystem\n"}
,{"stream_name":"stdout","time":13.509887973,"data":"[ ---------- NARES ----------]\n"}
,{"stream_name":"stdout","time":14.456182697,"data":"[Game 10] Range: 2-6 | Median/Mean: 3.5 / 3.700 | Fail: 0.000%\n"}
,{"stream_name":"stdout","time":15.307860231,"data":"[Game 20] Range: 2-6 | Median/Mean: 3.0 / 3.550 | Fail: 0.000%\n"}
,{"stream_name":"stdout","time":16.135361373,"data":"[Game 30] Range: 2-6 | Median/Mean: 3.0 / 3.533 | Fail: 0.000%\n"}
,{"stream_name":"stdout","time":17.208783421,"data":"[Game 40] Range: 2-6 | Median/Mean: 3.0 / 3.600 | Fail: 0.000%\n"}
,{"stream_name":"stdout","time":18.262721391,"data":"[Game 50] Range: 2-6 | Median/Mean: 4.0 / 3.620 | Fail: 0.000%\n"}
,{"stream_name":"stdout","time":19.236912509,"data":"[Game 60] Range: 2-6 | Median/Mean: 4.0 / 3.667 | Fail: 0.000%\n"}
,{"stream_name":"stdout","time":20.079304679,"data":"[Game 70] Range: 2-6 | Median/Mean: 4.0 / 3.671 | Fail: 0.000%\n"}
,{"stream_name":"stdout","time":20.899170901,"data":"[Game 80] Range: 2-6 | Median/Mean: 3.5 / 3.638 | Fail: 0.000%\n"}
,{"stream_name":"stdout","time":21.759065164,"data":"[Game 90] Range: 2-6 | Median/Mean: 3.5 / 3.656 | Fail: 0.000%\n"}
,{"stream_name":"stdout","time":22.579338264,"data":"[Game 100] Range: 2-6 | Median/Mean: 3.0 / 3.620 | Fail: 0.000%\n"}
,{"stream_name":"stdout","time":23.459568312,"data":"[Game 110] Range: 2-6 | Median/Mean: 3.0 / 3.618 | Fail: 0.000%\n"}
,{"stream_name":"stdout","time":24.581241974,"data":"[Game 120] Range: 2-7 | Median/Mean: 3.0 / 3.642 | Fail: 0.833%\n"}
,{"stream_name":"stdout","time":25.447201642,"data":"[Game 130] Range: 2-7 | Median/Mean: 3.0 / 3.615 | Fail: 0.769%\n"}
,{"stream_name":"stdout","time":26.480271898,"data":"[Game 140] Range: 2-7 | Median/Mean: 3.5 / 3.643 | Fail: 0.714%\n"}
,{"stream_name":"stdout","time":27.416162984,"data":"[Game 150] Range: 2-7 | Median/Mean: 4.0 / 3.633 | Fail: 0.667%\n"}
,{"stream_name":"stdout","time":28.141389649,"data":"[Game 160] Range: 2-7 | Median/Mean: 3.5 / 3.612 | Fail: 0.625%\n"}
,{"stream_name":"stdout","time":29.052420778,"data":"[Game 170] Range: 2-7 | Median/Mean: 3.0 / 3.606 | Fail: 0.588%\n"}
,{"stream_name":"stdout","time":29.9072646,"data":"[Game 180] Range: 2-7 | Median/Mean: 3.0 / 3.600 | Fail: 0.556%\n"}
,{"stream_name":"stdout","time":31.033189337,"data":"[Game 190] Range: 2-7 | Median/Mean: 4.0 / 3.616 | Fail: 0.526%\n"}
,{"stream_name":"stdout","time":31.87686337,"data":"[Game 200] Range: 2-7 | Median/Mean: 4.0 / 3.610 | Fail: 0.500%\n"}
,{"stream_name":"stdout","time":32.759737761,"data":"[Game 210] Range: 2-7 | Median/Mean: 4.0 / 3.614 | Fail: 0.476%\n"}
,{"stream_name":"stdout","time":33.63864885,"data":"[Game 220] Range: 2-7 | Median/Mean: 4.0 / 3.609 | Fail: 0.455%\n"}
,{"stream_name":"stdout","time":34.402565392,"data":"[Game 230] Range: 2-7 | Median/Mean: 3.5 / 3.591 | Fail: 0.435%\n"}
,{"stream_name":"stdout","time":35.37878653,"data":"[Game 240] Range: 2-7 | Median/Mean: 3.0 / 3.592 | Fail: 0.417%\n"}
,{"stream_name":"stdout","time":36.342410801,"data":"[Game 250] Range: 2-7 | Median/Mean: 3.0 / 3.588 | Fail: 0.400%\n"}
,{"stream_name":"stdout","time":37.221234013,"data":"[Game 260] Range: 2-7 | Median/Mean: 3.0 / 3.585 | Fail: 0.385%\n"}
,{"stream_name":"stdout","time":38.029171294,"data":"[Game 270] Range: 2-7 | Median/Mean: 3.0 / 3.581 | Fail: 0.370%\n"}
,{"stream_name":"stdout","time":38.851864449,"data":"[Game 280] Range: 2-7 | Median/Mean: 3.0 / 3.575 | Fail: 0.357%\n"}
,{"stream_name":"stdout","time":39.919177357,"data":"[Game 290] Range: 2-7 | Median/Mean: 3.0 / 3.586 | Fail: 0.345%\n"}
,{"stream_name":"stdout","time":40.713209377,"data":"[Game 300] Range: 2-7 | Median/Mean: 3.0 / 3.583 | Fail: 0.333%\n"}
,{"stream_name":"stdout","time":41.679989228,"data":"[Game 310] Range: 2-7 | Median/Mean: 3.0 / 3.587 | Fail: 0.323%\n"}
,{"stream_name":"stdout","time":42.606301081,"data":"[Game 320] Range: 2-7 | Median/Mean: 3.0 / 3.587 | Fail: 0.312%\n"}
,{"stream_name":"stdout","time":43.507443704,"data":"[Game 330] Range: 2-7 | Median/Mean: 3.0 / 3.582 | Fail: 0.303%\n"}
,{"stream_name":"stdout","time":44.326888172,"data":"[Game 340] Range: 2-7 | Median/Mean: 3.0 / 3.574 | Fail: 0.294%\n"}
,{"stream_name":"stdout","time":45.07173347,"data":"[Game 350] Range: 2-7 | Median/Mean: 3.0 / 3.563 | Fail: 0.286%\n"}
,{"stream_name":"stdout","time":46.010633958,"data":"[Game 360] Range: 2-7 | Median/Mean: 3.0 / 3.561 | Fail: 0.278%\n"}
,{"stream_name":"stdout","time":47.06080625,"data":"[Game 370] Range: 2-7 | Median/Mean: 3.0 / 3.565 | Fail: 0.270%\n"}
,{"stream_name":"stdout","time":47.887077869,"data":"[Game 380] Range: 2-7 | Median/Mean: 3.0 / 3.561 | Fail: 0.263%\n"}
,{"stream_name":"stdout","time":48.815370786,"data":"[Game 390] Range: 2-7 | Median/Mean: 3.0 / 3.564 | Fail: 0.256%\n"}
,{"stream_name":"stdout","time":49.878618067,"data":"[Game 400] Range: 2-7 | Median/Mean: 3.0 / 3.572 | Fail: 0.250%\n"}
,{"stream_name":"stdout","time":50.811162127,"data":"[Game 410] Range: 2-7 | Median/Mean: 3.0 / 3.576 | Fail: 0.244%\n"}
,{"stream_name":"stdout","time":51.786305025,"data":"[Game 420] Range: 2-7 | Median/Mean: 3.0 / 3.579 | Fail: 0.238%\n"}
,{"stream_name":"stdout","time":52.724344595,"data":"[Game 430] Range: 2-7 | Median/Mean: 4.0 / 3.579 | Fail: 0.233%\n"}
,{"stream_name":"stdout","time":53.661265581,"data":"[Game 440] Range: 2-7 | Median/Mean: 4.0 / 3.580 | Fail: 0.227%\n"}
,{"stream_name":"stdout","time":54.409687727,"data":"[Game 450] Range: 2-7 | Median/Mean: 3.0 / 3.571 | Fail: 0.222%\n"}
,{"stream_name":"stdout","time":55.290621946,"data":"[Game 460] Range: 2-7 | Median/Mean: 3.0 / 3.565 | Fail: 0.217%\n"}
,{"stream_name":"stdout","time":56.364764897,"data":"[Game 470] Range: 2-8 | Median/Mean: 3.5 / 3.579 | Fail: 0.426%\n"}
,{"stream_name":"stdout","time":57.284934624,"data":"[Game 480] Range: 2-8 | Median/Mean: 3.0 / 3.575 | Fail: 0.417%\n"}
,{"stream_name":"stdout","time":58.230802746,"data":"[Game 490] Range: 2-8 | Median/Mean: 3.0 / 3.571 | Fail: 0.408%\n"}
,{"stream_name":"stdout","time":59.19331177,"data":"[Game 500] Range: 2-8 | Median/Mean: 3.0 / 3.570 | Fail: 0.400%\n"}
,{"stream_name":"stdout","time":60.152278263,"data":"[Game 510] Range: 2-8 | Median/Mean: 3.5 / 3.576 | Fail: 0.588%\n"}
,{"stream_name":"stdout","time":61.102240305,"data":"[Game 520] Range: 2-8 | Median/Mean: 3.5 / 3.579 | Fail: 0.577%\n"}
,{"stream_name":"stdout","time":61.986444595,"data":"[Game 530] Range: 2-8 | Median/Mean: 3.0 / 3.575 | Fail: 0.566%\n"}
,{"stream_name":"stdout","time":63.054415119,"data":"[Game 540] Range: 2-8 | Median/Mean: 4.0 / 3.585 | Fail: 0.556%\n"}
,{"stream_name":"stdout","time":64.100802024,"data":"[Game 550] Range: 2-8 | Median/Mean: 4.0 / 3.587 | Fail: 0.545%\n"}
,{"stream_name":"stdout","time":65.094189583,"data":"[Game 560] Range: 2-8 | Median/Mean: 4.0 / 3.593 | Fail: 0.536%\n"}
,{"stream_name":"stdout","time":65.982554784,"data":"[Game 570] Range: 2-8 | Median/Mean: 4.0 / 3.595 | Fail: 0.526%\n"}
,{"stream_name":"stdout","time":66.762992314,"data":"[Game 580] Range: 2-8 | Median/Mean: 3.5 / 3.588 | Fail: 0.517%\n"}
,{"stream_name":"stdout","time":67.681098081,"data":"[Game 590] Range: 2-8 | Median/Mean: 4.0 / 3.590 | Fail: 0.508%\n"}
,{"stream_name":"stdout","time":68.512619871,"data":"[Game 600] Range: 2-8 | Median/Mean: 4.0 / 3.588 | Fail: 0.500%\n"}
,{"stream_name":"stdout","time":69.32698148,"data":"[Game 610] Range: 2-8 | Median/Mean: 4.0 / 3.584 | Fail: 0.492%\n"}
,{"stream_name":"stdout","time":70.183850105,"data":"[Game 620] Range: 2-8 | Median/Mean: 4.0 / 3.584 | Fail: 0.484%\n"}
,{"stream_name":"stdout","time":71.152512221,"data":"[Game 630] Range: 2-8 | Median/Mean: 4.0 / 3.586 | Fail: 0.476%\n"}
,{"stream_name":"stdout","time":72.042283473,"data":"[Game 640] Range: 2-8 | Median/Mean: 4.0 / 3.589 | Fail: 0.469%\n"}
,{"stream_name":"stdout","time":73.174540218,"data":"[Game 650] Range: 2-8 | Median/Mean: 4.0 / 3.595 | Fail: 0.462%\n"}
,{"stream_name":"stdout","time":74.034945981,"data":"[Game 660] Range: 2-8 | Median/Mean: 4.0 / 3.595 | Fail: 0.455%\n"}
,{"stream_name":"stdout","time":74.934930379,"data":"[Game 670] Range: 2-8 | Median/Mean: 4.0 / 3.600 | Fail: 0.448%\n"}
,{"stream_name":"stdout","time":75.858733272,"data":"[Game 680] Range: 2-8 | Median/Mean: 4.0 / 3.597 | Fail: 0.441%\n"}
,{"stream_name":"stdout","time":76.761193681,"data":"[Game 690] Range: 2-8 | Median/Mean: 4.0 / 3.600 | Fail: 0.435%\n"}
,{"stream_name":"stdout","time":77.790133378,"data":"[Game 700] Range: 2-8 | Median/Mean: 4.0 / 3.606 | Fail: 0.429%\n"}
,{"stream_name":"stdout","time":78.73628217,"data":"[Game 710] Range: 2-8 | Median/Mean: 4.0 / 3.607 | Fail: 0.423%\n"}
,{"stream_name":"stdout","time":79.831982655,"data":"[Game 720] Range: 2-8 | Median/Mean: 4.0 / 3.614 | Fail: 0.417%\n"}
,{"stream_name":"stdout","time":80.477590953,"data":"[Game 730] Range: 2-8 | Median/Mean: 4.0 / 3.605 | Fail: 0.411%\n"}
,{"stream_name":"stdout","time":81.424613959,"data":"[Game 740] Range: 2-8 | Median/Mean: 4.0 / 3.608 | Fail: 0.541%\n"}
,{"stream_name":"stdout","time":82.466642203,"data":"[Game 750] Range: 2-8 | Median/Mean: 4.0 / 3.613 | Fail: 0.533%\n"}
,{"stream_name":"stdout","time":83.31128498,"data":"[Game 760] Range: 2-8 | Median/Mean: 4.0 / 3.612 | Fail: 0.526%\n"}
,{"stream_name":"stdout","time":84.240949615,"data":"[Game 770] Range: 2-8 | Median/Mean: 4.0 / 3.613 | Fail: 0.519%\n"}
,{"stream_name":"stdout","time":85.191145532,"data":"[Game 780] Range: 2-8 | Median/Mean: 4.0 / 3.614 | Fail: 0.513%\n"}
,{"stream_name":"stdout","time":86.099652747,"data":"[Game 790] Range: 2-8 | Median/Mean: 4.0 / 3.613 | Fail: 0.506%\n"}
,{"stream_name":"stdout","time":86.976045658,"data":"[Game 800] Range: 2-8 | Median/Mean: 4.0 / 3.612 | Fail: 0.500%\n"}
,{"stream_name":"stdout","time":87.772280163,"data":"[Game 810] Range: 2-8 | Median/Mean: 4.0 / 3.611 | Fail: 0.494%\n"}
,{"stream_name":"stdout","time":88.732778381,"data":"[Game 820] Range: 2-8 | Median/Mean: 4.0 / 3.615 | Fail: 0.488%\n"}
,{"stream_name":"stdout","time":89.571712826,"data":"[Game 830] Range: 2-8 | Median/Mean: 4.0 / 3.614 | Fail: 0.482%\n"}
,{"stream_name":"stdout","time":90.412036758,"data":"[Game 840] Range: 2-8 | Median/Mean: 4.0 / 3.613 | Fail: 0.476%\n"}
,{"stream_name":"stdout","time":91.368877777,"data":"[Game 850] Range: 2-8 | Median/Mean: 4.0 / 3.618 | Fail: 0.471%\n"}
,{"stream_name":"stdout","time":92.185846149,"data":"[Game 860] Range: 2-8 | Median/Mean: 4.0 / 3.619 | Fail: 0.465%\n"}
,{"stream_name":"stdout","time":93.257400741,"data":"[Game 870] Range: 2-8 | Median/Mean: 4.0 / 3.622 | Fail: 0.460%\n"}
,{"stream_name":"stdout","time":94.281437172,"data":"[Game 880] Range: 2-8 | Median/Mean: 4.0 / 3.624 | Fail: 0.455%\n"}
,{"stream_name":"stdout","time":95.209837716,"data":"[Game 890] Range: 2-8 | Median/Mean: 4.0 / 3.628 | Fail: 0.562%\n"}
,{"stream_name":"stdout","time":96.306207888,"data":"[Game 900] Range: 2-8 | Median/Mean: 4.0 / 3.634 | Fail: 0.556%\n"}
,{"stream_name":"stdout","time":97.181230362,"data":"[Game 910] Range: 2-8 | Median/Mean: 4.0 / 3.637 | Fail: 0.549%\n"}
,{"stream_name":"stdout","time":98.137669576,"data":"[Game 920] Range: 2-8 | Median/Mean: 4.0 / 3.640 | Fail: 0.543%\n"}
,{"stream_name":"stdout","time":99.088688949,"data":"[Game 930] Range: 2-8 | Median/Mean: 4.0 / 3.641 | Fail: 0.538%\n"}
,{"stream_name":"stdout","time":100.082193383,"data":"[Game 940] Range: 2-8 | Median/Mean: 4.0 / 3.643 | Fail: 0.638%\n"}
,{"stream_name":"stdout","time":100.947705727,"data":"[Game 950] Range: 2-8 | Median/Mean: 4.0 / 3.643 | Fail: 0.632%\n"}
,{"stream_name":"stdout","time":101.988631074,"data":"[Game 960] Range: 2-8 | Median/Mean: 4.0 / 3.649 | Fail: 0.625%\n"}
,{"stream_name":"stdout","time":102.9552743,"data":"[Game 970] Range: 2-8 | Median/Mean: 4.0 / 3.652 | Fail: 0.619%\n"}
,{"stream_name":"stdout","time":103.665026166,"data":"[Game 980] Range: 2-8 | Median/Mean: 4.0 / 3.647 | Fail: 0.612%\n"}
,{"stream_name":"stdout","time":104.58599631,"data":"[Game 990] Range: 2-8 | Median/Mean: 4.0 / 3.648 | Fail: 0.606%\n"}
,{"stream_name":"stdout","time":105.51773552,"data":"[Game 1000] Range: 2-8 | Median/Mean: 4.0 / 3.651 | Fail: 0.600%\n"}
,{"stream_name":"stdout","time":106.491105006,"data":"[Game 1010] Range: 2-8 | Median/Mean: 4.0 / 3.650 | Fail: 0.594%\n"}
,{"stream_name":"stdout","time":107.391136557,"data":"[Game 1020] Range: 2-8 | Median/Mean: 4.0 / 3.652 | Fail: 0.588%\n"}
,{"stream_name":"stdout","time":108.301206522,"data":"[Game 1030] Range: 2-8 | Median/Mean: 4.0 / 3.652 | Fail: 0.583%\n"}
,{"stream_name":"stdout","time":109.119125033,"data":"[Game 1040] Range: 2-8 | Median/Mean: 4.0 / 3.650 | Fail: 0.577%\n"}
,{"stream_name":"stdout","time":110.153319064,"data":"[Game 1050] Range: 2-8 | Median/Mean: 4.0 / 3.653 | Fail: 0.571%\n"}
,{"stream_name":"stdout","time":111.239567404,"data":"[Game 1060] Range: 2-8 | Median/Mean: 4.0 / 3.657 | Fail: 0.566%\n"}
,{"stream_name":"stdout","time":112.111427249,"data":"[Game 1070] Range: 2-8 | Median/Mean: 4.0 / 3.658 | Fail: 0.561%\n"}
,{"stream_name":"stdout","time":113.078117327,"data":"[Game 1080] Range: 2-8 | Median/Mean: 4.0 / 3.660 | Fail: 0.556%\n"}
,{"stream_name":"stdout","time":114.213114941,"data":"[Game 1090] Range: 2-8 | Median/Mean: 4.0 / 3.667 | Fail: 0.642%\n"}
,{"stream_name":"stdout","time":115.104413923,"data":"[Game 1100] Range: 2-8 | Median/Mean: 4.0 / 3.667 | Fail: 0.636%\n"}
,{"stream_name":"stdout","time":116.045661172,"data":"[Game 1110] Range: 2-8 | Median/Mean: 4.0 / 3.668 | Fail: 0.631%\n"}
,{"stream_name":"stdout","time":116.931658946,"data":"[Game 1120] Range: 2-8 | Median/Mean: 4.0 / 3.670 | Fail: 0.625%\n"}
,{"stream_name":"stdout","time":117.737075577,"data":"[Game 1130] Range: 2-8 | Median/Mean: 4.0 / 3.669 | Fail: 0.619%\n"}
,{"stream_name":"stdout","time":118.786698284,"data":"[Game 1140] Range: 2-8 | Median/Mean: 4.0 / 3.673 | Fail: 0.702%\n"}
,{"stream_name":"stdout","time":119.825852664,"data":"[Game 1150] Range: 2-8 | Median/Mean: 4.0 / 3.677 | Fail: 0.696%\n"}
,{"stream_name":"stdout","time":120.627043326,"data":"[Game 1160] Range: 2-8 | Median/Mean: 4.0 / 3.676 | Fail: 0.690%\n"}
,{"stream_name":"stdout","time":121.620392337,"data":"[Game 1170] Range: 2-8 | Median/Mean: 4.0 / 3.677 | Fail: 0.684%\n"}
,{"stream_name":"stdout","time":122.419664816,"data":"[Game 1180] Range: 2-8 | Median/Mean: 4.0 / 3.675 | Fail: 0.678%\n"}
,{"stream_name":"stdout","time":123.484770553,"data":"[Game 1190] Range: 2-8 | Median/Mean: 4.0 / 3.678 | Fail: 0.672%\n"}
,{"stream_name":"stdout","time":124.406472471,"data":"[Game 1200] Range: 2-8 | Median/Mean: 4.0 / 3.678 | Fail: 0.667%\n"}
,{"stream_name":"stdout","time":125.338963191,"data":"[Game 1210] Range: 2-8 | Median/Mean: 4.0 / 3.678 | Fail: 0.661%\n"}
,{"stream_name":"stdout","time":126.304044814,"data":"[Game 1220] Range: 2-8 | Median/Mean: 4.0 / 3.680 | Fail: 0.656%\n"}
,{"stream_name":"stdout","time":127.381453725,"data":"[Game 1230] Range: 2-8 | Median/Mean: 4.0 / 3.687 | Fail: 0.732%\n"}
,{"stream_name":"stdout","time":128.375027062,"data":"[Game 1240] Range: 2-8 | Median/Mean: 4.0 / 3.689 | Fail: 0.726%\n"}
,{"stream_name":"stdout","time":129.256615641,"data":"[Game 1250] Range: 2-8 | Median/Mean: 4.0 / 3.689 | Fail: 0.720%\n"}
,{"stream_name":"stdout","time":130.304528606,"data":"[Game 1260] Range: 2-8 | Median/Mean: 4.0 / 3.694 | Fail: 0.714%\n"}
,{"stream_name":"stdout","time":131.182850498,"data":"[Game 1270] Range: 2-8 | Median/Mean: 4.0 / 3.693 | Fail: 0.709%\n"}
,{"stream_name":"stdout","time":131.866005409,"data":"[Game 1280] Range: 2-8 | Median/Mean: 4.0 / 3.689 | Fail: 0.703%\n"}
,{"stream_name":"stdout","time":132.746210284,"data":"[Game 1290] Range: 2-8 | Median/Mean: 4.0 / 3.690 | Fail: 0.698%\n"}
,{"stream_name":"stdout","time":133.744063113,"data":"[Game 1300] Range: 2-8 | Median/Mean: 4.0 / 3.692 | Fail: 0.692%\n"}
,{"stream_name":"stdout","time":134.567497237,"data":"[Game 1310] Range: 2-8 | Median/Mean: 4.0 / 3.691 | Fail: 0.687%\n"}
,{"stream_name":"stdout","time":135.613306989,"data":"[Game 1320] Range: 2-8 | Median/Mean: 4.0 / 3.692 | Fail: 0.682%\n"}
,{"stream_name":"stdout","time":136.442393948,"data":"[Game 1330] Range: 2-8 | Median/Mean: 4.0 / 3.691 | Fail: 0.677%\n"}
,{"stream_name":"stdout","time":137.564510279,"data":"[Game 1340] Range: 2-8 | Median/Mean: 4.0 / 3.695 | Fail: 0.672%\n"}
,{"stream_name":"stdout","time":138.454242288,"data":"[Game 1350] Range: 2-8 | Median/Mean: 4.0 / 3.695 | Fail: 0.667%\n"}
,{"stream_name":"stdout","time":139.462040742,"data":"[Game 1360] Range: 2-8 | Median/Mean: 4.0 / 3.697 | Fail: 0.662%\n"}
,{"stream_name":"stdout","time":140.534048338,"data":"[Game 1370] Range: 2-8 | Median/Mean: 4.0 / 3.700 | Fail: 0.657%\n"}
,{"stream_name":"stdout","time":141.518762993,"data":"[Game 1380] Range: 2-8 | Median/Mean: 4.0 / 3.700 | Fail: 0.652%\n"}
,{"stream_name":"stdout","time":142.410574551,"data":"[Game 1390] Range: 2-8 | Median/Mean: 4.0 / 3.700 | Fail: 0.647%\n"}
,{"stream_name":"stdout","time":143.31858041,"data":"[Game 1400] Range: 2-8 | Median/Mean: 4.0 / 3.701 | Fail: 0.643%\n"}
,{"stream_name":"stdout","time":144.150891662,"data":"[Game 1410] Range: 2-8 | Median/Mean: 4.0 / 3.701 | Fail: 0.638%\n"}
,{"stream_name":"stdout","time":145.126225008,"data":"[Game 1420] Range: 2-8 | Median/Mean: 4.0 / 3.701 | Fail: 0.634%\n"}
,{"stream_name":"stdout","time":145.982284257,"data":"[Game 1430] Range: 2-8 | Median/Mean: 4.0 / 3.699 | Fail: 0.629%\n"}
,{"stream_name":"stdout","time":146.974585937,"data":"[Game 1440] Range: 2-8 | Median/Mean: 4.0 / 3.702 | Fail: 0.625%\n"}
,{"stream_name":"stdout","time":148.025423157,"data":"[Game 1450] Range: 2-8 | Median/Mean: 4.0 / 3.706 | Fail: 0.621%\n"}
,{"stream_name":"stdout","time":148.946015945,"data":"[Game 1460] Range: 2-8 | Median/Mean: 4.0 / 3.707 | Fail: 0.616%\n"}
,{"stream_name":"stdout","time":149.876295189,"data":"[Game 1470] Range: 2-8 | Median/Mean: 4.0 / 3.708 | Fail: 0.612%\n"}
,{"stream_name":"stdout","time":150.881813531,"data":"[Game 1480] Range: 2-8 | Median/Mean: 4.0 / 3.713 | Fail: 0.608%\n"}
,{"stream_name":"stdout","time":151.760696267,"data":"[Game 1490] Range: 2-8 | Median/Mean: 4.0 / 3.714 | Fail: 0.604%\n"}
,{"stream_name":"stdout","time":152.901658677,"data":"[Game 1500] Range: 2-8 | Median/Mean: 4.0 / 3.717 | Fail: 0.667%\n"}
,{"stream_name":"stdout","time":153.784335193,"data":"[Game 1510] Range: 2-8 | Median/Mean: 4.0 / 3.717 | Fail: 0.662%\n"}
,{"stream_name":"stdout","time":154.67308359,"data":"[Game 1520] Range: 2-8 | Median/Mean: 4.0 / 3.716 | Fail: 0.658%\n"}
,{"stream_name":"stdout","time":155.677665855,"data":"[Game 1530] Range: 2-8 | Median/Mean: 4.0 / 3.718 | Fail: 0.654%\n"}
,{"stream_name":"stdout","time":156.711045158,"data":"[Game 1540] Range: 2-8 | Median/Mean: 4.0 / 3.721 | Fail: 0.649%\n"}
,{"stream_name":"stdout","time":157.627695507,"data":"[Game 1550] Range: 2-8 | Median/Mean: 4.0 / 3.720 | Fail: 0.645%\n"}
,{"stream_name":"stdout","time":158.509120704,"data":"[Game 1560] Range: 2-8 | Median/Mean: 4.0 / 3.721 | Fail: 0.641%\n"}
,{"stream_name":"stdout","time":159.4962431,"data":"[Game 1570] Range: 2-8 | Median/Mean: 4.0 / 3.723 | Fail: 0.637%\n"}
,{"stream_name":"stdout","time":160.52884635,"data":"[Game 1580] Range: 2-8 | Median/Mean: 4.0 / 3.724 | Fail: 0.633%\n"}
,{"stream_name":"stdout","time":161.360751097,"data":"[Game 1590] Range: 2-8 | Median/Mean: 4.0 / 3.723 | Fail: 0.629%\n"}
,{"stream_name":"stdout","time":162.12229819,"data":"[Game 1600] Range: 2-8 | Median/Mean: 4.0 / 3.720 | Fail: 0.625%\n"}
,{"stream_name":"stdout","time":163.012203247,"data":"[Game 1610] Range: 2-8 | Median/Mean: 4.0 / 3.720 | Fail: 0.621%\n"}
,{"stream_name":"stdout","time":163.920364873,"data":"[Game 1620] Range: 2-8 | Median/Mean: 4.0 / 3.721 | Fail: 0.617%\n"}
,{"stream_name":"stdout","time":165.001488483,"data":"[Game 1630] Range: 2-8 | Median/Mean: 4.0 / 3.725 | Fail: 0.613%\n"}
,{"stream_name":"stdout","time":165.99611089,"data":"[Game 1640] Range: 2-8 | Median/Mean: 4.0 / 3.726 | Fail: 0.610%\n"}
,{"stream_name":"stdout","time":166.729030721,"data":"[Game 1650] Range: 2-8 | Median/Mean: 4.0 / 3.725 | Fail: 0.606%\n"}
,{"stream_name":"stdout","time":167.727971773,"data":"[Game 1660] Range: 2-8 | Median/Mean: 4.0 / 3.725 | Fail: 0.602%\n"}
,{"stream_name":"stdout","time":168.603700431,"data":"[Game 1670] Range: 2-8 | Median/Mean: 4.0 / 3.725 | Fail: 0.599%\n"}
,{"stream_name":"stdout","time":169.472591893,"data":"[Game 1680] Range: 2-8 | Median/Mean: 4.0 / 3.725 | Fail: 0.595%\n"}
,{"stream_name":"stdout","time":170.440813345,"data":"[Game 1690] Range: 2-8 | Median/Mean: 4.0 / 3.725 | Fail: 0.592%\n"}
,{"stream_name":"stdout","time":171.292244565,"data":"[Game 1700] Range: 2-8 | Median/Mean: 4.0 / 3.725 | Fail: 0.588%\n"}
,{"stream_name":"stdout","time":172.311533302,"data":"[Game 1710] Range: 2-8 | Median/Mean: 4.0 / 3.727 | Fail: 0.585%\n"}
,{"stream_name":"stdout","time":173.190417624,"data":"[Game 1720] Range: 2-8 | Median/Mean: 4.0 / 3.728 | Fail: 0.640%\n"}
,{"stream_name":"stdout","time":174.075147661,"data":"[Game 1730] Range: 2-8 | Median/Mean: 4.0 / 3.729 | Fail: 0.636%\n"}
,{"stream_name":"stdout","time":175.053256957,"data":"[Game 1740] Range: 2-8 | Median/Mean: 4.0 / 3.729 | Fail: 0.632%\n"}
,{"stream_name":"stdout","time":175.94939842,"data":"[Game 1750] Range: 2-8 | Median/Mean: 4.0 / 3.730 | Fail: 0.629%\n"}
,{"stream_name":"stdout","time":176.769091728,"data":"[Game 1760] Range: 2-8 | Median/Mean: 4.0 / 3.728 | Fail: 0.625%\n"}
,{"stream_name":"stdout","time":177.611359602,"data":"[Game 1770] Range: 2-8 | Median/Mean: 4.0 / 3.727 | Fail: 0.621%\n"}
,{"stream_name":"stdout","time":178.713310762,"data":"[Game 1780] Range: 2-8 | Median/Mean: 4.0 / 3.730 | Fail: 0.618%\n"}
,{"stream_name":"stdout","time":179.78889602,"data":"[Game 1790] Range: 2-8 | Median/Mean: 4.0 / 3.734 | Fail: 0.615%\n"}
,{"stream_name":"stdout","time":180.716615725,"data":"[Game 1800] Range: 2-8 | Median/Mean: 4.0 / 3.734 | Fail: 0.611%\n"}
,{"stream_name":"stdout","time":181.724659918,"data":"[Game 1810] Range: 2-8 | Median/Mean: 4.0 / 3.735 | Fail: 0.608%\n"}
,{"stream_name":"stdout","time":182.596424483,"data":"[Game 1820] Range: 2-8 | Median/Mean: 4.0 / 3.735 | Fail: 0.604%\n"}
,{"stream_name":"stdout","time":183.581145327,"data":"[Game 1830] Range: 2-8 | Median/Mean: 4.0 / 3.737 | Fail: 0.601%\n"}
,{"stream_name":"stdout","time":184.479053959,"data":"[Game 1840] Range: 2-8 | Median/Mean: 4.0 / 3.737 | Fail: 0.598%\n"}
,{"stream_name":"stdout","time":185.41377899,"data":"[Game 1850] Range: 2-8 | Median/Mean: 4.0 / 3.739 | Fail: 0.595%\n"}
,{"stream_name":"stdout","time":186.168350339,"data":"[Game 1860] Range: 2-8 | Median/Mean: 4.0 / 3.737 | Fail: 0.591%\n"}
,{"stream_name":"stdout","time":186.876625306,"data":"[Game 1870] Range: 2-8 | Median/Mean: 4.0 / 3.735 | Fail: 0.588%\n"}
,{"stream_name":"stdout","time":187.847960092,"data":"[Game 1880] Range: 2-8 | Median/Mean: 4.0 / 3.738 | Fail: 0.585%\n"}
,{"stream_name":"stdout","time":188.81771368,"data":"[Game 1890] Range: 2-8 | Median/Mean: 4.0 / 3.741 | Fail: 0.582%\n"}
,{"stream_name":"stdout","time":189.858987475,"data":"[Game 1900] Range: 2-8 | Median/Mean: 4.0 / 3.742 | Fail: 0.579%\n"}
,{"stream_name":"stdout","time":190.873090518,"data":"[Game 1910] Range: 2-8 | Median/Mean: 4.0 / 3.743 | Fail: 0.576%\n"}
,{"stream_name":"stdout","time":191.776529966,"data":"[Game 1920] Range: 2-8 | Median/Mean: 4.0 / 3.744 | Fail: 0.573%\n"}
,{"stream_name":"stdout","time":192.632222634,"data":"[Game 1930] Range: 2-8 | Median/Mean: 4.0 / 3.744 | Fail: 0.570%\n"}
,{"stream_name":"stdout","time":193.718434637,"data":"[Game 1940] Range: 2-8 | Median/Mean: 4.0 / 3.746 | Fail: 0.567%\n"}
,{"stream_name":"stdout","time":194.576540679,"data":"[Game 1950] Range: 2-8 | Median/Mean: 4.0 / 3.747 | Fail: 0.564%\n"}
,{"stream_name":"stdout","time":195.7230392,"data":"[Game 1960] Range: 2-8 | Median/Mean: 4.0 / 3.752 | Fail: 0.561%\n"}
,{"stream_name":"stdout","time":196.718679257,"data":"[Game 1970] Range: 2-8 | Median/Mean: 4.0 / 3.753 | Fail: 0.558%\n"}
,{"stream_name":"stdout","time":197.638283919,"data":"[Game 1980] Range: 2-8 | Median/Mean: 4.0 / 3.755 | Fail: 0.556%\n"}
,{"stream_name":"stdout","time":198.418830457,"data":"[Game 1990] Range: 2-8 | Median/Mean: 4.0 / 3.753 | Fail: 0.553%\n"}
,{"stream_name":"stdout","time":199.568881523,"data":"[Game 2000] Range: 2-8 | Median/Mean: 4.0 / 3.756 | Fail: 0.600%\n"}
,{"stream_name":"stdout","time":200.47112088,"data":"[Game 2010] Range: 2-8 | Median/Mean: 4.0 / 3.756 | Fail: 0.597%\n"}
,{"stream_name":"stdout","time":201.592330652,"data":"[Game 2020] Range: 2-8 | Median/Mean: 4.0 / 3.758 | Fail: 0.594%\n"}
,{"stream_name":"stdout","time":202.671445471,"data":"[Game 2030] Range: 2-8 | Median/Mean: 4.0 / 3.762 | Fail: 0.591%\n"}
,{"stream_name":"stdout","time":203.465111113,"data":"[Game 2040] Range: 2-8 | Median/Mean: 4.0 / 3.762 | Fail: 0.588%\n"}
,{"stream_name":"stdout","time":204.530699476,"data":"[Game 2050] Range: 2-8 | Median/Mean: 4.0 / 3.764 | Fail: 0.585%\n"}
,{"stream_name":"stdout","time":205.404140168,"data":"[Game 2060] Range: 2-8 | Median/Mean: 4.0 / 3.766 | Fail: 0.583%\n"}
,{"stream_name":"stdout","time":206.596189348,"data":"[Game 2070] Range: 2-8 | Median/Mean: 4.0 / 3.771 | Fail: 0.628%\n"}
,{"stream_name":"stdout","time":207.702438085,"data":"[Game 2080] Range: 2-8 | Median/Mean: 4.0 / 3.774 | Fail: 0.625%\n"}
,{"stream_name":"stdout","time":208.650283598,"data":"[Game 2090] Range: 2-8 | Median/Mean: 4.0 / 3.775 | Fail: 0.622%\n"}
,{"stream_name":"stdout","time":209.662528945,"data":"[Game 2100] Range: 2-8 | Median/Mean: 4.0 / 3.777 | Fail: 0.619%\n"}
,{"stream_name":"stdout","time":210.542485942,"data":"[Game 2110] Range: 2-8 | Median/Mean: 4.0 / 3.777 | Fail: 0.616%\n"}
,{"stream_name":"stdout","time":211.574983289,"data":"[Game 2120] Range: 2-8 | Median/Mean: 4.0 / 3.778 | Fail: 0.613%\n"}
,{"stream_name":"stdout","time":212.459267897,"data":"[Game 2130] Range: 2-8 | Median/Mean: 4.0 / 3.778 | Fail: 0.610%\n"}
,{"stream_name":"stdout","time":213.384067167,"data":"[Game 2140] Range: 2-8 | Median/Mean: 4.0 / 3.780 | Fail: 0.607%\n"}
,{"stream_name":"stdout","time":214.428441568,"data":"[Game 2150] Range: 2-8 | Median/Mean: 4.0 / 3.782 | Fail: 0.605%\n"}
,{"stream_name":"stdout","time":215.423796542,"data":"[Game 2160] Range: 2-8 | Median/Mean: 4.0 / 3.783 | Fail: 0.602%\n"}
,{"stream_name":"stdout","time":216.631095041,"data":"[Game 2170] Range: 2-8 | Median/Mean: 4.0 / 3.787 | Fail: 0.599%\n"}
,{"stream_name":"stdout","time":217.717539795,"data":"[Game 2180] Range: 2-8 | Median/Mean: 4.0 / 3.790 | Fail: 0.642%\n"}
,{"stream_name":"stdout","time":218.625533107,"data":"[Game 2190] Range: 2-8 | Median/Mean: 4.0 / 3.790 | Fail: 0.639%\n"}
,{"stream_name":"stdout","time":219.608538718,"data":"[Game 2200] Range: 2-8 | Median/Mean: 4.0 / 3.791 | Fail: 0.636%\n"}
,{"stream_name":"stdout","time":220.579844545,"data":"[Game 2210] Range: 2-8 | Median/Mean: 4.0 / 3.792 | Fail: 0.633%\n"}
,{"stream_name":"stdout","time":221.647460806,"data":"[Game 2220] Range: 2-8 | Median/Mean: 4.0 / 3.794 | Fail: 0.631%\n"}
,{"stream_name":"stdout","time":222.599337456,"data":"[Game 2230] Range: 2-8 | Median/Mean: 4.0 / 3.795 | Fail: 0.628%\n"}
,{"stream_name":"stdout","time":223.579536513,"data":"[Game 2240] Range: 2-8 | Median/Mean: 4.0 / 3.796 | Fail: 0.625%\n"}
,{"stream_name":"stdout","time":224.539660779,"data":"[Game 2250] Range: 2-8 | Median/Mean: 4.0 / 3.798 | Fail: 0.622%\n"}
,{"stream_name":"stdout","time":225.527596392,"data":"[Game 2260] Range: 2-8 | Median/Mean: 4.0 / 3.799 | Fail: 0.664%\n"}
,{"stream_name":"stdout","time":226.541892722,"data":"[Game 2270] Range: 2-8 | Median/Mean: 4.0 / 3.801 | Fail: 0.661%\n"}
,{"stream_name":"stdout","time":227.63337586,"data":"[Game 2280] Range: 2-8 | Median/Mean: 4.0 / 3.804 | Fail: 0.702%\n"}
,{"stream_name":"stdout","time":228.567688494,"data":"[Game 2290] Range: 2-8 | Median/Mean: 4.0 / 3.805 | Fail: 0.786%\n"}
,{"stream_name":"stdout","time":229.455740629,"data":"[Game 2300] Range: 2-8 | Median/Mean: 4.0 / 3.806 | Fail: 0.783%\n"}
,{"stream_name":"stdout","time":230.392224629,"data":"[Game 2310] Range: 2-8 | Median/Mean: 4.0 / 3.806 | Fail: 0.779%\n"}
,{"stream_name":"stdout","time":231.091242369,"data":"Summary:\n"}
,{"stream_name":"stdout","time":231.10306926,"data":"Distribution across steps:\n"}
,{"stream_name":"stdout","time":231.112201501,"data":"Key Metrics:\n"}
,{"stream_name":"stderr","time":234.961667238,"data":"/opt/conda/lib/python3.7/site-packages/traitlets/traitlets.py:2567: FutureWarning: --Exporter.preprocessors=[\"remove_papermill_header.RemovePapermillHeader\"] for containers is deprecated in traitlets 5.0. You can pass `--Exporter.preprocessors item` ... multiple times to add items to a list.\n"}
,{"stream_name":"stderr","time":234.961922666,"data":"  FutureWarning,\n"}
,{"stream_name":"stderr","time":234.96311443,"data":"[NbConvertApp] Converting notebook __notebook__.ipynb to notebook\n"}
,{"stream_name":"stderr","time":235.398602799,"data":"[NbConvertApp] Writing 32478 bytes to __notebook__.ipynb\n"}
,{"stream_name":"stderr","time":237.973875634,"data":"/opt/conda/lib/python3.7/site-packages/traitlets/traitlets.py:2567: FutureWarning: --Exporter.preprocessors=[\"nbconvert.preprocessors.ExtractOutputPreprocessor\"] for containers is deprecated in traitlets 5.0. You can pass `--Exporter.preprocessors item` ... multiple times to add items to a list.\n"}
,{"stream_name":"stderr","time":237.973950381,"data":"  FutureWarning,\n"}
,{"stream_name":"stderr","time":237.973957756,"data":"[NbConvertApp] Converting notebook __notebook__.ipynb to html\n"}
,{"stream_name":"stderr","time":238.601037925,"data":"[NbConvertApp] Writing 306872 bytes to __results__.html\n"}
]