[{"stream_name":"stderr","time":10.426351222,"data":"/opt/conda/lib/python3.7/site-packages/papermill/iorw.py:50: FutureWarning: pyarrow.HadoopFileSystem is deprecated as of 2.0.0, please use pyarrow.fs.HadoopFileSystem instead.\n"}
,{"stream_name":"stderr","time":10.426426108,"data":"  from pyarrow import HadoopFileSystem\n"}
,{"stream_name":"stdout","time":11.284357953,"data":"[ ---------- RAILE ----------]\n"}
,{"stream_name":"stdout","time":12.077015222,"data":"[Game 10] Range: 3-5 | Median/Mean: 4.0 / 3.900 | Fail: 0.000%\n"}
,{"stream_name":"stdout","time":12.806596084,"data":"[Game 20] Range: 3-5 | Median/Mean: 4.0 / 3.700 | Fail: 0.000%\n"}
,{"stream_name":"stdout","time":13.613028706,"data":"[Game 30] Range: 3-5 | Median/Mean: 3.5 / 3.600 | Fail: 0.000%\n"}
,{"stream_name":"stdout","time":14.260563054,"data":"[Game 40] Range: 3-5 | Median/Mean: 3.0 / 3.550 | Fail: 0.000%\n"}
,{"stream_name":"stdout","time":15.133074749,"data":"[Game 50] Range: 3-5 | Median/Mean: 3.0 / 3.520 | Fail: 0.000%\n"}
,{"stream_name":"stdout","time":15.899340119,"data":"[Game 60] Range: 3-6 | Median/Mean: 3.0 / 3.550 | Fail: 0.000%\n"}
,{"stream_name":"stdout","time":16.602179722,"data":"[Game 70] Range: 3-7 | Median/Mean: 3.0 / 3.571 | Fail: 1.429%\n"}
,{"stream_name":"stdout","time":17.220813012,"data":"[Game 80] Range: 3-7 | Median/Mean: 3.0 / 3.525 | Fail: 1.250%\n"}
,{"stream_name":"stdout","time":18.098599154,"data":"[Game 90] Range: 3-7 | Median/Mean: 3.0 / 3.589 | Fail: 1.111%\n"}
,{"stream_name":"stdout","time":18.709268864,"data":"[Game 100] Range: 2-7 | Median/Mean: 3.0 / 3.560 | Fail: 1.000%\n"}
,{"stream_name":"stdout","time":19.469264962,"data":"[Game 110] Range: 2-7 | Median/Mean: 3.0 / 3.591 | Fail: 0.909%\n"}
,{"stream_name":"stdout","time":20.336379932,"data":"[Game 120] Range: 2-7 | Median/Mean: 3.0 / 3.608 | Fail: 1.667%\n"}
,{"stream_name":"stdout","time":21.002674373,"data":"[Game 130] Range: 2-7 | Median/Mean: 3.0 / 3.585 | Fail: 1.538%\n"}
,{"stream_name":"stdout","time":21.657494484,"data":"[Game 140] Range: 2-7 | Median/Mean: 3.0 / 3.586 | Fail: 1.429%\n"}
,{"stream_name":"stdout","time":22.371305548,"data":"[Game 150] Range: 2-7 | Median/Mean: 3.0 / 3.553 | Fail: 1.333%\n"}
,{"stream_name":"stdout","time":23.049849527,"data":"[Game 160] Range: 2-7 | Median/Mean: 3.0 / 3.550 | Fail: 1.250%\n"}
,{"stream_name":"stdout","time":23.752813687,"data":"[Game 170] Range: 2-7 | Median/Mean: 3.0 / 3.547 | Fail: 1.176%\n"}
,{"stream_name":"stdout","time":24.345414418,"data":"[Game 180] Range: 2-7 | Median/Mean: 3.0 / 3.522 | Fail: 1.111%\n"}
,{"stream_name":"stdout","time":25.132806702,"data":"[Game 190] Range: 2-7 | Median/Mean: 3.0 / 3.526 | Fail: 1.053%\n"}
,{"stream_name":"stdout","time":25.742597059,"data":"[Game 200] Range: 2-7 | Median/Mean: 3.0 / 3.515 | Fail: 1.000%\n"}
,{"stream_name":"stdout","time":26.527165431,"data":"[Game 210] Range: 2-7 | Median/Mean: 3.0 / 3.519 | Fail: 0.952%\n"}
,{"stream_name":"stdout","time":27.230825271,"data":"[Game 220] Range: 2-7 | Median/Mean: 3.0 / 3.518 | Fail: 0.909%\n"}
,{"stream_name":"stdout","time":28.061149821,"data":"[Game 230] Range: 2-7 | Median/Mean: 3.0 / 3.513 | Fail: 0.870%\n"}
,{"stream_name":"stdout","time":28.733479008,"data":"[Game 240] Range: 2-7 | Median/Mean: 3.0 / 3.508 | Fail: 0.833%\n"}
,{"stream_name":"stdout","time":29.451396681,"data":"[Game 250] Range: 2-7 | Median/Mean: 3.0 / 3.520 | Fail: 0.800%\n"}
,{"stream_name":"stdout","time":30.157505824,"data":"[Game 260] Range: 2-7 | Median/Mean: 3.0 / 3.512 | Fail: 0.769%\n"}
,{"stream_name":"stdout","time":30.881213685,"data":"[Game 270] Range: 2-7 | Median/Mean: 3.0 / 3.511 | Fail: 0.741%\n"}
,{"stream_name":"stdout","time":31.455324102,"data":"[Game 280] Range: 2-7 | Median/Mean: 3.0 / 3.496 | Fail: 0.714%\n"}
,{"stream_name":"stdout","time":32.213016132999996,"data":"[Game 290] Range: 2-7 | Median/Mean: 3.0 / 3.507 | Fail: 0.690%\n"}
,{"stream_name":"stdout","time":32.935499692,"data":"[Game 300] Range: 2-7 | Median/Mean: 3.0 / 3.507 | Fail: 0.667%\n"}
,{"stream_name":"stdout","time":33.643902538,"data":"[Game 310] Range: 2-7 | Median/Mean: 3.0 / 3.503 | Fail: 0.645%\n"}
,{"stream_name":"stdout","time":34.438423828,"data":"[Game 320] Range: 2-7 | Median/Mean: 3.0 / 3.509 | Fail: 0.938%\n"}
,{"stream_name":"stdout","time":35.088117708,"data":"[Game 330] Range: 2-7 | Median/Mean: 3.0 / 3.506 | Fail: 0.909%\n"}
,{"stream_name":"stdout","time":35.755641181,"data":"[Game 340] Range: 2-7 | Median/Mean: 3.0 / 3.500 | Fail: 0.882%\n"}
,{"stream_name":"stdout","time":36.502561223,"data":"[Game 350] Range: 2-7 | Median/Mean: 3.0 / 3.500 | Fail: 0.857%\n"}
,{"stream_name":"stdout","time":37.262823044,"data":"[Game 360] Range: 2-7 | Median/Mean: 3.0 / 3.497 | Fail: 0.833%\n"}
,{"stream_name":"stdout","time":38.011095986,"data":"[Game 370] Range: 2-7 | Median/Mean: 3.0 / 3.503 | Fail: 0.811%\n"}
,{"stream_name":"stdout","time":38.769347349,"data":"[Game 380] Range: 2-7 | Median/Mean: 3.0 / 3.505 | Fail: 0.789%\n"}
,{"stream_name":"stdout","time":39.423193996,"data":"[Game 390] Range: 2-7 | Median/Mean: 3.0 / 3.508 | Fail: 0.769%\n"}
,{"stream_name":"stdout","time":40.281293841,"data":"[Game 400] Range: 2-7 | Median/Mean: 3.0 / 3.518 | Fail: 0.750%\n"}
,{"stream_name":"stdout","time":41.070764556,"data":"[Game 410] Range: 2-7 | Median/Mean: 3.0 / 3.522 | Fail: 0.732%\n"}
,{"stream_name":"stdout","time":42.034659904,"data":"[Game 420] Range: 2-7 | Median/Mean: 3.0 / 3.548 | Fail: 0.714%\n"}
,{"stream_name":"stdout","time":42.829469467,"data":"[Game 430] Range: 2-7 | Median/Mean: 3.0 / 3.553 | Fail: 0.698%\n"}
,{"stream_name":"stdout","time":43.546279803,"data":"[Game 440] Range: 2-7 | Median/Mean: 3.0 / 3.557 | Fail: 0.682%\n"}
,{"stream_name":"stdout","time":44.207430219,"data":"[Game 450] Range: 2-7 | Median/Mean: 3.0 / 3.551 | Fail: 0.667%\n"}
,{"stream_name":"stdout","time":44.950884293,"data":"[Game 460] Range: 2-7 | Median/Mean: 3.0 / 3.552 | Fail: 0.652%\n"}
,{"stream_name":"stdout","time":45.70204819,"data":"[Game 470] Range: 2-8 | Median/Mean: 3.0 / 3.557 | Fail: 0.851%\n"}
,{"stream_name":"stdout","time":46.383936932,"data":"[Game 480] Range: 2-8 | Median/Mean: 3.0 / 3.552 | Fail: 0.833%\n"}
,{"stream_name":"stdout","time":46.939357752,"data":"[Game 490] Range: 2-8 | Median/Mean: 3.0 / 3.545 | Fail: 0.816%\n"}
,{"stream_name":"stdout","time":47.709691605,"data":"[Game 500] Range: 2-8 | Median/Mean: 3.0 / 3.546 | Fail: 0.800%\n"}
,{"stream_name":"stdout","time":48.391890269,"data":"[Game 510] Range: 2-8 | Median/Mean: 3.0 / 3.543 | Fail: 0.784%\n"}
,{"stream_name":"stdout","time":49.085917892,"data":"[Game 520] Range: 2-8 | Median/Mean: 3.0 / 3.544 | Fail: 0.769%\n"}
,{"stream_name":"stdout","time":49.763633246,"data":"[Game 530] Range: 2-8 | Median/Mean: 3.0 / 3.542 | Fail: 0.755%\n"}
,{"stream_name":"stdout","time":50.471280951,"data":"[Game 540] Range: 2-8 | Median/Mean: 3.0 / 3.546 | Fail: 0.741%\n"}
,{"stream_name":"stdout","time":51.292263756,"data":"[Game 550] Range: 2-8 | Median/Mean: 3.0 / 3.553 | Fail: 0.909%\n"}
,{"stream_name":"stdout","time":52.04300375,"data":"[Game 560] Range: 2-8 | Median/Mean: 3.0 / 3.559 | Fail: 0.893%\n"}
,{"stream_name":"stdout","time":52.618090228,"data":"[Game 570] Range: 2-8 | Median/Mean: 3.0 / 3.556 | Fail: 0.877%\n"}
,{"stream_name":"stdout","time":53.311869539,"data":"[Game 580] Range: 2-8 | Median/Mean: 3.0 / 3.553 | Fail: 0.862%\n"}
,{"stream_name":"stdout","time":54.115168546,"data":"[Game 590] Range: 2-8 | Median/Mean: 3.0 / 3.558 | Fail: 0.847%\n"}
,{"stream_name":"stdout","time":54.868762125,"data":"[Game 600] Range: 2-8 | Median/Mean: 3.0 / 3.557 | Fail: 0.833%\n"}
,{"stream_name":"stdout","time":55.558457464,"data":"[Game 610] Range: 2-8 | Median/Mean: 3.0 / 3.554 | Fail: 0.820%\n"}
,{"stream_name":"stdout","time":56.116077556,"data":"[Game 620] Range: 2-8 | Median/Mean: 3.0 / 3.550 | Fail: 0.806%\n"}
,{"stream_name":"stdout","time":56.863803986,"data":"[Game 630] Range: 2-8 | Median/Mean: 3.0 / 3.554 | Fail: 0.794%\n"}
,{"stream_name":"stdout","time":57.764308401,"data":"[Game 640] Range: 2-8 | Median/Mean: 3.0 / 3.564 | Fail: 0.781%\n"}
,{"stream_name":"stdout","time":58.456374585,"data":"[Game 650] Range: 2-8 | Median/Mean: 3.0 / 3.565 | Fail: 0.769%\n"}
,{"stream_name":"stdout","time":59.192608519,"data":"[Game 660] Range: 2-8 | Median/Mean: 3.0 / 3.567 | Fail: 0.758%\n"}
,{"stream_name":"stdout","time":59.937062553,"data":"[Game 670] Range: 2-8 | Median/Mean: 3.0 / 3.572 | Fail: 0.746%\n"}
,{"stream_name":"stdout","time":60.717572478,"data":"[Game 680] Range: 2-8 | Median/Mean: 3.0 / 3.574 | Fail: 0.735%\n"}
,{"stream_name":"stdout","time":61.33629348,"data":"[Game 690] Range: 2-8 | Median/Mean: 3.0 / 3.572 | Fail: 0.725%\n"}
,{"stream_name":"stdout","time":62.053627558,"data":"[Game 700] Range: 2-8 | Median/Mean: 3.0 / 3.574 | Fail: 0.714%\n"}
,{"stream_name":"stdout","time":62.721913844,"data":"[Game 710] Range: 2-8 | Median/Mean: 3.0 / 3.575 | Fail: 0.704%\n"}
,{"stream_name":"stdout","time":63.422073566,"data":"[Game 720] Range: 2-8 | Median/Mean: 3.0 / 3.575 | Fail: 0.694%\n"}
,{"stream_name":"stdout","time":64.105595925,"data":"[Game 730] Range: 2-8 | Median/Mean: 3.0 / 3.573 | Fail: 0.685%\n"}
,{"stream_name":"stdout","time":64.802786755,"data":"[Game 740] Range: 2-8 | Median/Mean: 3.0 / 3.576 | Fail: 0.676%\n"}
,{"stream_name":"stdout","time":65.519505425,"data":"[Game 750] Range: 2-8 | Median/Mean: 3.0 / 3.575 | Fail: 0.667%\n"}
,{"stream_name":"stdout","time":66.149654645,"data":"[Game 760] Range: 2-8 | Median/Mean: 3.0 / 3.571 | Fail: 0.658%\n"}
,{"stream_name":"stdout","time":66.785639942,"data":"[Game 770] Range: 2-8 | Median/Mean: 3.0 / 3.568 | Fail: 0.649%\n"}
,{"stream_name":"stdout","time":67.525160057,"data":"[Game 780] Range: 2-8 | Median/Mean: 3.0 / 3.569 | Fail: 0.641%\n"}
,{"stream_name":"stdout","time":68.248829944,"data":"[Game 790] Range: 2-8 | Median/Mean: 3.0 / 3.567 | Fail: 0.633%\n"}
,{"stream_name":"stdout","time":68.87585389,"data":"[Game 800] Range: 2-8 | Median/Mean: 3.0 / 3.564 | Fail: 0.625%\n"}
,{"stream_name":"stdout","time":69.501415293,"data":"[Game 810] Range: 2-8 | Median/Mean: 3.0 / 3.562 | Fail: 0.617%\n"}
,{"stream_name":"stdout","time":70.228441298,"data":"[Game 820] Range: 2-8 | Median/Mean: 3.0 / 3.561 | Fail: 0.610%\n"}
,{"stream_name":"stdout","time":71.010984308,"data":"[Game 830] Range: 2-8 | Median/Mean: 3.0 / 3.563 | Fail: 0.602%\n"}
,{"stream_name":"stdout","time":71.733152017,"data":"[Game 840] Range: 2-8 | Median/Mean: 3.0 / 3.562 | Fail: 0.595%\n"}
,{"stream_name":"stdout","time":72.556651501,"data":"[Game 850] Range: 2-8 | Median/Mean: 3.0 / 3.565 | Fail: 0.588%\n"}
,{"stream_name":"stdout","time":73.111288447,"data":"[Game 860] Range: 2-8 | Median/Mean: 3.0 / 3.565 | Fail: 0.581%\n"}
,{"stream_name":"stdout","time":73.771205194,"data":"[Game 870] Range: 2-8 | Median/Mean: 3.0 / 3.563 | Fail: 0.575%\n"}
,{"stream_name":"stdout","time":74.49820567,"data":"[Game 880] Range: 2-8 | Median/Mean: 3.0 / 3.562 | Fail: 0.568%\n"}
,{"stream_name":"stdout","time":75.313599231,"data":"[Game 890] Range: 2-8 | Median/Mean: 3.0 / 3.569 | Fail: 0.674%\n"}
,{"stream_name":"stdout","time":76.099516788,"data":"[Game 900] Range: 2-8 | Median/Mean: 3.0 / 3.568 | Fail: 0.667%\n"}
,{"stream_name":"stdout","time":77.084085919,"data":"[Game 910] Range: 2-8 | Median/Mean: 3.0 / 3.571 | Fail: 0.659%\n"}
,{"stream_name":"stdout","time":77.769865406,"data":"[Game 920] Range: 2-8 | Median/Mean: 3.0 / 3.571 | Fail: 0.652%\n"}
,{"stream_name":"stdout","time":78.545508013,"data":"[Game 930] Range: 2-8 | Median/Mean: 3.0 / 3.570 | Fail: 0.645%\n"}
,{"stream_name":"stdout","time":79.289441522,"data":"[Game 940] Range: 2-8 | Median/Mean: 3.0 / 3.570 | Fail: 0.638%\n"}
,{"stream_name":"stdout","time":79.956892724,"data":"[Game 950] Range: 2-8 | Median/Mean: 3.0 / 3.571 | Fail: 0.632%\n"}
,{"stream_name":"stdout","time":80.753742789,"data":"[Game 960] Range: 2-8 | Median/Mean: 3.0 / 3.574 | Fail: 0.625%\n"}
,{"stream_name":"stdout","time":81.429728776,"data":"[Game 970] Range: 2-8 | Median/Mean: 3.0 / 3.574 | Fail: 0.619%\n"}
,{"stream_name":"stdout","time":82.035460174,"data":"[Game 980] Range: 2-8 | Median/Mean: 3.0 / 3.569 | Fail: 0.612%\n"}
,{"stream_name":"stdout","time":82.730024861,"data":"[Game 990] Range: 2-8 | Median/Mean: 3.0 / 3.570 | Fail: 0.606%\n"}
,{"stream_name":"stdout","time":83.434014108,"data":"[Game 1000] Range: 2-8 | Median/Mean: 3.0 / 3.570 | Fail: 0.600%\n"}
,{"stream_name":"stdout","time":84.245626355,"data":"[Game 1010] Range: 2-8 | Median/Mean: 3.0 / 3.572 | Fail: 0.594%\n"}
,{"stream_name":"stdout","time":84.857028576,"data":"[Game 1020] Range: 2-8 | Median/Mean: 3.0 / 3.572 | Fail: 0.588%\n"}
,{"stream_name":"stdout","time":85.472666408,"data":"[Game 1030] Range: 2-8 | Median/Mean: 3.0 / 3.569 | Fail: 0.583%\n"}
,{"stream_name":"stdout","time":86.26747277,"data":"[Game 1040] Range: 2-8 | Median/Mean: 3.0 / 3.572 | Fail: 0.577%\n"}
,{"stream_name":"stdout","time":86.897497073,"data":"[Game 1050] Range: 2-8 | Median/Mean: 3.0 / 3.574 | Fail: 0.571%\n"}
,{"stream_name":"stdout","time":87.831478173,"data":"[Game 1060] Range: 2-8 | Median/Mean: 4.0 / 3.581 | Fail: 0.566%\n"}
,{"stream_name":"stdout","time":88.41187696,"data":"[Game 1070] Range: 2-8 | Median/Mean: 4.0 / 3.579 | Fail: 0.561%\n"}
,{"stream_name":"stdout","time":89.150647116,"data":"[Game 1080] Range: 2-8 | Median/Mean: 4.0 / 3.582 | Fail: 0.556%\n"}
,{"stream_name":"stdout","time":90.107030236,"data":"[Game 1090] Range: 2-8 | Median/Mean: 4.0 / 3.589 | Fail: 0.642%\n"}
,{"stream_name":"stdout","time":90.814714584,"data":"[Game 1100] Range: 2-8 | Median/Mean: 4.0 / 3.589 | Fail: 0.636%\n"}
,{"stream_name":"stdout","time":91.66728071,"data":"[Game 1110] Range: 2-8 | Median/Mean: 4.0 / 3.593 | Fail: 0.631%\n"}
,{"stream_name":"stdout","time":92.41093808,"data":"[Game 1120] Range: 2-8 | Median/Mean: 4.0 / 3.594 | Fail: 0.625%\n"}
,{"stream_name":"stdout","time":93.101441203,"data":"[Game 1130] Range: 2-8 | Median/Mean: 4.0 / 3.596 | Fail: 0.619%\n"}
,{"stream_name":"stdout","time":93.9203008,"data":"[Game 1140] Range: 2-8 | Median/Mean: 4.0 / 3.600 | Fail: 0.614%\n"}
,{"stream_name":"stdout","time":94.691734417,"data":"[Game 1150] Range: 2-8 | Median/Mean: 4.0 / 3.602 | Fail: 0.609%\n"}
,{"stream_name":"stdout","time":95.343654511,"data":"[Game 1160] Range: 2-8 | Median/Mean: 4.0 / 3.601 | Fail: 0.603%\n"}
,{"stream_name":"stdout","time":95.985960318,"data":"[Game 1170] Range: 2-8 | Median/Mean: 4.0 / 3.600 | Fail: 0.598%\n"}
,{"stream_name":"stdout","time":96.55238507,"data":"[Game 1180] Range: 2-8 | Median/Mean: 4.0 / 3.595 | Fail: 0.593%\n"}
,{"stream_name":"stdout","time":97.232527215,"data":"[Game 1190] Range: 2-8 | Median/Mean: 4.0 / 3.593 | Fail: 0.588%\n"}
,{"stream_name":"stdout","time":97.97554158,"data":"[Game 1200] Range: 2-8 | Median/Mean: 4.0 / 3.596 | Fail: 0.583%\n"}
,{"stream_name":"stdout","time":98.738227013,"data":"[Game 1210] Range: 2-8 | Median/Mean: 4.0 / 3.598 | Fail: 0.579%\n"}
,{"stream_name":"stdout","time":99.60220753,"data":"[Game 1220] Range: 2-8 | Median/Mean: 4.0 / 3.603 | Fail: 0.574%\n"}
,{"stream_name":"stdout","time":100.611904554,"data":"[Game 1230] Range: 2-8 | Median/Mean: 4.0 / 3.611 | Fail: 0.650%\n"}
,{"stream_name":"stdout","time":101.345302296,"data":"[Game 1240] Range: 2-8 | Median/Mean: 4.0 / 3.611 | Fail: 0.645%\n"}
,{"stream_name":"stdout","time":101.969318722,"data":"[Game 1250] Range: 2-8 | Median/Mean: 4.0 / 3.610 | Fail: 0.640%\n"}
,{"stream_name":"stdout","time":102.73521363,"data":"[Game 1260] Range: 2-8 | Median/Mean: 4.0 / 3.610 | Fail: 0.714%\n"}
,{"stream_name":"stdout","time":103.510704966,"data":"[Game 1270] Range: 2-8 | Median/Mean: 4.0 / 3.611 | Fail: 0.709%\n"}
,{"stream_name":"stdout","time":104.176630605,"data":"[Game 1280] Range: 2-8 | Median/Mean: 4.0 / 3.611 | Fail: 0.703%\n"}
,{"stream_name":"stdout","time":104.879880235,"data":"[Game 1290] Range: 2-8 | Median/Mean: 4.0 / 3.612 | Fail: 0.698%\n"}
,{"stream_name":"stdout","time":105.527495229,"data":"[Game 1300] Range: 2-8 | Median/Mean: 4.0 / 3.611 | Fail: 0.692%\n"}
,{"stream_name":"stdout","time":106.080009024,"data":"[Game 1310] Range: 2-8 | Median/Mean: 4.0 / 3.608 | Fail: 0.687%\n"}
,{"stream_name":"stdout","time":106.857864241,"data":"[Game 1320] Range: 2-8 | Median/Mean: 4.0 / 3.610 | Fail: 0.682%\n"}
,{"stream_name":"stdout","time":107.629172319,"data":"[Game 1330] Range: 2-8 | Median/Mean: 4.0 / 3.611 | Fail: 0.677%\n"}
,{"stream_name":"stdout","time":108.428533568,"data":"[Game 1340] Range: 2-8 | Median/Mean: 4.0 / 3.611 | Fail: 0.672%\n"}
,{"stream_name":"stdout","time":109.022010596,"data":"[Game 1350] Range: 2-8 | Median/Mean: 4.0 / 3.610 | Fail: 0.667%\n"}
,{"stream_name":"stdout","time":109.810475301,"data":"[Game 1360] Range: 2-8 | Median/Mean: 4.0 / 3.612 | Fail: 0.662%\n"}
,{"stream_name":"stdout","time":110.524951635,"data":"[Game 1370] Range: 2-8 | Median/Mean: 4.0 / 3.615 | Fail: 0.657%\n"}
,{"stream_name":"stdout","time":111.383159237,"data":"[Game 1380] Range: 2-8 | Median/Mean: 4.0 / 3.617 | Fail: 0.652%\n"}
,{"stream_name":"stdout","time":112.106172763,"data":"[Game 1390] Range: 2-8 | Median/Mean: 4.0 / 3.618 | Fail: 0.647%\n"}
,{"stream_name":"stdout","time":112.863569579,"data":"[Game 1400] Range: 2-9 | Median/Mean: 4.0 / 3.620 | Fail: 0.714%\n"}
,{"stream_name":"stdout","time":113.693889528,"data":"[Game 1410] Range: 2-9 | Median/Mean: 4.0 / 3.624 | Fail: 0.709%\n"}
,{"stream_name":"stdout","time":114.376988633,"data":"[Game 1420] Range: 2-9 | Median/Mean: 4.0 / 3.623 | Fail: 0.704%\n"}
,{"stream_name":"stdout","time":115.151277135,"data":"[Game 1430] Range: 2-9 | Median/Mean: 4.0 / 3.627 | Fail: 0.769%\n"}
,{"stream_name":"stdout","time":115.859158113,"data":"[Game 1440] Range: 2-9 | Median/Mean: 4.0 / 3.629 | Fail: 0.764%\n"}
,{"stream_name":"stdout","time":116.76024318,"data":"[Game 1450] Range: 2-9 | Median/Mean: 4.0 / 3.634 | Fail: 0.759%\n"}
,{"stream_name":"stdout","time":117.516295859,"data":"[Game 1460] Range: 2-9 | Median/Mean: 4.0 / 3.637 | Fail: 0.753%\n"}
,{"stream_name":"stdout","time":118.169387334,"data":"[Game 1470] Range: 2-9 | Median/Mean: 4.0 / 3.637 | Fail: 0.748%\n"}
,{"stream_name":"stdout","time":118.95884949,"data":"[Game 1480] Range: 2-9 | Median/Mean: 4.0 / 3.641 | Fail: 0.743%\n"}
,{"stream_name":"stdout","time":119.776189927,"data":"[Game 1490] Range: 2-9 | Median/Mean: 4.0 / 3.643 | Fail: 0.738%\n"}
,{"stream_name":"stdout","time":120.56217975,"data":"[Game 1500] Range: 2-9 | Median/Mean: 4.0 / 3.645 | Fail: 0.733%\n"}
,{"stream_name":"stdout","time":121.344384292,"data":"[Game 1510] Range: 2-9 | Median/Mean: 4.0 / 3.648 | Fail: 0.795%\n"}
,{"stream_name":"stdout","time":122.046749193,"data":"[Game 1520] Range: 2-9 | Median/Mean: 4.0 / 3.647 | Fail: 0.789%\n"}
,{"stream_name":"stdout","time":122.790401143,"data":"[Game 1530] Range: 2-9 | Median/Mean: 4.0 / 3.650 | Fail: 0.784%\n"}
,{"stream_name":"stdout","time":123.547874441,"data":"[Game 1540] Range: 2-9 | Median/Mean: 4.0 / 3.651 | Fail: 0.779%\n"}
,{"stream_name":"stdout","time":124.21548054,"data":"[Game 1550] Range: 2-9 | Median/Mean: 4.0 / 3.652 | Fail: 0.774%\n"}
,{"stream_name":"stdout","time":124.910196455,"data":"[Game 1560] Range: 2-9 | Median/Mean: 4.0 / 3.651 | Fail: 0.769%\n"}
,{"stream_name":"stdout","time":125.634845281,"data":"[Game 1570] Range: 2-9 | Median/Mean: 4.0 / 3.654 | Fail: 0.764%\n"}
,{"stream_name":"stdout","time":126.387906222,"data":"[Game 1580] Range: 2-9 | Median/Mean: 4.0 / 3.654 | Fail: 0.759%\n"}
,{"stream_name":"stdout","time":127.040128653,"data":"[Game 1590] Range: 2-9 | Median/Mean: 4.0 / 3.653 | Fail: 0.755%\n"}
,{"stream_name":"stdout","time":127.603819822,"data":"[Game 1600] Range: 2-9 | Median/Mean: 4.0 / 3.650 | Fail: 0.750%\n"}
,{"stream_name":"stdout","time":128.566932099,"data":"[Game 1610] Range: 2-9 | Median/Mean: 4.0 / 3.657 | Fail: 0.807%\n"}
,{"stream_name":"stdout","time":129.324197268,"data":"[Game 1620] Range: 2-9 | Median/Mean: 4.0 / 3.659 | Fail: 0.802%\n"}
,{"stream_name":"stdout","time":130.102417214,"data":"[Game 1630] Range: 2-9 | Median/Mean: 4.0 / 3.661 | Fail: 0.798%\n"}
,{"stream_name":"stdout","time":130.924734482,"data":"[Game 1640] Range: 2-9 | Median/Mean: 4.0 / 3.663 | Fail: 0.793%\n"}
,{"stream_name":"stdout","time":131.683519162,"data":"[Game 1650] Range: 2-9 | Median/Mean: 4.0 / 3.665 | Fail: 0.788%\n"}
,{"stream_name":"stdout","time":132.447275569,"data":"[Game 1660] Range: 2-9 | Median/Mean: 4.0 / 3.664 | Fail: 0.783%\n"}
,{"stream_name":"stdout","time":133.153838551,"data":"[Game 1670] Range: 2-9 | Median/Mean: 4.0 / 3.663 | Fail: 0.778%\n"}
,{"stream_name":"stdout","time":133.916174726,"data":"[Game 1680] Range: 2-9 | Median/Mean: 4.0 / 3.664 | Fail: 0.774%\n"}
,{"stream_name":"stdout","time":134.575166278,"data":"[Game 1690] Range: 2-9 | Median/Mean: 4.0 / 3.666 | Fail: 0.769%\n"}
,{"stream_name":"stdout","time":135.267703388,"data":"[Game 1700] Range: 2-9 | Median/Mean: 4.0 / 3.667 | Fail: 0.765%\n"}
,{"stream_name":"stdout","time":136.119686739,"data":"[Game 1710] Range: 2-9 | Median/Mean: 4.0 / 3.670 | Fail: 0.819%\n"}
,{"stream_name":"stdout","time":136.947785827,"data":"[Game 1720] Range: 2-9 | Median/Mean: 4.0 / 3.672 | Fail: 0.872%\n"}
,{"stream_name":"stdout","time":137.851943178,"data":"[Game 1730] Range: 2-9 | Median/Mean: 4.0 / 3.675 | Fail: 0.867%\n"}
,{"stream_name":"stdout","time":138.59420776299999,"data":"[Game 1740] Range: 2-9 | Median/Mean: 4.0 / 3.676 | Fail: 0.862%\n"}
,{"stream_name":"stdout","time":139.351784151,"data":"[Game 1750] Range: 2-9 | Median/Mean: 4.0 / 3.678 | Fail: 0.857%\n"}
,{"stream_name":"stdout","time":140.077913958,"data":"[Game 1760] Range: 2-9 | Median/Mean: 4.0 / 3.678 | Fail: 0.852%\n"}
,{"stream_name":"stdout","time":140.732868318,"data":"[Game 1770] Range: 2-9 | Median/Mean: 4.0 / 3.675 | Fail: 0.847%\n"}
,{"stream_name":"stdout","time":141.471124804,"data":"[Game 1780] Range: 2-9 | Median/Mean: 4.0 / 3.677 | Fail: 0.843%\n"}
,{"stream_name":"stdout","time":142.167686316,"data":"[Game 1790] Range: 2-9 | Median/Mean: 4.0 / 3.678 | Fail: 0.838%\n"}
,{"stream_name":"stdout","time":142.983804013,"data":"[Game 1800] Range: 2-9 | Median/Mean: 4.0 / 3.679 | Fail: 0.833%\n"}
,{"stream_name":"stdout","time":143.777522086,"data":"[Game 1810] Range: 2-9 | Median/Mean: 4.0 / 3.681 | Fail: 0.829%\n"}
,{"stream_name":"stdout","time":144.527811437,"data":"[Game 1820] Range: 2-9 | Median/Mean: 4.0 / 3.682 | Fail: 0.824%\n"}
,{"stream_name":"stdout","time":145.349530064,"data":"[Game 1830] Range: 2-9 | Median/Mean: 4.0 / 3.682 | Fail: 0.820%\n"}
,{"stream_name":"stdout","time":146.060980843,"data":"[Game 1840] Range: 2-9 | Median/Mean: 4.0 / 3.682 | Fail: 0.815%\n"}
,{"stream_name":"stdout","time":146.927897216,"data":"[Game 1850] Range: 2-9 | Median/Mean: 4.0 / 3.684 | Fail: 0.811%\n"}
,{"stream_name":"stdout","time":147.715667347,"data":"[Game 1860] Range: 2-9 | Median/Mean: 4.0 / 3.687 | Fail: 0.806%\n"}
,{"stream_name":"stdout","time":148.50209314,"data":"[Game 1870] Range: 2-9 | Median/Mean: 4.0 / 3.688 | Fail: 0.802%\n"}
,{"stream_name":"stdout","time":149.293347463,"data":"[Game 1880] Range: 2-9 | Median/Mean: 4.0 / 3.690 | Fail: 0.798%\n"}
,{"stream_name":"stdout","time":150.037719365,"data":"[Game 1890] Range: 2-9 | Median/Mean: 4.0 / 3.692 | Fail: 0.794%\n"}
,{"stream_name":"stdout","time":150.821957149,"data":"[Game 1900] Range: 2-9 | Median/Mean: 4.0 / 3.694 | Fail: 0.789%\n"}
,{"stream_name":"stdout","time":151.646530726,"data":"[Game 1910] Range: 2-9 | Median/Mean: 4.0 / 3.696 | Fail: 0.785%\n"}
,{"stream_name":"stdout","time":152.421518763,"data":"[Game 1920] Range: 2-9 | Median/Mean: 4.0 / 3.697 | Fail: 0.781%\n"}
,{"stream_name":"stdout","time":153.179918007,"data":"[Game 1930] Range: 2-9 | Median/Mean: 4.0 / 3.699 | Fail: 0.777%\n"}
,{"stream_name":"stdout","time":153.917802562,"data":"[Game 1940] Range: 2-9 | Median/Mean: 4.0 / 3.700 | Fail: 0.773%\n"}
,{"stream_name":"stdout","time":154.60649742,"data":"[Game 1950] Range: 2-9 | Median/Mean: 4.0 / 3.701 | Fail: 0.769%\n"}
,{"stream_name":"stdout","time":155.623921592,"data":"[Game 1960] Range: 2-9 | Median/Mean: 4.0 / 3.707 | Fail: 0.816%\n"}
,{"stream_name":"stdout","time":156.392733993,"data":"[Game 1970] Range: 2-9 | Median/Mean: 4.0 / 3.708 | Fail: 0.812%\n"}
,{"stream_name":"stdout","time":157.155040958,"data":"[Game 1980] Range: 2-9 | Median/Mean: 4.0 / 3.710 | Fail: 0.859%\n"}
,{"stream_name":"stdout","time":157.870215034,"data":"[Game 1990] Range: 2-9 | Median/Mean: 4.0 / 3.711 | Fail: 0.854%\n"}
,{"stream_name":"stdout","time":158.557698813,"data":"[Game 2000] Range: 2-9 | Median/Mean: 4.0 / 3.712 | Fail: 0.900%\n"}
,{"stream_name":"stdout","time":159.332052334,"data":"[Game 2010] Range: 2-9 | Median/Mean: 4.0 / 3.714 | Fail: 0.896%\n"}
,{"stream_name":"stdout","time":160.056054557,"data":"[Game 2020] Range: 2-9 | Median/Mean: 4.0 / 3.714 | Fail: 0.891%\n"}
,{"stream_name":"stdout","time":160.830725666,"data":"[Game 2030] Range: 2-9 | Median/Mean: 4.0 / 3.715 | Fail: 0.887%\n"}
,{"stream_name":"stdout","time":161.636810468,"data":"[Game 2040] Range: 2-9 | Median/Mean: 4.0 / 3.718 | Fail: 0.882%\n"}
,{"stream_name":"stdout","time":162.501040163,"data":"[Game 2050] Range: 2-9 | Median/Mean: 4.0 / 3.721 | Fail: 0.927%\n"}
,{"stream_name":"stdout","time":163.255988553,"data":"[Game 2060] Range: 2-9 | Median/Mean: 4.0 / 3.721 | Fail: 0.922%\n"}
,{"stream_name":"stdout","time":164.019766103,"data":"[Game 2070] Range: 2-9 | Median/Mean: 4.0 / 3.724 | Fail: 0.966%\n"}
,{"stream_name":"stdout","time":164.964637177,"data":"[Game 2080] Range: 2-9 | Median/Mean: 4.0 / 3.727 | Fail: 1.010%\n"}
,{"stream_name":"stdout","time":165.667810602,"data":"[Game 2090] Range: 2-9 | Median/Mean: 4.0 / 3.727 | Fail: 1.005%\n"}
,{"stream_name":"stdout","time":166.544249312,"data":"[Game 2100] Range: 2-9 | Median/Mean: 4.0 / 3.730 | Fail: 1.000%\n"}
,{"stream_name":"stdout","time":167.419823295,"data":"[Game 2110] Range: 2-9 | Median/Mean: 4.0 / 3.731 | Fail: 0.995%\n"}
,{"stream_name":"stdout","time":168.071403021,"data":"[Game 2120] Range: 2-9 | Median/Mean: 4.0 / 3.730 | Fail: 0.991%\n"}
,{"stream_name":"stdout","time":168.791642297,"data":"[Game 2130] Range: 2-9 | Median/Mean: 4.0 / 3.731 | Fail: 0.986%\n"}
,{"stream_name":"stdout","time":169.739855283,"data":"[Game 2140] Range: 2-9 | Median/Mean: 4.0 / 3.734 | Fail: 0.981%\n"}
,{"stream_name":"stdout","time":170.500174312,"data":"[Game 2150] Range: 2-9 | Median/Mean: 4.0 / 3.734 | Fail: 0.977%\n"}
,{"stream_name":"stdout","time":171.349339495,"data":"[Game 2160] Range: 2-9 | Median/Mean: 4.0 / 3.736 | Fail: 0.972%\n"}
,{"stream_name":"stdout","time":172.28732457,"data":"[Game 2170] Range: 2-9 | Median/Mean: 4.0 / 3.739 | Fail: 0.968%\n"}
,{"stream_name":"stdout","time":173.093731396,"data":"[Game 2180] Range: 2-9 | Median/Mean: 4.0 / 3.741 | Fail: 0.963%\n"}
,{"stream_name":"stdout","time":173.82879336,"data":"[Game 2190] Range: 2-9 | Median/Mean: 4.0 / 3.742 | Fail: 0.959%\n"}
,{"stream_name":"stdout","time":174.613673774,"data":"[Game 2200] Range: 2-9 | Median/Mean: 4.0 / 3.744 | Fail: 0.955%\n"}
,{"stream_name":"stdout","time":175.424886393,"data":"[Game 2210] Range: 2-9 | Median/Mean: 4.0 / 3.744 | Fail: 0.950%\n"}
,{"stream_name":"stdout","time":176.180961779,"data":"[Game 2220] Range: 2-9 | Median/Mean: 4.0 / 3.745 | Fail: 0.946%\n"}
,{"stream_name":"stdout","time":177.0870796,"data":"[Game 2230] Range: 2-9 | Median/Mean: 4.0 / 3.748 | Fail: 0.987%\n"}
,{"stream_name":"stdout","time":177.989782442,"data":"[Game 2240] Range: 2-9 | Median/Mean: 4.0 / 3.751 | Fail: 0.982%\n"}
,{"stream_name":"stdout","time":178.844583436,"data":"[Game 2250] Range: 2-9 | Median/Mean: 4.0 / 3.753 | Fail: 1.022%\n"}
,{"stream_name":"stdout","time":179.657396968,"data":"[Game 2260] Range: 2-9 | Median/Mean: 4.0 / 3.754 | Fail: 1.062%\n"}
,{"stream_name":"stdout","time":180.313488633,"data":"[Game 2270] Range: 2-9 | Median/Mean: 4.0 / 3.753 | Fail: 1.057%\n"}
,{"stream_name":"stdout","time":181.072742347,"data":"[Game 2280] Range: 2-9 | Median/Mean: 4.0 / 3.754 | Fail: 1.053%\n"}
,{"stream_name":"stdout","time":181.895955221,"data":"[Game 2290] Range: 2-9 | Median/Mean: 4.0 / 3.757 | Fail: 1.135%\n"}
,{"stream_name":"stdout","time":182.632079924,"data":"[Game 2300] Range: 2-9 | Median/Mean: 4.0 / 3.757 | Fail: 1.130%\n"}
,{"stream_name":"stdout","time":183.254486014,"data":"[Game 2310] Range: 2-9 | Median/Mean: 4.0 / 3.756 | Fail: 1.126%\n"}
,{"stream_name":"stdout","time":183.795051419,"data":"Summary:\n"}
,{"stream_name":"stdout","time":183.804681269,"data":"Distribution across steps:\n"}
,{"stream_name":"stdout","time":183.812378948,"data":"Key Metrics:\n"}
,{"stream_name":"stderr","time":186.661291588,"data":"/opt/conda/lib/python3.7/site-packages/traitlets/traitlets.py:2567: FutureWarning: --Exporter.preprocessors=[\"remove_papermill_header.RemovePapermillHeader\"] for containers is deprecated in traitlets 5.0. You can pass `--Exporter.preprocessors item` ... multiple times to add items to a list.\n"}
,{"stream_name":"stderr","time":186.661351042,"data":"  FutureWarning,\n"}
,{"stream_name":"stderr","time":186.661359032,"data":"[NbConvertApp] Converting notebook __notebook__.ipynb to notebook\n"}
,{"stream_name":"stderr","time":187.010602819,"data":"[NbConvertApp] Writing 32623 bytes to __notebook__.ipynb\n"}
,{"stream_name":"stderr","time":189.051606972,"data":"/opt/conda/lib/python3.7/site-packages/traitlets/traitlets.py:2567: FutureWarning: --Exporter.preprocessors=[\"nbconvert.preprocessors.ExtractOutputPreprocessor\"] for containers is deprecated in traitlets 5.0. You can pass `--Exporter.preprocessors item` ... multiple times to add items to a list.\n"}
,{"stream_name":"stderr","time":189.051656865,"data":"  FutureWarning,\n"}
,{"stream_name":"stderr","time":189.051662203,"data":"[NbConvertApp] Converting notebook __notebook__.ipynb to html\n"}
,{"stream_name":"stderr","time":189.546731769,"data":"[NbConvertApp] Writing 306914 bytes to __results__.html\n"}
]