[{"stream_name":"stderr","time":11.47543153,"data":"/opt/conda/lib/python3.7/site-packages/papermill/iorw.py:50: FutureWarning: pyarrow.HadoopFileSystem is deprecated as of 2.0.0, please use pyarrow.fs.HadoopFileSystem instead.\n"}
,{"stream_name":"stderr","time":11.475533103,"data":"  from pyarrow import HadoopFileSystem\n"}
,{"stream_name":"stdout","time":12.287025096,"data":"[ ---------- ROATE ----------]\n"}
,{"stream_name":"stdout","time":13.08400683,"data":"[Game 10] Range: 3-5 | Median/Mean: 4.0 / 3.700 | Fail: 0.000%\n"}
,{"stream_name":"stdout","time":13.761515684,"data":"[Game 20] Range: 3-5 | Median/Mean: 3.0 / 3.500 | Fail: 0.000%\n"}
,{"stream_name":"stdout","time":14.453531158,"data":"[Game 30] Range: 2-5 | Median/Mean: 3.0 / 3.400 | Fail: 0.000%\n"}
,{"stream_name":"stdout","time":15.306526378,"data":"[Game 40] Range: 2-6 | Median/Mean: 3.0 / 3.475 | Fail: 0.000%\n"}
,{"stream_name":"stdout","time":16.045848681,"data":"[Game 50] Range: 2-6 | Median/Mean: 3.0 / 3.380 | Fail: 0.000%\n"}
,{"stream_name":"stdout","time":16.810734444,"data":"[Game 60] Range: 2-6 | Median/Mean: 3.0 / 3.383 | Fail: 0.000%\n"}
,{"stream_name":"stdout","time":17.564191103,"data":"[Game 70] Range: 2-6 | Median/Mean: 3.0 / 3.414 | Fail: 0.000%\n"}
,{"stream_name":"stdout","time":18.070449047,"data":"[Game 80] Range: 2-6 | Median/Mean: 3.0 / 3.375 | Fail: 0.000%\n"}
,{"stream_name":"stdout","time":18.88696822,"data":"[Game 90] Range: 2-6 | Median/Mean: 3.0 / 3.411 | Fail: 0.000%\n"}
,{"stream_name":"stdout","time":19.528052335,"data":"[Game 100] Range: 2-6 | Median/Mean: 3.0 / 3.390 | Fail: 0.000%\n"}
,{"stream_name":"stdout","time":20.270362797,"data":"[Game 110] Range: 2-6 | Median/Mean: 3.0 / 3.409 | Fail: 0.000%\n"}
,{"stream_name":"stdout","time":21.139148332,"data":"[Game 120] Range: 2-8 | Median/Mean: 3.0 / 3.450 | Fail: 0.833%\n"}
,{"stream_name":"stdout","time":21.85299712,"data":"[Game 130] Range: 2-8 | Median/Mean: 3.0 / 3.454 | Fail: 0.769%\n"}
,{"stream_name":"stdout","time":22.589743578,"data":"[Game 140] Range: 2-8 | Median/Mean: 3.0 / 3.471 | Fail: 0.714%\n"}
,{"stream_name":"stdout","time":23.222626594,"data":"[Game 150] Range: 2-8 | Median/Mean: 3.0 / 3.447 | Fail: 0.667%\n"}
,{"stream_name":"stdout","time":23.805029486,"data":"[Game 160] Range: 2-8 | Median/Mean: 3.0 / 3.438 | Fail: 0.625%\n"}
,{"stream_name":"stdout","time":24.539651482,"data":"[Game 170] Range: 2-8 | Median/Mean: 3.0 / 3.429 | Fail: 0.588%\n"}
,{"stream_name":"stdout","time":25.201663234,"data":"[Game 180] Range: 2-8 | Median/Mean: 3.0 / 3.417 | Fail: 0.556%\n"}
,{"stream_name":"stdout","time":25.861419088,"data":"[Game 190] Range: 2-8 | Median/Mean: 3.0 / 3.400 | Fail: 0.526%\n"}
,{"stream_name":"stdout","time":26.579275213,"data":"[Game 200] Range: 2-8 | Median/Mean: 3.0 / 3.405 | Fail: 0.500%\n"}
,{"stream_name":"stdout","time":27.392937194,"data":"[Game 210] Range: 2-8 | Median/Mean: 3.0 / 3.414 | Fail: 0.476%\n"}
,{"stream_name":"stdout","time":28.091624358,"data":"[Game 220] Range: 2-8 | Median/Mean: 3.0 / 3.405 | Fail: 0.455%\n"}
,{"stream_name":"stdout","time":28.810016388,"data":"[Game 230] Range: 2-8 | Median/Mean: 3.0 / 3.396 | Fail: 0.435%\n"}
,{"stream_name":"stdout","time":29.574003788,"data":"[Game 240] Range: 2-8 | Median/Mean: 3.0 / 3.408 | Fail: 0.417%\n"}
,{"stream_name":"stdout","time":30.370160457,"data":"[Game 250] Range: 2-8 | Median/Mean: 3.0 / 3.416 | Fail: 0.400%\n"}
,{"stream_name":"stdout","time":31.090265653,"data":"[Game 260] Range: 2-8 | Median/Mean: 3.0 / 3.415 | Fail: 0.385%\n"}
,{"stream_name":"stdout","time":31.765931574,"data":"[Game 270] Range: 2-8 | Median/Mean: 3.0 / 3.411 | Fail: 0.370%\n"}
,{"stream_name":"stdout","time":32.412458326,"data":"[Game 280] Range: 2-8 | Median/Mean: 3.0 / 3.407 | Fail: 0.357%\n"}
,{"stream_name":"stdout","time":33.108100756,"data":"[Game 290] Range: 2-8 | Median/Mean: 3.0 / 3.407 | Fail: 0.345%\n"}
,{"stream_name":"stdout","time":33.741703201,"data":"[Game 300] Range: 2-8 | Median/Mean: 3.0 / 3.403 | Fail: 0.333%\n"}
,{"stream_name":"stdout","time":34.507109145,"data":"[Game 310] Range: 2-8 | Median/Mean: 3.0 / 3.406 | Fail: 0.323%\n"}
,{"stream_name":"stdout","time":35.236066472,"data":"[Game 320] Range: 2-8 | Median/Mean: 3.0 / 3.413 | Fail: 0.312%\n"}
,{"stream_name":"stdout","time":36.122556957,"data":"[Game 330] Range: 2-8 | Median/Mean: 3.0 / 3.421 | Fail: 0.606%\n"}
,{"stream_name":"stdout","time":36.889349669,"data":"[Game 340] Range: 2-8 | Median/Mean: 3.0 / 3.421 | Fail: 0.588%\n"}
,{"stream_name":"stdout","time":37.638818362,"data":"[Game 350] Range: 2-8 | Median/Mean: 3.0 / 3.420 | Fail: 0.571%\n"}
,{"stream_name":"stdout","time":38.203570125,"data":"[Game 360] Range: 2-8 | Median/Mean: 3.0 / 3.414 | Fail: 0.556%\n"}
,{"stream_name":"stdout","time":38.911369013,"data":"[Game 370] Range: 2-8 | Median/Mean: 3.0 / 3.416 | Fail: 0.541%\n"}
,{"stream_name":"stdout","time":39.618780853,"data":"[Game 380] Range: 2-8 | Median/Mean: 3.0 / 3.418 | Fail: 0.526%\n"}
,{"stream_name":"stdout","time":40.245765237,"data":"[Game 390] Range: 2-8 | Median/Mean: 3.0 / 3.415 | Fail: 0.513%\n"}
,{"stream_name":"stdout","time":41.101790228,"data":"[Game 400] Range: 2-8 | Median/Mean: 3.0 / 3.430 | Fail: 0.500%\n"}
,{"stream_name":"stdout","time":41.950100725,"data":"[Game 410] Range: 2-8 | Median/Mean: 3.0 / 3.444 | Fail: 0.488%\n"}
,{"stream_name":"stdout","time":42.731158242,"data":"[Game 420] Range: 2-8 | Median/Mean: 3.0 / 3.455 | Fail: 0.476%\n"}
,{"stream_name":"stdout","time":43.598176287,"data":"[Game 430] Range: 2-8 | Median/Mean: 3.0 / 3.467 | Fail: 0.465%\n"}
,{"stream_name":"stdout","time":44.360636858,"data":"[Game 440] Range: 2-8 | Median/Mean: 3.0 / 3.473 | Fail: 0.455%\n"}
,{"stream_name":"stdout","time":45.009974687,"data":"[Game 450] Range: 2-8 | Median/Mean: 3.0 / 3.469 | Fail: 0.444%\n"}
,{"stream_name":"stdout","time":45.774220985,"data":"[Game 460] Range: 2-8 | Median/Mean: 3.0 / 3.467 | Fail: 0.435%\n"}
,{"stream_name":"stdout","time":46.483120028,"data":"[Game 470] Range: 2-8 | Median/Mean: 3.0 / 3.470 | Fail: 0.426%\n"}
,{"stream_name":"stdout","time":47.229856918,"data":"[Game 480] Range: 2-8 | Median/Mean: 3.0 / 3.473 | Fail: 0.417%\n"}
,{"stream_name":"stdout","time":48.089778416,"data":"[Game 490] Range: 2-8 | Median/Mean: 3.0 / 3.478 | Fail: 0.408%\n"}
,{"stream_name":"stdout","time":48.848660205,"data":"[Game 500] Range: 2-8 | Median/Mean: 3.0 / 3.482 | Fail: 0.400%\n"}
,{"stream_name":"stdout","time":49.768811447,"data":"[Game 510] Range: 2-9 | Median/Mean: 3.0 / 3.500 | Fail: 0.588%\n"}
,{"stream_name":"stdout","time":50.593705366,"data":"[Game 520] Range: 2-9 | Median/Mean: 3.0 / 3.508 | Fail: 0.577%\n"}
,{"stream_name":"stdout","time":51.355641897,"data":"[Game 530] Range: 2-9 | Median/Mean: 3.0 / 3.509 | Fail: 0.566%\n"}
,{"stream_name":"stdout","time":52.169700883,"data":"[Game 540] Range: 2-9 | Median/Mean: 3.0 / 3.517 | Fail: 0.556%\n"}
,{"stream_name":"stdout","time":53.026559795,"data":"[Game 550] Range: 2-9 | Median/Mean: 3.0 / 3.524 | Fail: 0.545%\n"}
,{"stream_name":"stdout","time":53.949574994,"data":"[Game 560] Range: 2-9 | Median/Mean: 3.0 / 3.538 | Fail: 0.714%\n"}
,{"stream_name":"stdout","time":54.577827708,"data":"[Game 570] Range: 2-9 | Median/Mean: 3.0 / 3.533 | Fail: 0.702%\n"}
,{"stream_name":"stdout","time":55.272316325,"data":"[Game 580] Range: 2-9 | Median/Mean: 3.0 / 3.531 | Fail: 0.690%\n"}
,{"stream_name":"stdout","time":56.132607763,"data":"[Game 590] Range: 2-9 | Median/Mean: 3.0 / 3.539 | Fail: 0.678%\n"}
,{"stream_name":"stdout","time":56.657542939,"data":"[Game 600] Range: 2-9 | Median/Mean: 3.0 / 3.530 | Fail: 0.667%\n"}
,{"stream_name":"stdout","time":57.413635256,"data":"[Game 610] Range: 2-9 | Median/Mean: 3.0 / 3.531 | Fail: 0.656%\n"}
,{"stream_name":"stdout","time":58.18234101,"data":"[Game 620] Range: 2-9 | Median/Mean: 3.0 / 3.532 | Fail: 0.645%\n"}
,{"stream_name":"stdout","time":58.90569921,"data":"[Game 630] Range: 2-9 | Median/Mean: 3.0 / 3.533 | Fail: 0.635%\n"}
,{"stream_name":"stdout","time":59.840125027,"data":"[Game 640] Range: 2-9 | Median/Mean: 3.0 / 3.541 | Fail: 0.781%\n"}
,{"stream_name":"stdout","time":60.625462433,"data":"[Game 650] Range: 2-9 | Median/Mean: 3.0 / 3.545 | Fail: 0.769%\n"}
,{"stream_name":"stdout","time":61.312529802,"data":"[Game 660] Range: 2-9 | Median/Mean: 3.0 / 3.544 | Fail: 0.758%\n"}
,{"stream_name":"stdout","time":62.163848098,"data":"[Game 670] Range: 2-9 | Median/Mean: 3.0 / 3.551 | Fail: 0.746%\n"}
,{"stream_name":"stdout","time":63.007195994,"data":"[Game 680] Range: 2-9 | Median/Mean: 3.0 / 3.556 | Fail: 0.735%\n"}
,{"stream_name":"stdout","time":63.654559272,"data":"[Game 690] Range: 2-9 | Median/Mean: 3.0 / 3.557 | Fail: 0.725%\n"}
,{"stream_name":"stdout","time":64.308074585,"data":"[Game 700] Range: 2-9 | Median/Mean: 3.0 / 3.554 | Fail: 0.714%\n"}
,{"stream_name":"stdout","time":65.13656383,"data":"[Game 710] Range: 2-9 | Median/Mean: 3.5 / 3.559 | Fail: 0.704%\n"}
,{"stream_name":"stdout","time":65.750945815,"data":"[Game 720] Range: 2-9 | Median/Mean: 3.0 / 3.554 | Fail: 0.694%\n"}
,{"stream_name":"stdout","time":66.433720893,"data":"[Game 730] Range: 2-9 | Median/Mean: 3.0 / 3.553 | Fail: 0.685%\n"}
,{"stream_name":"stdout","time":67.144444944,"data":"[Game 740] Range: 2-9 | Median/Mean: 3.0 / 3.554 | Fail: 0.676%\n"}
,{"stream_name":"stdout","time":68.023667245,"data":"[Game 750] Range: 2-9 | Median/Mean: 3.0 / 3.556 | Fail: 0.667%\n"}
,{"stream_name":"stdout","time":68.766045916,"data":"[Game 760] Range: 2-9 | Median/Mean: 3.0 / 3.555 | Fail: 0.658%\n"}
,{"stream_name":"stdout","time":69.568977341,"data":"[Game 770] Range: 2-9 | Median/Mean: 3.0 / 3.558 | Fail: 0.649%\n"}
,{"stream_name":"stdout","time":70.465939075,"data":"[Game 780] Range: 2-9 | Median/Mean: 4.0 / 3.563 | Fail: 0.641%\n"}
,{"stream_name":"stdout","time":71.30813084,"data":"[Game 790] Range: 2-9 | Median/Mean: 4.0 / 3.566 | Fail: 0.633%\n"}
,{"stream_name":"stdout","time":71.934708934,"data":"[Game 800] Range: 2-9 | Median/Mean: 3.5 / 3.560 | Fail: 0.625%\n"}
,{"stream_name":"stdout","time":72.681564593,"data":"[Game 810] Range: 2-9 | Median/Mean: 4.0 / 3.562 | Fail: 0.617%\n"}
,{"stream_name":"stdout","time":73.425335834,"data":"[Game 820] Range: 2-9 | Median/Mean: 4.0 / 3.560 | Fail: 0.610%\n"}
,{"stream_name":"stdout","time":74.179486325,"data":"[Game 830] Range: 2-9 | Median/Mean: 4.0 / 3.561 | Fail: 0.602%\n"}
,{"stream_name":"stdout","time":74.804162468,"data":"[Game 840] Range: 2-9 | Median/Mean: 4.0 / 3.560 | Fail: 0.595%\n"}
,{"stream_name":"stdout","time":75.562117307,"data":"[Game 850] Range: 2-9 | Median/Mean: 4.0 / 3.564 | Fail: 0.706%\n"}
,{"stream_name":"stdout","time":76.391017537,"data":"[Game 860] Range: 2-9 | Median/Mean: 4.0 / 3.570 | Fail: 0.698%\n"}
,{"stream_name":"stdout","time":77.078941366,"data":"[Game 870] Range: 2-9 | Median/Mean: 4.0 / 3.569 | Fail: 0.690%\n"}
,{"stream_name":"stdout","time":77.758595573,"data":"[Game 880] Range: 2-9 | Median/Mean: 4.0 / 3.566 | Fail: 0.682%\n"}
,{"stream_name":"stdout","time":78.596269996,"data":"[Game 890] Range: 2-9 | Median/Mean: 4.0 / 3.571 | Fail: 0.787%\n"}
,{"stream_name":"stdout","time":79.310979751,"data":"[Game 900] Range: 2-9 | Median/Mean: 4.0 / 3.572 | Fail: 0.778%\n"}
,{"stream_name":"stdout","time":80.064886631,"data":"[Game 910] Range: 2-9 | Median/Mean: 4.0 / 3.576 | Fail: 0.769%\n"}
,{"stream_name":"stdout","time":80.842284877,"data":"[Game 920] Range: 2-9 | Median/Mean: 4.0 / 3.577 | Fail: 0.761%\n"}
,{"stream_name":"stdout","time":81.633339312,"data":"[Game 930] Range: 2-9 | Median/Mean: 4.0 / 3.581 | Fail: 0.753%\n"}
,{"stream_name":"stdout","time":82.400802347,"data":"[Game 940] Range: 2-9 | Median/Mean: 4.0 / 3.581 | Fail: 0.745%\n"}
,{"stream_name":"stdout","time":83.210358896,"data":"[Game 950] Range: 2-9 | Median/Mean: 4.0 / 3.583 | Fail: 0.737%\n"}
,{"stream_name":"stdout","time":84.007492645,"data":"[Game 960] Range: 2-9 | Median/Mean: 4.0 / 3.586 | Fail: 0.729%\n"}
,{"stream_name":"stdout","time":84.754075969,"data":"[Game 970] Range: 2-9 | Median/Mean: 4.0 / 3.587 | Fail: 0.722%\n"}
,{"stream_name":"stdout","time":85.508512838,"data":"[Game 980] Range: 2-9 | Median/Mean: 4.0 / 3.586 | Fail: 0.714%\n"}
,{"stream_name":"stdout","time":86.246445961,"data":"[Game 990] Range: 2-9 | Median/Mean: 4.0 / 3.587 | Fail: 0.707%\n"}
,{"stream_name":"stdout","time":86.941166173,"data":"[Game 1000] Range: 2-9 | Median/Mean: 4.0 / 3.586 | Fail: 0.700%\n"}
,{"stream_name":"stdout","time":87.718036721,"data":"[Game 1010] Range: 2-9 | Median/Mean: 4.0 / 3.587 | Fail: 0.693%\n"}
,{"stream_name":"stdout","time":88.551830224,"data":"[Game 1020] Range: 2-9 | Median/Mean: 4.0 / 3.591 | Fail: 0.686%\n"}
,{"stream_name":"stdout","time":89.297040333,"data":"[Game 1030] Range: 2-9 | Median/Mean: 4.0 / 3.592 | Fail: 0.680%\n"}
,{"stream_name":"stdout","time":90.16722741,"data":"[Game 1040] Range: 2-9 | Median/Mean: 4.0 / 3.595 | Fail: 0.673%\n"}
,{"stream_name":"stdout","time":90.955171919,"data":"[Game 1050] Range: 2-9 | Median/Mean: 4.0 / 3.597 | Fail: 0.667%\n"}
,{"stream_name":"stdout","time":91.765271175,"data":"[Game 1060] Range: 2-9 | Median/Mean: 4.0 / 3.601 | Fail: 0.660%\n"}
,{"stream_name":"stdout","time":92.524813269,"data":"[Game 1070] Range: 2-9 | Median/Mean: 4.0 / 3.603 | Fail: 0.654%\n"}
,{"stream_name":"stdout","time":93.371868453,"data":"[Game 1080] Range: 2-9 | Median/Mean: 4.0 / 3.607 | Fail: 0.648%\n"}
,{"stream_name":"stdout","time":94.18130599,"data":"[Game 1090] Range: 2-9 | Median/Mean: 4.0 / 3.611 | Fail: 0.642%\n"}
,{"stream_name":"stdout","time":94.918411588,"data":"[Game 1100] Range: 2-9 | Median/Mean: 4.0 / 3.612 | Fail: 0.636%\n"}
,{"stream_name":"stdout","time":95.668093665,"data":"[Game 1110] Range: 2-9 | Median/Mean: 4.0 / 3.614 | Fail: 0.631%\n"}
,{"stream_name":"stdout","time":96.317444771,"data":"[Game 1120] Range: 2-9 | Median/Mean: 4.0 / 3.611 | Fail: 0.625%\n"}
,{"stream_name":"stdout","time":97.08145095,"data":"[Game 1130] Range: 2-9 | Median/Mean: 4.0 / 3.612 | Fail: 0.619%\n"}
,{"stream_name":"stdout","time":97.777453583,"data":"[Game 1140] Range: 2-9 | Median/Mean: 4.0 / 3.612 | Fail: 0.614%\n"}
,{"stream_name":"stdout","time":98.489452678,"data":"[Game 1150] Range: 2-9 | Median/Mean: 4.0 / 3.612 | Fail: 0.609%\n"}
,{"stream_name":"stdout","time":99.067913835,"data":"[Game 1160] Range: 2-9 | Median/Mean: 4.0 / 3.610 | Fail: 0.603%\n"}
,{"stream_name":"stdout","time":99.768184139,"data":"[Game 1170] Range: 2-9 | Median/Mean: 4.0 / 3.609 | Fail: 0.598%\n"}
,{"stream_name":"stdout","time":100.426947397,"data":"[Game 1180] Range: 2-9 | Median/Mean: 4.0 / 3.607 | Fail: 0.593%\n"}
,{"stream_name":"stdout","time":101.181365201,"data":"[Game 1190] Range: 2-9 | Median/Mean: 4.0 / 3.607 | Fail: 0.588%\n"}
,{"stream_name":"stdout","time":101.907888549,"data":"[Game 1200] Range: 2-9 | Median/Mean: 4.0 / 3.609 | Fail: 0.583%\n"}
,{"stream_name":"stdout","time":102.744256973,"data":"[Game 1210] Range: 2-9 | Median/Mean: 4.0 / 3.611 | Fail: 0.579%\n"}
,{"stream_name":"stdout","time":103.75536917,"data":"[Game 1220] Range: 2-9 | Median/Mean: 4.0 / 3.618 | Fail: 0.574%\n"}
,{"stream_name":"stdout","time":104.554098332,"data":"[Game 1230] Range: 2-9 | Median/Mean: 4.0 / 3.621 | Fail: 0.650%\n"}
,{"stream_name":"stdout","time":105.354594018,"data":"[Game 1240] Range: 2-9 | Median/Mean: 4.0 / 3.623 | Fail: 0.645%\n"}
,{"stream_name":"stdout","time":106.057867204,"data":"[Game 1250] Range: 2-9 | Median/Mean: 4.0 / 3.623 | Fail: 0.640%\n"}
,{"stream_name":"stdout","time":106.797185644,"data":"[Game 1260] Range: 2-9 | Median/Mean: 4.0 / 3.625 | Fail: 0.714%\n"}
,{"stream_name":"stdout","time":107.495755091,"data":"[Game 1270] Range: 2-9 | Median/Mean: 4.0 / 3.621 | Fail: 0.709%\n"}
,{"stream_name":"stdout","time":108.174916484,"data":"[Game 1280] Range: 2-9 | Median/Mean: 4.0 / 3.620 | Fail: 0.703%\n"}
,{"stream_name":"stdout","time":108.861946342,"data":"[Game 1290] Range: 2-9 | Median/Mean: 4.0 / 3.619 | Fail: 0.698%\n"}
,{"stream_name":"stdout","time":109.616400836,"data":"[Game 1300] Range: 2-9 | Median/Mean: 4.0 / 3.618 | Fail: 0.692%\n"}
,{"stream_name":"stdout","time":110.24033745,"data":"[Game 1310] Range: 2-9 | Median/Mean: 4.0 / 3.618 | Fail: 0.687%\n"}
,{"stream_name":"stdout","time":111.141102656,"data":"[Game 1320] Range: 2-9 | Median/Mean: 4.0 / 3.621 | Fail: 0.682%\n"}
,{"stream_name":"stdout","time":111.930303574,"data":"[Game 1330] Range: 2-9 | Median/Mean: 4.0 / 3.623 | Fail: 0.677%\n"}
,{"stream_name":"stdout","time":112.736181164,"data":"[Game 1340] Range: 2-9 | Median/Mean: 4.0 / 3.625 | Fail: 0.672%\n"}
,{"stream_name":"stdout","time":113.372112948,"data":"[Game 1350] Range: 2-9 | Median/Mean: 4.0 / 3.621 | Fail: 0.667%\n"}
,{"stream_name":"stdout","time":114.080979155,"data":"[Game 1360] Range: 2-9 | Median/Mean: 4.0 / 3.620 | Fail: 0.662%\n"}
,{"stream_name":"stdout","time":114.936625014,"data":"[Game 1370] Range: 2-9 | Median/Mean: 4.0 / 3.623 | Fail: 0.657%\n"}
,{"stream_name":"stdout","time":115.654654992,"data":"[Game 1380] Range: 2-9 | Median/Mean: 4.0 / 3.624 | Fail: 0.652%\n"}
,{"stream_name":"stdout","time":116.352789681,"data":"[Game 1390] Range: 2-9 | Median/Mean: 4.0 / 3.624 | Fail: 0.647%\n"}
,{"stream_name":"stdout","time":117.281483587,"data":"[Game 1400] Range: 2-9 | Median/Mean: 4.0 / 3.629 | Fail: 0.643%\n"}
,{"stream_name":"stdout","time":118.040940622,"data":"[Game 1410] Range: 2-9 | Median/Mean: 4.0 / 3.630 | Fail: 0.638%\n"}
,{"stream_name":"stdout","time":118.731083626,"data":"[Game 1420] Range: 2-9 | Median/Mean: 4.0 / 3.629 | Fail: 0.634%\n"}
,{"stream_name":"stdout","time":119.473878741,"data":"[Game 1430] Range: 2-9 | Median/Mean: 4.0 / 3.630 | Fail: 0.629%\n"}
,{"stream_name":"stdout","time":120.259863838,"data":"[Game 1440] Range: 2-9 | Median/Mean: 4.0 / 3.631 | Fail: 0.625%\n"}
,{"stream_name":"stdout","time":121.221092903,"data":"[Game 1450] Range: 2-9 | Median/Mean: 4.0 / 3.637 | Fail: 0.690%\n"}
,{"stream_name":"stdout","time":121.81372697,"data":"[Game 1460] Range: 2-9 | Median/Mean: 4.0 / 3.636 | Fail: 0.685%\n"}
,{"stream_name":"stdout","time":122.577341656,"data":"[Game 1470] Range: 2-9 | Median/Mean: 4.0 / 3.635 | Fail: 0.680%\n"}
,{"stream_name":"stdout","time":123.406957793,"data":"[Game 1480] Range: 2-9 | Median/Mean: 4.0 / 3.639 | Fail: 0.676%\n"}
,{"stream_name":"stdout","time":124.205481618,"data":"[Game 1490] Range: 2-9 | Median/Mean: 4.0 / 3.640 | Fail: 0.671%\n"}
,{"stream_name":"stdout","time":124.868513581,"data":"[Game 1500] Range: 2-9 | Median/Mean: 4.0 / 3.639 | Fail: 0.667%\n"}
,{"stream_name":"stdout","time":125.6333998,"data":"[Game 1510] Range: 2-9 | Median/Mean: 4.0 / 3.639 | Fail: 0.662%\n"}
,{"stream_name":"stdout","time":126.431946902,"data":"[Game 1520] Range: 2-9 | Median/Mean: 4.0 / 3.641 | Fail: 0.658%\n"}
,{"stream_name":"stdout","time":127.286026499,"data":"[Game 1530] Range: 2-9 | Median/Mean: 4.0 / 3.645 | Fail: 0.654%\n"}
,{"stream_name":"stdout","time":128.116301557,"data":"[Game 1540] Range: 2-9 | Median/Mean: 4.0 / 3.647 | Fail: 0.649%\n"}
,{"stream_name":"stdout","time":128.967577886,"data":"[Game 1550] Range: 2-9 | Median/Mean: 4.0 / 3.650 | Fail: 0.645%\n"}
,{"stream_name":"stdout","time":129.743308469,"data":"[Game 1560] Range: 2-9 | Median/Mean: 4.0 / 3.652 | Fail: 0.641%\n"}
,{"stream_name":"stdout","time":130.502313692,"data":"[Game 1570] Range: 2-9 | Median/Mean: 4.0 / 3.654 | Fail: 0.637%\n"}
,{"stream_name":"stdout","time":131.227468924,"data":"[Game 1580] Range: 2-9 | Median/Mean: 4.0 / 3.655 | Fail: 0.633%\n"}
,{"stream_name":"stdout","time":132.005655395,"data":"[Game 1590] Range: 2-9 | Median/Mean: 4.0 / 3.655 | Fail: 0.629%\n"}
,{"stream_name":"stdout","time":132.789983214,"data":"[Game 1600] Range: 2-9 | Median/Mean: 4.0 / 3.657 | Fail: 0.625%\n"}
,{"stream_name":"stdout","time":133.697235878,"data":"[Game 1610] Range: 2-9 | Median/Mean: 4.0 / 3.660 | Fail: 0.621%\n"}
,{"stream_name":"stdout","time":134.471265631,"data":"[Game 1620] Range: 2-9 | Median/Mean: 4.0 / 3.661 | Fail: 0.617%\n"}
,{"stream_name":"stdout","time":135.246269957,"data":"[Game 1630] Range: 2-9 | Median/Mean: 4.0 / 3.663 | Fail: 0.613%\n"}
,{"stream_name":"stdout","time":136.08264924,"data":"[Game 1640] Range: 2-9 | Median/Mean: 4.0 / 3.666 | Fail: 0.610%\n"}
,{"stream_name":"stdout","time":136.85548712,"data":"[Game 1650] Range: 2-9 | Median/Mean: 4.0 / 3.667 | Fail: 0.606%\n"}
,{"stream_name":"stdout","time":137.65086113,"data":"[Game 1660] Range: 2-9 | Median/Mean: 4.0 / 3.667 | Fail: 0.602%\n"}
,{"stream_name":"stdout","time":138.377016609,"data":"[Game 1670] Range: 2-9 | Median/Mean: 4.0 / 3.668 | Fail: 0.599%\n"}
,{"stream_name":"stdout","time":139.15079144,"data":"[Game 1680] Range: 2-9 | Median/Mean: 4.0 / 3.668 | Fail: 0.595%\n"}
,{"stream_name":"stdout","time":139.908947229,"data":"[Game 1690] Range: 2-9 | Median/Mean: 4.0 / 3.669 | Fail: 0.592%\n"}
,{"stream_name":"stdout","time":140.706887526,"data":"[Game 1700] Range: 2-9 | Median/Mean: 4.0 / 3.671 | Fail: 0.588%\n"}
,{"stream_name":"stdout","time":141.542350314,"data":"[Game 1710] Range: 2-9 | Median/Mean: 4.0 / 3.673 | Fail: 0.643%\n"}
,{"stream_name":"stdout","time":142.404776942,"data":"[Game 1720] Range: 2-9 | Median/Mean: 4.0 / 3.675 | Fail: 0.698%\n"}
,{"stream_name":"stdout","time":143.284354457,"data":"[Game 1730] Range: 2-9 | Median/Mean: 4.0 / 3.677 | Fail: 0.694%\n"}
,{"stream_name":"stdout","time":144.236525977,"data":"[Game 1740] Range: 2-9 | Median/Mean: 4.0 / 3.682 | Fail: 0.690%\n"}
,{"stream_name":"stdout","time":145.000723712,"data":"[Game 1750] Range: 2-9 | Median/Mean: 4.0 / 3.683 | Fail: 0.686%\n"}
,{"stream_name":"stdout","time":145.728656744,"data":"[Game 1760] Range: 2-9 | Median/Mean: 4.0 / 3.681 | Fail: 0.682%\n"}
,{"stream_name":"stdout","time":146.407848969,"data":"[Game 1770] Range: 2-9 | Median/Mean: 4.0 / 3.681 | Fail: 0.678%\n"}
,{"stream_name":"stdout","time":147.201341882,"data":"[Game 1780] Range: 2-9 | Median/Mean: 4.0 / 3.683 | Fail: 0.674%\n"}
,{"stream_name":"stdout","time":147.895528202,"data":"[Game 1790] Range: 2-9 | Median/Mean: 4.0 / 3.683 | Fail: 0.670%\n"}
,{"stream_name":"stdout","time":148.652818233,"data":"[Game 1800] Range: 2-9 | Median/Mean: 4.0 / 3.683 | Fail: 0.667%\n"}
,{"stream_name":"stdout","time":149.414920465,"data":"[Game 1810] Range: 2-9 | Median/Mean: 4.0 / 3.685 | Fail: 0.663%\n"}
,{"stream_name":"stdout","time":150.262704208,"data":"[Game 1820] Range: 2-9 | Median/Mean: 4.0 / 3.687 | Fail: 0.659%\n"}
,{"stream_name":"stdout","time":151.065840165,"data":"[Game 1830] Range: 2-9 | Median/Mean: 4.0 / 3.687 | Fail: 0.656%\n"}
,{"stream_name":"stdout","time":151.71678182,"data":"[Game 1840] Range: 2-9 | Median/Mean: 4.0 / 3.686 | Fail: 0.652%\n"}
,{"stream_name":"stdout","time":152.626629104,"data":"[Game 1850] Range: 2-9 | Median/Mean: 4.0 / 3.690 | Fail: 0.649%\n"}
,{"stream_name":"stdout","time":153.302162334,"data":"[Game 1860] Range: 2-9 | Median/Mean: 4.0 / 3.689 | Fail: 0.645%\n"}
,{"stream_name":"stdout","time":153.924769106,"data":"[Game 1870] Range: 2-9 | Median/Mean: 4.0 / 3.689 | Fail: 0.642%\n"}
,{"stream_name":"stdout","time":154.724660658,"data":"[Game 1880] Range: 2-9 | Median/Mean: 4.0 / 3.691 | Fail: 0.638%\n"}
,{"stream_name":"stdout","time":155.552562717,"data":"[Game 1890] Range: 2-9 | Median/Mean: 4.0 / 3.693 | Fail: 0.635%\n"}
,{"stream_name":"stdout","time":156.449803133,"data":"[Game 1900] Range: 2-9 | Median/Mean: 4.0 / 3.696 | Fail: 0.632%\n"}
,{"stream_name":"stdout","time":157.430751225,"data":"[Game 1910] Range: 2-9 | Median/Mean: 4.0 / 3.700 | Fail: 0.681%\n"}
,{"stream_name":"stdout","time":158.223352303,"data":"[Game 1920] Range: 2-9 | Median/Mean: 4.0 / 3.702 | Fail: 0.677%\n"}
,{"stream_name":"stdout","time":158.894484824,"data":"[Game 1930] Range: 2-9 | Median/Mean: 4.0 / 3.701 | Fail: 0.674%\n"}
,{"stream_name":"stdout","time":159.533228025,"data":"[Game 1940] Range: 2-9 | Median/Mean: 4.0 / 3.700 | Fail: 0.670%\n"}
,{"stream_name":"stdout","time":160.339991311,"data":"[Game 1950] Range: 2-9 | Median/Mean: 4.0 / 3.702 | Fail: 0.667%\n"}
,{"stream_name":"stdout","time":161.179393535,"data":"[Game 1960] Range: 2-9 | Median/Mean: 4.0 / 3.705 | Fail: 0.663%\n"}
,{"stream_name":"stdout","time":161.980677216,"data":"[Game 1970] Range: 2-9 | Median/Mean: 4.0 / 3.707 | Fail: 0.660%\n"}
,{"stream_name":"stdout","time":162.805521594,"data":"[Game 1980] Range: 2-9 | Median/Mean: 4.0 / 3.708 | Fail: 0.657%\n"}
,{"stream_name":"stdout","time":163.507819331,"data":"[Game 1990] Range: 2-9 | Median/Mean: 4.0 / 3.707 | Fail: 0.653%\n"}
,{"stream_name":"stdout","time":164.312059045,"data":"[Game 2000] Range: 2-9 | Median/Mean: 4.0 / 3.708 | Fail: 0.700%\n"}
,{"stream_name":"stdout","time":165.233413458,"data":"[Game 2010] Range: 2-9 | Median/Mean: 4.0 / 3.710 | Fail: 0.697%\n"}
,{"stream_name":"stdout","time":166.022452423,"data":"[Game 2020] Range: 2-9 | Median/Mean: 4.0 / 3.713 | Fail: 0.693%\n"}
,{"stream_name":"stdout","time":166.685018288,"data":"[Game 2030] Range: 2-9 | Median/Mean: 4.0 / 3.712 | Fail: 0.690%\n"}
,{"stream_name":"stdout","time":167.31519541,"data":"[Game 2040] Range: 2-9 | Median/Mean: 4.0 / 3.712 | Fail: 0.686%\n"}
,{"stream_name":"stdout","time":168.263984536,"data":"[Game 2050] Range: 2-9 | Median/Mean: 4.0 / 3.715 | Fail: 0.683%\n"}
,{"stream_name":"stdout","time":168.978569474,"data":"[Game 2060] Range: 2-9 | Median/Mean: 4.0 / 3.715 | Fail: 0.680%\n"}
,{"stream_name":"stdout","time":169.865745438,"data":"[Game 2070] Range: 2-9 | Median/Mean: 4.0 / 3.718 | Fail: 0.725%\n"}
,{"stream_name":"stdout","time":170.646412304,"data":"[Game 2080] Range: 2-9 | Median/Mean: 4.0 / 3.718 | Fail: 0.721%\n"}
,{"stream_name":"stdout","time":171.406213352,"data":"[Game 2090] Range: 2-9 | Median/Mean: 4.0 / 3.720 | Fail: 0.718%\n"}
,{"stream_name":"stdout","time":172.228970161,"data":"[Game 2100] Range: 2-9 | Median/Mean: 4.0 / 3.722 | Fail: 0.714%\n"}
,{"stream_name":"stdout","time":173.049861354,"data":"[Game 2110] Range: 2-9 | Median/Mean: 4.0 / 3.724 | Fail: 0.711%\n"}
,{"stream_name":"stdout","time":173.905350325,"data":"[Game 2120] Range: 2-9 | Median/Mean: 4.0 / 3.725 | Fail: 0.708%\n"}
,{"stream_name":"stdout","time":174.782309931,"data":"[Game 2130] Range: 2-9 | Median/Mean: 4.0 / 3.728 | Fail: 0.751%\n"}
,{"stream_name":"stdout","time":175.71547894,"data":"[Game 2140] Range: 2-9 | Median/Mean: 4.0 / 3.731 | Fail: 0.748%\n"}
,{"stream_name":"stdout","time":176.670953398,"data":"[Game 2150] Range: 2-9 | Median/Mean: 4.0 / 3.734 | Fail: 0.744%\n"}
,{"stream_name":"stdout","time":177.516090597,"data":"[Game 2160] Range: 2-9 | Median/Mean: 4.0 / 3.736 | Fail: 0.741%\n"}
,{"stream_name":"stdout","time":178.493494545,"data":"[Game 2170] Range: 2-9 | Median/Mean: 4.0 / 3.739 | Fail: 0.737%\n"}
,{"stream_name":"stdout","time":179.289347421,"data":"[Game 2180] Range: 2-9 | Median/Mean: 4.0 / 3.740 | Fail: 0.734%\n"}
,{"stream_name":"stdout","time":179.905135568,"data":"[Game 2190] Range: 2-9 | Median/Mean: 4.0 / 3.739 | Fail: 0.731%\n"}
,{"stream_name":"stdout","time":180.775664482,"data":"[Game 2200] Range: 2-9 | Median/Mean: 4.0 / 3.741 | Fail: 0.727%\n"}
,{"stream_name":"stdout","time":181.550476323,"data":"[Game 2210] Range: 2-9 | Median/Mean: 4.0 / 3.742 | Fail: 0.724%\n"}
,{"stream_name":"stdout","time":182.153163682,"data":"[Game 2220] Range: 2-9 | Median/Mean: 4.0 / 3.740 | Fail: 0.721%\n"}
,{"stream_name":"stdout","time":182.998332599,"data":"[Game 2230] Range: 2-9 | Median/Mean: 4.0 / 3.742 | Fail: 0.762%\n"}
,{"stream_name":"stdout","time":183.869985385,"data":"[Game 2240] Range: 2-9 | Median/Mean: 4.0 / 3.744 | Fail: 0.759%\n"}
,{"stream_name":"stdout","time":184.919770632,"data":"[Game 2250] Range: 2-9 | Median/Mean: 4.0 / 3.748 | Fail: 0.756%\n"}
,{"stream_name":"stdout","time":185.798312787,"data":"[Game 2260] Range: 2-9 | Median/Mean: 4.0 / 3.751 | Fail: 0.796%\n"}
,{"stream_name":"stdout","time":186.505784141,"data":"[Game 2270] Range: 2-9 | Median/Mean: 4.0 / 3.750 | Fail: 0.793%\n"}
,{"stream_name":"stdout","time":187.247990627,"data":"[Game 2280] Range: 2-9 | Median/Mean: 4.0 / 3.751 | Fail: 0.789%\n"}
,{"stream_name":"stdout","time":188.086187125,"data":"[Game 2290] Range: 2-9 | Median/Mean: 4.0 / 3.753 | Fail: 0.873%\n"}
,{"stream_name":"stdout","time":189.015777903,"data":"[Game 2300] Range: 2-9 | Median/Mean: 4.0 / 3.756 | Fail: 0.913%\n"}
,{"stream_name":"stdout","time":189.720808909,"data":"[Game 2310] Range: 2-9 | Median/Mean: 4.0 / 3.756 | Fail: 0.909%\n"}
,{"stream_name":"stdout","time":190.236382276,"data":"Summary:\n"}
,{"stream_name":"stdout","time":190.251727832,"data":"Distribution across steps:\n"}
,{"stream_name":"stdout","time":190.259654965,"data":"Key Metrics:\n"}
,{"stream_name":"stderr","time":193.604176594,"data":"/opt/conda/lib/python3.7/site-packages/traitlets/traitlets.py:2567: FutureWarning: --Exporter.preprocessors=[\"remove_papermill_header.RemovePapermillHeader\"] for containers is deprecated in traitlets 5.0. You can pass `--Exporter.preprocessors item` ... multiple times to add items to a list.\n"}
,{"stream_name":"stderr","time":193.604228404,"data":"  FutureWarning,\n"}
,{"stream_name":"stderr","time":193.604237618,"data":"[NbConvertApp] Converting notebook __notebook__.ipynb to notebook\n"}
,{"stream_name":"stderr","time":193.920353017,"data":"[NbConvertApp] Writing 32625 bytes to __notebook__.ipynb\n"}
,{"stream_name":"stderr","time":196.17306547,"data":"/opt/conda/lib/python3.7/site-packages/traitlets/traitlets.py:2567: FutureWarning: --Exporter.preprocessors=[\"nbconvert.preprocessors.ExtractOutputPreprocessor\"] for containers is deprecated in traitlets 5.0. You can pass `--Exporter.preprocessors item` ... multiple times to add items to a list.\n"}
,{"stream_name":"stderr","time":196.173137114,"data":"  FutureWarning,\n"}
,{"stream_name":"stderr","time":196.173147181,"data":"[NbConvertApp] Converting notebook __notebook__.ipynb to html\n"}
,{"stream_name":"stderr","time":196.688738099,"data":"[NbConvertApp] Writing 306914 bytes to __results__.html\n"}
]