[{"stream_name":"stderr","time":11.742835536,"data":"/opt/conda/lib/python3.7/site-packages/papermill/iorw.py:50: FutureWarning: pyarrow.HadoopFileSystem is deprecated as of 2.0.0, please use pyarrow.fs.HadoopFileSystem instead.\n"}
,{"stream_name":"stderr","time":11.742933901,"data":"  from pyarrow import HadoopFileSystem\n"}
,{"stream_name":"stdout","time":12.582358575,"data":"[ ---------- RALES ----------]\n"}
,{"stream_name":"stdout","time":13.552874988,"data":"[Game 10] Range: 3-5 | Median/Mean: 4.0 / 4.100 | Fail: 0.000%\n"}
,{"stream_name":"stdout","time":14.385506477,"data":"[Game 20] Range: 3-5 | Median/Mean: 4.0 / 3.800 | Fail: 0.000%\n"}
,{"stream_name":"stdout","time":15.052906429,"data":"[Game 30] Range: 3-5 | Median/Mean: 4.0 / 3.633 | Fail: 0.000%\n"}
,{"stream_name":"stdout","time":15.986718185,"data":"[Game 40] Range: 3-6 | Median/Mean: 4.0 / 3.650 | Fail: 0.000%\n"}
,{"stream_name":"stdout","time":16.855335656,"data":"[Game 50] Range: 3-6 | Median/Mean: 4.0 / 3.660 | Fail: 0.000%\n"}
,{"stream_name":"stdout","time":17.628512663,"data":"[Game 60] Range: 3-6 | Median/Mean: 3.5 / 3.633 | Fail: 0.000%\n"}
,{"stream_name":"stdout","time":18.407694594,"data":"[Game 70] Range: 2-6 | Median/Mean: 3.5 / 3.629 | Fail: 0.000%\n"}
,{"stream_name":"stdout","time":19.002070592,"data":"[Game 80] Range: 2-6 | Median/Mean: 3.0 / 3.575 | Fail: 0.000%\n"}
,{"stream_name":"stdout","time":19.782709882,"data":"[Game 90] Range: 2-6 | Median/Mean: 3.0 / 3.589 | Fail: 0.000%\n"}
,{"stream_name":"stdout","time":20.398413613,"data":"[Game 100] Range: 2-6 | Median/Mean: 3.0 / 3.560 | Fail: 0.000%\n"}
,{"stream_name":"stdout","time":21.189686552,"data":"[Game 110] Range: 2-6 | Median/Mean: 4.0 / 3.591 | Fail: 0.000%\n"}
,{"stream_name":"stdout","time":22.215880196,"data":"[Game 120] Range: 2-7 | Median/Mean: 4.0 / 3.625 | Fail: 0.833%\n"}
,{"stream_name":"stdout","time":22.913185748,"data":"[Game 130] Range: 2-7 | Median/Mean: 4.0 / 3.592 | Fail: 0.769%\n"}
,{"stream_name":"stdout","time":23.789402398,"data":"[Game 140] Range: 2-7 | Median/Mean: 4.0 / 3.614 | Fail: 0.714%\n"}
,{"stream_name":"stdout","time":24.533205841,"data":"[Game 150] Range: 2-7 | Median/Mean: 4.0 / 3.600 | Fail: 0.667%\n"}
,{"stream_name":"stdout","time":25.247039948,"data":"[Game 160] Range: 2-7 | Median/Mean: 3.5 / 3.581 | Fail: 0.625%\n"}
,{"stream_name":"stdout","time":25.994637011000002,"data":"[Game 170] Range: 2-7 | Median/Mean: 3.0 / 3.571 | Fail: 0.588%\n"}
,{"stream_name":"stdout","time":26.679013815,"data":"[Game 180] Range: 2-7 | Median/Mean: 3.0 / 3.561 | Fail: 0.556%\n"}
,{"stream_name":"stdout","time":27.578096492,"data":"[Game 190] Range: 2-7 | Median/Mean: 3.0 / 3.563 | Fail: 0.526%\n"}
,{"stream_name":"stdout","time":28.269467904,"data":"[Game 200] Range: 2-7 | Median/Mean: 3.0 / 3.565 | Fail: 0.500%\n"}
,{"stream_name":"stdout","time":28.979857184,"data":"[Game 210] Range: 2-7 | Median/Mean: 3.0 / 3.557 | Fail: 0.476%\n"}
,{"stream_name":"stdout","time":29.762974884,"data":"[Game 220] Range: 2-7 | Median/Mean: 3.0 / 3.550 | Fail: 0.455%\n"}
,{"stream_name":"stdout","time":30.516712699,"data":"[Game 230] Range: 2-7 | Median/Mean: 3.0 / 3.539 | Fail: 0.435%\n"}
,{"stream_name":"stdout","time":31.310491713,"data":"[Game 240] Range: 2-7 | Median/Mean: 3.0 / 3.550 | Fail: 0.417%\n"}
,{"stream_name":"stdout","time":32.203366719,"data":"[Game 250] Range: 2-7 | Median/Mean: 3.0 / 3.572 | Fail: 0.400%\n"}
,{"stream_name":"stdout","time":32.870114416,"data":"[Game 260] Range: 2-7 | Median/Mean: 3.0 / 3.565 | Fail: 0.385%\n"}
,{"stream_name":"stdout","time":33.532131586,"data":"[Game 270] Range: 2-7 | Median/Mean: 3.0 / 3.552 | Fail: 0.370%\n"}
,{"stream_name":"stdout","time":34.123925238,"data":"[Game 280] Range: 2-7 | Median/Mean: 3.0 / 3.539 | Fail: 0.357%\n"}
,{"stream_name":"stdout","time":34.977244553,"data":"[Game 290] Range: 2-7 | Median/Mean: 3.0 / 3.552 | Fail: 0.345%\n"}
,{"stream_name":"stdout","time":35.775050548,"data":"[Game 300] Range: 2-7 | Median/Mean: 3.0 / 3.553 | Fail: 0.333%\n"}
,{"stream_name":"stdout","time":36.545184055,"data":"[Game 310] Range: 2-7 | Median/Mean: 3.0 / 3.555 | Fail: 0.323%\n"}
,{"stream_name":"stdout","time":37.414126811,"data":"[Game 320] Range: 2-7 | Median/Mean: 3.0 / 3.556 | Fail: 0.312%\n"}
,{"stream_name":"stdout","time":38.057837439,"data":"[Game 330] Range: 2-7 | Median/Mean: 3.0 / 3.545 | Fail: 0.303%\n"}
,{"stream_name":"stdout","time":38.830362762,"data":"[Game 340] Range: 2-7 | Median/Mean: 3.0 / 3.541 | Fail: 0.294%\n"}
,{"stream_name":"stdout","time":39.516612726,"data":"[Game 350] Range: 2-7 | Median/Mean: 3.0 / 3.529 | Fail: 0.286%\n"}
,{"stream_name":"stdout","time":40.339173537,"data":"[Game 360] Range: 2-7 | Median/Mean: 3.0 / 3.531 | Fail: 0.278%\n"}
,{"stream_name":"stdout","time":41.141098758,"data":"[Game 370] Range: 2-7 | Median/Mean: 3.0 / 3.535 | Fail: 0.270%\n"}
,{"stream_name":"stdout","time":41.813248206,"data":"[Game 380] Range: 2-7 | Median/Mean: 3.0 / 3.529 | Fail: 0.263%\n"}
,{"stream_name":"stdout","time":42.52040815,"data":"[Game 390] Range: 2-7 | Median/Mean: 3.0 / 3.528 | Fail: 0.256%\n"}
,{"stream_name":"stdout","time":43.325792435,"data":"[Game 400] Range: 2-7 | Median/Mean: 3.0 / 3.535 | Fail: 0.250%\n"}
,{"stream_name":"stdout","time":44.125580654,"data":"[Game 410] Range: 2-7 | Median/Mean: 3.0 / 3.541 | Fail: 0.244%\n"}
,{"stream_name":"stdout","time":45.095495819,"data":"[Game 420] Range: 2-7 | Median/Mean: 3.0 / 3.564 | Fail: 0.238%\n"}
,{"stream_name":"stdout","time":45.895789485,"data":"[Game 430] Range: 2-7 | Median/Mean: 3.0 / 3.565 | Fail: 0.233%\n"}
,{"stream_name":"stdout","time":46.659697254,"data":"[Game 440] Range: 2-7 | Median/Mean: 3.0 / 3.566 | Fail: 0.227%\n"}
,{"stream_name":"stdout","time":47.474478519,"data":"[Game 450] Range: 2-7 | Median/Mean: 3.0 / 3.567 | Fail: 0.222%\n"}
,{"stream_name":"stdout","time":48.240085593,"data":"[Game 460] Range: 2-7 | Median/Mean: 3.0 / 3.570 | Fail: 0.217%\n"}
,{"stream_name":"stdout","time":49.00490447,"data":"[Game 470] Range: 2-8 | Median/Mean: 3.0 / 3.574 | Fail: 0.426%\n"}
,{"stream_name":"stdout","time":49.800449249,"data":"[Game 480] Range: 2-8 | Median/Mean: 3.0 / 3.579 | Fail: 0.417%\n"}
,{"stream_name":"stdout","time":50.534229902,"data":"[Game 490] Range: 2-8 | Median/Mean: 3.0 / 3.578 | Fail: 0.408%\n"}
,{"stream_name":"stdout","time":51.297108174,"data":"[Game 500] Range: 2-8 | Median/Mean: 3.0 / 3.574 | Fail: 0.400%\n"}
,{"stream_name":"stdout","time":52.071441708,"data":"[Game 510] Range: 2-8 | Median/Mean: 3.5 / 3.578 | Fail: 0.392%\n"}
,{"stream_name":"stdout","time":52.857625632,"data":"[Game 520] Range: 2-8 | Median/Mean: 3.5 / 3.579 | Fail: 0.385%\n"}
,{"stream_name":"stdout","time":53.499620879,"data":"[Game 530] Range: 2-8 | Median/Mean: 3.0 / 3.572 | Fail: 0.377%\n"}
,{"stream_name":"stdout","time":54.406340568,"data":"[Game 540] Range: 2-8 | Median/Mean: 3.0 / 3.574 | Fail: 0.370%\n"}
,{"stream_name":"stdout","time":55.218661561,"data":"[Game 550] Range: 2-8 | Median/Mean: 3.0 / 3.575 | Fail: 0.364%\n"}
,{"stream_name":"stdout","time":56.129921554,"data":"[Game 560] Range: 2-8 | Median/Mean: 3.5 / 3.580 | Fail: 0.357%\n"}
,{"stream_name":"stdout","time":56.877130609,"data":"[Game 570] Range: 2-8 | Median/Mean: 4.0 / 3.581 | Fail: 0.351%\n"}
,{"stream_name":"stdout","time":57.537080512,"data":"[Game 580] Range: 2-8 | Median/Mean: 3.5 / 3.574 | Fail: 0.345%\n"}
,{"stream_name":"stdout","time":58.445509504,"data":"[Game 590] Range: 2-8 | Median/Mean: 4.0 / 3.581 | Fail: 0.339%\n"}
,{"stream_name":"stdout","time":59.178415333,"data":"[Game 600] Range: 2-8 | Median/Mean: 4.0 / 3.580 | Fail: 0.333%\n"}
,{"stream_name":"stdout","time":59.922078796,"data":"[Game 610] Range: 2-8 | Median/Mean: 4.0 / 3.579 | Fail: 0.328%\n"}
,{"stream_name":"stdout","time":60.576234734,"data":"[Game 620] Range: 2-8 | Median/Mean: 4.0 / 3.577 | Fail: 0.323%\n"}
,{"stream_name":"stdout","time":61.394421866,"data":"[Game 630] Range: 2-8 | Median/Mean: 4.0 / 3.583 | Fail: 0.317%\n"}
,{"stream_name":"stdout","time":62.19523022,"data":"[Game 640] Range: 2-8 | Median/Mean: 4.0 / 3.586 | Fail: 0.312%\n"}
,{"stream_name":"stdout","time":62.932520705,"data":"[Game 650] Range: 2-8 | Median/Mean: 4.0 / 3.586 | Fail: 0.308%\n"}
,{"stream_name":"stdout","time":63.719289549,"data":"[Game 660] Range: 2-8 | Median/Mean: 4.0 / 3.588 | Fail: 0.303%\n"}
,{"stream_name":"stdout","time":64.355726354,"data":"[Game 670] Range: 2-8 | Median/Mean: 4.0 / 3.585 | Fail: 0.299%\n"}
,{"stream_name":"stdout","time":65.157390641,"data":"[Game 680] Range: 2-8 | Median/Mean: 4.0 / 3.587 | Fail: 0.294%\n"}
,{"stream_name":"stdout","time":65.883619903,"data":"[Game 690] Range: 2-8 | Median/Mean: 4.0 / 3.588 | Fail: 0.290%\n"}
,{"stream_name":"stdout","time":66.710814374,"data":"[Game 700] Range: 2-8 | Median/Mean: 4.0 / 3.591 | Fail: 0.286%\n"}
,{"stream_name":"stdout","time":67.556521145,"data":"[Game 710] Range: 2-8 | Median/Mean: 4.0 / 3.594 | Fail: 0.282%\n"}
,{"stream_name":"stdout","time":68.333386571,"data":"[Game 720] Range: 2-8 | Median/Mean: 4.0 / 3.597 | Fail: 0.278%\n"}
,{"stream_name":"stdout","time":69.151129252,"data":"[Game 730] Range: 2-8 | Median/Mean: 4.0 / 3.597 | Fail: 0.274%\n"}
,{"stream_name":"stdout","time":69.8523155,"data":"[Game 740] Range: 2-8 | Median/Mean: 4.0 / 3.595 | Fail: 0.270%\n"}
,{"stream_name":"stdout","time":70.617779965,"data":"[Game 750] Range: 2-8 | Median/Mean: 4.0 / 3.593 | Fail: 0.267%\n"}
,{"stream_name":"stdout","time":71.347114443,"data":"[Game 760] Range: 2-8 | Median/Mean: 4.0 / 3.592 | Fail: 0.263%\n"}
,{"stream_name":"stdout","time":72.120469823,"data":"[Game 770] Range: 2-8 | Median/Mean: 4.0 / 3.594 | Fail: 0.260%\n"}
,{"stream_name":"stdout","time":72.926027201,"data":"[Game 780] Range: 2-8 | Median/Mean: 4.0 / 3.594 | Fail: 0.256%\n"}
,{"stream_name":"stdout","time":73.591444776,"data":"[Game 790] Range: 2-8 | Median/Mean: 4.0 / 3.591 | Fail: 0.253%\n"}
,{"stream_name":"stdout","time":74.328015498,"data":"[Game 800] Range: 2-8 | Median/Mean: 4.0 / 3.591 | Fail: 0.250%\n"}
,{"stream_name":"stdout","time":75.146571417,"data":"[Game 810] Range: 2-8 | Median/Mean: 4.0 / 3.594 | Fail: 0.247%\n"}
,{"stream_name":"stdout","time":75.925229796,"data":"[Game 820] Range: 2-8 | Median/Mean: 4.0 / 3.595 | Fail: 0.244%\n"}
,{"stream_name":"stdout","time":76.769894838,"data":"[Game 830] Range: 2-8 | Median/Mean: 4.0 / 3.598 | Fail: 0.241%\n"}
,{"stream_name":"stdout","time":77.352835574,"data":"[Game 840] Range: 2-8 | Median/Mean: 4.0 / 3.593 | Fail: 0.238%\n"}
,{"stream_name":"stdout","time":78.166275052,"data":"[Game 850] Range: 2-8 | Median/Mean: 4.0 / 3.595 | Fail: 0.235%\n"}
,{"stream_name":"stdout","time":78.948931419,"data":"[Game 860] Range: 2-8 | Median/Mean: 4.0 / 3.600 | Fail: 0.233%\n"}
,{"stream_name":"stdout","time":79.827786476,"data":"[Game 870] Range: 2-8 | Median/Mean: 4.0 / 3.603 | Fail: 0.230%\n"}
,{"stream_name":"stdout","time":80.63445768,"data":"[Game 880] Range: 2-8 | Median/Mean: 4.0 / 3.603 | Fail: 0.227%\n"}
,{"stream_name":"stdout","time":81.422062804,"data":"[Game 890] Range: 2-8 | Median/Mean: 4.0 / 3.604 | Fail: 0.225%\n"}
,{"stream_name":"stdout","time":82.249150996,"data":"[Game 900] Range: 2-8 | Median/Mean: 4.0 / 3.603 | Fail: 0.222%\n"}
,{"stream_name":"stdout","time":83.096281216,"data":"[Game 910] Range: 2-8 | Median/Mean: 4.0 / 3.605 | Fail: 0.330%\n"}
,{"stream_name":"stdout","time":83.979489565,"data":"[Game 920] Range: 2-8 | Median/Mean: 4.0 / 3.608 | Fail: 0.326%\n"}
,{"stream_name":"stdout","time":84.763919231,"data":"[Game 930] Range: 2-8 | Median/Mean: 4.0 / 3.612 | Fail: 0.323%\n"}
,{"stream_name":"stdout","time":85.676766684,"data":"[Game 940] Range: 2-8 | Median/Mean: 4.0 / 3.616 | Fail: 0.319%\n"}
,{"stream_name":"stdout","time":86.574627348,"data":"[Game 950] Range: 2-8 | Median/Mean: 4.0 / 3.620 | Fail: 0.316%\n"}
,{"stream_name":"stdout","time":87.410962277,"data":"[Game 960] Range: 2-8 | Median/Mean: 4.0 / 3.625 | Fail: 0.312%\n"}
,{"stream_name":"stdout","time":88.204503974,"data":"[Game 970] Range: 2-8 | Median/Mean: 4.0 / 3.627 | Fail: 0.309%\n"}
,{"stream_name":"stdout","time":88.905726428,"data":"[Game 980] Range: 2-8 | Median/Mean: 4.0 / 3.624 | Fail: 0.306%\n"}
,{"stream_name":"stdout","time":89.711496809,"data":"[Game 990] Range: 2-8 | Median/Mean: 4.0 / 3.625 | Fail: 0.303%\n"}
,{"stream_name":"stdout","time":90.483414508,"data":"[Game 1000] Range: 2-8 | Median/Mean: 4.0 / 3.624 | Fail: 0.300%\n"}
,{"stream_name":"stdout","time":91.251016875,"data":"[Game 1010] Range: 2-8 | Median/Mean: 4.0 / 3.623 | Fail: 0.297%\n"}
,{"stream_name":"stdout","time":92.087534148,"data":"[Game 1020] Range: 2-8 | Median/Mean: 4.0 / 3.625 | Fail: 0.294%\n"}
,{"stream_name":"stdout","time":92.84983098,"data":"[Game 1030] Range: 2-8 | Median/Mean: 4.0 / 3.625 | Fail: 0.291%\n"}
,{"stream_name":"stdout","time":93.671471089,"data":"[Game 1040] Range: 2-8 | Median/Mean: 4.0 / 3.628 | Fail: 0.288%\n"}
,{"stream_name":"stdout","time":94.439100265,"data":"[Game 1050] Range: 2-8 | Median/Mean: 4.0 / 3.629 | Fail: 0.286%\n"}
,{"stream_name":"stdout","time":95.376637484,"data":"[Game 1060] Range: 2-8 | Median/Mean: 4.0 / 3.633 | Fail: 0.283%\n"}
,{"stream_name":"stdout","time":96.034937099,"data":"[Game 1070] Range: 2-8 | Median/Mean: 4.0 / 3.632 | Fail: 0.280%\n"}
,{"stream_name":"stdout","time":96.856085726,"data":"[Game 1080] Range: 2-8 | Median/Mean: 4.0 / 3.634 | Fail: 0.278%\n"}
,{"stream_name":"stdout","time":97.781742783,"data":"[Game 1090] Range: 2-8 | Median/Mean: 4.0 / 3.639 | Fail: 0.275%\n"}
,{"stream_name":"stdout","time":98.580519289,"data":"[Game 1100] Range: 2-8 | Median/Mean: 4.0 / 3.641 | Fail: 0.273%\n"}
,{"stream_name":"stdout","time":99.435335263,"data":"[Game 1110] Range: 2-8 | Median/Mean: 4.0 / 3.643 | Fail: 0.270%\n"}
,{"stream_name":"stdout","time":100.14570626,"data":"[Game 1120] Range: 2-8 | Median/Mean: 4.0 / 3.642 | Fail: 0.268%\n"}
,{"stream_name":"stdout","time":100.940757026,"data":"[Game 1130] Range: 2-8 | Median/Mean: 4.0 / 3.643 | Fail: 0.265%\n"}
,{"stream_name":"stdout","time":101.771430153,"data":"[Game 1140] Range: 2-8 | Median/Mean: 4.0 / 3.645 | Fail: 0.263%\n"}
,{"stream_name":"stdout","time":102.684291209,"data":"[Game 1150] Range: 2-8 | Median/Mean: 4.0 / 3.648 | Fail: 0.261%\n"}
,{"stream_name":"stdout","time":103.445934425,"data":"[Game 1160] Range: 2-8 | Median/Mean: 4.0 / 3.647 | Fail: 0.259%\n"}
,{"stream_name":"stdout","time":104.094763234,"data":"[Game 1170] Range: 2-8 | Median/Mean: 4.0 / 3.646 | Fail: 0.256%\n"}
,{"stream_name":"stdout","time":104.806493535,"data":"[Game 1180] Range: 2-8 | Median/Mean: 4.0 / 3.644 | Fail: 0.254%\n"}
,{"stream_name":"stdout","time":105.595261077,"data":"[Game 1190] Range: 2-8 | Median/Mean: 4.0 / 3.645 | Fail: 0.252%\n"}
,{"stream_name":"stdout","time":106.381512042,"data":"[Game 1200] Range: 2-8 | Median/Mean: 4.0 / 3.646 | Fail: 0.250%\n"}
,{"stream_name":"stdout","time":107.1018426,"data":"[Game 1210] Range: 2-8 | Median/Mean: 4.0 / 3.646 | Fail: 0.248%\n"}
,{"stream_name":"stdout","time":107.973632404,"data":"[Game 1220] Range: 2-8 | Median/Mean: 4.0 / 3.648 | Fail: 0.246%\n"}
,{"stream_name":"stdout","time":109.059157655,"data":"[Game 1230] Range: 2-8 | Median/Mean: 4.0 / 3.657 | Fail: 0.325%\n"}
,{"stream_name":"stdout","time":109.832126806,"data":"[Game 1240] Range: 2-8 | Median/Mean: 4.0 / 3.657 | Fail: 0.323%\n"}
,{"stream_name":"stdout","time":110.600298733,"data":"[Game 1250] Range: 2-8 | Median/Mean: 4.0 / 3.657 | Fail: 0.320%\n"}
,{"stream_name":"stdout","time":111.410126936,"data":"[Game 1260] Range: 2-8 | Median/Mean: 4.0 / 3.660 | Fail: 0.317%\n"}
,{"stream_name":"stdout","time":112.133324605,"data":"[Game 1270] Range: 2-8 | Median/Mean: 4.0 / 3.658 | Fail: 0.315%\n"}
,{"stream_name":"stdout","time":112.875994966,"data":"[Game 1280] Range: 2-8 | Median/Mean: 4.0 / 3.657 | Fail: 0.312%\n"}
,{"stream_name":"stdout","time":113.576000349,"data":"[Game 1290] Range: 2-8 | Median/Mean: 4.0 / 3.657 | Fail: 0.310%\n"}
,{"stream_name":"stdout","time":114.217294679,"data":"[Game 1300] Range: 2-8 | Median/Mean: 4.0 / 3.654 | Fail: 0.308%\n"}
,{"stream_name":"stdout","time":114.969524265,"data":"[Game 1310] Range: 2-8 | Median/Mean: 4.0 / 3.653 | Fail: 0.305%\n"}
,{"stream_name":"stdout","time":115.685801824,"data":"[Game 1320] Range: 2-8 | Median/Mean: 4.0 / 3.652 | Fail: 0.303%\n"}
,{"stream_name":"stdout","time":116.668986976,"data":"[Game 1330] Range: 2-8 | Median/Mean: 4.0 / 3.656 | Fail: 0.301%\n"}
,{"stream_name":"stdout","time":117.465178338,"data":"[Game 1340] Range: 2-8 | Median/Mean: 4.0 / 3.657 | Fail: 0.299%\n"}
,{"stream_name":"stdout","time":118.120937663,"data":"[Game 1350] Range: 2-8 | Median/Mean: 4.0 / 3.654 | Fail: 0.296%\n"}
,{"stream_name":"stdout","time":119.104296419,"data":"[Game 1360] Range: 2-8 | Median/Mean: 4.0 / 3.658 | Fail: 0.294%\n"}
,{"stream_name":"stdout","time":119.976775949,"data":"[Game 1370] Range: 2-8 | Median/Mean: 4.0 / 3.661 | Fail: 0.292%\n"}
,{"stream_name":"stdout","time":120.841171276,"data":"[Game 1380] Range: 2-8 | Median/Mean: 4.0 / 3.663 | Fail: 0.290%\n"}
,{"stream_name":"stdout","time":121.612658932,"data":"[Game 1390] Range: 2-8 | Median/Mean: 4.0 / 3.663 | Fail: 0.288%\n"}
,{"stream_name":"stdout","time":122.549966297,"data":"[Game 1400] Range: 2-8 | Median/Mean: 4.0 / 3.665 | Fail: 0.286%\n"}
,{"stream_name":"stdout","time":123.456997262,"data":"[Game 1410] Range: 2-8 | Median/Mean: 4.0 / 3.669 | Fail: 0.284%\n"}
,{"stream_name":"stdout","time":124.262251306,"data":"[Game 1420] Range: 2-8 | Median/Mean: 4.0 / 3.670 | Fail: 0.282%\n"}
,{"stream_name":"stdout","time":124.988174639,"data":"[Game 1430] Range: 2-8 | Median/Mean: 4.0 / 3.670 | Fail: 0.280%\n"}
,{"stream_name":"stdout","time":125.808697725,"data":"[Game 1440] Range: 2-8 | Median/Mean: 4.0 / 3.672 | Fail: 0.278%\n"}
,{"stream_name":"stdout","time":126.811916443,"data":"[Game 1450] Range: 2-8 | Median/Mean: 4.0 / 3.677 | Fail: 0.276%\n"}
,{"stream_name":"stdout","time":127.630784932,"data":"[Game 1460] Range: 2-8 | Median/Mean: 4.0 / 3.679 | Fail: 0.274%\n"}
,{"stream_name":"stdout","time":128.361994753,"data":"[Game 1470] Range: 2-8 | Median/Mean: 4.0 / 3.679 | Fail: 0.272%\n"}
,{"stream_name":"stdout","time":129.291917415,"data":"[Game 1480] Range: 2-8 | Median/Mean: 4.0 / 3.684 | Fail: 0.270%\n"}
,{"stream_name":"stdout","time":130.10335341,"data":"[Game 1490] Range: 2-8 | Median/Mean: 4.0 / 3.686 | Fail: 0.268%\n"}
,{"stream_name":"stdout","time":131.057003052,"data":"[Game 1500] Range: 2-8 | Median/Mean: 4.0 / 3.689 | Fail: 0.267%\n"}
,{"stream_name":"stdout","time":131.815851451,"data":"[Game 1510] Range: 2-8 | Median/Mean: 4.0 / 3.688 | Fail: 0.265%\n"}
,{"stream_name":"stdout","time":132.544985655,"data":"[Game 1520] Range: 2-8 | Median/Mean: 4.0 / 3.689 | Fail: 0.263%\n"}
,{"stream_name":"stdout","time":133.405011008,"data":"[Game 1530] Range: 2-8 | Median/Mean: 4.0 / 3.692 | Fail: 0.261%\n"}
,{"stream_name":"stdout","time":134.295794595,"data":"[Game 1540] Range: 2-8 | Median/Mean: 4.0 / 3.695 | Fail: 0.260%\n"}
,{"stream_name":"stdout","time":135.006884582,"data":"[Game 1550] Range: 2-8 | Median/Mean: 4.0 / 3.695 | Fail: 0.258%\n"}
,{"stream_name":"stdout","time":135.764103888,"data":"[Game 1560] Range: 2-8 | Median/Mean: 4.0 / 3.695 | Fail: 0.256%\n"}
,{"stream_name":"stdout","time":136.468078337,"data":"[Game 1570] Range: 2-8 | Median/Mean: 4.0 / 3.694 | Fail: 0.255%\n"}
,{"stream_name":"stdout","time":137.168845322,"data":"[Game 1580] Range: 2-8 | Median/Mean: 4.0 / 3.692 | Fail: 0.253%\n"}
,{"stream_name":"stdout","time":137.864434807,"data":"[Game 1590] Range: 2-8 | Median/Mean: 4.0 / 3.691 | Fail: 0.252%\n"}
,{"stream_name":"stdout","time":138.483510112,"data":"[Game 1600] Range: 2-8 | Median/Mean: 4.0 / 3.689 | Fail: 0.250%\n"}
,{"stream_name":"stdout","time":139.261121177,"data":"[Game 1610] Range: 2-8 | Median/Mean: 4.0 / 3.689 | Fail: 0.248%\n"}
,{"stream_name":"stdout","time":140.07837031,"data":"[Game 1620] Range: 2-8 | Median/Mean: 4.0 / 3.691 | Fail: 0.247%\n"}
,{"stream_name":"stdout","time":140.864377119,"data":"[Game 1630] Range: 2-8 | Median/Mean: 4.0 / 3.693 | Fail: 0.245%\n"}
,{"stream_name":"stdout","time":141.721787768,"data":"[Game 1640] Range: 2-8 | Median/Mean: 4.0 / 3.696 | Fail: 0.244%\n"}
,{"stream_name":"stdout","time":142.47494284,"data":"[Game 1650] Range: 2-8 | Median/Mean: 4.0 / 3.696 | Fail: 0.242%\n"}
,{"stream_name":"stdout","time":143.233288215,"data":"[Game 1660] Range: 2-8 | Median/Mean: 4.0 / 3.695 | Fail: 0.241%\n"}
,{"stream_name":"stdout","time":143.956856279,"data":"[Game 1670] Range: 2-8 | Median/Mean: 4.0 / 3.694 | Fail: 0.240%\n"}
,{"stream_name":"stdout","time":144.851940354,"data":"[Game 1680] Range: 2-8 | Median/Mean: 4.0 / 3.697 | Fail: 0.238%\n"}
,{"stream_name":"stdout","time":145.592086026,"data":"[Game 1690] Range: 2-8 | Median/Mean: 4.0 / 3.697 | Fail: 0.237%\n"}
,{"stream_name":"stdout","time":146.430606235,"data":"[Game 1700] Range: 2-8 | Median/Mean: 4.0 / 3.699 | Fail: 0.235%\n"}
,{"stream_name":"stdout","time":147.386506592,"data":"[Game 1710] Range: 2-8 | Median/Mean: 4.0 / 3.702 | Fail: 0.292%\n"}
,{"stream_name":"stdout","time":148.294483591,"data":"[Game 1720] Range: 2-8 | Median/Mean: 4.0 / 3.704 | Fail: 0.349%\n"}
,{"stream_name":"stdout","time":149.312491578,"data":"[Game 1730] Range: 2-8 | Median/Mean: 4.0 / 3.708 | Fail: 0.347%\n"}
,{"stream_name":"stdout","time":150.223804803,"data":"[Game 1740] Range: 2-8 | Median/Mean: 4.0 / 3.710 | Fail: 0.345%\n"}
,{"stream_name":"stdout","time":151.008328631,"data":"[Game 1750] Range: 2-8 | Median/Mean: 4.0 / 3.710 | Fail: 0.343%\n"}
,{"stream_name":"stdout","time":151.874465771,"data":"[Game 1760] Range: 2-8 | Median/Mean: 4.0 / 3.710 | Fail: 0.341%\n"}
,{"stream_name":"stdout","time":152.701840951,"data":"[Game 1770] Range: 2-8 | Median/Mean: 4.0 / 3.711 | Fail: 0.339%\n"}
,{"stream_name":"stdout","time":153.580403652,"data":"[Game 1780] Range: 2-8 | Median/Mean: 4.0 / 3.713 | Fail: 0.337%\n"}
,{"stream_name":"stdout","time":154.35591722,"data":"[Game 1790] Range: 2-8 | Median/Mean: 4.0 / 3.714 | Fail: 0.335%\n"}
,{"stream_name":"stdout","time":155.136545967,"data":"[Game 1800] Range: 2-8 | Median/Mean: 4.0 / 3.714 | Fail: 0.333%\n"}
,{"stream_name":"stdout","time":156.095912082,"data":"[Game 1810] Range: 2-8 | Median/Mean: 4.0 / 3.718 | Fail: 0.331%\n"}
,{"stream_name":"stdout","time":156.799961537,"data":"[Game 1820] Range: 2-8 | Median/Mean: 4.0 / 3.718 | Fail: 0.330%\n"}
,{"stream_name":"stdout","time":157.745267375,"data":"[Game 1830] Range: 2-8 | Median/Mean: 4.0 / 3.720 | Fail: 0.328%\n"}
,{"stream_name":"stdout","time":158.458735765,"data":"[Game 1840] Range: 2-8 | Median/Mean: 4.0 / 3.719 | Fail: 0.326%\n"}
,{"stream_name":"stdout","time":159.229976182,"data":"[Game 1850] Range: 2-8 | Median/Mean: 4.0 / 3.720 | Fail: 0.324%\n"}
,{"stream_name":"stdout","time":159.995907208,"data":"[Game 1860] Range: 2-8 | Median/Mean: 4.0 / 3.721 | Fail: 0.323%\n"}
,{"stream_name":"stdout","time":160.853183016,"data":"[Game 1870] Range: 2-8 | Median/Mean: 4.0 / 3.722 | Fail: 0.321%\n"}
,{"stream_name":"stdout","time":161.690560865,"data":"[Game 1880] Range: 2-8 | Median/Mean: 4.0 / 3.725 | Fail: 0.319%\n"}
,{"stream_name":"stdout","time":162.633845665,"data":"[Game 1890] Range: 2-8 | Median/Mean: 4.0 / 3.728 | Fail: 0.317%\n"}
,{"stream_name":"stdout","time":163.387310145,"data":"[Game 1900] Range: 2-8 | Median/Mean: 4.0 / 3.728 | Fail: 0.316%\n"}
,{"stream_name":"stdout","time":164.18152775,"data":"[Game 1910] Range: 2-8 | Median/Mean: 4.0 / 3.729 | Fail: 0.314%\n"}
,{"stream_name":"stdout","time":165.010303875,"data":"[Game 1920] Range: 2-8 | Median/Mean: 4.0 / 3.729 | Fail: 0.312%\n"}
,{"stream_name":"stdout","time":165.602764492,"data":"[Game 1930] Range: 2-8 | Median/Mean: 4.0 / 3.729 | Fail: 0.311%\n"}
,{"stream_name":"stdout","time":166.459916727,"data":"[Game 1940] Range: 2-8 | Median/Mean: 4.0 / 3.731 | Fail: 0.309%\n"}
,{"stream_name":"stdout","time":167.173158558,"data":"[Game 1950] Range: 2-8 | Median/Mean: 4.0 / 3.731 | Fail: 0.308%\n"}
,{"stream_name":"stdout","time":168.21928873,"data":"[Game 1960] Range: 2-8 | Median/Mean: 4.0 / 3.736 | Fail: 0.357%\n"}
,{"stream_name":"stdout","time":168.956439493,"data":"[Game 1970] Range: 2-8 | Median/Mean: 4.0 / 3.737 | Fail: 0.355%\n"}
,{"stream_name":"stdout","time":169.822458029,"data":"[Game 1980] Range: 2-8 | Median/Mean: 4.0 / 3.738 | Fail: 0.354%\n"}
,{"stream_name":"stdout","time":170.598118689,"data":"[Game 1990] Range: 2-8 | Median/Mean: 4.0 / 3.739 | Fail: 0.352%\n"}
,{"stream_name":"stdout","time":171.466887141,"data":"[Game 2000] Range: 2-8 | Median/Mean: 4.0 / 3.741 | Fail: 0.400%\n"}
,{"stream_name":"stdout","time":172.401085206,"data":"[Game 2010] Range: 2-8 | Median/Mean: 4.0 / 3.743 | Fail: 0.398%\n"}
,{"stream_name":"stdout","time":173.343882445,"data":"[Game 2020] Range: 2-8 | Median/Mean: 4.0 / 3.748 | Fail: 0.396%\n"}
,{"stream_name":"stdout","time":174.15431703,"data":"[Game 2030] Range: 2-8 | Median/Mean: 4.0 / 3.749 | Fail: 0.394%\n"}
,{"stream_name":"stdout","time":174.908118426,"data":"[Game 2040] Range: 2-8 | Median/Mean: 4.0 / 3.750 | Fail: 0.392%\n"}
,{"stream_name":"stdout","time":175.730804819,"data":"[Game 2050] Range: 2-8 | Median/Mean: 4.0 / 3.752 | Fail: 0.390%\n"}
,{"stream_name":"stdout","time":176.436782329,"data":"[Game 2060] Range: 2-8 | Median/Mean: 4.0 / 3.752 | Fail: 0.388%\n"}
,{"stream_name":"stdout","time":177.411344062,"data":"[Game 2070] Range: 2-8 | Median/Mean: 4.0 / 3.756 | Fail: 0.435%\n"}
,{"stream_name":"stdout","time":178.251513578,"data":"[Game 2080] Range: 2-8 | Median/Mean: 4.0 / 3.758 | Fail: 0.481%\n"}
,{"stream_name":"stdout","time":178.989584093,"data":"[Game 2090] Range: 2-8 | Median/Mean: 4.0 / 3.757 | Fail: 0.478%\n"}
,{"stream_name":"stdout","time":179.832259896,"data":"[Game 2100] Range: 2-8 | Median/Mean: 4.0 / 3.759 | Fail: 0.476%\n"}
,{"stream_name":"stdout","time":180.611470412,"data":"[Game 2110] Range: 2-8 | Median/Mean: 4.0 / 3.759 | Fail: 0.474%\n"}
,{"stream_name":"stdout","time":181.278690601,"data":"[Game 2120] Range: 2-8 | Median/Mean: 4.0 / 3.758 | Fail: 0.472%\n"}
,{"stream_name":"stdout","time":182.040044553,"data":"[Game 2130] Range: 2-8 | Median/Mean: 4.0 / 3.757 | Fail: 0.469%\n"}
,{"stream_name":"stdout","time":183.006283087,"data":"[Game 2140] Range: 2-8 | Median/Mean: 4.0 / 3.760 | Fail: 0.467%\n"}
,{"stream_name":"stdout","time":183.778561576,"data":"[Game 2150] Range: 2-8 | Median/Mean: 4.0 / 3.760 | Fail: 0.465%\n"}
,{"stream_name":"stdout","time":184.659119927,"data":"[Game 2160] Range: 2-8 | Median/Mean: 4.0 / 3.762 | Fail: 0.463%\n"}
,{"stream_name":"stdout","time":185.692829387,"data":"[Game 2170] Range: 2-8 | Median/Mean: 4.0 / 3.766 | Fail: 0.461%\n"}
,{"stream_name":"stdout","time":186.510363841,"data":"[Game 2180] Range: 2-8 | Median/Mean: 4.0 / 3.767 | Fail: 0.459%\n"}
,{"stream_name":"stdout","time":187.352314343,"data":"[Game 2190] Range: 2-8 | Median/Mean: 4.0 / 3.769 | Fail: 0.457%\n"}
,{"stream_name":"stdout","time":188.164092995,"data":"[Game 2200] Range: 2-8 | Median/Mean: 4.0 / 3.770 | Fail: 0.455%\n"}
,{"stream_name":"stdout","time":188.905571763,"data":"[Game 2210] Range: 2-8 | Median/Mean: 4.0 / 3.770 | Fail: 0.452%\n"}
,{"stream_name":"stdout","time":189.785844372,"data":"[Game 2220] Range: 2-8 | Median/Mean: 4.0 / 3.773 | Fail: 0.450%\n"}
,{"stream_name":"stdout","time":190.543518716,"data":"[Game 2230] Range: 2-8 | Median/Mean: 4.0 / 3.773 | Fail: 0.493%\n"}
,{"stream_name":"stdout","time":191.376008966,"data":"[Game 2240] Range: 2-8 | Median/Mean: 4.0 / 3.775 | Fail: 0.491%\n"}
,{"stream_name":"stdout","time":192.299157016,"data":"[Game 2250] Range: 2-8 | Median/Mean: 4.0 / 3.777 | Fail: 0.489%\n"}
,{"stream_name":"stdout","time":193.081871383,"data":"[Game 2260] Range: 2-8 | Median/Mean: 4.0 / 3.777 | Fail: 0.531%\n"}
,{"stream_name":"stdout","time":193.726215158,"data":"[Game 2270] Range: 2-8 | Median/Mean: 4.0 / 3.776 | Fail: 0.529%\n"}
,{"stream_name":"stdout","time":194.607419481,"data":"[Game 2280] Range: 2-8 | Median/Mean: 4.0 / 3.778 | Fail: 0.570%\n"}
,{"stream_name":"stdout","time":195.453870697,"data":"[Game 2290] Range: 2-8 | Median/Mean: 4.0 / 3.779 | Fail: 0.611%\n"}
,{"stream_name":"stdout","time":196.271680147,"data":"[Game 2300] Range: 2-8 | Median/Mean: 4.0 / 3.781 | Fail: 0.609%\n"}
,{"stream_name":"stdout","time":197.095644111,"data":"[Game 2310] Range: 2-8 | Median/Mean: 4.0 / 3.783 | Fail: 0.606%\n"}
,{"stream_name":"stdout","time":197.655695606,"data":"Summary:\n"}
,{"stream_name":"stdout","time":197.666617319,"data":"Distribution across steps:\n"}
,{"stream_name":"stdout","time":197.675632813,"data":"Key Metrics:\n"}
,{"stream_name":"stderr","time":200.933746916,"data":"/opt/conda/lib/python3.7/site-packages/traitlets/traitlets.py:2567: FutureWarning: --Exporter.preprocessors=[\"remove_papermill_header.RemovePapermillHeader\"] for containers is deprecated in traitlets 5.0. You can pass `--Exporter.preprocessors item` ... multiple times to add items to a list.\n"}
,{"stream_name":"stderr","time":200.933810435,"data":"  FutureWarning,\n"}
,{"stream_name":"stderr","time":200.933824928,"data":"[NbConvertApp] Converting notebook __notebook__.ipynb to notebook\n"}
,{"stream_name":"stderr","time":201.245329965,"data":"[NbConvertApp] Writing 32478 bytes to __notebook__.ipynb\n"}
,{"stream_name":"stderr","time":203.455458223,"data":"/opt/conda/lib/python3.7/site-packages/traitlets/traitlets.py:2567: FutureWarning: --Exporter.preprocessors=[\"nbconvert.preprocessors.ExtractOutputPreprocessor\"] for containers is deprecated in traitlets 5.0. You can pass `--Exporter.preprocessors item` ... multiple times to add items to a list.\n"}
,{"stream_name":"stderr","time":203.455531556,"data":"  FutureWarning,\n"}
,{"stream_name":"stderr","time":203.455541365,"data":"[NbConvertApp] Converting notebook __notebook__.ipynb to html\n"}
,{"stream_name":"stderr","time":203.96952587,"data":"[NbConvertApp] Writing 306873 bytes to __results__.html\n"}
]