[{"stream_name":"stderr","time":13.209473788,"data":"/opt/conda/lib/python3.7/site-packages/papermill/iorw.py:50: FutureWarning: pyarrow.HadoopFileSystem is deprecated as of 2.0.0, please use pyarrow.fs.HadoopFileSystem instead.\n"}
,{"stream_name":"stderr","time":13.209588606,"data":"  from pyarrow import HadoopFileSystem\n"}
,{"stream_name":"stdout","time":14.212826936,"data":"[ ---------- RATES ----------]\n"}
,{"stream_name":"stdout","time":15.098609852,"data":"[Game 10] Range: 2-5 | Median/Mean: 3.0 / 3.400 | Fail: 0.000%\n"}
,{"stream_name":"stdout","time":15.986631641,"data":"[Game 20] Range: 2-5 | Median/Mean: 3.0 / 3.400 | Fail: 0.000%\n"}
,{"stream_name":"stdout","time":16.756141981,"data":"[Game 30] Range: 2-6 | Median/Mean: 3.0 / 3.367 | Fail: 0.000%\n"}
,{"stream_name":"stdout","time":17.812858677,"data":"[Game 40] Range: 2-7 | Median/Mean: 3.0 / 3.450 | Fail: 2.500%\n"}
,{"stream_name":"stdout","time":18.752533266,"data":"[Game 50] Range: 2-7 | Median/Mean: 3.0 / 3.480 | Fail: 2.000%\n"}
,{"stream_name":"stdout","time":19.676120593,"data":"[Game 60] Range: 2-7 | Median/Mean: 3.0 / 3.517 | Fail: 1.667%\n"}
,{"stream_name":"stdout","time":20.646711547,"data":"[Game 70] Range: 2-7 | Median/Mean: 3.0 / 3.557 | Fail: 1.429%\n"}
,{"stream_name":"stdout","time":21.508544941,"data":"[Game 80] Range: 2-7 | Median/Mean: 3.0 / 3.575 | Fail: 1.250%\n"}
,{"stream_name":"stdout","time":22.432804256,"data":"[Game 90] Range: 2-7 | Median/Mean: 3.0 / 3.578 | Fail: 1.111%\n"}
,{"stream_name":"stdout","time":23.230191312,"data":"[Game 100] Range: 2-7 | Median/Mean: 3.0 / 3.560 | Fail: 1.000%\n"}
,{"stream_name":"stdout","time":24.272212535,"data":"[Game 110] Range: 2-7 | Median/Mean: 3.0 / 3.591 | Fail: 0.909%\n"}
,{"stream_name":"stdout","time":25.348924468,"data":"[Game 120] Range: 2-7 | Median/Mean: 3.5 / 3.617 | Fail: 1.667%\n"}
,{"stream_name":"stdout","time":26.161979815,"data":"[Game 130] Range: 2-7 | Median/Mean: 3.0 / 3.600 | Fail: 1.538%\n"}
,{"stream_name":"stdout","time":27.102617092,"data":"[Game 140] Range: 2-7 | Median/Mean: 4.0 / 3.614 | Fail: 1.429%\n"}
,{"stream_name":"stdout","time":27.926763822,"data":"[Game 150] Range: 2-7 | Median/Mean: 3.5 / 3.587 | Fail: 1.333%\n"}
,{"stream_name":"stdout","time":28.685315344,"data":"[Game 160] Range: 2-7 | Median/Mean: 3.0 / 3.562 | Fail: 1.250%\n"}
,{"stream_name":"stdout","time":29.516624421,"data":"[Game 170] Range: 2-7 | Median/Mean: 3.0 / 3.547 | Fail: 1.176%\n"}
,{"stream_name":"stdout","time":30.207376341,"data":"[Game 180] Range: 2-7 | Median/Mean: 3.0 / 3.522 | Fail: 1.111%\n"}
,{"stream_name":"stdout","time":31.283692872,"data":"[Game 190] Range: 2-7 | Median/Mean: 3.0 / 3.537 | Fail: 1.053%\n"}
,{"stream_name":"stdout","time":32.09095863,"data":"[Game 200] Range: 2-7 | Median/Mean: 3.0 / 3.530 | Fail: 1.000%\n"}
,{"stream_name":"stdout","time":32.92534997,"data":"[Game 210] Range: 2-7 | Median/Mean: 3.0 / 3.524 | Fail: 0.952%\n"}
,{"stream_name":"stdout","time":33.807644261,"data":"[Game 220] Range: 2-7 | Median/Mean: 3.0 / 3.514 | Fail: 0.909%\n"}
,{"stream_name":"stdout","time":34.68980041,"data":"[Game 230] Range: 2-7 | Median/Mean: 3.0 / 3.500 | Fail: 0.870%\n"}
,{"stream_name":"stdout","time":35.470191012,"data":"[Game 240] Range: 2-7 | Median/Mean: 3.0 / 3.483 | Fail: 0.833%\n"}
,{"stream_name":"stdout","time":36.383630657,"data":"[Game 250] Range: 2-7 | Median/Mean: 3.0 / 3.492 | Fail: 0.800%\n"}
,{"stream_name":"stdout","time":37.271424423,"data":"[Game 260] Range: 2-7 | Median/Mean: 3.0 / 3.488 | Fail: 0.769%\n"}
,{"stream_name":"stdout","time":38.038876471,"data":"[Game 270] Range: 2-7 | Median/Mean: 3.0 / 3.485 | Fail: 0.741%\n"}
,{"stream_name":"stdout","time":38.718876834,"data":"[Game 280] Range: 2-7 | Median/Mean: 3.0 / 3.468 | Fail: 0.714%\n"}
,{"stream_name":"stdout","time":39.716346318,"data":"[Game 290] Range: 2-7 | Median/Mean: 3.0 / 3.483 | Fail: 0.690%\n"}
,{"stream_name":"stdout","time":40.616947292,"data":"[Game 300] Range: 2-7 | Median/Mean: 3.0 / 3.487 | Fail: 0.667%\n"}
,{"stream_name":"stdout","time":41.635166456,"data":"[Game 310] Range: 2-7 | Median/Mean: 3.0 / 3.490 | Fail: 0.645%\n"}
,{"stream_name":"stdout","time":42.568312309,"data":"[Game 320] Range: 2-7 | Median/Mean: 3.0 / 3.487 | Fail: 0.625%\n"}
,{"stream_name":"stdout","time":43.418059929,"data":"[Game 330] Range: 2-7 | Median/Mean: 3.0 / 3.485 | Fail: 0.909%\n"}
,{"stream_name":"stdout","time":44.181213753,"data":"[Game 340] Range: 2-7 | Median/Mean: 3.0 / 3.474 | Fail: 0.882%\n"}
,{"stream_name":"stdout","time":44.915547276,"data":"[Game 350] Range: 2-7 | Median/Mean: 3.0 / 3.466 | Fail: 0.857%\n"}
,{"stream_name":"stdout","time":45.812717151,"data":"[Game 360] Range: 2-7 | Median/Mean: 3.0 / 3.464 | Fail: 0.833%\n"}
,{"stream_name":"stdout","time":46.816193756,"data":"[Game 370] Range: 2-7 | Median/Mean: 3.0 / 3.473 | Fail: 0.811%\n"}
,{"stream_name":"stdout","time":47.745640201,"data":"[Game 380] Range: 2-7 | Median/Mean: 3.0 / 3.476 | Fail: 0.789%\n"}
,{"stream_name":"stdout","time":48.699145883,"data":"[Game 390] Range: 2-7 | Median/Mean: 3.0 / 3.477 | Fail: 0.769%\n"}
,{"stream_name":"stdout","time":49.81095349,"data":"[Game 400] Range: 2-7 | Median/Mean: 3.0 / 3.490 | Fail: 0.750%\n"}
,{"stream_name":"stdout","time":50.858689264,"data":"[Game 410] Range: 2-7 | Median/Mean: 3.0 / 3.498 | Fail: 0.732%\n"}
,{"stream_name":"stdout","time":51.986970273,"data":"[Game 420] Range: 2-7 | Median/Mean: 3.0 / 3.517 | Fail: 0.714%\n"}
,{"stream_name":"stdout","time":52.985473586,"data":"[Game 430] Range: 2-7 | Median/Mean: 3.0 / 3.521 | Fail: 0.698%\n"}
,{"stream_name":"stdout","time":53.860674919,"data":"[Game 440] Range: 2-7 | Median/Mean: 3.0 / 3.518 | Fail: 0.682%\n"}
,{"stream_name":"stdout","time":54.695471392,"data":"[Game 450] Range: 2-7 | Median/Mean: 3.0 / 3.520 | Fail: 0.667%\n"}
,{"stream_name":"stdout","time":55.723861152,"data":"[Game 460] Range: 2-7 | Median/Mean: 3.0 / 3.526 | Fail: 0.652%\n"}
,{"stream_name":"stdout","time":56.762805168,"data":"[Game 470] Range: 2-8 | Median/Mean: 3.0 / 3.538 | Fail: 0.851%\n"}
,{"stream_name":"stdout","time":57.753240989,"data":"[Game 480] Range: 2-8 | Median/Mean: 3.0 / 3.542 | Fail: 0.833%\n"}
,{"stream_name":"stdout","time":58.597937926,"data":"[Game 490] Range: 2-8 | Median/Mean: 3.0 / 3.539 | Fail: 0.816%\n"}
,{"stream_name":"stdout","time":59.623246357,"data":"[Game 500] Range: 2-8 | Median/Mean: 3.0 / 3.544 | Fail: 0.800%\n"}
,{"stream_name":"stdout","time":60.703182632,"data":"[Game 510] Range: 2-8 | Median/Mean: 3.0 / 3.557 | Fail: 0.980%\n"}
,{"stream_name":"stdout","time":61.663238059,"data":"[Game 520] Range: 2-8 | Median/Mean: 3.0 / 3.556 | Fail: 0.962%\n"}
,{"stream_name":"stdout","time":62.461191406,"data":"[Game 530] Range: 2-8 | Median/Mean: 3.0 / 3.551 | Fail: 0.943%\n"}
,{"stream_name":"stdout","time":63.470648204,"data":"[Game 540] Range: 2-8 | Median/Mean: 3.0 / 3.557 | Fail: 0.926%\n"}
,{"stream_name":"stdout","time":64.456714019,"data":"[Game 550] Range: 2-8 | Median/Mean: 3.0 / 3.560 | Fail: 0.909%\n"}
,{"stream_name":"stdout","time":65.593264243,"data":"[Game 560] Range: 2-8 | Median/Mean: 3.0 / 3.570 | Fail: 1.071%\n"}
,{"stream_name":"stdout","time":66.439177363,"data":"[Game 570] Range: 2-8 | Median/Mean: 3.0 / 3.572 | Fail: 1.053%\n"}
,{"stream_name":"stdout","time":67.27178722,"data":"[Game 580] Range: 2-8 | Median/Mean: 3.0 / 3.572 | Fail: 1.034%\n"}
,{"stream_name":"stdout","time":68.35769601,"data":"[Game 590] Range: 2-8 | Median/Mean: 3.0 / 3.581 | Fail: 1.017%\n"}
,{"stream_name":"stdout","time":69.095112694,"data":"[Game 600] Range: 2-8 | Median/Mean: 3.0 / 3.575 | Fail: 1.000%\n"}
,{"stream_name":"stdout","time":69.955610271,"data":"[Game 610] Range: 2-8 | Median/Mean: 3.0 / 3.574 | Fail: 0.984%\n"}
,{"stream_name":"stdout","time":70.8802478,"data":"[Game 620] Range: 2-8 | Median/Mean: 3.0 / 3.574 | Fail: 0.968%\n"}
,{"stream_name":"stdout","time":71.843631203,"data":"[Game 630] Range: 2-8 | Median/Mean: 3.0 / 3.579 | Fail: 0.952%\n"}
,{"stream_name":"stdout","time":72.835427282,"data":"[Game 640] Range: 2-8 | Median/Mean: 3.0 / 3.581 | Fail: 0.938%\n"}
,{"stream_name":"stdout","time":73.843210347,"data":"[Game 650] Range: 2-8 | Median/Mean: 4.0 / 3.588 | Fail: 0.923%\n"}
,{"stream_name":"stdout","time":74.75894788,"data":"[Game 660] Range: 2-8 | Median/Mean: 4.0 / 3.588 | Fail: 0.909%\n"}
,{"stream_name":"stdout","time":75.656135743,"data":"[Game 670] Range: 2-8 | Median/Mean: 4.0 / 3.590 | Fail: 0.896%\n"}
,{"stream_name":"stdout","time":76.467695779,"data":"[Game 680] Range: 2-8 | Median/Mean: 4.0 / 3.585 | Fail: 0.882%\n"}
,{"stream_name":"stdout","time":77.247252831,"data":"[Game 690] Range: 2-8 | Median/Mean: 4.0 / 3.586 | Fail: 0.870%\n"}
,{"stream_name":"stdout","time":78.181600461,"data":"[Game 700] Range: 2-8 | Median/Mean: 4.0 / 3.587 | Fail: 0.857%\n"}
,{"stream_name":"stdout","time":79.175955241,"data":"[Game 710] Range: 2-8 | Median/Mean: 4.0 / 3.589 | Fail: 0.845%\n"}
,{"stream_name":"stdout","time":80.058519421,"data":"[Game 720] Range: 2-8 | Median/Mean: 4.0 / 3.587 | Fail: 0.833%\n"}
,{"stream_name":"stdout","time":81.098225087,"data":"[Game 730] Range: 2-8 | Median/Mean: 4.0 / 3.592 | Fail: 0.822%\n"}
,{"stream_name":"stdout","time":81.958503091,"data":"[Game 740] Range: 2-8 | Median/Mean: 4.0 / 3.591 | Fail: 0.811%\n"}
,{"stream_name":"stdout","time":82.992050456,"data":"[Game 750] Range: 2-8 | Median/Mean: 4.0 / 3.595 | Fail: 0.800%\n"}
,{"stream_name":"stdout","time":83.841754954,"data":"[Game 760] Range: 2-8 | Median/Mean: 4.0 / 3.593 | Fail: 0.789%\n"}
,{"stream_name":"stdout","time":84.644249176,"data":"[Game 770] Range: 2-8 | Median/Mean: 3.5 / 3.590 | Fail: 0.779%\n"}
,{"stream_name":"stdout","time":85.638479392,"data":"[Game 780] Range: 2-8 | Median/Mean: 3.5 / 3.594 | Fail: 0.769%\n"}
,{"stream_name":"stdout","time":86.501669577,"data":"[Game 790] Range: 2-8 | Median/Mean: 3.0 / 3.591 | Fail: 0.759%\n"}
,{"stream_name":"stdout","time":87.478490052,"data":"[Game 800] Range: 2-8 | Median/Mean: 3.0 / 3.592 | Fail: 0.750%\n"}
,{"stream_name":"stdout","time":88.279390816,"data":"[Game 810] Range: 2-8 | Median/Mean: 3.0 / 3.590 | Fail: 0.741%\n"}
,{"stream_name":"stdout","time":89.197665342,"data":"[Game 820] Range: 2-8 | Median/Mean: 3.5 / 3.593 | Fail: 0.732%\n"}
,{"stream_name":"stdout","time":90.038580442,"data":"[Game 830] Range: 2-8 | Median/Mean: 3.5 / 3.592 | Fail: 0.723%\n"}
,{"stream_name":"stdout","time":90.954398029,"data":"[Game 840] Range: 2-8 | Median/Mean: 4.0 / 3.595 | Fail: 0.714%\n"}
,{"stream_name":"stdout","time":91.769843008,"data":"[Game 850] Range: 2-8 | Median/Mean: 4.0 / 3.596 | Fail: 0.706%\n"}
,{"stream_name":"stdout","time":92.547570887,"data":"[Game 860] Range: 2-8 | Median/Mean: 4.0 / 3.595 | Fail: 0.698%\n"}
,{"stream_name":"stdout","time":93.589741379,"data":"[Game 870] Range: 2-8 | Median/Mean: 4.0 / 3.597 | Fail: 0.690%\n"}
,{"stream_name":"stdout","time":94.553264869,"data":"[Game 880] Range: 2-8 | Median/Mean: 4.0 / 3.597 | Fail: 0.682%\n"}
,{"stream_name":"stdout","time":95.588325986,"data":"[Game 890] Range: 2-8 | Median/Mean: 4.0 / 3.602 | Fail: 0.787%\n"}
,{"stream_name":"stdout","time":96.454449391,"data":"[Game 900] Range: 2-8 | Median/Mean: 4.0 / 3.602 | Fail: 0.778%\n"}
,{"stream_name":"stdout","time":97.45364167,"data":"[Game 910] Range: 2-8 | Median/Mean: 4.0 / 3.608 | Fail: 0.879%\n"}
,{"stream_name":"stdout","time":98.386890901,"data":"[Game 920] Range: 2-8 | Median/Mean: 4.0 / 3.608 | Fail: 0.978%\n"}
,{"stream_name":"stdout","time":99.223434831,"data":"[Game 930] Range: 2-8 | Median/Mean: 4.0 / 3.608 | Fail: 0.968%\n"}
,{"stream_name":"stdout","time":100.188715482,"data":"[Game 940] Range: 2-8 | Median/Mean: 4.0 / 3.610 | Fail: 0.957%\n"}
,{"stream_name":"stdout","time":101.029131915,"data":"[Game 950] Range: 2-8 | Median/Mean: 4.0 / 3.607 | Fail: 0.947%\n"}
,{"stream_name":"stdout","time":101.921037241,"data":"[Game 960] Range: 2-8 | Median/Mean: 4.0 / 3.609 | Fail: 0.938%\n"}
,{"stream_name":"stdout","time":102.831411396,"data":"[Game 970] Range: 2-8 | Median/Mean: 4.0 / 3.611 | Fail: 0.928%\n"}
,{"stream_name":"stdout","time":103.739385232,"data":"[Game 980] Range: 2-8 | Median/Mean: 4.0 / 3.611 | Fail: 0.918%\n"}
,{"stream_name":"stdout","time":104.568277117,"data":"[Game 990] Range: 2-8 | Median/Mean: 4.0 / 3.612 | Fail: 0.909%\n"}
,{"stream_name":"stdout","time":105.529481586,"data":"[Game 1000] Range: 2-8 | Median/Mean: 4.0 / 3.614 | Fail: 0.900%\n"}
,{"stream_name":"stdout","time":106.299875441,"data":"[Game 1010] Range: 2-8 | Median/Mean: 4.0 / 3.611 | Fail: 0.891%\n"}
,{"stream_name":"stdout","time":107.293506439,"data":"[Game 1020] Range: 2-8 | Median/Mean: 4.0 / 3.615 | Fail: 0.882%\n"}
,{"stream_name":"stdout","time":108.284876203,"data":"[Game 1030] Range: 2-8 | Median/Mean: 4.0 / 3.617 | Fail: 0.874%\n"}
,{"stream_name":"stdout","time":109.119007803,"data":"[Game 1040] Range: 2-8 | Median/Mean: 4.0 / 3.617 | Fail: 0.865%\n"}
,{"stream_name":"stdout","time":110.090552614,"data":"[Game 1050] Range: 2-8 | Median/Mean: 4.0 / 3.619 | Fail: 0.857%\n"}
,{"stream_name":"stdout","time":111.155466595,"data":"[Game 1060] Range: 2-8 | Median/Mean: 4.0 / 3.624 | Fail: 0.849%\n"}
,{"stream_name":"stdout","time":111.995750724,"data":"[Game 1070] Range: 2-8 | Median/Mean: 4.0 / 3.623 | Fail: 0.841%\n"}
,{"stream_name":"stdout","time":112.960826588,"data":"[Game 1080] Range: 2-8 | Median/Mean: 4.0 / 3.627 | Fail: 0.833%\n"}
,{"stream_name":"stdout","time":113.94904928,"data":"[Game 1090] Range: 2-8 | Median/Mean: 4.0 / 3.629 | Fail: 0.826%\n"}
,{"stream_name":"stdout","time":114.876706935,"data":"[Game 1100] Range: 2-8 | Median/Mean: 4.0 / 3.629 | Fail: 0.818%\n"}
,{"stream_name":"stdout","time":115.776190955,"data":"[Game 1110] Range: 2-8 | Median/Mean: 4.0 / 3.630 | Fail: 0.811%\n"}
,{"stream_name":"stdout","time":116.641598869,"data":"[Game 1120] Range: 2-8 | Median/Mean: 4.0 / 3.630 | Fail: 0.804%\n"}
,{"stream_name":"stdout","time":117.598591345,"data":"[Game 1130] Range: 2-8 | Median/Mean: 4.0 / 3.632 | Fail: 0.796%\n"}
,{"stream_name":"stdout","time":119.063779026,"data":"[Game 1140] Range: 2-8 | Median/Mean: 4.0 / 3.636 | Fail: 0.789%\n"}
,{"stream_name":"stdout","time":120.002063952,"data":"[Game 1150] Range: 2-8 | Median/Mean: 4.0 / 3.639 | Fail: 0.783%\n"}
,{"stream_name":"stdout","time":120.88522925,"data":"[Game 1160] Range: 2-8 | Median/Mean: 4.0 / 3.640 | Fail: 0.776%\n"}
,{"stream_name":"stdout","time":121.788195545,"data":"[Game 1170] Range: 2-8 | Median/Mean: 4.0 / 3.641 | Fail: 0.769%\n"}
,{"stream_name":"stdout","time":122.641864311,"data":"[Game 1180] Range: 2-8 | Median/Mean: 4.0 / 3.639 | Fail: 0.763%\n"}
,{"stream_name":"stdout","time":123.545843006,"data":"[Game 1190] Range: 2-8 | Median/Mean: 4.0 / 3.638 | Fail: 0.756%\n"}
,{"stream_name":"stdout","time":124.4958326,"data":"[Game 1200] Range: 2-8 | Median/Mean: 4.0 / 3.638 | Fail: 0.750%\n"}
,{"stream_name":"stdout","time":125.344450166,"data":"[Game 1210] Range: 2-8 | Median/Mean: 4.0 / 3.639 | Fail: 0.744%\n"}
,{"stream_name":"stdout","time":126.466881376,"data":"[Game 1220] Range: 2-8 | Median/Mean: 4.0 / 3.643 | Fail: 0.738%\n"}
,{"stream_name":"stdout","time":127.712935285,"data":"[Game 1230] Range: 2-9 | Median/Mean: 4.0 / 3.652 | Fail: 0.813%\n"}
,{"stream_name":"stdout","time":128.608902651,"data":"[Game 1240] Range: 2-9 | Median/Mean: 4.0 / 3.652 | Fail: 0.806%\n"}
,{"stream_name":"stdout","time":129.669498914,"data":"[Game 1250] Range: 2-9 | Median/Mean: 4.0 / 3.654 | Fail: 0.800%\n"}
,{"stream_name":"stdout","time":130.678121829,"data":"[Game 1260] Range: 2-9 | Median/Mean: 4.0 / 3.658 | Fail: 0.794%\n"}
,{"stream_name":"stdout","time":131.452141247,"data":"[Game 1270] Range: 2-9 | Median/Mean: 4.0 / 3.657 | Fail: 0.787%\n"}
,{"stream_name":"stdout","time":132.423995862,"data":"[Game 1280] Range: 2-9 | Median/Mean: 4.0 / 3.659 | Fail: 0.781%\n"}
,{"stream_name":"stdout","time":133.131561032,"data":"[Game 1290] Range: 2-9 | Median/Mean: 4.0 / 3.657 | Fail: 0.775%\n"}
,{"stream_name":"stdout","time":133.96286195,"data":"[Game 1300] Range: 2-9 | Median/Mean: 4.0 / 3.655 | Fail: 0.769%\n"}
,{"stream_name":"stdout","time":134.793966783,"data":"[Game 1310] Range: 2-9 | Median/Mean: 4.0 / 3.654 | Fail: 0.763%\n"}
,{"stream_name":"stdout","time":135.879223375,"data":"[Game 1320] Range: 2-9 | Median/Mean: 4.0 / 3.657 | Fail: 0.758%\n"}
,{"stream_name":"stdout","time":136.964278655,"data":"[Game 1330] Range: 2-9 | Median/Mean: 4.0 / 3.659 | Fail: 0.752%\n"}
,{"stream_name":"stdout","time":138.003453467,"data":"[Game 1340] Range: 2-9 | Median/Mean: 4.0 / 3.660 | Fail: 0.746%\n"}
,{"stream_name":"stdout","time":138.801931302,"data":"[Game 1350] Range: 2-9 | Median/Mean: 4.0 / 3.659 | Fail: 0.741%\n"}
,{"stream_name":"stdout","time":139.938933696,"data":"[Game 1360] Range: 2-9 | Median/Mean: 4.0 / 3.663 | Fail: 0.735%\n"}
,{"stream_name":"stdout","time":140.990327214,"data":"[Game 1370] Range: 2-9 | Median/Mean: 4.0 / 3.667 | Fail: 0.730%\n"}
,{"stream_name":"stdout","time":142.05573444,"data":"[Game 1380] Range: 2-9 | Median/Mean: 4.0 / 3.667 | Fail: 0.725%\n"}
,{"stream_name":"stdout","time":143.202184205,"data":"[Game 1390] Range: 2-9 | Median/Mean: 4.0 / 3.667 | Fail: 0.719%\n"}
,{"stream_name":"stdout","time":144.172102524,"data":"[Game 1400] Range: 2-9 | Median/Mean: 4.0 / 3.669 | Fail: 0.714%\n"}
,{"stream_name":"stdout","time":145.217878962,"data":"[Game 1410] Range: 2-9 | Median/Mean: 4.0 / 3.672 | Fail: 0.709%\n"}
,{"stream_name":"stdout","time":146.11878564,"data":"[Game 1420] Range: 2-9 | Median/Mean: 4.0 / 3.673 | Fail: 0.704%\n"}
,{"stream_name":"stdout","time":146.865631248,"data":"[Game 1430] Range: 2-9 | Median/Mean: 4.0 / 3.671 | Fail: 0.699%\n"}
,{"stream_name":"stdout","time":147.842593317,"data":"[Game 1440] Range: 2-9 | Median/Mean: 4.0 / 3.674 | Fail: 0.694%\n"}
,{"stream_name":"stdout","time":149.010518886,"data":"[Game 1450] Range: 2-9 | Median/Mean: 4.0 / 3.681 | Fail: 0.759%\n"}
,{"stream_name":"stdout","time":149.81344463,"data":"[Game 1460] Range: 2-9 | Median/Mean: 4.0 / 3.681 | Fail: 0.753%\n"}
,{"stream_name":"stdout","time":150.670611996,"data":"[Game 1470] Range: 2-9 | Median/Mean: 4.0 / 3.682 | Fail: 0.748%\n"}
,{"stream_name":"stdout","time":151.791147211,"data":"[Game 1480] Range: 2-9 | Median/Mean: 4.0 / 3.687 | Fail: 0.743%\n"}
,{"stream_name":"stdout","time":152.656426772,"data":"[Game 1490] Range: 2-9 | Median/Mean: 4.0 / 3.686 | Fail: 0.738%\n"}
,{"stream_name":"stdout","time":153.644321922,"data":"[Game 1500] Range: 2-9 | Median/Mean: 4.0 / 3.687 | Fail: 0.733%\n"}
,{"stream_name":"stdout","time":154.570352324,"data":"[Game 1510] Range: 2-9 | Median/Mean: 4.0 / 3.687 | Fail: 0.728%\n"}
,{"stream_name":"stdout","time":155.281166402,"data":"[Game 1520] Range: 2-9 | Median/Mean: 4.0 / 3.686 | Fail: 0.724%\n"}
,{"stream_name":"stdout","time":156.343890734,"data":"[Game 1530] Range: 2-9 | Median/Mean: 4.0 / 3.688 | Fail: 0.719%\n"}
,{"stream_name":"stdout","time":157.408601597,"data":"[Game 1540] Range: 2-9 | Median/Mean: 4.0 / 3.691 | Fail: 0.714%\n"}
,{"stream_name":"stdout","time":158.345960233,"data":"[Game 1550] Range: 2-9 | Median/Mean: 4.0 / 3.693 | Fail: 0.710%\n"}
,{"stream_name":"stdout","time":159.230192901,"data":"[Game 1560] Range: 2-9 | Median/Mean: 4.0 / 3.694 | Fail: 0.705%\n"}
,{"stream_name":"stdout","time":160.17550658,"data":"[Game 1570] Range: 2-9 | Median/Mean: 4.0 / 3.695 | Fail: 0.764%\n"}
,{"stream_name":"stdout","time":161.036531537,"data":"[Game 1580] Range: 2-9 | Median/Mean: 4.0 / 3.693 | Fail: 0.759%\n"}
,{"stream_name":"stdout","time":161.851926733,"data":"[Game 1590] Range: 2-9 | Median/Mean: 4.0 / 3.692 | Fail: 0.755%\n"}
,{"stream_name":"stdout","time":162.554829452,"data":"[Game 1600] Range: 2-9 | Median/Mean: 4.0 / 3.690 | Fail: 0.750%\n"}
,{"stream_name":"stdout","time":163.52851849,"data":"[Game 1610] Range: 2-9 | Median/Mean: 4.0 / 3.693 | Fail: 0.745%\n"}
,{"stream_name":"stdout","time":164.421331636,"data":"[Game 1620] Range: 2-9 | Median/Mean: 4.0 / 3.693 | Fail: 0.741%\n"}
,{"stream_name":"stdout","time":165.432498613,"data":"[Game 1630] Range: 2-9 | Median/Mean: 4.0 / 3.696 | Fail: 0.736%\n"}
,{"stream_name":"stdout","time":166.462596118,"data":"[Game 1640] Range: 2-9 | Median/Mean: 4.0 / 3.699 | Fail: 0.732%\n"}
,{"stream_name":"stdout","time":167.27818977,"data":"[Game 1650] Range: 2-9 | Median/Mean: 4.0 / 3.698 | Fail: 0.727%\n"}
,{"stream_name":"stdout","time":168.311626196,"data":"[Game 1660] Range: 2-9 | Median/Mean: 4.0 / 3.700 | Fail: 0.723%\n"}
,{"stream_name":"stdout","time":169.256493931,"data":"[Game 1670] Range: 2-9 | Median/Mean: 4.0 / 3.701 | Fail: 0.719%\n"}
,{"stream_name":"stdout","time":170.113273898,"data":"[Game 1680] Range: 2-9 | Median/Mean: 4.0 / 3.699 | Fail: 0.714%\n"}
,{"stream_name":"stdout","time":171.077778731,"data":"[Game 1690] Range: 2-9 | Median/Mean: 4.0 / 3.701 | Fail: 0.710%\n"}
,{"stream_name":"stdout","time":171.933423415,"data":"[Game 1700] Range: 2-9 | Median/Mean: 4.0 / 3.702 | Fail: 0.706%\n"}
,{"stream_name":"stdout","time":172.922678854,"data":"[Game 1710] Range: 2-9 | Median/Mean: 4.0 / 3.704 | Fail: 0.702%\n"}
,{"stream_name":"stdout","time":173.946346897,"data":"[Game 1720] Range: 2-9 | Median/Mean: 4.0 / 3.706 | Fail: 0.756%\n"}
,{"stream_name":"stdout","time":175.067827633,"data":"[Game 1730] Range: 2-9 | Median/Mean: 4.0 / 3.709 | Fail: 0.751%\n"}
,{"stream_name":"stdout","time":176.063981243,"data":"[Game 1740] Range: 2-9 | Median/Mean: 4.0 / 3.710 | Fail: 0.747%\n"}
,{"stream_name":"stdout","time":177.082280707,"data":"[Game 1750] Range: 2-9 | Median/Mean: 4.0 / 3.713 | Fail: 0.743%\n"}
,{"stream_name":"stdout","time":177.890163847,"data":"[Game 1760] Range: 2-9 | Median/Mean: 4.0 / 3.710 | Fail: 0.739%\n"}
,{"stream_name":"stdout","time":178.692024377,"data":"[Game 1770] Range: 2-9 | Median/Mean: 4.0 / 3.707 | Fail: 0.734%\n"}
,{"stream_name":"stdout","time":179.581574791,"data":"[Game 1780] Range: 2-9 | Median/Mean: 4.0 / 3.708 | Fail: 0.730%\n"}
,{"stream_name":"stdout","time":180.481680539,"data":"[Game 1790] Range: 2-9 | Median/Mean: 4.0 / 3.710 | Fail: 0.726%\n"}
,{"stream_name":"stdout","time":181.34108936,"data":"[Game 1800] Range: 2-9 | Median/Mean: 4.0 / 3.709 | Fail: 0.722%\n"}
,{"stream_name":"stdout","time":182.348330478,"data":"[Game 1810] Range: 2-9 | Median/Mean: 4.0 / 3.712 | Fail: 0.718%\n"}
,{"stream_name":"stdout","time":183.239826715,"data":"[Game 1820] Range: 2-9 | Median/Mean: 4.0 / 3.713 | Fail: 0.769%\n"}
,{"stream_name":"stdout","time":184.232106115,"data":"[Game 1830] Range: 2-9 | Median/Mean: 4.0 / 3.714 | Fail: 0.765%\n"}
,{"stream_name":"stdout","time":185.098037915,"data":"[Game 1840] Range: 2-9 | Median/Mean: 4.0 / 3.712 | Fail: 0.761%\n"}
,{"stream_name":"stdout","time":185.988017956,"data":"[Game 1850] Range: 2-9 | Median/Mean: 4.0 / 3.714 | Fail: 0.757%\n"}
,{"stream_name":"stdout","time":186.688161949,"data":"[Game 1860] Range: 2-9 | Median/Mean: 4.0 / 3.712 | Fail: 0.753%\n"}
,{"stream_name":"stdout","time":187.695741774,"data":"[Game 1870] Range: 2-9 | Median/Mean: 4.0 / 3.713 | Fail: 0.749%\n"}
,{"stream_name":"stdout","time":188.753645384,"data":"[Game 1880] Range: 2-9 | Median/Mean: 4.0 / 3.718 | Fail: 0.745%\n"}
,{"stream_name":"stdout","time":189.9458383,"data":"[Game 1890] Range: 2-9 | Median/Mean: 4.0 / 3.718 | Fail: 0.741%\n"}
,{"stream_name":"stdout","time":191.088623307,"data":"[Game 1900] Range: 2-9 | Median/Mean: 4.0 / 3.721 | Fail: 0.737%\n"}
,{"stream_name":"stdout","time":192.065072744,"data":"[Game 1910] Range: 2-9 | Median/Mean: 4.0 / 3.723 | Fail: 0.733%\n"}
,{"stream_name":"stdout","time":193.043555213,"data":"[Game 1920] Range: 2-9 | Median/Mean: 4.0 / 3.725 | Fail: 0.781%\n"}
,{"stream_name":"stdout","time":193.902975259,"data":"[Game 1930] Range: 2-9 | Median/Mean: 4.0 / 3.723 | Fail: 0.777%\n"}
,{"stream_name":"stdout","time":194.786696328,"data":"[Game 1940] Range: 2-9 | Median/Mean: 4.0 / 3.724 | Fail: 0.773%\n"}
,{"stream_name":"stdout","time":195.725089763,"data":"[Game 1950] Range: 2-9 | Median/Mean: 4.0 / 3.725 | Fail: 0.769%\n"}
,{"stream_name":"stdout","time":196.869476389,"data":"[Game 1960] Range: 2-9 | Median/Mean: 4.0 / 3.728 | Fail: 0.765%\n"}
,{"stream_name":"stdout","time":197.673779095,"data":"[Game 1970] Range: 2-9 | Median/Mean: 4.0 / 3.728 | Fail: 0.761%\n"}
,{"stream_name":"stdout","time":198.67656117,"data":"[Game 1980] Range: 2-9 | Median/Mean: 4.0 / 3.731 | Fail: 0.758%\n"}
,{"stream_name":"stdout","time":199.451058689,"data":"[Game 1990] Range: 2-9 | Median/Mean: 4.0 / 3.731 | Fail: 0.754%\n"}
,{"stream_name":"stdout","time":200.528415925,"data":"[Game 2000] Range: 2-9 | Median/Mean: 4.0 / 3.732 | Fail: 0.800%\n"}
,{"stream_name":"stdout","time":201.637242079,"data":"[Game 2010] Range: 2-9 | Median/Mean: 4.0 / 3.736 | Fail: 0.796%\n"}
,{"stream_name":"stdout","time":202.600212432,"data":"[Game 2020] Range: 2-9 | Median/Mean: 4.0 / 3.737 | Fail: 0.792%\n"}
,{"stream_name":"stdout","time":203.606915929,"data":"[Game 2030] Range: 2-9 | Median/Mean: 4.0 / 3.739 | Fail: 0.788%\n"}
,{"stream_name":"stdout","time":204.440722218,"data":"[Game 2040] Range: 2-9 | Median/Mean: 4.0 / 3.739 | Fail: 0.784%\n"}
,{"stream_name":"stdout","time":205.448257583,"data":"[Game 2050] Range: 2-9 | Median/Mean: 4.0 / 3.741 | Fail: 0.780%\n"}
,{"stream_name":"stdout","time":206.367381112,"data":"[Game 2060] Range: 2-9 | Median/Mean: 4.0 / 3.743 | Fail: 0.777%\n"}
,{"stream_name":"stdout","time":207.415598872,"data":"[Game 2070] Range: 2-9 | Median/Mean: 4.0 / 3.746 | Fail: 0.821%\n"}
,{"stream_name":"stdout","time":208.36300323,"data":"[Game 2080] Range: 2-9 | Median/Mean: 4.0 / 3.747 | Fail: 0.817%\n"}
,{"stream_name":"stdout","time":209.350079009,"data":"[Game 2090] Range: 2-9 | Median/Mean: 4.0 / 3.748 | Fail: 0.813%\n"}
,{"stream_name":"stdout","time":210.365500368,"data":"[Game 2100] Range: 2-9 | Median/Mean: 4.0 / 3.750 | Fail: 0.810%\n"}
,{"stream_name":"stdout","time":211.319779119,"data":"[Game 2110] Range: 2-9 | Median/Mean: 4.0 / 3.751 | Fail: 0.806%\n"}
,{"stream_name":"stdout","time":212.276927317,"data":"[Game 2120] Range: 2-9 | Median/Mean: 4.0 / 3.752 | Fail: 0.802%\n"}
,{"stream_name":"stdout","time":213.285539357,"data":"[Game 2130] Range: 2-9 | Median/Mean: 4.0 / 3.753 | Fail: 0.798%\n"}
,{"stream_name":"stdout","time":214.43305208,"data":"[Game 2140] Range: 2-9 | Median/Mean: 4.0 / 3.757 | Fail: 0.794%\n"}
,{"stream_name":"stdout","time":215.512693897,"data":"[Game 2150] Range: 2-9 | Median/Mean: 4.0 / 3.759 | Fail: 0.791%\n"}
,{"stream_name":"stdout","time":216.478580225,"data":"[Game 2160] Range: 2-9 | Median/Mean: 4.0 / 3.761 | Fail: 0.787%\n"}
,{"stream_name":"stdout","time":217.418703354,"data":"[Game 2170] Range: 2-9 | Median/Mean: 4.0 / 3.761 | Fail: 0.829%\n"}
,{"stream_name":"stdout","time":218.330584807,"data":"[Game 2180] Range: 2-9 | Median/Mean: 4.0 / 3.762 | Fail: 0.826%\n"}
,{"stream_name":"stdout","time":219.236463058,"data":"[Game 2190] Range: 2-9 | Median/Mean: 4.0 / 3.763 | Fail: 0.822%\n"}
,{"stream_name":"stdout","time":220.177699452,"data":"[Game 2200] Range: 2-9 | Median/Mean: 4.0 / 3.764 | Fail: 0.818%\n"}
,{"stream_name":"stdout","time":221.115664905,"data":"[Game 2210] Range: 2-9 | Median/Mean: 4.0 / 3.764 | Fail: 0.814%\n"}
,{"stream_name":"stdout","time":221.987803872,"data":"[Game 2220] Range: 2-9 | Median/Mean: 4.0 / 3.764 | Fail: 0.811%\n"}
,{"stream_name":"stdout","time":222.910967234,"data":"[Game 2230] Range: 2-9 | Median/Mean: 4.0 / 3.765 | Fail: 0.807%\n"}
,{"stream_name":"stdout","time":223.961543937,"data":"[Game 2240] Range: 2-9 | Median/Mean: 4.0 / 3.767 | Fail: 0.804%\n"}
,{"stream_name":"stdout","time":224.954531472,"data":"[Game 2250] Range: 2-9 | Median/Mean: 4.0 / 3.769 | Fail: 0.800%\n"}
,{"stream_name":"stdout","time":226.054765576,"data":"[Game 2260] Range: 2-9 | Median/Mean: 4.0 / 3.771 | Fail: 0.841%\n"}
,{"stream_name":"stdout","time":226.966448512,"data":"[Game 2270] Range: 2-9 | Median/Mean: 4.0 / 3.770 | Fail: 0.837%\n"}
,{"stream_name":"stdout","time":227.778764301,"data":"[Game 2280] Range: 2-9 | Median/Mean: 4.0 / 3.771 | Fail: 0.833%\n"}
,{"stream_name":"stdout","time":228.811175727,"data":"[Game 2290] Range: 2-9 | Median/Mean: 4.0 / 3.773 | Fail: 0.917%\n"}
,{"stream_name":"stdout","time":229.671958195,"data":"[Game 2300] Range: 2-9 | Median/Mean: 4.0 / 3.774 | Fail: 0.913%\n"}
,{"stream_name":"stdout","time":230.512606732,"data":"[Game 2310] Range: 2-9 | Median/Mean: 4.0 / 3.774 | Fail: 0.909%\n"}
,{"stream_name":"stdout","time":231.170519494,"data":"Summary:\n"}
,{"stream_name":"stdout","time":231.187867856,"data":"Distribution across steps:\n"}
,{"stream_name":"stdout","time":231.196968384,"data":"Key Metrics:\n"}
,{"stream_name":"stderr","time":235.33864247,"data":"/opt/conda/lib/python3.7/site-packages/traitlets/traitlets.py:2567: FutureWarning: --Exporter.preprocessors=[\"remove_papermill_header.RemovePapermillHeader\"] for containers is deprecated in traitlets 5.0. You can pass `--Exporter.preprocessors item` ... multiple times to add items to a list.\n"}
,{"stream_name":"stderr","time":235.338716246,"data":"  FutureWarning,\n"}
,{"stream_name":"stderr","time":235.33873075,"data":"[NbConvertApp] Converting notebook __notebook__.ipynb to notebook\n"}
,{"stream_name":"stderr","time":235.782589394,"data":"[NbConvertApp] Writing 32624 bytes to __notebook__.ipynb\n"}
,{"stream_name":"stderr","time":238.411941164,"data":"/opt/conda/lib/python3.7/site-packages/traitlets/traitlets.py:2567: FutureWarning: --Exporter.preprocessors=[\"nbconvert.preprocessors.ExtractOutputPreprocessor\"] for containers is deprecated in traitlets 5.0. You can pass `--Exporter.preprocessors item` ... multiple times to add items to a list.\n"}
,{"stream_name":"stderr","time":238.413475931,"data":"  FutureWarning,\n"}
,{"stream_name":"stderr","time":238.413502634,"data":"[NbConvertApp] Converting notebook __notebook__.ipynb to html\n"}
,{"stream_name":"stderr","time":239.049975642,"data":"[NbConvertApp] Writing 306913 bytes to __results__.html\n"}
]