[{"stream_name":"stderr","time":11.582076822,"data":"/opt/conda/lib/python3.7/site-packages/papermill/iorw.py:50: FutureWarning: pyarrow.HadoopFileSystem is deprecated as of 2.0.0, please use pyarrow.fs.HadoopFileSystem instead.\n"}
,{"stream_name":"stderr","time":11.582170403,"data":"  from pyarrow import HadoopFileSystem\n"}
,{"stream_name":"stdout","time":12.405133665,"data":"[ ---------- REAIS ----------]\n"}
,{"stream_name":"stdout","time":13.093138191,"data":"[Game 10] Range: 3-4 | Median/Mean: 3.0 / 3.300 | Fail: 0.000%\n"}
,{"stream_name":"stdout","time":13.755763786,"data":"[Game 20] Range: 3-4 | Median/Mean: 3.0 / 3.300 | Fail: 0.000%\n"}
,{"stream_name":"stdout","time":14.49218431,"data":"[Game 30] Range: 2-5 | Median/Mean: 3.0 / 3.367 | Fail: 0.000%\n"}
,{"stream_name":"stdout","time":15.336986695,"data":"[Game 40] Range: 2-6 | Median/Mean: 3.0 / 3.475 | Fail: 0.000%\n"}
,{"stream_name":"stdout","time":16.292991309,"data":"[Game 50] Range: 2-6 | Median/Mean: 3.0 / 3.500 | Fail: 0.000%\n"}
,{"stream_name":"stdout","time":17.093653575,"data":"[Game 60] Range: 2-6 | Median/Mean: 3.0 / 3.550 | Fail: 0.000%\n"}
,{"stream_name":"stdout","time":17.812776631,"data":"[Game 70] Range: 2-7 | Median/Mean: 3.0 / 3.557 | Fail: 1.429%\n"}
,{"stream_name":"stdout","time":18.530235549,"data":"[Game 80] Range: 2-7 | Median/Mean: 3.0 / 3.550 | Fail: 1.250%\n"}
,{"stream_name":"stdout","time":19.434648968,"data":"[Game 90] Range: 2-7 | Median/Mean: 3.0 / 3.600 | Fail: 1.111%\n"}
,{"stream_name":"stdout","time":20.184570662,"data":"[Game 100] Range: 2-7 | Median/Mean: 3.0 / 3.580 | Fail: 1.000%\n"}
,{"stream_name":"stdout","time":20.887281982,"data":"[Game 110] Range: 2-7 | Median/Mean: 3.0 / 3.573 | Fail: 0.909%\n"}
,{"stream_name":"stdout","time":21.786717345,"data":"[Game 120] Range: 2-8 | Median/Mean: 3.0 / 3.617 | Fail: 1.667%\n"}
,{"stream_name":"stdout","time":22.58555792,"data":"[Game 130] Range: 2-8 | Median/Mean: 3.0 / 3.608 | Fail: 1.538%\n"}
,{"stream_name":"stdout","time":23.436485585,"data":"[Game 140] Range: 2-8 | Median/Mean: 3.0 / 3.629 | Fail: 1.429%\n"}
,{"stream_name":"stdout","time":24.156859372,"data":"[Game 150] Range: 2-8 | Median/Mean: 3.0 / 3.600 | Fail: 1.333%\n"}
,{"stream_name":"stdout","time":24.830317675,"data":"[Game 160] Range: 2-8 | Median/Mean: 3.0 / 3.587 | Fail: 1.250%\n"}
,{"stream_name":"stdout","time":25.612225679,"data":"[Game 170] Range: 2-8 | Median/Mean: 3.0 / 3.576 | Fail: 1.176%\n"}
,{"stream_name":"stdout","time":26.291220632,"data":"[Game 180] Range: 2-8 | Median/Mean: 3.0 / 3.544 | Fail: 1.111%\n"}
,{"stream_name":"stdout","time":27.099867842,"data":"[Game 190] Range: 2-8 | Median/Mean: 3.0 / 3.537 | Fail: 1.053%\n"}
,{"stream_name":"stdout","time":27.738075971,"data":"[Game 200] Range: 2-8 | Median/Mean: 3.0 / 3.520 | Fail: 1.000%\n"}
,{"stream_name":"stdout","time":28.566036013,"data":"[Game 210] Range: 2-8 | Median/Mean: 3.0 / 3.533 | Fail: 0.952%\n"}
,{"stream_name":"stdout","time":29.346210605,"data":"[Game 220] Range: 2-8 | Median/Mean: 3.0 / 3.527 | Fail: 0.909%\n"}
,{"stream_name":"stdout","time":30.098694302,"data":"[Game 230] Range: 2-8 | Median/Mean: 3.0 / 3.522 | Fail: 0.870%\n"}
,{"stream_name":"stdout","time":30.953174166,"data":"[Game 240] Range: 2-8 | Median/Mean: 3.0 / 3.521 | Fail: 0.833%\n"}
,{"stream_name":"stdout","time":31.689246269,"data":"[Game 250] Range: 2-8 | Median/Mean: 3.0 / 3.520 | Fail: 0.800%\n"}
,{"stream_name":"stdout","time":32.431681848,"data":"[Game 260] Range: 2-8 | Median/Mean: 3.0 / 3.515 | Fail: 0.769%\n"}
,{"stream_name":"stdout","time":33.218126056,"data":"[Game 270] Range: 2-8 | Median/Mean: 3.0 / 3.515 | Fail: 0.741%\n"}
,{"stream_name":"stdout","time":33.811762225,"data":"[Game 280] Range: 2-8 | Median/Mean: 3.0 / 3.500 | Fail: 0.714%\n"}
,{"stream_name":"stdout","time":34.748566155,"data":"[Game 290] Range: 2-8 | Median/Mean: 3.0 / 3.517 | Fail: 0.690%\n"}
,{"stream_name":"stdout","time":35.480080577,"data":"[Game 300] Range: 2-8 | Median/Mean: 3.0 / 3.507 | Fail: 0.667%\n"}
,{"stream_name":"stdout","time":36.260370178,"data":"[Game 310] Range: 2-8 | Median/Mean: 3.0 / 3.513 | Fail: 0.645%\n"}
,{"stream_name":"stdout","time":37.112950354,"data":"[Game 320] Range: 2-8 | Median/Mean: 3.0 / 3.522 | Fail: 0.938%\n"}
,{"stream_name":"stdout","time":37.815718083,"data":"[Game 330] Range: 2-8 | Median/Mean: 3.0 / 3.518 | Fail: 0.909%\n"}
,{"stream_name":"stdout","time":38.57013029,"data":"[Game 340] Range: 2-8 | Median/Mean: 3.0 / 3.521 | Fail: 0.882%\n"}
,{"stream_name":"stdout","time":39.228433354,"data":"[Game 350] Range: 2-8 | Median/Mean: 3.0 / 3.511 | Fail: 0.857%\n"}
,{"stream_name":"stdout","time":39.992076703,"data":"[Game 360] Range: 2-8 | Median/Mean: 3.0 / 3.511 | Fail: 0.833%\n"}
,{"stream_name":"stdout","time":40.78815739,"data":"[Game 370] Range: 2-8 | Median/Mean: 3.0 / 3.516 | Fail: 0.811%\n"}
,{"stream_name":"stdout","time":41.568598558,"data":"[Game 380] Range: 2-8 | Median/Mean: 3.0 / 3.521 | Fail: 0.789%\n"}
,{"stream_name":"stdout","time":42.33655132,"data":"[Game 390] Range: 2-8 | Median/Mean: 3.0 / 3.523 | Fail: 0.769%\n"}
,{"stream_name":"stdout","time":43.072529112,"data":"[Game 400] Range: 2-8 | Median/Mean: 3.0 / 3.522 | Fail: 0.750%\n"}
,{"stream_name":"stdout","time":43.832768838,"data":"[Game 410] Range: 2-8 | Median/Mean: 3.0 / 3.522 | Fail: 0.732%\n"}
,{"stream_name":"stdout","time":44.804489722,"data":"[Game 420] Range: 2-8 | Median/Mean: 3.0 / 3.545 | Fail: 0.714%\n"}
,{"stream_name":"stdout","time":45.54030921,"data":"[Game 430] Range: 2-8 | Median/Mean: 3.0 / 3.544 | Fail: 0.698%\n"}
,{"stream_name":"stdout","time":46.385238777,"data":"[Game 440] Range: 2-8 | Median/Mean: 3.0 / 3.550 | Fail: 0.682%\n"}
,{"stream_name":"stdout","time":47.068176017,"data":"[Game 450] Range: 2-8 | Median/Mean: 3.0 / 3.544 | Fail: 0.667%\n"}
,{"stream_name":"stdout","time":47.823263717,"data":"[Game 460] Range: 2-8 | Median/Mean: 3.0 / 3.543 | Fail: 0.652%\n"}
,{"stream_name":"stdout","time":48.581752152,"data":"[Game 470] Range: 2-8 | Median/Mean: 3.0 / 3.545 | Fail: 0.638%\n"}
,{"stream_name":"stdout","time":49.439809057,"data":"[Game 480] Range: 2-8 | Median/Mean: 3.0 / 3.550 | Fail: 0.625%\n"}
,{"stream_name":"stdout","time":50.179230505,"data":"[Game 490] Range: 2-8 | Median/Mean: 3.0 / 3.553 | Fail: 0.612%\n"}
,{"stream_name":"stdout","time":51.022609786,"data":"[Game 500] Range: 2-8 | Median/Mean: 3.0 / 3.554 | Fail: 0.600%\n"}
,{"stream_name":"stdout","time":51.889822607,"data":"[Game 510] Range: 2-9 | Median/Mean: 3.0 / 3.565 | Fail: 0.784%\n"}
,{"stream_name":"stdout","time":52.806702528,"data":"[Game 520] Range: 2-9 | Median/Mean: 3.0 / 3.575 | Fail: 0.769%\n"}
,{"stream_name":"stdout","time":53.576551983,"data":"[Game 530] Range: 2-9 | Median/Mean: 3.0 / 3.574 | Fail: 0.755%\n"}
,{"stream_name":"stdout","time":54.407614072,"data":"[Game 540] Range: 2-9 | Median/Mean: 3.0 / 3.578 | Fail: 0.741%\n"}
,{"stream_name":"stdout","time":55.301462876,"data":"[Game 550] Range: 2-9 | Median/Mean: 3.5 / 3.584 | Fail: 0.727%\n"}
,{"stream_name":"stdout","time":56.230862217,"data":"[Game 560] Range: 2-9 | Median/Mean: 4.0 / 3.593 | Fail: 0.893%\n"}
,{"stream_name":"stdout","time":56.933684463,"data":"[Game 570] Range: 2-9 | Median/Mean: 4.0 / 3.591 | Fail: 0.877%\n"}
,{"stream_name":"stdout","time":57.670838832,"data":"[Game 580] Range: 2-9 | Median/Mean: 4.0 / 3.588 | Fail: 0.862%\n"}
,{"stream_name":"stdout","time":58.529998142,"data":"[Game 590] Range: 2-9 | Median/Mean: 4.0 / 3.593 | Fail: 0.847%\n"}
,{"stream_name":"stdout","time":59.230209111,"data":"[Game 600] Range: 2-9 | Median/Mean: 4.0 / 3.590 | Fail: 0.833%\n"}
,{"stream_name":"stdout","time":59.96021872,"data":"[Game 610] Range: 2-9 | Median/Mean: 4.0 / 3.587 | Fail: 0.820%\n"}
,{"stream_name":"stdout","time":60.775601883,"data":"[Game 620] Range: 2-9 | Median/Mean: 4.0 / 3.590 | Fail: 0.806%\n"}
,{"stream_name":"stdout","time":61.491760373,"data":"[Game 630] Range: 2-9 | Median/Mean: 4.0 / 3.590 | Fail: 0.794%\n"}
,{"stream_name":"stdout","time":62.404144749,"data":"[Game 640] Range: 2-9 | Median/Mean: 4.0 / 3.600 | Fail: 0.781%\n"}
,{"stream_name":"stdout","time":63.289110778,"data":"[Game 650] Range: 2-9 | Median/Mean: 4.0 / 3.605 | Fail: 0.769%\n"}
,{"stream_name":"stdout","time":64.046315026,"data":"[Game 660] Range: 2-9 | Median/Mean: 4.0 / 3.606 | Fail: 0.758%\n"}
,{"stream_name":"stdout","time":65.001640197,"data":"[Game 670] Range: 2-9 | Median/Mean: 4.0 / 3.613 | Fail: 0.746%\n"}
,{"stream_name":"stdout","time":65.764797985,"data":"[Game 680] Range: 2-9 | Median/Mean: 4.0 / 3.613 | Fail: 0.735%\n"}
,{"stream_name":"stdout","time":66.505802193,"data":"[Game 690] Range: 2-9 | Median/Mean: 4.0 / 3.614 | Fail: 0.725%\n"}
,{"stream_name":"stdout","time":67.364821388,"data":"[Game 700] Range: 2-9 | Median/Mean: 4.0 / 3.619 | Fail: 0.714%\n"}
,{"stream_name":"stdout","time":68.380000062,"data":"[Game 710] Range: 2-9 | Median/Mean: 4.0 / 3.625 | Fail: 0.704%\n"}
,{"stream_name":"stdout","time":69.140532772,"data":"[Game 720] Range: 2-9 | Median/Mean: 4.0 / 3.625 | Fail: 0.694%\n"}
,{"stream_name":"stdout","time":69.892058246,"data":"[Game 730] Range: 2-9 | Median/Mean: 4.0 / 3.622 | Fail: 0.685%\n"}
,{"stream_name":"stdout","time":70.578653771,"data":"[Game 740] Range: 2-9 | Median/Mean: 4.0 / 3.620 | Fail: 0.811%\n"}
,{"stream_name":"stdout","time":71.440813812,"data":"[Game 750] Range: 2-9 | Median/Mean: 4.0 / 3.624 | Fail: 0.933%\n"}
,{"stream_name":"stdout","time":72.080003773,"data":"[Game 760] Range: 2-9 | Median/Mean: 4.0 / 3.621 | Fail: 0.921%\n"}
,{"stream_name":"stdout","time":72.938240339,"data":"[Game 770] Range: 2-9 | Median/Mean: 4.0 / 3.626 | Fail: 0.909%\n"}
,{"stream_name":"stdout","time":73.702317884,"data":"[Game 780] Range: 2-9 | Median/Mean: 4.0 / 3.626 | Fail: 0.897%\n"}
,{"stream_name":"stdout","time":74.521696699,"data":"[Game 790] Range: 2-9 | Median/Mean: 4.0 / 3.625 | Fail: 0.886%\n"}
,{"stream_name":"stdout","time":75.277698518,"data":"[Game 800] Range: 2-9 | Median/Mean: 4.0 / 3.624 | Fail: 0.875%\n"}
,{"stream_name":"stdout","time":76.121321374,"data":"[Game 810] Range: 2-9 | Median/Mean: 4.0 / 3.627 | Fail: 0.864%\n"}
,{"stream_name":"stdout","time":76.86409382,"data":"[Game 820] Range: 2-9 | Median/Mean: 4.0 / 3.626 | Fail: 0.854%\n"}
,{"stream_name":"stdout","time":77.570767741,"data":"[Game 830] Range: 2-9 | Median/Mean: 4.0 / 3.623 | Fail: 0.843%\n"}
,{"stream_name":"stdout","time":78.398511286,"data":"[Game 840] Range: 2-9 | Median/Mean: 4.0 / 3.629 | Fail: 0.833%\n"}
,{"stream_name":"stdout","time":79.203135822,"data":"[Game 850] Range: 2-9 | Median/Mean: 4.0 / 3.631 | Fail: 0.824%\n"}
,{"stream_name":"stdout","time":79.898539404,"data":"[Game 860] Range: 2-9 | Median/Mean: 4.0 / 3.630 | Fail: 0.814%\n"}
,{"stream_name":"stdout","time":80.608902558,"data":"[Game 870] Range: 2-9 | Median/Mean: 4.0 / 3.628 | Fail: 0.805%\n"}
,{"stream_name":"stdout","time":81.329255686,"data":"[Game 880] Range: 2-9 | Median/Mean: 4.0 / 3.625 | Fail: 0.795%\n"}
,{"stream_name":"stdout","time":82.059842796,"data":"[Game 890] Range: 2-9 | Median/Mean: 4.0 / 3.626 | Fail: 0.787%\n"}
,{"stream_name":"stdout","time":82.842319058,"data":"[Game 900] Range: 2-9 | Median/Mean: 4.0 / 3.628 | Fail: 0.778%\n"}
,{"stream_name":"stdout","time":83.656192322,"data":"[Game 910] Range: 2-9 | Median/Mean: 4.0 / 3.631 | Fail: 0.769%\n"}
,{"stream_name":"stdout","time":84.446258445,"data":"[Game 920] Range: 2-9 | Median/Mean: 4.0 / 3.633 | Fail: 0.761%\n"}
,{"stream_name":"stdout","time":85.186949174,"data":"[Game 930] Range: 2-9 | Median/Mean: 4.0 / 3.633 | Fail: 0.753%\n"}
,{"stream_name":"stdout","time":86.120001595,"data":"[Game 940] Range: 2-9 | Median/Mean: 4.0 / 3.638 | Fail: 0.745%\n"}
,{"stream_name":"stdout","time":86.87570729,"data":"[Game 950] Range: 2-9 | Median/Mean: 4.0 / 3.638 | Fail: 0.737%\n"}
,{"stream_name":"stdout","time":87.649746345,"data":"[Game 960] Range: 2-9 | Median/Mean: 4.0 / 3.640 | Fail: 0.729%\n"}
,{"stream_name":"stdout","time":88.597011907,"data":"[Game 970] Range: 2-9 | Median/Mean: 4.0 / 3.644 | Fail: 0.722%\n"}
,{"stream_name":"stdout","time":89.380775266,"data":"[Game 980] Range: 2-9 | Median/Mean: 4.0 / 3.645 | Fail: 0.714%\n"}
,{"stream_name":"stdout","time":90.297182238,"data":"[Game 990] Range: 2-9 | Median/Mean: 4.0 / 3.645 | Fail: 0.707%\n"}
,{"stream_name":"stdout","time":91.139782146,"data":"[Game 1000] Range: 2-9 | Median/Mean: 4.0 / 3.648 | Fail: 0.700%\n"}
,{"stream_name":"stdout","time":91.923806524,"data":"[Game 1010] Range: 2-9 | Median/Mean: 4.0 / 3.649 | Fail: 0.693%\n"}
,{"stream_name":"stdout","time":92.774929656,"data":"[Game 1020] Range: 2-9 | Median/Mean: 4.0 / 3.654 | Fail: 0.686%\n"}
,{"stream_name":"stdout","time":93.40503531,"data":"[Game 1030] Range: 2-9 | Median/Mean: 4.0 / 3.651 | Fail: 0.680%\n"}
,{"stream_name":"stdout","time":94.15693452,"data":"[Game 1040] Range: 2-9 | Median/Mean: 4.0 / 3.652 | Fail: 0.673%\n"}
,{"stream_name":"stdout","time":94.952298001,"data":"[Game 1050] Range: 2-9 | Median/Mean: 4.0 / 3.653 | Fail: 0.667%\n"}
,{"stream_name":"stdout","time":95.895621971,"data":"[Game 1060] Range: 2-9 | Median/Mean: 4.0 / 3.657 | Fail: 0.660%\n"}
,{"stream_name":"stdout","time":96.513218695,"data":"[Game 1070] Range: 2-9 | Median/Mean: 4.0 / 3.650 | Fail: 0.654%\n"}
,{"stream_name":"stdout","time":97.362362923,"data":"[Game 1080] Range: 2-9 | Median/Mean: 4.0 / 3.654 | Fail: 0.741%\n"}
,{"stream_name":"stdout","time":98.272096877,"data":"[Game 1090] Range: 2-9 | Median/Mean: 4.0 / 3.660 | Fail: 0.826%\n"}
,{"stream_name":"stdout","time":99.068852725,"data":"[Game 1100] Range: 2-9 | Median/Mean: 4.0 / 3.659 | Fail: 0.818%\n"}
,{"stream_name":"stdout","time":100.009352308,"data":"[Game 1110] Range: 2-9 | Median/Mean: 4.0 / 3.664 | Fail: 0.811%\n"}
,{"stream_name":"stdout","time":100.756342296,"data":"[Game 1120] Range: 2-9 | Median/Mean: 4.0 / 3.663 | Fail: 0.804%\n"}
,{"stream_name":"stdout","time":101.602170692,"data":"[Game 1130] Range: 2-9 | Median/Mean: 4.0 / 3.665 | Fail: 0.796%\n"}
,{"stream_name":"stdout","time":102.363543634,"data":"[Game 1140] Range: 2-9 | Median/Mean: 4.0 / 3.667 | Fail: 0.789%\n"}
,{"stream_name":"stdout","time":103.242141603,"data":"[Game 1150] Range: 2-9 | Median/Mean: 4.0 / 3.671 | Fail: 0.783%\n"}
,{"stream_name":"stdout","time":103.840678055,"data":"[Game 1160] Range: 2-9 | Median/Mean: 4.0 / 3.669 | Fail: 0.776%\n"}
,{"stream_name":"stdout","time":104.542944903,"data":"[Game 1170] Range: 2-9 | Median/Mean: 4.0 / 3.668 | Fail: 0.769%\n"}
,{"stream_name":"stdout","time":105.291579398,"data":"[Game 1180] Range: 2-9 | Median/Mean: 4.0 / 3.667 | Fail: 0.763%\n"}
,{"stream_name":"stdout","time":106.147101603,"data":"[Game 1190] Range: 2-9 | Median/Mean: 4.0 / 3.669 | Fail: 0.756%\n"}
,{"stream_name":"stdout","time":106.952089392,"data":"[Game 1200] Range: 2-9 | Median/Mean: 4.0 / 3.672 | Fail: 0.750%\n"}
,{"stream_name":"stdout","time":107.839059966,"data":"[Game 1210] Range: 2-9 | Median/Mean: 4.0 / 3.675 | Fail: 0.826%\n"}
,{"stream_name":"stdout","time":108.664224313,"data":"[Game 1220] Range: 2-9 | Median/Mean: 4.0 / 3.678 | Fail: 0.820%\n"}
,{"stream_name":"stdout","time":109.64803741,"data":"[Game 1230] Range: 2-9 | Median/Mean: 4.0 / 3.685 | Fail: 0.894%\n"}
,{"stream_name":"stdout","time":110.497392197,"data":"[Game 1240] Range: 2-9 | Median/Mean: 4.0 / 3.690 | Fail: 0.887%\n"}
,{"stream_name":"stdout","time":111.298836284,"data":"[Game 1250] Range: 2-9 | Median/Mean: 4.0 / 3.690 | Fail: 0.880%\n"}
,{"stream_name":"stdout","time":112.123524497,"data":"[Game 1260] Range: 2-9 | Median/Mean: 4.0 / 3.693 | Fail: 0.952%\n"}
,{"stream_name":"stdout","time":112.834364708,"data":"[Game 1270] Range: 2-9 | Median/Mean: 4.0 / 3.691 | Fail: 0.945%\n"}
,{"stream_name":"stdout","time":113.519714305,"data":"[Game 1280] Range: 2-9 | Median/Mean: 4.0 / 3.690 | Fail: 0.938%\n"}
,{"stream_name":"stdout","time":114.254773748,"data":"[Game 1290] Range: 2-9 | Median/Mean: 4.0 / 3.688 | Fail: 0.930%\n"}
,{"stream_name":"stdout","time":115.02076852,"data":"[Game 1300] Range: 2-9 | Median/Mean: 4.0 / 3.688 | Fail: 0.923%\n"}
,{"stream_name":"stdout","time":115.644788537,"data":"[Game 1310] Range: 2-9 | Median/Mean: 4.0 / 3.686 | Fail: 0.916%\n"}
,{"stream_name":"stdout","time":116.449116276,"data":"[Game 1320] Range: 2-9 | Median/Mean: 4.0 / 3.686 | Fail: 0.909%\n"}
,{"stream_name":"stdout","time":117.261506084,"data":"[Game 1330] Range: 2-9 | Median/Mean: 4.0 / 3.687 | Fail: 0.902%\n"}
,{"stream_name":"stdout","time":118.073430829,"data":"[Game 1340] Range: 2-9 | Median/Mean: 4.0 / 3.688 | Fail: 0.896%\n"}
,{"stream_name":"stdout","time":118.799199179,"data":"[Game 1350] Range: 2-9 | Median/Mean: 4.0 / 3.688 | Fail: 0.889%\n"}
,{"stream_name":"stdout","time":119.663076099,"data":"[Game 1360] Range: 2-9 | Median/Mean: 4.0 / 3.690 | Fail: 0.882%\n"}
,{"stream_name":"stdout","time":120.43881969,"data":"[Game 1370] Range: 2-9 | Median/Mean: 4.0 / 3.691 | Fail: 0.876%\n"}
,{"stream_name":"stdout","time":121.224887239,"data":"[Game 1380] Range: 2-9 | Median/Mean: 4.0 / 3.691 | Fail: 0.870%\n"}
,{"stream_name":"stdout","time":122.132171398,"data":"[Game 1390] Range: 2-9 | Median/Mean: 4.0 / 3.693 | Fail: 0.863%\n"}
,{"stream_name":"stdout","time":123.028464631,"data":"[Game 1400] Range: 2-9 | Median/Mean: 4.0 / 3.695 | Fail: 0.857%\n"}
,{"stream_name":"stdout","time":123.700561838,"data":"[Game 1410] Range: 2-9 | Median/Mean: 4.0 / 3.695 | Fail: 0.851%\n"}
,{"stream_name":"stdout","time":124.537156173,"data":"[Game 1420] Range: 2-9 | Median/Mean: 4.0 / 3.697 | Fail: 0.845%\n"}
,{"stream_name":"stdout","time":125.336756263,"data":"[Game 1430] Range: 2-9 | Median/Mean: 4.0 / 3.699 | Fail: 0.839%\n"}
,{"stream_name":"stdout","time":126.227629333,"data":"[Game 1440] Range: 2-9 | Median/Mean: 4.0 / 3.703 | Fail: 0.833%\n"}
,{"stream_name":"stdout","time":127.128354446,"data":"[Game 1450] Range: 2-9 | Median/Mean: 4.0 / 3.708 | Fail: 0.828%\n"}
,{"stream_name":"stdout","time":127.951457221,"data":"[Game 1460] Range: 2-9 | Median/Mean: 4.0 / 3.711 | Fail: 0.822%\n"}
,{"stream_name":"stdout","time":128.641657252,"data":"[Game 1470] Range: 2-9 | Median/Mean: 4.0 / 3.710 | Fail: 0.816%\n"}
,{"stream_name":"stdout","time":129.498794538,"data":"[Game 1480] Range: 2-9 | Median/Mean: 4.0 / 3.714 | Fail: 0.811%\n"}
,{"stream_name":"stdout","time":130.234200877,"data":"[Game 1490] Range: 2-9 | Median/Mean: 4.0 / 3.713 | Fail: 0.805%\n"}
,{"stream_name":"stdout","time":130.918410193,"data":"[Game 1500] Range: 2-9 | Median/Mean: 4.0 / 3.711 | Fail: 0.800%\n"}
,{"stream_name":"stdout","time":131.712366771,"data":"[Game 1510] Range: 2-9 | Median/Mean: 4.0 / 3.713 | Fail: 0.795%\n"}
,{"stream_name":"stdout","time":132.47486704,"data":"[Game 1520] Range: 2-9 | Median/Mean: 4.0 / 3.712 | Fail: 0.789%\n"}
,{"stream_name":"stdout","time":133.435560527,"data":"[Game 1530] Range: 2-9 | Median/Mean: 4.0 / 3.716 | Fail: 0.784%\n"}
,{"stream_name":"stdout","time":134.297298044,"data":"[Game 1540] Range: 2-9 | Median/Mean: 4.0 / 3.719 | Fail: 0.779%\n"}
,{"stream_name":"stdout","time":135.178309106,"data":"[Game 1550] Range: 2-9 | Median/Mean: 4.0 / 3.722 | Fail: 0.839%\n"}
,{"stream_name":"stdout","time":135.873707628,"data":"[Game 1560] Range: 2-9 | Median/Mean: 4.0 / 3.722 | Fail: 0.833%\n"}
,{"stream_name":"stdout","time":136.615824725,"data":"[Game 1570] Range: 2-9 | Median/Mean: 4.0 / 3.722 | Fail: 0.892%\n"}
,{"stream_name":"stdout","time":137.465911649,"data":"[Game 1580] Range: 2-9 | Median/Mean: 4.0 / 3.724 | Fail: 0.886%\n"}
,{"stream_name":"stdout","time":138.233284655,"data":"[Game 1590] Range: 2-9 | Median/Mean: 4.0 / 3.724 | Fail: 0.881%\n"}
,{"stream_name":"stdout","time":139.054976215,"data":"[Game 1600] Range: 2-9 | Median/Mean: 4.0 / 3.724 | Fail: 0.875%\n"}
,{"stream_name":"stdout","time":139.91556507,"data":"[Game 1610] Range: 2-9 | Median/Mean: 4.0 / 3.726 | Fail: 0.870%\n"}
,{"stream_name":"stdout","time":140.714521507,"data":"[Game 1620] Range: 2-9 | Median/Mean: 4.0 / 3.727 | Fail: 0.864%\n"}
,{"stream_name":"stdout","time":141.574744917,"data":"[Game 1630] Range: 2-9 | Median/Mean: 4.0 / 3.729 | Fail: 0.859%\n"}
,{"stream_name":"stdout","time":142.433521094,"data":"[Game 1640] Range: 2-9 | Median/Mean: 4.0 / 3.732 | Fail: 0.854%\n"}
,{"stream_name":"stdout","time":143.327677838,"data":"[Game 1650] Range: 2-9 | Median/Mean: 4.0 / 3.733 | Fail: 0.848%\n"}
,{"stream_name":"stdout","time":144.315508433,"data":"[Game 1660] Range: 2-9 | Median/Mean: 4.0 / 3.737 | Fail: 0.843%\n"}
,{"stream_name":"stdout","time":144.998274428,"data":"[Game 1670] Range: 2-9 | Median/Mean: 4.0 / 3.735 | Fail: 0.838%\n"}
,{"stream_name":"stdout","time":145.853648566,"data":"[Game 1680] Range: 2-9 | Median/Mean: 4.0 / 3.736 | Fail: 0.833%\n"}
,{"stream_name":"stdout","time":146.561143394,"data":"[Game 1690] Range: 2-9 | Median/Mean: 4.0 / 3.736 | Fail: 0.828%\n"}
,{"stream_name":"stdout","time":147.371852407,"data":"[Game 1700] Range: 2-9 | Median/Mean: 4.0 / 3.737 | Fail: 0.824%\n"}
,{"stream_name":"stdout","time":148.193164201,"data":"[Game 1710] Range: 2-9 | Median/Mean: 4.0 / 3.739 | Fail: 0.877%\n"}
,{"stream_name":"stdout","time":149.114256801,"data":"[Game 1720] Range: 2-9 | Median/Mean: 4.0 / 3.742 | Fail: 0.930%\n"}
,{"stream_name":"stdout","time":149.936308262,"data":"[Game 1730] Range: 2-9 | Median/Mean: 4.0 / 3.743 | Fail: 0.925%\n"}
,{"stream_name":"stdout","time":150.860190637,"data":"[Game 1740] Range: 2-9 | Median/Mean: 4.0 / 3.745 | Fail: 0.920%\n"}
,{"stream_name":"stdout","time":151.543008321,"data":"[Game 1750] Range: 2-9 | Median/Mean: 4.0 / 3.745 | Fail: 0.914%\n"}
,{"stream_name":"stdout","time":152.303296976,"data":"[Game 1760] Range: 2-9 | Median/Mean: 4.0 / 3.744 | Fail: 0.909%\n"}
,{"stream_name":"stdout","time":153.005564359,"data":"[Game 1770] Range: 2-9 | Median/Mean: 4.0 / 3.743 | Fail: 0.904%\n"}
,{"stream_name":"stdout","time":154.075521857,"data":"[Game 1780] Range: 2-9 | Median/Mean: 4.0 / 3.746 | Fail: 0.899%\n"}
,{"stream_name":"stdout","time":154.707410881,"data":"[Game 1790] Range: 2-9 | Median/Mean: 4.0 / 3.745 | Fail: 0.894%\n"}
,{"stream_name":"stdout","time":155.410247823,"data":"[Game 1800] Range: 2-9 | Median/Mean: 4.0 / 3.742 | Fail: 0.889%\n"}
,{"stream_name":"stdout","time":156.367481184,"data":"[Game 1810] Range: 2-9 | Median/Mean: 4.0 / 3.744 | Fail: 0.884%\n"}
,{"stream_name":"stdout","time":157.059880345,"data":"[Game 1820] Range: 2-9 | Median/Mean: 4.0 / 3.742 | Fail: 0.879%\n"}
,{"stream_name":"stdout","time":157.884792061,"data":"[Game 1830] Range: 2-9 | Median/Mean: 4.0 / 3.742 | Fail: 0.874%\n"}
,{"stream_name":"stdout","time":158.660625633,"data":"[Game 1840] Range: 2-9 | Median/Mean: 4.0 / 3.741 | Fail: 0.870%\n"}
,{"stream_name":"stdout","time":159.482263728,"data":"[Game 1850] Range: 2-9 | Median/Mean: 4.0 / 3.742 | Fail: 0.865%\n"}
,{"stream_name":"stdout","time":160.185229812,"data":"[Game 1860] Range: 2-9 | Median/Mean: 4.0 / 3.741 | Fail: 0.860%\n"}
,{"stream_name":"stdout","time":160.837319264,"data":"[Game 1870] Range: 2-9 | Median/Mean: 4.0 / 3.740 | Fail: 0.856%\n"}
,{"stream_name":"stdout","time":161.806418227,"data":"[Game 1880] Range: 2-9 | Median/Mean: 4.0 / 3.745 | Fail: 0.851%\n"}
,{"stream_name":"stdout","time":162.747383252,"data":"[Game 1890] Range: 2-9 | Median/Mean: 4.0 / 3.749 | Fail: 0.847%\n"}
,{"stream_name":"stdout","time":163.569457948,"data":"[Game 1900] Range: 2-9 | Median/Mean: 4.0 / 3.751 | Fail: 0.842%\n"}
,{"stream_name":"stdout","time":164.523824657,"data":"[Game 1910] Range: 2-9 | Median/Mean: 4.0 / 3.755 | Fail: 0.838%\n"}
,{"stream_name":"stdout","time":165.368424335,"data":"[Game 1920] Range: 2-9 | Median/Mean: 4.0 / 3.756 | Fail: 0.833%\n"}
,{"stream_name":"stdout","time":166.119273193,"data":"[Game 1930] Range: 2-9 | Median/Mean: 4.0 / 3.756 | Fail: 0.829%\n"}
,{"stream_name":"stdout","time":167.042384052,"data":"[Game 1940] Range: 2-9 | Median/Mean: 4.0 / 3.757 | Fail: 0.825%\n"}
,{"stream_name":"stdout","time":167.827242248,"data":"[Game 1950] Range: 2-9 | Median/Mean: 4.0 / 3.758 | Fail: 0.821%\n"}
,{"stream_name":"stdout","time":168.688489915,"data":"[Game 1960] Range: 2-9 | Median/Mean: 4.0 / 3.761 | Fail: 0.816%\n"}
,{"stream_name":"stdout","time":169.368216036,"data":"[Game 1970] Range: 2-9 | Median/Mean: 4.0 / 3.760 | Fail: 0.812%\n"}
,{"stream_name":"stdout","time":170.182463004,"data":"[Game 1980] Range: 2-9 | Median/Mean: 4.0 / 3.761 | Fail: 0.808%\n"}
,{"stream_name":"stdout","time":170.829633574,"data":"[Game 1990] Range: 2-9 | Median/Mean: 4.0 / 3.760 | Fail: 0.804%\n"}
,{"stream_name":"stdout","time":171.697647074,"data":"[Game 2000] Range: 2-9 | Median/Mean: 4.0 / 3.763 | Fail: 0.850%\n"}
,{"stream_name":"stdout","time":172.555864885,"data":"[Game 2010] Range: 2-9 | Median/Mean: 4.0 / 3.764 | Fail: 0.846%\n"}
,{"stream_name":"stdout","time":173.591401156,"data":"[Game 2020] Range: 2-9 | Median/Mean: 4.0 / 3.769 | Fail: 0.842%\n"}
,{"stream_name":"stdout","time":174.239098007,"data":"[Game 2030] Range: 2-9 | Median/Mean: 4.0 / 3.768 | Fail: 0.837%\n"}
,{"stream_name":"stdout","time":175.13812337,"data":"[Game 2040] Range: 2-9 | Median/Mean: 4.0 / 3.770 | Fail: 0.882%\n"}
,{"stream_name":"stdout","time":176.01335978,"data":"[Game 2050] Range: 2-9 | Median/Mean: 4.0 / 3.772 | Fail: 0.878%\n"}
,{"stream_name":"stdout","time":176.744433439,"data":"[Game 2060] Range: 2-9 | Median/Mean: 4.0 / 3.772 | Fail: 0.874%\n"}
,{"stream_name":"stdout","time":177.755556359,"data":"[Game 2070] Range: 2-9 | Median/Mean: 4.0 / 3.776 | Fail: 0.918%\n"}
,{"stream_name":"stdout","time":178.671431061,"data":"[Game 2080] Range: 2-9 | Median/Mean: 4.0 / 3.778 | Fail: 0.913%\n"}
,{"stream_name":"stdout","time":179.303552072,"data":"[Game 2090] Range: 2-9 | Median/Mean: 4.0 / 3.778 | Fail: 0.909%\n"}
,{"stream_name":"stdout","time":180.076813045,"data":"[Game 2100] Range: 2-9 | Median/Mean: 4.0 / 3.779 | Fail: 0.905%\n"}
,{"stream_name":"stdout","time":180.803943986,"data":"[Game 2110] Range: 2-9 | Median/Mean: 4.0 / 3.778 | Fail: 0.900%\n"}
,{"stream_name":"stdout","time":181.651150604,"data":"[Game 2120] Range: 2-9 | Median/Mean: 4.0 / 3.780 | Fail: 0.896%\n"}
,{"stream_name":"stdout","time":182.594053686,"data":"[Game 2130] Range: 2-9 | Median/Mean: 4.0 / 3.783 | Fail: 0.939%\n"}
,{"stream_name":"stdout","time":183.516179029,"data":"[Game 2140] Range: 2-9 | Median/Mean: 4.0 / 3.786 | Fail: 0.935%\n"}
,{"stream_name":"stdout","time":184.309221704,"data":"[Game 2150] Range: 2-9 | Median/Mean: 4.0 / 3.787 | Fail: 0.930%\n"}
,{"stream_name":"stdout","time":185.243994082,"data":"[Game 2160] Range: 2-9 | Median/Mean: 4.0 / 3.788 | Fail: 0.926%\n"}
,{"stream_name":"stdout","time":186.174064773,"data":"[Game 2170] Range: 2-9 | Median/Mean: 4.0 / 3.790 | Fail: 0.922%\n"}
,{"stream_name":"stdout","time":187.03890363,"data":"[Game 2180] Range: 2-9 | Median/Mean: 4.0 / 3.792 | Fail: 0.917%\n"}
,{"stream_name":"stdout","time":187.871855525,"data":"[Game 2190] Range: 2-9 | Median/Mean: 4.0 / 3.793 | Fail: 0.913%\n"}
,{"stream_name":"stdout","time":188.520645448,"data":"[Game 2200] Range: 2-9 | Median/Mean: 4.0 / 3.792 | Fail: 0.909%\n"}
,{"stream_name":"stdout","time":189.391758993,"data":"[Game 2210] Range: 2-9 | Median/Mean: 4.0 / 3.793 | Fail: 0.905%\n"}
,{"stream_name":"stdout","time":190.147632644,"data":"[Game 2220] Range: 2-9 | Median/Mean: 4.0 / 3.793 | Fail: 0.901%\n"}
,{"stream_name":"stdout","time":190.885381855,"data":"[Game 2230] Range: 2-9 | Median/Mean: 4.0 / 3.794 | Fail: 0.897%\n"}
,{"stream_name":"stdout","time":191.653127598,"data":"[Game 2240] Range: 2-9 | Median/Mean: 4.0 / 3.795 | Fail: 0.893%\n"}
,{"stream_name":"stdout","time":192.462931662,"data":"[Game 2250] Range: 2-9 | Median/Mean: 4.0 / 3.796 | Fail: 0.889%\n"}
,{"stream_name":"stdout","time":193.463956984,"data":"[Game 2260] Range: 2-9 | Median/Mean: 4.0 / 3.800 | Fail: 0.973%\n"}
,{"stream_name":"stdout","time":194.241393286,"data":"[Game 2270] Range: 2-9 | Median/Mean: 4.0 / 3.798 | Fail: 0.969%\n"}
,{"stream_name":"stdout","time":194.998823644,"data":"[Game 2280] Range: 2-9 | Median/Mean: 4.0 / 3.800 | Fail: 0.965%\n"}
,{"stream_name":"stdout","time":195.849669263,"data":"[Game 2290] Range: 2-9 | Median/Mean: 4.0 / 3.802 | Fail: 1.048%\n"}
,{"stream_name":"stdout","time":196.647076196,"data":"[Game 2300] Range: 2-9 | Median/Mean: 4.0 / 3.802 | Fail: 1.087%\n"}
,{"stream_name":"stdout","time":197.291439832,"data":"[Game 2310] Range: 2-9 | Median/Mean: 4.0 / 3.801 | Fail: 1.082%\n"}
,{"stream_name":"stdout","time":197.792217784,"data":"Summary:\n"}
,{"stream_name":"stdout","time":197.804703166,"data":"Distribution across steps:\n"}
,{"stream_name":"stdout","time":197.814169684,"data":"Key Metrics:\n"}
,{"stream_name":"stderr","time":201.143712686,"data":"/opt/conda/lib/python3.7/site-packages/traitlets/traitlets.py:2567: FutureWarning: --Exporter.preprocessors=[\"remove_papermill_header.RemovePapermillHeader\"] for containers is deprecated in traitlets 5.0. You can pass `--Exporter.preprocessors item` ... multiple times to add items to a list.\n"}
,{"stream_name":"stderr","time":201.143767417,"data":"  FutureWarning,\n"}
,{"stream_name":"stderr","time":201.143776895,"data":"[NbConvertApp] Converting notebook __notebook__.ipynb to notebook\n"}
,{"stream_name":"stderr","time":201.459389799,"data":"[NbConvertApp] Writing 32619 bytes to __notebook__.ipynb\n"}
,{"stream_name":"stderr","time":203.705292684,"data":"/opt/conda/lib/python3.7/site-packages/traitlets/traitlets.py:2567: FutureWarning: --Exporter.preprocessors=[\"nbconvert.preprocessors.ExtractOutputPreprocessor\"] for containers is deprecated in traitlets 5.0. You can pass `--Exporter.preprocessors item` ... multiple times to add items to a list.\n"}
,{"stream_name":"stderr","time":203.705353222,"data":"  FutureWarning,\n"}
,{"stream_name":"stderr","time":203.705359097,"data":"[NbConvertApp] Converting notebook __notebook__.ipynb to html\n"}
,{"stream_name":"stderr","time":204.245565153,"data":"[NbConvertApp] Writing 306912 bytes to __results__.html\n"}
]