[{"stream_name":"stderr","time":12.130807995,"data":"/opt/conda/lib/python3.7/site-packages/papermill/iorw.py:50: FutureWarning: pyarrow.HadoopFileSystem is deprecated as of 2.0.0, please use pyarrow.fs.HadoopFileSystem instead.\n"}
,{"stream_name":"stderr","time":12.131028205,"data":"  from pyarrow import HadoopFileSystem\n"}
,{"stream_name":"stdout","time":13.069648409,"data":"[ ---------- AROSE ----------]\n"}
,{"stream_name":"stdout","time":13.937427788,"data":"[Game 10] Range: 3-4 | Median/Mean: 4.0 / 3.600 | Fail: 0.000%\n"}
,{"stream_name":"stdout","time":14.733659324,"data":"[Game 20] Range: 3-4 | Median/Mean: 3.5 / 3.500 | Fail: 0.000%\n"}
,{"stream_name":"stdout","time":15.560053095,"data":"[Game 30] Range: 2-5 | Median/Mean: 3.0 / 3.433 | Fail: 0.000%\n"}
,{"stream_name":"stdout","time":16.477696917,"data":"[Game 40] Range: 2-6 | Median/Mean: 3.0 / 3.425 | Fail: 0.000%\n"}
,{"stream_name":"stdout","time":17.302171219,"data":"[Game 50] Range: 2-6 | Median/Mean: 3.0 / 3.440 | Fail: 0.000%\n"}
,{"stream_name":"stdout","time":18.050532428,"data":"[Game 60] Range: 2-6 | Median/Mean: 3.0 / 3.433 | Fail: 0.000%\n"}
,{"stream_name":"stdout","time":18.857222298,"data":"[Game 70] Range: 2-6 | Median/Mean: 3.0 / 3.457 | Fail: 0.000%\n"}
,{"stream_name":"stdout","time":19.508223932,"data":"[Game 80] Range: 2-6 | Median/Mean: 3.0 / 3.450 | Fail: 0.000%\n"}
,{"stream_name":"stdout","time":20.339441013,"data":"[Game 90] Range: 2-6 | Median/Mean: 3.0 / 3.456 | Fail: 0.000%\n"}
,{"stream_name":"stdout","time":21.141740319,"data":"[Game 100] Range: 2-6 | Median/Mean: 3.0 / 3.450 | Fail: 0.000%\n"}
,{"stream_name":"stdout","time":21.93140523,"data":"[Game 110] Range: 2-6 | Median/Mean: 3.0 / 3.445 | Fail: 0.000%\n"}
,{"stream_name":"stdout","time":22.901055613,"data":"[Game 120] Range: 2-7 | Median/Mean: 3.0 / 3.475 | Fail: 0.833%\n"}
,{"stream_name":"stdout","time":23.781292982,"data":"[Game 130] Range: 2-7 | Median/Mean: 3.0 / 3.485 | Fail: 0.769%\n"}
,{"stream_name":"stdout","time":24.643308217,"data":"[Game 140] Range: 2-7 | Median/Mean: 3.0 / 3.486 | Fail: 0.714%\n"}
,{"stream_name":"stdout","time":25.587609185,"data":"[Game 150] Range: 2-7 | Median/Mean: 3.0 / 3.487 | Fail: 0.667%\n"}
,{"stream_name":"stdout","time":26.513257562,"data":"[Game 160] Range: 2-7 | Median/Mean: 3.0 / 3.500 | Fail: 0.625%\n"}
,{"stream_name":"stdout","time":27.166161063,"data":"[Game 170] Range: 2-7 | Median/Mean: 3.0 / 3.471 | Fail: 0.588%\n"}
,{"stream_name":"stdout","time":27.86947049,"data":"[Game 180] Range: 2-7 | Median/Mean: 3.0 / 3.461 | Fail: 0.556%\n"}
,{"stream_name":"stdout","time":28.775827091,"data":"[Game 190] Range: 2-7 | Median/Mean: 3.0 / 3.468 | Fail: 0.526%\n"}
,{"stream_name":"stdout","time":29.466555607,"data":"[Game 200] Range: 2-7 | Median/Mean: 3.0 / 3.455 | Fail: 0.500%\n"}
,{"stream_name":"stdout","time":30.328092167,"data":"[Game 210] Range: 2-7 | Median/Mean: 3.0 / 3.462 | Fail: 0.476%\n"}
,{"stream_name":"stdout","time":31.079424518,"data":"[Game 220] Range: 2-7 | Median/Mean: 3.0 / 3.455 | Fail: 0.455%\n"}
,{"stream_name":"stdout","time":31.950702133,"data":"[Game 230] Range: 2-7 | Median/Mean: 3.0 / 3.448 | Fail: 0.435%\n"}
,{"stream_name":"stdout","time":32.749595803,"data":"[Game 240] Range: 2-7 | Median/Mean: 3.0 / 3.454 | Fail: 0.417%\n"}
,{"stream_name":"stdout","time":33.52224785,"data":"[Game 250] Range: 2-7 | Median/Mean: 3.0 / 3.452 | Fail: 0.400%\n"}
,{"stream_name":"stdout","time":34.20775059,"data":"[Game 260] Range: 2-7 | Median/Mean: 3.0 / 3.446 | Fail: 0.385%\n"}
,{"stream_name":"stdout","time":34.962919783,"data":"[Game 270] Range: 2-7 | Median/Mean: 3.0 / 3.433 | Fail: 0.370%\n"}
,{"stream_name":"stdout","time":35.639269754,"data":"[Game 280] Range: 2-7 | Median/Mean: 3.0 / 3.421 | Fail: 0.357%\n"}
,{"stream_name":"stdout","time":36.492076102,"data":"[Game 290] Range: 2-7 | Median/Mean: 3.0 / 3.421 | Fail: 0.345%\n"}
,{"stream_name":"stdout","time":37.405005454,"data":"[Game 300] Range: 2-7 | Median/Mean: 3.0 / 3.430 | Fail: 0.333%\n"}
,{"stream_name":"stdout","time":38.296284745,"data":"[Game 310] Range: 2-7 | Median/Mean: 3.0 / 3.432 | Fail: 0.323%\n"}
,{"stream_name":"stdout","time":39.054155117,"data":"[Game 320] Range: 2-7 | Median/Mean: 3.0 / 3.428 | Fail: 0.312%\n"}
,{"stream_name":"stdout","time":40.011704537,"data":"[Game 330] Range: 2-7 | Median/Mean: 3.0 / 3.436 | Fail: 0.606%\n"}
,{"stream_name":"stdout","time":40.84449969,"data":"[Game 340] Range: 2-7 | Median/Mean: 3.0 / 3.435 | Fail: 0.588%\n"}
,{"stream_name":"stdout","time":41.786928497,"data":"[Game 350] Range: 2-7 | Median/Mean: 3.0 / 3.451 | Fail: 0.571%\n"}
,{"stream_name":"stdout","time":42.576040177,"data":"[Game 360] Range: 2-7 | Median/Mean: 3.0 / 3.453 | Fail: 0.556%\n"}
,{"stream_name":"stdout","time":43.473100824,"data":"[Game 370] Range: 2-7 | Median/Mean: 3.0 / 3.459 | Fail: 0.541%\n"}
,{"stream_name":"stdout","time":44.168839968,"data":"[Game 380] Range: 2-7 | Median/Mean: 3.0 / 3.453 | Fail: 0.526%\n"}
,{"stream_name":"stdout","time":45.084116711,"data":"[Game 390] Range: 2-7 | Median/Mean: 3.0 / 3.459 | Fail: 0.513%\n"}
,{"stream_name":"stdout","time":45.950236752,"data":"[Game 400] Range: 2-7 | Median/Mean: 3.0 / 3.465 | Fail: 0.500%\n"}
,{"stream_name":"stdout","time":46.861284512,"data":"[Game 410] Range: 2-7 | Median/Mean: 3.0 / 3.471 | Fail: 0.488%\n"}
,{"stream_name":"stdout","time":47.813978677,"data":"[Game 420] Range: 2-7 | Median/Mean: 3.0 / 3.488 | Fail: 0.476%\n"}
,{"stream_name":"stdout","time":48.811096008,"data":"[Game 430] Range: 2-7 | Median/Mean: 3.0 / 3.495 | Fail: 0.465%\n"}
,{"stream_name":"stdout","time":49.815271929,"data":"[Game 440] Range: 2-7 | Median/Mean: 3.0 / 3.505 | Fail: 0.455%\n"}
,{"stream_name":"stdout","time":50.628966288,"data":"[Game 450] Range: 2-7 | Median/Mean: 3.0 / 3.500 | Fail: 0.444%\n"}
,{"stream_name":"stdout","time":51.532783438,"data":"[Game 460] Range: 2-7 | Median/Mean: 3.0 / 3.496 | Fail: 0.435%\n"}
,{"stream_name":"stdout","time":52.446160532,"data":"[Game 470] Range: 2-7 | Median/Mean: 3.0 / 3.502 | Fail: 0.426%\n"}
,{"stream_name":"stdout","time":53.223875799,"data":"[Game 480] Range: 2-7 | Median/Mean: 3.0 / 3.496 | Fail: 0.417%\n"}
,{"stream_name":"stdout","time":54.012206759,"data":"[Game 490] Range: 2-7 | Median/Mean: 3.0 / 3.496 | Fail: 0.408%\n"}
,{"stream_name":"stdout","time":54.809303775,"data":"[Game 500] Range: 2-7 | Median/Mean: 3.0 / 3.496 | Fail: 0.400%\n"}
,{"stream_name":"stdout","time":55.713042532,"data":"[Game 510] Range: 2-8 | Median/Mean: 3.0 / 3.504 | Fail: 0.588%\n"}
,{"stream_name":"stdout","time":56.707104378,"data":"[Game 520] Range: 2-8 | Median/Mean: 3.0 / 3.512 | Fail: 0.577%\n"}
,{"stream_name":"stdout","time":57.457410221,"data":"[Game 530] Range: 2-8 | Median/Mean: 3.0 / 3.508 | Fail: 0.566%\n"}
,{"stream_name":"stdout","time":58.46894455,"data":"[Game 540] Range: 2-8 | Median/Mean: 3.0 / 3.515 | Fail: 0.556%\n"}
,{"stream_name":"stdout","time":59.40729031,"data":"[Game 550] Range: 2-8 | Median/Mean: 3.0 / 3.522 | Fail: 0.545%\n"}
,{"stream_name":"stdout","time":60.394556313,"data":"[Game 560] Range: 2-8 | Median/Mean: 3.0 / 3.529 | Fail: 0.714%\n"}
,{"stream_name":"stdout","time":61.083229769,"data":"[Game 570] Range: 2-8 | Median/Mean: 3.0 / 3.523 | Fail: 0.702%\n"}
,{"stream_name":"stdout","time":61.852920525,"data":"[Game 580] Range: 2-8 | Median/Mean: 3.0 / 3.519 | Fail: 0.690%\n"}
,{"stream_name":"stdout","time":62.735108798,"data":"[Game 590] Range: 2-8 | Median/Mean: 3.0 / 3.522 | Fail: 0.678%\n"}
,{"stream_name":"stdout","time":63.497678722,"data":"[Game 600] Range: 2-8 | Median/Mean: 3.0 / 3.515 | Fail: 0.667%\n"}
,{"stream_name":"stdout","time":64.422816531,"data":"[Game 610] Range: 2-8 | Median/Mean: 3.0 / 3.518 | Fail: 0.656%\n"}
,{"stream_name":"stdout","time":65.252010095,"data":"[Game 620] Range: 2-8 | Median/Mean: 3.0 / 3.519 | Fail: 0.645%\n"}
,{"stream_name":"stdout","time":66.153386037,"data":"[Game 630] Range: 2-8 | Median/Mean: 3.0 / 3.522 | Fail: 0.635%\n"}
,{"stream_name":"stdout","time":67.044727241,"data":"[Game 640] Range: 2-8 | Median/Mean: 3.0 / 3.527 | Fail: 0.625%\n"}
,{"stream_name":"stdout","time":67.86367712,"data":"[Game 650] Range: 2-8 | Median/Mean: 3.0 / 3.529 | Fail: 0.615%\n"}
,{"stream_name":"stdout","time":68.735634173,"data":"[Game 660] Range: 2-8 | Median/Mean: 3.0 / 3.529 | Fail: 0.606%\n"}
,{"stream_name":"stdout","time":69.67369715,"data":"[Game 670] Range: 2-8 | Median/Mean: 3.0 / 3.536 | Fail: 0.597%\n"}
,{"stream_name":"stdout","time":70.417568953,"data":"[Game 680] Range: 2-8 | Median/Mean: 3.0 / 3.532 | Fail: 0.588%\n"}
,{"stream_name":"stdout","time":71.148927893,"data":"[Game 690] Range: 2-8 | Median/Mean: 3.0 / 3.529 | Fail: 0.580%\n"}
,{"stream_name":"stdout","time":72.077080933,"data":"[Game 700] Range: 2-8 | Median/Mean: 3.0 / 3.534 | Fail: 0.571%\n"}
,{"stream_name":"stdout","time":72.901063223,"data":"[Game 710] Range: 2-8 | Median/Mean: 3.0 / 3.534 | Fail: 0.563%\n"}
,{"stream_name":"stdout","time":73.805563602,"data":"[Game 720] Range: 2-8 | Median/Mean: 3.0 / 3.535 | Fail: 0.556%\n"}
,{"stream_name":"stdout","time":74.548473258,"data":"[Game 730] Range: 2-8 | Median/Mean: 3.0 / 3.533 | Fail: 0.548%\n"}
,{"stream_name":"stdout","time":75.353771743,"data":"[Game 740] Range: 2-8 | Median/Mean: 3.0 / 3.534 | Fail: 0.541%\n"}
,{"stream_name":"stdout","time":76.198583019,"data":"[Game 750] Range: 2-8 | Median/Mean: 3.0 / 3.533 | Fail: 0.533%\n"}
,{"stream_name":"stdout","time":77.032858401,"data":"[Game 760] Range: 2-8 | Median/Mean: 3.0 / 3.534 | Fail: 0.526%\n"}
,{"stream_name":"stdout","time":77.901561225,"data":"[Game 770] Range: 2-8 | Median/Mean: 3.0 / 3.532 | Fail: 0.519%\n"}
,{"stream_name":"stdout","time":78.823797537,"data":"[Game 780] Range: 2-8 | Median/Mean: 3.0 / 3.540 | Fail: 0.513%\n"}
,{"stream_name":"stdout","time":79.712767151,"data":"[Game 790] Range: 2-8 | Median/Mean: 3.0 / 3.541 | Fail: 0.506%\n"}
,{"stream_name":"stdout","time":80.51769797,"data":"[Game 800] Range: 2-8 | Median/Mean: 3.0 / 3.540 | Fail: 0.500%\n"}
,{"stream_name":"stdout","time":81.38035607,"data":"[Game 810] Range: 2-8 | Median/Mean: 3.0 / 3.540 | Fail: 0.494%\n"}
,{"stream_name":"stdout","time":82.171210911,"data":"[Game 820] Range: 2-8 | Median/Mean: 3.0 / 3.543 | Fail: 0.488%\n"}
,{"stream_name":"stdout","time":83.024819822,"data":"[Game 830] Range: 2-8 | Median/Mean: 3.0 / 3.541 | Fail: 0.482%\n"}
,{"stream_name":"stdout","time":83.718133192,"data":"[Game 840] Range: 2-8 | Median/Mean: 3.0 / 3.538 | Fail: 0.476%\n"}
,{"stream_name":"stdout","time":84.539640576,"data":"[Game 850] Range: 2-8 | Median/Mean: 3.0 / 3.540 | Fail: 0.471%\n"}
,{"stream_name":"stdout","time":85.501933465,"data":"[Game 860] Range: 2-8 | Median/Mean: 3.0 / 3.547 | Fail: 0.465%\n"}
,{"stream_name":"stdout","time":86.30267805,"data":"[Game 870] Range: 2-8 | Median/Mean: 3.0 / 3.547 | Fail: 0.575%\n"}
,{"stream_name":"stdout","time":87.073322984,"data":"[Game 880] Range: 2-8 | Median/Mean: 3.0 / 3.544 | Fail: 0.568%\n"}
,{"stream_name":"stdout","time":87.886852834,"data":"[Game 890] Range: 2-8 | Median/Mean: 3.0 / 3.546 | Fail: 0.562%\n"}
,{"stream_name":"stdout","time":88.743530189,"data":"[Game 900] Range: 2-8 | Median/Mean: 3.0 / 3.548 | Fail: 0.556%\n"}
,{"stream_name":"stdout","time":89.614868791,"data":"[Game 910] Range: 2-8 | Median/Mean: 3.0 / 3.549 | Fail: 0.549%\n"}
,{"stream_name":"stdout","time":90.516776742,"data":"[Game 920] Range: 2-8 | Median/Mean: 3.0 / 3.552 | Fail: 0.543%\n"}
,{"stream_name":"stdout","time":91.388015749,"data":"[Game 930] Range: 2-8 | Median/Mean: 3.0 / 3.554 | Fail: 0.538%\n"}
,{"stream_name":"stdout","time":92.390746644,"data":"[Game 940] Range: 2-8 | Median/Mean: 3.0 / 3.559 | Fail: 0.532%\n"}
,{"stream_name":"stdout","time":93.261390382,"data":"[Game 950] Range: 2-8 | Median/Mean: 3.0 / 3.560 | Fail: 0.526%\n"}
,{"stream_name":"stdout","time":94.163614655,"data":"[Game 960] Range: 2-8 | Median/Mean: 3.0 / 3.566 | Fail: 0.521%\n"}
,{"stream_name":"stdout","time":95.030212224,"data":"[Game 970] Range: 2-8 | Median/Mean: 3.0 / 3.566 | Fail: 0.515%\n"}
,{"stream_name":"stdout","time":95.926480026,"data":"[Game 980] Range: 2-8 | Median/Mean: 3.0 / 3.566 | Fail: 0.510%\n"}
,{"stream_name":"stdout","time":96.879180939,"data":"[Game 990] Range: 2-8 | Median/Mean: 3.0 / 3.570 | Fail: 0.505%\n"}
,{"stream_name":"stdout","time":97.73958798,"data":"[Game 1000] Range: 2-8 | Median/Mean: 3.0 / 3.571 | Fail: 0.500%\n"}
,{"stream_name":"stdout","time":98.684093152,"data":"[Game 1010] Range: 2-8 | Median/Mean: 3.0 / 3.575 | Fail: 0.495%\n"}
,{"stream_name":"stdout","time":99.515984321,"data":"[Game 1020] Range: 2-8 | Median/Mean: 3.0 / 3.577 | Fail: 0.490%\n"}
,{"stream_name":"stdout","time":100.272219077,"data":"[Game 1030] Range: 2-8 | Median/Mean: 3.0 / 3.577 | Fail: 0.485%\n"}
,{"stream_name":"stdout","time":101.096271685,"data":"[Game 1040] Range: 2-8 | Median/Mean: 3.0 / 3.577 | Fail: 0.481%\n"}
,{"stream_name":"stdout","time":101.998560623,"data":"[Game 1050] Range: 2-8 | Median/Mean: 3.0 / 3.580 | Fail: 0.476%\n"}
,{"stream_name":"stdout","time":102.85636718,"data":"[Game 1060] Range: 2-8 | Median/Mean: 3.0 / 3.584 | Fail: 0.472%\n"}
,{"stream_name":"stdout","time":103.608026241,"data":"[Game 1070] Range: 2-8 | Median/Mean: 3.5 / 3.584 | Fail: 0.467%\n"}
,{"stream_name":"stdout","time":104.464274226,"data":"[Game 1080] Range: 2-8 | Median/Mean: 4.0 / 3.585 | Fail: 0.463%\n"}
,{"stream_name":"stdout","time":105.444679307,"data":"[Game 1090] Range: 2-8 | Median/Mean: 4.0 / 3.593 | Fail: 0.550%\n"}
,{"stream_name":"stdout","time":106.333085539,"data":"[Game 1100] Range: 2-8 | Median/Mean: 4.0 / 3.593 | Fail: 0.545%\n"}
,{"stream_name":"stdout","time":107.225304784,"data":"[Game 1110] Range: 2-8 | Median/Mean: 4.0 / 3.595 | Fail: 0.541%\n"}
,{"stream_name":"stdout","time":108.138532119,"data":"[Game 1120] Range: 2-8 | Median/Mean: 4.0 / 3.595 | Fail: 0.536%\n"}
,{"stream_name":"stdout","time":108.825753276,"data":"[Game 1130] Range: 2-8 | Median/Mean: 4.0 / 3.589 | Fail: 0.531%\n"}
,{"stream_name":"stdout","time":109.813625225,"data":"[Game 1140] Range: 2-8 | Median/Mean: 4.0 / 3.593 | Fail: 0.614%\n"}
,{"stream_name":"stdout","time":110.613939312,"data":"[Game 1150] Range: 2-8 | Median/Mean: 4.0 / 3.593 | Fail: 0.609%\n"}
,{"stream_name":"stdout","time":111.381678352,"data":"[Game 1160] Range: 2-8 | Median/Mean: 4.0 / 3.591 | Fail: 0.603%\n"}
,{"stream_name":"stdout","time":112.225281105,"data":"[Game 1170] Range: 2-8 | Median/Mean: 4.0 / 3.591 | Fail: 0.598%\n"}
,{"stream_name":"stdout","time":113.096766323,"data":"[Game 1180] Range: 2-8 | Median/Mean: 4.0 / 3.591 | Fail: 0.593%\n"}
,{"stream_name":"stdout","time":113.977952023,"data":"[Game 1190] Range: 2-8 | Median/Mean: 4.0 / 3.592 | Fail: 0.588%\n"}
,{"stream_name":"stdout","time":114.70787064,"data":"[Game 1200] Range: 2-8 | Median/Mean: 4.0 / 3.590 | Fail: 0.583%\n"}
,{"stream_name":"stdout","time":115.540815099,"data":"[Game 1210] Range: 2-8 | Median/Mean: 4.0 / 3.590 | Fail: 0.579%\n"}
,{"stream_name":"stdout","time":116.496836822,"data":"[Game 1220] Range: 2-8 | Median/Mean: 4.0 / 3.594 | Fail: 0.574%\n"}
,{"stream_name":"stdout","time":117.407863439,"data":"[Game 1230] Range: 2-8 | Median/Mean: 4.0 / 3.598 | Fail: 0.650%\n"}
,{"stream_name":"stdout","time":118.280923757,"data":"[Game 1240] Range: 2-8 | Median/Mean: 4.0 / 3.599 | Fail: 0.645%\n"}
,{"stream_name":"stdout","time":119.098941714,"data":"[Game 1250] Range: 2-8 | Median/Mean: 4.0 / 3.600 | Fail: 0.640%\n"}
,{"stream_name":"stdout","time":120.031222305,"data":"[Game 1260] Range: 1-8 | Median/Mean: 4.0 / 3.602 | Fail: 0.635%\n"}
,{"stream_name":"stdout","time":120.92802005,"data":"[Game 1270] Range: 1-8 | Median/Mean: 4.0 / 3.602 | Fail: 0.630%\n"}
,{"stream_name":"stdout","time":121.891977682,"data":"[Game 1280] Range: 1-8 | Median/Mean: 4.0 / 3.602 | Fail: 0.625%\n"}
,{"stream_name":"stdout","time":122.708273517,"data":"[Game 1290] Range: 1-8 | Median/Mean: 4.0 / 3.602 | Fail: 0.620%\n"}
,{"stream_name":"stdout","time":123.535633274,"data":"[Game 1300] Range: 1-8 | Median/Mean: 4.0 / 3.600 | Fail: 0.615%\n"}
,{"stream_name":"stdout","time":124.296429222,"data":"[Game 1310] Range: 1-8 | Median/Mean: 4.0 / 3.598 | Fail: 0.611%\n"}
,{"stream_name":"stdout","time":125.192262406,"data":"[Game 1320] Range: 1-8 | Median/Mean: 4.0 / 3.601 | Fail: 0.606%\n"}
,{"stream_name":"stdout","time":126.086986539,"data":"[Game 1330] Range: 1-8 | Median/Mean: 4.0 / 3.602 | Fail: 0.602%\n"}
,{"stream_name":"stdout","time":127.016257063,"data":"[Game 1340] Range: 1-8 | Median/Mean: 4.0 / 3.602 | Fail: 0.597%\n"}
,{"stream_name":"stdout","time":127.92902569,"data":"[Game 1350] Range: 1-8 | Median/Mean: 4.0 / 3.604 | Fail: 0.593%\n"}
,{"stream_name":"stdout","time":128.846652037,"data":"[Game 1360] Range: 1-8 | Median/Mean: 4.0 / 3.605 | Fail: 0.588%\n"}
,{"stream_name":"stdout","time":129.864029585,"data":"[Game 1370] Range: 1-8 | Median/Mean: 4.0 / 3.609 | Fail: 0.584%\n"}
,{"stream_name":"stdout","time":130.681077515,"data":"[Game 1380] Range: 1-8 | Median/Mean: 4.0 / 3.608 | Fail: 0.580%\n"}
,{"stream_name":"stdout","time":131.486117131,"data":"[Game 1390] Range: 1-8 | Median/Mean: 4.0 / 3.609 | Fail: 0.576%\n"}
,{"stream_name":"stdout","time":132.31023007,"data":"[Game 1400] Range: 1-8 | Median/Mean: 4.0 / 3.608 | Fail: 0.571%\n"}
,{"stream_name":"stdout","time":133.232293663,"data":"[Game 1410] Range: 1-8 | Median/Mean: 4.0 / 3.609 | Fail: 0.567%\n"}
,{"stream_name":"stdout","time":134.09213226,"data":"[Game 1420] Range: 1-8 | Median/Mean: 4.0 / 3.611 | Fail: 0.563%\n"}
,{"stream_name":"stdout","time":135.080772151,"data":"[Game 1430] Range: 1-8 | Median/Mean: 4.0 / 3.612 | Fail: 0.559%\n"}
,{"stream_name":"stdout","time":135.862759942,"data":"[Game 1440] Range: 1-8 | Median/Mean: 4.0 / 3.613 | Fail: 0.556%\n"}
,{"stream_name":"stdout","time":136.978411522,"data":"[Game 1450] Range: 1-8 | Median/Mean: 4.0 / 3.619 | Fail: 0.552%\n"}
,{"stream_name":"stdout","time":137.691766256,"data":"[Game 1460] Range: 1-8 | Median/Mean: 4.0 / 3.618 | Fail: 0.548%\n"}
,{"stream_name":"stdout","time":138.612203887,"data":"[Game 1470] Range: 1-8 | Median/Mean: 4.0 / 3.619 | Fail: 0.544%\n"}
,{"stream_name":"stdout","time":139.636516153,"data":"[Game 1480] Range: 1-8 | Median/Mean: 4.0 / 3.624 | Fail: 0.541%\n"}
,{"stream_name":"stdout","time":140.374323204,"data":"[Game 1490] Range: 1-8 | Median/Mean: 4.0 / 3.623 | Fail: 0.537%\n"}
,{"stream_name":"stdout","time":141.276082866,"data":"[Game 1500] Range: 1-8 | Median/Mean: 4.0 / 3.624 | Fail: 0.533%\n"}
,{"stream_name":"stdout","time":142.185049035,"data":"[Game 1510] Range: 1-8 | Median/Mean: 4.0 / 3.625 | Fail: 0.530%\n"}
,{"stream_name":"stdout","time":142.985623879,"data":"[Game 1520] Range: 1-8 | Median/Mean: 4.0 / 3.626 | Fail: 0.526%\n"}
,{"stream_name":"stdout","time":143.841317937,"data":"[Game 1530] Range: 1-8 | Median/Mean: 4.0 / 3.627 | Fail: 0.523%\n"}
,{"stream_name":"stdout","time":144.796996276,"data":"[Game 1540] Range: 1-8 | Median/Mean: 4.0 / 3.629 | Fail: 0.519%\n"}
,{"stream_name":"stdout","time":145.757183042,"data":"[Game 1550] Range: 1-8 | Median/Mean: 4.0 / 3.632 | Fail: 0.581%\n"}
,{"stream_name":"stdout","time":146.577669684,"data":"[Game 1560] Range: 1-8 | Median/Mean: 4.0 / 3.633 | Fail: 0.577%\n"}
,{"stream_name":"stdout","time":147.403322068,"data":"[Game 1570] Range: 1-8 | Median/Mean: 4.0 / 3.634 | Fail: 0.637%\n"}
,{"stream_name":"stdout","time":148.363015086,"data":"[Game 1580] Range: 1-8 | Median/Mean: 4.0 / 3.637 | Fail: 0.633%\n"}
,{"stream_name":"stdout","time":149.220194279,"data":"[Game 1590] Range: 1-8 | Median/Mean: 4.0 / 3.638 | Fail: 0.629%\n"}
,{"stream_name":"stdout","time":150.068246631,"data":"[Game 1600] Range: 1-8 | Median/Mean: 4.0 / 3.639 | Fail: 0.625%\n"}
,{"stream_name":"stdout","time":151.01668525,"data":"[Game 1610] Range: 1-8 | Median/Mean: 4.0 / 3.641 | Fail: 0.621%\n"}
,{"stream_name":"stdout","time":151.859232667,"data":"[Game 1620] Range: 1-8 | Median/Mean: 4.0 / 3.641 | Fail: 0.617%\n"}
,{"stream_name":"stdout","time":152.625345154,"data":"[Game 1630] Range: 1-8 | Median/Mean: 4.0 / 3.640 | Fail: 0.613%\n"}
,{"stream_name":"stdout","time":153.552339477,"data":"[Game 1640] Range: 1-8 | Median/Mean: 4.0 / 3.642 | Fail: 0.610%\n"}
,{"stream_name":"stdout","time":154.388284008,"data":"[Game 1650] Range: 1-8 | Median/Mean: 4.0 / 3.643 | Fail: 0.606%\n"}
,{"stream_name":"stdout","time":155.333170054,"data":"[Game 1660] Range: 1-8 | Median/Mean: 4.0 / 3.643 | Fail: 0.602%\n"}
,{"stream_name":"stdout","time":156.185174392,"data":"[Game 1670] Range: 1-8 | Median/Mean: 4.0 / 3.644 | Fail: 0.599%\n"}
,{"stream_name":"stdout","time":157.064225058,"data":"[Game 1680] Range: 1-8 | Median/Mean: 4.0 / 3.645 | Fail: 0.595%\n"}
,{"stream_name":"stdout","time":157.973060811,"data":"[Game 1690] Range: 1-8 | Median/Mean: 4.0 / 3.646 | Fail: 0.651%\n"}
,{"stream_name":"stdout","time":158.797120696,"data":"[Game 1700] Range: 1-8 | Median/Mean: 4.0 / 3.646 | Fail: 0.647%\n"}
,{"stream_name":"stdout","time":159.82359439,"data":"[Game 1710] Range: 1-8 | Median/Mean: 4.0 / 3.650 | Fail: 0.702%\n"}
,{"stream_name":"stdout","time":160.720786768,"data":"[Game 1720] Range: 1-8 | Median/Mean: 4.0 / 3.652 | Fail: 0.756%\n"}
,{"stream_name":"stdout","time":161.629607865,"data":"[Game 1730] Range: 1-8 | Median/Mean: 4.0 / 3.654 | Fail: 0.751%\n"}
,{"stream_name":"stdout","time":162.683585515,"data":"[Game 1740] Range: 1-8 | Median/Mean: 4.0 / 3.658 | Fail: 0.805%\n"}
,{"stream_name":"stdout","time":163.563665771,"data":"[Game 1750] Range: 1-8 | Median/Mean: 4.0 / 3.659 | Fail: 0.800%\n"}
,{"stream_name":"stdout","time":164.406447256,"data":"[Game 1760] Range: 1-8 | Median/Mean: 4.0 / 3.659 | Fail: 0.795%\n"}
,{"stream_name":"stdout","time":165.27211955799999,"data":"[Game 1770] Range: 1-8 | Median/Mean: 4.0 / 3.657 | Fail: 0.791%\n"}
,{"stream_name":"stdout","time":166.03706017,"data":"[Game 1780] Range: 1-8 | Median/Mean: 4.0 / 3.658 | Fail: 0.787%\n"}
,{"stream_name":"stdout","time":167.036738509,"data":"[Game 1790] Range: 1-8 | Median/Mean: 4.0 / 3.660 | Fail: 0.782%\n"}
,{"stream_name":"stdout","time":168.042779266,"data":"[Game 1800] Range: 1-8 | Median/Mean: 4.0 / 3.661 | Fail: 0.778%\n"}
,{"stream_name":"stdout","time":169.05611307,"data":"[Game 1810] Range: 1-8 | Median/Mean: 4.0 / 3.664 | Fail: 0.773%\n"}
,{"stream_name":"stdout","time":169.883574867,"data":"[Game 1820] Range: 1-8 | Median/Mean: 4.0 / 3.664 | Fail: 0.769%\n"}
,{"stream_name":"stdout","time":170.811596401,"data":"[Game 1830] Range: 1-8 | Median/Mean: 4.0 / 3.666 | Fail: 0.765%\n"}
,{"stream_name":"stdout","time":171.74735504,"data":"[Game 1840] Range: 1-8 | Median/Mean: 4.0 / 3.667 | Fail: 0.761%\n"}
,{"stream_name":"stdout","time":172.689044891,"data":"[Game 1850] Range: 1-8 | Median/Mean: 4.0 / 3.668 | Fail: 0.757%\n"}
,{"stream_name":"stdout","time":173.699646794,"data":"[Game 1860] Range: 1-8 | Median/Mean: 4.0 / 3.670 | Fail: 0.753%\n"}
,{"stream_name":"stdout","time":174.506639842,"data":"[Game 1870] Range: 1-8 | Median/Mean: 4.0 / 3.670 | Fail: 0.749%\n"}
,{"stream_name":"stdout","time":175.37434767,"data":"[Game 1880] Range: 1-8 | Median/Mean: 4.0 / 3.672 | Fail: 0.745%\n"}
,{"stream_name":"stdout","time":176.312282942,"data":"[Game 1890] Range: 1-8 | Median/Mean: 4.0 / 3.673 | Fail: 0.741%\n"}
,{"stream_name":"stdout","time":177.075586435,"data":"[Game 1900] Range: 1-8 | Median/Mean: 4.0 / 3.673 | Fail: 0.737%\n"}
,{"stream_name":"stdout","time":178.180362548,"data":"[Game 1910] Range: 1-8 | Median/Mean: 4.0 / 3.676 | Fail: 0.733%\n"}
,{"stream_name":"stdout","time":178.946671068,"data":"[Game 1920] Range: 1-8 | Median/Mean: 4.0 / 3.676 | Fail: 0.729%\n"}
,{"stream_name":"stdout","time":179.790008486,"data":"[Game 1930] Range: 1-8 | Median/Mean: 4.0 / 3.676 | Fail: 0.725%\n"}
,{"stream_name":"stdout","time":180.52788663,"data":"[Game 1940] Range: 1-8 | Median/Mean: 4.0 / 3.674 | Fail: 0.722%\n"}
,{"stream_name":"stdout","time":181.44638613,"data":"[Game 1950] Range: 1-8 | Median/Mean: 4.0 / 3.676 | Fail: 0.718%\n"}
,{"stream_name":"stdout","time":182.545693629,"data":"[Game 1960] Range: 1-8 | Median/Mean: 4.0 / 3.680 | Fail: 0.714%\n"}
,{"stream_name":"stdout","time":183.489718678,"data":"[Game 1970] Range: 1-8 | Median/Mean: 4.0 / 3.682 | Fail: 0.711%\n"}
,{"stream_name":"stdout","time":184.50822912,"data":"[Game 1980] Range: 1-8 | Median/Mean: 4.0 / 3.684 | Fail: 0.707%\n"}
,{"stream_name":"stdout","time":185.327571796,"data":"[Game 1990] Range: 1-8 | Median/Mean: 4.0 / 3.684 | Fail: 0.704%\n"}
,{"stream_name":"stdout","time":186.059841017,"data":"[Game 2000] Range: 1-8 | Median/Mean: 4.0 / 3.683 | Fail: 0.700%\n"}
,{"stream_name":"stdout","time":187.160263386,"data":"[Game 2010] Range: 1-8 | Median/Mean: 4.0 / 3.686 | Fail: 0.697%\n"}
,{"stream_name":"stdout","time":188.0082737,"data":"[Game 2020] Range: 1-8 | Median/Mean: 4.0 / 3.687 | Fail: 0.693%\n"}
,{"stream_name":"stdout","time":189.009476,"data":"[Game 2030] Range: 1-8 | Median/Mean: 4.0 / 3.689 | Fail: 0.690%\n"}
,{"stream_name":"stdout","time":189.95274488,"data":"[Game 2040] Range: 1-8 | Median/Mean: 4.0 / 3.691 | Fail: 0.686%\n"}
,{"stream_name":"stdout","time":190.892155829,"data":"[Game 2050] Range: 1-8 | Median/Mean: 4.0 / 3.693 | Fail: 0.683%\n"}
,{"stream_name":"stdout","time":191.772530734,"data":"[Game 2060] Range: 1-8 | Median/Mean: 4.0 / 3.695 | Fail: 0.680%\n"}
,{"stream_name":"stdout","time":192.868446887,"data":"[Game 2070] Range: 1-8 | Median/Mean: 4.0 / 3.699 | Fail: 0.725%\n"}
,{"stream_name":"stdout","time":193.934234414,"data":"[Game 2080] Range: 1-8 | Median/Mean: 4.0 / 3.702 | Fail: 0.769%\n"}
,{"stream_name":"stdout","time":194.76614108,"data":"[Game 2090] Range: 1-8 | Median/Mean: 4.0 / 3.703 | Fail: 0.766%\n"}
,{"stream_name":"stdout","time":195.796232942,"data":"[Game 2100] Range: 1-8 | Median/Mean: 4.0 / 3.705 | Fail: 0.762%\n"}
,{"stream_name":"stdout","time":196.660656682,"data":"[Game 2110] Range: 1-8 | Median/Mean: 4.0 / 3.706 | Fail: 0.758%\n"}
,{"stream_name":"stdout","time":197.460122603,"data":"[Game 2120] Range: 1-8 | Median/Mean: 4.0 / 3.706 | Fail: 0.755%\n"}
,{"stream_name":"stdout","time":198.431086081,"data":"[Game 2130] Range: 1-8 | Median/Mean: 4.0 / 3.707 | Fail: 0.798%\n"}
,{"stream_name":"stdout","time":199.45435941,"data":"[Game 2140] Range: 1-8 | Median/Mean: 4.0 / 3.711 | Fail: 0.794%\n"}
,{"stream_name":"stdout","time":200.36666616,"data":"[Game 2150] Range: 1-8 | Median/Mean: 4.0 / 3.711 | Fail: 0.791%\n"}
,{"stream_name":"stdout","time":201.257585502,"data":"[Game 2160] Range: 1-8 | Median/Mean: 4.0 / 3.712 | Fail: 0.787%\n"}
,{"stream_name":"stdout","time":202.391040315,"data":"[Game 2170] Range: 1-8 | Median/Mean: 4.0 / 3.717 | Fail: 0.783%\n"}
,{"stream_name":"stdout","time":203.263377609,"data":"[Game 2180] Range: 1-8 | Median/Mean: 4.0 / 3.717 | Fail: 0.780%\n"}
,{"stream_name":"stdout","time":204.184062764,"data":"[Game 2190] Range: 1-8 | Median/Mean: 4.0 / 3.718 | Fail: 0.776%\n"}
,{"stream_name":"stdout","time":205.182714205,"data":"[Game 2200] Range: 1-8 | Median/Mean: 4.0 / 3.721 | Fail: 0.773%\n"}
,{"stream_name":"stdout","time":205.996309804,"data":"[Game 2210] Range: 1-8 | Median/Mean: 4.0 / 3.721 | Fail: 0.769%\n"}
,{"stream_name":"stdout","time":207.031149264,"data":"[Game 2220] Range: 1-8 | Median/Mean: 4.0 / 3.723 | Fail: 0.766%\n"}
,{"stream_name":"stdout","time":207.992056156,"data":"[Game 2230] Range: 1-8 | Median/Mean: 4.0 / 3.724 | Fail: 0.762%\n"}
,{"stream_name":"stdout","time":208.861238628,"data":"[Game 2240] Range: 1-8 | Median/Mean: 4.0 / 3.726 | Fail: 0.759%\n"}
,{"stream_name":"stdout","time":209.812266805,"data":"[Game 2250] Range: 1-8 | Median/Mean: 4.0 / 3.728 | Fail: 0.756%\n"}
,{"stream_name":"stdout","time":210.890003598,"data":"[Game 2260] Range: 1-8 | Median/Mean: 4.0 / 3.731 | Fail: 0.841%\n"}
,{"stream_name":"stdout","time":211.758834642,"data":"[Game 2270] Range: 1-8 | Median/Mean: 4.0 / 3.731 | Fail: 0.837%\n"}
,{"stream_name":"stdout","time":212.677476149,"data":"[Game 2280] Range: 1-8 | Median/Mean: 4.0 / 3.732 | Fail: 0.833%\n"}
,{"stream_name":"stdout","time":213.670087297,"data":"[Game 2290] Range: 1-8 | Median/Mean: 4.0 / 3.735 | Fail: 0.917%\n"}
,{"stream_name":"stdout","time":214.632690631,"data":"[Game 2300] Range: 1-8 | Median/Mean: 4.0 / 3.737 | Fail: 0.913%\n"}
,{"stream_name":"stdout","time":215.400089778,"data":"[Game 2310] Range: 1-8 | Median/Mean: 4.0 / 3.736 | Fail: 0.909%\n"}
,{"stream_name":"stdout","time":216.22209899,"data":"Summary:\n"}
,{"stream_name":"stdout","time":216.234219229,"data":"Distribution across steps:\n"}
,{"stream_name":"stdout","time":216.243469176,"data":"Key Metrics:\n"}
,{"stream_name":"stderr","time":219.597060957,"data":"/opt/conda/lib/python3.7/site-packages/traitlets/traitlets.py:2567: FutureWarning: --Exporter.preprocessors=[\"remove_papermill_header.RemovePapermillHeader\"] for containers is deprecated in traitlets 5.0. You can pass `--Exporter.preprocessors item` ... multiple times to add items to a list.\n"}
,{"stream_name":"stderr","time":219.597105431,"data":"  FutureWarning,\n"}
,{"stream_name":"stderr","time":219.597113302,"data":"[NbConvertApp] Converting notebook __notebook__.ipynb to notebook\n"}
,{"stream_name":"stderr","time":220.007076595,"data":"[NbConvertApp] Writing 32615 bytes to __notebook__.ipynb\n"}
,{"stream_name":"stderr","time":222.439739416,"data":"/opt/conda/lib/python3.7/site-packages/traitlets/traitlets.py:2567: FutureWarning: --Exporter.preprocessors=[\"nbconvert.preprocessors.ExtractOutputPreprocessor\"] for containers is deprecated in traitlets 5.0. You can pass `--Exporter.preprocessors item` ... multiple times to add items to a list.\n"}
,{"stream_name":"stderr","time":222.439835789,"data":"  FutureWarning,\n"}
,{"stream_name":"stderr","time":222.439864083,"data":"[NbConvertApp] Converting notebook __notebook__.ipynb to html\n"}
,{"stream_name":"stderr","time":223.036800671,"data":"[NbConvertApp] Writing 306911 bytes to __results__.html\n"}
]