[{"stream_name":"stderr","time":13.011441415,"data":"/opt/conda/lib/python3.7/site-packages/papermill/iorw.py:50: FutureWarning: pyarrow.HadoopFileSystem is deprecated as of 2.0.0, please use pyarrow.fs.HadoopFileSystem instead.\n"}
,{"stream_name":"stderr","time":13.011511551,"data":"  from pyarrow import HadoopFileSystem\n"}
,{"stream_name":"stdout","time":14.008681866,"data":"[ ---------- RAISE ----------]\n"}
,{"stream_name":"stdout","time":14.921851138,"data":"[Game 10] Range: 3-5 | Median/Mean: 4.0 / 3.800 | Fail: 0.000%\n"}
,{"stream_name":"stdout","time":15.726841983,"data":"[Game 20] Range: 3-5 | Median/Mean: 3.5 / 3.600 | Fail: 0.000%\n"}
,{"stream_name":"stdout","time":16.44790971,"data":"[Game 30] Range: 2-5 | Median/Mean: 3.0 / 3.400 | Fail: 0.000%\n"}
,{"stream_name":"stdout","time":17.49260114,"data":"[Game 40] Range: 2-5 | Median/Mean: 3.0 / 3.450 | Fail: 0.000%\n"}
,{"stream_name":"stdout","time":18.408374118,"data":"[Game 50] Range: 2-5 | Median/Mean: 3.0 / 3.480 | Fail: 0.000%\n"}
,{"stream_name":"stdout","time":19.237478416,"data":"[Game 60] Range: 2-6 | Median/Mean: 3.0 / 3.467 | Fail: 0.000%\n"}
,{"stream_name":"stdout","time":20.157095286,"data":"[Game 70] Range: 2-7 | Median/Mean: 3.0 / 3.529 | Fail: 1.429%\n"}
,{"stream_name":"stdout","time":20.87845616,"data":"[Game 80] Range: 2-7 | Median/Mean: 3.0 / 3.487 | Fail: 1.250%\n"}
,{"stream_name":"stdout","time":22.032917588,"data":"[Game 90] Range: 2-7 | Median/Mean: 3.0 / 3.567 | Fail: 1.111%\n"}
,{"stream_name":"stdout","time":22.9144543,"data":"[Game 100] Range: 2-7 | Median/Mean: 3.0 / 3.550 | Fail: 1.000%\n"}
,{"stream_name":"stdout","time":23.700832307,"data":"[Game 110] Range: 2-7 | Median/Mean: 3.0 / 3.536 | Fail: 0.909%\n"}
,{"stream_name":"stdout","time":24.90068032,"data":"[Game 120] Range: 2-8 | Median/Mean: 3.0 / 3.600 | Fail: 1.667%\n"}
,{"stream_name":"stdout","time":25.819687044,"data":"[Game 130] Range: 2-8 | Median/Mean: 3.0 / 3.600 | Fail: 1.538%\n"}
,{"stream_name":"stdout","time":26.880287916,"data":"[Game 140] Range: 2-8 | Median/Mean: 3.0 / 3.600 | Fail: 1.429%\n"}
,{"stream_name":"stdout","time":27.728092952,"data":"[Game 150] Range: 2-8 | Median/Mean: 3.0 / 3.573 | Fail: 1.333%\n"}
,{"stream_name":"stdout","time":28.443391305,"data":"[Game 160] Range: 2-8 | Median/Mean: 3.0 / 3.556 | Fail: 1.250%\n"}
,{"stream_name":"stdout","time":29.249537597,"data":"[Game 170] Range: 2-8 | Median/Mean: 3.0 / 3.535 | Fail: 1.176%\n"}
,{"stream_name":"stdout","time":29.900070458,"data":"[Game 180] Range: 2-8 | Median/Mean: 3.0 / 3.511 | Fail: 1.111%\n"}
,{"stream_name":"stdout","time":30.921188597,"data":"[Game 190] Range: 2-8 | Median/Mean: 3.0 / 3.526 | Fail: 1.053%\n"}
,{"stream_name":"stdout","time":31.547211178,"data":"[Game 200] Range: 2-8 | Median/Mean: 3.0 / 3.505 | Fail: 1.000%\n"}
,{"stream_name":"stdout","time":32.49820677,"data":"[Game 210] Range: 2-8 | Median/Mean: 3.0 / 3.514 | Fail: 0.952%\n"}
,{"stream_name":"stdout","time":33.256103863,"data":"[Game 220] Range: 2-8 | Median/Mean: 3.0 / 3.495 | Fail: 0.909%\n"}
,{"stream_name":"stdout","time":34.110221287,"data":"[Game 230] Range: 2-8 | Median/Mean: 3.0 / 3.487 | Fail: 0.870%\n"}
,{"stream_name":"stdout","time":35.037052186,"data":"[Game 240] Range: 2-8 | Median/Mean: 3.0 / 3.492 | Fail: 0.833%\n"}
,{"stream_name":"stdout","time":35.901837731,"data":"[Game 250] Range: 2-8 | Median/Mean: 3.0 / 3.492 | Fail: 0.800%\n"}
,{"stream_name":"stdout","time":36.779505102,"data":"[Game 260] Range: 2-8 | Median/Mean: 3.0 / 3.496 | Fail: 0.769%\n"}
,{"stream_name":"stdout","time":37.650265565,"data":"[Game 270] Range: 2-8 | Median/Mean: 3.0 / 3.489 | Fail: 0.741%\n"}
,{"stream_name":"stdout","time":38.440432408,"data":"[Game 280] Range: 2-8 | Median/Mean: 3.0 / 3.489 | Fail: 0.714%\n"}
,{"stream_name":"stdout","time":39.478009655,"data":"[Game 290] Range: 2-8 | Median/Mean: 3.0 / 3.503 | Fail: 0.690%\n"}
,{"stream_name":"stdout","time":40.27374039,"data":"[Game 300] Range: 2-8 | Median/Mean: 3.0 / 3.493 | Fail: 0.667%\n"}
,{"stream_name":"stdout","time":41.138396927,"data":"[Game 310] Range: 2-8 | Median/Mean: 3.0 / 3.494 | Fail: 0.645%\n"}
,{"stream_name":"stdout","time":42.012150137,"data":"[Game 320] Range: 2-8 | Median/Mean: 3.0 / 3.497 | Fail: 0.938%\n"}
,{"stream_name":"stdout","time":42.814285857,"data":"[Game 330] Range: 2-8 | Median/Mean: 3.0 / 3.494 | Fail: 0.909%\n"}
,{"stream_name":"stdout","time":43.611845854,"data":"[Game 340] Range: 2-8 | Median/Mean: 3.0 / 3.488 | Fail: 0.882%\n"}
,{"stream_name":"stdout","time":44.525112495,"data":"[Game 350] Range: 2-8 | Median/Mean: 3.0 / 3.491 | Fail: 0.857%\n"}
,{"stream_name":"stdout","time":45.335613748,"data":"[Game 360] Range: 2-8 | Median/Mean: 3.0 / 3.489 | Fail: 0.833%\n"}
,{"stream_name":"stdout","time":46.272006313,"data":"[Game 370] Range: 2-8 | Median/Mean: 3.0 / 3.495 | Fail: 0.811%\n"}
,{"stream_name":"stdout","time":47.181999128,"data":"[Game 380] Range: 2-8 | Median/Mean: 3.0 / 3.495 | Fail: 0.789%\n"}
,{"stream_name":"stdout","time":48.063247162,"data":"[Game 390] Range: 2-8 | Median/Mean: 3.0 / 3.497 | Fail: 0.769%\n"}
,{"stream_name":"stdout","time":49.018601868,"data":"[Game 400] Range: 2-8 | Median/Mean: 3.0 / 3.505 | Fail: 0.750%\n"}
,{"stream_name":"stdout","time":49.940252676,"data":"[Game 410] Range: 2-8 | Median/Mean: 3.0 / 3.512 | Fail: 0.732%\n"}
,{"stream_name":"stdout","time":50.982459331,"data":"[Game 420] Range: 2-8 | Median/Mean: 3.0 / 3.529 | Fail: 0.714%\n"}
,{"stream_name":"stdout","time":51.919975411,"data":"[Game 430] Range: 2-8 | Median/Mean: 3.0 / 3.528 | Fail: 0.698%\n"}
,{"stream_name":"stdout","time":52.847142525,"data":"[Game 440] Range: 2-8 | Median/Mean: 3.0 / 3.532 | Fail: 0.682%\n"}
,{"stream_name":"stdout","time":53.712114554,"data":"[Game 450] Range: 2-8 | Median/Mean: 3.0 / 3.527 | Fail: 0.667%\n"}
,{"stream_name":"stdout","time":54.631821721,"data":"[Game 460] Range: 2-8 | Median/Mean: 3.0 / 3.528 | Fail: 0.652%\n"}
,{"stream_name":"stdout","time":55.797032239,"data":"[Game 470] Range: 2-8 | Median/Mean: 3.0 / 3.543 | Fail: 0.851%\n"}
,{"stream_name":"stdout","time":56.699007576,"data":"[Game 480] Range: 2-8 | Median/Mean: 3.0 / 3.544 | Fail: 0.833%\n"}
,{"stream_name":"stdout","time":57.436022444,"data":"[Game 490] Range: 2-8 | Median/Mean: 3.0 / 3.537 | Fail: 0.816%\n"}
,{"stream_name":"stdout","time":58.500804722,"data":"[Game 500] Range: 2-8 | Median/Mean: 3.0 / 3.542 | Fail: 0.800%\n"}
,{"stream_name":"stdout","time":59.398469956,"data":"[Game 510] Range: 2-8 | Median/Mean: 3.0 / 3.545 | Fail: 0.784%\n"}
,{"stream_name":"stdout","time":60.383288404,"data":"[Game 520] Range: 2-8 | Median/Mean: 3.0 / 3.552 | Fail: 0.769%\n"}
,{"stream_name":"stdout","time":61.148941414,"data":"[Game 530] Range: 2-8 | Median/Mean: 3.0 / 3.545 | Fail: 0.755%\n"}
,{"stream_name":"stdout","time":62.259220193,"data":"[Game 540] Range: 2-8 | Median/Mean: 3.0 / 3.556 | Fail: 0.741%\n"}
,{"stream_name":"stdout","time":63.26553893,"data":"[Game 550] Range: 2-8 | Median/Mean: 3.0 / 3.562 | Fail: 0.727%\n"}
,{"stream_name":"stdout","time":64.144857433,"data":"[Game 560] Range: 2-8 | Median/Mean: 3.0 / 3.562 | Fail: 0.714%\n"}
,{"stream_name":"stdout","time":64.856323931,"data":"[Game 570] Range: 2-8 | Median/Mean: 3.0 / 3.556 | Fail: 0.702%\n"}
,{"stream_name":"stdout","time":65.533038668,"data":"[Game 580] Range: 2-8 | Median/Mean: 3.0 / 3.547 | Fail: 0.690%\n"}
,{"stream_name":"stdout","time":66.447150284,"data":"[Game 590] Range: 2-8 | Median/Mean: 3.0 / 3.551 | Fail: 0.678%\n"}
,{"stream_name":"stdout","time":67.297011083,"data":"[Game 600] Range: 2-8 | Median/Mean: 3.0 / 3.548 | Fail: 0.667%\n"}
,{"stream_name":"stdout","time":68.106906482,"data":"[Game 610] Range: 2-8 | Median/Mean: 3.0 / 3.543 | Fail: 0.656%\n"}
,{"stream_name":"stdout","time":68.940894612,"data":"[Game 620] Range: 2-8 | Median/Mean: 3.0 / 3.544 | Fail: 0.645%\n"}
,{"stream_name":"stdout","time":69.784484071,"data":"[Game 630] Range: 2-8 | Median/Mean: 3.0 / 3.543 | Fail: 0.635%\n"}
,{"stream_name":"stdout","time":70.715741219,"data":"[Game 640] Range: 2-8 | Median/Mean: 3.0 / 3.548 | Fail: 0.625%\n"}
,{"stream_name":"stdout","time":71.713673054,"data":"[Game 650] Range: 2-8 | Median/Mean: 3.0 / 3.554 | Fail: 0.615%\n"}
,{"stream_name":"stdout","time":72.623654931,"data":"[Game 660] Range: 2-8 | Median/Mean: 3.0 / 3.553 | Fail: 0.606%\n"}
,{"stream_name":"stdout","time":73.62937427,"data":"[Game 670] Range: 2-8 | Median/Mean: 3.0 / 3.557 | Fail: 0.597%\n"}
,{"stream_name":"stdout","time":74.429313677,"data":"[Game 680] Range: 2-8 | Median/Mean: 3.0 / 3.553 | Fail: 0.588%\n"}
,{"stream_name":"stdout","time":75.224231641,"data":"[Game 690] Range: 2-8 | Median/Mean: 3.0 / 3.552 | Fail: 0.580%\n"}
,{"stream_name":"stdout","time":76.215363383,"data":"[Game 700] Range: 2-8 | Median/Mean: 3.0 / 3.559 | Fail: 0.571%\n"}
,{"stream_name":"stdout","time":77.058948402,"data":"[Game 710] Range: 2-8 | Median/Mean: 3.0 / 3.559 | Fail: 0.563%\n"}
,{"stream_name":"stdout","time":77.766133077,"data":"[Game 720] Range: 2-8 | Median/Mean: 3.0 / 3.556 | Fail: 0.556%\n"}
,{"stream_name":"stdout","time":78.554635935,"data":"[Game 730] Range: 2-8 | Median/Mean: 3.0 / 3.552 | Fail: 0.548%\n"}
,{"stream_name":"stdout","time":79.472447329,"data":"[Game 740] Range: 2-8 | Median/Mean: 3.0 / 3.555 | Fail: 0.676%\n"}
,{"stream_name":"stdout","time":80.46995036,"data":"[Game 750] Range: 2-8 | Median/Mean: 3.0 / 3.559 | Fail: 0.800%\n"}
,{"stream_name":"stdout","time":81.316633919,"data":"[Game 760] Range: 2-8 | Median/Mean: 3.0 / 3.558 | Fail: 0.789%\n"}
,{"stream_name":"stdout","time":82.130854681,"data":"[Game 770] Range: 2-8 | Median/Mean: 3.0 / 3.558 | Fail: 0.779%\n"}
,{"stream_name":"stdout","time":83.111859604,"data":"[Game 780] Range: 2-8 | Median/Mean: 3.0 / 3.563 | Fail: 0.769%\n"}
,{"stream_name":"stdout","time":84.033943441,"data":"[Game 790] Range: 2-8 | Median/Mean: 3.0 / 3.563 | Fail: 0.759%\n"}
,{"stream_name":"stdout","time":84.910700432,"data":"[Game 800] Range: 2-8 | Median/Mean: 3.0 / 3.562 | Fail: 0.750%\n"}
,{"stream_name":"stdout","time":85.768182895,"data":"[Game 810] Range: 2-8 | Median/Mean: 3.0 / 3.564 | Fail: 0.741%\n"}
,{"stream_name":"stdout","time":86.603347515,"data":"[Game 820] Range: 2-8 | Median/Mean: 3.0 / 3.565 | Fail: 0.732%\n"}
,{"stream_name":"stdout","time":87.447352256,"data":"[Game 830] Range: 2-8 | Median/Mean: 3.0 / 3.564 | Fail: 0.723%\n"}
,{"stream_name":"stdout","time":88.385494879,"data":"[Game 840] Range: 2-8 | Median/Mean: 3.5 / 3.568 | Fail: 0.714%\n"}
,{"stream_name":"stdout","time":89.211123682,"data":"[Game 850] Range: 2-8 | Median/Mean: 3.5 / 3.568 | Fail: 0.706%\n"}
,{"stream_name":"stdout","time":89.992947193,"data":"[Game 860] Range: 2-8 | Median/Mean: 4.0 / 3.567 | Fail: 0.698%\n"}
,{"stream_name":"stdout","time":90.891807781,"data":"[Game 870] Range: 2-8 | Median/Mean: 3.5 / 3.566 | Fail: 0.690%\n"}
,{"stream_name":"stdout","time":91.786007361,"data":"[Game 880] Range: 2-8 | Median/Mean: 3.0 / 3.562 | Fail: 0.682%\n"}
,{"stream_name":"stdout","time":92.624773243,"data":"[Game 890] Range: 2-8 | Median/Mean: 3.0 / 3.564 | Fail: 0.674%\n"}
,{"stream_name":"stdout","time":93.480749738,"data":"[Game 900] Range: 2-8 | Median/Mean: 3.5 / 3.564 | Fail: 0.667%\n"}
,{"stream_name":"stdout","time":94.296599182,"data":"[Game 910] Range: 2-8 | Median/Mean: 3.5 / 3.566 | Fail: 0.659%\n"}
,{"stream_name":"stdout","time":95.171785542,"data":"[Game 920] Range: 2-8 | Median/Mean: 3.0 / 3.565 | Fail: 0.652%\n"}
,{"stream_name":"stdout","time":95.998731644,"data":"[Game 930] Range: 2-8 | Median/Mean: 3.0 / 3.566 | Fail: 0.645%\n"}
,{"stream_name":"stdout","time":97.054382346,"data":"[Game 940] Range: 2-8 | Median/Mean: 3.5 / 3.571 | Fail: 0.638%\n"}
,{"stream_name":"stdout","time":97.94451607,"data":"[Game 950] Range: 2-8 | Median/Mean: 4.0 / 3.574 | Fail: 0.632%\n"}
,{"stream_name":"stdout","time":98.90621991,"data":"[Game 960] Range: 2-8 | Median/Mean: 4.0 / 3.577 | Fail: 0.625%\n"}
,{"stream_name":"stdout","time":99.645603506,"data":"[Game 970] Range: 2-8 | Median/Mean: 3.5 / 3.575 | Fail: 0.619%\n"}
,{"stream_name":"stdout","time":100.477169433,"data":"[Game 980] Range: 2-8 | Median/Mean: 3.0 / 3.573 | Fail: 0.612%\n"}
,{"stream_name":"stdout","time":101.379330835,"data":"[Game 990] Range: 2-8 | Median/Mean: 3.0 / 3.574 | Fail: 0.606%\n"}
,{"stream_name":"stdout","time":102.337743007,"data":"[Game 1000] Range: 2-8 | Median/Mean: 4.0 / 3.576 | Fail: 0.600%\n"}
,{"stream_name":"stdout","time":103.215285481,"data":"[Game 1010] Range: 2-8 | Median/Mean: 4.0 / 3.577 | Fail: 0.594%\n"}
,{"stream_name":"stdout","time":104.143559936,"data":"[Game 1020] Range: 2-8 | Median/Mean: 4.0 / 3.579 | Fail: 0.588%\n"}
,{"stream_name":"stdout","time":104.871099529,"data":"[Game 1030] Range: 2-8 | Median/Mean: 4.0 / 3.577 | Fail: 0.583%\n"}
,{"stream_name":"stdout","time":105.773544054,"data":"[Game 1040] Range: 2-8 | Median/Mean: 4.0 / 3.577 | Fail: 0.577%\n"}
,{"stream_name":"stdout","time":106.628534464,"data":"[Game 1050] Range: 2-8 | Median/Mean: 4.0 / 3.579 | Fail: 0.571%\n"}
,{"stream_name":"stdout","time":107.628890124,"data":"[Game 1060] Range: 2-8 | Median/Mean: 4.0 / 3.581 | Fail: 0.566%\n"}
,{"stream_name":"stdout","time":108.358763621,"data":"[Game 1070] Range: 2-8 | Median/Mean: 4.0 / 3.579 | Fail: 0.561%\n"}
,{"stream_name":"stdout","time":109.253982465,"data":"[Game 1080] Range: 2-8 | Median/Mean: 4.0 / 3.581 | Fail: 0.556%\n"}
,{"stream_name":"stdout","time":110.249985711,"data":"[Game 1090] Range: 2-8 | Median/Mean: 4.0 / 3.587 | Fail: 0.642%\n"}
,{"stream_name":"stdout","time":111.126625595,"data":"[Game 1100] Range: 2-8 | Median/Mean: 4.0 / 3.587 | Fail: 0.636%\n"}
,{"stream_name":"stdout","time":112.113042646,"data":"[Game 1110] Range: 2-8 | Median/Mean: 4.0 / 3.590 | Fail: 0.631%\n"}
,{"stream_name":"stdout","time":112.86594705,"data":"[Game 1120] Range: 2-8 | Median/Mean: 4.0 / 3.587 | Fail: 0.625%\n"}
,{"stream_name":"stdout","time":113.66387406,"data":"[Game 1130] Range: 2-8 | Median/Mean: 4.0 / 3.586 | Fail: 0.619%\n"}
,{"stream_name":"stdout","time":114.579290621,"data":"[Game 1140] Range: 2-8 | Median/Mean: 4.0 / 3.589 | Fail: 0.702%\n"}
,{"stream_name":"stdout","time":115.457008884,"data":"[Game 1150] Range: 2-8 | Median/Mean: 4.0 / 3.590 | Fail: 0.696%\n"}
,{"stream_name":"stdout","time":116.350570212,"data":"[Game 1160] Range: 2-8 | Median/Mean: 4.0 / 3.590 | Fail: 0.690%\n"}
,{"stream_name":"stdout","time":117.193214788,"data":"[Game 1170] Range: 2-8 | Median/Mean: 4.0 / 3.590 | Fail: 0.684%\n"}
,{"stream_name":"stdout","time":117.956160957,"data":"[Game 1180] Range: 2-8 | Median/Mean: 4.0 / 3.587 | Fail: 0.678%\n"}
,{"stream_name":"stdout","time":118.837703398,"data":"[Game 1190] Range: 2-8 | Median/Mean: 4.0 / 3.587 | Fail: 0.672%\n"}
,{"stream_name":"stdout","time":119.726371161,"data":"[Game 1200] Range: 2-8 | Median/Mean: 4.0 / 3.589 | Fail: 0.667%\n"}
,{"stream_name":"stdout","time":120.594368422,"data":"[Game 1210] Range: 2-8 | Median/Mean: 4.0 / 3.590 | Fail: 0.744%\n"}
,{"stream_name":"stdout","time":121.505379513,"data":"[Game 1220] Range: 2-8 | Median/Mean: 4.0 / 3.593 | Fail: 0.738%\n"}
,{"stream_name":"stdout","time":122.721124546,"data":"[Game 1230] Range: 2-8 | Median/Mean: 4.0 / 3.599 | Fail: 0.813%\n"}
,{"stream_name":"stdout","time":123.754469166,"data":"[Game 1240] Range: 2-8 | Median/Mean: 4.0 / 3.602 | Fail: 0.806%\n"}
,{"stream_name":"stdout","time":124.693889438,"data":"[Game 1250] Range: 2-8 | Median/Mean: 4.0 / 3.605 | Fail: 0.800%\n"}
,{"stream_name":"stdout","time":125.60336472,"data":"[Game 1260] Range: 2-8 | Median/Mean: 4.0 / 3.606 | Fail: 0.873%\n"}
,{"stream_name":"stdout","time":126.503594111,"data":"[Game 1270] Range: 2-8 | Median/Mean: 4.0 / 3.604 | Fail: 0.866%\n"}
,{"stream_name":"stdout","time":127.395998563,"data":"[Game 1280] Range: 2-8 | Median/Mean: 4.0 / 3.605 | Fail: 0.859%\n"}
,{"stream_name":"stdout","time":128.152869349,"data":"[Game 1290] Range: 2-8 | Median/Mean: 4.0 / 3.604 | Fail: 0.853%\n"}
,{"stream_name":"stdout","time":128.964139209,"data":"[Game 1300] Range: 2-8 | Median/Mean: 4.0 / 3.603 | Fail: 0.846%\n"}
,{"stream_name":"stdout","time":129.678590007,"data":"[Game 1310] Range: 2-8 | Median/Mean: 4.0 / 3.602 | Fail: 0.840%\n"}
,{"stream_name":"stdout","time":130.627076599,"data":"[Game 1320] Range: 2-8 | Median/Mean: 4.0 / 3.603 | Fail: 0.833%\n"}
,{"stream_name":"stdout","time":131.590409215,"data":"[Game 1330] Range: 2-8 | Median/Mean: 4.0 / 3.605 | Fail: 0.827%\n"}
,{"stream_name":"stdout","time":132.549856673,"data":"[Game 1340] Range: 2-8 | Median/Mean: 4.0 / 3.605 | Fail: 0.821%\n"}
,{"stream_name":"stdout","time":133.319789844,"data":"[Game 1350] Range: 2-8 | Median/Mean: 4.0 / 3.604 | Fail: 0.815%\n"}
,{"stream_name":"stdout","time":134.281784639,"data":"[Game 1360] Range: 2-8 | Median/Mean: 4.0 / 3.606 | Fail: 0.809%\n"}
,{"stream_name":"stdout","time":135.289867396,"data":"[Game 1370] Range: 2-8 | Median/Mean: 4.0 / 3.609 | Fail: 0.803%\n"}
,{"stream_name":"stdout","time":136.270268705,"data":"[Game 1380] Range: 2-8 | Median/Mean: 4.0 / 3.611 | Fail: 0.797%\n"}
,{"stream_name":"stdout","time":137.003241147,"data":"[Game 1390] Range: 2-8 | Median/Mean: 4.0 / 3.612 | Fail: 0.791%\n"}
,{"stream_name":"stdout","time":137.885175557,"data":"[Game 1400] Range: 2-8 | Median/Mean: 4.0 / 3.612 | Fail: 0.786%\n"}
,{"stream_name":"stdout","time":138.769510117,"data":"[Game 1410] Range: 2-8 | Median/Mean: 4.0 / 3.613 | Fail: 0.780%\n"}
,{"stream_name":"stdout","time":139.690436168,"data":"[Game 1420] Range: 2-8 | Median/Mean: 4.0 / 3.615 | Fail: 0.775%\n"}
,{"stream_name":"stdout","time":140.447533039,"data":"[Game 1430] Range: 2-8 | Median/Mean: 4.0 / 3.615 | Fail: 0.769%\n"}
,{"stream_name":"stdout","time":141.282498923,"data":"[Game 1440] Range: 2-8 | Median/Mean: 4.0 / 3.615 | Fail: 0.764%\n"}
,{"stream_name":"stdout","time":142.381659163,"data":"[Game 1450] Range: 2-8 | Median/Mean: 4.0 / 3.620 | Fail: 0.759%\n"}
,{"stream_name":"stdout","time":143.1710075,"data":"[Game 1460] Range: 2-8 | Median/Mean: 4.0 / 3.621 | Fail: 0.753%\n"}
,{"stream_name":"stdout","time":144.076093167,"data":"[Game 1470] Range: 2-8 | Median/Mean: 4.0 / 3.621 | Fail: 0.748%\n"}
,{"stream_name":"stdout","time":145.077279999,"data":"[Game 1480] Range: 2-8 | Median/Mean: 4.0 / 3.624 | Fail: 0.743%\n"}
,{"stream_name":"stdout","time":145.907661635,"data":"[Game 1490] Range: 2-8 | Median/Mean: 4.0 / 3.626 | Fail: 0.738%\n"}
,{"stream_name":"stdout","time":146.817118851,"data":"[Game 1500] Range: 2-8 | Median/Mean: 4.0 / 3.626 | Fail: 0.733%\n"}
,{"stream_name":"stdout","time":147.866337105,"data":"[Game 1510] Range: 2-8 | Median/Mean: 4.0 / 3.629 | Fail: 0.728%\n"}
,{"stream_name":"stdout","time":148.73522775,"data":"[Game 1520] Range: 2-8 | Median/Mean: 4.0 / 3.630 | Fail: 0.724%\n"}
,{"stream_name":"stdout","time":149.713526727,"data":"[Game 1530] Range: 2-8 | Median/Mean: 4.0 / 3.631 | Fail: 0.719%\n"}
,{"stream_name":"stdout","time":150.682599884,"data":"[Game 1540] Range: 2-8 | Median/Mean: 4.0 / 3.633 | Fail: 0.714%\n"}
,{"stream_name":"stdout","time":151.473980418,"data":"[Game 1550] Range: 2-8 | Median/Mean: 4.0 / 3.634 | Fail: 0.710%\n"}
,{"stream_name":"stdout","time":152.303076001,"data":"[Game 1560] Range: 2-8 | Median/Mean: 4.0 / 3.633 | Fail: 0.705%\n"}
,{"stream_name":"stdout","time":153.208026822,"data":"[Game 1570] Range: 2-8 | Median/Mean: 4.0 / 3.636 | Fail: 0.764%\n"}
,{"stream_name":"stdout","time":154.267921049,"data":"[Game 1580] Range: 2-8 | Median/Mean: 4.0 / 3.639 | Fail: 0.759%\n"}
,{"stream_name":"stdout","time":155.173375386,"data":"[Game 1590] Range: 2-8 | Median/Mean: 4.0 / 3.639 | Fail: 0.755%\n"}
,{"stream_name":"stdout","time":156.092072098,"data":"[Game 1600] Range: 2-8 | Median/Mean: 4.0 / 3.639 | Fail: 0.750%\n"}
,{"stream_name":"stdout","time":157.039818799,"data":"[Game 1610] Range: 2-8 | Median/Mean: 4.0 / 3.642 | Fail: 0.745%\n"}
,{"stream_name":"stdout","time":157.974651735,"data":"[Game 1620] Range: 2-8 | Median/Mean: 4.0 / 3.643 | Fail: 0.741%\n"}
,{"stream_name":"stdout","time":158.927877777,"data":"[Game 1630] Range: 2-8 | Median/Mean: 4.0 / 3.644 | Fail: 0.736%\n"}
,{"stream_name":"stdout","time":159.86579111,"data":"[Game 1640] Range: 2-8 | Median/Mean: 4.0 / 3.647 | Fail: 0.732%\n"}
,{"stream_name":"stdout","time":160.88392825,"data":"[Game 1650] Range: 2-8 | Median/Mean: 4.0 / 3.649 | Fail: 0.727%\n"}
,{"stream_name":"stdout","time":161.843576593,"data":"[Game 1660] Range: 2-8 | Median/Mean: 4.0 / 3.650 | Fail: 0.723%\n"}
,{"stream_name":"stdout","time":162.727784406,"data":"[Game 1670] Range: 1-8 | Median/Mean: 4.0 / 3.650 | Fail: 0.719%\n"}
,{"stream_name":"stdout","time":163.602393489,"data":"[Game 1680] Range: 1-8 | Median/Mean: 4.0 / 3.649 | Fail: 0.714%\n"}
,{"stream_name":"stdout","time":164.637763026,"data":"[Game 1690] Range: 1-8 | Median/Mean: 4.0 / 3.653 | Fail: 0.710%\n"}
,{"stream_name":"stdout","time":165.406487961,"data":"[Game 1700] Range: 1-8 | Median/Mean: 4.0 / 3.652 | Fail: 0.706%\n"}
,{"stream_name":"stdout","time":166.485988666,"data":"[Game 1710] Range: 1-8 | Median/Mean: 4.0 / 3.656 | Fail: 0.760%\n"}
,{"stream_name":"stdout","time":167.33971602,"data":"[Game 1720] Range: 1-8 | Median/Mean: 4.0 / 3.658 | Fail: 0.814%\n"}
,{"stream_name":"stdout","time":168.40017585,"data":"[Game 1730] Range: 1-8 | Median/Mean: 4.0 / 3.661 | Fail: 0.809%\n"}
,{"stream_name":"stdout","time":169.459360065,"data":"[Game 1740] Range: 1-8 | Median/Mean: 4.0 / 3.664 | Fail: 0.805%\n"}
,{"stream_name":"stdout","time":170.416139641,"data":"[Game 1750] Range: 1-8 | Median/Mean: 4.0 / 3.666 | Fail: 0.800%\n"}
,{"stream_name":"stdout","time":171.353331859,"data":"[Game 1760] Range: 1-8 | Median/Mean: 4.0 / 3.667 | Fail: 0.795%\n"}
,{"stream_name":"stdout","time":172.159603445,"data":"[Game 1770] Range: 1-8 | Median/Mean: 4.0 / 3.666 | Fail: 0.791%\n"}
,{"stream_name":"stdout","time":173.098097923,"data":"[Game 1780] Range: 1-8 | Median/Mean: 4.0 / 3.667 | Fail: 0.787%\n"}
,{"stream_name":"stdout","time":173.927355343,"data":"[Game 1790] Range: 1-8 | Median/Mean: 4.0 / 3.668 | Fail: 0.782%\n"}
,{"stream_name":"stdout","time":174.798220556,"data":"[Game 1800] Range: 1-8 | Median/Mean: 4.0 / 3.668 | Fail: 0.778%\n"}
,{"stream_name":"stdout","time":175.75307255,"data":"[Game 1810] Range: 1-8 | Median/Mean: 4.0 / 3.669 | Fail: 0.773%\n"}
,{"stream_name":"stdout","time":176.688305244,"data":"[Game 1820] Range: 1-8 | Median/Mean: 4.0 / 3.668 | Fail: 0.769%\n"}
,{"stream_name":"stdout","time":177.510487095,"data":"[Game 1830] Range: 1-8 | Median/Mean: 4.0 / 3.667 | Fail: 0.765%\n"}
,{"stream_name":"stdout","time":178.459902015,"data":"[Game 1840] Range: 1-8 | Median/Mean: 4.0 / 3.668 | Fail: 0.761%\n"}
,{"stream_name":"stdout","time":179.544242391,"data":"[Game 1850] Range: 1-8 | Median/Mean: 4.0 / 3.671 | Fail: 0.757%\n"}
,{"stream_name":"stdout","time":180.310591236,"data":"[Game 1860] Range: 1-8 | Median/Mean: 4.0 / 3.670 | Fail: 0.753%\n"}
,{"stream_name":"stdout","time":181.120266331,"data":"[Game 1870] Range: 1-8 | Median/Mean: 4.0 / 3.670 | Fail: 0.749%\n"}
,{"stream_name":"stdout","time":182.18790431,"data":"[Game 1880] Range: 1-8 | Median/Mean: 4.0 / 3.673 | Fail: 0.745%\n"}
,{"stream_name":"stdout","time":183.321010279,"data":"[Game 1890] Range: 1-8 | Median/Mean: 4.0 / 3.676 | Fail: 0.741%\n"}
,{"stream_name":"stdout","time":184.347381135,"data":"[Game 1900] Range: 1-8 | Median/Mean: 4.0 / 3.678 | Fail: 0.737%\n"}
,{"stream_name":"stdout","time":185.501398612,"data":"[Game 1910] Range: 1-8 | Median/Mean: 4.0 / 3.682 | Fail: 0.733%\n"}
,{"stream_name":"stdout","time":186.416075587,"data":"[Game 1920] Range: 1-8 | Median/Mean: 4.0 / 3.682 | Fail: 0.729%\n"}
,{"stream_name":"stdout","time":187.281446711,"data":"[Game 1930] Range: 1-8 | Median/Mean: 4.0 / 3.682 | Fail: 0.725%\n"}
,{"stream_name":"stdout","time":188.346487841,"data":"[Game 1940] Range: 1-8 | Median/Mean: 4.0 / 3.684 | Fail: 0.722%\n"}
,{"stream_name":"stdout","time":189.199904856,"data":"[Game 1950] Range: 1-8 | Median/Mean: 4.0 / 3.684 | Fail: 0.718%\n"}
,{"stream_name":"stdout","time":190.353102347,"data":"[Game 1960] Range: 1-8 | Median/Mean: 4.0 / 3.687 | Fail: 0.714%\n"}
,{"stream_name":"stdout","time":191.150538699,"data":"[Game 1970] Range: 1-8 | Median/Mean: 4.0 / 3.687 | Fail: 0.711%\n"}
,{"stream_name":"stdout","time":192.232060649,"data":"[Game 1980] Range: 1-8 | Median/Mean: 4.0 / 3.690 | Fail: 0.707%\n"}
,{"stream_name":"stdout","time":193.0771116,"data":"[Game 1990] Range: 1-8 | Median/Mean: 4.0 / 3.690 | Fail: 0.704%\n"}
,{"stream_name":"stdout","time":193.955104413,"data":"[Game 2000] Range: 1-8 | Median/Mean: 4.0 / 3.691 | Fail: 0.750%\n"}
,{"stream_name":"stdout","time":194.94644839,"data":"[Game 2010] Range: 1-8 | Median/Mean: 4.0 / 3.693 | Fail: 0.746%\n"}
,{"stream_name":"stdout","time":195.848239435,"data":"[Game 2020] Range: 1-8 | Median/Mean: 4.0 / 3.694 | Fail: 0.743%\n"}
,{"stream_name":"stdout","time":196.913359445,"data":"[Game 2030] Range: 1-8 | Median/Mean: 4.0 / 3.695 | Fail: 0.739%\n"}
,{"stream_name":"stdout","time":197.783964798,"data":"[Game 2040] Range: 1-8 | Median/Mean: 4.0 / 3.698 | Fail: 0.784%\n"}
,{"stream_name":"stdout","time":198.736306857,"data":"[Game 2050] Range: 1-8 | Median/Mean: 4.0 / 3.699 | Fail: 0.780%\n"}
,{"stream_name":"stdout","time":199.585246762,"data":"[Game 2060] Range: 1-8 | Median/Mean: 4.0 / 3.699 | Fail: 0.777%\n"}
,{"stream_name":"stdout","time":200.712160359,"data":"[Game 2070] Range: 1-8 | Median/Mean: 4.0 / 3.702 | Fail: 0.821%\n"}
,{"stream_name":"stdout","time":201.748437177,"data":"[Game 2080] Range: 1-8 | Median/Mean: 4.0 / 3.705 | Fail: 0.817%\n"}
,{"stream_name":"stdout","time":202.523906616,"data":"[Game 2090] Range: 1-8 | Median/Mean: 4.0 / 3.704 | Fail: 0.813%\n"}
,{"stream_name":"stdout","time":203.431764067,"data":"[Game 2100] Range: 1-8 | Median/Mean: 4.0 / 3.706 | Fail: 0.810%\n"}
,{"stream_name":"stdout","time":204.378544341,"data":"[Game 2110] Range: 1-8 | Median/Mean: 4.0 / 3.707 | Fail: 0.806%\n"}
,{"stream_name":"stdout","time":205.359276735,"data":"[Game 2120] Range: 1-8 | Median/Mean: 4.0 / 3.708 | Fail: 0.802%\n"}
,{"stream_name":"stdout","time":206.344753633,"data":"[Game 2130] Range: 1-8 | Median/Mean: 4.0 / 3.709 | Fail: 0.845%\n"}
,{"stream_name":"stdout","time":207.627312709,"data":"[Game 2140] Range: 1-8 | Median/Mean: 4.0 / 3.712 | Fail: 0.841%\n"}
,{"stream_name":"stdout","time":208.593165944,"data":"[Game 2150] Range: 1-8 | Median/Mean: 4.0 / 3.713 | Fail: 0.884%\n"}
,{"stream_name":"stdout","time":209.527913067,"data":"[Game 2160] Range: 1-8 | Median/Mean: 4.0 / 3.715 | Fail: 0.880%\n"}
,{"stream_name":"stdout","time":210.751040427,"data":"[Game 2170] Range: 1-8 | Median/Mean: 4.0 / 3.720 | Fail: 0.876%\n"}
,{"stream_name":"stdout","time":211.750354945,"data":"[Game 2180] Range: 1-8 | Median/Mean: 4.0 / 3.722 | Fail: 0.872%\n"}
,{"stream_name":"stdout","time":212.703747245,"data":"[Game 2190] Range: 1-8 | Median/Mean: 4.0 / 3.724 | Fail: 0.868%\n"}
,{"stream_name":"stdout","time":213.626709977,"data":"[Game 2200] Range: 1-8 | Median/Mean: 4.0 / 3.725 | Fail: 0.864%\n"}
,{"stream_name":"stdout","time":214.623212353,"data":"[Game 2210] Range: 1-8 | Median/Mean: 4.0 / 3.727 | Fail: 0.860%\n"}
,{"stream_name":"stdout","time":215.530509077,"data":"[Game 2220] Range: 1-8 | Median/Mean: 4.0 / 3.727 | Fail: 0.856%\n"}
,{"stream_name":"stdout","time":216.451091901,"data":"[Game 2230] Range: 1-8 | Median/Mean: 4.0 / 3.728 | Fail: 0.852%\n"}
,{"stream_name":"stdout","time":217.415234419,"data":"[Game 2240] Range: 1-8 | Median/Mean: 4.0 / 3.730 | Fail: 0.848%\n"}
,{"stream_name":"stdout","time":218.263509406,"data":"[Game 2250] Range: 1-8 | Median/Mean: 4.0 / 3.731 | Fail: 0.844%\n"}
,{"stream_name":"stdout","time":219.436811289,"data":"[Game 2260] Range: 1-9 | Median/Mean: 4.0 / 3.735 | Fail: 0.929%\n"}
,{"stream_name":"stdout","time":220.337014767,"data":"[Game 2270] Range: 1-9 | Median/Mean: 4.0 / 3.736 | Fail: 0.925%\n"}
,{"stream_name":"stdout","time":221.39443991,"data":"[Game 2280] Range: 1-9 | Median/Mean: 4.0 / 3.739 | Fail: 0.965%\n"}
,{"stream_name":"stdout","time":222.381514459,"data":"[Game 2290] Range: 1-9 | Median/Mean: 4.0 / 3.740 | Fail: 1.048%\n"}
,{"stream_name":"stdout","time":223.290135919,"data":"[Game 2300] Range: 1-9 | Median/Mean: 4.0 / 3.741 | Fail: 1.087%\n"}
,{"stream_name":"stdout","time":224.075436706,"data":"[Game 2310] Range: 1-9 | Median/Mean: 4.0 / 3.741 | Fail: 1.082%\n"}
,{"stream_name":"stdout","time":224.69088539,"data":"Summary:\n"}
,{"stream_name":"stdout","time":224.708138376,"data":"Distribution across steps:\n"}
,{"stream_name":"stdout","time":224.716225545,"data":"Key Metrics:\n"}
,{"stream_name":"stderr","time":228.414509472,"data":"/opt/conda/lib/python3.7/site-packages/traitlets/traitlets.py:2567: FutureWarning: --Exporter.preprocessors=[\"remove_papermill_header.RemovePapermillHeader\"] for containers is deprecated in traitlets 5.0. You can pass `--Exporter.preprocessors item` ... multiple times to add items to a list.\n"}
,{"stream_name":"stderr","time":228.414637303,"data":"  FutureWarning,\n"}
,{"stream_name":"stderr","time":228.416177947,"data":"[NbConvertApp] Converting notebook __notebook__.ipynb to notebook\n"}
,{"stream_name":"stderr","time":228.828686879,"data":"[NbConvertApp] Writing 32711 bytes to __notebook__.ipynb\n"}
,{"stream_name":"stderr","time":231.379097594,"data":"/opt/conda/lib/python3.7/site-packages/traitlets/traitlets.py:2567: FutureWarning: --Exporter.preprocessors=[\"nbconvert.preprocessors.ExtractOutputPreprocessor\"] for containers is deprecated in traitlets 5.0. You can pass `--Exporter.preprocessors item` ... multiple times to add items to a list.\n"}
,{"stream_name":"stderr","time":231.379404386,"data":"  FutureWarning,\n"}
,{"stream_name":"stderr","time":231.379456452,"data":"[NbConvertApp] Converting notebook __notebook__.ipynb to html\n"}
,{"stream_name":"stderr","time":232.002648221,"data":"[NbConvertApp] Writing 306955 bytes to __results__.html\n"}
]