[{"stream_name":"stderr","time":11.221946053,"data":"/opt/conda/lib/python3.7/site-packages/papermill/iorw.py:50: FutureWarning: pyarrow.HadoopFileSystem is deprecated as of 2.0.0, please use pyarrow.fs.HadoopFileSystem instead.\n"}
,{"stream_name":"stderr","time":11.223913863,"data":"  from pyarrow import HadoopFileSystem\n"}
,{"stream_name":"stdout","time":12.095652834,"data":"[ ---------- SOARE ----------]\n"}
,{"stream_name":"stdout","time":12.985045505,"data":"[Game 10] Range: 3-5 | Median/Mean: 4.0 / 3.700 | Fail: 0.000%\n"}
,{"stream_name":"stdout","time":13.918158795,"data":"[Game 20] Range: 3-5 | Median/Mean: 4.0 / 3.650 | Fail: 0.000%\n"}
,{"stream_name":"stdout","time":14.65510354,"data":"[Game 30] Range: 2-5 | Median/Mean: 3.0 / 3.433 | Fail: 0.000%\n"}
,{"stream_name":"stdout","time":15.820094122,"data":"[Game 40] Range: 2-6 | Median/Mean: 3.0 / 3.525 | Fail: 0.000%\n"}
,{"stream_name":"stdout","time":16.740620812,"data":"[Game 50] Range: 2-6 | Median/Mean: 3.0 / 3.540 | Fail: 0.000%\n"}
,{"stream_name":"stdout","time":17.585082404,"data":"[Game 60] Range: 2-6 | Median/Mean: 3.0 / 3.533 | Fail: 0.000%\n"}
,{"stream_name":"stdout","time":18.463495576,"data":"[Game 70] Range: 2-6 | Median/Mean: 3.0 / 3.543 | Fail: 0.000%\n"}
,{"stream_name":"stdout","time":19.150423093,"data":"[Game 80] Range: 2-6 | Median/Mean: 3.0 / 3.513 | Fail: 0.000%\n"}
,{"stream_name":"stdout","time":20.021797275,"data":"[Game 90] Range: 2-6 | Median/Mean: 3.0 / 3.511 | Fail: 0.000%\n"}
,{"stream_name":"stdout","time":20.918120035,"data":"[Game 100] Range: 2-6 | Median/Mean: 3.0 / 3.510 | Fail: 0.000%\n"}
,{"stream_name":"stdout","time":21.670068001,"data":"[Game 110] Range: 2-6 | Median/Mean: 3.0 / 3.491 | Fail: 0.000%\n"}
,{"stream_name":"stdout","time":22.6198182,"data":"[Game 120] Range: 2-6 | Median/Mean: 3.0 / 3.500 | Fail: 0.000%\n"}
,{"stream_name":"stdout","time":23.612415117,"data":"[Game 130] Range: 2-6 | Median/Mean: 3.0 / 3.523 | Fail: 0.000%\n"}
,{"stream_name":"stdout","time":24.616745424,"data":"[Game 140] Range: 2-6 | Median/Mean: 3.5 / 3.543 | Fail: 0.000%\n"}
,{"stream_name":"stdout","time":25.559801314,"data":"[Game 150] Range: 2-6 | Median/Mean: 3.5 / 3.540 | Fail: 0.000%\n"}
,{"stream_name":"stdout","time":26.492922543,"data":"[Game 160] Range: 2-6 | Median/Mean: 4.0 / 3.556 | Fail: 0.000%\n"}
,{"stream_name":"stdout","time":27.232382499,"data":"[Game 170] Range: 2-6 | Median/Mean: 3.5 / 3.524 | Fail: 0.000%\n"}
,{"stream_name":"stdout","time":28.005295823,"data":"[Game 180] Range: 2-6 | Median/Mean: 3.0 / 3.500 | Fail: 0.000%\n"}
,{"stream_name":"stdout","time":28.839805176,"data":"[Game 190] Range: 2-6 | Median/Mean: 3.0 / 3.495 | Fail: 0.000%\n"}
,{"stream_name":"stdout","time":29.619129961,"data":"[Game 200] Range: 2-6 | Median/Mean: 3.0 / 3.500 | Fail: 0.000%\n"}
,{"stream_name":"stdout","time":30.56855433,"data":"[Game 210] Range: 2-6 | Median/Mean: 3.0 / 3.510 | Fail: 0.000%\n"}
,{"stream_name":"stdout","time":31.487698479,"data":"[Game 220] Range: 2-6 | Median/Mean: 3.5 / 3.514 | Fail: 0.000%\n"}
,{"stream_name":"stdout","time":32.334483112,"data":"[Game 230] Range: 2-6 | Median/Mean: 3.0 / 3.504 | Fail: 0.000%\n"}
,{"stream_name":"stdout","time":33.342613609,"data":"[Game 240] Range: 2-6 | Median/Mean: 3.0 / 3.513 | Fail: 0.000%\n"}
,{"stream_name":"stdout","time":34.258055318,"data":"[Game 250] Range: 2-6 | Median/Mean: 4.0 / 3.524 | Fail: 0.000%\n"}
,{"stream_name":"stdout","time":34.988716595,"data":"[Game 260] Range: 2-6 | Median/Mean: 4.0 / 3.523 | Fail: 0.000%\n"}
,{"stream_name":"stdout","time":35.833638617,"data":"[Game 270] Range: 2-6 | Median/Mean: 4.0 / 3.519 | Fail: 0.000%\n"}
,{"stream_name":"stdout","time":36.66785133,"data":"[Game 280] Range: 2-6 | Median/Mean: 4.0 / 3.518 | Fail: 0.000%\n"}
,{"stream_name":"stdout","time":37.527694411,"data":"[Game 290] Range: 2-6 | Median/Mean: 4.0 / 3.521 | Fail: 0.000%\n"}
,{"stream_name":"stdout","time":38.164795271,"data":"[Game 300] Range: 2-6 | Median/Mean: 3.0 / 3.500 | Fail: 0.000%\n"}
,{"stream_name":"stdout","time":38.957549445,"data":"[Game 310] Range: 2-6 | Median/Mean: 3.0 / 3.494 | Fail: 0.000%\n"}
,{"stream_name":"stdout","time":39.661662992,"data":"[Game 320] Range: 2-6 | Median/Mean: 3.0 / 3.487 | Fail: 0.000%\n"}
,{"stream_name":"stdout","time":40.550648343,"data":"[Game 330] Range: 2-6 | Median/Mean: 3.0 / 3.494 | Fail: 0.000%\n"}
,{"stream_name":"stdout","time":41.424487514,"data":"[Game 340] Range: 2-6 | Median/Mean: 3.0 / 3.491 | Fail: 0.000%\n"}
,{"stream_name":"stdout","time":42.326676644,"data":"[Game 350] Range: 2-6 | Median/Mean: 3.0 / 3.497 | Fail: 0.000%\n"}
,{"stream_name":"stdout","time":43.174163177,"data":"[Game 360] Range: 2-6 | Median/Mean: 3.0 / 3.500 | Fail: 0.000%\n"}
,{"stream_name":"stdout","time":43.891118553,"data":"[Game 370] Range: 2-6 | Median/Mean: 4.0 / 3.511 | Fail: 0.000%\n"}
,{"stream_name":"stdout","time":44.559012501,"data":"[Game 380] Range: 2-6 | Median/Mean: 4.0 / 3.508 | Fail: 0.000%\n"}
,{"stream_name":"stdout","time":45.21125487,"data":"[Game 390] Range: 2-6 | Median/Mean: 4.0 / 3.513 | Fail: 0.000%\n"}
,{"stream_name":"stdout","time":46.016481913,"data":"[Game 400] Range: 2-6 | Median/Mean: 4.0 / 3.515 | Fail: 0.000%\n"}
,{"stream_name":"stdout","time":47.018396471,"data":"[Game 410] Range: 2-6 | Median/Mean: 4.0 / 3.524 | Fail: 0.000%\n"}
,{"stream_name":"stdout","time":48.016721628,"data":"[Game 420] Range: 2-6 | Median/Mean: 4.0 / 3.538 | Fail: 0.000%\n"}
,{"stream_name":"stdout","time":49.061863745,"data":"[Game 430] Range: 2-6 | Median/Mean: 4.0 / 3.544 | Fail: 0.000%\n"}
,{"stream_name":"stdout","time":49.966243506,"data":"[Game 440] Range: 2-6 | Median/Mean: 4.0 / 3.543 | Fail: 0.000%\n"}
,{"stream_name":"stdout","time":50.80195113,"data":"[Game 450] Range: 2-6 | Median/Mean: 4.0 / 3.540 | Fail: 0.000%\n"}
,{"stream_name":"stdout","time":51.725410141,"data":"[Game 460] Range: 2-6 | Median/Mean: 4.0 / 3.539 | Fail: 0.000%\n"}
,{"stream_name":"stdout","time":52.876561364,"data":"[Game 470] Range: 2-8 | Median/Mean: 4.0 / 3.562 | Fail: 0.213%\n"}
,{"stream_name":"stdout","time":53.867493403,"data":"[Game 480] Range: 2-8 | Median/Mean: 4.0 / 3.562 | Fail: 0.208%\n"}
,{"stream_name":"stdout","time":54.676402828,"data":"[Game 490] Range: 2-8 | Median/Mean: 4.0 / 3.565 | Fail: 0.204%\n"}
,{"stream_name":"stdout","time":55.57464162,"data":"[Game 500] Range: 2-8 | Median/Mean: 4.0 / 3.568 | Fail: 0.200%\n"}
,{"stream_name":"stdout","time":56.600876817,"data":"[Game 510] Range: 2-8 | Median/Mean: 4.0 / 3.578 | Fail: 0.392%\n"}
,{"stream_name":"stdout","time":57.644726594,"data":"[Game 520] Range: 2-8 | Median/Mean: 4.0 / 3.585 | Fail: 0.385%\n"}
,{"stream_name":"stdout","time":58.483062498,"data":"[Game 530] Range: 2-8 | Median/Mean: 4.0 / 3.585 | Fail: 0.377%\n"}
,{"stream_name":"stdout","time":59.413897119,"data":"[Game 540] Range: 2-8 | Median/Mean: 4.0 / 3.585 | Fail: 0.370%\n"}
,{"stream_name":"stdout","time":60.249180642,"data":"[Game 550] Range: 2-8 | Median/Mean: 4.0 / 3.587 | Fail: 0.364%\n"}
,{"stream_name":"stdout","time":61.307981729,"data":"[Game 560] Range: 2-8 | Median/Mean: 4.0 / 3.593 | Fail: 0.536%\n"}
,{"stream_name":"stdout","time":62.121943503,"data":"[Game 570] Range: 2-8 | Median/Mean: 4.0 / 3.591 | Fail: 0.526%\n"}
,{"stream_name":"stdout","time":62.933873788,"data":"[Game 580] Range: 2-8 | Median/Mean: 4.0 / 3.590 | Fail: 0.517%\n"}
,{"stream_name":"stdout","time":63.917279197,"data":"[Game 590] Range: 2-8 | Median/Mean: 4.0 / 3.595 | Fail: 0.508%\n"}
,{"stream_name":"stdout","time":64.475242859,"data":"[Game 600] Range: 2-8 | Median/Mean: 4.0 / 3.588 | Fail: 0.500%\n"}
,{"stream_name":"stdout","time":65.014112072,"data":"[Game 610] Range: 2-8 | Median/Mean: 4.0 / 3.580 | Fail: 0.492%\n"}
,{"stream_name":"stdout","time":65.598612754,"data":"[Game 620] Range: 2-8 | Median/Mean: 4.0 / 3.581 | Fail: 0.484%\n"}
,{"stream_name":"stdout","time":66.373750469,"data":"[Game 630] Range: 2-8 | Median/Mean: 4.0 / 3.583 | Fail: 0.476%\n"}
,{"stream_name":"stdout","time":67.332137599,"data":"[Game 640] Range: 2-8 | Median/Mean: 4.0 / 3.587 | Fail: 0.469%\n"}
,{"stream_name":"stdout","time":68.297138589,"data":"[Game 650] Range: 2-8 | Median/Mean: 4.0 / 3.589 | Fail: 0.462%\n"}
,{"stream_name":"stdout","time":69.195901881,"data":"[Game 660] Range: 2-8 | Median/Mean: 4.0 / 3.589 | Fail: 0.455%\n"}
,{"stream_name":"stdout","time":70.238025788,"data":"[Game 670] Range: 2-8 | Median/Mean: 4.0 / 3.597 | Fail: 0.448%\n"}
,{"stream_name":"stdout","time":71.14577561,"data":"[Game 680] Range: 2-8 | Median/Mean: 4.0 / 3.597 | Fail: 0.441%\n"}
,{"stream_name":"stdout","time":71.854976507,"data":"[Game 690] Range: 2-8 | Median/Mean: 4.0 / 3.590 | Fail: 0.435%\n"}
,{"stream_name":"stdout","time":72.837083596,"data":"[Game 700] Range: 2-8 | Median/Mean: 4.0 / 3.593 | Fail: 0.429%\n"}
,{"stream_name":"stdout","time":73.623402291,"data":"[Game 710] Range: 2-8 | Median/Mean: 4.0 / 3.589 | Fail: 0.423%\n"}
,{"stream_name":"stdout","time":74.537093213,"data":"[Game 720] Range: 2-8 | Median/Mean: 4.0 / 3.590 | Fail: 0.417%\n"}
,{"stream_name":"stdout","time":75.354400437,"data":"[Game 730] Range: 2-8 | Median/Mean: 4.0 / 3.588 | Fail: 0.411%\n"}
,{"stream_name":"stdout","time":76.249854979,"data":"[Game 740] Range: 2-8 | Median/Mean: 4.0 / 3.588 | Fail: 0.405%\n"}
,{"stream_name":"stdout","time":77.223426388,"data":"[Game 750] Range: 2-8 | Median/Mean: 4.0 / 3.588 | Fail: 0.400%\n"}
,{"stream_name":"stdout","time":78.086262551,"data":"[Game 760] Range: 2-8 | Median/Mean: 4.0 / 3.587 | Fail: 0.395%\n"}
,{"stream_name":"stdout","time":79.025945031,"data":"[Game 770] Range: 2-8 | Median/Mean: 4.0 / 3.587 | Fail: 0.390%\n"}
,{"stream_name":"stdout","time":80.077996918,"data":"[Game 780] Range: 2-8 | Median/Mean: 4.0 / 3.592 | Fail: 0.385%\n"}
,{"stream_name":"stdout","time":81.063313817,"data":"[Game 790] Range: 2-8 | Median/Mean: 4.0 / 3.596 | Fail: 0.380%\n"}
,{"stream_name":"stdout","time":81.827282383,"data":"[Game 800] Range: 2-8 | Median/Mean: 4.0 / 3.592 | Fail: 0.375%\n"}
,{"stream_name":"stdout","time":82.696630076,"data":"[Game 810] Range: 2-8 | Median/Mean: 4.0 / 3.594 | Fail: 0.370%\n"}
,{"stream_name":"stdout","time":83.676152235,"data":"[Game 820] Range: 2-8 | Median/Mean: 4.0 / 3.598 | Fail: 0.366%\n"}
,{"stream_name":"stdout","time":84.725266032,"data":"[Game 830] Range: 2-8 | Median/Mean: 4.0 / 3.601 | Fail: 0.361%\n"}
,{"stream_name":"stdout","time":85.591096785,"data":"[Game 840] Range: 2-8 | Median/Mean: 4.0 / 3.601 | Fail: 0.357%\n"}
,{"stream_name":"stdout","time":86.496646386,"data":"[Game 850] Range: 2-8 | Median/Mean: 4.0 / 3.605 | Fail: 0.471%\n"}
,{"stream_name":"stdout","time":87.495884725,"data":"[Game 860] Range: 2-8 | Median/Mean: 4.0 / 3.608 | Fail: 0.465%\n"}
,{"stream_name":"stdout","time":88.339343328,"data":"[Game 870] Range: 2-8 | Median/Mean: 4.0 / 3.609 | Fail: 0.575%\n"}
,{"stream_name":"stdout","time":89.119420424,"data":"[Game 880] Range: 2-8 | Median/Mean: 4.0 / 3.607 | Fail: 0.568%\n"}
,{"stream_name":"stdout","time":90.071113164,"data":"[Game 890] Range: 2-8 | Median/Mean: 4.0 / 3.608 | Fail: 0.562%\n"}
,{"stream_name":"stdout","time":91.082470562,"data":"[Game 900] Range: 2-8 | Median/Mean: 4.0 / 3.610 | Fail: 0.556%\n"}
,{"stream_name":"stdout","time":91.918698256,"data":"[Game 910] Range: 2-8 | Median/Mean: 4.0 / 3.611 | Fail: 0.549%\n"}
,{"stream_name":"stdout","time":92.848906256,"data":"[Game 920] Range: 2-8 | Median/Mean: 4.0 / 3.612 | Fail: 0.543%\n"}
,{"stream_name":"stdout","time":93.7023201,"data":"[Game 930] Range: 2-8 | Median/Mean: 4.0 / 3.613 | Fail: 0.538%\n"}
,{"stream_name":"stdout","time":94.759967516,"data":"[Game 940] Range: 2-8 | Median/Mean: 4.0 / 3.619 | Fail: 0.532%\n"}
,{"stream_name":"stdout","time":95.717981666,"data":"[Game 950] Range: 2-8 | Median/Mean: 4.0 / 3.620 | Fail: 0.526%\n"}
,{"stream_name":"stdout","time":96.679910906,"data":"[Game 960] Range: 2-8 | Median/Mean: 4.0 / 3.625 | Fail: 0.521%\n"}
,{"stream_name":"stdout","time":97.591799437,"data":"[Game 970] Range: 2-8 | Median/Mean: 4.0 / 3.624 | Fail: 0.515%\n"}
,{"stream_name":"stdout","time":98.593008675,"data":"[Game 980] Range: 2-8 | Median/Mean: 4.0 / 3.627 | Fail: 0.510%\n"}
,{"stream_name":"stdout","time":99.70464466,"data":"[Game 990] Range: 2-8 | Median/Mean: 4.0 / 3.631 | Fail: 0.505%\n"}
,{"stream_name":"stdout","time":100.622351562,"data":"[Game 1000] Range: 2-8 | Median/Mean: 4.0 / 3.632 | Fail: 0.500%\n"}
,{"stream_name":"stdout","time":101.645435599,"data":"[Game 1010] Range: 2-8 | Median/Mean: 4.0 / 3.639 | Fail: 0.495%\n"}
,{"stream_name":"stdout","time":102.606454429,"data":"[Game 1020] Range: 2-8 | Median/Mean: 4.0 / 3.642 | Fail: 0.490%\n"}
,{"stream_name":"stdout","time":103.52554581,"data":"[Game 1030] Range: 2-8 | Median/Mean: 4.0 / 3.643 | Fail: 0.485%\n"}
,{"stream_name":"stdout","time":104.443709322,"data":"[Game 1040] Range: 2-8 | Median/Mean: 4.0 / 3.645 | Fail: 0.481%\n"}
,{"stream_name":"stdout","time":105.44716592,"data":"[Game 1050] Range: 2-8 | Median/Mean: 4.0 / 3.650 | Fail: 0.476%\n"}
,{"stream_name":"stdout","time":106.335485392,"data":"[Game 1060] Range: 2-8 | Median/Mean: 4.0 / 3.651 | Fail: 0.472%\n"}
,{"stream_name":"stdout","time":107.299681112,"data":"[Game 1070] Range: 2-8 | Median/Mean: 4.0 / 3.652 | Fail: 0.467%\n"}
,{"stream_name":"stdout","time":108.208422253,"data":"[Game 1080] Range: 2-8 | Median/Mean: 4.0 / 3.655 | Fail: 0.556%\n"}
,{"stream_name":"stdout","time":109.228498711,"data":"[Game 1090] Range: 2-8 | Median/Mean: 4.0 / 3.661 | Fail: 0.642%\n"}
,{"stream_name":"stdout","time":110.117507353,"data":"[Game 1100] Range: 2-8 | Median/Mean: 4.0 / 3.659 | Fail: 0.636%\n"}
,{"stream_name":"stdout","time":111.012140604,"data":"[Game 1110] Range: 2-8 | Median/Mean: 4.0 / 3.659 | Fail: 0.631%\n"}
,{"stream_name":"stdout","time":111.827287059,"data":"[Game 1120] Range: 2-8 | Median/Mean: 4.0 / 3.657 | Fail: 0.625%\n"}
,{"stream_name":"stdout","time":112.604121665,"data":"[Game 1130] Range: 2-8 | Median/Mean: 4.0 / 3.654 | Fail: 0.619%\n"}
,{"stream_name":"stdout","time":113.575797604,"data":"[Game 1140] Range: 2-8 | Median/Mean: 4.0 / 3.655 | Fail: 0.702%\n"}
,{"stream_name":"stdout","time":114.432865717,"data":"[Game 1150] Range: 2-8 | Median/Mean: 4.0 / 3.657 | Fail: 0.696%\n"}
,{"stream_name":"stdout","time":115.29415051,"data":"[Game 1160] Range: 2-8 | Median/Mean: 4.0 / 3.658 | Fail: 0.690%\n"}
,{"stream_name":"stdout","time":116.029833467,"data":"[Game 1170] Range: 2-8 | Median/Mean: 4.0 / 3.655 | Fail: 0.684%\n"}
,{"stream_name":"stdout","time":116.87951944,"data":"[Game 1180] Range: 2-8 | Median/Mean: 4.0 / 3.653 | Fail: 0.678%\n"}
,{"stream_name":"stdout","time":117.870520019,"data":"[Game 1190] Range: 2-8 | Median/Mean: 4.0 / 3.657 | Fail: 0.672%\n"}
,{"stream_name":"stdout","time":118.645961444,"data":"[Game 1200] Range: 2-8 | Median/Mean: 4.0 / 3.655 | Fail: 0.667%\n"}
,{"stream_name":"stdout","time":119.41317973,"data":"[Game 1210] Range: 2-8 | Median/Mean: 4.0 / 3.652 | Fail: 0.661%\n"}
,{"stream_name":"stdout","time":120.282474533,"data":"[Game 1220] Range: 2-8 | Median/Mean: 4.0 / 3.653 | Fail: 0.656%\n"}
,{"stream_name":"stdout","time":121.380122468,"data":"[Game 1230] Range: 2-8 | Median/Mean: 4.0 / 3.659 | Fail: 0.732%\n"}
,{"stream_name":"stdout","time":122.130244205,"data":"[Game 1240] Range: 2-8 | Median/Mean: 4.0 / 3.660 | Fail: 0.726%\n"}
,{"stream_name":"stdout","time":122.769498505,"data":"[Game 1250] Range: 2-8 | Median/Mean: 4.0 / 3.662 | Fail: 0.720%\n"}
,{"stream_name":"stdout","time":123.430478554,"data":"[Game 1260] Range: 2-8 | Median/Mean: 4.0 / 3.662 | Fail: 0.794%\n"}
,{"stream_name":"stdout","time":124.070412753,"data":"[Game 1270] Range: 2-8 | Median/Mean: 4.0 / 3.659 | Fail: 0.787%\n"}
,{"stream_name":"stdout","time":124.900014247,"data":"[Game 1280] Range: 2-8 | Median/Mean: 4.0 / 3.659 | Fail: 0.781%\n"}
,{"stream_name":"stdout","time":125.694900392,"data":"[Game 1290] Range: 2-8 | Median/Mean: 4.0 / 3.658 | Fail: 0.775%\n"}
,{"stream_name":"stdout","time":126.552483955,"data":"[Game 1300] Range: 2-8 | Median/Mean: 4.0 / 3.658 | Fail: 0.769%\n"}
,{"stream_name":"stdout","time":127.136500227,"data":"[Game 1310] Range: 2-8 | Median/Mean: 4.0 / 3.658 | Fail: 0.763%\n"}
,{"stream_name":"stdout","time":127.857417874,"data":"[Game 1320] Range: 2-8 | Median/Mean: 4.0 / 3.658 | Fail: 0.758%\n"}
,{"stream_name":"stdout","time":128.581772971,"data":"[Game 1330] Range: 2-8 | Median/Mean: 4.0 / 3.660 | Fail: 0.752%\n"}
,{"stream_name":"stdout","time":129.543673241,"data":"[Game 1340] Range: 2-8 | Median/Mean: 4.0 / 3.662 | Fail: 0.746%\n"}
,{"stream_name":"stdout","time":130.488149491,"data":"[Game 1350] Range: 2-8 | Median/Mean: 4.0 / 3.663 | Fail: 0.741%\n"}
,{"stream_name":"stdout","time":131.429468972,"data":"[Game 1360] Range: 2-8 | Median/Mean: 4.0 / 3.663 | Fail: 0.735%\n"}
,{"stream_name":"stdout","time":132.413068041,"data":"[Game 1370] Range: 2-8 | Median/Mean: 4.0 / 3.666 | Fail: 0.730%\n"}
,{"stream_name":"stdout","time":133.288123343,"data":"[Game 1380] Range: 2-8 | Median/Mean: 4.0 / 3.666 | Fail: 0.725%\n"}
,{"stream_name":"stdout","time":134.294876382,"data":"[Game 1390] Range: 2-8 | Median/Mean: 4.0 / 3.667 | Fail: 0.719%\n"}
,{"stream_name":"stdout","time":135.074974167,"data":"[Game 1400] Range: 2-8 | Median/Mean: 4.0 / 3.666 | Fail: 0.714%\n"}
,{"stream_name":"stdout","time":136.014554128,"data":"[Game 1410] Range: 2-8 | Median/Mean: 4.0 / 3.665 | Fail: 0.709%\n"}
,{"stream_name":"stdout","time":136.88192491,"data":"[Game 1420] Range: 2-8 | Median/Mean: 4.0 / 3.667 | Fail: 0.704%\n"}
,{"stream_name":"stdout","time":137.803084381,"data":"[Game 1430] Range: 2-8 | Median/Mean: 4.0 / 3.669 | Fail: 0.699%\n"}
,{"stream_name":"stdout","time":138.723447563,"data":"[Game 1440] Range: 2-8 | Median/Mean: 4.0 / 3.669 | Fail: 0.694%\n"}
,{"stream_name":"stdout","time":139.900902966,"data":"[Game 1450] Range: 2-8 | Median/Mean: 4.0 / 3.674 | Fail: 0.690%\n"}
,{"stream_name":"stdout","time":140.674573481,"data":"[Game 1460] Range: 2-8 | Median/Mean: 4.0 / 3.673 | Fail: 0.685%\n"}
,{"stream_name":"stdout","time":141.615605992,"data":"[Game 1470] Range: 2-8 | Median/Mean: 4.0 / 3.674 | Fail: 0.680%\n"}
,{"stream_name":"stdout","time":142.505949144,"data":"[Game 1480] Range: 2-8 | Median/Mean: 4.0 / 3.673 | Fail: 0.676%\n"}
,{"stream_name":"stdout","time":143.26099255,"data":"[Game 1490] Range: 2-8 | Median/Mean: 4.0 / 3.672 | Fail: 0.671%\n"}
,{"stream_name":"stdout","time":144.144474342,"data":"[Game 1500] Range: 2-8 | Median/Mean: 4.0 / 3.673 | Fail: 0.667%\n"}
,{"stream_name":"stdout","time":145.215258408,"data":"[Game 1510] Range: 2-8 | Median/Mean: 4.0 / 3.674 | Fail: 0.662%\n"}
,{"stream_name":"stdout","time":146.10300074,"data":"[Game 1520] Range: 2-8 | Median/Mean: 4.0 / 3.676 | Fail: 0.658%\n"}
,{"stream_name":"stdout","time":147.013675732,"data":"[Game 1530] Range: 2-8 | Median/Mean: 4.0 / 3.677 | Fail: 0.654%\n"}
,{"stream_name":"stdout","time":147.954651692,"data":"[Game 1540] Range: 2-8 | Median/Mean: 4.0 / 3.678 | Fail: 0.649%\n"}
,{"stream_name":"stdout","time":148.65627554,"data":"[Game 1550] Range: 2-8 | Median/Mean: 4.0 / 3.678 | Fail: 0.645%\n"}
,{"stream_name":"stdout","time":149.443852465,"data":"[Game 1560] Range: 2-8 | Median/Mean: 4.0 / 3.677 | Fail: 0.641%\n"}
,{"stream_name":"stdout","time":150.278350109,"data":"[Game 1570] Range: 2-8 | Median/Mean: 4.0 / 3.679 | Fail: 0.701%\n"}
,{"stream_name":"stdout","time":151.276231068,"data":"[Game 1580] Range: 2-8 | Median/Mean: 4.0 / 3.682 | Fail: 0.696%\n"}
,{"stream_name":"stdout","time":152.207375138,"data":"[Game 1590] Range: 2-8 | Median/Mean: 4.0 / 3.682 | Fail: 0.692%\n"}
,{"stream_name":"stdout","time":153.145889489,"data":"[Game 1600] Range: 2-8 | Median/Mean: 4.0 / 3.684 | Fail: 0.688%\n"}
,{"stream_name":"stdout","time":154.155010707,"data":"[Game 1610] Range: 2-8 | Median/Mean: 4.0 / 3.688 | Fail: 0.683%\n"}
,{"stream_name":"stdout","time":154.911126293,"data":"[Game 1620] Range: 2-8 | Median/Mean: 4.0 / 3.686 | Fail: 0.679%\n"}
,{"stream_name":"stdout","time":155.774692766,"data":"[Game 1630] Range: 2-8 | Median/Mean: 4.0 / 3.685 | Fail: 0.675%\n"}
,{"stream_name":"stdout","time":156.717772906,"data":"[Game 1640] Range: 2-8 | Median/Mean: 4.0 / 3.688 | Fail: 0.671%\n"}
,{"stream_name":"stdout","time":157.709080655,"data":"[Game 1650] Range: 2-8 | Median/Mean: 4.0 / 3.690 | Fail: 0.667%\n"}
,{"stream_name":"stdout","time":158.733271123,"data":"[Game 1660] Range: 2-8 | Median/Mean: 4.0 / 3.691 | Fail: 0.663%\n"}
,{"stream_name":"stdout","time":159.379976743,"data":"[Game 1670] Range: 2-8 | Median/Mean: 4.0 / 3.691 | Fail: 0.659%\n"}
,{"stream_name":"stdout","time":160.11463667,"data":"[Game 1680] Range: 2-8 | Median/Mean: 4.0 / 3.693 | Fail: 0.655%\n"}
,{"stream_name":"stdout","time":160.814217588,"data":"[Game 1690] Range: 2-8 | Median/Mean: 4.0 / 3.693 | Fail: 0.710%\n"}
,{"stream_name":"stdout","time":161.429901118,"data":"[Game 1700] Range: 2-8 | Median/Mean: 4.0 / 3.694 | Fail: 0.706%\n"}
,{"stream_name":"stdout","time":162.090546428,"data":"[Game 1710] Range: 2-8 | Median/Mean: 4.0 / 3.695 | Fail: 0.702%\n"}
,{"stream_name":"stdout","time":162.683638029,"data":"[Game 1720] Range: 2-8 | Median/Mean: 4.0 / 3.695 | Fail: 0.756%\n"}
,{"stream_name":"stdout","time":163.509206343,"data":"[Game 1730] Range: 2-8 | Median/Mean: 4.0 / 3.697 | Fail: 0.751%\n"}
,{"stream_name":"stdout","time":164.758272124,"data":"[Game 1740] Range: 2-8 | Median/Mean: 4.0 / 3.701 | Fail: 0.805%\n"}
,{"stream_name":"stdout","time":165.592276558,"data":"[Game 1750] Range: 2-8 | Median/Mean: 4.0 / 3.701 | Fail: 0.800%\n"}
,{"stream_name":"stdout","time":166.449628391,"data":"[Game 1760] Range: 2-8 | Median/Mean: 4.0 / 3.700 | Fail: 0.795%\n"}
,{"stream_name":"stdout","time":167.200425387,"data":"[Game 1770] Range: 2-8 | Median/Mean: 4.0 / 3.699 | Fail: 0.791%\n"}
,{"stream_name":"stdout","time":167.892672605,"data":"[Game 1780] Range: 2-8 | Median/Mean: 4.0 / 3.699 | Fail: 0.787%\n"}
,{"stream_name":"stdout","time":168.525104455,"data":"[Game 1790] Range: 2-8 | Median/Mean: 4.0 / 3.700 | Fail: 0.782%\n"}
,{"stream_name":"stdout","time":169.270505302,"data":"[Game 1800] Range: 2-8 | Median/Mean: 4.0 / 3.700 | Fail: 0.778%\n"}
,{"stream_name":"stdout","time":169.95820087,"data":"[Game 1810] Range: 2-8 | Median/Mean: 4.0 / 3.703 | Fail: 0.773%\n"}
,{"stream_name":"stdout","time":170.795117854,"data":"[Game 1820] Range: 2-8 | Median/Mean: 4.0 / 3.702 | Fail: 0.769%\n"}
,{"stream_name":"stdout","time":171.814731212,"data":"[Game 1830] Range: 2-8 | Median/Mean: 4.0 / 3.703 | Fail: 0.765%\n"}
,{"stream_name":"stdout","time":172.552347559,"data":"[Game 1840] Range: 2-8 | Median/Mean: 4.0 / 3.701 | Fail: 0.761%\n"}
,{"stream_name":"stdout","time":173.654662444,"data":"[Game 1850] Range: 2-8 | Median/Mean: 4.0 / 3.704 | Fail: 0.757%\n"}
,{"stream_name":"stdout","time":174.611369584,"data":"[Game 1860] Range: 2-8 | Median/Mean: 4.0 / 3.705 | Fail: 0.806%\n"}
,{"stream_name":"stdout","time":175.482164976,"data":"[Game 1870] Range: 2-8 | Median/Mean: 4.0 / 3.705 | Fail: 0.802%\n"}
,{"stream_name":"stdout","time":176.505351654,"data":"[Game 1880] Range: 2-8 | Median/Mean: 4.0 / 3.707 | Fail: 0.798%\n"}
,{"stream_name":"stdout","time":177.542124734,"data":"[Game 1890] Range: 2-8 | Median/Mean: 4.0 / 3.711 | Fail: 0.794%\n"}
,{"stream_name":"stdout","time":178.508174,"data":"[Game 1900] Range: 2-8 | Median/Mean: 4.0 / 3.711 | Fail: 0.789%\n"}
,{"stream_name":"stdout","time":179.522910994,"data":"[Game 1910] Range: 2-8 | Median/Mean: 4.0 / 3.714 | Fail: 0.785%\n"}
,{"stream_name":"stdout","time":180.4721877,"data":"[Game 1920] Range: 2-8 | Median/Mean: 4.0 / 3.715 | Fail: 0.781%\n"}
,{"stream_name":"stdout","time":181.352003548,"data":"[Game 1930] Range: 2-8 | Median/Mean: 4.0 / 3.715 | Fail: 0.777%\n"}
,{"stream_name":"stdout","time":182.230696176,"data":"[Game 1940] Range: 2-8 | Median/Mean: 4.0 / 3.714 | Fail: 0.773%\n"}
,{"stream_name":"stdout","time":183.179788332,"data":"[Game 1950] Range: 2-8 | Median/Mean: 4.0 / 3.716 | Fail: 0.769%\n"}
,{"stream_name":"stdout","time":184.300673674,"data":"[Game 1960] Range: 2-8 | Median/Mean: 4.0 / 3.720 | Fail: 0.765%\n"}
,{"stream_name":"stdout","time":185.216451411,"data":"[Game 1970] Range: 2-8 | Median/Mean: 4.0 / 3.721 | Fail: 0.761%\n"}
,{"stream_name":"stdout","time":186.249079106,"data":"[Game 1980] Range: 2-8 | Median/Mean: 4.0 / 3.724 | Fail: 0.758%\n"}
,{"stream_name":"stdout","time":187.091726174,"data":"[Game 1990] Range: 2-8 | Median/Mean: 4.0 / 3.724 | Fail: 0.754%\n"}
,{"stream_name":"stdout","time":188.05670384,"data":"[Game 2000] Range: 2-8 | Median/Mean: 4.0 / 3.725 | Fail: 0.800%\n"}
,{"stream_name":"stdout","time":189.074507485,"data":"[Game 2010] Range: 2-8 | Median/Mean: 4.0 / 3.727 | Fail: 0.796%\n"}
,{"stream_name":"stdout","time":190.019043991,"data":"[Game 2020] Range: 2-8 | Median/Mean: 4.0 / 3.729 | Fail: 0.792%\n"}
,{"stream_name":"stdout","time":190.965992337,"data":"[Game 2030] Range: 2-8 | Median/Mean: 4.0 / 3.729 | Fail: 0.788%\n"}
,{"stream_name":"stdout","time":192.03399561,"data":"[Game 2040] Range: 2-8 | Median/Mean: 4.0 / 3.733 | Fail: 0.833%\n"}
,{"stream_name":"stdout","time":193.145532762,"data":"[Game 2050] Range: 2-8 | Median/Mean: 4.0 / 3.735 | Fail: 0.829%\n"}
,{"stream_name":"stdout","time":193.998946601,"data":"[Game 2060] Range: 2-8 | Median/Mean: 4.0 / 3.736 | Fail: 0.825%\n"}
,{"stream_name":"stdout","time":195.050650635,"data":"[Game 2070] Range: 2-8 | Median/Mean: 4.0 / 3.739 | Fail: 0.821%\n"}
,{"stream_name":"stdout","time":196.03832094,"data":"[Game 2080] Range: 2-8 | Median/Mean: 4.0 / 3.741 | Fail: 0.865%\n"}
,{"stream_name":"stdout","time":196.8388271,"data":"[Game 2090] Range: 2-8 | Median/Mean: 4.0 / 3.740 | Fail: 0.861%\n"}
,{"stream_name":"stdout","time":197.885677063,"data":"[Game 2100] Range: 2-8 | Median/Mean: 4.0 / 3.743 | Fail: 0.905%\n"}
,{"stream_name":"stdout","time":198.82467687,"data":"[Game 2110] Range: 2-8 | Median/Mean: 4.0 / 3.745 | Fail: 0.900%\n"}
,{"stream_name":"stdout","time":199.816255445,"data":"[Game 2120] Range: 2-8 | Median/Mean: 4.0 / 3.746 | Fail: 0.896%\n"}
,{"stream_name":"stdout","time":200.936621346,"data":"[Game 2130] Range: 2-8 | Median/Mean: 4.0 / 3.747 | Fail: 0.939%\n"}
,{"stream_name":"stdout","time":202.028687419,"data":"[Game 2140] Range: 2-8 | Median/Mean: 4.0 / 3.751 | Fail: 0.935%\n"}
,{"stream_name":"stdout","time":203.130615612,"data":"[Game 2150] Range: 2-8 | Median/Mean: 4.0 / 3.753 | Fail: 0.930%\n"}
,{"stream_name":"stdout","time":204.191777785,"data":"[Game 2160] Range: 2-8 | Median/Mean: 4.0 / 3.755 | Fail: 0.926%\n"}
,{"stream_name":"stdout","time":205.501617782,"data":"[Game 2170] Range: 2-8 | Median/Mean: 4.0 / 3.759 | Fail: 0.922%\n"}
,{"stream_name":"stdout","time":206.477959508,"data":"[Game 2180] Range: 2-8 | Median/Mean: 4.0 / 3.759 | Fail: 0.917%\n"}
,{"stream_name":"stdout","time":207.391181335,"data":"[Game 2190] Range: 2-8 | Median/Mean: 4.0 / 3.759 | Fail: 0.913%\n"}
,{"stream_name":"stdout","time":208.529258236,"data":"[Game 2200] Range: 2-8 | Median/Mean: 4.0 / 3.762 | Fail: 0.909%\n"}
,{"stream_name":"stdout","time":209.56169561,"data":"[Game 2210] Range: 2-8 | Median/Mean: 4.0 / 3.764 | Fail: 0.905%\n"}
,{"stream_name":"stdout","time":210.718466521,"data":"[Game 2220] Range: 2-8 | Median/Mean: 4.0 / 3.767 | Fail: 0.946%\n"}
,{"stream_name":"stdout","time":211.646070228,"data":"[Game 2230] Range: 2-8 | Median/Mean: 4.0 / 3.768 | Fail: 0.987%\n"}
,{"stream_name":"stdout","time":212.587316854,"data":"[Game 2240] Range: 2-8 | Median/Mean: 4.0 / 3.770 | Fail: 0.982%\n"}
,{"stream_name":"stdout","time":213.511265131,"data":"[Game 2250] Range: 2-8 | Median/Mean: 4.0 / 3.771 | Fail: 0.978%\n"}
,{"stream_name":"stdout","time":214.602857304,"data":"[Game 2260] Range: 2-8 | Median/Mean: 4.0 / 3.773 | Fail: 1.062%\n"}
,{"stream_name":"stdout","time":215.517134451,"data":"[Game 2270] Range: 2-8 | Median/Mean: 4.0 / 3.773 | Fail: 1.057%\n"}
,{"stream_name":"stdout","time":216.387152069,"data":"[Game 2280] Range: 2-8 | Median/Mean: 4.0 / 3.774 | Fail: 1.053%\n"}
,{"stream_name":"stdout","time":217.412821244,"data":"[Game 2290] Range: 2-8 | Median/Mean: 4.0 / 3.779 | Fail: 1.135%\n"}
,{"stream_name":"stdout","time":218.016168188,"data":"[Game 2300] Range: 2-8 | Median/Mean: 4.0 / 3.778 | Fail: 1.174%\n"}
,{"stream_name":"stdout","time":218.665980772,"data":"[Game 2310] Range: 2-8 | Median/Mean: 4.0 / 3.779 | Fail: 1.169%\n"}
,{"stream_name":"stdout","time":219.404892254,"data":"Summary:\n"}
,{"stream_name":"stdout","time":219.416267343,"data":"Distribution across steps:\n"}
,{"stream_name":"stdout","time":219.424021583,"data":"Key Metrics:\n"}
,{"stream_name":"stderr","time":222.73133252,"data":"/opt/conda/lib/python3.7/site-packages/traitlets/traitlets.py:2567: FutureWarning: --Exporter.preprocessors=[\"remove_papermill_header.RemovePapermillHeader\"] for containers is deprecated in traitlets 5.0. You can pass `--Exporter.preprocessors item` ... multiple times to add items to a list.\n"}
,{"stream_name":"stderr","time":222.73143251,"data":"  FutureWarning,\n"}
,{"stream_name":"stderr","time":222.73143902,"data":"[NbConvertApp] Converting notebook __notebook__.ipynb to notebook\n"}
,{"stream_name":"stderr","time":223.068994642,"data":"[NbConvertApp] Writing 32480 bytes to __notebook__.ipynb\n"}
,{"stream_name":"stderr","time":225.268024867,"data":"/opt/conda/lib/python3.7/site-packages/traitlets/traitlets.py:2567: FutureWarning: --Exporter.preprocessors=[\"nbconvert.preprocessors.ExtractOutputPreprocessor\"] for containers is deprecated in traitlets 5.0. You can pass `--Exporter.preprocessors item` ... multiple times to add items to a list.\n"}
,{"stream_name":"stderr","time":225.268279476,"data":"  FutureWarning,\n"}
,{"stream_name":"stderr","time":225.268369336,"data":"[NbConvertApp] Converting notebook __notebook__.ipynb to html\n"}
,{"stream_name":"stderr","time":225.832832082,"data":"[NbConvertApp] Writing 306873 bytes to __results__.html\n"}
]