[{"stream_name":"stderr","time":12.731363938,"data":"/opt/conda/lib/python3.7/site-packages/papermill/iorw.py:50: FutureWarning: pyarrow.HadoopFileSystem is deprecated as of 2.0.0, please use pyarrow.fs.HadoopFileSystem instead.\n"}
,{"stream_name":"stderr","time":12.731792262,"data":"  from pyarrow import HadoopFileSystem\n"}
,{"stream_name":"stdout","time":13.749462718,"data":"[ ---------- TALES ----------]\n"}
,{"stream_name":"stdout","time":14.725523901,"data":"[Game 10] Range: 3-4 | Median/Mean: 4.0 / 3.700 | Fail: 0.000%\n"}
,{"stream_name":"stdout","time":15.748693468,"data":"[Game 20] Range: 3-5 | Median/Mean: 4.0 / 3.700 | Fail: 0.000%\n"}
,{"stream_name":"stdout","time":16.843754734,"data":"[Game 30] Range: 3-5 | Median/Mean: 4.0 / 3.700 | Fail: 0.000%\n"}
,{"stream_name":"stdout","time":17.790437041,"data":"[Game 40] Range: 3-6 | Median/Mean: 4.0 / 3.675 | Fail: 0.000%\n"}
,{"stream_name":"stdout","time":18.843481288,"data":"[Game 50] Range: 3-6 | Median/Mean: 4.0 / 3.660 | Fail: 0.000%\n"}
,{"stream_name":"stdout","time":19.673613829,"data":"[Game 60] Range: 3-6 | Median/Mean: 4.0 / 3.617 | Fail: 0.000%\n"}
,{"stream_name":"stdout","time":20.69048338,"data":"[Game 70] Range: 2-7 | Median/Mean: 4.0 / 3.643 | Fail: 1.429%\n"}
,{"stream_name":"stdout","time":21.45047634,"data":"[Game 80] Range: 2-7 | Median/Mean: 4.0 / 3.600 | Fail: 1.250%\n"}
,{"stream_name":"stdout","time":22.296837679,"data":"[Game 90] Range: 2-7 | Median/Mean: 4.0 / 3.589 | Fail: 1.111%\n"}
,{"stream_name":"stdout","time":23.096914187,"data":"[Game 100] Range: 2-7 | Median/Mean: 3.5 / 3.570 | Fail: 1.000%\n"}
,{"stream_name":"stdout","time":24.040360443,"data":"[Game 110] Range: 2-7 | Median/Mean: 3.5 / 3.582 | Fail: 0.909%\n"}
,{"stream_name":"stdout","time":25.020351899,"data":"[Game 120] Range: 2-7 | Median/Mean: 3.5 / 3.600 | Fail: 1.667%\n"}
,{"stream_name":"stdout","time":25.875121435,"data":"[Game 130] Range: 2-7 | Median/Mean: 3.0 / 3.592 | Fail: 1.538%\n"}
,{"stream_name":"stdout","time":26.824761919,"data":"[Game 140] Range: 2-7 | Median/Mean: 4.0 / 3.614 | Fail: 1.429%\n"}
,{"stream_name":"stdout","time":27.68668793,"data":"[Game 150] Range: 2-7 | Median/Mean: 4.0 / 3.607 | Fail: 1.333%\n"}
,{"stream_name":"stdout","time":28.620530273,"data":"[Game 160] Range: 2-7 | Median/Mean: 4.0 / 3.606 | Fail: 1.250%\n"}
,{"stream_name":"stdout","time":29.384895838,"data":"[Game 170] Range: 2-7 | Median/Mean: 3.0 / 3.576 | Fail: 1.176%\n"}
,{"stream_name":"stdout","time":30.060237344,"data":"[Game 180] Range: 2-7 | Median/Mean: 3.0 / 3.550 | Fail: 1.111%\n"}
,{"stream_name":"stdout","time":31.022500657,"data":"[Game 190] Range: 2-7 | Median/Mean: 3.0 / 3.547 | Fail: 1.053%\n"}
,{"stream_name":"stdout","time":31.773014572,"data":"[Game 200] Range: 2-7 | Median/Mean: 3.0 / 3.540 | Fail: 1.000%\n"}
,{"stream_name":"stdout","time":32.604846619,"data":"[Game 210] Range: 2-7 | Median/Mean: 3.0 / 3.533 | Fail: 0.952%\n"}
,{"stream_name":"stdout","time":33.425696585,"data":"[Game 220] Range: 2-7 | Median/Mean: 3.0 / 3.523 | Fail: 0.909%\n"}
,{"stream_name":"stdout","time":34.319461639,"data":"[Game 230] Range: 2-7 | Median/Mean: 3.0 / 3.513 | Fail: 0.870%\n"}
,{"stream_name":"stdout","time":35.080544351,"data":"[Game 240] Range: 2-7 | Median/Mean: 3.0 / 3.500 | Fail: 0.833%\n"}
,{"stream_name":"stdout","time":35.908538504,"data":"[Game 250] Range: 2-7 | Median/Mean: 3.0 / 3.504 | Fail: 0.800%\n"}
,{"stream_name":"stdout","time":36.77054911,"data":"[Game 260] Range: 2-7 | Median/Mean: 3.0 / 3.492 | Fail: 0.769%\n"}
,{"stream_name":"stdout","time":37.465923397,"data":"[Game 270] Range: 2-7 | Median/Mean: 3.0 / 3.474 | Fail: 0.741%\n"}
,{"stream_name":"stdout","time":38.015793437,"data":"[Game 280] Range: 2-7 | Median/Mean: 3.0 / 3.450 | Fail: 0.714%\n"}
,{"stream_name":"stdout","time":38.995585008,"data":"[Game 290] Range: 2-7 | Median/Mean: 3.0 / 3.469 | Fail: 0.690%\n"}
,{"stream_name":"stdout","time":39.872354997,"data":"[Game 300] Range: 2-7 | Median/Mean: 3.0 / 3.470 | Fail: 0.667%\n"}
,{"stream_name":"stdout","time":40.814587143,"data":"[Game 310] Range: 2-7 | Median/Mean: 3.0 / 3.471 | Fail: 0.645%\n"}
,{"stream_name":"stdout","time":41.660610615,"data":"[Game 320] Range: 2-7 | Median/Mean: 3.0 / 3.472 | Fail: 0.625%\n"}
,{"stream_name":"stdout","time":42.377525673,"data":"[Game 330] Range: 2-7 | Median/Mean: 3.0 / 3.461 | Fail: 0.606%\n"}
,{"stream_name":"stdout","time":43.169331906,"data":"[Game 340] Range: 2-7 | Median/Mean: 3.0 / 3.456 | Fail: 0.588%\n"}
,{"stream_name":"stdout","time":44.020326298,"data":"[Game 350] Range: 2-7 | Median/Mean: 3.0 / 3.446 | Fail: 0.571%\n"}
,{"stream_name":"stdout","time":44.846178797,"data":"[Game 360] Range: 2-7 | Median/Mean: 3.0 / 3.439 | Fail: 0.556%\n"}
,{"stream_name":"stdout","time":45.754072482,"data":"[Game 370] Range: 2-7 | Median/Mean: 3.0 / 3.443 | Fail: 0.541%\n"}
,{"stream_name":"stdout","time":46.594141241,"data":"[Game 380] Range: 2-7 | Median/Mean: 3.0 / 3.439 | Fail: 0.526%\n"}
,{"stream_name":"stdout","time":47.527828708,"data":"[Game 390] Range: 2-7 | Median/Mean: 3.0 / 3.451 | Fail: 0.513%\n"}
,{"stream_name":"stdout","time":48.473202876,"data":"[Game 400] Range: 2-7 | Median/Mean: 3.0 / 3.458 | Fail: 0.500%\n"}
,{"stream_name":"stdout","time":49.37715628,"data":"[Game 410] Range: 2-7 | Median/Mean: 3.0 / 3.459 | Fail: 0.488%\n"}
,{"stream_name":"stdout","time":50.612954663,"data":"[Game 420] Range: 2-7 | Median/Mean: 3.0 / 3.481 | Fail: 0.476%\n"}
,{"stream_name":"stdout","time":51.513516352,"data":"[Game 430] Range: 2-7 | Median/Mean: 3.0 / 3.479 | Fail: 0.465%\n"}
,{"stream_name":"stdout","time":52.446360745,"data":"[Game 440] Range: 2-7 | Median/Mean: 3.0 / 3.482 | Fail: 0.455%\n"}
,{"stream_name":"stdout","time":53.288852914,"data":"[Game 450] Range: 2-7 | Median/Mean: 3.0 / 3.482 | Fail: 0.444%\n"}
,{"stream_name":"stdout","time":54.197824995,"data":"[Game 460] Range: 2-7 | Median/Mean: 3.0 / 3.483 | Fail: 0.435%\n"}
,{"stream_name":"stdout","time":54.994059748,"data":"[Game 470] Range: 2-7 | Median/Mean: 3.0 / 3.485 | Fail: 0.426%\n"}
,{"stream_name":"stdout","time":55.914868563,"data":"[Game 480] Range: 2-7 | Median/Mean: 3.0 / 3.490 | Fail: 0.417%\n"}
,{"stream_name":"stdout","time":56.82605158,"data":"[Game 490] Range: 2-7 | Median/Mean: 3.0 / 3.492 | Fail: 0.408%\n"}
,{"stream_name":"stdout","time":57.761950415,"data":"[Game 500] Range: 2-7 | Median/Mean: 3.0 / 3.494 | Fail: 0.400%\n"}
,{"stream_name":"stdout","time":58.545975627,"data":"[Game 510] Range: 2-7 | Median/Mean: 3.0 / 3.494 | Fail: 0.392%\n"}
,{"stream_name":"stdout","time":59.425795099,"data":"[Game 520] Range: 2-7 | Median/Mean: 3.0 / 3.496 | Fail: 0.385%\n"}
,{"stream_name":"stdout","time":60.112986521,"data":"[Game 530] Range: 2-7 | Median/Mean: 3.0 / 3.491 | Fail: 0.377%\n"}
,{"stream_name":"stdout","time":61.001499383,"data":"[Game 540] Range: 2-7 | Median/Mean: 3.0 / 3.489 | Fail: 0.370%\n"}
,{"stream_name":"stdout","time":61.773931693,"data":"[Game 550] Range: 2-7 | Median/Mean: 3.0 / 3.485 | Fail: 0.364%\n"}
,{"stream_name":"stdout","time":62.853604795,"data":"[Game 560] Range: 2-7 | Median/Mean: 3.0 / 3.493 | Fail: 0.357%\n"}
,{"stream_name":"stdout","time":63.76980829,"data":"[Game 570] Range: 2-7 | Median/Mean: 3.0 / 3.496 | Fail: 0.351%\n"}
,{"stream_name":"stdout","time":64.617193669,"data":"[Game 580] Range: 2-7 | Median/Mean: 3.0 / 3.495 | Fail: 0.345%\n"}
,{"stream_name":"stdout","time":65.671845774,"data":"[Game 590] Range: 2-7 | Median/Mean: 3.0 / 3.500 | Fail: 0.339%\n"}
,{"stream_name":"stdout","time":66.455488907,"data":"[Game 600] Range: 2-7 | Median/Mean: 3.0 / 3.497 | Fail: 0.333%\n"}
,{"stream_name":"stdout","time":67.335584994,"data":"[Game 610] Range: 2-7 | Median/Mean: 3.0 / 3.498 | Fail: 0.328%\n"}
,{"stream_name":"stdout","time":68.088234219,"data":"[Game 620] Range: 2-7 | Median/Mean: 3.0 / 3.495 | Fail: 0.323%\n"}
,{"stream_name":"stdout","time":68.993770648,"data":"[Game 630] Range: 2-7 | Median/Mean: 3.0 / 3.498 | Fail: 0.317%\n"}
,{"stream_name":"stdout","time":69.999299644,"data":"[Game 640] Range: 2-7 | Median/Mean: 3.0 / 3.502 | Fail: 0.312%\n"}
,{"stream_name":"stdout","time":70.882219015,"data":"[Game 650] Range: 2-7 | Median/Mean: 3.0 / 3.503 | Fail: 0.308%\n"}
,{"stream_name":"stdout","time":71.880390294,"data":"[Game 660] Range: 2-7 | Median/Mean: 3.0 / 3.508 | Fail: 0.303%\n"}
,{"stream_name":"stdout","time":72.807847208,"data":"[Game 670] Range: 2-7 | Median/Mean: 3.0 / 3.510 | Fail: 0.299%\n"}
,{"stream_name":"stdout","time":73.582477788,"data":"[Game 680] Range: 2-7 | Median/Mean: 3.0 / 3.507 | Fail: 0.294%\n"}
,{"stream_name":"stdout","time":74.512284988,"data":"[Game 690] Range: 2-7 | Median/Mean: 3.0 / 3.510 | Fail: 0.290%\n"}
,{"stream_name":"stdout","time":75.506630887,"data":"[Game 700] Range: 2-7 | Median/Mean: 3.0 / 3.516 | Fail: 0.286%\n"}
,{"stream_name":"stdout","time":76.39905755,"data":"[Game 710] Range: 2-7 | Median/Mean: 3.0 / 3.514 | Fail: 0.282%\n"}
,{"stream_name":"stdout","time":77.369838697,"data":"[Game 720] Range: 2-7 | Median/Mean: 3.0 / 3.518 | Fail: 0.278%\n"}
,{"stream_name":"stdout","time":78.348090749,"data":"[Game 730] Range: 2-7 | Median/Mean: 3.0 / 3.522 | Fail: 0.274%\n"}
,{"stream_name":"stdout","time":79.188104048,"data":"[Game 740] Range: 2-7 | Median/Mean: 3.0 / 3.522 | Fail: 0.270%\n"}
,{"stream_name":"stdout","time":80.093315757,"data":"[Game 750] Range: 2-7 | Median/Mean: 3.0 / 3.525 | Fail: 0.267%\n"}
,{"stream_name":"stdout","time":80.98261025,"data":"[Game 760] Range: 2-7 | Median/Mean: 3.0 / 3.526 | Fail: 0.263%\n"}
,{"stream_name":"stdout","time":81.885673954,"data":"[Game 770] Range: 2-7 | Median/Mean: 3.0 / 3.525 | Fail: 0.260%\n"}
,{"stream_name":"stdout","time":82.951639045,"data":"[Game 780] Range: 2-7 | Median/Mean: 3.0 / 3.533 | Fail: 0.256%\n"}
,{"stream_name":"stdout","time":83.825076035,"data":"[Game 790] Range: 2-7 | Median/Mean: 3.0 / 3.532 | Fail: 0.253%\n"}
,{"stream_name":"stdout","time":84.75872795,"data":"[Game 800] Range: 2-7 | Median/Mean: 3.0 / 3.535 | Fail: 0.250%\n"}
,{"stream_name":"stdout","time":85.674827887,"data":"[Game 810] Range: 2-7 | Median/Mean: 3.0 / 3.537 | Fail: 0.247%\n"}
,{"stream_name":"stdout","time":86.647954393,"data":"[Game 820] Range: 2-7 | Median/Mean: 3.0 / 3.540 | Fail: 0.244%\n"}
,{"stream_name":"stdout","time":87.543707839,"data":"[Game 830] Range: 2-7 | Median/Mean: 4.0 / 3.543 | Fail: 0.241%\n"}
,{"stream_name":"stdout","time":88.285601803,"data":"[Game 840] Range: 2-7 | Median/Mean: 4.0 / 3.542 | Fail: 0.238%\n"}
,{"stream_name":"stdout","time":89.288198531,"data":"[Game 850] Range: 2-7 | Median/Mean: 4.0 / 3.548 | Fail: 0.353%\n"}
,{"stream_name":"stdout","time":90.2155695,"data":"[Game 860] Range: 2-7 | Median/Mean: 4.0 / 3.551 | Fail: 0.349%\n"}
,{"stream_name":"stdout","time":91.288607819,"data":"[Game 870] Range: 2-7 | Median/Mean: 4.0 / 3.557 | Fail: 0.345%\n"}
,{"stream_name":"stdout","time":92.022955327,"data":"[Game 880] Range: 2-7 | Median/Mean: 4.0 / 3.555 | Fail: 0.341%\n"}
,{"stream_name":"stdout","time":93.007798761,"data":"[Game 890] Range: 2-7 | Median/Mean: 4.0 / 3.558 | Fail: 0.337%\n"}
,{"stream_name":"stdout","time":93.88028686,"data":"[Game 900] Range: 2-7 | Median/Mean: 4.0 / 3.560 | Fail: 0.333%\n"}
,{"stream_name":"stdout","time":94.798070518,"data":"[Game 910] Range: 2-7 | Median/Mean: 4.0 / 3.563 | Fail: 0.330%\n"}
,{"stream_name":"stdout","time":95.770061379,"data":"[Game 920] Range: 2-7 | Median/Mean: 4.0 / 3.566 | Fail: 0.326%\n"}
,{"stream_name":"stdout","time":96.552563379,"data":"[Game 930] Range: 2-7 | Median/Mean: 4.0 / 3.568 | Fail: 0.323%\n"}
,{"stream_name":"stdout","time":97.601743256,"data":"[Game 940] Range: 2-7 | Median/Mean: 4.0 / 3.571 | Fail: 0.319%\n"}
,{"stream_name":"stdout","time":98.42155453,"data":"[Game 950] Range: 2-7 | Median/Mean: 4.0 / 3.572 | Fail: 0.316%\n"}
,{"stream_name":"stdout","time":99.367596964,"data":"[Game 960] Range: 2-7 | Median/Mean: 4.0 / 3.573 | Fail: 0.312%\n"}
,{"stream_name":"stdout","time":100.395889904,"data":"[Game 970] Range: 2-7 | Median/Mean: 4.0 / 3.577 | Fail: 0.309%\n"}
,{"stream_name":"stdout","time":101.394722839,"data":"[Game 980] Range: 2-7 | Median/Mean: 4.0 / 3.580 | Fail: 0.306%\n"}
,{"stream_name":"stdout","time":102.211308954,"data":"[Game 990] Range: 2-7 | Median/Mean: 4.0 / 3.580 | Fail: 0.303%\n"}
,{"stream_name":"stdout","time":103.029495171,"data":"[Game 1000] Range: 2-7 | Median/Mean: 4.0 / 3.580 | Fail: 0.300%\n"}
,{"stream_name":"stdout","time":103.956462365,"data":"[Game 1010] Range: 2-7 | Median/Mean: 4.0 / 3.581 | Fail: 0.297%\n"}
,{"stream_name":"stdout","time":104.888449157,"data":"[Game 1020] Range: 2-7 | Median/Mean: 4.0 / 3.583 | Fail: 0.294%\n"}
,{"stream_name":"stdout","time":105.734134156,"data":"[Game 1030] Range: 2-7 | Median/Mean: 4.0 / 3.583 | Fail: 0.291%\n"}
,{"stream_name":"stdout","time":106.678496536,"data":"[Game 1040] Range: 2-7 | Median/Mean: 4.0 / 3.586 | Fail: 0.288%\n"}
,{"stream_name":"stdout","time":107.514389528,"data":"[Game 1050] Range: 2-7 | Median/Mean: 4.0 / 3.586 | Fail: 0.286%\n"}
,{"stream_name":"stdout","time":108.608408088,"data":"[Game 1060] Range: 2-7 | Median/Mean: 4.0 / 3.591 | Fail: 0.283%\n"}
,{"stream_name":"stdout","time":109.430691183,"data":"[Game 1070] Range: 2-7 | Median/Mean: 4.0 / 3.589 | Fail: 0.280%\n"}
,{"stream_name":"stdout","time":110.462158847,"data":"[Game 1080] Range: 2-7 | Median/Mean: 4.0 / 3.593 | Fail: 0.278%\n"}
,{"stream_name":"stdout","time":111.537839875,"data":"[Game 1090] Range: 2-7 | Median/Mean: 4.0 / 3.598 | Fail: 0.275%\n"}
,{"stream_name":"stdout","time":112.25413559,"data":"[Game 1100] Range: 2-7 | Median/Mean: 4.0 / 3.594 | Fail: 0.273%\n"}
,{"stream_name":"stdout","time":113.148703741,"data":"[Game 1110] Range: 2-7 | Median/Mean: 4.0 / 3.595 | Fail: 0.270%\n"}
,{"stream_name":"stdout","time":114.080375011,"data":"[Game 1120] Range: 2-7 | Median/Mean: 4.0 / 3.597 | Fail: 0.268%\n"}
,{"stream_name":"stdout","time":114.885092497,"data":"[Game 1130] Range: 2-7 | Median/Mean: 4.0 / 3.597 | Fail: 0.265%\n"}
,{"stream_name":"stdout","time":115.754948174,"data":"[Game 1140] Range: 2-7 | Median/Mean: 4.0 / 3.599 | Fail: 0.263%\n"}
,{"stream_name":"stdout","time":116.757186248,"data":"[Game 1150] Range: 2-7 | Median/Mean: 4.0 / 3.602 | Fail: 0.261%\n"}
,{"stream_name":"stdout","time":117.600216601,"data":"[Game 1160] Range: 2-7 | Median/Mean: 4.0 / 3.603 | Fail: 0.259%\n"}
,{"stream_name":"stdout","time":118.417056118,"data":"[Game 1170] Range: 2-7 | Median/Mean: 4.0 / 3.602 | Fail: 0.256%\n"}
,{"stream_name":"stdout","time":119.220865353,"data":"[Game 1180] Range: 2-7 | Median/Mean: 4.0 / 3.599 | Fail: 0.254%\n"}
,{"stream_name":"stdout","time":120.10498855,"data":"[Game 1190] Range: 2-7 | Median/Mean: 4.0 / 3.599 | Fail: 0.252%\n"}
,{"stream_name":"stdout","time":121.040516245,"data":"[Game 1200] Range: 2-7 | Median/Mean: 4.0 / 3.602 | Fail: 0.250%\n"}
,{"stream_name":"stdout","time":121.785436644,"data":"[Game 1210] Range: 2-7 | Median/Mean: 4.0 / 3.599 | Fail: 0.248%\n"}
,{"stream_name":"stdout","time":122.887492727,"data":"[Game 1220] Range: 2-7 | Median/Mean: 4.0 / 3.607 | Fail: 0.246%\n"}
,{"stream_name":"stdout","time":123.977709682,"data":"[Game 1230] Range: 2-7 | Median/Mean: 4.0 / 3.611 | Fail: 0.325%\n"}
,{"stream_name":"stdout","time":124.857970045,"data":"[Game 1240] Range: 2-7 | Median/Mean: 4.0 / 3.613 | Fail: 0.323%\n"}
,{"stream_name":"stdout","time":125.581049314,"data":"[Game 1250] Range: 2-7 | Median/Mean: 4.0 / 3.612 | Fail: 0.320%\n"}
,{"stream_name":"stdout","time":126.622226354,"data":"[Game 1260] Range: 2-7 | Median/Mean: 4.0 / 3.616 | Fail: 0.317%\n"}
,{"stream_name":"stdout","time":127.435671712,"data":"[Game 1270] Range: 2-7 | Median/Mean: 4.0 / 3.614 | Fail: 0.315%\n"}
,{"stream_name":"stdout","time":128.378631797,"data":"[Game 1280] Range: 2-7 | Median/Mean: 4.0 / 3.616 | Fail: 0.312%\n"}
,{"stream_name":"stdout","time":129.195443041,"data":"[Game 1290] Range: 2-7 | Median/Mean: 4.0 / 3.616 | Fail: 0.310%\n"}
,{"stream_name":"stdout","time":130.11042466,"data":"[Game 1300] Range: 2-7 | Median/Mean: 4.0 / 3.617 | Fail: 0.308%\n"}
,{"stream_name":"stdout","time":130.903988009,"data":"[Game 1310] Range: 2-7 | Median/Mean: 4.0 / 3.617 | Fail: 0.305%\n"}
,{"stream_name":"stdout","time":131.882620856,"data":"[Game 1320] Range: 2-7 | Median/Mean: 4.0 / 3.617 | Fail: 0.303%\n"}
,{"stream_name":"stdout","time":132.874901498,"data":"[Game 1330] Range: 2-7 | Median/Mean: 4.0 / 3.619 | Fail: 0.301%\n"}
,{"stream_name":"stdout","time":133.840181499,"data":"[Game 1340] Range: 2-7 | Median/Mean: 4.0 / 3.619 | Fail: 0.299%\n"}
,{"stream_name":"stdout","time":134.751445936,"data":"[Game 1350] Range: 2-7 | Median/Mean: 4.0 / 3.619 | Fail: 0.296%\n"}
,{"stream_name":"stdout","time":135.817727075,"data":"[Game 1360] Range: 2-7 | Median/Mean: 4.0 / 3.621 | Fail: 0.294%\n"}
,{"stream_name":"stdout","time":136.819420112,"data":"[Game 1370] Range: 2-7 | Median/Mean: 4.0 / 3.625 | Fail: 0.292%\n"}
,{"stream_name":"stdout","time":137.729815996,"data":"[Game 1380] Range: 2-7 | Median/Mean: 4.0 / 3.626 | Fail: 0.290%\n"}
,{"stream_name":"stdout","time":138.672886401,"data":"[Game 1390] Range: 2-7 | Median/Mean: 4.0 / 3.627 | Fail: 0.288%\n"}
,{"stream_name":"stdout","time":139.65873856,"data":"[Game 1400] Range: 2-7 | Median/Mean: 4.0 / 3.629 | Fail: 0.286%\n"}
,{"stream_name":"stdout","time":140.653843636,"data":"[Game 1410] Range: 2-7 | Median/Mean: 4.0 / 3.633 | Fail: 0.284%\n"}
,{"stream_name":"stdout","time":141.537488858,"data":"[Game 1420] Range: 2-7 | Median/Mean: 4.0 / 3.635 | Fail: 0.282%\n"}
,{"stream_name":"stdout","time":142.43541466,"data":"[Game 1430] Range: 2-7 | Median/Mean: 4.0 / 3.636 | Fail: 0.280%\n"}
,{"stream_name":"stdout","time":143.269265959,"data":"[Game 1440] Range: 2-7 | Median/Mean: 4.0 / 3.636 | Fail: 0.278%\n"}
,{"stream_name":"stdout","time":144.31046115,"data":"[Game 1450] Range: 2-7 | Median/Mean: 4.0 / 3.639 | Fail: 0.276%\n"}
,{"stream_name":"stdout","time":145.232996992,"data":"[Game 1460] Range: 2-7 | Median/Mean: 4.0 / 3.640 | Fail: 0.274%\n"}
,{"stream_name":"stdout","time":146.124695785,"data":"[Game 1470] Range: 2-7 | Median/Mean: 4.0 / 3.641 | Fail: 0.272%\n"}
,{"stream_name":"stdout","time":147.063327561,"data":"[Game 1480] Range: 2-7 | Median/Mean: 4.0 / 3.643 | Fail: 0.270%\n"}
,{"stream_name":"stdout","time":147.876747334,"data":"[Game 1490] Range: 2-7 | Median/Mean: 4.0 / 3.642 | Fail: 0.268%\n"}
,{"stream_name":"stdout","time":148.888217181,"data":"[Game 1500] Range: 2-7 | Median/Mean: 4.0 / 3.644 | Fail: 0.267%\n"}
,{"stream_name":"stdout","time":149.756404907,"data":"[Game 1510] Range: 2-7 | Median/Mean: 4.0 / 3.643 | Fail: 0.265%\n"}
,{"stream_name":"stdout","time":150.472660425,"data":"[Game 1520] Range: 2-7 | Median/Mean: 4.0 / 3.642 | Fail: 0.263%\n"}
,{"stream_name":"stdout","time":151.515924495,"data":"[Game 1530] Range: 2-7 | Median/Mean: 4.0 / 3.644 | Fail: 0.261%\n"}
,{"stream_name":"stdout","time":152.443681781,"data":"[Game 1540] Range: 2-7 | Median/Mean: 4.0 / 3.647 | Fail: 0.260%\n"}
,{"stream_name":"stdout","time":153.249490769,"data":"[Game 1550] Range: 2-7 | Median/Mean: 4.0 / 3.646 | Fail: 0.258%\n"}
,{"stream_name":"stdout","time":154.232185219,"data":"[Game 1560] Range: 2-7 | Median/Mean: 4.0 / 3.648 | Fail: 0.256%\n"}
,{"stream_name":"stdout","time":155.069751559,"data":"[Game 1570] Range: 2-7 | Median/Mean: 4.0 / 3.648 | Fail: 0.255%\n"}
,{"stream_name":"stdout","time":155.869382786,"data":"[Game 1580] Range: 2-7 | Median/Mean: 4.0 / 3.646 | Fail: 0.253%\n"}
,{"stream_name":"stdout","time":156.711902505,"data":"[Game 1590] Range: 2-7 | Median/Mean: 4.0 / 3.647 | Fail: 0.252%\n"}
,{"stream_name":"stdout","time":157.42955127,"data":"[Game 1600] Range: 2-7 | Median/Mean: 4.0 / 3.646 | Fail: 0.250%\n"}
,{"stream_name":"stdout","time":158.322434716,"data":"[Game 1610] Range: 2-7 | Median/Mean: 4.0 / 3.647 | Fail: 0.311%\n"}
,{"stream_name":"stdout","time":159.271699819,"data":"[Game 1620] Range: 2-7 | Median/Mean: 4.0 / 3.649 | Fail: 0.309%\n"}
,{"stream_name":"stdout","time":160.176145086,"data":"[Game 1630] Range: 2-7 | Median/Mean: 4.0 / 3.649 | Fail: 0.307%\n"}
,{"stream_name":"stdout","time":161.142438757,"data":"[Game 1640] Range: 2-7 | Median/Mean: 4.0 / 3.651 | Fail: 0.305%\n"}
,{"stream_name":"stdout","time":162.070022891,"data":"[Game 1650] Range: 2-7 | Median/Mean: 4.0 / 3.652 | Fail: 0.303%\n"}
,{"stream_name":"stdout","time":163.003083675,"data":"[Game 1660] Range: 2-7 | Median/Mean: 4.0 / 3.652 | Fail: 0.301%\n"}
,{"stream_name":"stdout","time":163.93651918,"data":"[Game 1670] Range: 2-7 | Median/Mean: 4.0 / 3.654 | Fail: 0.299%\n"}
,{"stream_name":"stdout","time":165.00534528,"data":"[Game 1680] Range: 2-7 | Median/Mean: 4.0 / 3.657 | Fail: 0.298%\n"}
,{"stream_name":"stdout","time":165.955649946,"data":"[Game 1690] Range: 2-7 | Median/Mean: 4.0 / 3.658 | Fail: 0.296%\n"}
,{"stream_name":"stdout","time":166.75632175,"data":"[Game 1700] Range: 2-7 | Median/Mean: 4.0 / 3.658 | Fail: 0.294%\n"}
,{"stream_name":"stdout","time":167.827291031,"data":"[Game 1710] Range: 2-7 | Median/Mean: 4.0 / 3.661 | Fail: 0.292%\n"}
,{"stream_name":"stdout","time":168.650316758,"data":"[Game 1720] Range: 2-7 | Median/Mean: 4.0 / 3.660 | Fail: 0.291%\n"}
,{"stream_name":"stdout","time":169.702427956,"data":"[Game 1730] Range: 2-7 | Median/Mean: 4.0 / 3.664 | Fail: 0.289%\n"}
,{"stream_name":"stdout","time":170.652742009,"data":"[Game 1740] Range: 2-7 | Median/Mean: 4.0 / 3.664 | Fail: 0.287%\n"}
,{"stream_name":"stdout","time":171.454421089,"data":"[Game 1750] Range: 2-7 | Median/Mean: 4.0 / 3.663 | Fail: 0.286%\n"}
,{"stream_name":"stdout","time":172.303724568,"data":"[Game 1760] Range: 2-7 | Median/Mean: 4.0 / 3.664 | Fail: 0.284%\n"}
,{"stream_name":"stdout","time":173.2021102,"data":"[Game 1770] Range: 2-7 | Median/Mean: 4.0 / 3.662 | Fail: 0.282%\n"}
,{"stream_name":"stdout","time":174.129834072,"data":"[Game 1780] Range: 2-7 | Median/Mean: 4.0 / 3.663 | Fail: 0.281%\n"}
,{"stream_name":"stdout","time":175.029537097,"data":"[Game 1790] Range: 2-7 | Median/Mean: 4.0 / 3.665 | Fail: 0.279%\n"}
,{"stream_name":"stdout","time":175.879001093,"data":"[Game 1800] Range: 2-7 | Median/Mean: 4.0 / 3.664 | Fail: 0.278%\n"}
,{"stream_name":"stdout","time":176.847286611,"data":"[Game 1810] Range: 2-7 | Median/Mean: 4.0 / 3.667 | Fail: 0.276%\n"}
,{"stream_name":"stdout","time":177.899659792,"data":"[Game 1820] Range: 2-7 | Median/Mean: 4.0 / 3.669 | Fail: 0.275%\n"}
,{"stream_name":"stdout","time":179.112168976,"data":"[Game 1830] Range: 2-7 | Median/Mean: 4.0 / 3.671 | Fail: 0.273%\n"}
,{"stream_name":"stdout","time":180.079638233,"data":"[Game 1840] Range: 2-7 | Median/Mean: 4.0 / 3.671 | Fail: 0.272%\n"}
,{"stream_name":"stdout","time":180.912561291,"data":"[Game 1850] Range: 2-7 | Median/Mean: 4.0 / 3.672 | Fail: 0.270%\n"}
,{"stream_name":"stdout","time":181.877373077,"data":"[Game 1860] Range: 2-7 | Median/Mean: 4.0 / 3.673 | Fail: 0.269%\n"}
,{"stream_name":"stdout","time":182.554593643,"data":"[Game 1870] Range: 2-7 | Median/Mean: 4.0 / 3.672 | Fail: 0.267%\n"}
,{"stream_name":"stdout","time":183.491582539,"data":"[Game 1880] Range: 2-7 | Median/Mean: 4.0 / 3.674 | Fail: 0.266%\n"}
,{"stream_name":"stdout","time":184.427891092,"data":"[Game 1890] Range: 2-7 | Median/Mean: 4.0 / 3.675 | Fail: 0.265%\n"}
,{"stream_name":"stdout","time":185.351541789,"data":"[Game 1900] Range: 2-7 | Median/Mean: 4.0 / 3.676 | Fail: 0.263%\n"}
,{"stream_name":"stdout","time":186.301322441,"data":"[Game 1910] Range: 2-7 | Median/Mean: 4.0 / 3.677 | Fail: 0.262%\n"}
,{"stream_name":"stdout","time":187.17953706,"data":"[Game 1920] Range: 2-7 | Median/Mean: 4.0 / 3.679 | Fail: 0.260%\n"}
,{"stream_name":"stdout","time":188.09940849,"data":"[Game 1930] Range: 2-7 | Median/Mean: 4.0 / 3.680 | Fail: 0.259%\n"}
,{"stream_name":"stdout","time":189.117835611,"data":"[Game 1940] Range: 2-7 | Median/Mean: 4.0 / 3.681 | Fail: 0.258%\n"}
,{"stream_name":"stdout","time":189.909093774,"data":"[Game 1950] Range: 2-7 | Median/Mean: 4.0 / 3.681 | Fail: 0.256%\n"}
,{"stream_name":"stdout","time":191.095698499,"data":"[Game 1960] Range: 2-7 | Median/Mean: 4.0 / 3.686 | Fail: 0.255%\n"}
,{"stream_name":"stdout","time":191.927389469,"data":"[Game 1970] Range: 2-7 | Median/Mean: 4.0 / 3.686 | Fail: 0.254%\n"}
,{"stream_name":"stdout","time":193.022559687,"data":"[Game 1980] Range: 2-7 | Median/Mean: 4.0 / 3.689 | Fail: 0.253%\n"}
,{"stream_name":"stdout","time":194.020030021,"data":"[Game 1990] Range: 2-7 | Median/Mean: 4.0 / 3.692 | Fail: 0.251%\n"}
,{"stream_name":"stdout","time":195.016850526,"data":"[Game 2000] Range: 2-7 | Median/Mean: 4.0 / 3.694 | Fail: 0.300%\n"}
,{"stream_name":"stdout","time":196.163550087,"data":"[Game 2010] Range: 2-7 | Median/Mean: 4.0 / 3.696 | Fail: 0.299%\n"}
,{"stream_name":"stdout","time":196.944821066,"data":"[Game 2020] Range: 2-7 | Median/Mean: 4.0 / 3.696 | Fail: 0.297%\n"}
,{"stream_name":"stdout","time":198.001563123,"data":"[Game 2030] Range: 2-7 | Median/Mean: 4.0 / 3.699 | Fail: 0.296%\n"}
,{"stream_name":"stdout","time":198.854747181,"data":"[Game 2040] Range: 2-7 | Median/Mean: 4.0 / 3.700 | Fail: 0.294%\n"}
,{"stream_name":"stdout","time":199.735738795,"data":"[Game 2050] Range: 2-7 | Median/Mean: 4.0 / 3.700 | Fail: 0.293%\n"}
,{"stream_name":"stdout","time":200.687146963,"data":"[Game 2060] Range: 2-7 | Median/Mean: 4.0 / 3.701 | Fail: 0.291%\n"}
,{"stream_name":"stdout","time":201.734636531,"data":"[Game 2070] Range: 2-7 | Median/Mean: 4.0 / 3.705 | Fail: 0.338%\n"}
,{"stream_name":"stdout","time":202.682867222,"data":"[Game 2080] Range: 2-7 | Median/Mean: 4.0 / 3.707 | Fail: 0.337%\n"}
,{"stream_name":"stdout","time":203.626449368,"data":"[Game 2090] Range: 2-7 | Median/Mean: 4.0 / 3.708 | Fail: 0.335%\n"}
,{"stream_name":"stdout","time":204.498343934,"data":"[Game 2100] Range: 2-7 | Median/Mean: 4.0 / 3.708 | Fail: 0.333%\n"}
,{"stream_name":"stdout","time":205.412426691,"data":"[Game 2110] Range: 2-7 | Median/Mean: 4.0 / 3.709 | Fail: 0.332%\n"}
,{"stream_name":"stdout","time":206.24239272,"data":"[Game 2120] Range: 2-7 | Median/Mean: 4.0 / 3.709 | Fail: 0.330%\n"}
,{"stream_name":"stdout","time":207.285757513,"data":"[Game 2130] Range: 2-7 | Median/Mean: 4.0 / 3.711 | Fail: 0.329%\n"}
,{"stream_name":"stdout","time":208.395259066,"data":"[Game 2140] Range: 2-7 | Median/Mean: 4.0 / 3.714 | Fail: 0.327%\n"}
,{"stream_name":"stdout","time":209.535075822,"data":"[Game 2150] Range: 2-7 | Median/Mean: 4.0 / 3.716 | Fail: 0.326%\n"}
,{"stream_name":"stdout","time":210.500031846,"data":"[Game 2160] Range: 2-7 | Median/Mean: 4.0 / 3.718 | Fail: 0.324%\n"}
,{"stream_name":"stdout","time":211.620780789,"data":"[Game 2170] Range: 2-7 | Median/Mean: 4.0 / 3.720 | Fail: 0.323%\n"}
,{"stream_name":"stdout","time":212.612160795,"data":"[Game 2180] Range: 2-7 | Median/Mean: 4.0 / 3.722 | Fail: 0.321%\n"}
,{"stream_name":"stdout","time":213.508217221,"data":"[Game 2190] Range: 2-7 | Median/Mean: 4.0 / 3.723 | Fail: 0.320%\n"}
,{"stream_name":"stdout","time":214.489437918,"data":"[Game 2200] Range: 2-7 | Median/Mean: 4.0 / 3.724 | Fail: 0.318%\n"}
,{"stream_name":"stdout","time":215.531729644,"data":"[Game 2210] Range: 2-7 | Median/Mean: 4.0 / 3.725 | Fail: 0.317%\n"}
,{"stream_name":"stdout","time":216.436610361,"data":"[Game 2220] Range: 2-7 | Median/Mean: 4.0 / 3.727 | Fail: 0.315%\n"}
,{"stream_name":"stdout","time":217.494645411,"data":"[Game 2230] Range: 2-7 | Median/Mean: 4.0 / 3.730 | Fail: 0.404%\n"}
,{"stream_name":"stdout","time":218.509813774,"data":"[Game 2240] Range: 2-7 | Median/Mean: 4.0 / 3.732 | Fail: 0.402%\n"}
,{"stream_name":"stdout","time":219.623339756,"data":"[Game 2250] Range: 2-7 | Median/Mean: 4.0 / 3.735 | Fail: 0.400%\n"}
,{"stream_name":"stdout","time":220.705725471,"data":"[Game 2260] Range: 2-8 | Median/Mean: 4.0 / 3.738 | Fail: 0.487%\n"}
,{"stream_name":"stdout","time":221.553254181,"data":"[Game 2270] Range: 2-8 | Median/Mean: 4.0 / 3.738 | Fail: 0.485%\n"}
,{"stream_name":"stdout","time":222.530612732,"data":"[Game 2280] Range: 2-8 | Median/Mean: 4.0 / 3.739 | Fail: 0.482%\n"}
,{"stream_name":"stdout","time":223.572057451,"data":"[Game 2290] Range: 2-8 | Median/Mean: 4.0 / 3.741 | Fail: 0.480%\n"}
,{"stream_name":"stdout","time":224.549016944,"data":"[Game 2300] Range: 2-8 | Median/Mean: 4.0 / 3.743 | Fail: 0.478%\n"}
,{"stream_name":"stdout","time":225.612032576,"data":"[Game 2310] Range: 2-8 | Median/Mean: 4.0 / 3.746 | Fail: 0.519%\n"}
,{"stream_name":"stdout","time":226.402123722,"data":"Summary:\n"}
,{"stream_name":"stdout","time":226.417708866,"data":"Distribution across steps:\n"}
,{"stream_name":"stdout","time":226.426514345,"data":"Key Metrics:\n"}
,{"stream_name":"stderr","time":230.151501812,"data":"/opt/conda/lib/python3.7/site-packages/traitlets/traitlets.py:2567: FutureWarning: --Exporter.preprocessors=[\"remove_papermill_header.RemovePapermillHeader\"] for containers is deprecated in traitlets 5.0. You can pass `--Exporter.preprocessors item` ... multiple times to add items to a list.\n"}
,{"stream_name":"stderr","time":230.1518636,"data":"  FutureWarning,\n"}
,{"stream_name":"stderr","time":230.151881041,"data":"[NbConvertApp] Converting notebook __notebook__.ipynb to notebook\n"}
,{"stream_name":"stderr","time":230.561597273,"data":"[NbConvertApp] Writing 32476 bytes to __notebook__.ipynb\n"}
,{"stream_name":"stderr","time":233.167447022,"data":"/opt/conda/lib/python3.7/site-packages/traitlets/traitlets.py:2567: FutureWarning: --Exporter.preprocessors=[\"nbconvert.preprocessors.ExtractOutputPreprocessor\"] for containers is deprecated in traitlets 5.0. You can pass `--Exporter.preprocessors item` ... multiple times to add items to a list.\n"}
,{"stream_name":"stderr","time":233.167528192,"data":"  FutureWarning,\n"}
,{"stream_name":"stderr","time":233.167536293,"data":"[NbConvertApp] Converting notebook __notebook__.ipynb to html\n"}
,{"stream_name":"stderr","time":233.820935837,"data":"[NbConvertApp] Writing 306871 bytes to __results__.html\n"}
]