[{"stream_name":"stderr","time":14.180753232,"data":"/opt/conda/lib/python3.7/site-packages/papermill/iorw.py:50: FutureWarning: pyarrow.HadoopFileSystem is deprecated as of 2.0.0, please use pyarrow.fs.HadoopFileSystem instead.\n"}
,{"stream_name":"stderr","time":14.180858009,"data":"  from pyarrow import HadoopFileSystem\n"}
,{"stream_name":"stdout","time":15.214935974,"data":"[ ---------- STARE ----------]\n"}
,{"stream_name":"stdout","time":16.164524175,"data":"[Game 10] Range: 3-5 | Median/Mean: 3.5 / 3.600 | Fail: 0.000%\n"}
,{"stream_name":"stdout","time":17.083235909,"data":"[Game 20] Range: 3-5 | Median/Mean: 4.0 / 3.650 | Fail: 0.000%\n"}
,{"stream_name":"stdout","time":18.055216974,"data":"[Game 30] Range: 2-5 | Median/Mean: 3.5 / 3.533 | Fail: 0.000%\n"}
,{"stream_name":"stdout","time":18.99237383,"data":"[Game 40] Range: 2-5 | Median/Mean: 3.0 / 3.500 | Fail: 0.000%\n"}
,{"stream_name":"stdout","time":19.968653235,"data":"[Game 50] Range: 2-5 | Median/Mean: 3.5 / 3.500 | Fail: 0.000%\n"}
,{"stream_name":"stdout","time":20.842180129,"data":"[Game 60] Range: 2-6 | Median/Mean: 4.0 / 3.533 | Fail: 0.000%\n"}
,{"stream_name":"stdout","time":21.516991046,"data":"[Game 70] Range: 2-6 | Median/Mean: 3.0 / 3.471 | Fail: 0.000%\n"}
,{"stream_name":"stdout","time":22.274171822,"data":"[Game 80] Range: 2-6 | Median/Mean: 3.0 / 3.450 | Fail: 0.000%\n"}
,{"stream_name":"stdout","time":23.277831191,"data":"[Game 90] Range: 2-6 | Median/Mean: 3.0 / 3.522 | Fail: 0.000%\n"}
,{"stream_name":"stdout","time":24.173674881,"data":"[Game 100] Range: 2-6 | Median/Mean: 3.0 / 3.520 | Fail: 0.000%\n"}
,{"stream_name":"stdout","time":24.984086668,"data":"[Game 110] Range: 2-6 | Median/Mean: 3.0 / 3.527 | Fail: 0.000%\n"}
,{"stream_name":"stdout","time":26.011156233,"data":"[Game 120] Range: 2-8 | Median/Mean: 3.0 / 3.550 | Fail: 0.833%\n"}
,{"stream_name":"stdout","time":26.909812488,"data":"[Game 130] Range: 2-8 | Median/Mean: 3.0 / 3.554 | Fail: 0.769%\n"}
,{"stream_name":"stdout","time":27.882332345000002,"data":"[Game 140] Range: 2-8 | Median/Mean: 3.0 / 3.579 | Fail: 0.714%\n"}
,{"stream_name":"stdout","time":28.742855973,"data":"[Game 150] Range: 2-8 | Median/Mean: 3.0 / 3.567 | Fail: 0.667%\n"}
,{"stream_name":"stdout","time":29.675366868,"data":"[Game 160] Range: 2-8 | Median/Mean: 3.5 / 3.581 | Fail: 0.625%\n"}
,{"stream_name":"stdout","time":30.445510996,"data":"[Game 170] Range: 2-8 | Median/Mean: 3.0 / 3.559 | Fail: 0.588%\n"}
,{"stream_name":"stdout","time":31.268464579,"data":"[Game 180] Range: 2-8 | Median/Mean: 3.0 / 3.550 | Fail: 0.556%\n"}
,{"stream_name":"stdout","time":32.036417374,"data":"[Game 190] Range: 2-8 | Median/Mean: 3.0 / 3.537 | Fail: 0.526%\n"}
,{"stream_name":"stdout","time":32.750344015,"data":"[Game 200] Range: 2-8 | Median/Mean: 3.0 / 3.525 | Fail: 0.500%\n"}
,{"stream_name":"stdout","time":33.694386931,"data":"[Game 210] Range: 2-8 | Median/Mean: 3.0 / 3.524 | Fail: 0.476%\n"}
,{"stream_name":"stdout","time":34.622076667,"data":"[Game 220] Range: 2-8 | Median/Mean: 3.0 / 3.518 | Fail: 0.455%\n"}
,{"stream_name":"stdout","time":35.369854898,"data":"[Game 230] Range: 2-8 | Median/Mean: 3.0 / 3.491 | Fail: 0.435%\n"}
,{"stream_name":"stdout","time":36.193299171,"data":"[Game 240] Range: 2-8 | Median/Mean: 3.0 / 3.475 | Fail: 0.417%\n"}
,{"stream_name":"stdout","time":37.021242448,"data":"[Game 250] Range: 2-8 | Median/Mean: 3.0 / 3.468 | Fail: 0.400%\n"}
,{"stream_name":"stdout","time":37.844617553,"data":"[Game 260] Range: 2-8 | Median/Mean: 3.0 / 3.469 | Fail: 0.385%\n"}
,{"stream_name":"stdout","time":38.733818262,"data":"[Game 270] Range: 2-8 | Median/Mean: 3.0 / 3.463 | Fail: 0.370%\n"}
,{"stream_name":"stdout","time":39.410745003,"data":"[Game 280] Range: 2-8 | Median/Mean: 3.0 / 3.454 | Fail: 0.357%\n"}
,{"stream_name":"stdout","time":40.392282736,"data":"[Game 290] Range: 2-8 | Median/Mean: 3.0 / 3.462 | Fail: 0.345%\n"}
,{"stream_name":"stdout","time":41.137442483,"data":"[Game 300] Range: 2-8 | Median/Mean: 3.0 / 3.450 | Fail: 0.333%\n"}
,{"stream_name":"stdout","time":42.006730675,"data":"[Game 310] Range: 2-8 | Median/Mean: 3.0 / 3.445 | Fail: 0.323%\n"}
,{"stream_name":"stdout","time":42.829455736,"data":"[Game 320] Range: 2-8 | Median/Mean: 3.0 / 3.438 | Fail: 0.312%\n"}
,{"stream_name":"stdout","time":43.792671241,"data":"[Game 330] Range: 2-8 | Median/Mean: 3.0 / 3.439 | Fail: 0.606%\n"}
,{"stream_name":"stdout","time":44.584126734,"data":"[Game 340] Range: 2-8 | Median/Mean: 3.0 / 3.432 | Fail: 0.588%\n"}
,{"stream_name":"stdout","time":45.439167601,"data":"[Game 350] Range: 2-8 | Median/Mean: 3.0 / 3.431 | Fail: 0.571%\n"}
,{"stream_name":"stdout","time":46.198540732,"data":"[Game 360] Range: 2-8 | Median/Mean: 3.0 / 3.422 | Fail: 0.556%\n"}
,{"stream_name":"stdout","time":47.164349923,"data":"[Game 370] Range: 2-8 | Median/Mean: 3.0 / 3.430 | Fail: 0.541%\n"}
,{"stream_name":"stdout","time":48.079785456,"data":"[Game 380] Range: 2-8 | Median/Mean: 3.0 / 3.429 | Fail: 0.526%\n"}
,{"stream_name":"stdout","time":48.97790176,"data":"[Game 390] Range: 2-8 | Median/Mean: 3.0 / 3.438 | Fail: 0.513%\n"}
,{"stream_name":"stdout","time":49.814206536,"data":"[Game 400] Range: 2-8 | Median/Mean: 3.0 / 3.440 | Fail: 0.500%\n"}
,{"stream_name":"stdout","time":50.776374641,"data":"[Game 410] Range: 2-8 | Median/Mean: 3.0 / 3.444 | Fail: 0.488%\n"}
,{"stream_name":"stdout","time":51.867198824,"data":"[Game 420] Range: 2-8 | Median/Mean: 3.0 / 3.467 | Fail: 0.476%\n"}
,{"stream_name":"stdout","time":52.863021941,"data":"[Game 430] Range: 2-8 | Median/Mean: 3.0 / 3.470 | Fail: 0.465%\n"}
,{"stream_name":"stdout","time":53.76904904,"data":"[Game 440] Range: 2-8 | Median/Mean: 3.0 / 3.473 | Fail: 0.455%\n"}
,{"stream_name":"stdout","time":54.529503683,"data":"[Game 450] Range: 2-8 | Median/Mean: 3.0 / 3.464 | Fail: 0.444%\n"}
,{"stream_name":"stdout","time":55.445080096,"data":"[Game 460] Range: 2-8 | Median/Mean: 3.0 / 3.461 | Fail: 0.435%\n"}
,{"stream_name":"stdout","time":56.378750323,"data":"[Game 470] Range: 2-8 | Median/Mean: 3.0 / 3.470 | Fail: 0.426%\n"}
,{"stream_name":"stdout","time":57.283631112,"data":"[Game 480] Range: 2-8 | Median/Mean: 3.0 / 3.471 | Fail: 0.417%\n"}
,{"stream_name":"stdout","time":58.000368441,"data":"[Game 490] Range: 2-8 | Median/Mean: 3.0 / 3.465 | Fail: 0.408%\n"}
,{"stream_name":"stdout","time":58.794868421,"data":"[Game 500] Range: 2-8 | Median/Mean: 3.0 / 3.462 | Fail: 0.400%\n"}
,{"stream_name":"stdout","time":59.792160848,"data":"[Game 510] Range: 2-9 | Median/Mean: 3.0 / 3.473 | Fail: 0.588%\n"}
,{"stream_name":"stdout","time":60.623229744,"data":"[Game 520] Range: 2-9 | Median/Mean: 3.0 / 3.469 | Fail: 0.577%\n"}
,{"stream_name":"stdout","time":61.648791324,"data":"[Game 530] Range: 2-9 | Median/Mean: 3.0 / 3.477 | Fail: 0.566%\n"}
,{"stream_name":"stdout","time":62.523659092,"data":"[Game 540] Range: 2-9 | Median/Mean: 3.0 / 3.478 | Fail: 0.556%\n"}
,{"stream_name":"stdout","time":63.591916408,"data":"[Game 550] Range: 2-9 | Median/Mean: 3.0 / 3.487 | Fail: 0.545%\n"}
,{"stream_name":"stdout","time":64.561170362,"data":"[Game 560] Range: 2-9 | Median/Mean: 3.0 / 3.493 | Fail: 0.714%\n"}
,{"stream_name":"stdout","time":65.356432915,"data":"[Game 570] Range: 2-9 | Median/Mean: 3.0 / 3.489 | Fail: 0.702%\n"}
,{"stream_name":"stdout","time":66.280097925,"data":"[Game 580] Range: 2-9 | Median/Mean: 3.0 / 3.488 | Fail: 0.690%\n"}
,{"stream_name":"stdout","time":67.317857038,"data":"[Game 590] Range: 2-9 | Median/Mean: 3.0 / 3.497 | Fail: 0.678%\n"}
,{"stream_name":"stdout","time":68.13287959,"data":"[Game 600] Range: 2-9 | Median/Mean: 3.0 / 3.492 | Fail: 0.667%\n"}
,{"stream_name":"stdout","time":68.984068062,"data":"[Game 610] Range: 2-9 | Median/Mean: 3.0 / 3.490 | Fail: 0.656%\n"}
,{"stream_name":"stdout","time":69.828062745,"data":"[Game 620] Range: 2-9 | Median/Mean: 3.0 / 3.490 | Fail: 0.645%\n"}
,{"stream_name":"stdout","time":70.826241586,"data":"[Game 630] Range: 2-9 | Median/Mean: 3.0 / 3.492 | Fail: 0.635%\n"}
,{"stream_name":"stdout","time":71.854195893,"data":"[Game 640] Range: 2-9 | Median/Mean: 3.0 / 3.500 | Fail: 0.625%\n"}
,{"stream_name":"stdout","time":72.599913953,"data":"[Game 650] Range: 2-9 | Median/Mean: 3.0 / 3.497 | Fail: 0.615%\n"}
,{"stream_name":"stdout","time":73.350799379,"data":"[Game 660] Range: 2-9 | Median/Mean: 3.0 / 3.492 | Fail: 0.606%\n"}
,{"stream_name":"stdout","time":74.290050528,"data":"[Game 670] Range: 2-9 | Median/Mean: 3.0 / 3.494 | Fail: 0.597%\n"}
,{"stream_name":"stdout","time":75.245630048,"data":"[Game 680] Range: 2-9 | Median/Mean: 3.0 / 3.497 | Fail: 0.588%\n"}
,{"stream_name":"stdout","time":76.164272936,"data":"[Game 690] Range: 2-9 | Median/Mean: 3.0 / 3.499 | Fail: 0.580%\n"}
,{"stream_name":"stdout","time":77.150854843,"data":"[Game 700] Range: 2-9 | Median/Mean: 3.0 / 3.506 | Fail: 0.571%\n"}
,{"stream_name":"stdout","time":77.920701851,"data":"[Game 710] Range: 2-9 | Median/Mean: 3.0 / 3.501 | Fail: 0.563%\n"}
,{"stream_name":"stdout","time":78.800064233,"data":"[Game 720] Range: 2-9 | Median/Mean: 3.0 / 3.504 | Fail: 0.556%\n"}
,{"stream_name":"stdout","time":79.709177424,"data":"[Game 730] Range: 2-9 | Median/Mean: 3.0 / 3.505 | Fail: 0.548%\n"}
,{"stream_name":"stdout","time":80.677859165,"data":"[Game 740] Range: 2-9 | Median/Mean: 3.0 / 3.509 | Fail: 0.541%\n"}
,{"stream_name":"stdout","time":81.686924624,"data":"[Game 750] Range: 2-9 | Median/Mean: 3.0 / 3.513 | Fail: 0.533%\n"}
,{"stream_name":"stdout","time":82.571618882,"data":"[Game 760] Range: 2-9 | Median/Mean: 3.0 / 3.512 | Fail: 0.526%\n"}
,{"stream_name":"stdout","time":83.5276909,"data":"[Game 770] Range: 2-9 | Median/Mean: 3.0 / 3.514 | Fail: 0.519%\n"}
,{"stream_name":"stdout","time":84.547976136,"data":"[Game 780] Range: 2-9 | Median/Mean: 3.0 / 3.521 | Fail: 0.513%\n"}
,{"stream_name":"stdout","time":85.406569818,"data":"[Game 790] Range: 2-9 | Median/Mean: 3.0 / 3.520 | Fail: 0.506%\n"}
,{"stream_name":"stdout","time":86.314281741,"data":"[Game 800] Range: 2-9 | Median/Mean: 3.0 / 3.522 | Fail: 0.500%\n"}
,{"stream_name":"stdout","time":87.058488666,"data":"[Game 810] Range: 2-9 | Median/Mean: 3.0 / 3.519 | Fail: 0.494%\n"}
,{"stream_name":"stdout","time":87.95896739,"data":"[Game 820] Range: 2-9 | Median/Mean: 3.0 / 3.521 | Fail: 0.488%\n"}
,{"stream_name":"stdout","time":88.867305184,"data":"[Game 830] Range: 2-9 | Median/Mean: 3.0 / 3.520 | Fail: 0.482%\n"}
,{"stream_name":"stdout","time":89.70611117199999,"data":"[Game 840] Range: 2-9 | Median/Mean: 3.0 / 3.523 | Fail: 0.476%\n"}
,{"stream_name":"stdout","time":90.628257408,"data":"[Game 850] Range: 2-9 | Median/Mean: 3.0 / 3.526 | Fail: 0.471%\n"}
,{"stream_name":"stdout","time":91.605492636,"data":"[Game 860] Range: 2-9 | Median/Mean: 3.0 / 3.530 | Fail: 0.465%\n"}
,{"stream_name":"stdout","time":92.455048566,"data":"[Game 870] Range: 2-9 | Median/Mean: 3.0 / 3.526 | Fail: 0.460%\n"}
,{"stream_name":"stdout","time":93.369467073,"data":"[Game 880] Range: 2-9 | Median/Mean: 3.0 / 3.526 | Fail: 0.455%\n"}
,{"stream_name":"stdout","time":94.394863447,"data":"[Game 890] Range: 2-9 | Median/Mean: 3.0 / 3.531 | Fail: 0.562%\n"}
,{"stream_name":"stdout","time":95.455809259,"data":"[Game 900] Range: 2-9 | Median/Mean: 3.0 / 3.536 | Fail: 0.556%\n"}
,{"stream_name":"stdout","time":96.482510281,"data":"[Game 910] Range: 2-9 | Median/Mean: 3.0 / 3.543 | Fail: 0.659%\n"}
,{"stream_name":"stdout","time":97.41110592,"data":"[Game 920] Range: 1-9 | Median/Mean: 3.0 / 3.545 | Fail: 0.652%\n"}
,{"stream_name":"stdout","time":98.325648387,"data":"[Game 930] Range: 1-9 | Median/Mean: 3.0 / 3.545 | Fail: 0.645%\n"}
,{"stream_name":"stdout","time":99.196932114,"data":"[Game 940] Range: 1-9 | Median/Mean: 3.0 / 3.545 | Fail: 0.638%\n"}
,{"stream_name":"stdout","time":100.080243261,"data":"[Game 950] Range: 1-9 | Median/Mean: 3.0 / 3.546 | Fail: 0.632%\n"}
,{"stream_name":"stdout","time":101.064042312,"data":"[Game 960] Range: 1-9 | Median/Mean: 3.0 / 3.550 | Fail: 0.625%\n"}
,{"stream_name":"stdout","time":102.06526775,"data":"[Game 970] Range: 1-9 | Median/Mean: 3.0 / 3.554 | Fail: 0.619%\n"}
,{"stream_name":"stdout","time":102.896099651,"data":"[Game 980] Range: 1-9 | Median/Mean: 3.0 / 3.551 | Fail: 0.612%\n"}
,{"stream_name":"stdout","time":103.729580528,"data":"[Game 990] Range: 1-9 | Median/Mean: 3.0 / 3.551 | Fail: 0.606%\n"}
,{"stream_name":"stdout","time":104.750965731,"data":"[Game 1000] Range: 1-9 | Median/Mean: 3.0 / 3.556 | Fail: 0.600%\n"}
,{"stream_name":"stdout","time":105.536468185,"data":"[Game 1010] Range: 1-9 | Median/Mean: 3.0 / 3.554 | Fail: 0.594%\n"}
,{"stream_name":"stdout","time":106.529120124,"data":"[Game 1020] Range: 1-9 | Median/Mean: 3.0 / 3.557 | Fail: 0.588%\n"}
,{"stream_name":"stdout","time":107.447379464,"data":"[Game 1030] Range: 1-9 | Median/Mean: 3.0 / 3.558 | Fail: 0.583%\n"}
,{"stream_name":"stdout","time":108.375658193,"data":"[Game 1040] Range: 1-9 | Median/Mean: 3.0 / 3.562 | Fail: 0.577%\n"}
,{"stream_name":"stdout","time":109.411356415,"data":"[Game 1050] Range: 1-9 | Median/Mean: 3.5 / 3.566 | Fail: 0.571%\n"}
,{"stream_name":"stdout","time":110.328566696,"data":"[Game 1060] Range: 1-9 | Median/Mean: 4.0 / 3.569 | Fail: 0.566%\n"}
,{"stream_name":"stdout","time":111.163061256,"data":"[Game 1070] Range: 1-9 | Median/Mean: 4.0 / 3.568 | Fail: 0.561%\n"}
,{"stream_name":"stdout","time":112.141804116,"data":"[Game 1080] Range: 1-9 | Median/Mean: 4.0 / 3.575 | Fail: 0.556%\n"}
,{"stream_name":"stdout","time":113.086920583,"data":"[Game 1090] Range: 1-9 | Median/Mean: 4.0 / 3.578 | Fail: 0.550%\n"}
,{"stream_name":"stdout","time":113.991231171,"data":"[Game 1100] Range: 1-9 | Median/Mean: 4.0 / 3.577 | Fail: 0.545%\n"}
,{"stream_name":"stdout","time":114.834040124,"data":"[Game 1110] Range: 1-9 | Median/Mean: 4.0 / 3.578 | Fail: 0.541%\n"}
,{"stream_name":"stdout","time":115.743530465,"data":"[Game 1120] Range: 1-9 | Median/Mean: 4.0 / 3.580 | Fail: 0.536%\n"}
,{"stream_name":"stdout","time":116.506561507,"data":"[Game 1130] Range: 1-9 | Median/Mean: 4.0 / 3.579 | Fail: 0.531%\n"}
,{"stream_name":"stdout","time":117.484832257,"data":"[Game 1140] Range: 1-9 | Median/Mean: 4.0 / 3.582 | Fail: 0.526%\n"}
,{"stream_name":"stdout","time":118.377578995,"data":"[Game 1150] Range: 1-9 | Median/Mean: 4.0 / 3.583 | Fail: 0.522%\n"}
,{"stream_name":"stdout","time":119.155514572,"data":"[Game 1160] Range: 1-9 | Median/Mean: 4.0 / 3.583 | Fail: 0.517%\n"}
,{"stream_name":"stdout","time":120.03418793,"data":"[Game 1170] Range: 1-9 | Median/Mean: 4.0 / 3.583 | Fail: 0.513%\n"}
,{"stream_name":"stdout","time":120.89544391,"data":"[Game 1180] Range: 1-9 | Median/Mean: 4.0 / 3.581 | Fail: 0.508%\n"}
,{"stream_name":"stdout","time":121.761692777,"data":"[Game 1190] Range: 1-9 | Median/Mean: 4.0 / 3.581 | Fail: 0.504%\n"}
,{"stream_name":"stdout","time":122.707401555,"data":"[Game 1200] Range: 1-9 | Median/Mean: 4.0 / 3.583 | Fail: 0.500%\n"}
,{"stream_name":"stdout","time":123.521956702,"data":"[Game 1210] Range: 1-9 | Median/Mean: 4.0 / 3.582 | Fail: 0.496%\n"}
,{"stream_name":"stdout","time":124.401416279,"data":"[Game 1220] Range: 1-9 | Median/Mean: 4.0 / 3.582 | Fail: 0.492%\n"}
,{"stream_name":"stdout","time":125.69369882,"data":"[Game 1230] Range: 1-9 | Median/Mean: 4.0 / 3.590 | Fail: 0.569%\n"}
,{"stream_name":"stdout","time":126.482927069,"data":"[Game 1240] Range: 1-9 | Median/Mean: 4.0 / 3.590 | Fail: 0.565%\n"}
,{"stream_name":"stdout","time":127.400989909,"data":"[Game 1250] Range: 1-9 | Median/Mean: 4.0 / 3.591 | Fail: 0.560%\n"}
,{"stream_name":"stdout","time":128.234769244,"data":"[Game 1260] Range: 1-9 | Median/Mean: 4.0 / 3.590 | Fail: 0.556%\n"}
,{"stream_name":"stdout","time":129.08784622,"data":"[Game 1270] Range: 1-9 | Median/Mean: 4.0 / 3.590 | Fail: 0.551%\n"}
,{"stream_name":"stdout","time":129.966567071,"data":"[Game 1280] Range: 1-9 | Median/Mean: 4.0 / 3.590 | Fail: 0.547%\n"}
,{"stream_name":"stdout","time":130.812466407,"data":"[Game 1290] Range: 1-9 | Median/Mean: 4.0 / 3.590 | Fail: 0.543%\n"}
,{"stream_name":"stdout","time":131.641627342,"data":"[Game 1300] Range: 1-9 | Median/Mean: 4.0 / 3.589 | Fail: 0.538%\n"}
,{"stream_name":"stdout","time":132.480252244,"data":"[Game 1310] Range: 1-9 | Median/Mean: 4.0 / 3.589 | Fail: 0.534%\n"}
,{"stream_name":"stdout","time":133.462102984,"data":"[Game 1320] Range: 1-9 | Median/Mean: 4.0 / 3.591 | Fail: 0.530%\n"}
,{"stream_name":"stdout","time":134.533525857,"data":"[Game 1330] Range: 1-9 | Median/Mean: 4.0 / 3.592 | Fail: 0.526%\n"}
,{"stream_name":"stdout","time":135.627503654,"data":"[Game 1340] Range: 1-9 | Median/Mean: 4.0 / 3.596 | Fail: 0.522%\n"}
,{"stream_name":"stdout","time":136.513549909,"data":"[Game 1350] Range: 1-9 | Median/Mean: 4.0 / 3.595 | Fail: 0.519%\n"}
,{"stream_name":"stdout","time":137.554384412,"data":"[Game 1360] Range: 1-9 | Median/Mean: 4.0 / 3.598 | Fail: 0.515%\n"}
,{"stream_name":"stdout","time":138.566598098,"data":"[Game 1370] Range: 1-9 | Median/Mean: 4.0 / 3.601 | Fail: 0.511%\n"}
,{"stream_name":"stdout","time":139.538590148,"data":"[Game 1380] Range: 1-9 | Median/Mean: 4.0 / 3.601 | Fail: 0.507%\n"}
,{"stream_name":"stdout","time":140.475222999,"data":"[Game 1390] Range: 1-9 | Median/Mean: 4.0 / 3.601 | Fail: 0.504%\n"}
,{"stream_name":"stdout","time":141.519081544,"data":"[Game 1400] Range: 1-9 | Median/Mean: 4.0 / 3.604 | Fail: 0.500%\n"}
,{"stream_name":"stdout","time":142.44117947,"data":"[Game 1410] Range: 1-9 | Median/Mean: 4.0 / 3.606 | Fail: 0.496%\n"}
,{"stream_name":"stdout","time":143.318115531,"data":"[Game 1420] Range: 1-9 | Median/Mean: 4.0 / 3.606 | Fail: 0.493%\n"}
,{"stream_name":"stdout","time":144.22403233,"data":"[Game 1430] Range: 1-9 | Median/Mean: 4.0 / 3.607 | Fail: 0.490%\n"}
,{"stream_name":"stdout","time":145.165090298,"data":"[Game 1440] Range: 1-9 | Median/Mean: 4.0 / 3.610 | Fail: 0.486%\n"}
,{"stream_name":"stdout","time":146.435824369,"data":"[Game 1450] Range: 1-9 | Median/Mean: 4.0 / 3.618 | Fail: 0.552%\n"}
,{"stream_name":"stdout","time":147.198412695,"data":"[Game 1460] Range: 1-9 | Median/Mean: 4.0 / 3.617 | Fail: 0.548%\n"}
,{"stream_name":"stdout","time":148.110881489,"data":"[Game 1470] Range: 1-9 | Median/Mean: 4.0 / 3.618 | Fail: 0.544%\n"}
,{"stream_name":"stdout","time":149.090015565,"data":"[Game 1480] Range: 1-9 | Median/Mean: 4.0 / 3.620 | Fail: 0.541%\n"}
,{"stream_name":"stdout","time":149.765800093,"data":"[Game 1490] Range: 1-9 | Median/Mean: 4.0 / 3.619 | Fail: 0.537%\n"}
,{"stream_name":"stdout","time":150.652494647,"data":"[Game 1500] Range: 1-9 | Median/Mean: 4.0 / 3.620 | Fail: 0.533%\n"}
,{"stream_name":"stdout","time":151.64061883,"data":"[Game 1510] Range: 1-9 | Median/Mean: 4.0 / 3.622 | Fail: 0.530%\n"}
,{"stream_name":"stdout","time":152.34797467,"data":"[Game 1520] Range: 1-9 | Median/Mean: 4.0 / 3.621 | Fail: 0.526%\n"}
,{"stream_name":"stdout","time":153.281747812,"data":"[Game 1530] Range: 1-9 | Median/Mean: 4.0 / 3.623 | Fail: 0.523%\n"}
,{"stream_name":"stdout","time":154.199601444,"data":"[Game 1540] Range: 1-9 | Median/Mean: 4.0 / 3.625 | Fail: 0.519%\n"}
,{"stream_name":"stdout","time":155.20803469,"data":"[Game 1550] Range: 1-9 | Median/Mean: 4.0 / 3.628 | Fail: 0.516%\n"}
,{"stream_name":"stdout","time":156.159607009,"data":"[Game 1560] Range: 1-9 | Median/Mean: 4.0 / 3.629 | Fail: 0.513%\n"}
,{"stream_name":"stdout","time":157.034665541,"data":"[Game 1570] Range: 1-9 | Median/Mean: 4.0 / 3.631 | Fail: 0.573%\n"}
,{"stream_name":"stdout","time":157.958250747,"data":"[Game 1580] Range: 1-9 | Median/Mean: 4.0 / 3.630 | Fail: 0.570%\n"}
,{"stream_name":"stdout","time":158.921351921,"data":"[Game 1590] Range: 1-9 | Median/Mean: 4.0 / 3.633 | Fail: 0.566%\n"}
,{"stream_name":"stdout","time":159.673998386,"data":"[Game 1600] Range: 1-9 | Median/Mean: 4.0 / 3.631 | Fail: 0.562%\n"}
,{"stream_name":"stdout","time":160.729006471,"data":"[Game 1610] Range: 1-9 | Median/Mean: 4.0 / 3.635 | Fail: 0.559%\n"}
,{"stream_name":"stdout","time":161.719336171,"data":"[Game 1620] Range: 1-9 | Median/Mean: 4.0 / 3.636 | Fail: 0.556%\n"}
,{"stream_name":"stdout","time":162.677813348,"data":"[Game 1630] Range: 1-9 | Median/Mean: 4.0 / 3.638 | Fail: 0.552%\n"}
,{"stream_name":"stdout","time":163.604186028,"data":"[Game 1640] Range: 1-9 | Median/Mean: 4.0 / 3.639 | Fail: 0.549%\n"}
,{"stream_name":"stdout","time":164.53826282,"data":"[Game 1650] Range: 1-9 | Median/Mean: 4.0 / 3.639 | Fail: 0.545%\n"}
,{"stream_name":"stdout","time":165.612338807,"data":"[Game 1660] Range: 1-9 | Median/Mean: 4.0 / 3.642 | Fail: 0.542%\n"}
,{"stream_name":"stdout","time":166.529889024,"data":"[Game 1670] Range: 1-9 | Median/Mean: 4.0 / 3.644 | Fail: 0.539%\n"}
,{"stream_name":"stdout","time":167.52792432,"data":"[Game 1680] Range: 1-9 | Median/Mean: 4.0 / 3.645 | Fail: 0.536%\n"}
,{"stream_name":"stdout","time":168.378899832,"data":"[Game 1690] Range: 1-9 | Median/Mean: 4.0 / 3.644 | Fail: 0.533%\n"}
,{"stream_name":"stdout","time":169.124797487,"data":"[Game 1700] Range: 1-9 | Median/Mean: 4.0 / 3.645 | Fail: 0.529%\n"}
,{"stream_name":"stdout","time":169.988768582,"data":"[Game 1710] Range: 1-9 | Median/Mean: 4.0 / 3.646 | Fail: 0.526%\n"}
,{"stream_name":"stdout","time":170.955847119,"data":"[Game 1720] Range: 1-9 | Median/Mean: 4.0 / 3.648 | Fail: 0.581%\n"}
,{"stream_name":"stdout","time":172.027985478,"data":"[Game 1730] Range: 1-9 | Median/Mean: 4.0 / 3.650 | Fail: 0.578%\n"}
,{"stream_name":"stdout","time":173.094619822,"data":"[Game 1740] Range: 1-9 | Median/Mean: 4.0 / 3.652 | Fail: 0.575%\n"}
,{"stream_name":"stdout","time":174.040550311,"data":"[Game 1750] Range: 1-9 | Median/Mean: 4.0 / 3.655 | Fail: 0.571%\n"}
,{"stream_name":"stdout","time":174.88290351,"data":"[Game 1760] Range: 1-9 | Median/Mean: 4.0 / 3.653 | Fail: 0.568%\n"}
,{"stream_name":"stdout","time":175.868603676,"data":"[Game 1770] Range: 1-9 | Median/Mean: 4.0 / 3.654 | Fail: 0.565%\n"}
,{"stream_name":"stdout","time":176.846830257,"data":"[Game 1780] Range: 1-9 | Median/Mean: 4.0 / 3.656 | Fail: 0.562%\n"}
,{"stream_name":"stdout","time":177.704403517,"data":"[Game 1790] Range: 1-9 | Median/Mean: 4.0 / 3.657 | Fail: 0.559%\n"}
,{"stream_name":"stdout","time":178.655870641,"data":"[Game 1800] Range: 1-9 | Median/Mean: 4.0 / 3.657 | Fail: 0.556%\n"}
,{"stream_name":"stdout","time":179.62453158900001,"data":"[Game 1810] Range: 1-9 | Median/Mean: 4.0 / 3.659 | Fail: 0.552%\n"}
,{"stream_name":"stdout","time":180.603496815,"data":"[Game 1820] Range: 1-9 | Median/Mean: 4.0 / 3.661 | Fail: 0.604%\n"}
,{"stream_name":"stdout","time":181.679511182,"data":"[Game 1830] Range: 1-9 | Median/Mean: 4.0 / 3.663 | Fail: 0.601%\n"}
,{"stream_name":"stdout","time":182.404311509,"data":"[Game 1840] Range: 1-9 | Median/Mean: 4.0 / 3.660 | Fail: 0.598%\n"}
,{"stream_name":"stdout","time":183.48940951,"data":"[Game 1850] Range: 1-9 | Median/Mean: 4.0 / 3.664 | Fail: 0.595%\n"}
,{"stream_name":"stdout","time":184.238345705,"data":"[Game 1860] Range: 1-9 | Median/Mean: 4.0 / 3.662 | Fail: 0.591%\n"}
,{"stream_name":"stdout","time":185.071516096,"data":"[Game 1870] Range: 1-9 | Median/Mean: 4.0 / 3.662 | Fail: 0.588%\n"}
,{"stream_name":"stdout","time":186.074708275,"data":"[Game 1880] Range: 1-9 | Median/Mean: 4.0 / 3.664 | Fail: 0.585%\n"}
,{"stream_name":"stdout","time":187.078649712,"data":"[Game 1890] Range: 1-9 | Median/Mean: 4.0 / 3.666 | Fail: 0.582%\n"}
,{"stream_name":"stdout","time":188.140438664,"data":"[Game 1900] Range: 1-9 | Median/Mean: 4.0 / 3.668 | Fail: 0.579%\n"}
,{"stream_name":"stdout","time":189.227650572,"data":"[Game 1910] Range: 1-9 | Median/Mean: 4.0 / 3.671 | Fail: 0.576%\n"}
,{"stream_name":"stdout","time":190.104708624,"data":"[Game 1920] Range: 1-9 | Median/Mean: 4.0 / 3.672 | Fail: 0.573%\n"}
,{"stream_name":"stdout","time":190.943222482,"data":"[Game 1930] Range: 1-9 | Median/Mean: 4.0 / 3.672 | Fail: 0.570%\n"}
,{"stream_name":"stdout","time":191.911452675,"data":"[Game 1940] Range: 1-9 | Median/Mean: 4.0 / 3.673 | Fail: 0.567%\n"}
,{"stream_name":"stdout","time":192.945117318,"data":"[Game 1950] Range: 1-9 | Median/Mean: 4.0 / 3.675 | Fail: 0.564%\n"}
,{"stream_name":"stdout","time":193.9900238,"data":"[Game 1960] Range: 1-9 | Median/Mean: 4.0 / 3.678 | Fail: 0.561%\n"}
,{"stream_name":"stdout","time":194.936325194,"data":"[Game 1970] Range: 1-9 | Median/Mean: 4.0 / 3.679 | Fail: 0.558%\n"}
,{"stream_name":"stdout","time":196.001935582,"data":"[Game 1980] Range: 1-9 | Median/Mean: 4.0 / 3.682 | Fail: 0.556%\n"}
,{"stream_name":"stdout","time":197.001624957,"data":"[Game 1990] Range: 1-9 | Median/Mean: 4.0 / 3.684 | Fail: 0.553%\n"}
,{"stream_name":"stdout","time":197.94730096,"data":"[Game 2000] Range: 1-9 | Median/Mean: 4.0 / 3.686 | Fail: 0.600%\n"}
,{"stream_name":"stdout","time":198.959949832,"data":"[Game 2010] Range: 1-9 | Median/Mean: 4.0 / 3.687 | Fail: 0.597%\n"}
,{"stream_name":"stdout","time":199.878706377,"data":"[Game 2020] Range: 1-9 | Median/Mean: 4.0 / 3.689 | Fail: 0.594%\n"}
,{"stream_name":"stdout","time":200.701717854,"data":"[Game 2030] Range: 1-9 | Median/Mean: 4.0 / 3.688 | Fail: 0.591%\n"}
,{"stream_name":"stdout","time":201.683893766,"data":"[Game 2040] Range: 1-9 | Median/Mean: 4.0 / 3.690 | Fail: 0.588%\n"}
,{"stream_name":"stdout","time":202.829975164,"data":"[Game 2050] Range: 1-9 | Median/Mean: 4.0 / 3.692 | Fail: 0.585%\n"}
,{"stream_name":"stdout","time":203.743268071,"data":"[Game 2060] Range: 1-9 | Median/Mean: 4.0 / 3.693 | Fail: 0.583%\n"}
,{"stream_name":"stdout","time":204.652463436,"data":"[Game 2070] Range: 1-9 | Median/Mean: 4.0 / 3.694 | Fail: 0.580%\n"}
,{"stream_name":"stdout","time":205.789754872,"data":"[Game 2080] Range: 1-9 | Median/Mean: 4.0 / 3.698 | Fail: 0.625%\n"}
,{"stream_name":"stdout","time":206.78443556,"data":"[Game 2090] Range: 1-9 | Median/Mean: 4.0 / 3.698 | Fail: 0.622%\n"}
,{"stream_name":"stdout","time":207.863110279,"data":"[Game 2100] Range: 1-9 | Median/Mean: 4.0 / 3.702 | Fail: 0.619%\n"}
,{"stream_name":"stdout","time":208.713095904,"data":"[Game 2110] Range: 1-9 | Median/Mean: 4.0 / 3.702 | Fail: 0.616%\n"}
,{"stream_name":"stdout","time":209.463874295,"data":"[Game 2120] Range: 1-9 | Median/Mean: 4.0 / 3.701 | Fail: 0.613%\n"}
,{"stream_name":"stdout","time":210.421332058,"data":"[Game 2130] Range: 1-9 | Median/Mean: 4.0 / 3.702 | Fail: 0.610%\n"}
,{"stream_name":"stdout","time":211.545168011,"data":"[Game 2140] Range: 1-9 | Median/Mean: 4.0 / 3.706 | Fail: 0.607%\n"}
,{"stream_name":"stdout","time":212.6209299,"data":"[Game 2150] Range: 1-9 | Median/Mean: 4.0 / 3.708 | Fail: 0.605%\n"}
,{"stream_name":"stdout","time":213.531110489,"data":"[Game 2160] Range: 1-9 | Median/Mean: 4.0 / 3.709 | Fail: 0.602%\n"}
,{"stream_name":"stdout","time":214.732023331,"data":"[Game 2170] Range: 1-9 | Median/Mean: 4.0 / 3.712 | Fail: 0.599%\n"}
,{"stream_name":"stdout","time":215.831374259,"data":"[Game 2180] Range: 1-9 | Median/Mean: 4.0 / 3.714 | Fail: 0.596%\n"}
,{"stream_name":"stdout","time":216.733771951,"data":"[Game 2190] Range: 1-9 | Median/Mean: 4.0 / 3.715 | Fail: 0.594%\n"}
,{"stream_name":"stdout","time":217.671950704,"data":"[Game 2200] Range: 1-9 | Median/Mean: 4.0 / 3.715 | Fail: 0.591%\n"}
,{"stream_name":"stdout","time":218.602144148,"data":"[Game 2210] Range: 1-9 | Median/Mean: 4.0 / 3.716 | Fail: 0.588%\n"}
,{"stream_name":"stdout","time":219.500600107,"data":"[Game 2220] Range: 1-9 | Median/Mean: 4.0 / 3.716 | Fail: 0.586%\n"}
,{"stream_name":"stdout","time":220.524028086,"data":"[Game 2230] Range: 1-9 | Median/Mean: 4.0 / 3.719 | Fail: 0.628%\n"}
,{"stream_name":"stdout","time":221.506606668,"data":"[Game 2240] Range: 1-9 | Median/Mean: 4.0 / 3.721 | Fail: 0.625%\n"}
,{"stream_name":"stdout","time":222.64743998,"data":"[Game 2250] Range: 1-9 | Median/Mean: 4.0 / 3.723 | Fail: 0.622%\n"}
,{"stream_name":"stdout","time":223.732258455,"data":"[Game 2260] Range: 1-9 | Median/Mean: 4.0 / 3.726 | Fail: 0.664%\n"}
,{"stream_name":"stdout","time":224.477617815,"data":"[Game 2270] Range: 1-9 | Median/Mean: 4.0 / 3.723 | Fail: 0.661%\n"}
,{"stream_name":"stdout","time":225.361155233,"data":"[Game 2280] Range: 1-9 | Median/Mean: 4.0 / 3.724 | Fail: 0.658%\n"}
,{"stream_name":"stdout","time":226.374681068,"data":"[Game 2290] Range: 1-9 | Median/Mean: 4.0 / 3.726 | Fail: 0.742%\n"}
,{"stream_name":"stdout","time":227.272389627,"data":"[Game 2300] Range: 1-9 | Median/Mean: 4.0 / 3.727 | Fail: 0.783%\n"}
,{"stream_name":"stdout","time":228.173719357,"data":"[Game 2310] Range: 1-9 | Median/Mean: 4.0 / 3.727 | Fail: 0.779%\n"}
,{"stream_name":"stdout","time":228.852210448,"data":"Summary:\n"}
,{"stream_name":"stdout","time":228.868328845,"data":"Distribution across steps:\n"}
,{"stream_name":"stdout","time":228.875670234,"data":"Key Metrics:\n"}
,{"stream_name":"stderr","time":233.042615849,"data":"/opt/conda/lib/python3.7/site-packages/traitlets/traitlets.py:2567: FutureWarning: --Exporter.preprocessors=[\"remove_papermill_header.RemovePapermillHeader\"] for containers is deprecated in traitlets 5.0. You can pass `--Exporter.preprocessors item` ... multiple times to add items to a list.\n"}
,{"stream_name":"stderr","time":233.042683606,"data":"  FutureWarning,\n"}
,{"stream_name":"stderr","time":233.04269364,"data":"[NbConvertApp] Converting notebook __notebook__.ipynb to notebook\n"}
,{"stream_name":"stderr","time":233.484245019,"data":"[NbConvertApp] Writing 32706 bytes to __notebook__.ipynb\n"}
,{"stream_name":"stderr","time":236.259797821,"data":"/opt/conda/lib/python3.7/site-packages/traitlets/traitlets.py:2567: FutureWarning: --Exporter.preprocessors=[\"nbconvert.preprocessors.ExtractOutputPreprocessor\"] for containers is deprecated in traitlets 5.0. You can pass `--Exporter.preprocessors item` ... multiple times to add items to a list.\n"}
,{"stream_name":"stderr","time":236.259882612,"data":"  FutureWarning,\n"}
,{"stream_name":"stderr","time":236.259888708,"data":"[NbConvertApp] Converting notebook __notebook__.ipynb to html\n"}
,{"stream_name":"stderr","time":236.935717525,"data":"[NbConvertApp] Writing 306954 bytes to __results__.html\n"}
]