[{"stream_name":"stderr","time":13.223127267,"data":"/opt/conda/lib/python3.7/site-packages/papermill/iorw.py:50: FutureWarning: pyarrow.HadoopFileSystem is deprecated as of 2.0.0, please use pyarrow.fs.HadoopFileSystem instead.\n"}
,{"stream_name":"stderr","time":13.223195269,"data":"  from pyarrow import HadoopFileSystem\n"}
,{"stream_name":"stdout","time":14.224558102,"data":"[ ---------- LORES ----------]\n"}
,{"stream_name":"stdout","time":15.303661417,"data":"[Game 10] Range: 3-5 | Median/Mean: 4.0 / 3.900 | Fail: 0.000%\n"}
,{"stream_name":"stdout","time":16.287056341,"data":"[Game 20] Range: 3-5 | Median/Mean: 4.0 / 3.750 | Fail: 0.000%\n"}
,{"stream_name":"stdout","time":17.529695077,"data":"[Game 30] Range: 3-5 | Median/Mean: 4.0 / 3.767 | Fail: 0.000%\n"}
,{"stream_name":"stdout","time":18.595158639,"data":"[Game 40] Range: 2-6 | Median/Mean: 4.0 / 3.750 | Fail: 0.000%\n"}
,{"stream_name":"stdout","time":19.557087864,"data":"[Game 50] Range: 2-6 | Median/Mean: 4.0 / 3.660 | Fail: 0.000%\n"}
,{"stream_name":"stdout","time":20.497182977,"data":"[Game 60] Range: 2-6 | Median/Mean: 4.0 / 3.667 | Fail: 0.000%\n"}
,{"stream_name":"stdout","time":21.336727254,"data":"[Game 70] Range: 2-6 | Median/Mean: 4.0 / 3.643 | Fail: 0.000%\n"}
,{"stream_name":"stdout","time":22.054105076,"data":"[Game 80] Range: 2-6 | Median/Mean: 4.0 / 3.612 | Fail: 0.000%\n"}
,{"stream_name":"stdout","time":22.878376523,"data":"[Game 90] Range: 2-6 | Median/Mean: 4.0 / 3.600 | Fail: 0.000%\n"}
,{"stream_name":"stdout","time":23.489354839,"data":"[Game 100] Range: 2-6 | Median/Mean: 3.0 / 3.530 | Fail: 0.000%\n"}
,{"stream_name":"stdout","time":24.602057978,"data":"[Game 110] Range: 2-6 | Median/Mean: 4.0 / 3.582 | Fail: 0.000%\n"}
,{"stream_name":"stdout","time":25.570648126000002,"data":"[Game 120] Range: 2-7 | Median/Mean: 4.0 / 3.600 | Fail: 0.833%\n"}
,{"stream_name":"stdout","time":26.332243848,"data":"[Game 130] Range: 2-7 | Median/Mean: 3.0 / 3.577 | Fail: 0.769%\n"}
,{"stream_name":"stdout","time":27.119073658,"data":"[Game 140] Range: 2-7 | Median/Mean: 3.0 / 3.571 | Fail: 0.714%\n"}
,{"stream_name":"stdout","time":28.011090609,"data":"[Game 150] Range: 2-7 | Median/Mean: 3.0 / 3.553 | Fail: 0.667%\n"}
,{"stream_name":"stdout","time":28.842056026,"data":"[Game 160] Range: 2-7 | Median/Mean: 3.0 / 3.550 | Fail: 0.625%\n"}
,{"stream_name":"stdout","time":29.695891732,"data":"[Game 170] Range: 2-7 | Median/Mean: 3.0 / 3.541 | Fail: 0.588%\n"}
,{"stream_name":"stdout","time":30.512189309,"data":"[Game 180] Range: 2-7 | Median/Mean: 3.0 / 3.517 | Fail: 0.556%\n"}
,{"stream_name":"stdout","time":31.571680973,"data":"[Game 190] Range: 2-7 | Median/Mean: 3.0 / 3.526 | Fail: 0.526%\n"}
,{"stream_name":"stdout","time":32.486264315,"data":"[Game 200] Range: 2-7 | Median/Mean: 3.0 / 3.550 | Fail: 0.500%\n"}
,{"stream_name":"stdout","time":33.477073762,"data":"[Game 210] Range: 2-7 | Median/Mean: 3.5 / 3.571 | Fail: 0.476%\n"}
,{"stream_name":"stdout","time":34.381128032,"data":"[Game 220] Range: 2-7 | Median/Mean: 3.0 / 3.564 | Fail: 0.455%\n"}
,{"stream_name":"stdout","time":35.177595305,"data":"[Game 230] Range: 2-7 | Median/Mean: 3.0 / 3.543 | Fail: 0.435%\n"}
,{"stream_name":"stdout","time":36.104878066,"data":"[Game 240] Range: 2-7 | Median/Mean: 3.0 / 3.554 | Fail: 0.417%\n"}
,{"stream_name":"stdout","time":36.92919066,"data":"[Game 250] Range: 2-7 | Median/Mean: 3.0 / 3.552 | Fail: 0.400%\n"}
,{"stream_name":"stdout","time":37.714155007,"data":"[Game 260] Range: 2-7 | Median/Mean: 3.0 / 3.546 | Fail: 0.385%\n"}
,{"stream_name":"stdout","time":38.475404764,"data":"[Game 270] Range: 2-7 | Median/Mean: 3.0 / 3.526 | Fail: 0.370%\n"}
,{"stream_name":"stdout","time":39.312018487,"data":"[Game 280] Range: 2-7 | Median/Mean: 3.0 / 3.521 | Fail: 0.357%\n"}
,{"stream_name":"stdout","time":40.285245588,"data":"[Game 290] Range: 2-7 | Median/Mean: 3.0 / 3.534 | Fail: 0.345%\n"}
,{"stream_name":"stdout","time":41.254773704,"data":"[Game 300] Range: 2-7 | Median/Mean: 3.0 / 3.533 | Fail: 0.333%\n"}
,{"stream_name":"stdout","time":42.188166345,"data":"[Game 310] Range: 2-7 | Median/Mean: 3.0 / 3.529 | Fail: 0.323%\n"}
,{"stream_name":"stdout","time":43.158324869,"data":"[Game 320] Range: 2-7 | Median/Mean: 3.0 / 3.538 | Fail: 0.312%\n"}
,{"stream_name":"stdout","time":43.914407661,"data":"[Game 330] Range: 2-7 | Median/Mean: 3.0 / 3.530 | Fail: 0.303%\n"}
,{"stream_name":"stdout","time":44.942491119,"data":"[Game 340] Range: 2-7 | Median/Mean: 3.0 / 3.535 | Fail: 0.294%\n"}
,{"stream_name":"stdout","time":45.683483142,"data":"[Game 350] Range: 2-7 | Median/Mean: 3.0 / 3.526 | Fail: 0.286%\n"}
,{"stream_name":"stdout","time":46.695678843,"data":"[Game 360] Range: 2-7 | Median/Mean: 3.0 / 3.533 | Fail: 0.278%\n"}
,{"stream_name":"stdout","time":47.601657071,"data":"[Game 370] Range: 2-7 | Median/Mean: 3.0 / 3.541 | Fail: 0.270%\n"}
,{"stream_name":"stdout","time":48.56124733,"data":"[Game 380] Range: 2-7 | Median/Mean: 3.0 / 3.542 | Fail: 0.263%\n"}
,{"stream_name":"stdout","time":49.523066374,"data":"[Game 390] Range: 2-7 | Median/Mean: 3.0 / 3.549 | Fail: 0.256%\n"}
,{"stream_name":"stdout","time":50.70067007,"data":"[Game 400] Range: 2-7 | Median/Mean: 3.0 / 3.567 | Fail: 0.250%\n"}
,{"stream_name":"stdout","time":51.608208365,"data":"[Game 410] Range: 2-7 | Median/Mean: 3.5 / 3.568 | Fail: 0.244%\n"}
,{"stream_name":"stdout","time":52.717474774,"data":"[Game 420] Range: 2-7 | Median/Mean: 4.0 / 3.590 | Fail: 0.476%\n"}
,{"stream_name":"stdout","time":53.575211844,"data":"[Game 430] Range: 2-7 | Median/Mean: 3.5 / 3.581 | Fail: 0.465%\n"}
,{"stream_name":"stdout","time":54.526946959,"data":"[Game 440] Range: 2-7 | Median/Mean: 3.5 / 3.582 | Fail: 0.455%\n"}
,{"stream_name":"stdout","time":55.439031876,"data":"[Game 450] Range: 2-7 | Median/Mean: 4.0 / 3.584 | Fail: 0.444%\n"}
,{"stream_name":"stdout","time":56.408676603,"data":"[Game 460] Range: 2-7 | Median/Mean: 4.0 / 3.589 | Fail: 0.435%\n"}
,{"stream_name":"stdout","time":57.336320861,"data":"[Game 470] Range: 2-8 | Median/Mean: 4.0 / 3.594 | Fail: 0.638%\n"}
,{"stream_name":"stdout","time":58.166838879,"data":"[Game 480] Range: 2-8 | Median/Mean: 4.0 / 3.587 | Fail: 0.625%\n"}
,{"stream_name":"stdout","time":59.09715999,"data":"[Game 490] Range: 2-8 | Median/Mean: 4.0 / 3.592 | Fail: 0.612%\n"}
,{"stream_name":"stdout","time":59.980796819,"data":"[Game 500] Range: 2-8 | Median/Mean: 4.0 / 3.590 | Fail: 0.600%\n"}
,{"stream_name":"stdout","time":61.027392877,"data":"[Game 510] Range: 2-8 | Median/Mean: 4.0 / 3.600 | Fail: 0.784%\n"}
,{"stream_name":"stdout","time":61.948160837,"data":"[Game 520] Range: 2-8 | Median/Mean: 4.0 / 3.600 | Fail: 0.769%\n"}
,{"stream_name":"stdout","time":62.822517861,"data":"[Game 530] Range: 2-8 | Median/Mean: 4.0 / 3.596 | Fail: 0.755%\n"}
,{"stream_name":"stdout","time":63.830564256,"data":"[Game 540] Range: 2-8 | Median/Mean: 4.0 / 3.606 | Fail: 0.741%\n"}
,{"stream_name":"stdout","time":64.759979103,"data":"[Game 550] Range: 2-8 | Median/Mean: 4.0 / 3.605 | Fail: 0.727%\n"}
,{"stream_name":"stdout","time":65.835109397,"data":"[Game 560] Range: 2-8 | Median/Mean: 4.0 / 3.612 | Fail: 0.714%\n"}
,{"stream_name":"stdout","time":66.807507422,"data":"[Game 570] Range: 2-8 | Median/Mean: 4.0 / 3.618 | Fail: 0.702%\n"}
,{"stream_name":"stdout","time":67.605464214,"data":"[Game 580] Range: 2-8 | Median/Mean: 4.0 / 3.614 | Fail: 0.690%\n"}
,{"stream_name":"stdout","time":68.683859797,"data":"[Game 590] Range: 2-8 | Median/Mean: 4.0 / 3.620 | Fail: 0.678%\n"}
,{"stream_name":"stdout","time":69.389287159,"data":"[Game 600] Range: 2-8 | Median/Mean: 4.0 / 3.615 | Fail: 0.667%\n"}
,{"stream_name":"stdout","time":70.197911839,"data":"[Game 610] Range: 2-8 | Median/Mean: 4.0 / 3.611 | Fail: 0.656%\n"}
,{"stream_name":"stdout","time":71.081854015,"data":"[Game 620] Range: 2-8 | Median/Mean: 4.0 / 3.611 | Fail: 0.645%\n"}
,{"stream_name":"stdout","time":72.134577702,"data":"[Game 630] Range: 2-8 | Median/Mean: 4.0 / 3.617 | Fail: 0.635%\n"}
,{"stream_name":"stdout","time":73.329363446,"data":"[Game 640] Range: 2-8 | Median/Mean: 4.0 / 3.628 | Fail: 0.625%\n"}
,{"stream_name":"stdout","time":74.317847216,"data":"[Game 650] Range: 2-8 | Median/Mean: 4.0 / 3.632 | Fail: 0.615%\n"}
,{"stream_name":"stdout","time":75.289856207,"data":"[Game 660] Range: 2-8 | Median/Mean: 4.0 / 3.636 | Fail: 0.606%\n"}
,{"stream_name":"stdout","time":76.115290984,"data":"[Game 670] Range: 2-8 | Median/Mean: 4.0 / 3.637 | Fail: 0.597%\n"}
,{"stream_name":"stdout","time":76.981924858,"data":"[Game 680] Range: 2-8 | Median/Mean: 4.0 / 3.634 | Fail: 0.588%\n"}
,{"stream_name":"stdout","time":77.783535668,"data":"[Game 690] Range: 2-8 | Median/Mean: 4.0 / 3.632 | Fail: 0.580%\n"}
,{"stream_name":"stdout","time":78.679454773,"data":"[Game 700] Range: 2-8 | Median/Mean: 4.0 / 3.633 | Fail: 0.571%\n"}
,{"stream_name":"stdout","time":79.750600899,"data":"[Game 710] Range: 2-8 | Median/Mean: 4.0 / 3.637 | Fail: 0.563%\n"}
,{"stream_name":"stdout","time":80.6464402,"data":"[Game 720] Range: 2-8 | Median/Mean: 4.0 / 3.639 | Fail: 0.556%\n"}
,{"stream_name":"stdout","time":81.520746422,"data":"[Game 730] Range: 2-8 | Median/Mean: 4.0 / 3.637 | Fail: 0.548%\n"}
,{"stream_name":"stdout","time":82.400935405,"data":"[Game 740] Range: 2-8 | Median/Mean: 4.0 / 3.636 | Fail: 0.541%\n"}
,{"stream_name":"stdout","time":83.390508452,"data":"[Game 750] Range: 2-8 | Median/Mean: 4.0 / 3.639 | Fail: 0.533%\n"}
,{"stream_name":"stdout","time":84.416207805,"data":"[Game 760] Range: 2-8 | Median/Mean: 4.0 / 3.642 | Fail: 0.526%\n"}
,{"stream_name":"stdout","time":85.396317178,"data":"[Game 770] Range: 2-8 | Median/Mean: 4.0 / 3.643 | Fail: 0.519%\n"}
,{"stream_name":"stdout","time":86.309421635,"data":"[Game 780] Range: 2-8 | Median/Mean: 4.0 / 3.642 | Fail: 0.513%\n"}
,{"stream_name":"stdout","time":87.228206779,"data":"[Game 790] Range: 2-8 | Median/Mean: 4.0 / 3.642 | Fail: 0.506%\n"}
,{"stream_name":"stdout","time":88.085929639,"data":"[Game 800] Range: 2-8 | Median/Mean: 4.0 / 3.643 | Fail: 0.500%\n"}
,{"stream_name":"stdout","time":88.831514626,"data":"[Game 810] Range: 2-8 | Median/Mean: 4.0 / 3.637 | Fail: 0.494%\n"}
,{"stream_name":"stdout","time":89.785516252,"data":"[Game 820] Range: 2-8 | Median/Mean: 4.0 / 3.640 | Fail: 0.488%\n"}
,{"stream_name":"stdout","time":90.818663595,"data":"[Game 830] Range: 2-8 | Median/Mean: 4.0 / 3.642 | Fail: 0.482%\n"}
,{"stream_name":"stdout","time":91.755964001,"data":"[Game 840] Range: 2-8 | Median/Mean: 4.0 / 3.644 | Fail: 0.476%\n"}
,{"stream_name":"stdout","time":92.686516919,"data":"[Game 850] Range: 2-8 | Median/Mean: 4.0 / 3.647 | Fail: 0.471%\n"}
,{"stream_name":"stdout","time":93.574935942,"data":"[Game 860] Range: 2-8 | Median/Mean: 4.0 / 3.648 | Fail: 0.465%\n"}
,{"stream_name":"stdout","time":94.540925149,"data":"[Game 870] Range: 2-8 | Median/Mean: 4.0 / 3.651 | Fail: 0.460%\n"}
,{"stream_name":"stdout","time":95.459457101,"data":"[Game 880] Range: 2-8 | Median/Mean: 4.0 / 3.651 | Fail: 0.455%\n"}
,{"stream_name":"stdout","time":96.323834665,"data":"[Game 890] Range: 2-8 | Median/Mean: 4.0 / 3.653 | Fail: 0.562%\n"}
,{"stream_name":"stdout","time":97.140307264,"data":"[Game 900] Range: 2-8 | Median/Mean: 4.0 / 3.652 | Fail: 0.556%\n"}
,{"stream_name":"stdout","time":98.001603519,"data":"[Game 910] Range: 2-8 | Median/Mean: 4.0 / 3.654 | Fail: 0.549%\n"}
,{"stream_name":"stdout","time":98.971310368,"data":"[Game 920] Range: 2-8 | Median/Mean: 4.0 / 3.657 | Fail: 0.543%\n"}
,{"stream_name":"stdout","time":99.816211718,"data":"[Game 930] Range: 2-8 | Median/Mean: 4.0 / 3.658 | Fail: 0.538%\n"}
,{"stream_name":"stdout","time":100.782624291,"data":"[Game 940] Range: 2-8 | Median/Mean: 4.0 / 3.660 | Fail: 0.532%\n"}
,{"stream_name":"stdout","time":101.644986395,"data":"[Game 950] Range: 2-8 | Median/Mean: 4.0 / 3.658 | Fail: 0.526%\n"}
,{"stream_name":"stdout","time":102.651191251,"data":"[Game 960] Range: 2-8 | Median/Mean: 4.0 / 3.664 | Fail: 0.521%\n"}
,{"stream_name":"stdout","time":103.545586227,"data":"[Game 970] Range: 2-8 | Median/Mean: 4.0 / 3.660 | Fail: 0.515%\n"}
,{"stream_name":"stdout","time":104.414770502,"data":"[Game 980] Range: 2-8 | Median/Mean: 4.0 / 3.657 | Fail: 0.510%\n"}
,{"stream_name":"stdout","time":105.502071548,"data":"[Game 990] Range: 2-8 | Median/Mean: 4.0 / 3.661 | Fail: 0.505%\n"}
,{"stream_name":"stdout","time":106.528057652,"data":"[Game 1000] Range: 2-8 | Median/Mean: 4.0 / 3.664 | Fail: 0.500%\n"}
,{"stream_name":"stdout","time":107.563593411,"data":"[Game 1010] Range: 2-8 | Median/Mean: 4.0 / 3.668 | Fail: 0.495%\n"}
,{"stream_name":"stdout","time":108.434596035,"data":"[Game 1020] Range: 2-8 | Median/Mean: 4.0 / 3.670 | Fail: 0.490%\n"}
,{"stream_name":"stdout","time":109.322952348,"data":"[Game 1030] Range: 2-8 | Median/Mean: 4.0 / 3.668 | Fail: 0.485%\n"}
,{"stream_name":"stdout","time":110.389069965,"data":"[Game 1040] Range: 2-8 | Median/Mean: 4.0 / 3.670 | Fail: 0.481%\n"}
,{"stream_name":"stdout","time":111.417188992,"data":"[Game 1050] Range: 2-8 | Median/Mean: 4.0 / 3.673 | Fail: 0.476%\n"}
,{"stream_name":"stdout","time":112.593161995,"data":"[Game 1060] Range: 2-8 | Median/Mean: 4.0 / 3.679 | Fail: 0.472%\n"}
,{"stream_name":"stdout","time":113.42298224,"data":"[Game 1070] Range: 2-8 | Median/Mean: 4.0 / 3.679 | Fail: 0.467%\n"}
,{"stream_name":"stdout","time":114.472518224,"data":"[Game 1080] Range: 2-8 | Median/Mean: 4.0 / 3.682 | Fail: 0.463%\n"}
,{"stream_name":"stdout","time":115.642228141,"data":"[Game 1090] Range: 2-8 | Median/Mean: 4.0 / 3.690 | Fail: 0.550%\n"}
,{"stream_name":"stdout","time":116.5271264,"data":"[Game 1100] Range: 2-8 | Median/Mean: 4.0 / 3.690 | Fail: 0.545%\n"}
,{"stream_name":"stdout","time":117.490212535,"data":"[Game 1110] Range: 2-8 | Median/Mean: 4.0 / 3.692 | Fail: 0.541%\n"}
,{"stream_name":"stdout","time":118.394979664,"data":"[Game 1120] Range: 2-8 | Median/Mean: 4.0 / 3.691 | Fail: 0.536%\n"}
,{"stream_name":"stdout","time":119.268766375,"data":"[Game 1130] Range: 2-8 | Median/Mean: 4.0 / 3.691 | Fail: 0.531%\n"}
,{"stream_name":"stdout","time":120.311518563,"data":"[Game 1140] Range: 2-8 | Median/Mean: 4.0 / 3.695 | Fail: 0.526%\n"}
,{"stream_name":"stdout","time":121.239481958,"data":"[Game 1150] Range: 2-8 | Median/Mean: 4.0 / 3.698 | Fail: 0.522%\n"}
,{"stream_name":"stdout","time":122.027165825,"data":"[Game 1160] Range: 2-8 | Median/Mean: 4.0 / 3.695 | Fail: 0.517%\n"}
,{"stream_name":"stdout","time":123.023582225,"data":"[Game 1170] Range: 2-8 | Median/Mean: 4.0 / 3.696 | Fail: 0.513%\n"}
,{"stream_name":"stdout","time":123.937093034,"data":"[Game 1180] Range: 2-8 | Median/Mean: 4.0 / 3.695 | Fail: 0.508%\n"}
,{"stream_name":"stdout","time":124.923693216,"data":"[Game 1190] Range: 2-8 | Median/Mean: 4.0 / 3.697 | Fail: 0.504%\n"}
,{"stream_name":"stdout","time":125.960776213,"data":"[Game 1200] Range: 2-8 | Median/Mean: 4.0 / 3.702 | Fail: 0.500%\n"}
,{"stream_name":"stdout","time":126.919918333,"data":"[Game 1210] Range: 2-8 | Median/Mean: 4.0 / 3.703 | Fail: 0.496%\n"}
,{"stream_name":"stdout","time":127.988255051,"data":"[Game 1220] Range: 2-8 | Median/Mean: 4.0 / 3.707 | Fail: 0.492%\n"}
,{"stream_name":"stdout","time":129.11705681,"data":"[Game 1230] Range: 2-8 | Median/Mean: 4.0 / 3.715 | Fail: 0.569%\n"}
,{"stream_name":"stdout","time":129.900688172,"data":"[Game 1240] Range: 2-8 | Median/Mean: 4.0 / 3.715 | Fail: 0.565%\n"}
,{"stream_name":"stdout","time":130.881926,"data":"[Game 1250] Range: 2-8 | Median/Mean: 4.0 / 3.717 | Fail: 0.560%\n"}
,{"stream_name":"stdout","time":131.87951723,"data":"[Game 1260] Range: 2-8 | Median/Mean: 4.0 / 3.719 | Fail: 0.556%\n"}
,{"stream_name":"stdout","time":132.892326407,"data":"[Game 1270] Range: 2-8 | Median/Mean: 4.0 / 3.719 | Fail: 0.551%\n"}
,{"stream_name":"stdout","time":133.652023476,"data":"[Game 1280] Range: 2-8 | Median/Mean: 4.0 / 3.716 | Fail: 0.547%\n"}
,{"stream_name":"stdout","time":134.518758771,"data":"[Game 1290] Range: 2-8 | Median/Mean: 4.0 / 3.714 | Fail: 0.543%\n"}
,{"stream_name":"stdout","time":135.402210338,"data":"[Game 1300] Range: 2-8 | Median/Mean: 4.0 / 3.714 | Fail: 0.538%\n"}
,{"stream_name":"stdout","time":136.311837653,"data":"[Game 1310] Range: 2-8 | Median/Mean: 4.0 / 3.714 | Fail: 0.534%\n"}
,{"stream_name":"stdout","time":137.145659528,"data":"[Game 1320] Range: 2-8 | Median/Mean: 4.0 / 3.712 | Fail: 0.530%\n"}
,{"stream_name":"stdout","time":138.080927347,"data":"[Game 1330] Range: 2-8 | Median/Mean: 4.0 / 3.713 | Fail: 0.526%\n"}
,{"stream_name":"stdout","time":139.167933018,"data":"[Game 1340] Range: 2-8 | Median/Mean: 4.0 / 3.714 | Fail: 0.522%\n"}
,{"stream_name":"stdout","time":140.072950108,"data":"[Game 1350] Range: 2-8 | Median/Mean: 4.0 / 3.716 | Fail: 0.519%\n"}
,{"stream_name":"stdout","time":141.067738738,"data":"[Game 1360] Range: 2-8 | Median/Mean: 4.0 / 3.717 | Fail: 0.515%\n"}
,{"stream_name":"stdout","time":142.002192279,"data":"[Game 1370] Range: 2-8 | Median/Mean: 4.0 / 3.717 | Fail: 0.511%\n"}
,{"stream_name":"stdout","time":143.044408071,"data":"[Game 1380] Range: 2-8 | Median/Mean: 4.0 / 3.718 | Fail: 0.507%\n"}
,{"stream_name":"stdout","time":144.097669091,"data":"[Game 1390] Range: 2-8 | Median/Mean: 4.0 / 3.720 | Fail: 0.504%\n"}
,{"stream_name":"stdout","time":144.861658074,"data":"[Game 1400] Range: 2-8 | Median/Mean: 4.0 / 3.716 | Fail: 0.500%\n"}
,{"stream_name":"stdout","time":145.871946895,"data":"[Game 1410] Range: 2-8 | Median/Mean: 4.0 / 3.721 | Fail: 0.496%\n"}
,{"stream_name":"stdout","time":146.74094046,"data":"[Game 1420] Range: 2-8 | Median/Mean: 4.0 / 3.722 | Fail: 0.493%\n"}
,{"stream_name":"stdout","time":147.587953779,"data":"[Game 1430] Range: 2-8 | Median/Mean: 4.0 / 3.722 | Fail: 0.490%\n"}
,{"stream_name":"stdout","time":148.530342045,"data":"[Game 1440] Range: 2-8 | Median/Mean: 4.0 / 3.724 | Fail: 0.486%\n"}
,{"stream_name":"stdout","time":149.488837261,"data":"[Game 1450] Range: 2-8 | Median/Mean: 4.0 / 3.725 | Fail: 0.483%\n"}
,{"stream_name":"stdout","time":150.280598167,"data":"[Game 1460] Range: 2-8 | Median/Mean: 4.0 / 3.723 | Fail: 0.479%\n"}
,{"stream_name":"stdout","time":151.350609551,"data":"[Game 1470] Range: 2-8 | Median/Mean: 4.0 / 3.727 | Fail: 0.476%\n"}
,{"stream_name":"stdout","time":152.403459935,"data":"[Game 1480] Range: 2-8 | Median/Mean: 4.0 / 3.732 | Fail: 0.473%\n"}
,{"stream_name":"stdout","time":153.290649885,"data":"[Game 1490] Range: 2-8 | Median/Mean: 4.0 / 3.732 | Fail: 0.470%\n"}
,{"stream_name":"stdout","time":154.349881005,"data":"[Game 1500] Range: 2-8 | Median/Mean: 4.0 / 3.733 | Fail: 0.467%\n"}
,{"stream_name":"stdout","time":155.443219179,"data":"[Game 1510] Range: 2-8 | Median/Mean: 4.0 / 3.736 | Fail: 0.464%\n"}
,{"stream_name":"stdout","time":156.321300881,"data":"[Game 1520] Range: 2-8 | Median/Mean: 4.0 / 3.736 | Fail: 0.461%\n"}
,{"stream_name":"stdout","time":157.475318279,"data":"[Game 1530] Range: 2-8 | Median/Mean: 4.0 / 3.739 | Fail: 0.458%\n"}
,{"stream_name":"stdout","time":158.667501102,"data":"[Game 1540] Range: 2-8 | Median/Mean: 4.0 / 3.744 | Fail: 0.455%\n"}
,{"stream_name":"stdout","time":159.591636035,"data":"[Game 1550] Range: 2-8 | Median/Mean: 4.0 / 3.742 | Fail: 0.452%\n"}
,{"stream_name":"stdout","time":160.648102474,"data":"[Game 1560] Range: 2-8 | Median/Mean: 4.0 / 3.745 | Fail: 0.449%\n"}
,{"stream_name":"stdout","time":161.536412081,"data":"[Game 1570] Range: 2-8 | Median/Mean: 4.0 / 3.746 | Fail: 0.510%\n"}
,{"stream_name":"stdout","time":162.448094171,"data":"[Game 1580] Range: 2-8 | Median/Mean: 4.0 / 3.747 | Fail: 0.506%\n"}
,{"stream_name":"stdout","time":163.267162935,"data":"[Game 1590] Range: 2-8 | Median/Mean: 4.0 / 3.745 | Fail: 0.503%\n"}
,{"stream_name":"stdout","time":164.173498486,"data":"[Game 1600] Range: 2-8 | Median/Mean: 4.0 / 3.744 | Fail: 0.500%\n"}
,{"stream_name":"stdout","time":165.118482893,"data":"[Game 1610] Range: 2-8 | Median/Mean: 4.0 / 3.745 | Fail: 0.559%\n"}
,{"stream_name":"stdout","time":166.084470837,"data":"[Game 1620] Range: 2-8 | Median/Mean: 4.0 / 3.745 | Fail: 0.556%\n"}
,{"stream_name":"stdout","time":167.324031356,"data":"[Game 1630] Range: 2-8 | Median/Mean: 4.0 / 3.749 | Fail: 0.613%\n"}
,{"stream_name":"stdout","time":168.303326366,"data":"[Game 1640] Range: 2-8 | Median/Mean: 4.0 / 3.752 | Fail: 0.671%\n"}
,{"stream_name":"stdout","time":169.120297893,"data":"[Game 1650] Range: 2-8 | Median/Mean: 4.0 / 3.752 | Fail: 0.667%\n"}
,{"stream_name":"stdout","time":170.026268305,"data":"[Game 1660] Range: 2-8 | Median/Mean: 4.0 / 3.751 | Fail: 0.663%\n"}
,{"stream_name":"stdout","time":170.927860873,"data":"[Game 1670] Range: 2-8 | Median/Mean: 4.0 / 3.751 | Fail: 0.659%\n"}
,{"stream_name":"stdout","time":172.023487442,"data":"[Game 1680] Range: 2-8 | Median/Mean: 4.0 / 3.754 | Fail: 0.655%\n"}
,{"stream_name":"stdout","time":172.78813785,"data":"[Game 1690] Range: 2-8 | Median/Mean: 4.0 / 3.751 | Fail: 0.651%\n"}
,{"stream_name":"stdout","time":173.740060223,"data":"[Game 1700] Range: 2-8 | Median/Mean: 4.0 / 3.754 | Fail: 0.647%\n"}
,{"stream_name":"stdout","time":174.89721868,"data":"[Game 1710] Range: 2-8 | Median/Mean: 4.0 / 3.758 | Fail: 0.643%\n"}
,{"stream_name":"stdout","time":175.980332275,"data":"[Game 1720] Range: 2-9 | Median/Mean: 4.0 / 3.761 | Fail: 0.698%\n"}
,{"stream_name":"stdout","time":177.015785543,"data":"[Game 1730] Range: 2-9 | Median/Mean: 4.0 / 3.763 | Fail: 0.694%\n"}
,{"stream_name":"stdout","time":178.099299944,"data":"[Game 1740] Range: 2-9 | Median/Mean: 4.0 / 3.764 | Fail: 0.690%\n"}
,{"stream_name":"stdout","time":179.073827917,"data":"[Game 1750] Range: 2-9 | Median/Mean: 4.0 / 3.766 | Fail: 0.686%\n"}
,{"stream_name":"stdout","time":179.79850971,"data":"[Game 1760] Range: 2-9 | Median/Mean: 4.0 / 3.764 | Fail: 0.682%\n"}
,{"stream_name":"stdout","time":180.659798123,"data":"[Game 1770] Range: 2-9 | Median/Mean: 4.0 / 3.763 | Fail: 0.678%\n"}
,{"stream_name":"stdout","time":181.808519272,"data":"[Game 1780] Range: 2-9 | Median/Mean: 4.0 / 3.768 | Fail: 0.674%\n"}
,{"stream_name":"stdout","time":182.647826334,"data":"[Game 1790] Range: 2-9 | Median/Mean: 4.0 / 3.768 | Fail: 0.670%\n"}
,{"stream_name":"stdout","time":183.507086311,"data":"[Game 1800] Range: 2-9 | Median/Mean: 4.0 / 3.767 | Fail: 0.667%\n"}
,{"stream_name":"stdout","time":184.520349414,"data":"[Game 1810] Range: 2-9 | Median/Mean: 4.0 / 3.769 | Fail: 0.663%\n"}
,{"stream_name":"stdout","time":185.253839092,"data":"[Game 1820] Range: 2-9 | Median/Mean: 4.0 / 3.768 | Fail: 0.659%\n"}
,{"stream_name":"stdout","time":186.419351182,"data":"[Game 1830] Range: 2-9 | Median/Mean: 4.0 / 3.771 | Fail: 0.656%\n"}
,{"stream_name":"stdout","time":187.147844788,"data":"[Game 1840] Range: 2-9 | Median/Mean: 4.0 / 3.768 | Fail: 0.652%\n"}
,{"stream_name":"stdout","time":188.217383506,"data":"[Game 1850] Range: 2-9 | Median/Mean: 4.0 / 3.772 | Fail: 0.649%\n"}
,{"stream_name":"stdout","time":189.204205076,"data":"[Game 1860] Range: 2-9 | Median/Mean: 4.0 / 3.773 | Fail: 0.645%\n"}
,{"stream_name":"stdout","time":189.976116513,"data":"[Game 1870] Range: 2-9 | Median/Mean: 4.0 / 3.772 | Fail: 0.642%\n"}
,{"stream_name":"stdout","time":190.905621128,"data":"[Game 1880] Range: 2-9 | Median/Mean: 4.0 / 3.774 | Fail: 0.638%\n"}
,{"stream_name":"stdout","time":191.924575643,"data":"[Game 1890] Range: 2-9 | Median/Mean: 4.0 / 3.777 | Fail: 0.635%\n"}
,{"stream_name":"stdout","time":192.954381845,"data":"[Game 1900] Range: 2-9 | Median/Mean: 4.0 / 3.778 | Fail: 0.632%\n"}
,{"stream_name":"stdout","time":194.136065962,"data":"[Game 1910] Range: 2-9 | Median/Mean: 4.0 / 3.782 | Fail: 0.628%\n"}
,{"stream_name":"stdout","time":195.035987599,"data":"[Game 1920] Range: 2-9 | Median/Mean: 4.0 / 3.782 | Fail: 0.625%\n"}
,{"stream_name":"stdout","time":195.985147696,"data":"[Game 1930] Range: 2-9 | Median/Mean: 4.0 / 3.783 | Fail: 0.622%\n"}
,{"stream_name":"stdout","time":196.852524876,"data":"[Game 1940] Range: 2-9 | Median/Mean: 4.0 / 3.784 | Fail: 0.619%\n"}
,{"stream_name":"stdout","time":197.887438025,"data":"[Game 1950] Range: 2-9 | Median/Mean: 4.0 / 3.785 | Fail: 0.615%\n"}
,{"stream_name":"stdout","time":198.846021124,"data":"[Game 1960] Range: 2-9 | Median/Mean: 4.0 / 3.787 | Fail: 0.612%\n"}
,{"stream_name":"stdout","time":199.712937968,"data":"[Game 1970] Range: 2-9 | Median/Mean: 4.0 / 3.788 | Fail: 0.609%\n"}
,{"stream_name":"stdout","time":200.744238166,"data":"[Game 1980] Range: 2-9 | Median/Mean: 4.0 / 3.789 | Fail: 0.606%\n"}
,{"stream_name":"stdout","time":201.562196355,"data":"[Game 1990] Range: 2-9 | Median/Mean: 4.0 / 3.789 | Fail: 0.603%\n"}
,{"stream_name":"stdout","time":202.798942186,"data":"[Game 2000] Range: 2-9 | Median/Mean: 4.0 / 3.794 | Fail: 0.650%\n"}
,{"stream_name":"stdout","time":203.760307122,"data":"[Game 2010] Range: 2-9 | Median/Mean: 4.0 / 3.795 | Fail: 0.647%\n"}
,{"stream_name":"stdout","time":204.89576065,"data":"[Game 2020] Range: 2-9 | Median/Mean: 4.0 / 3.799 | Fail: 0.644%\n"}
,{"stream_name":"stdout","time":206.080454976,"data":"[Game 2030] Range: 2-9 | Median/Mean: 4.0 / 3.803 | Fail: 0.640%\n"}
,{"stream_name":"stdout","time":206.815889903,"data":"[Game 2040] Range: 2-9 | Median/Mean: 4.0 / 3.801 | Fail: 0.637%\n"}
,{"stream_name":"stdout","time":208.03236336,"data":"[Game 2050] Range: 2-9 | Median/Mean: 4.0 / 3.805 | Fail: 0.683%\n"}
,{"stream_name":"stdout","time":209.016982976,"data":"[Game 2060] Range: 2-9 | Median/Mean: 4.0 / 3.806 | Fail: 0.680%\n"}
,{"stream_name":"stdout","time":210.124484391,"data":"[Game 2070] Range: 2-9 | Median/Mean: 4.0 / 3.809 | Fail: 0.725%\n"}
,{"stream_name":"stdout","time":211.214156357,"data":"[Game 2080] Range: 2-9 | Median/Mean: 4.0 / 3.812 | Fail: 0.721%\n"}
,{"stream_name":"stdout","time":212.168724726,"data":"[Game 2090] Range: 2-9 | Median/Mean: 4.0 / 3.813 | Fail: 0.718%\n"}
,{"stream_name":"stdout","time":213.200137716,"data":"[Game 2100] Range: 2-9 | Median/Mean: 4.0 / 3.814 | Fail: 0.714%\n"}
,{"stream_name":"stdout","time":214.115672049,"data":"[Game 2110] Range: 2-9 | Median/Mean: 4.0 / 3.814 | Fail: 0.711%\n"}
,{"stream_name":"stdout","time":215.115369403,"data":"[Game 2120] Range: 2-9 | Median/Mean: 4.0 / 3.816 | Fail: 0.708%\n"}
,{"stream_name":"stdout","time":216.295712505,"data":"[Game 2130] Range: 2-9 | Median/Mean: 4.0 / 3.818 | Fail: 0.704%\n"}
,{"stream_name":"stdout","time":217.364037148,"data":"[Game 2140] Range: 2-9 | Median/Mean: 4.0 / 3.821 | Fail: 0.701%\n"}
,{"stream_name":"stdout","time":218.205408254,"data":"[Game 2150] Range: 2-9 | Median/Mean: 4.0 / 3.820 | Fail: 0.698%\n"}
,{"stream_name":"stdout","time":219.352792786,"data":"[Game 2160] Range: 2-9 | Median/Mean: 4.0 / 3.824 | Fail: 0.694%\n"}
,{"stream_name":"stdout","time":220.552309307,"data":"[Game 2170] Range: 2-9 | Median/Mean: 4.0 / 3.827 | Fail: 0.691%\n"}
,{"stream_name":"stdout","time":221.683405747,"data":"[Game 2180] Range: 2-9 | Median/Mean: 4.0 / 3.829 | Fail: 0.734%\n"}
,{"stream_name":"stdout","time":222.747057047,"data":"[Game 2190] Range: 2-9 | Median/Mean: 4.0 / 3.830 | Fail: 0.731%\n"}
,{"stream_name":"stdout","time":223.736545368,"data":"[Game 2200] Range: 2-9 | Median/Mean: 4.0 / 3.831 | Fail: 0.727%\n"}
,{"stream_name":"stdout","time":224.598928163,"data":"[Game 2210] Range: 2-9 | Median/Mean: 4.0 / 3.830 | Fail: 0.724%\n"}
,{"stream_name":"stdout","time":225.569501851,"data":"[Game 2220] Range: 2-9 | Median/Mean: 4.0 / 3.832 | Fail: 0.721%\n"}
,{"stream_name":"stdout","time":226.468674972,"data":"[Game 2230] Range: 2-9 | Median/Mean: 4.0 / 3.833 | Fail: 0.762%\n"}
,{"stream_name":"stdout","time":227.333862522,"data":"[Game 2240] Range: 2-9 | Median/Mean: 4.0 / 3.833 | Fail: 0.759%\n"}
,{"stream_name":"stdout","time":228.527855548,"data":"[Game 2250] Range: 2-9 | Median/Mean: 4.0 / 3.835 | Fail: 0.756%\n"}
,{"stream_name":"stdout","time":229.480028863,"data":"[Game 2260] Range: 2-9 | Median/Mean: 4.0 / 3.837 | Fail: 0.841%\n"}
,{"stream_name":"stdout","time":230.490945527,"data":"[Game 2270] Range: 2-9 | Median/Mean: 4.0 / 3.838 | Fail: 0.837%\n"}
,{"stream_name":"stdout","time":231.410764394,"data":"[Game 2280] Range: 2-9 | Median/Mean: 4.0 / 3.839 | Fail: 0.833%\n"}
,{"stream_name":"stdout","time":232.508546838,"data":"[Game 2290] Range: 2-9 | Median/Mean: 4.0 / 3.842 | Fail: 0.873%\n"}
,{"stream_name":"stdout","time":233.505055741,"data":"[Game 2300] Range: 2-9 | Median/Mean: 4.0 / 3.843 | Fail: 0.870%\n"}
,{"stream_name":"stdout","time":234.447954389,"data":"[Game 2310] Range: 2-9 | Median/Mean: 4.0 / 3.844 | Fail: 0.866%\n"}
,{"stream_name":"stdout","time":235.239199121,"data":"Summary:\n"}
,{"stream_name":"stdout","time":235.254732096,"data":"Distribution across steps:\n"}
,{"stream_name":"stdout","time":235.265650247,"data":"Key Metrics:\n"}
,{"stream_name":"stderr","time":239.13343492,"data":"/opt/conda/lib/python3.7/site-packages/traitlets/traitlets.py:2567: FutureWarning: --Exporter.preprocessors=[\"remove_papermill_header.RemovePapermillHeader\"] for containers is deprecated in traitlets 5.0. You can pass `--Exporter.preprocessors item` ... multiple times to add items to a list.\n"}
,{"stream_name":"stderr","time":239.133499071,"data":"  FutureWarning,\n"}
,{"stream_name":"stderr","time":239.133508415,"data":"[NbConvertApp] Converting notebook __notebook__.ipynb to notebook\n"}
,{"stream_name":"stderr","time":239.562501933,"data":"[NbConvertApp] Writing 32616 bytes to __notebook__.ipynb\n"}
,{"stream_name":"stderr","time":242.084737333,"data":"/opt/conda/lib/python3.7/site-packages/traitlets/traitlets.py:2567: FutureWarning: --Exporter.preprocessors=[\"nbconvert.preprocessors.ExtractOutputPreprocessor\"] for containers is deprecated in traitlets 5.0. You can pass `--Exporter.preprocessors item` ... multiple times to add items to a list.\n"}
,{"stream_name":"stderr","time":242.084820451,"data":"  FutureWarning,\n"}
,{"stream_name":"stderr","time":242.084828936,"data":"[NbConvertApp] Converting notebook __notebook__.ipynb to html\n"}
,{"stream_name":"stderr","time":242.716667472,"data":"[NbConvertApp] Writing 306910 bytes to __results__.html\n"}
]