[{"stream_name":"stderr","time":14.967793751,"data":"/opt/conda/lib/python3.7/site-packages/papermill/iorw.py:50: FutureWarning: pyarrow.HadoopFileSystem is deprecated as of 2.0.0, please use pyarrow.fs.HadoopFileSystem instead.\n"}
,{"stream_name":"stderr","time":14.967935979,"data":"  from pyarrow import HadoopFileSystem\n"}
,{"stream_name":"stdout","time":15.985096813,"data":"[ ---------- DARES ----------]\n"}
,{"stream_name":"stdout","time":17.055135197,"data":"[Game 10] Range: 3-6 | Median/Mean: 4.0 / 4.000 | Fail: 0.000%\n"}
,{"stream_name":"stdout","time":18.016052095,"data":"[Game 20] Range: 3-6 | Median/Mean: 4.0 / 3.850 | Fail: 0.000%\n"}
,{"stream_name":"stdout","time":18.820168213,"data":"[Game 30] Range: 3-6 | Median/Mean: 4.0 / 3.733 | Fail: 0.000%\n"}
,{"stream_name":"stdout","time":19.873980361,"data":"[Game 40] Range: 2-6 | Median/Mean: 4.0 / 3.725 | Fail: 0.000%\n"}
,{"stream_name":"stdout","time":20.784337788,"data":"[Game 50] Range: 2-6 | Median/Mean: 4.0 / 3.700 | Fail: 0.000%\n"}
,{"stream_name":"stdout","time":21.601121165,"data":"[Game 60] Range: 2-6 | Median/Mean: 3.0 / 3.633 | Fail: 0.000%\n"}
,{"stream_name":"stdout","time":22.464589729,"data":"[Game 70] Range: 2-7 | Median/Mean: 3.0 / 3.657 | Fail: 1.429%\n"}
,{"stream_name":"stdout","time":23.225482844,"data":"[Game 80] Range: 2-7 | Median/Mean: 3.0 / 3.625 | Fail: 1.250%\n"}
,{"stream_name":"stdout","time":24.218392035,"data":"[Game 90] Range: 2-7 | Median/Mean: 3.5 / 3.656 | Fail: 1.111%\n"}
,{"stream_name":"stdout","time":25.055572775,"data":"[Game 100] Range: 2-7 | Median/Mean: 3.0 / 3.630 | Fail: 1.000%\n"}
,{"stream_name":"stdout","time":25.961725067,"data":"[Game 110] Range: 2-7 | Median/Mean: 3.5 / 3.655 | Fail: 1.818%\n"}
,{"stream_name":"stdout","time":27.011252466,"data":"[Game 120] Range: 2-8 | Median/Mean: 3.0 / 3.675 | Fail: 2.500%\n"}
,{"stream_name":"stdout","time":27.864399247,"data":"[Game 130] Range: 2-8 | Median/Mean: 3.0 / 3.662 | Fail: 2.308%\n"}
,{"stream_name":"stdout","time":28.678498652000002,"data":"[Game 140] Range: 2-8 | Median/Mean: 3.0 / 3.650 | Fail: 2.143%\n"}
,{"stream_name":"stdout","time":29.685385428,"data":"[Game 150] Range: 2-8 | Median/Mean: 3.0 / 3.640 | Fail: 2.000%\n"}
,{"stream_name":"stdout","time":30.632514186,"data":"[Game 160] Range: 2-8 | Median/Mean: 3.0 / 3.638 | Fail: 1.875%\n"}
,{"stream_name":"stdout","time":31.594767086,"data":"[Game 170] Range: 2-8 | Median/Mean: 3.0 / 3.629 | Fail: 1.765%\n"}
,{"stream_name":"stdout","time":32.378460718,"data":"[Game 180] Range: 2-8 | Median/Mean: 3.0 / 3.611 | Fail: 1.667%\n"}
,{"stream_name":"stdout","time":33.48175401,"data":"[Game 190] Range: 2-8 | Median/Mean: 3.0 / 3.626 | Fail: 1.579%\n"}
,{"stream_name":"stdout","time":34.276298095,"data":"[Game 200] Range: 2-8 | Median/Mean: 3.0 / 3.615 | Fail: 1.500%\n"}
,{"stream_name":"stdout","time":35.20239121,"data":"[Game 210] Range: 2-8 | Median/Mean: 4.0 / 3.619 | Fail: 1.429%\n"}
,{"stream_name":"stdout","time":36.282547551,"data":"[Game 220] Range: 2-8 | Median/Mean: 4.0 / 3.623 | Fail: 1.364%\n"}
,{"stream_name":"stdout","time":37.070311436,"data":"[Game 230] Range: 2-8 | Median/Mean: 3.5 / 3.604 | Fail: 1.304%\n"}
,{"stream_name":"stdout","time":37.985871068,"data":"[Game 240] Range: 2-8 | Median/Mean: 3.0 / 3.600 | Fail: 1.250%\n"}
,{"stream_name":"stdout","time":38.894801807,"data":"[Game 250] Range: 2-8 | Median/Mean: 3.5 / 3.600 | Fail: 1.200%\n"}
,{"stream_name":"stdout","time":39.913795244,"data":"[Game 260] Range: 2-8 | Median/Mean: 4.0 / 3.604 | Fail: 1.154%\n"}
,{"stream_name":"stdout","time":40.750979639,"data":"[Game 270] Range: 2-8 | Median/Mean: 4.0 / 3.600 | Fail: 1.111%\n"}
,{"stream_name":"stdout","time":41.565543411,"data":"[Game 280] Range: 2-8 | Median/Mean: 3.5 / 3.589 | Fail: 1.071%\n"}
,{"stream_name":"stdout","time":42.657453838,"data":"[Game 290] Range: 2-8 | Median/Mean: 4.0 / 3.590 | Fail: 1.034%\n"}
,{"stream_name":"stdout","time":43.697585675,"data":"[Game 300] Range: 2-8 | Median/Mean: 4.0 / 3.593 | Fail: 1.000%\n"}
,{"stream_name":"stdout","time":44.745564907,"data":"[Game 310] Range: 2-8 | Median/Mean: 4.0 / 3.594 | Fail: 0.968%\n"}
,{"stream_name":"stdout","time":45.744621368,"data":"[Game 320] Range: 2-8 | Median/Mean: 4.0 / 3.600 | Fail: 1.250%\n"}
,{"stream_name":"stdout","time":46.675199801,"data":"[Game 330] Range: 2-8 | Median/Mean: 4.0 / 3.600 | Fail: 1.212%\n"}
,{"stream_name":"stdout","time":47.529744078,"data":"[Game 340] Range: 2-8 | Median/Mean: 4.0 / 3.588 | Fail: 1.176%\n"}
,{"stream_name":"stdout","time":48.393529846,"data":"[Game 350] Range: 2-8 | Median/Mean: 3.5 / 3.583 | Fail: 1.143%\n"}
,{"stream_name":"stdout","time":49.280846632,"data":"[Game 360] Range: 2-8 | Median/Mean: 3.0 / 3.578 | Fail: 1.111%\n"}
,{"stream_name":"stdout","time":50.329565628,"data":"[Game 370] Range: 2-8 | Median/Mean: 4.0 / 3.589 | Fail: 1.081%\n"}
,{"stream_name":"stdout","time":51.239252714,"data":"[Game 380] Range: 2-8 | Median/Mean: 3.5 / 3.584 | Fail: 1.053%\n"}
,{"stream_name":"stdout","time":52.14504803,"data":"[Game 390] Range: 2-8 | Median/Mean: 3.5 / 3.587 | Fail: 1.026%\n"}
,{"stream_name":"stdout","time":53.089722336,"data":"[Game 400] Range: 2-8 | Median/Mean: 3.5 / 3.590 | Fail: 1.000%\n"}
,{"stream_name":"stdout","time":53.974520721,"data":"[Game 410] Range: 2-8 | Median/Mean: 3.0 / 3.583 | Fail: 0.976%\n"}
,{"stream_name":"stdout","time":55.06882145,"data":"[Game 420] Range: 2-8 | Median/Mean: 3.0 / 3.595 | Fail: 0.952%\n"}
,{"stream_name":"stdout","time":56.054285049,"data":"[Game 430] Range: 2-8 | Median/Mean: 4.0 / 3.600 | Fail: 0.930%\n"}
,{"stream_name":"stdout","time":57.082457502,"data":"[Game 440] Range: 2-8 | Median/Mean: 4.0 / 3.605 | Fail: 0.909%\n"}
,{"stream_name":"stdout","time":57.980761414,"data":"[Game 450] Range: 2-8 | Median/Mean: 3.5 / 3.600 | Fail: 0.889%\n"}
,{"stream_name":"stdout","time":58.92598984,"data":"[Game 460] Range: 2-8 | Median/Mean: 3.5 / 3.602 | Fail: 0.870%\n"}
,{"stream_name":"stdout","time":60.052912135,"data":"[Game 470] Range: 2-8 | Median/Mean: 4.0 / 3.613 | Fail: 1.064%\n"}
,{"stream_name":"stdout","time":60.999211497,"data":"[Game 480] Range: 2-8 | Median/Mean: 4.0 / 3.612 | Fail: 1.042%\n"}
,{"stream_name":"stdout","time":61.783130073,"data":"[Game 490] Range: 2-8 | Median/Mean: 4.0 / 3.606 | Fail: 1.020%\n"}
,{"stream_name":"stdout","time":62.656665635,"data":"[Game 500] Range: 2-8 | Median/Mean: 3.0 / 3.600 | Fail: 1.000%\n"}
,{"stream_name":"stdout","time":63.56170152,"data":"[Game 510] Range: 2-8 | Median/Mean: 3.0 / 3.602 | Fail: 0.980%\n"}
,{"stream_name":"stdout","time":64.505876246,"data":"[Game 520] Range: 2-8 | Median/Mean: 3.5 / 3.608 | Fail: 0.962%\n"}
,{"stream_name":"stdout","time":65.26118808,"data":"[Game 530] Range: 2-8 | Median/Mean: 3.0 / 3.600 | Fail: 0.943%\n"}
,{"stream_name":"stdout","time":66.2782056,"data":"[Game 540] Range: 2-8 | Median/Mean: 3.5 / 3.604 | Fail: 0.926%\n"}
,{"stream_name":"stdout","time":67.320367679,"data":"[Game 550] Range: 2-8 | Median/Mean: 3.5 / 3.604 | Fail: 0.909%\n"}
,{"stream_name":"stdout","time":68.30567729,"data":"[Game 560] Range: 2-8 | Median/Mean: 4.0 / 3.607 | Fail: 0.893%\n"}
,{"stream_name":"stdout","time":69.336348414,"data":"[Game 570] Range: 2-8 | Median/Mean: 4.0 / 3.607 | Fail: 0.877%\n"}
,{"stream_name":"stdout","time":70.130366608,"data":"[Game 580] Range: 2-8 | Median/Mean: 4.0 / 3.600 | Fail: 0.862%\n"}
,{"stream_name":"stdout","time":71.182103582,"data":"[Game 590] Range: 2-8 | Median/Mean: 4.0 / 3.608 | Fail: 0.847%\n"}
,{"stream_name":"stdout","time":72.073360695,"data":"[Game 600] Range: 2-8 | Median/Mean: 4.0 / 3.612 | Fail: 0.833%\n"}
,{"stream_name":"stdout","time":73.031095051,"data":"[Game 610] Range: 2-8 | Median/Mean: 4.0 / 3.613 | Fail: 0.820%\n"}
,{"stream_name":"stdout","time":73.887432687,"data":"[Game 620] Range: 2-8 | Median/Mean: 4.0 / 3.611 | Fail: 0.806%\n"}
,{"stream_name":"stdout","time":74.813840199,"data":"[Game 630] Range: 2-8 | Median/Mean: 4.0 / 3.610 | Fail: 0.794%\n"}
,{"stream_name":"stdout","time":75.922250373,"data":"[Game 640] Range: 2-8 | Median/Mean: 4.0 / 3.614 | Fail: 0.781%\n"}
,{"stream_name":"stdout","time":76.944025907,"data":"[Game 650] Range: 2-8 | Median/Mean: 4.0 / 3.615 | Fail: 0.769%\n"}
,{"stream_name":"stdout","time":77.795451764,"data":"[Game 660] Range: 2-8 | Median/Mean: 4.0 / 3.615 | Fail: 0.758%\n"}
,{"stream_name":"stdout","time":78.783641196,"data":"[Game 670] Range: 2-8 | Median/Mean: 4.0 / 3.622 | Fail: 0.746%\n"}
,{"stream_name":"stdout","time":79.623917387,"data":"[Game 680] Range: 2-8 | Median/Mean: 4.0 / 3.621 | Fail: 0.735%\n"}
,{"stream_name":"stdout","time":80.639535101,"data":"[Game 690] Range: 2-8 | Median/Mean: 4.0 / 3.620 | Fail: 0.725%\n"}
,{"stream_name":"stdout","time":81.627511233,"data":"[Game 700] Range: 2-8 | Median/Mean: 4.0 / 3.624 | Fail: 0.714%\n"}
,{"stream_name":"stdout","time":82.712903796,"data":"[Game 710] Range: 2-8 | Median/Mean: 4.0 / 3.628 | Fail: 0.704%\n"}
,{"stream_name":"stdout","time":83.831406151,"data":"[Game 720] Range: 2-8 | Median/Mean: 4.0 / 3.635 | Fail: 0.694%\n"}
,{"stream_name":"stdout","time":84.774337436,"data":"[Game 730] Range: 2-8 | Median/Mean: 4.0 / 3.636 | Fail: 0.685%\n"}
,{"stream_name":"stdout","time":85.752640231,"data":"[Game 740] Range: 2-8 | Median/Mean: 4.0 / 3.639 | Fail: 0.811%\n"}
,{"stream_name":"stdout","time":86.772091811,"data":"[Game 750] Range: 2-8 | Median/Mean: 4.0 / 3.643 | Fail: 0.800%\n"}
,{"stream_name":"stdout","time":87.73152965,"data":"[Game 760] Range: 2-8 | Median/Mean: 4.0 / 3.645 | Fail: 0.789%\n"}
,{"stream_name":"stdout","time":88.673119639,"data":"[Game 770] Range: 2-8 | Median/Mean: 4.0 / 3.644 | Fail: 0.779%\n"}
,{"stream_name":"stdout","time":89.583038489,"data":"[Game 780] Range: 2-8 | Median/Mean: 4.0 / 3.646 | Fail: 0.769%\n"}
,{"stream_name":"stdout","time":90.407508311,"data":"[Game 790] Range: 2-8 | Median/Mean: 4.0 / 3.643 | Fail: 0.759%\n"}
,{"stream_name":"stdout","time":91.320481111,"data":"[Game 800] Range: 2-8 | Median/Mean: 4.0 / 3.644 | Fail: 0.750%\n"}
,{"stream_name":"stdout","time":92.282630065,"data":"[Game 810] Range: 2-8 | Median/Mean: 4.0 / 3.646 | Fail: 0.741%\n"}
,{"stream_name":"stdout","time":93.16949226,"data":"[Game 820] Range: 2-8 | Median/Mean: 4.0 / 3.646 | Fail: 0.732%\n"}
,{"stream_name":"stdout","time":94.000362664,"data":"[Game 830] Range: 2-8 | Median/Mean: 4.0 / 3.646 | Fail: 0.723%\n"}
,{"stream_name":"stdout","time":94.930240956,"data":"[Game 840] Range: 2-8 | Median/Mean: 4.0 / 3.648 | Fail: 0.714%\n"}
,{"stream_name":"stdout","time":95.894613429,"data":"[Game 850] Range: 2-8 | Median/Mean: 4.0 / 3.651 | Fail: 0.706%\n"}
,{"stream_name":"stdout","time":96.772763205,"data":"[Game 860] Range: 2-8 | Median/Mean: 4.0 / 3.652 | Fail: 0.698%\n"}
,{"stream_name":"stdout","time":97.779368327,"data":"[Game 870] Range: 2-8 | Median/Mean: 4.0 / 3.654 | Fail: 0.690%\n"}
,{"stream_name":"stdout","time":98.790714473,"data":"[Game 880] Range: 2-8 | Median/Mean: 4.0 / 3.655 | Fail: 0.682%\n"}
,{"stream_name":"stdout","time":99.800899001,"data":"[Game 890] Range: 2-8 | Median/Mean: 4.0 / 3.660 | Fail: 0.787%\n"}
,{"stream_name":"stdout","time":100.851225737,"data":"[Game 900] Range: 2-8 | Median/Mean: 4.0 / 3.662 | Fail: 0.778%\n"}
,{"stream_name":"stdout","time":101.714924704,"data":"[Game 910] Range: 2-8 | Median/Mean: 4.0 / 3.665 | Fail: 0.879%\n"}
,{"stream_name":"stdout","time":102.648838954,"data":"[Game 920] Range: 2-8 | Median/Mean: 4.0 / 3.664 | Fail: 0.870%\n"}
,{"stream_name":"stdout","time":103.564355083,"data":"[Game 930] Range: 2-8 | Median/Mean: 4.0 / 3.663 | Fail: 0.860%\n"}
,{"stream_name":"stdout","time":104.397516024,"data":"[Game 940] Range: 2-8 | Median/Mean: 4.0 / 3.663 | Fail: 0.851%\n"}
,{"stream_name":"stdout","time":105.338662025,"data":"[Game 950] Range: 2-8 | Median/Mean: 4.0 / 3.665 | Fail: 0.842%\n"}
,{"stream_name":"stdout","time":106.358832573,"data":"[Game 960] Range: 2-8 | Median/Mean: 4.0 / 3.669 | Fail: 0.833%\n"}
,{"stream_name":"stdout","time":107.197045207,"data":"[Game 970] Range: 2-8 | Median/Mean: 4.0 / 3.666 | Fail: 0.825%\n"}
,{"stream_name":"stdout","time":108.134195109,"data":"[Game 980] Range: 2-8 | Median/Mean: 4.0 / 3.664 | Fail: 0.816%\n"}
,{"stream_name":"stdout","time":109.195264487,"data":"[Game 990] Range: 2-8 | Median/Mean: 4.0 / 3.671 | Fail: 0.808%\n"}
,{"stream_name":"stdout","time":110.125884094,"data":"[Game 1000] Range: 2-8 | Median/Mean: 4.0 / 3.669 | Fail: 0.800%\n"}
,{"stream_name":"stdout","time":111.289443308,"data":"[Game 1010] Range: 2-8 | Median/Mean: 4.0 / 3.675 | Fail: 0.792%\n"}
,{"stream_name":"stdout","time":112.159915254,"data":"[Game 1020] Range: 2-8 | Median/Mean: 4.0 / 3.676 | Fail: 0.784%\n"}
,{"stream_name":"stdout","time":113.022706334,"data":"[Game 1030] Range: 2-8 | Median/Mean: 4.0 / 3.676 | Fail: 0.777%\n"}
,{"stream_name":"stdout","time":113.741275774,"data":"[Game 1040] Range: 2-8 | Median/Mean: 4.0 / 3.671 | Fail: 0.769%\n"}
,{"stream_name":"stdout","time":114.763882611,"data":"[Game 1050] Range: 2-8 | Median/Mean: 4.0 / 3.672 | Fail: 0.762%\n"}
,{"stream_name":"stdout","time":115.8886328,"data":"[Game 1060] Range: 2-8 | Median/Mean: 4.0 / 3.675 | Fail: 0.755%\n"}
,{"stream_name":"stdout","time":116.624117749,"data":"[Game 1070] Range: 2-8 | Median/Mean: 4.0 / 3.672 | Fail: 0.748%\n"}
,{"stream_name":"stdout","time":117.524767815,"data":"[Game 1080] Range: 2-8 | Median/Mean: 4.0 / 3.674 | Fail: 0.741%\n"}
,{"stream_name":"stdout","time":118.484275336,"data":"[Game 1090] Range: 2-8 | Median/Mean: 4.0 / 3.676 | Fail: 0.734%\n"}
,{"stream_name":"stdout","time":119.357696724,"data":"[Game 1100] Range: 2-8 | Median/Mean: 4.0 / 3.675 | Fail: 0.727%\n"}
,{"stream_name":"stdout","time":120.33807044,"data":"[Game 1110] Range: 2-8 | Median/Mean: 4.0 / 3.678 | Fail: 0.721%\n"}
,{"stream_name":"stdout","time":121.283304857,"data":"[Game 1120] Range: 2-8 | Median/Mean: 4.0 / 3.678 | Fail: 0.714%\n"}
,{"stream_name":"stdout","time":122.141250111,"data":"[Game 1130] Range: 2-8 | Median/Mean: 4.0 / 3.677 | Fail: 0.708%\n"}
,{"stream_name":"stdout","time":123.129974905,"data":"[Game 1140] Range: 2-8 | Median/Mean: 4.0 / 3.678 | Fail: 0.702%\n"}
,{"stream_name":"stdout","time":124.029204278,"data":"[Game 1150] Range: 2-8 | Median/Mean: 4.0 / 3.678 | Fail: 0.696%\n"}
,{"stream_name":"stdout","time":124.719602103,"data":"[Game 1160] Range: 2-8 | Median/Mean: 4.0 / 3.677 | Fail: 0.690%\n"}
,{"stream_name":"stdout","time":125.536957528,"data":"[Game 1170] Range: 2-8 | Median/Mean: 4.0 / 3.675 | Fail: 0.684%\n"}
,{"stream_name":"stdout","time":126.508387432,"data":"[Game 1180] Range: 2-8 | Median/Mean: 4.0 / 3.677 | Fail: 0.678%\n"}
,{"stream_name":"stdout","time":127.397319918,"data":"[Game 1190] Range: 2-8 | Median/Mean: 4.0 / 3.676 | Fail: 0.672%\n"}
,{"stream_name":"stdout","time":128.34536266,"data":"[Game 1200] Range: 2-8 | Median/Mean: 4.0 / 3.677 | Fail: 0.667%\n"}
,{"stream_name":"stdout","time":129.299621317,"data":"[Game 1210] Range: 2-8 | Median/Mean: 4.0 / 3.679 | Fail: 0.661%\n"}
,{"stream_name":"stdout","time":130.405130419,"data":"[Game 1220] Range: 2-8 | Median/Mean: 4.0 / 3.683 | Fail: 0.656%\n"}
,{"stream_name":"stdout","time":131.535870616,"data":"[Game 1230] Range: 2-8 | Median/Mean: 4.0 / 3.689 | Fail: 0.732%\n"}
,{"stream_name":"stdout","time":132.567394207,"data":"[Game 1240] Range: 2-8 | Median/Mean: 4.0 / 3.690 | Fail: 0.726%\n"}
,{"stream_name":"stdout","time":133.533698963,"data":"[Game 1250] Range: 2-8 | Median/Mean: 4.0 / 3.690 | Fail: 0.720%\n"}
,{"stream_name":"stdout","time":134.527522219,"data":"[Game 1260] Range: 2-8 | Median/Mean: 4.0 / 3.693 | Fail: 0.714%\n"}
,{"stream_name":"stdout","time":135.395864424,"data":"[Game 1270] Range: 2-8 | Median/Mean: 4.0 / 3.691 | Fail: 0.709%\n"}
,{"stream_name":"stdout","time":136.382450598,"data":"[Game 1280] Range: 2-8 | Median/Mean: 4.0 / 3.691 | Fail: 0.703%\n"}
,{"stream_name":"stdout","time":137.331830829,"data":"[Game 1290] Range: 2-8 | Median/Mean: 4.0 / 3.691 | Fail: 0.698%\n"}
,{"stream_name":"stdout","time":138.303292043,"data":"[Game 1300] Range: 2-8 | Median/Mean: 4.0 / 3.693 | Fail: 0.692%\n"}
,{"stream_name":"stdout","time":139.107959083,"data":"[Game 1310] Range: 2-8 | Median/Mean: 4.0 / 3.690 | Fail: 0.687%\n"}
,{"stream_name":"stdout","time":140.130005923,"data":"[Game 1320] Range: 2-8 | Median/Mean: 4.0 / 3.690 | Fail: 0.682%\n"}
,{"stream_name":"stdout","time":140.930880135,"data":"[Game 1330] Range: 2-8 | Median/Mean: 4.0 / 3.689 | Fail: 0.677%\n"}
,{"stream_name":"stdout","time":141.83890075,"data":"[Game 1340] Range: 2-8 | Median/Mean: 4.0 / 3.690 | Fail: 0.672%\n"}
,{"stream_name":"stdout","time":142.610296552,"data":"[Game 1350] Range: 2-8 | Median/Mean: 4.0 / 3.688 | Fail: 0.667%\n"}
,{"stream_name":"stdout","time":143.74579224,"data":"[Game 1360] Range: 2-8 | Median/Mean: 4.0 / 3.692 | Fail: 0.662%\n"}
,{"stream_name":"stdout","time":144.799813806,"data":"[Game 1370] Range: 2-8 | Median/Mean: 4.0 / 3.696 | Fail: 0.657%\n"}
,{"stream_name":"stdout","time":145.837992158,"data":"[Game 1380] Range: 2-8 | Median/Mean: 4.0 / 3.697 | Fail: 0.652%\n"}
,{"stream_name":"stdout","time":146.70630506,"data":"[Game 1390] Range: 2-8 | Median/Mean: 4.0 / 3.696 | Fail: 0.647%\n"}
,{"stream_name":"stdout","time":147.77426357,"data":"[Game 1400] Range: 2-8 | Median/Mean: 4.0 / 3.699 | Fail: 0.643%\n"}
,{"stream_name":"stdout","time":148.680165714,"data":"[Game 1410] Range: 2-8 | Median/Mean: 4.0 / 3.700 | Fail: 0.638%\n"}
,{"stream_name":"stdout","time":149.690892625,"data":"[Game 1420] Range: 2-8 | Median/Mean: 4.0 / 3.701 | Fail: 0.634%\n"}
,{"stream_name":"stdout","time":150.534178447,"data":"[Game 1430] Range: 2-8 | Median/Mean: 4.0 / 3.701 | Fail: 0.629%\n"}
,{"stream_name":"stdout","time":151.619474328,"data":"[Game 1440] Range: 2-8 | Median/Mean: 4.0 / 3.703 | Fail: 0.625%\n"}
,{"stream_name":"stdout","time":152.492929761,"data":"[Game 1450] Range: 2-8 | Median/Mean: 4.0 / 3.704 | Fail: 0.621%\n"}
,{"stream_name":"stdout","time":153.33882328,"data":"[Game 1460] Range: 2-8 | Median/Mean: 4.0 / 3.704 | Fail: 0.616%\n"}
,{"stream_name":"stdout","time":154.241168969,"data":"[Game 1470] Range: 2-8 | Median/Mean: 4.0 / 3.703 | Fail: 0.612%\n"}
,{"stream_name":"stdout","time":155.142712563,"data":"[Game 1480] Range: 2-8 | Median/Mean: 4.0 / 3.705 | Fail: 0.608%\n"}
,{"stream_name":"stdout","time":156.217155247,"data":"[Game 1490] Range: 2-8 | Median/Mean: 4.0 / 3.707 | Fail: 0.604%\n"}
,{"stream_name":"stdout","time":157.088200279,"data":"[Game 1500] Range: 2-8 | Median/Mean: 4.0 / 3.706 | Fail: 0.600%\n"}
,{"stream_name":"stdout","time":158.018095135,"data":"[Game 1510] Range: 2-8 | Median/Mean: 4.0 / 3.706 | Fail: 0.596%\n"}
,{"stream_name":"stdout","time":158.857724814,"data":"[Game 1520] Range: 2-8 | Median/Mean: 4.0 / 3.706 | Fail: 0.592%\n"}
,{"stream_name":"stdout","time":159.901216594,"data":"[Game 1530] Range: 2-8 | Median/Mean: 4.0 / 3.708 | Fail: 0.588%\n"}
,{"stream_name":"stdout","time":160.944260751,"data":"[Game 1540] Range: 2-8 | Median/Mean: 4.0 / 3.710 | Fail: 0.584%\n"}
,{"stream_name":"stdout","time":161.951923773,"data":"[Game 1550] Range: 2-8 | Median/Mean: 4.0 / 3.713 | Fail: 0.581%\n"}
,{"stream_name":"stdout","time":162.982748986,"data":"[Game 1560] Range: 2-8 | Median/Mean: 4.0 / 3.715 | Fail: 0.577%\n"}
,{"stream_name":"stdout","time":163.998263436,"data":"[Game 1570] Range: 2-8 | Median/Mean: 4.0 / 3.717 | Fail: 0.573%\n"}
,{"stream_name":"stdout","time":165.059613888,"data":"[Game 1580] Range: 2-8 | Median/Mean: 4.0 / 3.717 | Fail: 0.570%\n"}
,{"stream_name":"stdout","time":165.896141631,"data":"[Game 1590] Range: 2-8 | Median/Mean: 4.0 / 3.716 | Fail: 0.566%\n"}
,{"stream_name":"stdout","time":166.716866695,"data":"[Game 1600] Range: 2-8 | Median/Mean: 4.0 / 3.715 | Fail: 0.562%\n"}
,{"stream_name":"stdout","time":167.86315063,"data":"[Game 1610] Range: 2-8 | Median/Mean: 4.0 / 3.718 | Fail: 0.621%\n"}
,{"stream_name":"stdout","time":168.855393749,"data":"[Game 1620] Range: 2-8 | Median/Mean: 4.0 / 3.721 | Fail: 0.617%\n"}
,{"stream_name":"stdout","time":169.749456896,"data":"[Game 1630] Range: 2-8 | Median/Mean: 4.0 / 3.723 | Fail: 0.613%\n"}
,{"stream_name":"stdout","time":170.775192101,"data":"[Game 1640] Range: 2-8 | Median/Mean: 4.0 / 3.727 | Fail: 0.610%\n"}
,{"stream_name":"stdout","time":171.629734863,"data":"[Game 1650] Range: 2-8 | Median/Mean: 4.0 / 3.726 | Fail: 0.606%\n"}
,{"stream_name":"stdout","time":172.747641632,"data":"[Game 1660] Range: 2-8 | Median/Mean: 4.0 / 3.728 | Fail: 0.602%\n"}
,{"stream_name":"stdout","time":173.585043549,"data":"[Game 1670] Range: 2-8 | Median/Mean: 4.0 / 3.727 | Fail: 0.599%\n"}
,{"stream_name":"stdout","time":174.545165242,"data":"[Game 1680] Range: 2-8 | Median/Mean: 4.0 / 3.729 | Fail: 0.595%\n"}
,{"stream_name":"stdout","time":175.546024979,"data":"[Game 1690] Range: 2-8 | Median/Mean: 4.0 / 3.730 | Fail: 0.592%\n"}
,{"stream_name":"stdout","time":176.342725397,"data":"[Game 1700] Range: 2-8 | Median/Mean: 4.0 / 3.729 | Fail: 0.588%\n"}
,{"stream_name":"stdout","time":177.29179428,"data":"[Game 1710] Range: 2-8 | Median/Mean: 4.0 / 3.730 | Fail: 0.585%\n"}
,{"stream_name":"stdout","time":178.169241314,"data":"[Game 1720] Range: 2-8 | Median/Mean: 4.0 / 3.731 | Fail: 0.640%\n"}
,{"stream_name":"stdout","time":179.18806158,"data":"[Game 1730] Range: 2-8 | Median/Mean: 4.0 / 3.733 | Fail: 0.636%\n"}
,{"stream_name":"stdout","time":180.0822483,"data":"[Game 1740] Range: 2-8 | Median/Mean: 4.0 / 3.733 | Fail: 0.632%\n"}
,{"stream_name":"stdout","time":181.110815508,"data":"[Game 1750] Range: 2-8 | Median/Mean: 4.0 / 3.735 | Fail: 0.629%\n"}
,{"stream_name":"stdout","time":182.013901483,"data":"[Game 1760] Range: 2-8 | Median/Mean: 4.0 / 3.734 | Fail: 0.625%\n"}
,{"stream_name":"stdout","time":183.001317703,"data":"[Game 1770] Range: 2-8 | Median/Mean: 4.0 / 3.734 | Fail: 0.621%\n"}
,{"stream_name":"stdout","time":183.99913523,"data":"[Game 1780] Range: 2-8 | Median/Mean: 4.0 / 3.737 | Fail: 0.618%\n"}
,{"stream_name":"stdout","time":184.988731451,"data":"[Game 1790] Range: 2-8 | Median/Mean: 4.0 / 3.740 | Fail: 0.615%\n"}
,{"stream_name":"stdout","time":185.617800145,"data":"[Game 1800] Range: 2-8 | Median/Mean: 4.0 / 3.737 | Fail: 0.611%\n"}
,{"stream_name":"stdout","time":186.574219435,"data":"[Game 1810] Range: 2-8 | Median/Mean: 4.0 / 3.737 | Fail: 0.608%\n"}
,{"stream_name":"stdout","time":187.415912816,"data":"[Game 1820] Range: 2-8 | Median/Mean: 4.0 / 3.737 | Fail: 0.604%\n"}
,{"stream_name":"stdout","time":188.429009505,"data":"[Game 1830] Range: 2-8 | Median/Mean: 4.0 / 3.739 | Fail: 0.601%\n"}
,{"stream_name":"stdout","time":189.236787064,"data":"[Game 1840] Range: 2-8 | Median/Mean: 4.0 / 3.739 | Fail: 0.598%\n"}
,{"stream_name":"stdout","time":190.275681711,"data":"[Game 1850] Range: 2-8 | Median/Mean: 4.0 / 3.742 | Fail: 0.595%\n"}
,{"stream_name":"stdout","time":191.079052208,"data":"[Game 1860] Range: 2-8 | Median/Mean: 4.0 / 3.741 | Fail: 0.591%\n"}
,{"stream_name":"stdout","time":192.054868823,"data":"[Game 1870] Range: 2-8 | Median/Mean: 4.0 / 3.742 | Fail: 0.588%\n"}
,{"stream_name":"stdout","time":193.25763126,"data":"[Game 1880] Range: 2-8 | Median/Mean: 4.0 / 3.747 | Fail: 0.585%\n"}
,{"stream_name":"stdout","time":194.366219023,"data":"[Game 1890] Range: 2-8 | Median/Mean: 4.0 / 3.750 | Fail: 0.582%\n"}
,{"stream_name":"stdout","time":195.331641707,"data":"[Game 1900] Range: 2-8 | Median/Mean: 4.0 / 3.750 | Fail: 0.579%\n"}
,{"stream_name":"stdout","time":196.366029948,"data":"[Game 1910] Range: 2-8 | Median/Mean: 4.0 / 3.751 | Fail: 0.576%\n"}
,{"stream_name":"stdout","time":197.386661776,"data":"[Game 1920] Range: 2-8 | Median/Mean: 4.0 / 3.753 | Fail: 0.573%\n"}
,{"stream_name":"stdout","time":198.316591744,"data":"[Game 1930] Range: 2-8 | Median/Mean: 4.0 / 3.753 | Fail: 0.570%\n"}
,{"stream_name":"stdout","time":199.198804177,"data":"[Game 1940] Range: 2-8 | Median/Mean: 4.0 / 3.755 | Fail: 0.567%\n"}
,{"stream_name":"stdout","time":200.075580698,"data":"[Game 1950] Range: 2-8 | Median/Mean: 4.0 / 3.754 | Fail: 0.564%\n"}
,{"stream_name":"stdout","time":201.329984381,"data":"[Game 1960] Range: 2-8 | Median/Mean: 4.0 / 3.759 | Fail: 0.561%\n"}
,{"stream_name":"stdout","time":202.18707231,"data":"[Game 1970] Range: 2-8 | Median/Mean: 4.0 / 3.759 | Fail: 0.558%\n"}
,{"stream_name":"stdout","time":203.12165234,"data":"[Game 1980] Range: 2-8 | Median/Mean: 4.0 / 3.760 | Fail: 0.556%\n"}
,{"stream_name":"stdout","time":204.067843501,"data":"[Game 1990] Range: 2-8 | Median/Mean: 4.0 / 3.761 | Fail: 0.553%\n"}
,{"stream_name":"stdout","time":205.169888916,"data":"[Game 2000] Range: 2-8 | Median/Mean: 4.0 / 3.764 | Fail: 0.600%\n"}
,{"stream_name":"stdout","time":206.062309317,"data":"[Game 2010] Range: 2-8 | Median/Mean: 4.0 / 3.766 | Fail: 0.597%\n"}
,{"stream_name":"stdout","time":207.222253058,"data":"[Game 2020] Range: 2-8 | Median/Mean: 4.0 / 3.770 | Fail: 0.594%\n"}
,{"stream_name":"stdout","time":208.311068342,"data":"[Game 2030] Range: 2-8 | Median/Mean: 4.0 / 3.772 | Fail: 0.591%\n"}
,{"stream_name":"stdout","time":209.120288529,"data":"[Game 2040] Range: 2-8 | Median/Mean: 4.0 / 3.773 | Fail: 0.588%\n"}
,{"stream_name":"stdout","time":210.149129193,"data":"[Game 2050] Range: 2-8 | Median/Mean: 4.0 / 3.775 | Fail: 0.585%\n"}
,{"stream_name":"stdout","time":211.131734419,"data":"[Game 2060] Range: 2-8 | Median/Mean: 4.0 / 3.777 | Fail: 0.583%\n"}
,{"stream_name":"stdout","time":212.290097082,"data":"[Game 2070] Range: 2-8 | Median/Mean: 4.0 / 3.781 | Fail: 0.628%\n"}
,{"stream_name":"stdout","time":213.33778083,"data":"[Game 2080] Range: 2-8 | Median/Mean: 4.0 / 3.782 | Fail: 0.625%\n"}
,{"stream_name":"stdout","time":214.249100549,"data":"[Game 2090] Range: 2-8 | Median/Mean: 4.0 / 3.782 | Fail: 0.622%\n"}
,{"stream_name":"stdout","time":215.306626571,"data":"[Game 2100] Range: 2-8 | Median/Mean: 4.0 / 3.785 | Fail: 0.619%\n"}
,{"stream_name":"stdout","time":216.216463773,"data":"[Game 2110] Range: 2-8 | Median/Mean: 4.0 / 3.785 | Fail: 0.616%\n"}
,{"stream_name":"stdout","time":217.193898983,"data":"[Game 2120] Range: 2-8 | Median/Mean: 4.0 / 3.786 | Fail: 0.613%\n"}
,{"stream_name":"stdout","time":218.154009253,"data":"[Game 2130] Range: 2-8 | Median/Mean: 4.0 / 3.786 | Fail: 0.610%\n"}
,{"stream_name":"stdout","time":219.265605655,"data":"[Game 2140] Range: 2-8 | Median/Mean: 4.0 / 3.790 | Fail: 0.654%\n"}
,{"stream_name":"stdout","time":220.322244848,"data":"[Game 2150] Range: 2-8 | Median/Mean: 4.0 / 3.793 | Fail: 0.698%\n"}
,{"stream_name":"stdout","time":221.153983434,"data":"[Game 2160] Range: 2-8 | Median/Mean: 4.0 / 3.793 | Fail: 0.694%\n"}
,{"stream_name":"stdout","time":222.288474154,"data":"[Game 2170] Range: 2-8 | Median/Mean: 4.0 / 3.795 | Fail: 0.691%\n"}
,{"stream_name":"stdout","time":223.298703452,"data":"[Game 2180] Range: 2-8 | Median/Mean: 4.0 / 3.797 | Fail: 0.688%\n"}
,{"stream_name":"stdout","time":224.256273739,"data":"[Game 2190] Range: 2-8 | Median/Mean: 4.0 / 3.797 | Fail: 0.685%\n"}
,{"stream_name":"stdout","time":225.295940069,"data":"[Game 2200] Range: 2-8 | Median/Mean: 4.0 / 3.800 | Fail: 0.682%\n"}
,{"stream_name":"stdout","time":226.363885121,"data":"[Game 2210] Range: 2-8 | Median/Mean: 4.0 / 3.802 | Fail: 0.679%\n"}
,{"stream_name":"stdout","time":227.489107671,"data":"[Game 2220] Range: 2-8 | Median/Mean: 4.0 / 3.805 | Fail: 0.721%\n"}
,{"stream_name":"stdout","time":228.441587346,"data":"[Game 2230] Range: 2-8 | Median/Mean: 4.0 / 3.805 | Fail: 0.717%\n"}
,{"stream_name":"stdout","time":229.183807548,"data":"[Game 2240] Range: 2-8 | Median/Mean: 4.0 / 3.804 | Fail: 0.714%\n"}
,{"stream_name":"stdout","time":230.207788019,"data":"[Game 2250] Range: 2-8 | Median/Mean: 4.0 / 3.806 | Fail: 0.711%\n"}
,{"stream_name":"stdout","time":231.215454091,"data":"[Game 2260] Range: 2-8 | Median/Mean: 4.0 / 3.807 | Fail: 0.752%\n"}
,{"stream_name":"stdout","time":232.128131247,"data":"[Game 2270] Range: 2-8 | Median/Mean: 4.0 / 3.807 | Fail: 0.749%\n"}
,{"stream_name":"stdout","time":233.165839325,"data":"[Game 2280] Range: 2-8 | Median/Mean: 4.0 / 3.808 | Fail: 0.789%\n"}
,{"stream_name":"stdout","time":234.311370472,"data":"[Game 2290] Range: 2-8 | Median/Mean: 4.0 / 3.810 | Fail: 0.830%\n"}
,{"stream_name":"stdout","time":235.305198896,"data":"[Game 2300] Range: 2-8 | Median/Mean: 4.0 / 3.812 | Fail: 0.870%\n"}
,{"stream_name":"stdout","time":236.229747403,"data":"[Game 2310] Range: 2-8 | Median/Mean: 4.0 / 3.813 | Fail: 0.866%\n"}
,{"stream_name":"stdout","time":237.048411987,"data":"Summary:\n"}
,{"stream_name":"stdout","time":237.061945706,"data":"Distribution across steps:\n"}
,{"stream_name":"stdout","time":237.073529108,"data":"Key Metrics:\n"}
,{"stream_name":"stderr","time":241.020551545,"data":"/opt/conda/lib/python3.7/site-packages/traitlets/traitlets.py:2567: FutureWarning: --Exporter.preprocessors=[\"remove_papermill_header.RemovePapermillHeader\"] for containers is deprecated in traitlets 5.0. You can pass `--Exporter.preprocessors item` ... multiple times to add items to a list.\n"}
,{"stream_name":"stderr","time":241.020669365,"data":"  FutureWarning,\n"}
,{"stream_name":"stderr","time":241.020700528,"data":"[NbConvertApp] Converting notebook __notebook__.ipynb to notebook\n"}
,{"stream_name":"stderr","time":241.436298588,"data":"[NbConvertApp] Writing 32474 bytes to __notebook__.ipynb\n"}
,{"stream_name":"stderr","time":244.025412469,"data":"/opt/conda/lib/python3.7/site-packages/traitlets/traitlets.py:2567: FutureWarning: --Exporter.preprocessors=[\"nbconvert.preprocessors.ExtractOutputPreprocessor\"] for containers is deprecated in traitlets 5.0. You can pass `--Exporter.preprocessors item` ... multiple times to add items to a list.\n"}
,{"stream_name":"stderr","time":244.025532689,"data":"  FutureWarning,\n"}
,{"stream_name":"stderr","time":244.025543199,"data":"[NbConvertApp] Converting notebook __notebook__.ipynb to html\n"}
,{"stream_name":"stderr","time":244.655716644,"data":"[NbConvertApp] Writing 306871 bytes to __results__.html\n"}
]