[{"stream_name":"stderr","time":15.341035696,"data":"/opt/conda/lib/python3.7/site-packages/papermill/iorw.py:50: FutureWarning: pyarrow.HadoopFileSystem is deprecated as of 2.0.0, please use pyarrow.fs.HadoopFileSystem instead.\n"}
,{"stream_name":"stderr","time":15.341103904,"data":"  from pyarrow import HadoopFileSystem\n"}
,{"stream_name":"stdout","time":17.34114057,"data":"[ ---------- ARLES ----------]\n"}
,{"stream_name":"stdout","time":19.386262872,"data":"[Game 10] Range: 3-6 | Median/Mean: 4.0 / 4.400 | Fail: 0.000%\n"}
,{"stream_name":"stdout","time":21.163565371,"data":"[Game 20] Range: 3-6 | Median/Mean: 4.0 / 4.150 | Fail: 0.000%\n"}
,{"stream_name":"stdout","time":22.584518651,"data":"[Game 30] Range: 2-6 | Median/Mean: 4.0 / 3.867 | Fail: 0.000%\n"}
,{"stream_name":"stdout","time":24.445278256,"data":"[Game 40] Range: 2-6 | Median/Mean: 4.0 / 3.900 | Fail: 0.000%\n"}
,{"stream_name":"stdout","time":26.810523664,"data":"[Game 50] Range: 2-7 | Median/Mean: 4.0 / 4.020 | Fail: 2.000%\n"}
,{"stream_name":"stdout","time":28.746439706,"data":"[Game 60] Range: 2-7 | Median/Mean: 4.0 / 4.033 | Fail: 1.667%\n"}
,{"stream_name":"stdout","time":30.571774298,"data":"[Game 70] Range: 2-7 | Median/Mean: 4.0 / 4.043 | Fail: 1.429%\n"}
,{"stream_name":"stdout","time":31.63191476,"data":"[Game 80] Range: 2-7 | Median/Mean: 4.0 / 3.938 | Fail: 1.250%\n"}
,{"stream_name":"stdout","time":33.010442782,"data":"[Game 90] Range: 2-7 | Median/Mean: 4.0 / 3.900 | Fail: 1.111%\n"}
,{"stream_name":"stdout","time":34.137547047,"data":"[Game 100] Range: 2-7 | Median/Mean: 4.0 / 3.850 | Fail: 1.000%\n"}
,{"stream_name":"stdout","time":35.931909925,"data":"[Game 110] Range: 2-7 | Median/Mean: 4.0 / 3.855 | Fail: 0.909%\n"}
,{"stream_name":"stdout","time":37.402176482,"data":"[Game 120] Range: 2-7 | Median/Mean: 4.0 / 3.842 | Fail: 0.833%\n"}
,{"stream_name":"stdout","time":39.060556079,"data":"[Game 130] Range: 2-8 | Median/Mean: 4.0 / 3.838 | Fail: 1.538%\n"}
,{"stream_name":"stdout","time":40.594166412,"data":"[Game 140] Range: 2-8 | Median/Mean: 4.0 / 3.850 | Fail: 1.429%\n"}
,{"stream_name":"stdout","time":42.513424559,"data":"[Game 150] Range: 2-8 | Median/Mean: 4.0 / 3.893 | Fail: 1.333%\n"}
,{"stream_name":"stdout","time":44.240570512,"data":"[Game 160] Range: 2-8 | Median/Mean: 4.0 / 3.888 | Fail: 1.250%\n"}
,{"stream_name":"stdout","time":45.55733116,"data":"[Game 170] Range: 2-8 | Median/Mean: 4.0 / 3.859 | Fail: 1.176%\n"}
,{"stream_name":"stdout","time":46.935430493,"data":"[Game 180] Range: 2-8 | Median/Mean: 4.0 / 3.850 | Fail: 1.111%\n"}
,{"stream_name":"stdout","time":48.859972776,"data":"[Game 190] Range: 2-8 | Median/Mean: 4.0 / 3.868 | Fail: 1.053%\n"}
,{"stream_name":"stdout","time":50.088004297,"data":"[Game 200] Range: 2-8 | Median/Mean: 4.0 / 3.845 | Fail: 1.000%\n"}
,{"stream_name":"stdout","time":51.927908698,"data":"[Game 210] Range: 2-8 | Median/Mean: 4.0 / 3.843 | Fail: 0.952%\n"}
,{"stream_name":"stdout","time":53.48607812,"data":"[Game 220] Range: 2-8 | Median/Mean: 4.0 / 3.836 | Fail: 0.909%\n"}
,{"stream_name":"stdout","time":54.967528566,"data":"[Game 230] Range: 2-8 | Median/Mean: 4.0 / 3.835 | Fail: 1.304%\n"}
,{"stream_name":"stdout","time":56.345109322,"data":"[Game 240] Range: 2-8 | Median/Mean: 4.0 / 3.825 | Fail: 1.250%\n"}
,{"stream_name":"stdout","time":58.149441917,"data":"[Game 250] Range: 2-8 | Median/Mean: 4.0 / 3.836 | Fail: 1.200%\n"}
,{"stream_name":"stdout","time":59.762732566,"data":"[Game 260] Range: 2-8 | Median/Mean: 4.0 / 3.842 | Fail: 1.154%\n"}
,{"stream_name":"stdout","time":61.278672615,"data":"[Game 270] Range: 2-8 | Median/Mean: 4.0 / 3.830 | Fail: 1.111%\n"}
,{"stream_name":"stdout","time":62.788402137,"data":"[Game 280] Range: 2-8 | Median/Mean: 4.0 / 3.821 | Fail: 1.071%\n"}
,{"stream_name":"stdout","time":64.340041194,"data":"[Game 290] Range: 2-8 | Median/Mean: 4.0 / 3.824 | Fail: 1.034%\n"}
,{"stream_name":"stdout","time":66.036737198,"data":"[Game 300] Range: 2-8 | Median/Mean: 4.0 / 3.833 | Fail: 1.000%\n"}
,{"stream_name":"stdout","time":67.661223994,"data":"[Game 310] Range: 2-8 | Median/Mean: 4.0 / 3.835 | Fail: 0.968%\n"}
,{"stream_name":"stdout","time":69.543187886,"data":"[Game 320] Range: 2-9 | Median/Mean: 4.0 / 3.844 | Fail: 1.250%\n"}
,{"stream_name":"stdout","time":71.660196262,"data":"[Game 330] Range: 2-9 | Median/Mean: 4.0 / 3.861 | Fail: 1.515%\n"}
,{"stream_name":"stdout","time":73.55640122,"data":"[Game 340] Range: 2-9 | Median/Mean: 4.0 / 3.871 | Fail: 1.471%\n"}
,{"stream_name":"stdout","time":74.68880093,"data":"[Game 350] Range: 2-9 | Median/Mean: 4.0 / 3.851 | Fail: 1.429%\n"}
,{"stream_name":"stdout","time":76.233530753,"data":"[Game 360] Range: 2-9 | Median/Mean: 4.0 / 3.856 | Fail: 1.389%\n"}
,{"stream_name":"stdout","time":77.766000514,"data":"[Game 370] Range: 2-9 | Median/Mean: 4.0 / 3.849 | Fail: 1.351%\n"}
,{"stream_name":"stdout","time":78.896958505,"data":"[Game 380] Range: 2-9 | Median/Mean: 4.0 / 3.839 | Fail: 1.316%\n"}
,{"stream_name":"stdout","time":80.720586001,"data":"[Game 390] Range: 2-9 | Median/Mean: 4.0 / 3.854 | Fail: 1.538%\n"}
,{"stream_name":"stdout","time":82.639859704,"data":"[Game 400] Range: 2-9 | Median/Mean: 4.0 / 3.868 | Fail: 1.500%\n"}
,{"stream_name":"stdout","time":84.399550547,"data":"[Game 410] Range: 2-9 | Median/Mean: 4.0 / 3.876 | Fail: 1.463%\n"}
,{"stream_name":"stdout","time":86.365355796,"data":"[Game 420] Range: 2-9 | Median/Mean: 4.0 / 3.890 | Fail: 1.429%\n"}
,{"stream_name":"stdout","time":87.59801242,"data":"[Game 430] Range: 2-9 | Median/Mean: 4.0 / 3.884 | Fail: 1.395%\n"}
,{"stream_name":"stdout","time":89.549543263,"data":"[Game 440] Range: 2-9 | Median/Mean: 4.0 / 3.895 | Fail: 1.818%\n"}
,{"stream_name":"stdout","time":90.960356158,"data":"[Game 450] Range: 2-9 | Median/Mean: 4.0 / 3.887 | Fail: 1.778%\n"}
,{"stream_name":"stdout","time":92.573481131,"data":"[Game 460] Range: 2-9 | Median/Mean: 4.0 / 3.883 | Fail: 1.739%\n"}
,{"stream_name":"stdout","time":94.411845399,"data":"[Game 470] Range: 2-9 | Median/Mean: 4.0 / 3.881 | Fail: 1.702%\n"}
,{"stream_name":"stdout","time":96.145021009,"data":"[Game 480] Range: 2-9 | Median/Mean: 4.0 / 3.885 | Fail: 1.667%\n"}
,{"stream_name":"stdout","time":97.40314389,"data":"[Game 490] Range: 2-9 | Median/Mean: 4.0 / 3.878 | Fail: 1.633%\n"}
,{"stream_name":"stdout","time":99.240893293,"data":"[Game 500] Range: 2-9 | Median/Mean: 4.0 / 3.878 | Fail: 1.600%\n"}
,{"stream_name":"stdout","time":100.624153263,"data":"[Game 510] Range: 2-9 | Median/Mean: 4.0 / 3.869 | Fail: 1.569%\n"}
,{"stream_name":"stdout","time":102.484519435,"data":"[Game 520] Range: 2-9 | Median/Mean: 4.0 / 3.875 | Fail: 1.731%\n"}
,{"stream_name":"stdout","time":103.724588015,"data":"[Game 530] Range: 2-9 | Median/Mean: 4.0 / 3.868 | Fail: 1.698%\n"}
,{"stream_name":"stdout","time":105.200967598,"data":"[Game 540] Range: 2-9 | Median/Mean: 4.0 / 3.863 | Fail: 1.667%\n"}
,{"stream_name":"stdout","time":107.028588189,"data":"[Game 550] Range: 2-9 | Median/Mean: 4.0 / 3.867 | Fail: 1.636%\n"}
,{"stream_name":"stdout","time":109.102924262,"data":"[Game 560] Range: 2-9 | Median/Mean: 4.0 / 3.877 | Fail: 1.786%\n"}
,{"stream_name":"stdout","time":110.555729143,"data":"[Game 570] Range: 2-9 | Median/Mean: 4.0 / 3.872 | Fail: 1.754%\n"}
,{"stream_name":"stdout","time":111.95051792,"data":"[Game 580] Range: 2-9 | Median/Mean: 4.0 / 3.864 | Fail: 1.724%\n"}
,{"stream_name":"stdout","time":113.913869344,"data":"[Game 590] Range: 2-9 | Median/Mean: 4.0 / 3.868 | Fail: 1.695%\n"}
,{"stream_name":"stdout","time":115.356981273,"data":"[Game 600] Range: 2-9 | Median/Mean: 4.0 / 3.867 | Fail: 1.667%\n"}
,{"stream_name":"stdout","time":117.035143025,"data":"[Game 610] Range: 2-9 | Median/Mean: 4.0 / 3.864 | Fail: 1.803%\n"}
,{"stream_name":"stdout","time":118.576682124,"data":"[Game 620] Range: 2-9 | Median/Mean: 4.0 / 3.861 | Fail: 1.774%\n"}
,{"stream_name":"stdout","time":120.205298704,"data":"[Game 630] Range: 2-9 | Median/Mean: 4.0 / 3.859 | Fail: 1.746%\n"}
,{"stream_name":"stdout","time":122.017167882,"data":"[Game 640] Range: 2-9 | Median/Mean: 4.0 / 3.861 | Fail: 1.719%\n"}
,{"stream_name":"stdout","time":123.650172683,"data":"[Game 650] Range: 2-9 | Median/Mean: 4.0 / 3.860 | Fail: 1.692%\n"}
,{"stream_name":"stdout","time":125.214584522,"data":"[Game 660] Range: 2-9 | Median/Mean: 4.0 / 3.855 | Fail: 1.667%\n"}
,{"stream_name":"stdout","time":126.256585312,"data":"[Game 670] Range: 2-9 | Median/Mean: 4.0 / 3.849 | Fail: 1.642%\n"}
,{"stream_name":"stdout","time":127.905357177,"data":"[Game 680] Range: 2-9 | Median/Mean: 4.0 / 3.851 | Fail: 1.765%\n"}
,{"stream_name":"stdout","time":129.406909391,"data":"[Game 690] Range: 2-9 | Median/Mean: 4.0 / 3.849 | Fail: 1.739%\n"}
,{"stream_name":"stdout","time":131.114605995,"data":"[Game 700] Range: 2-9 | Median/Mean: 4.0 / 3.856 | Fail: 1.714%\n"}
,{"stream_name":"stdout","time":132.82181505,"data":"[Game 710] Range: 2-9 | Median/Mean: 4.0 / 3.858 | Fail: 1.690%\n"}
,{"stream_name":"stdout","time":134.218981686,"data":"[Game 720] Range: 2-9 | Median/Mean: 4.0 / 3.854 | Fail: 1.667%\n"}
,{"stream_name":"stdout","time":135.888587317,"data":"[Game 730] Range: 2-9 | Median/Mean: 4.0 / 3.853 | Fail: 1.644%\n"}
,{"stream_name":"stdout","time":137.621092633,"data":"[Game 740] Range: 2-9 | Median/Mean: 4.0 / 3.855 | Fail: 1.622%\n"}
,{"stream_name":"stdout","time":139.315951984,"data":"[Game 750] Range: 2-9 | Median/Mean: 4.0 / 3.855 | Fail: 1.600%\n"}
,{"stream_name":"stdout","time":141.043368761,"data":"[Game 760] Range: 2-9 | Median/Mean: 4.0 / 3.855 | Fail: 1.711%\n"}
,{"stream_name":"stdout","time":142.606184789,"data":"[Game 770] Range: 2-9 | Median/Mean: 4.0 / 3.856 | Fail: 1.688%\n"}
,{"stream_name":"stdout","time":144.308856063,"data":"[Game 780] Range: 2-9 | Median/Mean: 4.0 / 3.858 | Fail: 1.667%\n"}
,{"stream_name":"stdout","time":146.167733276,"data":"[Game 790] Range: 2-9 | Median/Mean: 4.0 / 3.857 | Fail: 1.772%\n"}
,{"stream_name":"stdout","time":147.677814361,"data":"[Game 800] Range: 2-9 | Median/Mean: 4.0 / 3.856 | Fail: 1.750%\n"}
,{"stream_name":"stdout","time":149.148480757,"data":"[Game 810] Range: 2-9 | Median/Mean: 4.0 / 3.856 | Fail: 1.728%\n"}
,{"stream_name":"stdout","time":150.883683885,"data":"[Game 820] Range: 2-9 | Median/Mean: 4.0 / 3.857 | Fail: 1.707%\n"}
,{"stream_name":"stdout","time":152.374539458,"data":"[Game 830] Range: 2-9 | Median/Mean: 4.0 / 3.857 | Fail: 1.687%\n"}
,{"stream_name":"stdout","time":153.955207111,"data":"[Game 840] Range: 2-9 | Median/Mean: 4.0 / 3.856 | Fail: 1.667%\n"}
,{"stream_name":"stdout","time":155.404772741,"data":"[Game 850] Range: 2-9 | Median/Mean: 4.0 / 3.854 | Fail: 1.647%\n"}
,{"stream_name":"stdout","time":157.262931902,"data":"[Game 860] Range: 2-9 | Median/Mean: 4.0 / 3.859 | Fail: 1.628%\n"}
,{"stream_name":"stdout","time":158.873120786,"data":"[Game 870] Range: 2-9 | Median/Mean: 4.0 / 3.857 | Fail: 1.609%\n"}
,{"stream_name":"stdout","time":160.503057726,"data":"[Game 880] Range: 2-9 | Median/Mean: 4.0 / 3.858 | Fail: 1.591%\n"}
,{"stream_name":"stdout","time":162.321759875,"data":"[Game 890] Range: 2-9 | Median/Mean: 4.0 / 3.858 | Fail: 1.573%\n"}
,{"stream_name":"stdout","time":163.695848446,"data":"[Game 900] Range: 2-9 | Median/Mean: 4.0 / 3.852 | Fail: 1.556%\n"}
,{"stream_name":"stdout","time":165.203880829,"data":"[Game 910] Range: 2-9 | Median/Mean: 4.0 / 3.853 | Fail: 1.648%\n"}
,{"stream_name":"stdout","time":166.646764691,"data":"[Game 920] Range: 2-9 | Median/Mean: 4.0 / 3.854 | Fail: 1.630%\n"}
,{"stream_name":"stdout","time":168.439909115,"data":"[Game 930] Range: 2-9 | Median/Mean: 4.0 / 3.860 | Fail: 1.613%\n"}
,{"stream_name":"stdout","time":170.309684798,"data":"[Game 940] Range: 2-9 | Median/Mean: 4.0 / 3.862 | Fail: 1.596%\n"}
,{"stream_name":"stdout","time":171.676414532,"data":"[Game 950] Range: 2-9 | Median/Mean: 4.0 / 3.860 | Fail: 1.579%\n"}
,{"stream_name":"stdout","time":173.599236858,"data":"[Game 960] Range: 2-9 | Median/Mean: 4.0 / 3.864 | Fail: 1.562%\n"}
,{"stream_name":"stdout","time":175.132949678,"data":"[Game 970] Range: 2-9 | Median/Mean: 4.0 / 3.862 | Fail: 1.546%\n"}
,{"stream_name":"stdout","time":176.783947256,"data":"[Game 980] Range: 2-9 | Median/Mean: 4.0 / 3.863 | Fail: 1.531%\n"}
,{"stream_name":"stdout","time":178.21570665,"data":"[Game 990] Range: 2-9 | Median/Mean: 4.0 / 3.860 | Fail: 1.515%\n"}
,{"stream_name":"stdout","time":179.656709964,"data":"[Game 1000] Range: 2-9 | Median/Mean: 4.0 / 3.857 | Fail: 1.500%\n"}
,{"stream_name":"stdout","time":181.397778815,"data":"[Game 1010] Range: 2-9 | Median/Mean: 4.0 / 3.857 | Fail: 1.485%\n"}
,{"stream_name":"stdout","time":182.848796076,"data":"[Game 1020] Range: 2-9 | Median/Mean: 4.0 / 3.857 | Fail: 1.471%\n"}
,{"stream_name":"stdout","time":184.33438715,"data":"[Game 1030] Range: 2-9 | Median/Mean: 4.0 / 3.853 | Fail: 1.456%\n"}
,{"stream_name":"stdout","time":186.130491513,"data":"[Game 1040] Range: 2-9 | Median/Mean: 4.0 / 3.855 | Fail: 1.442%\n"}
,{"stream_name":"stdout","time":187.825767212,"data":"[Game 1050] Range: 2-9 | Median/Mean: 4.0 / 3.853 | Fail: 1.429%\n"}
,{"stream_name":"stdout","time":189.539178957,"data":"[Game 1060] Range: 2-9 | Median/Mean: 4.0 / 3.855 | Fail: 1.415%\n"}
,{"stream_name":"stdout","time":190.813763396,"data":"[Game 1070] Range: 2-9 | Median/Mean: 4.0 / 3.848 | Fail: 1.402%\n"}
,{"stream_name":"stdout","time":192.317169052,"data":"[Game 1080] Range: 2-9 | Median/Mean: 4.0 / 3.846 | Fail: 1.389%\n"}
,{"stream_name":"stdout","time":194.009402825,"data":"[Game 1090] Range: 2-9 | Median/Mean: 4.0 / 3.849 | Fail: 1.376%\n"}
,{"stream_name":"stdout","time":195.376658526,"data":"[Game 1100] Range: 2-9 | Median/Mean: 4.0 / 3.846 | Fail: 1.364%\n"}
,{"stream_name":"stdout","time":197.120913646,"data":"[Game 1110] Range: 2-9 | Median/Mean: 4.0 / 3.847 | Fail: 1.351%\n"}
,{"stream_name":"stdout","time":198.624464611,"data":"[Game 1120] Range: 2-9 | Median/Mean: 4.0 / 3.846 | Fail: 1.339%\n"}
,{"stream_name":"stdout","time":199.945700386,"data":"[Game 1130] Range: 2-9 | Median/Mean: 4.0 / 3.842 | Fail: 1.327%\n"}
,{"stream_name":"stdout","time":201.804730681,"data":"[Game 1140] Range: 2-9 | Median/Mean: 4.0 / 3.844 | Fail: 1.316%\n"}
,{"stream_name":"stdout","time":203.376019281,"data":"[Game 1150] Range: 2-9 | Median/Mean: 4.0 / 3.843 | Fail: 1.304%\n"}
,{"stream_name":"stdout","time":204.45960855,"data":"[Game 1160] Range: 2-9 | Median/Mean: 4.0 / 3.841 | Fail: 1.293%\n"}
,{"stream_name":"stdout","time":205.77849618,"data":"[Game 1170] Range: 2-9 | Median/Mean: 4.0 / 3.840 | Fail: 1.282%\n"}
,{"stream_name":"stdout","time":207.435322989,"data":"[Game 1180] Range: 2-9 | Median/Mean: 4.0 / 3.841 | Fail: 1.271%\n"}
,{"stream_name":"stdout","time":209.414151166,"data":"[Game 1190] Range: 2-9 | Median/Mean: 4.0 / 3.845 | Fail: 1.261%\n"}
,{"stream_name":"stdout","time":210.672113984,"data":"[Game 1200] Range: 2-9 | Median/Mean: 4.0 / 3.839 | Fail: 1.250%\n"}
,{"stream_name":"stdout","time":212.218733662,"data":"[Game 1210] Range: 2-9 | Median/Mean: 4.0 / 3.838 | Fail: 1.240%\n"}
,{"stream_name":"stdout","time":213.883652045,"data":"[Game 1220] Range: 2-9 | Median/Mean: 4.0 / 3.838 | Fail: 1.230%\n"}
,{"stream_name":"stdout","time":215.801294895,"data":"[Game 1230] Range: 2-9 | Median/Mean: 4.0 / 3.843 | Fail: 1.220%\n"}
,{"stream_name":"stdout","time":217.212246128,"data":"[Game 1240] Range: 2-9 | Median/Mean: 4.0 / 3.840 | Fail: 1.210%\n"}
,{"stream_name":"stdout","time":218.811337217,"data":"[Game 1250] Range: 2-9 | Median/Mean: 4.0 / 3.839 | Fail: 1.200%\n"}
,{"stream_name":"stdout","time":220.804569728,"data":"[Game 1260] Range: 2-9 | Median/Mean: 4.0 / 3.843 | Fail: 1.270%\n"}
,{"stream_name":"stdout","time":222.107448277,"data":"[Game 1270] Range: 2-9 | Median/Mean: 4.0 / 3.841 | Fail: 1.260%\n"}
,{"stream_name":"stdout","time":223.52073285,"data":"[Game 1280] Range: 2-9 | Median/Mean: 4.0 / 3.839 | Fail: 1.250%\n"}
,{"stream_name":"stdout","time":224.908035541,"data":"[Game 1290] Range: 2-9 | Median/Mean: 4.0 / 3.838 | Fail: 1.318%\n"}
,{"stream_name":"stdout","time":226.541935825,"data":"[Game 1300] Range: 2-9 | Median/Mean: 4.0 / 3.839 | Fail: 1.308%\n"}
,{"stream_name":"stdout","time":228.016105023,"data":"[Game 1310] Range: 2-9 | Median/Mean: 4.0 / 3.837 | Fail: 1.298%\n"}
,{"stream_name":"stdout","time":229.410140146,"data":"[Game 1320] Range: 2-9 | Median/Mean: 4.0 / 3.838 | Fail: 1.288%\n"}
,{"stream_name":"stdout","time":231.246532375,"data":"[Game 1330] Range: 2-9 | Median/Mean: 4.0 / 3.842 | Fail: 1.353%\n"}
,{"stream_name":"stdout","time":232.803721865,"data":"[Game 1340] Range: 2-9 | Median/Mean: 4.0 / 3.842 | Fail: 1.343%\n"}
,{"stream_name":"stdout","time":234.092891558,"data":"[Game 1350] Range: 2-9 | Median/Mean: 4.0 / 3.840 | Fail: 1.333%\n"}
,{"stream_name":"stdout","time":235.99415701,"data":"[Game 1360] Range: 2-9 | Median/Mean: 4.0 / 3.844 | Fail: 1.324%\n"}
,{"stream_name":"stdout","time":237.70313248,"data":"[Game 1370] Range: 2-9 | Median/Mean: 4.0 / 3.845 | Fail: 1.314%\n"}
,{"stream_name":"stdout","time":239.135938024,"data":"[Game 1380] Range: 2-9 | Median/Mean: 4.0 / 3.843 | Fail: 1.304%\n"}
,{"stream_name":"stdout","time":240.697438042,"data":"[Game 1390] Range: 2-9 | Median/Mean: 4.0 / 3.843 | Fail: 1.295%\n"}
,{"stream_name":"stdout","time":242.371102591,"data":"[Game 1400] Range: 2-9 | Median/Mean: 4.0 / 3.845 | Fail: 1.357%\n"}
,{"stream_name":"stdout","time":244.043919725,"data":"[Game 1410] Range: 2-9 | Median/Mean: 4.0 / 3.846 | Fail: 1.348%\n"}
,{"stream_name":"stdout","time":245.787497608,"data":"[Game 1420] Range: 2-9 | Median/Mean: 4.0 / 3.847 | Fail: 1.338%\n"}
,{"stream_name":"stdout","time":247.368228423,"data":"[Game 1430] Range: 2-9 | Median/Mean: 4.0 / 3.844 | Fail: 1.329%\n"}
,{"stream_name":"stdout","time":249.204620873,"data":"[Game 1440] Range: 2-9 | Median/Mean: 4.0 / 3.847 | Fail: 1.319%\n"}
,{"stream_name":"stdout","time":251.205947097,"data":"[Game 1450] Range: 2-9 | Median/Mean: 4.0 / 3.850 | Fail: 1.379%\n"}
,{"stream_name":"stdout","time":252.630140934,"data":"[Game 1460] Range: 2-9 | Median/Mean: 4.0 / 3.849 | Fail: 1.370%\n"}
,{"stream_name":"stdout","time":254.137406369,"data":"[Game 1470] Range: 2-9 | Median/Mean: 4.0 / 3.848 | Fail: 1.361%\n"}
,{"stream_name":"stdout","time":255.862078824,"data":"[Game 1480] Range: 2-9 | Median/Mean: 4.0 / 3.848 | Fail: 1.351%\n"}
,{"stream_name":"stdout","time":257.321852336,"data":"[Game 1490] Range: 2-9 | Median/Mean: 4.0 / 3.846 | Fail: 1.342%\n"}
,{"stream_name":"stdout","time":259.131066696,"data":"[Game 1500] Range: 2-9 | Median/Mean: 4.0 / 3.847 | Fail: 1.333%\n"}
,{"stream_name":"stdout","time":260.305352551,"data":"[Game 1510] Range: 2-9 | Median/Mean: 4.0 / 3.845 | Fail: 1.325%\n"}
,{"stream_name":"stdout","time":261.683990872,"data":"[Game 1520] Range: 2-9 | Median/Mean: 4.0 / 3.844 | Fail: 1.316%\n"}
,{"stream_name":"stdout","time":263.517020613,"data":"[Game 1530] Range: 2-9 | Median/Mean: 4.0 / 3.844 | Fail: 1.307%\n"}
,{"stream_name":"stdout","time":265.11732749,"data":"[Game 1540] Range: 2-9 | Median/Mean: 4.0 / 3.845 | Fail: 1.299%\n"}
,{"stream_name":"stdout","time":266.536339394,"data":"[Game 1550] Range: 2-9 | Median/Mean: 4.0 / 3.845 | Fail: 1.290%\n"}
,{"stream_name":"stdout","time":268.486816223,"data":"[Game 1560] Range: 2-9 | Median/Mean: 4.0 / 3.845 | Fail: 1.346%\n"}
,{"stream_name":"stdout","time":270.188996461,"data":"[Game 1570] Range: 2-9 | Median/Mean: 4.0 / 3.845 | Fail: 1.338%\n"}
,{"stream_name":"stdout","time":271.826831114,"data":"[Game 1580] Range: 2-9 | Median/Mean: 4.0 / 3.845 | Fail: 1.329%\n"}
,{"stream_name":"stdout","time":272.918566593,"data":"[Game 1590] Range: 2-9 | Median/Mean: 4.0 / 3.842 | Fail: 1.321%\n"}
,{"stream_name":"stdout","time":274.275938858,"data":"[Game 1600] Range: 2-9 | Median/Mean: 4.0 / 3.839 | Fail: 1.312%\n"}
,{"stream_name":"stdout","time":276.186343671,"data":"[Game 1610] Range: 2-9 | Median/Mean: 4.0 / 3.840 | Fail: 1.304%\n"}
,{"stream_name":"stdout","time":277.79649153,"data":"[Game 1620] Range: 2-9 | Median/Mean: 4.0 / 3.841 | Fail: 1.296%\n"}
,{"stream_name":"stdout","time":279.212238264,"data":"[Game 1630] Range: 2-9 | Median/Mean: 4.0 / 3.839 | Fail: 1.288%\n"}
,{"stream_name":"stdout","time":280.397273174,"data":"[Game 1640] Range: 2-9 | Median/Mean: 4.0 / 3.835 | Fail: 1.280%\n"}
,{"stream_name":"stdout","time":281.664705173,"data":"[Game 1650] Range: 2-9 | Median/Mean: 4.0 / 3.833 | Fail: 1.273%\n"}
,{"stream_name":"stdout","time":283.054334924,"data":"[Game 1660] Range: 2-9 | Median/Mean: 4.0 / 3.831 | Fail: 1.265%\n"}
,{"stream_name":"stdout","time":284.483484896,"data":"[Game 1670] Range: 2-9 | Median/Mean: 4.0 / 3.831 | Fail: 1.257%\n"}
,{"stream_name":"stdout","time":286.179073858,"data":"[Game 1680] Range: 2-9 | Median/Mean: 4.0 / 3.831 | Fail: 1.250%\n"}
,{"stream_name":"stdout","time":287.589413845,"data":"[Game 1690] Range: 2-9 | Median/Mean: 4.0 / 3.830 | Fail: 1.243%\n"}
,{"stream_name":"stdout","time":289.17652074,"data":"[Game 1700] Range: 2-9 | Median/Mean: 4.0 / 3.831 | Fail: 1.235%\n"}
,{"stream_name":"stdout","time":290.518345206,"data":"[Game 1710] Range: 2-9 | Median/Mean: 4.0 / 3.829 | Fail: 1.228%\n"}
,{"stream_name":"stdout","time":292.526569083,"data":"[Game 1720] Range: 2-9 | Median/Mean: 4.0 / 3.831 | Fail: 1.221%\n"}
,{"stream_name":"stdout","time":294.115397421,"data":"[Game 1730] Range: 2-9 | Median/Mean: 4.0 / 3.831 | Fail: 1.214%\n"}
,{"stream_name":"stdout","time":295.588960209,"data":"[Game 1740] Range: 2-9 | Median/Mean: 4.0 / 3.830 | Fail: 1.207%\n"}
,{"stream_name":"stdout","time":297.302776873,"data":"[Game 1750] Range: 2-9 | Median/Mean: 4.0 / 3.829 | Fail: 1.200%\n"}
,{"stream_name":"stdout","time":298.547776553,"data":"[Game 1760] Range: 2-9 | Median/Mean: 4.0 / 3.828 | Fail: 1.193%\n"}
,{"stream_name":"stdout","time":300.285990496,"data":"[Game 1770] Range: 2-9 | Median/Mean: 4.0 / 3.829 | Fail: 1.186%\n"}
,{"stream_name":"stdout","time":301.824405584,"data":"[Game 1780] Range: 2-9 | Median/Mean: 4.0 / 3.829 | Fail: 1.180%\n"}
,{"stream_name":"stdout","time":303.045313624,"data":"[Game 1790] Range: 2-9 | Median/Mean: 4.0 / 3.827 | Fail: 1.173%\n"}
,{"stream_name":"stdout","time":304.598378062,"data":"[Game 1800] Range: 2-9 | Median/Mean: 4.0 / 3.827 | Fail: 1.167%\n"}
,{"stream_name":"stdout","time":306.236820336,"data":"[Game 1810] Range: 2-9 | Median/Mean: 4.0 / 3.828 | Fail: 1.160%\n"}
,{"stream_name":"stdout","time":307.645143207,"data":"[Game 1820] Range: 2-9 | Median/Mean: 4.0 / 3.828 | Fail: 1.154%\n"}
,{"stream_name":"stdout","time":309.097991914,"data":"[Game 1830] Range: 2-9 | Median/Mean: 4.0 / 3.828 | Fail: 1.148%\n"}
,{"stream_name":"stdout","time":310.396795431,"data":"[Game 1840] Range: 2-9 | Median/Mean: 4.0 / 3.827 | Fail: 1.141%\n"}
,{"stream_name":"stdout","time":311.966286948,"data":"[Game 1850] Range: 2-9 | Median/Mean: 4.0 / 3.826 | Fail: 1.135%\n"}
,{"stream_name":"stdout","time":313.534213168,"data":"[Game 1860] Range: 2-9 | Median/Mean: 4.0 / 3.827 | Fail: 1.129%\n"}
,{"stream_name":"stdout","time":314.888018779,"data":"[Game 1870] Range: 2-9 | Median/Mean: 4.0 / 3.826 | Fail: 1.123%\n"}
,{"stream_name":"stdout","time":316.839305685,"data":"[Game 1880] Range: 2-9 | Median/Mean: 4.0 / 3.829 | Fail: 1.170%\n"}
,{"stream_name":"stdout","time":318.668339131,"data":"[Game 1890] Range: 2-9 | Median/Mean: 4.0 / 3.831 | Fail: 1.164%\n"}
,{"stream_name":"stdout","time":319.726437914,"data":"[Game 1900] Range: 2-9 | Median/Mean: 4.0 / 3.829 | Fail: 1.158%\n"}
,{"stream_name":"stdout","time":321.239962933,"data":"[Game 1910] Range: 2-9 | Median/Mean: 4.0 / 3.829 | Fail: 1.152%\n"}
,{"stream_name":"stdout","time":322.692326991,"data":"[Game 1920] Range: 2-9 | Median/Mean: 4.0 / 3.828 | Fail: 1.146%\n"}
,{"stream_name":"stdout","time":323.966450289,"data":"[Game 1930] Range: 2-9 | Median/Mean: 4.0 / 3.825 | Fail: 1.140%\n"}
,{"stream_name":"stdout","time":325.428263242,"data":"[Game 1940] Range: 2-9 | Median/Mean: 4.0 / 3.825 | Fail: 1.134%\n"}
,{"stream_name":"stdout","time":326.781942793,"data":"[Game 1950] Range: 2-9 | Median/Mean: 4.0 / 3.824 | Fail: 1.128%\n"}
,{"stream_name":"stdout","time":328.754505668,"data":"[Game 1960] Range: 2-9 | Median/Mean: 4.0 / 3.827 | Fail: 1.173%\n"}
,{"stream_name":"stdout","time":330.187238464,"data":"[Game 1970] Range: 2-9 | Median/Mean: 4.0 / 3.826 | Fail: 1.168%\n"}
,{"stream_name":"stdout","time":331.925418882,"data":"[Game 1980] Range: 2-9 | Median/Mean: 4.0 / 3.829 | Fail: 1.162%\n"}
,{"stream_name":"stdout","time":333.500227048,"data":"[Game 1990] Range: 2-9 | Median/Mean: 4.0 / 3.829 | Fail: 1.156%\n"}
,{"stream_name":"stdout","time":335.531661581,"data":"[Game 2000] Range: 2-9 | Median/Mean: 4.0 / 3.831 | Fail: 1.200%\n"}
,{"stream_name":"stdout","time":336.856250765,"data":"[Game 2010] Range: 2-9 | Median/Mean: 4.0 / 3.830 | Fail: 1.194%\n"}
,{"stream_name":"stdout","time":338.658300645,"data":"[Game 2020] Range: 2-9 | Median/Mean: 4.0 / 3.832 | Fail: 1.188%\n"}
,{"stream_name":"stdout","time":340.021364614,"data":"[Game 2030] Range: 2-9 | Median/Mean: 4.0 / 3.832 | Fail: 1.182%\n"}
,{"stream_name":"stdout","time":341.579733759,"data":"[Game 2040] Range: 2-9 | Median/Mean: 4.0 / 3.832 | Fail: 1.176%\n"}
,{"stream_name":"stdout","time":343.434390803,"data":"[Game 2050] Range: 2-9 | Median/Mean: 4.0 / 3.834 | Fail: 1.171%\n"}
,{"stream_name":"stdout","time":344.968538912,"data":"[Game 2060] Range: 2-9 | Median/Mean: 4.0 / 3.833 | Fail: 1.165%\n"}
,{"stream_name":"stdout","time":346.711646888,"data":"[Game 2070] Range: 2-9 | Median/Mean: 4.0 / 3.835 | Fail: 1.208%\n"}
,{"stream_name":"stdout","time":348.330069954,"data":"[Game 2080] Range: 2-9 | Median/Mean: 4.0 / 3.836 | Fail: 1.202%\n"}
,{"stream_name":"stdout","time":349.763228976,"data":"[Game 2090] Range: 2-9 | Median/Mean: 4.0 / 3.833 | Fail: 1.196%\n"}
,{"stream_name":"stdout","time":351.606254165,"data":"[Game 2100] Range: 2-9 | Median/Mean: 4.0 / 3.835 | Fail: 1.190%\n"}
,{"stream_name":"stdout","time":352.97150426,"data":"[Game 2110] Range: 2-9 | Median/Mean: 4.0 / 3.833 | Fail: 1.185%\n"}
,{"stream_name":"stdout","time":354.697136129,"data":"[Game 2120] Range: 2-9 | Median/Mean: 4.0 / 3.834 | Fail: 1.179%\n"}
,{"stream_name":"stdout","time":356.319045975,"data":"[Game 2130] Range: 2-9 | Median/Mean: 4.0 / 3.835 | Fail: 1.174%\n"}
,{"stream_name":"stdout","time":357.99576037,"data":"[Game 2140] Range: 2-9 | Median/Mean: 4.0 / 3.837 | Fail: 1.168%\n"}
,{"stream_name":"stdout","time":359.630489053,"data":"[Game 2150] Range: 2-9 | Median/Mean: 4.0 / 3.837 | Fail: 1.163%\n"}
,{"stream_name":"stdout","time":361.09729312,"data":"[Game 2160] Range: 2-9 | Median/Mean: 4.0 / 3.836 | Fail: 1.157%\n"}
,{"stream_name":"stdout","time":363.279146887,"data":"[Game 2170] Range: 2-9 | Median/Mean: 4.0 / 3.840 | Fail: 1.198%\n"}
,{"stream_name":"stdout","time":365.157328322,"data":"[Game 2180] Range: 2-9 | Median/Mean: 4.0 / 3.841 | Fail: 1.193%\n"}
,{"stream_name":"stdout","time":366.887836987,"data":"[Game 2190] Range: 2-9 | Median/Mean: 4.0 / 3.841 | Fail: 1.187%\n"}
,{"stream_name":"stdout","time":368.617842278,"data":"[Game 2200] Range: 2-9 | Median/Mean: 4.0 / 3.841 | Fail: 1.182%\n"}
,{"stream_name":"stdout","time":370.049062012,"data":"[Game 2210] Range: 2-9 | Median/Mean: 4.0 / 3.841 | Fail: 1.176%\n"}
,{"stream_name":"stdout","time":371.929612288,"data":"[Game 2220] Range: 2-9 | Median/Mean: 4.0 / 3.843 | Fail: 1.171%\n"}
,{"stream_name":"stdout","time":373.21435189,"data":"[Game 2230] Range: 2-9 | Median/Mean: 4.0 / 3.842 | Fail: 1.166%\n"}
,{"stream_name":"stdout","time":374.972120053,"data":"[Game 2240] Range: 2-9 | Median/Mean: 4.0 / 3.843 | Fail: 1.205%\n"}
,{"stream_name":"stdout","time":376.696411086,"data":"[Game 2250] Range: 2-9 | Median/Mean: 4.0 / 3.844 | Fail: 1.200%\n"}
,{"stream_name":"stdout","time":378.880185572,"data":"[Game 2260] Range: 2-9 | Median/Mean: 4.0 / 3.845 | Fail: 1.239%\n"}
,{"stream_name":"stdout","time":380.286503041,"data":"[Game 2270] Range: 2-9 | Median/Mean: 4.0 / 3.843 | Fail: 1.233%\n"}
,{"stream_name":"stdout","time":382.045587558,"data":"[Game 2280] Range: 2-9 | Median/Mean: 4.0 / 3.844 | Fail: 1.228%\n"}
,{"stream_name":"stdout","time":383.865291756,"data":"[Game 2290] Range: 2-9 | Median/Mean: 4.0 / 3.845 | Fail: 1.266%\n"}
,{"stream_name":"stdout","time":385.527563731,"data":"[Game 2300] Range: 2-9 | Median/Mean: 4.0 / 3.845 | Fail: 1.261%\n"}
,{"stream_name":"stdout","time":387.058555367,"data":"[Game 2310] Range: 2-9 | Median/Mean: 4.0 / 3.844 | Fail: 1.255%\n"}
,{"stream_name":"stdout","time":388.139304834,"data":"Summary:\n"}
,{"stream_name":"stdout","time":388.153376023,"data":"Distribution across steps:\n"}
,{"stream_name":"stdout","time":388.165153883,"data":"Key Metrics:\n"}
,{"stream_name":"stderr","time":392.108960073,"data":"/opt/conda/lib/python3.7/site-packages/traitlets/traitlets.py:2567: FutureWarning: --Exporter.preprocessors=[\"remove_papermill_header.RemovePapermillHeader\"] for containers is deprecated in traitlets 5.0. You can pass `--Exporter.preprocessors item` ... multiple times to add items to a list.\n"}
,{"stream_name":"stderr","time":392.109021881,"data":"  FutureWarning,\n"}
,{"stream_name":"stderr","time":392.10903865,"data":"[NbConvertApp] Converting notebook __notebook__.ipynb to notebook\n"}
,{"stream_name":"stderr","time":392.543988891,"data":"[NbConvertApp] Writing 32944 bytes to __notebook__.ipynb\n"}
,{"stream_name":"stderr","time":395.198335676,"data":"/opt/conda/lib/python3.7/site-packages/traitlets/traitlets.py:2567: FutureWarning: --Exporter.preprocessors=[\"nbconvert.preprocessors.ExtractOutputPreprocessor\"] for containers is deprecated in traitlets 5.0. You can pass `--Exporter.preprocessors item` ... multiple times to add items to a list.\n"}
,{"stream_name":"stderr","time":395.198453946,"data":"  FutureWarning,\n"}
,{"stream_name":"stderr","time":395.198541599,"data":"[NbConvertApp] Converting notebook __notebook__.ipynb to html\n"}
,{"stream_name":"stderr","time":395.879934496,"data":"[NbConvertApp] Writing 308316 bytes to __results__.html\n"}
]