[{"stream_name":"stderr","time":14.461999527,"data":"/opt/conda/lib/python3.7/site-packages/papermill/iorw.py:50: FutureWarning: pyarrow.HadoopFileSystem is deprecated as of 2.0.0, please use pyarrow.fs.HadoopFileSystem instead.\n"}
,{"stream_name":"stderr","time":14.462065278,"data":"  from pyarrow import HadoopFileSystem\n"}
,{"stream_name":"stdout","time":16.356830425,"data":"[ ---------- RAILE ----------]\n"}
,{"stream_name":"stdout","time":17.894413135,"data":"[Game 10] Range: 3-5 | Median/Mean: 4.0 / 4.000 | Fail: 0.000%\n"}
,{"stream_name":"stdout","time":19.309449243,"data":"[Game 20] Range: 3-5 | Median/Mean: 4.0 / 3.900 | Fail: 0.000%\n"}
,{"stream_name":"stdout","time":20.681958058,"data":"[Game 30] Range: 3-5 | Median/Mean: 4.0 / 3.867 | Fail: 0.000%\n"}
,{"stream_name":"stdout","time":21.977803562,"data":"[Game 40] Range: 3-6 | Median/Mean: 4.0 / 3.875 | Fail: 0.000%\n"}
,{"stream_name":"stdout","time":24.012963365,"data":"[Game 50] Range: 3-7 | Median/Mean: 4.0 / 3.960 | Fail: 2.000%\n"}
,{"stream_name":"stdout","time":25.294059604,"data":"[Game 60] Range: 3-7 | Median/Mean: 4.0 / 3.917 | Fail: 1.667%\n"}
,{"stream_name":"stdout","time":26.738969032,"data":"[Game 70] Range: 3-7 | Median/Mean: 4.0 / 3.929 | Fail: 1.429%\n"}
,{"stream_name":"stdout","time":27.836940664,"data":"[Game 80] Range: 3-7 | Median/Mean: 4.0 / 3.837 | Fail: 1.250%\n"}
,{"stream_name":"stdout","time":29.603864359,"data":"[Game 90] Range: 3-9 | Median/Mean: 4.0 / 3.911 | Fail: 3.333%\n"}
,{"stream_name":"stdout","time":30.567189456,"data":"[Game 100] Range: 2-9 | Median/Mean: 4.0 / 3.830 | Fail: 3.000%\n"}
,{"stream_name":"stdout","time":31.949190918,"data":"[Game 110] Range: 2-9 | Median/Mean: 4.0 / 3.836 | Fail: 2.727%\n"}
,{"stream_name":"stdout","time":33.515268872,"data":"[Game 120] Range: 2-9 | Median/Mean: 4.0 / 3.842 | Fail: 2.500%\n"}
,{"stream_name":"stdout","time":34.833142983,"data":"[Game 130] Range: 2-9 | Median/Mean: 4.0 / 3.823 | Fail: 2.308%\n"}
,{"stream_name":"stdout","time":35.937036846,"data":"[Game 140] Range: 2-9 | Median/Mean: 4.0 / 3.821 | Fail: 2.143%\n"}
,{"stream_name":"stdout","time":37.224599533,"data":"[Game 150] Range: 2-9 | Median/Mean: 4.0 / 3.800 | Fail: 2.000%\n"}
,{"stream_name":"stdout","time":38.31530464,"data":"[Game 160] Range: 2-9 | Median/Mean: 4.0 / 3.800 | Fail: 1.875%\n"}
,{"stream_name":"stdout","time":39.789897692,"data":"[Game 170] Range: 2-9 | Median/Mean: 4.0 / 3.794 | Fail: 1.765%\n"}
,{"stream_name":"stdout","time":40.912203609,"data":"[Game 180] Range: 2-9 | Median/Mean: 4.0 / 3.761 | Fail: 1.667%\n"}
,{"stream_name":"stdout","time":42.390584351,"data":"[Game 190] Range: 2-9 | Median/Mean: 4.0 / 3.768 | Fail: 1.579%\n"}
,{"stream_name":"stdout","time":43.506534469,"data":"[Game 200] Range: 2-9 | Median/Mean: 4.0 / 3.750 | Fail: 1.500%\n"}
,{"stream_name":"stdout","time":44.9495935,"data":"[Game 210] Range: 2-9 | Median/Mean: 4.0 / 3.748 | Fail: 1.429%\n"}
,{"stream_name":"stdout","time":46.494794411,"data":"[Game 220] Range: 2-9 | Median/Mean: 4.0 / 3.755 | Fail: 1.364%\n"}
,{"stream_name":"stdout","time":47.940645042,"data":"[Game 230] Range: 2-9 | Median/Mean: 4.0 / 3.761 | Fail: 1.304%\n"}
,{"stream_name":"stdout","time":49.223043425,"data":"[Game 240] Range: 2-9 | Median/Mean: 4.0 / 3.750 | Fail: 1.250%\n"}
,{"stream_name":"stdout","time":50.462617381,"data":"[Game 250] Range: 2-9 | Median/Mean: 4.0 / 3.752 | Fail: 1.200%\n"}
,{"stream_name":"stdout","time":51.936073189,"data":"[Game 260] Range: 2-9 | Median/Mean: 4.0 / 3.765 | Fail: 1.154%\n"}
,{"stream_name":"stdout","time":53.326416664999996,"data":"[Game 270] Range: 2-9 | Median/Mean: 4.0 / 3.759 | Fail: 1.111%\n"}
,{"stream_name":"stdout","time":54.451225378,"data":"[Game 280] Range: 2-9 | Median/Mean: 4.0 / 3.746 | Fail: 1.071%\n"}
,{"stream_name":"stdout","time":55.623503134,"data":"[Game 290] Range: 2-9 | Median/Mean: 4.0 / 3.745 | Fail: 1.034%\n"}
,{"stream_name":"stdout","time":56.857339241,"data":"[Game 300] Range: 2-9 | Median/Mean: 4.0 / 3.737 | Fail: 1.000%\n"}
,{"stream_name":"stdout","time":58.411620137,"data":"[Game 310] Range: 2-9 | Median/Mean: 4.0 / 3.739 | Fail: 0.968%\n"}
,{"stream_name":"stdout","time":59.82302495,"data":"[Game 320] Range: 2-9 | Median/Mean: 4.0 / 3.753 | Fail: 1.250%\n"}
,{"stream_name":"stdout","time":61.016742942,"data":"[Game 330] Range: 2-9 | Median/Mean: 4.0 / 3.752 | Fail: 1.212%\n"}
,{"stream_name":"stdout","time":62.363244268,"data":"[Game 340] Range: 2-9 | Median/Mean: 4.0 / 3.747 | Fail: 1.176%\n"}
,{"stream_name":"stdout","time":63.582789374,"data":"[Game 350] Range: 2-9 | Median/Mean: 4.0 / 3.740 | Fail: 1.143%\n"}
,{"stream_name":"stdout","time":65.015689228,"data":"[Game 360] Range: 2-9 | Median/Mean: 4.0 / 3.747 | Fail: 1.111%\n"}
,{"stream_name":"stdout","time":66.358422101,"data":"[Game 370] Range: 2-9 | Median/Mean: 4.0 / 3.751 | Fail: 1.081%\n"}
,{"stream_name":"stdout","time":67.766459072,"data":"[Game 380] Range: 2-9 | Median/Mean: 4.0 / 3.763 | Fail: 1.053%\n"}
,{"stream_name":"stdout","time":69.074802146,"data":"[Game 390] Range: 2-9 | Median/Mean: 4.0 / 3.767 | Fail: 1.026%\n"}
,{"stream_name":"stdout","time":70.629820524,"data":"[Game 400] Range: 2-9 | Median/Mean: 4.0 / 3.772 | Fail: 1.000%\n"}
,{"stream_name":"stdout","time":72.030297113,"data":"[Game 410] Range: 2-9 | Median/Mean: 4.0 / 3.776 | Fail: 0.976%\n"}
,{"stream_name":"stdout","time":73.729025357,"data":"[Game 420] Range: 2-9 | Median/Mean: 4.0 / 3.795 | Fail: 0.952%\n"}
,{"stream_name":"stdout","time":75.256654378,"data":"[Game 430] Range: 2-9 | Median/Mean: 4.0 / 3.809 | Fail: 1.163%\n"}
,{"stream_name":"stdout","time":76.454788727,"data":"[Game 440] Range: 2-9 | Median/Mean: 4.0 / 3.814 | Fail: 1.136%\n"}
,{"stream_name":"stdout","time":77.654662099,"data":"[Game 450] Range: 2-9 | Median/Mean: 4.0 / 3.807 | Fail: 1.111%\n"}
,{"stream_name":"stdout","time":78.830386729,"data":"[Game 460] Range: 2-9 | Median/Mean: 4.0 / 3.800 | Fail: 1.087%\n"}
,{"stream_name":"stdout","time":80.259786326,"data":"[Game 470] Range: 2-9 | Median/Mean: 4.0 / 3.800 | Fail: 1.064%\n"}
,{"stream_name":"stdout","time":81.533181587,"data":"[Game 480] Range: 2-9 | Median/Mean: 4.0 / 3.796 | Fail: 1.042%\n"}
,{"stream_name":"stdout","time":82.723663073,"data":"[Game 490] Range: 2-9 | Median/Mean: 4.0 / 3.790 | Fail: 1.224%\n"}
,{"stream_name":"stdout","time":84.321905367,"data":"[Game 500] Range: 2-9 | Median/Mean: 4.0 / 3.790 | Fail: 1.200%\n"}
,{"stream_name":"stdout","time":85.524004981,"data":"[Game 510] Range: 2-9 | Median/Mean: 4.0 / 3.778 | Fail: 1.176%\n"}
,{"stream_name":"stdout","time":86.772087243,"data":"[Game 520] Range: 2-9 | Median/Mean: 4.0 / 3.773 | Fail: 1.154%\n"}
,{"stream_name":"stdout","time":88.039428386,"data":"[Game 530] Range: 2-9 | Median/Mean: 4.0 / 3.774 | Fail: 1.132%\n"}
,{"stream_name":"stdout","time":89.168305838,"data":"[Game 540] Range: 2-9 | Median/Mean: 4.0 / 3.774 | Fail: 1.111%\n"}
,{"stream_name":"stdout","time":90.46087549,"data":"[Game 550] Range: 2-9 | Median/Mean: 4.0 / 3.773 | Fail: 1.091%\n"}
,{"stream_name":"stdout","time":91.886863784,"data":"[Game 560] Range: 2-9 | Median/Mean: 4.0 / 3.777 | Fail: 1.071%\n"}
,{"stream_name":"stdout","time":92.863139,"data":"[Game 570] Range: 2-9 | Median/Mean: 4.0 / 3.768 | Fail: 1.053%\n"}
,{"stream_name":"stdout","time":94.181237911,"data":"[Game 580] Range: 2-9 | Median/Mean: 4.0 / 3.769 | Fail: 1.034%\n"}
,{"stream_name":"stdout","time":96.0377014,"data":"[Game 590] Range: 2-9 | Median/Mean: 4.0 / 3.783 | Fail: 1.017%\n"}
,{"stream_name":"stdout","time":97.381448115,"data":"[Game 600] Range: 2-9 | Median/Mean: 4.0 / 3.783 | Fail: 1.000%\n"}
,{"stream_name":"stdout","time":98.956211758,"data":"[Game 610] Range: 2-9 | Median/Mean: 4.0 / 3.785 | Fail: 0.984%\n"}
,{"stream_name":"stdout","time":99.967718348,"data":"[Game 620] Range: 2-9 | Median/Mean: 4.0 / 3.776 | Fail: 0.968%\n"}
,{"stream_name":"stdout","time":101.309778198,"data":"[Game 630] Range: 2-9 | Median/Mean: 4.0 / 3.776 | Fail: 0.952%\n"}
,{"stream_name":"stdout","time":102.840689143,"data":"[Game 640] Range: 2-9 | Median/Mean: 4.0 / 3.781 | Fail: 0.938%\n"}
,{"stream_name":"stdout","time":104.120608186,"data":"[Game 650] Range: 2-9 | Median/Mean: 4.0 / 3.780 | Fail: 0.923%\n"}
,{"stream_name":"stdout","time":105.335517843,"data":"[Game 660] Range: 2-9 | Median/Mean: 4.0 / 3.777 | Fail: 0.909%\n"}
,{"stream_name":"stdout","time":106.949504814,"data":"[Game 670] Range: 2-9 | Median/Mean: 4.0 / 3.779 | Fail: 0.896%\n"}
,{"stream_name":"stdout","time":108.588306098,"data":"[Game 680] Range: 2-9 | Median/Mean: 4.0 / 3.785 | Fail: 1.029%\n"}
,{"stream_name":"stdout","time":109.755232769,"data":"[Game 690] Range: 2-9 | Median/Mean: 4.0 / 3.781 | Fail: 1.014%\n"}
,{"stream_name":"stdout","time":110.83188143,"data":"[Game 700] Range: 2-9 | Median/Mean: 4.0 / 3.781 | Fail: 1.000%\n"}
,{"stream_name":"stdout","time":112.314828923,"data":"[Game 710] Range: 2-9 | Median/Mean: 4.0 / 3.786 | Fail: 0.986%\n"}
,{"stream_name":"stdout","time":113.604301722,"data":"[Game 720] Range: 2-9 | Median/Mean: 4.0 / 3.783 | Fail: 0.972%\n"}
,{"stream_name":"stdout","time":115.144239188,"data":"[Game 730] Range: 2-9 | Median/Mean: 4.0 / 3.786 | Fail: 0.959%\n"}
,{"stream_name":"stdout","time":116.766890765,"data":"[Game 740] Range: 2-9 | Median/Mean: 4.0 / 3.793 | Fail: 0.946%\n"}
,{"stream_name":"stdout","time":117.915821324,"data":"[Game 750] Range: 2-9 | Median/Mean: 4.0 / 3.785 | Fail: 0.933%\n"}
,{"stream_name":"stdout","time":119.000911764,"data":"[Game 760] Range: 2-9 | Median/Mean: 4.0 / 3.779 | Fail: 0.921%\n"}
,{"stream_name":"stdout","time":120.188856575,"data":"[Game 770] Range: 2-9 | Median/Mean: 4.0 / 3.777 | Fail: 0.909%\n"}
,{"stream_name":"stdout","time":121.465205666,"data":"[Game 780] Range: 2-9 | Median/Mean: 4.0 / 3.777 | Fail: 0.897%\n"}
,{"stream_name":"stdout","time":123.090716346,"data":"[Game 790] Range: 2-9 | Median/Mean: 4.0 / 3.780 | Fail: 0.886%\n"}
,{"stream_name":"stdout","time":124.209685237,"data":"[Game 800] Range: 2-9 | Median/Mean: 4.0 / 3.776 | Fail: 0.875%\n"}
,{"stream_name":"stdout","time":125.346951893,"data":"[Game 810] Range: 2-9 | Median/Mean: 4.0 / 3.770 | Fail: 0.864%\n"}
,{"stream_name":"stdout","time":126.577532509,"data":"[Game 820] Range: 2-9 | Median/Mean: 4.0 / 3.771 | Fail: 0.976%\n"}
,{"stream_name":"stdout","time":127.844116068,"data":"[Game 830] Range: 2-9 | Median/Mean: 4.0 / 3.770 | Fail: 0.964%\n"}
,{"stream_name":"stdout","time":129.069581996,"data":"[Game 840] Range: 2-9 | Median/Mean: 4.0 / 3.769 | Fail: 0.952%\n"}
,{"stream_name":"stdout","time":130.493199953,"data":"[Game 850] Range: 2-9 | Median/Mean: 4.0 / 3.767 | Fail: 0.941%\n"}
,{"stream_name":"stdout","time":131.468792266,"data":"[Game 860] Range: 2-9 | Median/Mean: 4.0 / 3.763 | Fail: 0.930%\n"}
,{"stream_name":"stdout","time":132.617151354,"data":"[Game 870] Range: 2-9 | Median/Mean: 4.0 / 3.761 | Fail: 0.920%\n"}
,{"stream_name":"stdout","time":133.810428582,"data":"[Game 880] Range: 2-9 | Median/Mean: 4.0 / 3.758 | Fail: 0.909%\n"}
,{"stream_name":"stdout","time":135.229386139,"data":"[Game 890] Range: 2-9 | Median/Mean: 4.0 / 3.758 | Fail: 0.899%\n"}
,{"stream_name":"stdout","time":136.486927263,"data":"[Game 900] Range: 2-9 | Median/Mean: 4.0 / 3.753 | Fail: 0.889%\n"}
,{"stream_name":"stdout","time":137.851712988,"data":"[Game 910] Range: 2-9 | Median/Mean: 4.0 / 3.754 | Fail: 0.879%\n"}
,{"stream_name":"stdout","time":139.302262292,"data":"[Game 920] Range: 2-9 | Median/Mean: 4.0 / 3.752 | Fail: 0.870%\n"}
,{"stream_name":"stdout","time":140.820634468,"data":"[Game 930] Range: 2-9 | Median/Mean: 4.0 / 3.754 | Fail: 0.860%\n"}
,{"stream_name":"stdout","time":142.300622138,"data":"[Game 940] Range: 2-9 | Median/Mean: 4.0 / 3.756 | Fail: 0.851%\n"}
,{"stream_name":"stdout","time":143.705367023,"data":"[Game 950] Range: 2-9 | Median/Mean: 4.0 / 3.757 | Fail: 0.842%\n"}
,{"stream_name":"stdout","time":145.302681437,"data":"[Game 960] Range: 2-9 | Median/Mean: 4.0 / 3.756 | Fail: 0.833%\n"}
,{"stream_name":"stdout","time":146.500323122,"data":"[Game 970] Range: 2-9 | Median/Mean: 4.0 / 3.756 | Fail: 0.825%\n"}
,{"stream_name":"stdout","time":147.453019256,"data":"[Game 980] Range: 2-9 | Median/Mean: 4.0 / 3.749 | Fail: 0.816%\n"}
,{"stream_name":"stdout","time":148.642605397,"data":"[Game 990] Range: 2-9 | Median/Mean: 4.0 / 3.743 | Fail: 0.808%\n"}
,{"stream_name":"stdout","time":149.946874016,"data":"[Game 1000] Range: 2-9 | Median/Mean: 4.0 / 3.742 | Fail: 0.800%\n"}
,{"stream_name":"stdout","time":151.377412104,"data":"[Game 1010] Range: 2-9 | Median/Mean: 4.0 / 3.743 | Fail: 0.792%\n"}
,{"stream_name":"stdout","time":152.342377247,"data":"[Game 1020] Range: 2-9 | Median/Mean: 4.0 / 3.739 | Fail: 0.784%\n"}
,{"stream_name":"stdout","time":153.792744533,"data":"[Game 1030] Range: 2-9 | Median/Mean: 4.0 / 3.739 | Fail: 0.874%\n"}
,{"stream_name":"stdout","time":155.166781551,"data":"[Game 1040] Range: 2-9 | Median/Mean: 4.0 / 3.737 | Fail: 0.865%\n"}
,{"stream_name":"stdout","time":156.347379466,"data":"[Game 1050] Range: 2-9 | Median/Mean: 4.0 / 3.734 | Fail: 0.857%\n"}
,{"stream_name":"stdout","time":157.993394122,"data":"[Game 1060] Range: 2-9 | Median/Mean: 4.0 / 3.740 | Fail: 0.849%\n"}
,{"stream_name":"stdout","time":159.044302944,"data":"[Game 1070] Range: 2-9 | Median/Mean: 4.0 / 3.736 | Fail: 0.841%\n"}
,{"stream_name":"stdout","time":160.230981935,"data":"[Game 1080] Range: 2-9 | Median/Mean: 4.0 / 3.735 | Fail: 0.833%\n"}
,{"stream_name":"stdout","time":161.947522594,"data":"[Game 1090] Range: 2-9 | Median/Mean: 4.0 / 3.740 | Fail: 0.826%\n"}
,{"stream_name":"stdout","time":163.522628352,"data":"[Game 1100] Range: 2-9 | Median/Mean: 4.0 / 3.744 | Fail: 0.818%\n"}
,{"stream_name":"stdout","time":164.918500187,"data":"[Game 1110] Range: 2-9 | Median/Mean: 4.0 / 3.744 | Fail: 0.811%\n"}
,{"stream_name":"stdout","time":166.209990974,"data":"[Game 1120] Range: 2-9 | Median/Mean: 4.0 / 3.744 | Fail: 0.804%\n"}
,{"stream_name":"stdout","time":167.431444328,"data":"[Game 1130] Range: 2-9 | Median/Mean: 4.0 / 3.743 | Fail: 0.796%\n"}
,{"stream_name":"stdout","time":168.976257754,"data":"[Game 1140] Range: 2-9 | Median/Mean: 4.0 / 3.747 | Fail: 0.877%\n"}
,{"stream_name":"stdout","time":170.341712623,"data":"[Game 1150] Range: 2-9 | Median/Mean: 4.0 / 3.748 | Fail: 0.870%\n"}
,{"stream_name":"stdout","time":171.523306735,"data":"[Game 1160] Range: 2-9 | Median/Mean: 4.0 / 3.747 | Fail: 0.862%\n"}
,{"stream_name":"stdout","time":172.640013272,"data":"[Game 1170] Range: 2-9 | Median/Mean: 4.0 / 3.746 | Fail: 0.855%\n"}
,{"stream_name":"stdout","time":173.750236108,"data":"[Game 1180] Range: 2-9 | Median/Mean: 4.0 / 3.744 | Fail: 0.847%\n"}
,{"stream_name":"stdout","time":174.998388677,"data":"[Game 1190] Range: 2-9 | Median/Mean: 4.0 / 3.741 | Fail: 0.840%\n"}
,{"stream_name":"stdout","time":176.051786145,"data":"[Game 1200] Range: 2-9 | Median/Mean: 4.0 / 3.737 | Fail: 0.833%\n"}
,{"stream_name":"stdout","time":177.432395942,"data":"[Game 1210] Range: 2-9 | Median/Mean: 4.0 / 3.737 | Fail: 0.826%\n"}
,{"stream_name":"stdout","time":178.965185055,"data":"[Game 1220] Range: 2-9 | Median/Mean: 4.0 / 3.742 | Fail: 0.820%\n"}
,{"stream_name":"stdout","time":180.871146961,"data":"[Game 1230] Range: 2-9 | Median/Mean: 4.0 / 3.748 | Fail: 0.813%\n"}
,{"stream_name":"stdout","time":182.053149446,"data":"[Game 1240] Range: 2-9 | Median/Mean: 4.0 / 3.747 | Fail: 0.806%\n"}
,{"stream_name":"stdout","time":183.151302386,"data":"[Game 1250] Range: 2-9 | Median/Mean: 4.0 / 3.743 | Fail: 0.800%\n"}
,{"stream_name":"stdout","time":184.375723739,"data":"[Game 1260] Range: 2-9 | Median/Mean: 4.0 / 3.744 | Fail: 0.873%\n"}
,{"stream_name":"stdout","time":185.581992153,"data":"[Game 1270] Range: 2-9 | Median/Mean: 4.0 / 3.743 | Fail: 0.866%\n"}
,{"stream_name":"stdout","time":186.762117866,"data":"[Game 1280] Range: 2-9 | Median/Mean: 4.0 / 3.740 | Fail: 0.859%\n"}
,{"stream_name":"stdout","time":188.006683308,"data":"[Game 1290] Range: 2-9 | Median/Mean: 4.0 / 3.740 | Fail: 0.853%\n"}
,{"stream_name":"stdout","time":189.043940944,"data":"[Game 1300] Range: 2-9 | Median/Mean: 4.0 / 3.738 | Fail: 0.846%\n"}
,{"stream_name":"stdout","time":189.936835126,"data":"[Game 1310] Range: 2-9 | Median/Mean: 4.0 / 3.734 | Fail: 0.840%\n"}
,{"stream_name":"stdout","time":191.161740889,"data":"[Game 1320] Range: 2-9 | Median/Mean: 4.0 / 3.734 | Fail: 0.833%\n"}
,{"stream_name":"stdout","time":192.670828432,"data":"[Game 1330] Range: 2-9 | Median/Mean: 4.0 / 3.736 | Fail: 0.827%\n"}
,{"stream_name":"stdout","time":194.121429082,"data":"[Game 1340] Range: 2-9 | Median/Mean: 4.0 / 3.736 | Fail: 0.821%\n"}
,{"stream_name":"stdout","time":195.434056321,"data":"[Game 1350] Range: 2-9 | Median/Mean: 4.0 / 3.735 | Fail: 0.815%\n"}
,{"stream_name":"stdout","time":196.623635467,"data":"[Game 1360] Range: 2-9 | Median/Mean: 4.0 / 3.734 | Fail: 0.809%\n"}
,{"stream_name":"stdout","time":197.961594827,"data":"[Game 1370] Range: 2-9 | Median/Mean: 4.0 / 3.735 | Fail: 0.803%\n"}
,{"stream_name":"stdout","time":199.610224852,"data":"[Game 1380] Range: 2-9 | Median/Mean: 4.0 / 3.738 | Fail: 0.870%\n"}
,{"stream_name":"stdout","time":200.815342131,"data":"[Game 1390] Range: 2-9 | Median/Mean: 4.0 / 3.737 | Fail: 0.863%\n"}
,{"stream_name":"stdout","time":202.106825355,"data":"[Game 1400] Range: 2-9 | Median/Mean: 4.0 / 3.738 | Fail: 0.929%\n"}
,{"stream_name":"stdout","time":203.806222647,"data":"[Game 1410] Range: 2-9 | Median/Mean: 4.0 / 3.740 | Fail: 0.922%\n"}
,{"stream_name":"stdout","time":205.153529026,"data":"[Game 1420] Range: 2-9 | Median/Mean: 4.0 / 3.739 | Fail: 0.915%\n"}
,{"stream_name":"stdout","time":206.572710366,"data":"[Game 1430] Range: 2-9 | Median/Mean: 4.0 / 3.739 | Fail: 0.909%\n"}
,{"stream_name":"stdout","time":207.705595518,"data":"[Game 1440] Range: 2-9 | Median/Mean: 4.0 / 3.739 | Fail: 0.903%\n"}
,{"stream_name":"stdout","time":209.226984203,"data":"[Game 1450] Range: 2-9 | Median/Mean: 4.0 / 3.743 | Fail: 0.966%\n"}
,{"stream_name":"stdout","time":210.53370036,"data":"[Game 1460] Range: 2-9 | Median/Mean: 4.0 / 3.742 | Fail: 0.959%\n"}
,{"stream_name":"stdout","time":211.750577293,"data":"[Game 1470] Range: 2-9 | Median/Mean: 4.0 / 3.741 | Fail: 0.952%\n"}
,{"stream_name":"stdout","time":213.013206381,"data":"[Game 1480] Range: 2-9 | Median/Mean: 4.0 / 3.743 | Fail: 0.946%\n"}
,{"stream_name":"stdout","time":214.392457575,"data":"[Game 1490] Range: 2-9 | Median/Mean: 4.0 / 3.745 | Fail: 0.940%\n"}
,{"stream_name":"stdout","time":216.030149961,"data":"[Game 1500] Range: 2-9 | Median/Mean: 4.0 / 3.748 | Fail: 0.933%\n"}
,{"stream_name":"stdout","time":217.399828001,"data":"[Game 1510] Range: 2-9 | Median/Mean: 4.0 / 3.748 | Fail: 0.927%\n"}
,{"stream_name":"stdout","time":218.447131245,"data":"[Game 1520] Range: 2-9 | Median/Mean: 4.0 / 3.745 | Fail: 0.921%\n"}
,{"stream_name":"stdout","time":219.678706255,"data":"[Game 1530] Range: 2-9 | Median/Mean: 4.0 / 3.747 | Fail: 0.915%\n"}
,{"stream_name":"stdout","time":221.180762444,"data":"[Game 1540] Range: 2-9 | Median/Mean: 4.0 / 3.749 | Fail: 0.909%\n"}
,{"stream_name":"stdout","time":222.397762489,"data":"[Game 1550] Range: 2-9 | Median/Mean: 4.0 / 3.748 | Fail: 0.903%\n"}
,{"stream_name":"stdout","time":223.731245196,"data":"[Game 1560] Range: 2-9 | Median/Mean: 4.0 / 3.746 | Fail: 0.897%\n"}
,{"stream_name":"stdout","time":225.075641539,"data":"[Game 1570] Range: 2-9 | Median/Mean: 4.0 / 3.746 | Fail: 0.892%\n"}
,{"stream_name":"stdout","time":226.627992672,"data":"[Game 1580] Range: 2-9 | Median/Mean: 4.0 / 3.747 | Fail: 0.886%\n"}
,{"stream_name":"stdout","time":227.803235062,"data":"[Game 1590] Range: 2-9 | Median/Mean: 4.0 / 3.745 | Fail: 0.881%\n"}
,{"stream_name":"stdout","time":228.881902483,"data":"[Game 1600] Range: 2-9 | Median/Mean: 4.0 / 3.743 | Fail: 0.875%\n"}
,{"stream_name":"stdout","time":230.580605471,"data":"[Game 1610] Range: 2-9 | Median/Mean: 4.0 / 3.746 | Fail: 0.870%\n"}
,{"stream_name":"stdout","time":232.060851398,"data":"[Game 1620] Range: 2-9 | Median/Mean: 4.0 / 3.747 | Fail: 0.864%\n"}
,{"stream_name":"stdout","time":233.388880726,"data":"[Game 1630] Range: 2-9 | Median/Mean: 4.0 / 3.748 | Fail: 0.920%\n"}
,{"stream_name":"stdout","time":234.957611466,"data":"[Game 1640] Range: 2-9 | Median/Mean: 4.0 / 3.749 | Fail: 0.915%\n"}
,{"stream_name":"stdout","time":236.174532081,"data":"[Game 1650] Range: 2-9 | Median/Mean: 4.0 / 3.749 | Fail: 0.909%\n"}
,{"stream_name":"stdout","time":237.570363127,"data":"[Game 1660] Range: 2-9 | Median/Mean: 4.0 / 3.749 | Fail: 0.904%\n"}
,{"stream_name":"stdout","time":238.55786447,"data":"[Game 1670] Range: 2-9 | Median/Mean: 4.0 / 3.746 | Fail: 0.898%\n"}
,{"stream_name":"stdout","time":239.974443687,"data":"[Game 1680] Range: 2-9 | Median/Mean: 4.0 / 3.747 | Fail: 0.893%\n"}
,{"stream_name":"stdout","time":241.235486063,"data":"[Game 1690] Range: 2-9 | Median/Mean: 4.0 / 3.746 | Fail: 0.888%\n"}
,{"stream_name":"stdout","time":242.305647102,"data":"[Game 1700] Range: 2-9 | Median/Mean: 4.0 / 3.743 | Fail: 0.882%\n"}
,{"stream_name":"stdout","time":243.587366342,"data":"[Game 1710] Range: 2-9 | Median/Mean: 4.0 / 3.743 | Fail: 0.877%\n"}
,{"stream_name":"stdout","time":245.152541171,"data":"[Game 1720] Range: 2-9 | Median/Mean: 4.0 / 3.745 | Fail: 0.872%\n"}
,{"stream_name":"stdout","time":246.51780364,"data":"[Game 1730] Range: 2-9 | Median/Mean: 4.0 / 3.743 | Fail: 0.867%\n"}
,{"stream_name":"stdout","time":247.869330682,"data":"[Game 1740] Range: 2-9 | Median/Mean: 4.0 / 3.744 | Fail: 0.862%\n"}
,{"stream_name":"stdout","time":249.025593686,"data":"[Game 1750] Range: 2-9 | Median/Mean: 4.0 / 3.742 | Fail: 0.857%\n"}
,{"stream_name":"stdout","time":250.235166068,"data":"[Game 1760] Range: 2-9 | Median/Mean: 4.0 / 3.743 | Fail: 0.852%\n"}
,{"stream_name":"stdout","time":251.276152633,"data":"[Game 1770] Range: 2-9 | Median/Mean: 4.0 / 3.741 | Fail: 0.847%\n"}
,{"stream_name":"stdout","time":252.515272956,"data":"[Game 1780] Range: 2-9 | Median/Mean: 4.0 / 3.740 | Fail: 0.843%\n"}
,{"stream_name":"stdout","time":253.696761198,"data":"[Game 1790] Range: 2-9 | Median/Mean: 4.0 / 3.739 | Fail: 0.838%\n"}
,{"stream_name":"stdout","time":255.258379076,"data":"[Game 1800] Range: 2-9 | Median/Mean: 4.0 / 3.739 | Fail: 0.833%\n"}
,{"stream_name":"stdout","time":256.700894155,"data":"[Game 1810] Range: 2-9 | Median/Mean: 4.0 / 3.741 | Fail: 0.829%\n"}
,{"stream_name":"stdout","time":257.930290079,"data":"[Game 1820] Range: 2-9 | Median/Mean: 4.0 / 3.741 | Fail: 0.824%\n"}
,{"stream_name":"stdout","time":259.32263891,"data":"[Game 1830] Range: 2-9 | Median/Mean: 4.0 / 3.740 | Fail: 0.820%\n"}
,{"stream_name":"stdout","time":260.571236387,"data":"[Game 1840] Range: 2-9 | Median/Mean: 4.0 / 3.740 | Fail: 0.815%\n"}
,{"stream_name":"stdout","time":262.194942007,"data":"[Game 1850] Range: 2-9 | Median/Mean: 4.0 / 3.742 | Fail: 0.811%\n"}
,{"stream_name":"stdout","time":263.721290959,"data":"[Game 1860] Range: 2-9 | Median/Mean: 4.0 / 3.743 | Fail: 0.806%\n"}
,{"stream_name":"stdout","time":265.086715936,"data":"[Game 1870] Range: 2-9 | Median/Mean: 4.0 / 3.742 | Fail: 0.802%\n"}
,{"stream_name":"stdout","time":266.584694586,"data":"[Game 1880] Range: 2-9 | Median/Mean: 4.0 / 3.743 | Fail: 0.798%\n"}
,{"stream_name":"stdout","time":268.205823123,"data":"[Game 1890] Range: 2-9 | Median/Mean: 4.0 / 3.743 | Fail: 0.794%\n"}
,{"stream_name":"stdout","time":270.03475169,"data":"[Game 1900] Range: 2-9 | Median/Mean: 4.0 / 3.746 | Fail: 0.789%\n"}
,{"stream_name":"stdout","time":271.357362981,"data":"[Game 1910] Range: 2-9 | Median/Mean: 4.0 / 3.746 | Fail: 0.785%\n"}
,{"stream_name":"stdout","time":272.592254662,"data":"[Game 1920] Range: 2-9 | Median/Mean: 4.0 / 3.745 | Fail: 0.781%\n"}
,{"stream_name":"stdout","time":273.890986294,"data":"[Game 1930] Range: 2-9 | Median/Mean: 4.0 / 3.745 | Fail: 0.777%\n"}
,{"stream_name":"stdout","time":275.165779716,"data":"[Game 1940] Range: 2-9 | Median/Mean: 4.0 / 3.745 | Fail: 0.773%\n"}
,{"stream_name":"stdout","time":276.392932334,"data":"[Game 1950] Range: 2-9 | Median/Mean: 4.0 / 3.744 | Fail: 0.769%\n"}
,{"stream_name":"stdout","time":278.228408768,"data":"[Game 1960] Range: 2-9 | Median/Mean: 4.0 / 3.747 | Fail: 0.765%\n"}
,{"stream_name":"stdout","time":279.645674299,"data":"[Game 1970] Range: 2-9 | Median/Mean: 4.0 / 3.747 | Fail: 0.761%\n"}
,{"stream_name":"stdout","time":281.084150806,"data":"[Game 1980] Range: 2-9 | Median/Mean: 4.0 / 3.749 | Fail: 0.808%\n"}
,{"stream_name":"stdout","time":282.34448201,"data":"[Game 1990] Range: 2-9 | Median/Mean: 4.0 / 3.748 | Fail: 0.804%\n"}
,{"stream_name":"stdout","time":283.743668319,"data":"[Game 2000] Range: 2-9 | Median/Mean: 4.0 / 3.748 | Fail: 0.850%\n"}
,{"stream_name":"stdout","time":285.140592729,"data":"[Game 2010] Range: 2-9 | Median/Mean: 4.0 / 3.749 | Fail: 0.846%\n"}
,{"stream_name":"stdout","time":286.5578608,"data":"[Game 2020] Range: 2-9 | Median/Mean: 4.0 / 3.751 | Fail: 0.842%\n"}
,{"stream_name":"stdout","time":287.829802047,"data":"[Game 2030] Range: 2-9 | Median/Mean: 4.0 / 3.751 | Fail: 0.837%\n"}
,{"stream_name":"stdout","time":289.346052187,"data":"[Game 2040] Range: 2-9 | Median/Mean: 4.0 / 3.751 | Fail: 0.833%\n"}
,{"stream_name":"stdout","time":290.899741285,"data":"[Game 2050] Range: 2-9 | Median/Mean: 4.0 / 3.754 | Fail: 0.829%\n"}
,{"stream_name":"stdout","time":292.078475226,"data":"[Game 2060] Range: 2-9 | Median/Mean: 4.0 / 3.752 | Fail: 0.825%\n"}
,{"stream_name":"stdout","time":293.672514499,"data":"[Game 2070] Range: 2-9 | Median/Mean: 4.0 / 3.755 | Fail: 0.870%\n"}
,{"stream_name":"stdout","time":295.385539087,"data":"[Game 2080] Range: 2-9 | Median/Mean: 4.0 / 3.759 | Fail: 0.913%\n"}
,{"stream_name":"stdout","time":296.637687155,"data":"[Game 2090] Range: 2-9 | Median/Mean: 4.0 / 3.757 | Fail: 0.909%\n"}
,{"stream_name":"stdout","time":298.138816637,"data":"[Game 2100] Range: 2-9 | Median/Mean: 4.0 / 3.760 | Fail: 0.905%\n"}
,{"stream_name":"stdout","time":299.658846046,"data":"[Game 2110] Range: 2-9 | Median/Mean: 4.0 / 3.760 | Fail: 0.900%\n"}
,{"stream_name":"stdout","time":301.02887455,"data":"[Game 2120] Range: 2-9 | Median/Mean: 4.0 / 3.760 | Fail: 0.896%\n"}
,{"stream_name":"stdout","time":302.523350962,"data":"[Game 2130] Range: 2-9 | Median/Mean: 4.0 / 3.762 | Fail: 0.892%\n"}
,{"stream_name":"stdout","time":304.054570146,"data":"[Game 2140] Range: 2-9 | Median/Mean: 4.0 / 3.764 | Fail: 0.935%\n"}
,{"stream_name":"stdout","time":305.402442583,"data":"[Game 2150] Range: 2-9 | Median/Mean: 4.0 / 3.764 | Fail: 0.930%\n"}
,{"stream_name":"stdout","time":306.753006172,"data":"[Game 2160] Range: 2-9 | Median/Mean: 4.0 / 3.763 | Fail: 0.926%\n"}
,{"stream_name":"stdout","time":308.57644129,"data":"[Game 2170] Range: 2-9 | Median/Mean: 4.0 / 3.767 | Fail: 0.968%\n"}
,{"stream_name":"stdout","time":310.010839169,"data":"[Game 2180] Range: 2-9 | Median/Mean: 4.0 / 3.767 | Fail: 0.963%\n"}
,{"stream_name":"stdout","time":311.430616452,"data":"[Game 2190] Range: 2-9 | Median/Mean: 4.0 / 3.767 | Fail: 0.959%\n"}
,{"stream_name":"stdout","time":312.84967048,"data":"[Game 2200] Range: 2-9 | Median/Mean: 4.0 / 3.768 | Fail: 0.955%\n"}
,{"stream_name":"stdout","time":314.159695273,"data":"[Game 2210] Range: 2-9 | Median/Mean: 4.0 / 3.768 | Fail: 0.950%\n"}
,{"stream_name":"stdout","time":315.589959685,"data":"[Game 2220] Range: 2-9 | Median/Mean: 4.0 / 3.769 | Fail: 0.946%\n"}
,{"stream_name":"stdout","time":317.080090205,"data":"[Game 2230] Range: 2-9 | Median/Mean: 4.0 / 3.770 | Fail: 0.942%\n"}
,{"stream_name":"stdout","time":318.855365133,"data":"[Game 2240] Range: 2-9 | Median/Mean: 4.0 / 3.772 | Fail: 0.982%\n"}
,{"stream_name":"stdout","time":320.217258621,"data":"[Game 2250] Range: 2-9 | Median/Mean: 4.0 / 3.772 | Fail: 0.978%\n"}
,{"stream_name":"stdout","time":321.853125861,"data":"[Game 2260] Range: 2-9 | Median/Mean: 4.0 / 3.773 | Fail: 1.018%\n"}
,{"stream_name":"stdout","time":322.972262714,"data":"[Game 2270] Range: 2-9 | Median/Mean: 4.0 / 3.770 | Fail: 1.013%\n"}
,{"stream_name":"stdout","time":324.540385138,"data":"[Game 2280] Range: 2-9 | Median/Mean: 4.0 / 3.771 | Fail: 1.009%\n"}
,{"stream_name":"stdout","time":325.921442822,"data":"[Game 2290] Range: 2-9 | Median/Mean: 4.0 / 3.772 | Fail: 1.048%\n"}
,{"stream_name":"stdout","time":326.946720171,"data":"[Game 2300] Range: 2-9 | Median/Mean: 4.0 / 3.770 | Fail: 1.043%\n"}
,{"stream_name":"stdout","time":327.923774499,"data":"[Game 2310] Range: 2-9 | Median/Mean: 4.0 / 3.768 | Fail: 1.039%\n"}
,{"stream_name":"stdout","time":328.943274305,"data":"Summary:\n"}
,{"stream_name":"stdout","time":328.955065466,"data":"Distribution across steps:\n"}
,{"stream_name":"stdout","time":328.965488112,"data":"Key Metrics:\n"}
,{"stream_name":"stderr","time":332.90352393,"data":"/opt/conda/lib/python3.7/site-packages/traitlets/traitlets.py:2567: FutureWarning: --Exporter.preprocessors=[\"remove_papermill_header.RemovePapermillHeader\"] for containers is deprecated in traitlets 5.0. You can pass `--Exporter.preprocessors item` ... multiple times to add items to a list.\n"}
,{"stream_name":"stderr","time":332.903798181,"data":"  FutureWarning,\n"}
,{"stream_name":"stderr","time":332.905089772,"data":"[NbConvertApp] Converting notebook __notebook__.ipynb to notebook\n"}
,{"stream_name":"stderr","time":333.323725435,"data":"[NbConvertApp] Writing 32938 bytes to __notebook__.ipynb\n"}
,{"stream_name":"stderr","time":335.861728967,"data":"/opt/conda/lib/python3.7/site-packages/traitlets/traitlets.py:2567: FutureWarning: --Exporter.preprocessors=[\"nbconvert.preprocessors.ExtractOutputPreprocessor\"] for containers is deprecated in traitlets 5.0. You can pass `--Exporter.preprocessors item` ... multiple times to add items to a list.\n"}
,{"stream_name":"stderr","time":335.861798418,"data":"  FutureWarning,\n"}
,{"stream_name":"stderr","time":335.861807884,"data":"[NbConvertApp] Converting notebook __notebook__.ipynb to html\n"}
,{"stream_name":"stderr","time":336.500516614,"data":"[NbConvertApp] Writing 308313 bytes to __results__.html\n"}
]