[{"stream_name":"stderr","time":13.23255757,"data":"/opt/conda/lib/python3.7/site-packages/papermill/iorw.py:50: FutureWarning: pyarrow.HadoopFileSystem is deprecated as of 2.0.0, please use pyarrow.fs.HadoopFileSystem instead.\n"}
,{"stream_name":"stderr","time":13.232661656,"data":"  from pyarrow import HadoopFileSystem\n"}
,{"stream_name":"stdout","time":15.187452488,"data":"[ ---------- TORES ----------]\n"}
,{"stream_name":"stdout","time":16.609252085,"data":"[Game 10] Range: 3-5 | Median/Mean: 3.5 / 3.800 | Fail: 0.000%\n"}
,{"stream_name":"stdout","time":18.115806794,"data":"[Game 20] Range: 3-5 | Median/Mean: 4.0 / 3.850 | Fail: 0.000%\n"}
,{"stream_name":"stdout","time":19.522288733,"data":"[Game 30] Range: 3-5 | Median/Mean: 4.0 / 3.833 | Fail: 0.000%\n"}
,{"stream_name":"stdout","time":20.982461821,"data":"[Game 40] Range: 3-5 | Median/Mean: 4.0 / 3.875 | Fail: 0.000%\n"}
,{"stream_name":"stdout","time":22.526672098,"data":"[Game 50] Range: 3-6 | Median/Mean: 4.0 / 3.940 | Fail: 0.000%\n"}
,{"stream_name":"stdout","time":23.989782483,"data":"[Game 60] Range: 3-6 | Median/Mean: 4.0 / 3.900 | Fail: 0.000%\n"}
,{"stream_name":"stdout","time":25.607186552,"data":"[Game 70] Range: 3-6 | Median/Mean: 4.0 / 3.943 | Fail: 0.000%\n"}
,{"stream_name":"stdout","time":26.610443,"data":"[Game 80] Range: 2-6 | Median/Mean: 4.0 / 3.837 | Fail: 0.000%\n"}
,{"stream_name":"stdout","time":28.1378593,"data":"[Game 90] Range: 2-6 | Median/Mean: 4.0 / 3.867 | Fail: 0.000%\n"}
,{"stream_name":"stdout","time":29.181738627,"data":"[Game 100] Range: 2-6 | Median/Mean: 4.0 / 3.820 | Fail: 0.000%\n"}
,{"stream_name":"stdout","time":30.675933486,"data":"[Game 110] Range: 2-6 | Median/Mean: 4.0 / 3.809 | Fail: 0.000%\n"}
,{"stream_name":"stdout","time":31.884571678,"data":"[Game 120] Range: 2-6 | Median/Mean: 4.0 / 3.792 | Fail: 0.000%\n"}
,{"stream_name":"stdout","time":33.451278291,"data":"[Game 130] Range: 2-6 | Median/Mean: 4.0 / 3.808 | Fail: 0.000%\n"}
,{"stream_name":"stdout","time":34.573116829,"data":"[Game 140] Range: 2-6 | Median/Mean: 4.0 / 3.800 | Fail: 0.000%\n"}
,{"stream_name":"stdout","time":35.9268398,"data":"[Game 150] Range: 2-6 | Median/Mean: 4.0 / 3.800 | Fail: 0.000%\n"}
,{"stream_name":"stdout","time":36.901249272,"data":"[Game 160] Range: 2-6 | Median/Mean: 4.0 / 3.769 | Fail: 0.000%\n"}
,{"stream_name":"stdout","time":37.986718853,"data":"[Game 170] Range: 2-6 | Median/Mean: 4.0 / 3.747 | Fail: 0.000%\n"}
,{"stream_name":"stdout","time":38.827568647,"data":"[Game 180] Range: 2-6 | Median/Mean: 4.0 / 3.722 | Fail: 0.000%\n"}
,{"stream_name":"stdout","time":40.250838515,"data":"[Game 190] Range: 2-6 | Median/Mean: 4.0 / 3.737 | Fail: 0.000%\n"}
,{"stream_name":"stdout","time":41.390489568,"data":"[Game 200] Range: 2-6 | Median/Mean: 4.0 / 3.725 | Fail: 0.000%\n"}
,{"stream_name":"stdout","time":42.582816865,"data":"[Game 210] Range: 2-6 | Median/Mean: 4.0 / 3.724 | Fail: 0.000%\n"}
,{"stream_name":"stdout","time":43.799536921,"data":"[Game 220] Range: 2-6 | Median/Mean: 4.0 / 3.709 | Fail: 0.000%\n"}
,{"stream_name":"stdout","time":45.108756751,"data":"[Game 230] Range: 2-7 | Median/Mean: 4.0 / 3.709 | Fail: 0.435%\n"}
,{"stream_name":"stdout","time":46.409334393,"data":"[Game 240] Range: 2-7 | Median/Mean: 4.0 / 3.712 | Fail: 0.417%\n"}
,{"stream_name":"stdout","time":47.633334293,"data":"[Game 250] Range: 2-7 | Median/Mean: 4.0 / 3.712 | Fail: 0.400%\n"}
,{"stream_name":"stdout","time":48.847448319,"data":"[Game 260] Range: 2-7 | Median/Mean: 4.0 / 3.708 | Fail: 0.385%\n"}
,{"stream_name":"stdout","time":49.743353416,"data":"[Game 270] Range: 2-7 | Median/Mean: 4.0 / 3.681 | Fail: 0.370%\n"}
,{"stream_name":"stdout","time":50.910402142,"data":"[Game 280] Range: 2-7 | Median/Mean: 4.0 / 3.679 | Fail: 0.357%\n"}
,{"stream_name":"stdout","time":52.005122503,"data":"[Game 290] Range: 2-7 | Median/Mean: 4.0 / 3.666 | Fail: 0.345%\n"}
,{"stream_name":"stdout","time":53.220758397,"data":"[Game 300] Range: 2-7 | Median/Mean: 4.0 / 3.663 | Fail: 0.333%\n"}
,{"stream_name":"stdout","time":54.773597416,"data":"[Game 310] Range: 2-7 | Median/Mean: 4.0 / 3.668 | Fail: 0.323%\n"}
,{"stream_name":"stdout","time":56.000565606,"data":"[Game 320] Range: 2-7 | Median/Mean: 4.0 / 3.669 | Fail: 0.625%\n"}
,{"stream_name":"stdout","time":57.120478456,"data":"[Game 330] Range: 2-7 | Median/Mean: 4.0 / 3.664 | Fail: 0.606%\n"}
,{"stream_name":"stdout","time":58.225548842,"data":"[Game 340] Range: 2-7 | Median/Mean: 4.0 / 3.659 | Fail: 0.588%\n"}
,{"stream_name":"stdout","time":59.329517199,"data":"[Game 350] Range: 2-7 | Median/Mean: 4.0 / 3.657 | Fail: 0.571%\n"}
,{"stream_name":"stdout","time":60.286029816,"data":"[Game 360] Range: 2-7 | Median/Mean: 4.0 / 3.650 | Fail: 0.556%\n"}
,{"stream_name":"stdout","time":61.577714259,"data":"[Game 370] Range: 2-7 | Median/Mean: 4.0 / 3.657 | Fail: 0.541%\n"}
,{"stream_name":"stdout","time":63.183543937,"data":"[Game 380] Range: 2-7 | Median/Mean: 4.0 / 3.666 | Fail: 0.526%\n"}
,{"stream_name":"stdout","time":64.323454976,"data":"[Game 390] Range: 2-7 | Median/Mean: 4.0 / 3.664 | Fail: 0.513%\n"}
,{"stream_name":"stdout","time":65.951521092,"data":"[Game 400] Range: 2-7 | Median/Mean: 4.0 / 3.683 | Fail: 0.500%\n"}
,{"stream_name":"stdout","time":67.474850721,"data":"[Game 410] Range: 2-7 | Median/Mean: 4.0 / 3.700 | Fail: 0.488%\n"}
,{"stream_name":"stdout","time":68.868404236,"data":"[Game 420] Range: 2-7 | Median/Mean: 4.0 / 3.705 | Fail: 0.476%\n"}
,{"stream_name":"stdout","time":70.244730378,"data":"[Game 430] Range: 2-7 | Median/Mean: 4.0 / 3.714 | Fail: 0.465%\n"}
,{"stream_name":"stdout","time":71.88252463,"data":"[Game 440] Range: 2-7 | Median/Mean: 4.0 / 3.730 | Fail: 0.455%\n"}
,{"stream_name":"stdout","time":73.006649687,"data":"[Game 450] Range: 2-7 | Median/Mean: 4.0 / 3.722 | Fail: 0.444%\n"}
,{"stream_name":"stdout","time":74.444640001,"data":"[Game 460] Range: 2-7 | Median/Mean: 4.0 / 3.720 | Fail: 0.435%\n"}
,{"stream_name":"stdout","time":75.896929955,"data":"[Game 470] Range: 2-7 | Median/Mean: 4.0 / 3.721 | Fail: 0.426%\n"}
,{"stream_name":"stdout","time":77.11303618,"data":"[Game 480] Range: 2-7 | Median/Mean: 4.0 / 3.719 | Fail: 0.417%\n"}
,{"stream_name":"stdout","time":78.468782448,"data":"[Game 490] Range: 2-7 | Median/Mean: 4.0 / 3.718 | Fail: 0.408%\n"}
,{"stream_name":"stdout","time":79.915757127,"data":"[Game 500] Range: 2-7 | Median/Mean: 4.0 / 3.716 | Fail: 0.400%\n"}
,{"stream_name":"stdout","time":81.741674525,"data":"[Game 510] Range: 2-7 | Median/Mean: 4.0 / 3.725 | Fail: 0.392%\n"}
,{"stream_name":"stdout","time":82.884096619,"data":"[Game 520] Range: 2-7 | Median/Mean: 4.0 / 3.723 | Fail: 0.385%\n"}
,{"stream_name":"stdout","time":84.076246189,"data":"[Game 530] Range: 2-7 | Median/Mean: 4.0 / 3.719 | Fail: 0.377%\n"}
,{"stream_name":"stdout","time":85.547124544,"data":"[Game 540] Range: 2-7 | Median/Mean: 4.0 / 3.726 | Fail: 0.370%\n"}
,{"stream_name":"stdout","time":86.678983688,"data":"[Game 550] Range: 2-7 | Median/Mean: 4.0 / 3.722 | Fail: 0.364%\n"}
,{"stream_name":"stdout","time":88.598321162,"data":"[Game 560] Range: 2-7 | Median/Mean: 4.0 / 3.736 | Fail: 0.357%\n"}
,{"stream_name":"stdout","time":90.06345998,"data":"[Game 570] Range: 2-7 | Median/Mean: 4.0 / 3.737 | Fail: 0.351%\n"}
,{"stream_name":"stdout","time":91.356358575,"data":"[Game 580] Range: 2-7 | Median/Mean: 4.0 / 3.733 | Fail: 0.345%\n"}
,{"stream_name":"stdout","time":92.684323978,"data":"[Game 590] Range: 2-7 | Median/Mean: 4.0 / 3.734 | Fail: 0.339%\n"}
,{"stream_name":"stdout","time":93.758776863,"data":"[Game 600] Range: 2-7 | Median/Mean: 4.0 / 3.730 | Fail: 0.333%\n"}
,{"stream_name":"stdout","time":95.17153362,"data":"[Game 610] Range: 2-7 | Median/Mean: 4.0 / 3.728 | Fail: 0.328%\n"}
,{"stream_name":"stdout","time":96.325250528,"data":"[Game 620] Range: 2-7 | Median/Mean: 4.0 / 3.727 | Fail: 0.323%\n"}
,{"stream_name":"stdout","time":97.511559626,"data":"[Game 630] Range: 2-7 | Median/Mean: 4.0 / 3.727 | Fail: 0.317%\n"}
,{"stream_name":"stdout","time":98.624453425,"data":"[Game 640] Range: 2-7 | Median/Mean: 4.0 / 3.727 | Fail: 0.312%\n"}
,{"stream_name":"stdout","time":100.010725421,"data":"[Game 650] Range: 2-7 | Median/Mean: 4.0 / 3.726 | Fail: 0.308%\n"}
,{"stream_name":"stdout","time":101.428193083,"data":"[Game 660] Range: 2-7 | Median/Mean: 4.0 / 3.730 | Fail: 0.303%\n"}
,{"stream_name":"stdout","time":102.512891271,"data":"[Game 670] Range: 2-7 | Median/Mean: 4.0 / 3.728 | Fail: 0.299%\n"}
,{"stream_name":"stdout","time":104.017238816,"data":"[Game 680] Range: 2-7 | Median/Mean: 4.0 / 3.732 | Fail: 0.294%\n"}
,{"stream_name":"stdout","time":105.28341349,"data":"[Game 690] Range: 2-7 | Median/Mean: 4.0 / 3.732 | Fail: 0.290%\n"}
,{"stream_name":"stdout","time":106.752584582,"data":"[Game 700] Range: 2-7 | Median/Mean: 4.0 / 3.736 | Fail: 0.286%\n"}
,{"stream_name":"stdout","time":107.807039387,"data":"[Game 710] Range: 2-7 | Median/Mean: 4.0 / 3.730 | Fail: 0.282%\n"}
,{"stream_name":"stdout","time":109.02064051,"data":"[Game 720] Range: 2-7 | Median/Mean: 4.0 / 3.731 | Fail: 0.278%\n"}
,{"stream_name":"stdout","time":110.503826301,"data":"[Game 730] Range: 2-7 | Median/Mean: 4.0 / 3.733 | Fail: 0.274%\n"}
,{"stream_name":"stdout","time":112.016901415,"data":"[Game 740] Range: 2-7 | Median/Mean: 4.0 / 3.739 | Fail: 0.270%\n"}
,{"stream_name":"stdout","time":113.437564036,"data":"[Game 750] Range: 2-7 | Median/Mean: 4.0 / 3.740 | Fail: 0.267%\n"}
,{"stream_name":"stdout","time":115.026520429,"data":"[Game 760] Range: 2-7 | Median/Mean: 4.0 / 3.743 | Fail: 0.263%\n"}
,{"stream_name":"stdout","time":116.390496419,"data":"[Game 770] Range: 2-7 | Median/Mean: 4.0 / 3.744 | Fail: 0.260%\n"}
,{"stream_name":"stdout","time":117.756486988,"data":"[Game 780] Range: 2-7 | Median/Mean: 4.0 / 3.742 | Fail: 0.256%\n"}
,{"stream_name":"stdout","time":119.428384094,"data":"[Game 790] Range: 2-7 | Median/Mean: 4.0 / 3.748 | Fail: 0.253%\n"}
,{"stream_name":"stdout","time":120.975959815,"data":"[Game 800] Range: 2-7 | Median/Mean: 4.0 / 3.751 | Fail: 0.250%\n"}
,{"stream_name":"stdout","time":122.163670554,"data":"[Game 810] Range: 2-7 | Median/Mean: 4.0 / 3.747 | Fail: 0.247%\n"}
,{"stream_name":"stdout","time":123.703123776,"data":"[Game 820] Range: 2-7 | Median/Mean: 4.0 / 3.751 | Fail: 0.244%\n"}
,{"stream_name":"stdout","time":124.957863657,"data":"[Game 830] Range: 2-7 | Median/Mean: 4.0 / 3.748 | Fail: 0.241%\n"}
,{"stream_name":"stdout","time":126.227560107,"data":"[Game 840] Range: 2-7 | Median/Mean: 4.0 / 3.745 | Fail: 0.238%\n"}
,{"stream_name":"stdout","time":127.646734412,"data":"[Game 850] Range: 2-7 | Median/Mean: 4.0 / 3.749 | Fail: 0.353%\n"}
,{"stream_name":"stdout","time":129.088324441,"data":"[Game 860] Range: 2-7 | Median/Mean: 4.0 / 3.749 | Fail: 0.349%\n"}
,{"stream_name":"stdout","time":130.633333504,"data":"[Game 870] Range: 2-7 | Median/Mean: 4.0 / 3.752 | Fail: 0.345%\n"}
,{"stream_name":"stdout","time":131.901506088,"data":"[Game 880] Range: 2-7 | Median/Mean: 4.0 / 3.752 | Fail: 0.341%\n"}
,{"stream_name":"stdout","time":133.214674688,"data":"[Game 890] Range: 2-7 | Median/Mean: 4.0 / 3.752 | Fail: 0.449%\n"}
,{"stream_name":"stdout","time":134.714082227,"data":"[Game 900] Range: 2-7 | Median/Mean: 4.0 / 3.753 | Fail: 0.444%\n"}
,{"stream_name":"stdout","time":135.746755352,"data":"[Game 910] Range: 2-7 | Median/Mean: 4.0 / 3.751 | Fail: 0.549%\n"}
,{"stream_name":"stdout","time":137.229001036,"data":"[Game 920] Range: 2-7 | Median/Mean: 4.0 / 3.750 | Fail: 0.543%\n"}
,{"stream_name":"stdout","time":138.3793423,"data":"[Game 930] Range: 2-7 | Median/Mean: 4.0 / 3.749 | Fail: 0.538%\n"}
,{"stream_name":"stdout","time":139.807514321,"data":"[Game 940] Range: 2-7 | Median/Mean: 4.0 / 3.751 | Fail: 0.532%\n"}
,{"stream_name":"stdout","time":141.089296802,"data":"[Game 950] Range: 2-7 | Median/Mean: 4.0 / 3.751 | Fail: 0.526%\n"}
,{"stream_name":"stdout","time":142.462727149,"data":"[Game 960] Range: 2-7 | Median/Mean: 4.0 / 3.752 | Fail: 0.521%\n"}
,{"stream_name":"stdout","time":143.916129691,"data":"[Game 970] Range: 2-7 | Median/Mean: 4.0 / 3.756 | Fail: 0.515%\n"}
,{"stream_name":"stdout","time":145.139530078,"data":"[Game 980] Range: 2-7 | Median/Mean: 4.0 / 3.755 | Fail: 0.510%\n"}
,{"stream_name":"stdout","time":146.308415238,"data":"[Game 990] Range: 2-7 | Median/Mean: 4.0 / 3.751 | Fail: 0.505%\n"}
,{"stream_name":"stdout","time":147.755213053,"data":"[Game 1000] Range: 2-7 | Median/Mean: 4.0 / 3.753 | Fail: 0.500%\n"}
,{"stream_name":"stdout","time":149.004871532,"data":"[Game 1010] Range: 2-7 | Median/Mean: 4.0 / 3.750 | Fail: 0.495%\n"}
,{"stream_name":"stdout","time":150.214472659,"data":"[Game 1020] Range: 2-7 | Median/Mean: 4.0 / 3.749 | Fail: 0.490%\n"}
,{"stream_name":"stdout","time":151.758683976,"data":"[Game 1030] Range: 2-7 | Median/Mean: 4.0 / 3.749 | Fail: 0.485%\n"}
,{"stream_name":"stdout","time":152.972771665,"data":"[Game 1040] Range: 2-7 | Median/Mean: 4.0 / 3.746 | Fail: 0.481%\n"}
,{"stream_name":"stdout","time":154.354365704,"data":"[Game 1050] Range: 2-7 | Median/Mean: 4.0 / 3.744 | Fail: 0.476%\n"}
,{"stream_name":"stdout","time":155.803409788,"data":"[Game 1060] Range: 2-7 | Median/Mean: 4.0 / 3.745 | Fail: 0.472%\n"}
,{"stream_name":"stdout","time":157.117036968,"data":"[Game 1070] Range: 2-7 | Median/Mean: 4.0 / 3.745 | Fail: 0.561%\n"}
,{"stream_name":"stdout","time":158.438156753,"data":"[Game 1080] Range: 2-7 | Median/Mean: 4.0 / 3.744 | Fail: 0.556%\n"}
,{"stream_name":"stdout","time":160.022276691,"data":"[Game 1090] Range: 2-7 | Median/Mean: 4.0 / 3.748 | Fail: 0.550%\n"}
,{"stream_name":"stdout","time":161.320303706,"data":"[Game 1100] Range: 2-7 | Median/Mean: 4.0 / 3.748 | Fail: 0.545%\n"}
,{"stream_name":"stdout","time":162.44797223,"data":"[Game 1110] Range: 2-7 | Median/Mean: 4.0 / 3.745 | Fail: 0.541%\n"}
,{"stream_name":"stdout","time":163.684427213,"data":"[Game 1120] Range: 2-7 | Median/Mean: 4.0 / 3.743 | Fail: 0.536%\n"}
,{"stream_name":"stdout","time":164.943897135,"data":"[Game 1130] Range: 2-7 | Median/Mean: 4.0 / 3.742 | Fail: 0.531%\n"}
,{"stream_name":"stdout","time":165.932574075,"data":"[Game 1140] Range: 2-7 | Median/Mean: 4.0 / 3.738 | Fail: 0.526%\n"}
,{"stream_name":"stdout","time":167.104940216,"data":"[Game 1150] Range: 2-7 | Median/Mean: 4.0 / 3.736 | Fail: 0.522%\n"}
,{"stream_name":"stdout","time":168.351547629,"data":"[Game 1160] Range: 2-7 | Median/Mean: 4.0 / 3.734 | Fail: 0.517%\n"}
,{"stream_name":"stdout","time":169.56993158,"data":"[Game 1170] Range: 2-7 | Median/Mean: 4.0 / 3.733 | Fail: 0.513%\n"}
,{"stream_name":"stdout","time":170.847391081,"data":"[Game 1180] Range: 2-7 | Median/Mean: 4.0 / 3.734 | Fail: 0.508%\n"}
,{"stream_name":"stdout","time":171.905469997,"data":"[Game 1190] Range: 2-7 | Median/Mean: 4.0 / 3.731 | Fail: 0.504%\n"}
,{"stream_name":"stdout","time":173.166578945,"data":"[Game 1200] Range: 2-7 | Median/Mean: 4.0 / 3.728 | Fail: 0.500%\n"}
,{"stream_name":"stdout","time":174.28320421,"data":"[Game 1210] Range: 2-7 | Median/Mean: 4.0 / 3.724 | Fail: 0.496%\n"}
,{"stream_name":"stdout","time":175.753452107,"data":"[Game 1220] Range: 2-7 | Median/Mean: 4.0 / 3.728 | Fail: 0.492%\n"}
,{"stream_name":"stdout","time":177.231851872,"data":"[Game 1230] Range: 2-7 | Median/Mean: 4.0 / 3.729 | Fail: 0.488%\n"}
,{"stream_name":"stdout","time":178.461077635,"data":"[Game 1240] Range: 2-7 | Median/Mean: 4.0 / 3.727 | Fail: 0.484%\n"}
,{"stream_name":"stdout","time":179.550555703,"data":"[Game 1250] Range: 2-7 | Median/Mean: 4.0 / 3.726 | Fail: 0.480%\n"}
,{"stream_name":"stdout","time":180.925621647,"data":"[Game 1260] Range: 2-7 | Median/Mean: 4.0 / 3.729 | Fail: 0.476%\n"}
,{"stream_name":"stdout","time":182.110679489,"data":"[Game 1270] Range: 2-7 | Median/Mean: 4.0 / 3.728 | Fail: 0.472%\n"}
,{"stream_name":"stdout","time":183.43721796,"data":"[Game 1280] Range: 2-7 | Median/Mean: 4.0 / 3.728 | Fail: 0.469%\n"}
,{"stream_name":"stdout","time":184.630607934,"data":"[Game 1290] Range: 2-7 | Median/Mean: 4.0 / 3.729 | Fail: 0.465%\n"}
,{"stream_name":"stdout","time":185.841286871,"data":"[Game 1300] Range: 2-7 | Median/Mean: 4.0 / 3.730 | Fail: 0.462%\n"}
,{"stream_name":"stdout","time":186.982897891,"data":"[Game 1310] Range: 2-7 | Median/Mean: 4.0 / 3.729 | Fail: 0.458%\n"}
,{"stream_name":"stdout","time":188.401482197,"data":"[Game 1320] Range: 2-7 | Median/Mean: 4.0 / 3.731 | Fail: 0.530%\n"}
,{"stream_name":"stdout","time":189.932584123,"data":"[Game 1330] Range: 2-7 | Median/Mean: 4.0 / 3.733 | Fail: 0.526%\n"}
,{"stream_name":"stdout","time":191.360184007,"data":"[Game 1340] Range: 2-7 | Median/Mean: 4.0 / 3.734 | Fail: 0.522%\n"}
,{"stream_name":"stdout","time":192.680440665,"data":"[Game 1350] Range: 2-7 | Median/Mean: 4.0 / 3.734 | Fail: 0.519%\n"}
,{"stream_name":"stdout","time":193.812636978,"data":"[Game 1360] Range: 2-7 | Median/Mean: 4.0 / 3.735 | Fail: 0.515%\n"}
,{"stream_name":"stdout","time":195.528759015,"data":"[Game 1370] Range: 2-7 | Median/Mean: 4.0 / 3.737 | Fail: 0.511%\n"}
,{"stream_name":"stdout","time":196.92727787,"data":"[Game 1380] Range: 2-7 | Median/Mean: 4.0 / 3.739 | Fail: 0.507%\n"}
,{"stream_name":"stdout","time":198.324825488,"data":"[Game 1390] Range: 2-7 | Median/Mean: 4.0 / 3.740 | Fail: 0.504%\n"}
,{"stream_name":"stdout","time":199.640980678,"data":"[Game 1400] Range: 2-7 | Median/Mean: 4.0 / 3.741 | Fail: 0.500%\n"}
,{"stream_name":"stdout","time":201.069037531,"data":"[Game 1410] Range: 2-7 | Median/Mean: 4.0 / 3.741 | Fail: 0.496%\n"}
,{"stream_name":"stdout","time":202.478523045,"data":"[Game 1420] Range: 2-7 | Median/Mean: 4.0 / 3.742 | Fail: 0.493%\n"}
,{"stream_name":"stdout","time":203.680864899,"data":"[Game 1430] Range: 2-7 | Median/Mean: 4.0 / 3.740 | Fail: 0.490%\n"}
,{"stream_name":"stdout","time":205.345042586,"data":"[Game 1440] Range: 2-8 | Median/Mean: 4.0 / 3.743 | Fail: 0.556%\n"}
,{"stream_name":"stdout","time":206.826298687,"data":"[Game 1450] Range: 2-8 | Median/Mean: 4.0 / 3.745 | Fail: 0.621%\n"}
,{"stream_name":"stdout","time":207.981543736,"data":"[Game 1460] Range: 2-8 | Median/Mean: 4.0 / 3.743 | Fail: 0.616%\n"}
,{"stream_name":"stdout","time":209.23800094,"data":"[Game 1470] Range: 2-8 | Median/Mean: 4.0 / 3.742 | Fail: 0.612%\n"}
,{"stream_name":"stdout","time":210.34412307,"data":"[Game 1480] Range: 2-8 | Median/Mean: 4.0 / 3.741 | Fail: 0.608%\n"}
,{"stream_name":"stdout","time":211.539150368,"data":"[Game 1490] Range: 2-8 | Median/Mean: 4.0 / 3.740 | Fail: 0.604%\n"}
,{"stream_name":"stdout","time":213.023534225,"data":"[Game 1500] Range: 2-8 | Median/Mean: 4.0 / 3.741 | Fail: 0.600%\n"}
,{"stream_name":"stdout","time":214.213483652,"data":"[Game 1510] Range: 2-8 | Median/Mean: 4.0 / 3.740 | Fail: 0.596%\n"}
,{"stream_name":"stdout","time":215.236194045,"data":"[Game 1520] Range: 2-8 | Median/Mean: 4.0 / 3.737 | Fail: 0.592%\n"}
,{"stream_name":"stdout","time":216.499155663,"data":"[Game 1530] Range: 2-8 | Median/Mean: 4.0 / 3.738 | Fail: 0.588%\n"}
,{"stream_name":"stdout","time":217.930965541,"data":"[Game 1540] Range: 2-8 | Median/Mean: 4.0 / 3.740 | Fail: 0.584%\n"}
,{"stream_name":"stdout","time":219.231807765,"data":"[Game 1550] Range: 2-8 | Median/Mean: 4.0 / 3.740 | Fail: 0.581%\n"}
,{"stream_name":"stdout","time":220.490160522,"data":"[Game 1560] Range: 2-8 | Median/Mean: 4.0 / 3.738 | Fail: 0.577%\n"}
,{"stream_name":"stdout","time":221.726244516,"data":"[Game 1570] Range: 2-8 | Median/Mean: 4.0 / 3.738 | Fail: 0.573%\n"}
,{"stream_name":"stdout","time":222.845953194,"data":"[Game 1580] Range: 2-8 | Median/Mean: 4.0 / 3.737 | Fail: 0.570%\n"}
,{"stream_name":"stdout","time":224.155076267,"data":"[Game 1590] Range: 2-8 | Median/Mean: 4.0 / 3.735 | Fail: 0.566%\n"}
,{"stream_name":"stdout","time":225.314880022,"data":"[Game 1600] Range: 2-8 | Median/Mean: 4.0 / 3.734 | Fail: 0.562%\n"}
,{"stream_name":"stdout","time":226.878854242,"data":"[Game 1610] Range: 2-8 | Median/Mean: 4.0 / 3.735 | Fail: 0.559%\n"}
,{"stream_name":"stdout","time":228.015315995,"data":"[Game 1620] Range: 2-8 | Median/Mean: 4.0 / 3.735 | Fail: 0.556%\n"}
,{"stream_name":"stdout","time":229.636448503,"data":"[Game 1630] Range: 2-8 | Median/Mean: 4.0 / 3.737 | Fail: 0.552%\n"}
,{"stream_name":"stdout","time":230.974342281,"data":"[Game 1640] Range: 2-8 | Median/Mean: 4.0 / 3.736 | Fail: 0.549%\n"}
,{"stream_name":"stdout","time":232.43878655,"data":"[Game 1650] Range: 2-8 | Median/Mean: 4.0 / 3.738 | Fail: 0.545%\n"}
,{"stream_name":"stdout","time":234.105357443,"data":"[Game 1660] Range: 2-8 | Median/Mean: 4.0 / 3.739 | Fail: 0.542%\n"}
,{"stream_name":"stdout","time":235.516801316,"data":"[Game 1670] Range: 2-8 | Median/Mean: 4.0 / 3.741 | Fail: 0.539%\n"}
,{"stream_name":"stdout","time":237.01032925,"data":"[Game 1680] Range: 2-8 | Median/Mean: 4.0 / 3.742 | Fail: 0.536%\n"}
,{"stream_name":"stdout","time":238.456473016,"data":"[Game 1690] Range: 2-8 | Median/Mean: 4.0 / 3.744 | Fail: 0.533%\n"}
,{"stream_name":"stdout","time":239.602905409,"data":"[Game 1700] Range: 2-8 | Median/Mean: 4.0 / 3.742 | Fail: 0.529%\n"}
,{"stream_name":"stdout","time":240.949423153,"data":"[Game 1710] Range: 2-8 | Median/Mean: 4.0 / 3.741 | Fail: 0.526%\n"}
,{"stream_name":"stdout","time":242.191505081,"data":"[Game 1720] Range: 2-8 | Median/Mean: 4.0 / 3.741 | Fail: 0.523%\n"}
,{"stream_name":"stdout","time":243.462300507,"data":"[Game 1730] Range: 2-8 | Median/Mean: 4.0 / 3.740 | Fail: 0.520%\n"}
,{"stream_name":"stdout","time":244.988875391,"data":"[Game 1740] Range: 2-8 | Median/Mean: 4.0 / 3.743 | Fail: 0.517%\n"}
,{"stream_name":"stdout","time":246.316412774,"data":"[Game 1750] Range: 2-8 | Median/Mean: 4.0 / 3.741 | Fail: 0.514%\n"}
,{"stream_name":"stdout","time":247.208834526,"data":"[Game 1760] Range: 2-8 | Median/Mean: 4.0 / 3.737 | Fail: 0.511%\n"}
,{"stream_name":"stdout","time":248.216714039,"data":"[Game 1770] Range: 2-8 | Median/Mean: 4.0 / 3.734 | Fail: 0.508%\n"}
,{"stream_name":"stdout","time":249.505776395,"data":"[Game 1780] Range: 2-8 | Median/Mean: 4.0 / 3.734 | Fail: 0.506%\n"}
,{"stream_name":"stdout","time":250.425228005,"data":"[Game 1790] Range: 2-8 | Median/Mean: 4.0 / 3.731 | Fail: 0.503%\n"}
,{"stream_name":"stdout","time":251.614863569,"data":"[Game 1800] Range: 2-8 | Median/Mean: 4.0 / 3.729 | Fail: 0.500%\n"}
,{"stream_name":"stdout","time":253.049700681,"data":"[Game 1810] Range: 2-8 | Median/Mean: 4.0 / 3.731 | Fail: 0.497%\n"}
,{"stream_name":"stdout","time":254.216720449,"data":"[Game 1820] Range: 2-8 | Median/Mean: 4.0 / 3.731 | Fail: 0.495%\n"}
,{"stream_name":"stdout","time":255.40462603,"data":"[Game 1830] Range: 2-8 | Median/Mean: 4.0 / 3.731 | Fail: 0.492%\n"}
,{"stream_name":"stdout","time":256.53246826,"data":"[Game 1840] Range: 2-8 | Median/Mean: 4.0 / 3.729 | Fail: 0.489%\n"}
,{"stream_name":"stdout","time":257.854943701,"data":"[Game 1850] Range: 2-8 | Median/Mean: 4.0 / 3.729 | Fail: 0.486%\n"}
,{"stream_name":"stdout","time":258.845236267,"data":"[Game 1860] Range: 2-8 | Median/Mean: 4.0 / 3.726 | Fail: 0.484%\n"}
,{"stream_name":"stdout","time":259.741438115,"data":"[Game 1870] Range: 2-8 | Median/Mean: 4.0 / 3.725 | Fail: 0.481%\n"}
,{"stream_name":"stdout","time":261.424139068,"data":"[Game 1880] Range: 2-8 | Median/Mean: 4.0 / 3.728 | Fail: 0.532%\n"}
,{"stream_name":"stdout","time":262.883744307,"data":"[Game 1890] Range: 2-8 | Median/Mean: 4.0 / 3.729 | Fail: 0.529%\n"}
,{"stream_name":"stdout","time":264.369748915,"data":"[Game 1900] Range: 2-8 | Median/Mean: 4.0 / 3.732 | Fail: 0.526%\n"}
,{"stream_name":"stdout","time":265.570107274,"data":"[Game 1910] Range: 2-8 | Median/Mean: 4.0 / 3.730 | Fail: 0.524%\n"}
,{"stream_name":"stdout","time":266.669543066,"data":"[Game 1920] Range: 2-8 | Median/Mean: 4.0 / 3.729 | Fail: 0.521%\n"}
,{"stream_name":"stdout","time":267.791024491,"data":"[Game 1930] Range: 2-8 | Median/Mean: 4.0 / 3.728 | Fail: 0.518%\n"}
,{"stream_name":"stdout","time":268.834093379,"data":"[Game 1940] Range: 2-8 | Median/Mean: 4.0 / 3.728 | Fail: 0.515%\n"}
,{"stream_name":"stdout","time":269.890399694,"data":"[Game 1950] Range: 2-8 | Median/Mean: 4.0 / 3.726 | Fail: 0.513%\n"}
,{"stream_name":"stdout","time":271.347946518,"data":"[Game 1960] Range: 2-8 | Median/Mean: 4.0 / 3.729 | Fail: 0.510%\n"}
,{"stream_name":"stdout","time":272.369837767,"data":"[Game 1970] Range: 2-8 | Median/Mean: 4.0 / 3.727 | Fail: 0.508%\n"}
,{"stream_name":"stdout","time":273.784587719,"data":"[Game 1980] Range: 2-8 | Median/Mean: 4.0 / 3.729 | Fail: 0.505%\n"}
,{"stream_name":"stdout","time":274.960869229,"data":"[Game 1990] Range: 2-8 | Median/Mean: 4.0 / 3.728 | Fail: 0.503%\n"}
,{"stream_name":"stdout","time":276.611017527,"data":"[Game 2000] Range: 2-8 | Median/Mean: 4.0 / 3.730 | Fail: 0.550%\n"}
,{"stream_name":"stdout","time":277.831100334,"data":"[Game 2010] Range: 2-8 | Median/Mean: 4.0 / 3.729 | Fail: 0.547%\n"}
,{"stream_name":"stdout","time":279.360046907,"data":"[Game 2020] Range: 2-8 | Median/Mean: 4.0 / 3.731 | Fail: 0.594%\n"}
,{"stream_name":"stdout","time":280.835403631,"data":"[Game 2030] Range: 2-8 | Median/Mean: 4.0 / 3.733 | Fail: 0.591%\n"}
,{"stream_name":"stdout","time":282.002696851,"data":"[Game 2040] Range: 2-8 | Median/Mean: 4.0 / 3.732 | Fail: 0.588%\n"}
,{"stream_name":"stdout","time":283.283793101,"data":"[Game 2050] Range: 2-8 | Median/Mean: 4.0 / 3.731 | Fail: 0.585%\n"}
,{"stream_name":"stdout","time":284.429391731,"data":"[Game 2060] Range: 2-8 | Median/Mean: 4.0 / 3.731 | Fail: 0.583%\n"}
,{"stream_name":"stdout","time":286.097100417,"data":"[Game 2070] Range: 2-8 | Median/Mean: 4.0 / 3.734 | Fail: 0.628%\n"}
,{"stream_name":"stdout","time":287.308845741,"data":"[Game 2080] Range: 2-8 | Median/Mean: 4.0 / 3.734 | Fail: 0.625%\n"}
,{"stream_name":"stdout","time":288.457511282,"data":"[Game 2090] Range: 2-8 | Median/Mean: 4.0 / 3.732 | Fail: 0.622%\n"}
,{"stream_name":"stdout","time":289.515090827,"data":"[Game 2100] Range: 2-8 | Median/Mean: 4.0 / 3.731 | Fail: 0.619%\n"}
,{"stream_name":"stdout","time":290.641946336,"data":"[Game 2110] Range: 2-8 | Median/Mean: 4.0 / 3.729 | Fail: 0.616%\n"}
,{"stream_name":"stdout","time":292.230701868,"data":"[Game 2120] Range: 2-8 | Median/Mean: 4.0 / 3.732 | Fail: 0.613%\n"}
,{"stream_name":"stdout","time":293.902778354,"data":"[Game 2130] Range: 2-8 | Median/Mean: 4.0 / 3.734 | Fail: 0.610%\n"}
,{"stream_name":"stdout","time":295.147452885,"data":"[Game 2140] Range: 2-8 | Median/Mean: 4.0 / 3.736 | Fail: 0.607%\n"}
,{"stream_name":"stdout","time":296.545228061,"data":"[Game 2150] Range: 2-8 | Median/Mean: 4.0 / 3.735 | Fail: 0.605%\n"}
,{"stream_name":"stdout","time":297.990009679,"data":"[Game 2160] Range: 2-8 | Median/Mean: 4.0 / 3.736 | Fail: 0.602%\n"}
,{"stream_name":"stdout","time":300.05193552,"data":"[Game 2170] Range: 2-8 | Median/Mean: 4.0 / 3.740 | Fail: 0.645%\n"}
,{"stream_name":"stdout","time":301.341542882,"data":"[Game 2180] Range: 2-8 | Median/Mean: 4.0 / 3.739 | Fail: 0.642%\n"}
,{"stream_name":"stdout","time":302.610577592,"data":"[Game 2190] Range: 2-8 | Median/Mean: 4.0 / 3.739 | Fail: 0.639%\n"}
,{"stream_name":"stdout","time":303.852735418,"data":"[Game 2200] Range: 2-8 | Median/Mean: 4.0 / 3.738 | Fail: 0.636%\n"}
,{"stream_name":"stdout","time":305.081206999,"data":"[Game 2210] Range: 2-8 | Median/Mean: 4.0 / 3.738 | Fail: 0.633%\n"}
,{"stream_name":"stdout","time":306.38284453,"data":"[Game 2220] Range: 2-8 | Median/Mean: 4.0 / 3.739 | Fail: 0.631%\n"}
,{"stream_name":"stdout","time":307.508807338,"data":"[Game 2230] Range: 2-8 | Median/Mean: 4.0 / 3.739 | Fail: 0.628%\n"}
,{"stream_name":"stdout","time":308.498999655,"data":"[Game 2240] Range: 2-8 | Median/Mean: 4.0 / 3.737 | Fail: 0.625%\n"}
,{"stream_name":"stdout","time":309.753359045,"data":"[Game 2250] Range: 2-8 | Median/Mean: 4.0 / 3.736 | Fail: 0.622%\n"}
,{"stream_name":"stdout","time":311.322711297,"data":"[Game 2260] Range: 2-8 | Median/Mean: 4.0 / 3.737 | Fail: 0.664%\n"}
,{"stream_name":"stdout","time":312.725953819,"data":"[Game 2270] Range: 2-8 | Median/Mean: 4.0 / 3.737 | Fail: 0.661%\n"}
,{"stream_name":"stdout","time":313.968018746,"data":"[Game 2280] Range: 2-8 | Median/Mean: 4.0 / 3.736 | Fail: 0.658%\n"}
,{"stream_name":"stdout","time":315.409773274,"data":"[Game 2290] Range: 2-8 | Median/Mean: 4.0 / 3.737 | Fail: 0.655%\n"}
,{"stream_name":"stdout","time":316.467175939,"data":"[Game 2300] Range: 2-8 | Median/Mean: 4.0 / 3.737 | Fail: 0.652%\n"}
,{"stream_name":"stdout","time":317.905874262,"data":"[Game 2310] Range: 2-8 | Median/Mean: 4.0 / 3.739 | Fail: 0.649%\n"}
,{"stream_name":"stdout","time":319.019222779,"data":"Summary:\n"}
,{"stream_name":"stdout","time":319.030877118,"data":"Distribution across steps:\n"}
,{"stream_name":"stdout","time":319.042107105,"data":"Key Metrics:\n"}
,{"stream_name":"stderr","time":322.921191758,"data":"/opt/conda/lib/python3.7/site-packages/traitlets/traitlets.py:2567: FutureWarning: --Exporter.preprocessors=[\"remove_papermill_header.RemovePapermillHeader\"] for containers is deprecated in traitlets 5.0. You can pass `--Exporter.preprocessors item` ... multiple times to add items to a list.\n"}
,{"stream_name":"stderr","time":322.92130137,"data":"  FutureWarning,\n"}
,{"stream_name":"stderr","time":322.921340628,"data":"[NbConvertApp] Converting notebook __notebook__.ipynb to notebook\n"}
,{"stream_name":"stderr","time":323.353252452,"data":"[NbConvertApp] Writing 32793 bytes to __notebook__.ipynb\n"}
,{"stream_name":"stderr","time":325.885357582,"data":"/opt/conda/lib/python3.7/site-packages/traitlets/traitlets.py:2567: FutureWarning: --Exporter.preprocessors=[\"nbconvert.preprocessors.ExtractOutputPreprocessor\"] for containers is deprecated in traitlets 5.0. You can pass `--Exporter.preprocessors item` ... multiple times to add items to a list.\n"}
,{"stream_name":"stderr","time":325.885429463,"data":"  FutureWarning,\n"}
,{"stream_name":"stderr","time":325.885436013,"data":"[NbConvertApp] Converting notebook __notebook__.ipynb to html\n"}
,{"stream_name":"stderr","time":326.544851409,"data":"[NbConvertApp] Writing 308274 bytes to __results__.html\n"}
]