[{"stream_name":"stderr","time":11.877231822,"data":"/opt/conda/lib/python3.7/site-packages/papermill/iorw.py:50: FutureWarning: pyarrow.HadoopFileSystem is deprecated as of 2.0.0, please use pyarrow.fs.HadoopFileSystem instead.\n"}
,{"stream_name":"stderr","time":11.877396343000001,"data":"  from pyarrow import HadoopFileSystem\n"}
,{"stream_name":"stdout","time":13.418109791,"data":"[ ---------- STARE ----------]\n"}
,{"stream_name":"stdout","time":15.03822994,"data":"[Game 10] Range: 2-5 | Median/Mean: 4.0 / 4.200 | Fail: 0.000%\n"}
,{"stream_name":"stdout","time":16.541786223,"data":"[Game 20] Range: 2-5 | Median/Mean: 4.0 / 4.000 | Fail: 0.000%\n"}
,{"stream_name":"stdout","time":17.819236388,"data":"[Game 30] Range: 2-6 | Median/Mean: 4.0 / 3.900 | Fail: 0.000%\n"}
,{"stream_name":"stdout","time":19.423131149,"data":"[Game 40] Range: 2-6 | Median/Mean: 4.0 / 3.975 | Fail: 0.000%\n"}
,{"stream_name":"stdout","time":21.056570267,"data":"[Game 50] Range: 2-6 | Median/Mean: 4.0 / 3.960 | Fail: 0.000%\n"}
,{"stream_name":"stdout","time":22.376952686,"data":"[Game 60] Range: 2-6 | Median/Mean: 4.0 / 3.950 | Fail: 0.000%\n"}
,{"stream_name":"stdout","time":23.599283075,"data":"[Game 70] Range: 2-7 | Median/Mean: 4.0 / 3.929 | Fail: 1.429%\n"}
,{"stream_name":"stdout","time":24.768455201,"data":"[Game 80] Range: 2-7 | Median/Mean: 4.0 / 3.850 | Fail: 1.250%\n"}
,{"stream_name":"stdout","time":26.419300867,"data":"[Game 90] Range: 2-9 | Median/Mean: 4.0 / 3.911 | Fail: 2.222%\n"}
,{"stream_name":"stdout","time":27.404747583,"data":"[Game 100] Range: 2-9 | Median/Mean: 4.0 / 3.860 | Fail: 2.000%\n"}
,{"stream_name":"stdout","time":28.729591522,"data":"[Game 110] Range: 2-9 | Median/Mean: 4.0 / 3.845 | Fail: 1.818%\n"}
,{"stream_name":"stdout","time":30.108775483,"data":"[Game 120] Range: 2-9 | Median/Mean: 4.0 / 3.850 | Fail: 2.500%\n"}
,{"stream_name":"stdout","time":31.768954208,"data":"[Game 130] Range: 2-9 | Median/Mean: 4.0 / 3.877 | Fail: 3.077%\n"}
,{"stream_name":"stdout","time":33.413160091,"data":"[Game 140] Range: 2-9 | Median/Mean: 4.0 / 3.914 | Fail: 2.857%\n"}
,{"stream_name":"stdout","time":34.466117459,"data":"[Game 150] Range: 2-9 | Median/Mean: 4.0 / 3.893 | Fail: 2.667%\n"}
,{"stream_name":"stdout","time":35.794867425,"data":"[Game 160] Range: 2-9 | Median/Mean: 4.0 / 3.900 | Fail: 2.500%\n"}
,{"stream_name":"stdout","time":36.788573994,"data":"[Game 170] Range: 2-9 | Median/Mean: 4.0 / 3.865 | Fail: 2.353%\n"}
,{"stream_name":"stdout","time":37.969587621,"data":"[Game 180] Range: 2-9 | Median/Mean: 4.0 / 3.856 | Fail: 2.222%\n"}
,{"stream_name":"stdout","time":39.538200129,"data":"[Game 190] Range: 2-9 | Median/Mean: 4.0 / 3.868 | Fail: 2.105%\n"}
,{"stream_name":"stdout","time":40.554790421,"data":"[Game 200] Range: 2-9 | Median/Mean: 4.0 / 3.835 | Fail: 2.000%\n"}
,{"stream_name":"stdout","time":41.858426085,"data":"[Game 210] Range: 2-9 | Median/Mean: 4.0 / 3.824 | Fail: 1.905%\n"}
,{"stream_name":"stdout","time":43.116410548,"data":"[Game 220] Range: 2-9 | Median/Mean: 4.0 / 3.818 | Fail: 1.818%\n"}
,{"stream_name":"stdout","time":44.338040022,"data":"[Game 230] Range: 2-9 | Median/Mean: 4.0 / 3.809 | Fail: 1.739%\n"}
,{"stream_name":"stdout","time":45.531667579,"data":"[Game 240] Range: 2-9 | Median/Mean: 4.0 / 3.788 | Fail: 1.667%\n"}
,{"stream_name":"stdout","time":46.805868957,"data":"[Game 250] Range: 2-9 | Median/Mean: 4.0 / 3.788 | Fail: 1.600%\n"}
,{"stream_name":"stdout","time":48.064753293,"data":"[Game 260] Range: 2-9 | Median/Mean: 4.0 / 3.785 | Fail: 1.538%\n"}
,{"stream_name":"stdout","time":49.479327591,"data":"[Game 270] Range: 2-9 | Median/Mean: 4.0 / 3.781 | Fail: 1.852%\n"}
,{"stream_name":"stdout","time":50.450727434,"data":"[Game 280] Range: 2-9 | Median/Mean: 4.0 / 3.764 | Fail: 1.786%\n"}
,{"stream_name":"stdout","time":51.786166785,"data":"[Game 290] Range: 2-9 | Median/Mean: 4.0 / 3.766 | Fail: 1.724%\n"}
,{"stream_name":"stdout","time":53.007117092,"data":"[Game 300] Range: 2-9 | Median/Mean: 4.0 / 3.757 | Fail: 1.667%\n"}
,{"stream_name":"stdout","time":54.425749004,"data":"[Game 310] Range: 2-9 | Median/Mean: 4.0 / 3.765 | Fail: 1.613%\n"}
,{"stream_name":"stdout","time":55.834188221,"data":"[Game 320] Range: 2-9 | Median/Mean: 4.0 / 3.759 | Fail: 1.875%\n"}
,{"stream_name":"stdout","time":57.113271375,"data":"[Game 330] Range: 2-9 | Median/Mean: 4.0 / 3.752 | Fail: 1.818%\n"}
,{"stream_name":"stdout","time":58.268539642,"data":"[Game 340] Range: 2-9 | Median/Mean: 4.0 / 3.744 | Fail: 1.765%\n"}
,{"stream_name":"stdout","time":59.511902097,"data":"[Game 350] Range: 2-9 | Median/Mean: 4.0 / 3.734 | Fail: 1.714%\n"}
,{"stream_name":"stdout","time":60.53769499,"data":"[Game 360] Range: 2-9 | Median/Mean: 4.0 / 3.725 | Fail: 1.667%\n"}
,{"stream_name":"stdout","time":61.948469585,"data":"[Game 370] Range: 2-9 | Median/Mean: 4.0 / 3.727 | Fail: 1.622%\n"}
,{"stream_name":"stdout","time":63.301160094,"data":"[Game 380] Range: 2-9 | Median/Mean: 4.0 / 3.734 | Fail: 1.579%\n"}
,{"stream_name":"stdout","time":64.430486613,"data":"[Game 390] Range: 2-9 | Median/Mean: 4.0 / 3.736 | Fail: 1.538%\n"}
,{"stream_name":"stdout","time":65.901557207,"data":"[Game 400] Range: 2-9 | Median/Mean: 4.0 / 3.745 | Fail: 1.500%\n"}
,{"stream_name":"stdout","time":67.150938983,"data":"[Game 410] Range: 2-9 | Median/Mean: 4.0 / 3.744 | Fail: 1.463%\n"}
,{"stream_name":"stdout","time":68.56907355,"data":"[Game 420] Range: 2-9 | Median/Mean: 4.0 / 3.752 | Fail: 1.429%\n"}
,{"stream_name":"stdout","time":70.023148786,"data":"[Game 430] Range: 2-9 | Median/Mean: 4.0 / 3.758 | Fail: 1.395%\n"}
,{"stream_name":"stdout","time":71.522779587,"data":"[Game 440] Range: 2-9 | Median/Mean: 4.0 / 3.768 | Fail: 1.364%\n"}
,{"stream_name":"stdout","time":72.727174826,"data":"[Game 450] Range: 2-9 | Median/Mean: 4.0 / 3.764 | Fail: 1.333%\n"}
,{"stream_name":"stdout","time":73.905562706,"data":"[Game 460] Range: 2-9 | Median/Mean: 4.0 / 3.757 | Fail: 1.304%\n"}
,{"stream_name":"stdout","time":75.371196615,"data":"[Game 470] Range: 2-9 | Median/Mean: 4.0 / 3.760 | Fail: 1.277%\n"}
,{"stream_name":"stdout","time":76.728878364,"data":"[Game 480] Range: 2-9 | Median/Mean: 4.0 / 3.767 | Fail: 1.250%\n"}
,{"stream_name":"stdout","time":77.935878022,"data":"[Game 490] Range: 2-9 | Median/Mean: 4.0 / 3.765 | Fail: 1.224%\n"}
,{"stream_name":"stdout","time":79.132277791,"data":"[Game 500] Range: 2-9 | Median/Mean: 4.0 / 3.756 | Fail: 1.200%\n"}
,{"stream_name":"stdout","time":80.409743257,"data":"[Game 510] Range: 2-9 | Median/Mean: 4.0 / 3.759 | Fail: 1.373%\n"}
,{"stream_name":"stdout","time":81.667619227,"data":"[Game 520] Range: 2-9 | Median/Mean: 4.0 / 3.758 | Fail: 1.538%\n"}
,{"stream_name":"stdout","time":83.27382366,"data":"[Game 530] Range: 2-9 | Median/Mean: 4.0 / 3.768 | Fail: 1.509%\n"}
,{"stream_name":"stdout","time":84.705767189,"data":"[Game 540] Range: 2-9 | Median/Mean: 4.0 / 3.772 | Fail: 1.481%\n"}
,{"stream_name":"stdout","time":86.434684115,"data":"[Game 550] Range: 2-9 | Median/Mean: 4.0 / 3.780 | Fail: 1.455%\n"}
,{"stream_name":"stdout","time":87.752044925,"data":"[Game 560] Range: 2-9 | Median/Mean: 4.0 / 3.780 | Fail: 1.429%\n"}
,{"stream_name":"stdout","time":89.20869452,"data":"[Game 570] Range: 2-9 | Median/Mean: 4.0 / 3.779 | Fail: 1.404%\n"}
,{"stream_name":"stdout","time":90.377035424,"data":"[Game 580] Range: 2-9 | Median/Mean: 4.0 / 3.774 | Fail: 1.379%\n"}
,{"stream_name":"stdout","time":91.881851295,"data":"[Game 590] Range: 2-9 | Median/Mean: 4.0 / 3.778 | Fail: 1.356%\n"}
,{"stream_name":"stdout","time":93.065342528,"data":"[Game 600] Range: 2-9 | Median/Mean: 4.0 / 3.773 | Fail: 1.333%\n"}
,{"stream_name":"stdout","time":94.398592409,"data":"[Game 610] Range: 2-9 | Median/Mean: 4.0 / 3.774 | Fail: 1.311%\n"}
,{"stream_name":"stdout","time":95.597941005,"data":"[Game 620] Range: 2-9 | Median/Mean: 4.0 / 3.769 | Fail: 1.290%\n"}
,{"stream_name":"stdout","time":96.840812203,"data":"[Game 630] Range: 2-9 | Median/Mean: 4.0 / 3.765 | Fail: 1.270%\n"}
,{"stream_name":"stdout","time":98.341156714,"data":"[Game 640] Range: 2-9 | Median/Mean: 4.0 / 3.773 | Fail: 1.250%\n"}
,{"stream_name":"stdout","time":99.326234413,"data":"[Game 650] Range: 2-9 | Median/Mean: 4.0 / 3.769 | Fail: 1.231%\n"}
,{"stream_name":"stdout","time":100.342408846,"data":"[Game 660] Range: 2-9 | Median/Mean: 4.0 / 3.765 | Fail: 1.212%\n"}
,{"stream_name":"stdout","time":101.979115917,"data":"[Game 670] Range: 2-9 | Median/Mean: 4.0 / 3.773 | Fail: 1.194%\n"}
,{"stream_name":"stdout","time":103.297567551,"data":"[Game 680] Range: 2-9 | Median/Mean: 4.0 / 3.775 | Fail: 1.176%\n"}
,{"stream_name":"stdout","time":104.340237144,"data":"[Game 690] Range: 2-9 | Median/Mean: 4.0 / 3.772 | Fail: 1.159%\n"}
,{"stream_name":"stdout","time":106.124180395,"data":"[Game 700] Range: 2-9 | Median/Mean: 4.0 / 3.781 | Fail: 1.143%\n"}
,{"stream_name":"stdout","time":107.291229408,"data":"[Game 710] Range: 2-9 | Median/Mean: 4.0 / 3.779 | Fail: 1.127%\n"}
,{"stream_name":"stdout","time":108.432485771,"data":"[Game 720] Range: 2-9 | Median/Mean: 4.0 / 3.779 | Fail: 1.111%\n"}
,{"stream_name":"stdout","time":109.981839968,"data":"[Game 730] Range: 2-9 | Median/Mean: 4.0 / 3.784 | Fail: 1.096%\n"}
,{"stream_name":"stdout","time":111.61205431,"data":"[Game 740] Range: 2-9 | Median/Mean: 4.0 / 3.792 | Fail: 1.081%\n"}
,{"stream_name":"stdout","time":112.875110558,"data":"[Game 750] Range: 2-9 | Median/Mean: 4.0 / 3.788 | Fail: 1.067%\n"}
,{"stream_name":"stdout","time":114.199285662,"data":"[Game 760] Range: 2-9 | Median/Mean: 4.0 / 3.787 | Fail: 1.053%\n"}
,{"stream_name":"stdout","time":115.583812587,"data":"[Game 770] Range: 2-9 | Median/Mean: 4.0 / 3.787 | Fail: 1.039%\n"}
,{"stream_name":"stdout","time":116.89871803,"data":"[Game 780] Range: 2-9 | Median/Mean: 4.0 / 3.786 | Fail: 1.026%\n"}
,{"stream_name":"stdout","time":118.15009239,"data":"[Game 790] Range: 2-9 | Median/Mean: 4.0 / 3.787 | Fail: 1.013%\n"}
,{"stream_name":"stdout","time":119.441710622,"data":"[Game 800] Range: 2-9 | Median/Mean: 4.0 / 3.790 | Fail: 1.000%\n"}
,{"stream_name":"stdout","time":120.565744711,"data":"[Game 810] Range: 2-9 | Median/Mean: 4.0 / 3.784 | Fail: 0.988%\n"}
,{"stream_name":"stdout","time":121.79381064,"data":"[Game 820] Range: 2-9 | Median/Mean: 4.0 / 3.784 | Fail: 0.976%\n"}
,{"stream_name":"stdout","time":122.845604385,"data":"[Game 830] Range: 2-9 | Median/Mean: 4.0 / 3.780 | Fail: 0.964%\n"}
,{"stream_name":"stdout","time":124.203100971,"data":"[Game 840] Range: 2-9 | Median/Mean: 4.0 / 3.779 | Fail: 0.952%\n"}
,{"stream_name":"stdout","time":125.32729997,"data":"[Game 850] Range: 2-9 | Median/Mean: 4.0 / 3.776 | Fail: 0.941%\n"}
,{"stream_name":"stdout","time":126.754142562,"data":"[Game 860] Range: 2-9 | Median/Mean: 4.0 / 3.779 | Fail: 0.930%\n"}
,{"stream_name":"stdout","time":127.962375025,"data":"[Game 870] Range: 2-9 | Median/Mean: 4.0 / 3.777 | Fail: 0.920%\n"}
,{"stream_name":"stdout","time":129.278310795,"data":"[Game 880] Range: 2-9 | Median/Mean: 4.0 / 3.777 | Fail: 0.909%\n"}
,{"stream_name":"stdout","time":130.663221752,"data":"[Game 890] Range: 2-9 | Median/Mean: 4.0 / 3.775 | Fail: 0.899%\n"}
,{"stream_name":"stdout","time":132.006972705,"data":"[Game 900] Range: 2-9 | Median/Mean: 4.0 / 3.773 | Fail: 0.889%\n"}
,{"stream_name":"stdout","time":133.320452295,"data":"[Game 910] Range: 2-9 | Median/Mean: 4.0 / 3.775 | Fail: 0.989%\n"}
,{"stream_name":"stdout","time":134.71782624,"data":"[Game 920] Range: 1-9 | Median/Mean: 4.0 / 3.774 | Fail: 0.978%\n"}
,{"stream_name":"stdout","time":136.074715595,"data":"[Game 930] Range: 1-9 | Median/Mean: 4.0 / 3.777 | Fail: 0.968%\n"}
,{"stream_name":"stdout","time":137.415018064,"data":"[Game 940] Range: 1-9 | Median/Mean: 4.0 / 3.778 | Fail: 0.957%\n"}
,{"stream_name":"stdout","time":138.54572593,"data":"[Game 950] Range: 1-9 | Median/Mean: 4.0 / 3.777 | Fail: 0.947%\n"}
,{"stream_name":"stdout","time":139.868796699,"data":"[Game 960] Range: 1-9 | Median/Mean: 4.0 / 3.776 | Fail: 0.938%\n"}
,{"stream_name":"stdout","time":141.485530186,"data":"[Game 970] Range: 1-9 | Median/Mean: 4.0 / 3.779 | Fail: 0.928%\n"}
,{"stream_name":"stdout","time":142.655385648,"data":"[Game 980] Range: 1-9 | Median/Mean: 4.0 / 3.779 | Fail: 0.918%\n"}
,{"stream_name":"stdout","time":143.81667383,"data":"[Game 990] Range: 1-9 | Median/Mean: 4.0 / 3.776 | Fail: 0.909%\n"}
,{"stream_name":"stdout","time":145.459392496,"data":"[Game 1000] Range: 1-9 | Median/Mean: 4.0 / 3.780 | Fail: 1.000%\n"}
,{"stream_name":"stdout","time":146.521419464,"data":"[Game 1010] Range: 1-9 | Median/Mean: 4.0 / 3.773 | Fail: 0.990%\n"}
,{"stream_name":"stdout","time":147.748024763,"data":"[Game 1020] Range: 1-9 | Median/Mean: 4.0 / 3.775 | Fail: 0.980%\n"}
,{"stream_name":"stdout","time":149.001720781,"data":"[Game 1030] Range: 1-9 | Median/Mean: 4.0 / 3.774 | Fail: 0.971%\n"}
,{"stream_name":"stdout","time":150.250938698,"data":"[Game 1040] Range: 1-9 | Median/Mean: 4.0 / 3.773 | Fail: 0.962%\n"}
,{"stream_name":"stdout","time":151.514047972,"data":"[Game 1050] Range: 1-9 | Median/Mean: 4.0 / 3.770 | Fail: 0.952%\n"}
,{"stream_name":"stdout","time":152.925321068,"data":"[Game 1060] Range: 1-9 | Median/Mean: 4.0 / 3.771 | Fail: 0.943%\n"}
,{"stream_name":"stdout","time":154.317145161,"data":"[Game 1070] Range: 1-9 | Median/Mean: 4.0 / 3.772 | Fail: 1.028%\n"}
,{"stream_name":"stdout","time":155.526983221,"data":"[Game 1080] Range: 1-9 | Median/Mean: 4.0 / 3.769 | Fail: 1.019%\n"}
,{"stream_name":"stdout","time":156.966660857,"data":"[Game 1090] Range: 1-9 | Median/Mean: 4.0 / 3.771 | Fail: 1.009%\n"}
,{"stream_name":"stdout","time":158.278293694,"data":"[Game 1100] Range: 1-9 | Median/Mean: 4.0 / 3.771 | Fail: 1.091%\n"}
,{"stream_name":"stdout","time":159.723514137,"data":"[Game 1110] Range: 1-9 | Median/Mean: 4.0 / 3.771 | Fail: 1.081%\n"}
,{"stream_name":"stdout","time":161.112398154,"data":"[Game 1120] Range: 1-9 | Median/Mean: 4.0 / 3.772 | Fail: 1.071%\n"}
,{"stream_name":"stdout","time":162.02681332,"data":"[Game 1130] Range: 1-9 | Median/Mean: 4.0 / 3.768 | Fail: 1.062%\n"}
,{"stream_name":"stdout","time":163.467280918,"data":"[Game 1140] Range: 1-9 | Median/Mean: 4.0 / 3.771 | Fail: 1.053%\n"}
,{"stream_name":"stdout","time":164.869606092,"data":"[Game 1150] Range: 1-9 | Median/Mean: 4.0 / 3.770 | Fail: 1.043%\n"}
,{"stream_name":"stdout","time":166.125640012,"data":"[Game 1160] Range: 1-9 | Median/Mean: 4.0 / 3.772 | Fail: 1.034%\n"}
,{"stream_name":"stdout","time":167.460713921,"data":"[Game 1170] Range: 1-9 | Median/Mean: 4.0 / 3.771 | Fail: 1.026%\n"}
,{"stream_name":"stdout","time":168.666759122,"data":"[Game 1180] Range: 1-9 | Median/Mean: 4.0 / 3.771 | Fail: 1.017%\n"}
,{"stream_name":"stdout","time":170.112147919,"data":"[Game 1190] Range: 1-9 | Median/Mean: 4.0 / 3.773 | Fail: 1.008%\n"}
,{"stream_name":"stdout","time":171.265633757,"data":"[Game 1200] Range: 1-9 | Median/Mean: 4.0 / 3.768 | Fail: 1.000%\n"}
,{"stream_name":"stdout","time":172.451306717,"data":"[Game 1210] Range: 1-9 | Median/Mean: 4.0 / 3.766 | Fail: 0.992%\n"}
,{"stream_name":"stdout","time":173.529822574,"data":"[Game 1220] Range: 1-9 | Median/Mean: 4.0 / 3.764 | Fail: 0.984%\n"}
,{"stream_name":"stdout","time":175.269406039,"data":"[Game 1230] Range: 1-9 | Median/Mean: 4.0 / 3.767 | Fail: 0.976%\n"}
,{"stream_name":"stdout","time":176.321632924,"data":"[Game 1240] Range: 1-9 | Median/Mean: 4.0 / 3.765 | Fail: 0.968%\n"}
,{"stream_name":"stdout","time":177.68074394,"data":"[Game 1250] Range: 1-9 | Median/Mean: 4.0 / 3.766 | Fail: 0.960%\n"}
,{"stream_name":"stdout","time":179.0002914,"data":"[Game 1260] Range: 1-9 | Median/Mean: 4.0 / 3.766 | Fail: 0.952%\n"}
,{"stream_name":"stdout","time":180.135817077,"data":"[Game 1270] Range: 1-9 | Median/Mean: 4.0 / 3.762 | Fail: 0.945%\n"}
,{"stream_name":"stdout","time":181.483443033,"data":"[Game 1280] Range: 1-9 | Median/Mean: 4.0 / 3.761 | Fail: 0.938%\n"}
,{"stream_name":"stdout","time":182.946530351,"data":"[Game 1290] Range: 1-9 | Median/Mean: 4.0 / 3.761 | Fail: 1.008%\n"}
,{"stream_name":"stdout","time":184.232832468,"data":"[Game 1300] Range: 1-9 | Median/Mean: 4.0 / 3.763 | Fail: 1.000%\n"}
,{"stream_name":"stdout","time":185.610033198,"data":"[Game 1310] Range: 1-9 | Median/Mean: 4.0 / 3.764 | Fail: 0.992%\n"}
,{"stream_name":"stdout","time":186.914285136,"data":"[Game 1320] Range: 1-9 | Median/Mean: 4.0 / 3.765 | Fail: 0.985%\n"}
,{"stream_name":"stdout","time":188.418530753,"data":"[Game 1330] Range: 1-9 | Median/Mean: 4.0 / 3.769 | Fail: 0.977%\n"}
,{"stream_name":"stdout","time":189.814225812,"data":"[Game 1340] Range: 1-9 | Median/Mean: 4.0 / 3.769 | Fail: 0.970%\n"}
,{"stream_name":"stdout","time":191.098482483,"data":"[Game 1350] Range: 1-9 | Median/Mean: 4.0 / 3.769 | Fail: 0.963%\n"}
,{"stream_name":"stdout","time":192.630623289,"data":"[Game 1360] Range: 1-9 | Median/Mean: 4.0 / 3.771 | Fail: 0.956%\n"}
,{"stream_name":"stdout","time":194.17326147,"data":"[Game 1370] Range: 1-9 | Median/Mean: 4.0 / 3.773 | Fail: 0.949%\n"}
,{"stream_name":"stdout","time":195.521219809,"data":"[Game 1380] Range: 1-9 | Median/Mean: 4.0 / 3.773 | Fail: 1.014%\n"}
,{"stream_name":"stdout","time":196.612482919,"data":"[Game 1390] Range: 1-9 | Median/Mean: 4.0 / 3.773 | Fail: 1.007%\n"}
,{"stream_name":"stdout","time":198.063056476,"data":"[Game 1400] Range: 1-9 | Median/Mean: 4.0 / 3.775 | Fail: 1.000%\n"}
,{"stream_name":"stdout","time":199.324331555,"data":"[Game 1410] Range: 1-9 | Median/Mean: 4.0 / 3.777 | Fail: 0.993%\n"}
,{"stream_name":"stdout","time":200.606831827,"data":"[Game 1420] Range: 1-9 | Median/Mean: 4.0 / 3.775 | Fail: 0.986%\n"}
,{"stream_name":"stdout","time":201.75823511,"data":"[Game 1430] Range: 1-9 | Median/Mean: 4.0 / 3.773 | Fail: 0.979%\n"}
,{"stream_name":"stdout","time":203.092704174,"data":"[Game 1440] Range: 1-9 | Median/Mean: 4.0 / 3.773 | Fail: 0.972%\n"}
,{"stream_name":"stdout","time":204.467127435,"data":"[Game 1450] Range: 1-9 | Median/Mean: 4.0 / 3.774 | Fail: 1.034%\n"}
,{"stream_name":"stdout","time":205.50928948,"data":"[Game 1460] Range: 1-9 | Median/Mean: 4.0 / 3.772 | Fail: 1.027%\n"}
,{"stream_name":"stdout","time":206.854843167,"data":"[Game 1470] Range: 1-9 | Median/Mean: 4.0 / 3.771 | Fail: 1.020%\n"}
,{"stream_name":"stdout","time":208.030962078,"data":"[Game 1480] Range: 1-9 | Median/Mean: 4.0 / 3.772 | Fail: 1.014%\n"}
,{"stream_name":"stdout","time":209.049706663,"data":"[Game 1490] Range: 1-9 | Median/Mean: 4.0 / 3.768 | Fail: 1.007%\n"}
,{"stream_name":"stdout","time":210.345442144,"data":"[Game 1500] Range: 1-9 | Median/Mean: 4.0 / 3.769 | Fail: 1.000%\n"}
,{"stream_name":"stdout","time":211.576664369,"data":"[Game 1510] Range: 1-9 | Median/Mean: 4.0 / 3.769 | Fail: 0.993%\n"}
,{"stream_name":"stdout","time":212.708879562,"data":"[Game 1520] Range: 1-9 | Median/Mean: 4.0 / 3.767 | Fail: 0.987%\n"}
,{"stream_name":"stdout","time":213.96720071,"data":"[Game 1530] Range: 1-9 | Median/Mean: 4.0 / 3.767 | Fail: 0.980%\n"}
,{"stream_name":"stdout","time":215.364647613,"data":"[Game 1540] Range: 1-9 | Median/Mean: 4.0 / 3.768 | Fail: 0.974%\n"}
,{"stream_name":"stdout","time":216.694194454,"data":"[Game 1550] Range: 1-9 | Median/Mean: 4.0 / 3.768 | Fail: 0.968%\n"}
,{"stream_name":"stdout","time":217.871463048,"data":"[Game 1560] Range: 1-9 | Median/Mean: 4.0 / 3.765 | Fail: 0.962%\n"}
,{"stream_name":"stdout","time":219.247472241,"data":"[Game 1570] Range: 1-9 | Median/Mean: 4.0 / 3.764 | Fail: 0.955%\n"}
,{"stream_name":"stdout","time":220.469354332,"data":"[Game 1580] Range: 1-9 | Median/Mean: 4.0 / 3.762 | Fail: 0.949%\n"}
,{"stream_name":"stdout","time":221.679475877,"data":"[Game 1590] Range: 1-9 | Median/Mean: 4.0 / 3.760 | Fail: 0.943%\n"}
,{"stream_name":"stdout","time":222.901862898,"data":"[Game 1600] Range: 1-9 | Median/Mean: 4.0 / 3.759 | Fail: 0.938%\n"}
,{"stream_name":"stdout","time":224.515519687,"data":"[Game 1610] Range: 1-9 | Median/Mean: 4.0 / 3.761 | Fail: 0.932%\n"}
,{"stream_name":"stdout","time":225.78398224,"data":"[Game 1620] Range: 1-9 | Median/Mean: 4.0 / 3.762 | Fail: 0.926%\n"}
,{"stream_name":"stdout","time":227.323034516,"data":"[Game 1630] Range: 1-9 | Median/Mean: 4.0 / 3.763 | Fail: 0.920%\n"}
,{"stream_name":"stdout","time":228.624638054,"data":"[Game 1640] Range: 1-9 | Median/Mean: 4.0 / 3.762 | Fail: 0.915%\n"}
,{"stream_name":"stdout","time":229.820517858,"data":"[Game 1650] Range: 1-9 | Median/Mean: 4.0 / 3.762 | Fail: 0.909%\n"}
,{"stream_name":"stdout","time":231.269193839,"data":"[Game 1660] Range: 1-9 | Median/Mean: 4.0 / 3.763 | Fail: 0.904%\n"}
,{"stream_name":"stdout","time":232.655852754,"data":"[Game 1670] Range: 1-9 | Median/Mean: 4.0 / 3.765 | Fail: 0.898%\n"}
,{"stream_name":"stdout","time":234.006022416,"data":"[Game 1680] Range: 1-9 | Median/Mean: 4.0 / 3.764 | Fail: 0.893%\n"}
,{"stream_name":"stdout","time":234.920515166,"data":"[Game 1690] Range: 1-9 | Median/Mean: 4.0 / 3.762 | Fail: 0.888%\n"}
,{"stream_name":"stdout","time":236.003309211,"data":"[Game 1700] Range: 1-9 | Median/Mean: 4.0 / 3.759 | Fail: 0.882%\n"}
,{"stream_name":"stdout","time":237.313557182,"data":"[Game 1710] Range: 1-9 | Median/Mean: 4.0 / 3.758 | Fail: 0.877%\n"}
,{"stream_name":"stdout","time":238.458777212,"data":"[Game 1720] Range: 1-9 | Median/Mean: 4.0 / 3.756 | Fail: 0.872%\n"}
,{"stream_name":"stdout","time":239.690942447,"data":"[Game 1730] Range: 1-9 | Median/Mean: 4.0 / 3.757 | Fail: 0.867%\n"}
,{"stream_name":"stdout","time":241.083123824,"data":"[Game 1740] Range: 1-9 | Median/Mean: 4.0 / 3.758 | Fail: 0.862%\n"}
,{"stream_name":"stdout","time":242.423836892,"data":"[Game 1750] Range: 1-9 | Median/Mean: 4.0 / 3.757 | Fail: 0.857%\n"}
,{"stream_name":"stdout","time":243.60918653,"data":"[Game 1760] Range: 1-9 | Median/Mean: 4.0 / 3.756 | Fail: 0.852%\n"}
,{"stream_name":"stdout","time":245.062654562,"data":"[Game 1770] Range: 1-9 | Median/Mean: 4.0 / 3.758 | Fail: 0.847%\n"}
,{"stream_name":"stdout","time":246.481078946,"data":"[Game 1780] Range: 1-9 | Median/Mean: 4.0 / 3.758 | Fail: 0.843%\n"}
,{"stream_name":"stdout","time":247.465584906,"data":"[Game 1790] Range: 1-9 | Median/Mean: 4.0 / 3.756 | Fail: 0.838%\n"}
,{"stream_name":"stdout","time":248.903951336,"data":"[Game 1800] Range: 1-9 | Median/Mean: 4.0 / 3.757 | Fail: 0.833%\n"}
,{"stream_name":"stdout","time":250.284181049,"data":"[Game 1810] Range: 1-9 | Median/Mean: 4.0 / 3.756 | Fail: 0.829%\n"}
,{"stream_name":"stdout","time":251.696431937,"data":"[Game 1820] Range: 1-9 | Median/Mean: 4.0 / 3.758 | Fail: 0.824%\n"}
,{"stream_name":"stdout","time":253.343047862,"data":"[Game 1830] Range: 1-9 | Median/Mean: 4.0 / 3.761 | Fail: 0.820%\n"}
,{"stream_name":"stdout","time":254.440460017,"data":"[Game 1840] Range: 1-9 | Median/Mean: 4.0 / 3.757 | Fail: 0.815%\n"}
,{"stream_name":"stdout","time":255.97097652,"data":"[Game 1850] Range: 1-9 | Median/Mean: 4.0 / 3.757 | Fail: 0.811%\n"}
,{"stream_name":"stdout","time":257.013137661,"data":"[Game 1860] Range: 1-9 | Median/Mean: 4.0 / 3.755 | Fail: 0.806%\n"}
,{"stream_name":"stdout","time":258.166366046,"data":"[Game 1870] Range: 1-9 | Median/Mean: 4.0 / 3.753 | Fail: 0.802%\n"}
,{"stream_name":"stdout","time":259.571662623,"data":"[Game 1880] Range: 1-9 | Median/Mean: 4.0 / 3.755 | Fail: 0.851%\n"}
,{"stream_name":"stdout","time":260.996002535,"data":"[Game 1890] Range: 1-9 | Median/Mean: 4.0 / 3.756 | Fail: 0.899%\n"}
,{"stream_name":"stdout","time":262.553903361,"data":"[Game 1900] Range: 1-9 | Median/Mean: 4.0 / 3.759 | Fail: 0.895%\n"}
,{"stream_name":"stdout","time":264.18757541,"data":"[Game 1910] Range: 1-9 | Median/Mean: 4.0 / 3.760 | Fail: 0.890%\n"}
,{"stream_name":"stdout","time":265.578315441,"data":"[Game 1920] Range: 1-9 | Median/Mean: 4.0 / 3.759 | Fail: 0.885%\n"}
,{"stream_name":"stdout","time":266.898910983,"data":"[Game 1930] Range: 1-9 | Median/Mean: 4.0 / 3.760 | Fail: 0.881%\n"}
,{"stream_name":"stdout","time":268.517010313,"data":"[Game 1940] Range: 1-9 | Median/Mean: 4.0 / 3.761 | Fail: 0.876%\n"}
,{"stream_name":"stdout","time":269.898096306,"data":"[Game 1950] Range: 1-9 | Median/Mean: 4.0 / 3.761 | Fail: 0.872%\n"}
,{"stream_name":"stdout","time":271.387458453,"data":"[Game 1960] Range: 1-9 | Median/Mean: 4.0 / 3.763 | Fail: 0.867%\n"}
,{"stream_name":"stdout","time":272.943620077,"data":"[Game 1970] Range: 1-9 | Median/Mean: 4.0 / 3.764 | Fail: 0.863%\n"}
,{"stream_name":"stdout","time":274.545483551,"data":"[Game 1980] Range: 1-9 | Median/Mean: 4.0 / 3.768 | Fail: 0.859%\n"}
,{"stream_name":"stdout","time":276.117163065,"data":"[Game 1990] Range: 1-9 | Median/Mean: 4.0 / 3.769 | Fail: 0.854%\n"}
,{"stream_name":"stdout","time":277.471167681,"data":"[Game 2000] Range: 1-9 | Median/Mean: 4.0 / 3.768 | Fail: 0.900%\n"}
,{"stream_name":"stdout","time":278.723451365,"data":"[Game 2010] Range: 1-9 | Median/Mean: 4.0 / 3.766 | Fail: 0.896%\n"}
,{"stream_name":"stdout","time":280.054778798,"data":"[Game 2020] Range: 1-9 | Median/Mean: 4.0 / 3.768 | Fail: 0.891%\n"}
,{"stream_name":"stdout","time":280.769258229,"data":"[Game 2030] Range: 1-9 | Median/Mean: 4.0 / 3.765 | Fail: 0.887%\n"}
,{"stream_name":"stdout","time":282.131058713,"data":"[Game 2040] Range: 1-9 | Median/Mean: 4.0 / 3.765 | Fail: 0.882%\n"}
,{"stream_name":"stdout","time":283.473526909,"data":"[Game 2050] Range: 1-9 | Median/Mean: 4.0 / 3.765 | Fail: 0.878%\n"}
,{"stream_name":"stdout","time":284.655589034,"data":"[Game 2060] Range: 1-9 | Median/Mean: 4.0 / 3.764 | Fail: 0.874%\n"}
,{"stream_name":"stdout","time":286.025551915,"data":"[Game 2070] Range: 1-9 | Median/Mean: 4.0 / 3.766 | Fail: 0.918%\n"}
,{"stream_name":"stdout","time":287.599343841,"data":"[Game 2080] Range: 1-9 | Median/Mean: 4.0 / 3.769 | Fail: 0.913%\n"}
,{"stream_name":"stdout","time":288.900908592,"data":"[Game 2090] Range: 1-9 | Median/Mean: 4.0 / 3.767 | Fail: 0.909%\n"}
,{"stream_name":"stdout","time":290.472993239,"data":"[Game 2100] Range: 1-9 | Median/Mean: 4.0 / 3.769 | Fail: 0.905%\n"}
,{"stream_name":"stdout","time":291.39326029,"data":"[Game 2110] Range: 1-9 | Median/Mean: 4.0 / 3.766 | Fail: 0.900%\n"}
,{"stream_name":"stdout","time":292.272922598,"data":"[Game 2120] Range: 1-9 | Median/Mean: 4.0 / 3.765 | Fail: 0.896%\n"}
,{"stream_name":"stdout","time":293.757491803,"data":"[Game 2130] Range: 1-9 | Median/Mean: 4.0 / 3.767 | Fail: 0.892%\n"}
,{"stream_name":"stdout","time":295.182057016,"data":"[Game 2140] Range: 1-9 | Median/Mean: 4.0 / 3.768 | Fail: 0.888%\n"}
,{"stream_name":"stdout","time":296.780697736,"data":"[Game 2150] Range: 1-9 | Median/Mean: 4.0 / 3.769 | Fail: 0.884%\n"}
,{"stream_name":"stdout","time":297.911981239,"data":"[Game 2160] Range: 1-9 | Median/Mean: 4.0 / 3.768 | Fail: 0.880%\n"}
,{"stream_name":"stdout","time":299.889425776,"data":"[Game 2170] Range: 1-9 | Median/Mean: 4.0 / 3.771 | Fail: 0.922%\n"}
,{"stream_name":"stdout","time":301.456901032,"data":"[Game 2180] Range: 1-9 | Median/Mean: 4.0 / 3.772 | Fail: 0.917%\n"}
,{"stream_name":"stdout","time":302.654141246,"data":"[Game 2190] Range: 1-9 | Median/Mean: 4.0 / 3.771 | Fail: 0.913%\n"}
,{"stream_name":"stdout","time":304.042636635,"data":"[Game 2200] Range: 1-9 | Median/Mean: 4.0 / 3.772 | Fail: 0.909%\n"}
,{"stream_name":"stdout","time":305.135675339,"data":"[Game 2210] Range: 1-9 | Median/Mean: 4.0 / 3.771 | Fail: 0.905%\n"}
,{"stream_name":"stdout","time":306.419135785,"data":"[Game 2220] Range: 1-9 | Median/Mean: 4.0 / 3.773 | Fail: 0.946%\n"}
,{"stream_name":"stdout","time":307.855535328,"data":"[Game 2230] Range: 1-9 | Median/Mean: 4.0 / 3.774 | Fail: 0.987%\n"}
,{"stream_name":"stdout","time":309.353874223,"data":"[Game 2240] Range: 1-9 | Median/Mean: 4.0 / 3.775 | Fail: 0.982%\n"}
,{"stream_name":"stdout","time":310.982121656,"data":"[Game 2250] Range: 1-9 | Median/Mean: 4.0 / 3.776 | Fail: 0.978%\n"}
,{"stream_name":"stdout","time":312.636502668,"data":"[Game 2260] Range: 1-9 | Median/Mean: 4.0 / 3.779 | Fail: 1.018%\n"}
,{"stream_name":"stdout","time":313.669184164,"data":"[Game 2270] Range: 1-9 | Median/Mean: 4.0 / 3.778 | Fail: 1.013%\n"}
,{"stream_name":"stdout","time":314.950400453,"data":"[Game 2280] Range: 1-9 | Median/Mean: 4.0 / 3.777 | Fail: 1.009%\n"}
,{"stream_name":"stdout","time":316.301523721,"data":"[Game 2290] Range: 1-9 | Median/Mean: 4.0 / 3.777 | Fail: 1.048%\n"}
,{"stream_name":"stdout","time":317.278884682,"data":"[Game 2300] Range: 1-9 | Median/Mean: 4.0 / 3.776 | Fail: 1.043%\n"}
,{"stream_name":"stdout","time":318.347651308,"data":"[Game 2310] Range: 1-9 | Median/Mean: 4.0 / 3.774 | Fail: 1.039%\n"}
,{"stream_name":"stdout","time":319.21218401,"data":"Summary:\n"}
,{"stream_name":"stdout","time":319.225298651,"data":"Distribution across steps:\n"}
,{"stream_name":"stdout","time":319.235506677,"data":"Key Metrics:\n"}
,{"stream_name":"stderr","time":322.625408417,"data":"/opt/conda/lib/python3.7/site-packages/traitlets/traitlets.py:2567: FutureWarning: --Exporter.preprocessors=[\"remove_papermill_header.RemovePapermillHeader\"] for containers is deprecated in traitlets 5.0. You can pass `--Exporter.preprocessors item` ... multiple times to add items to a list.\n"}
,{"stream_name":"stderr","time":322.625482081,"data":"  FutureWarning,\n"}
,{"stream_name":"stderr","time":322.625556633,"data":"[NbConvertApp] Converting notebook __notebook__.ipynb to notebook\n"}
,{"stream_name":"stderr","time":322.94814049,"data":"[NbConvertApp] Writing 33023 bytes to __notebook__.ipynb\n"}
,{"stream_name":"stderr","time":325.23438429,"data":"/opt/conda/lib/python3.7/site-packages/traitlets/traitlets.py:2567: FutureWarning: --Exporter.preprocessors=[\"nbconvert.preprocessors.ExtractOutputPreprocessor\"] for containers is deprecated in traitlets 5.0. You can pass `--Exporter.preprocessors item` ... multiple times to add items to a list.\n"}
,{"stream_name":"stderr","time":325.23452308,"data":"  FutureWarning,\n"}
,{"stream_name":"stderr","time":325.234543796,"data":"[NbConvertApp] Converting notebook __notebook__.ipynb to html\n"}
,{"stream_name":"stderr","time":325.777353126,"data":"[NbConvertApp] Writing 308355 bytes to __results__.html\n"}
]