[{"stream_name":"stderr","time":14.297171193,"data":"/opt/conda/lib/python3.7/site-packages/papermill/iorw.py:50: FutureWarning: pyarrow.HadoopFileSystem is deprecated as of 2.0.0, please use pyarrow.fs.HadoopFileSystem instead.\n"}
,{"stream_name":"stderr","time":14.297257822,"data":"  from pyarrow import HadoopFileSystem\n"}
,{"stream_name":"stdout","time":15.825203182,"data":"[ ---------- RATES ----------]\n"}
,{"stream_name":"stdout","time":16.971327211,"data":"[Game 10] Range: 3-5 | Median/Mean: 4.0 / 3.800 | Fail: 0.000%\n"}
,{"stream_name":"stdout","time":18.111486441,"data":"[Game 20] Range: 3-6 | Median/Mean: 3.5 / 3.750 | Fail: 0.000%\n"}
,{"stream_name":"stdout","time":19.091405726,"data":"[Game 30] Range: 2-6 | Median/Mean: 3.0 / 3.600 | Fail: 0.000%\n"}
,{"stream_name":"stdout","time":20.502799247,"data":"[Game 40] Range: 2-6 | Median/Mean: 3.5 / 3.650 | Fail: 0.000%\n"}
,{"stream_name":"stdout","time":21.777798357,"data":"[Game 50] Range: 2-6 | Median/Mean: 4.0 / 3.680 | Fail: 0.000%\n"}
,{"stream_name":"stdout","time":23.091666091,"data":"[Game 60] Range: 2-6 | Median/Mean: 4.0 / 3.750 | Fail: 0.000%\n"}
,{"stream_name":"stdout","time":24.491952454,"data":"[Game 70] Range: 2-6 | Median/Mean: 4.0 / 3.814 | Fail: 0.000%\n"}
,{"stream_name":"stdout","time":25.814285547,"data":"[Game 80] Range: 2-9 | Median/Mean: 4.0 / 3.837 | Fail: 1.250%\n"}
,{"stream_name":"stdout","time":27.387252622,"data":"[Game 90] Range: 2-9 | Median/Mean: 4.0 / 3.889 | Fail: 2.222%\n"}
,{"stream_name":"stdout","time":28.267698178,"data":"[Game 100] Range: 2-9 | Median/Mean: 4.0 / 3.820 | Fail: 2.000%\n"}
,{"stream_name":"stdout","time":29.580658138,"data":"[Game 110] Range: 2-9 | Median/Mean: 4.0 / 3.845 | Fail: 1.818%\n"}
,{"stream_name":"stdout","time":30.926982178,"data":"[Game 120] Range: 2-9 | Median/Mean: 4.0 / 3.842 | Fail: 2.500%\n"}
,{"stream_name":"stdout","time":32.030951917,"data":"[Game 130] Range: 2-9 | Median/Mean: 4.0 / 3.808 | Fail: 2.308%\n"}
,{"stream_name":"stdout","time":33.297813457,"data":"[Game 140] Range: 2-9 | Median/Mean: 4.0 / 3.829 | Fail: 2.143%\n"}
,{"stream_name":"stdout","time":34.369357199,"data":"[Game 150] Range: 2-9 | Median/Mean: 4.0 / 3.800 | Fail: 2.000%\n"}
,{"stream_name":"stdout","time":35.346304401,"data":"[Game 160] Range: 2-9 | Median/Mean: 4.0 / 3.781 | Fail: 1.875%\n"}
,{"stream_name":"stdout","time":36.304160955,"data":"[Game 170] Range: 2-9 | Median/Mean: 4.0 / 3.747 | Fail: 1.765%\n"}
,{"stream_name":"stdout","time":37.174038494,"data":"[Game 180] Range: 2-9 | Median/Mean: 4.0 / 3.717 | Fail: 1.667%\n"}
,{"stream_name":"stdout","time":38.63939152,"data":"[Game 190] Range: 2-9 | Median/Mean: 4.0 / 3.721 | Fail: 1.579%\n"}
,{"stream_name":"stdout","time":39.995240262,"data":"[Game 200] Range: 2-9 | Median/Mean: 4.0 / 3.705 | Fail: 1.500%\n"}
,{"stream_name":"stdout","time":41.355868923,"data":"[Game 210] Range: 2-9 | Median/Mean: 4.0 / 3.695 | Fail: 1.429%\n"}
,{"stream_name":"stdout","time":42.626296495,"data":"[Game 220] Range: 2-9 | Median/Mean: 4.0 / 3.700 | Fail: 1.364%\n"}
,{"stream_name":"stdout","time":43.824608266,"data":"[Game 230] Range: 2-9 | Median/Mean: 4.0 / 3.696 | Fail: 1.304%\n"}
,{"stream_name":"stdout","time":44.745805787,"data":"[Game 240] Range: 2-9 | Median/Mean: 4.0 / 3.675 | Fail: 1.250%\n"}
,{"stream_name":"stdout","time":46.177150566,"data":"[Game 250] Range: 2-9 | Median/Mean: 4.0 / 3.688 | Fail: 1.200%\n"}
,{"stream_name":"stdout","time":47.312972256,"data":"[Game 260] Range: 2-9 | Median/Mean: 4.0 / 3.685 | Fail: 1.154%\n"}
,{"stream_name":"stdout","time":48.231291189,"data":"[Game 270] Range: 2-9 | Median/Mean: 4.0 / 3.678 | Fail: 1.111%\n"}
,{"stream_name":"stdout","time":49.19609511,"data":"[Game 280] Range: 2-9 | Median/Mean: 4.0 / 3.664 | Fail: 1.071%\n"}
,{"stream_name":"stdout","time":50.383996772,"data":"[Game 290] Range: 2-9 | Median/Mean: 4.0 / 3.672 | Fail: 1.379%\n"}
,{"stream_name":"stdout","time":51.569682577,"data":"[Game 300] Range: 2-9 | Median/Mean: 4.0 / 3.677 | Fail: 1.333%\n"}
,{"stream_name":"stdout","time":53.191192752,"data":"[Game 310] Range: 2-9 | Median/Mean: 4.0 / 3.687 | Fail: 1.290%\n"}
,{"stream_name":"stdout","time":54.474433452,"data":"[Game 320] Range: 2-9 | Median/Mean: 4.0 / 3.691 | Fail: 1.562%\n"}
,{"stream_name":"stdout","time":55.610488136,"data":"[Game 330] Range: 2-9 | Median/Mean: 4.0 / 3.682 | Fail: 1.515%\n"}
,{"stream_name":"stdout","time":56.973404971,"data":"[Game 340] Range: 2-9 | Median/Mean: 4.0 / 3.682 | Fail: 1.471%\n"}
,{"stream_name":"stdout","time":57.96137972,"data":"[Game 350] Range: 2-9 | Median/Mean: 4.0 / 3.671 | Fail: 1.429%\n"}
,{"stream_name":"stdout","time":59.14902614,"data":"[Game 360] Range: 2-9 | Median/Mean: 4.0 / 3.672 | Fail: 1.389%\n"}
,{"stream_name":"stdout","time":60.548510229,"data":"[Game 370] Range: 2-9 | Median/Mean: 4.0 / 3.678 | Fail: 1.351%\n"}
,{"stream_name":"stdout","time":62.026660097,"data":"[Game 380] Range: 2-9 | Median/Mean: 4.0 / 3.689 | Fail: 1.316%\n"}
,{"stream_name":"stdout","time":63.286442527,"data":"[Game 390] Range: 2-9 | Median/Mean: 4.0 / 3.687 | Fail: 1.282%\n"}
,{"stream_name":"stdout","time":64.726473432,"data":"[Game 400] Range: 2-9 | Median/Mean: 4.0 / 3.697 | Fail: 1.250%\n"}
,{"stream_name":"stdout","time":65.994008084,"data":"[Game 410] Range: 2-9 | Median/Mean: 4.0 / 3.702 | Fail: 1.220%\n"}
,{"stream_name":"stdout","time":67.607486628,"data":"[Game 420] Range: 2-9 | Median/Mean: 4.0 / 3.717 | Fail: 1.190%\n"}
,{"stream_name":"stdout","time":69.081227331,"data":"[Game 430] Range: 2-9 | Median/Mean: 4.0 / 3.733 | Fail: 1.395%\n"}
,{"stream_name":"stdout","time":70.440206879,"data":"[Game 440] Range: 2-9 | Median/Mean: 4.0 / 3.739 | Fail: 1.364%\n"}
,{"stream_name":"stdout","time":71.636690745,"data":"[Game 450] Range: 2-9 | Median/Mean: 4.0 / 3.738 | Fail: 1.333%\n"}
,{"stream_name":"stdout","time":73.163187992,"data":"[Game 460] Range: 2-9 | Median/Mean: 4.0 / 3.746 | Fail: 1.304%\n"}
,{"stream_name":"stdout","time":74.871991902,"data":"[Game 470] Range: 2-9 | Median/Mean: 4.0 / 3.755 | Fail: 1.489%\n"}
,{"stream_name":"stdout","time":76.301417834,"data":"[Game 480] Range: 2-9 | Median/Mean: 4.0 / 3.760 | Fail: 1.458%\n"}
,{"stream_name":"stdout","time":77.364101733,"data":"[Game 490] Range: 2-9 | Median/Mean: 4.0 / 3.757 | Fail: 1.429%\n"}
,{"stream_name":"stdout","time":78.978419105,"data":"[Game 500] Range: 2-9 | Median/Mean: 4.0 / 3.762 | Fail: 1.400%\n"}
,{"stream_name":"stdout","time":80.462159867,"data":"[Game 510] Range: 2-9 | Median/Mean: 4.0 / 3.765 | Fail: 1.373%\n"}
,{"stream_name":"stdout","time":81.708578586,"data":"[Game 520] Range: 2-9 | Median/Mean: 4.0 / 3.763 | Fail: 1.346%\n"}
,{"stream_name":"stdout","time":82.665152802,"data":"[Game 530] Range: 2-9 | Median/Mean: 4.0 / 3.757 | Fail: 1.321%\n"}
,{"stream_name":"stdout","time":84.122738757,"data":"[Game 540] Range: 2-9 | Median/Mean: 4.0 / 3.765 | Fail: 1.296%\n"}
,{"stream_name":"stdout","time":85.373983192,"data":"[Game 550] Range: 2-9 | Median/Mean: 4.0 / 3.769 | Fail: 1.455%\n"}
,{"stream_name":"stdout","time":86.927277813,"data":"[Game 560] Range: 2-9 | Median/Mean: 4.0 / 3.779 | Fail: 1.607%\n"}
,{"stream_name":"stdout","time":88.456846174,"data":"[Game 570] Range: 2-9 | Median/Mean: 4.0 / 3.779 | Fail: 1.579%\n"}
,{"stream_name":"stdout","time":89.635022542,"data":"[Game 580] Range: 2-9 | Median/Mean: 4.0 / 3.778 | Fail: 1.552%\n"}
,{"stream_name":"stdout","time":91.097972892,"data":"[Game 590] Range: 2-9 | Median/Mean: 4.0 / 3.781 | Fail: 1.525%\n"}
,{"stream_name":"stdout","time":92.086117776,"data":"[Game 600] Range: 2-9 | Median/Mean: 4.0 / 3.777 | Fail: 1.500%\n"}
,{"stream_name":"stdout","time":93.383707969,"data":"[Game 610] Range: 2-9 | Median/Mean: 4.0 / 3.775 | Fail: 1.475%\n"}
,{"stream_name":"stdout","time":94.812154725,"data":"[Game 620] Range: 2-9 | Median/Mean: 4.0 / 3.779 | Fail: 1.452%\n"}
,{"stream_name":"stdout","time":96.104125197,"data":"[Game 630] Range: 2-9 | Median/Mean: 4.0 / 3.781 | Fail: 1.429%\n"}
,{"stream_name":"stdout","time":97.668137099,"data":"[Game 640] Range: 2-9 | Median/Mean: 4.0 / 3.786 | Fail: 1.406%\n"}
,{"stream_name":"stdout","time":98.887504875,"data":"[Game 650] Range: 2-9 | Median/Mean: 4.0 / 3.788 | Fail: 1.385%\n"}
,{"stream_name":"stdout","time":100.151106368,"data":"[Game 660] Range: 2-9 | Median/Mean: 4.0 / 3.786 | Fail: 1.364%\n"}
,{"stream_name":"stdout","time":101.269666559,"data":"[Game 670] Range: 2-9 | Median/Mean: 4.0 / 3.787 | Fail: 1.343%\n"}
,{"stream_name":"stdout","time":102.47365418,"data":"[Game 680] Range: 2-9 | Median/Mean: 4.0 / 3.787 | Fail: 1.324%\n"}
,{"stream_name":"stdout","time":103.483368434,"data":"[Game 690] Range: 2-9 | Median/Mean: 4.0 / 3.783 | Fail: 1.304%\n"}
,{"stream_name":"stdout","time":104.635590269,"data":"[Game 700] Range: 2-9 | Median/Mean: 4.0 / 3.781 | Fail: 1.286%\n"}
,{"stream_name":"stdout","time":106.214306935,"data":"[Game 710] Range: 2-9 | Median/Mean: 4.0 / 3.786 | Fail: 1.268%\n"}
,{"stream_name":"stdout","time":107.37643454,"data":"[Game 720] Range: 2-9 | Median/Mean: 4.0 / 3.782 | Fail: 1.250%\n"}
,{"stream_name":"stdout","time":108.791011892,"data":"[Game 730] Range: 2-9 | Median/Mean: 4.0 / 3.786 | Fail: 1.233%\n"}
,{"stream_name":"stdout","time":110.322496026,"data":"[Game 740] Range: 2-9 | Median/Mean: 4.0 / 3.791 | Fail: 1.216%\n"}
,{"stream_name":"stdout","time":111.543469631,"data":"[Game 750] Range: 2-9 | Median/Mean: 4.0 / 3.789 | Fail: 1.200%\n"}
,{"stream_name":"stdout","time":112.792920858,"data":"[Game 760] Range: 2-9 | Median/Mean: 4.0 / 3.788 | Fail: 1.184%\n"}
,{"stream_name":"stdout","time":113.821905737,"data":"[Game 770] Range: 2-9 | Median/Mean: 4.0 / 3.782 | Fail: 1.169%\n"}
,{"stream_name":"stdout","time":114.973781929,"data":"[Game 780] Range: 2-9 | Median/Mean: 4.0 / 3.782 | Fail: 1.154%\n"}
,{"stream_name":"stdout","time":116.340902685,"data":"[Game 790] Range: 2-9 | Median/Mean: 4.0 / 3.782 | Fail: 1.139%\n"}
,{"stream_name":"stdout","time":117.517238136,"data":"[Game 800] Range: 2-9 | Median/Mean: 4.0 / 3.785 | Fail: 1.125%\n"}
,{"stream_name":"stdout","time":118.487718169,"data":"[Game 810] Range: 2-9 | Median/Mean: 4.0 / 3.778 | Fail: 1.111%\n"}
,{"stream_name":"stdout","time":119.836820849,"data":"[Game 820] Range: 2-9 | Median/Mean: 4.0 / 3.779 | Fail: 1.098%\n"}
,{"stream_name":"stdout","time":120.759716111,"data":"[Game 830] Range: 2-9 | Median/Mean: 4.0 / 3.775 | Fail: 1.084%\n"}
,{"stream_name":"stdout","time":122.281320933,"data":"[Game 840] Range: 2-9 | Median/Mean: 4.0 / 3.780 | Fail: 1.071%\n"}
,{"stream_name":"stdout","time":123.476095861,"data":"[Game 850] Range: 2-9 | Median/Mean: 4.0 / 3.776 | Fail: 1.059%\n"}
,{"stream_name":"stdout","time":124.47253565,"data":"[Game 860] Range: 2-9 | Median/Mean: 4.0 / 3.774 | Fail: 1.047%\n"}
,{"stream_name":"stdout","time":125.521597646,"data":"[Game 870] Range: 2-9 | Median/Mean: 4.0 / 3.774 | Fail: 1.034%\n"}
,{"stream_name":"stdout","time":126.718028231,"data":"[Game 880] Range: 2-9 | Median/Mean: 4.0 / 3.774 | Fail: 1.023%\n"}
,{"stream_name":"stdout","time":128.020395914,"data":"[Game 890] Range: 2-9 | Median/Mean: 4.0 / 3.775 | Fail: 1.011%\n"}
,{"stream_name":"stdout","time":129.216985934,"data":"[Game 900] Range: 2-9 | Median/Mean: 4.0 / 3.776 | Fail: 1.000%\n"}
,{"stream_name":"stdout","time":130.62763894,"data":"[Game 910] Range: 2-9 | Median/Mean: 4.0 / 3.778 | Fail: 0.989%\n"}
,{"stream_name":"stdout","time":131.788130975,"data":"[Game 920] Range: 2-9 | Median/Mean: 4.0 / 3.777 | Fail: 0.978%\n"}
,{"stream_name":"stdout","time":132.929175272,"data":"[Game 930] Range: 2-9 | Median/Mean: 4.0 / 3.777 | Fail: 0.968%\n"}
,{"stream_name":"stdout","time":134.331039245,"data":"[Game 940] Range: 2-9 | Median/Mean: 4.0 / 3.780 | Fail: 1.064%\n"}
,{"stream_name":"stdout","time":135.28352711,"data":"[Game 950] Range: 2-9 | Median/Mean: 4.0 / 3.775 | Fail: 1.053%\n"}
,{"stream_name":"stdout","time":136.603078949,"data":"[Game 960] Range: 2-9 | Median/Mean: 4.0 / 3.774 | Fail: 1.042%\n"}
,{"stream_name":"stdout","time":138.241399592,"data":"[Game 970] Range: 2-9 | Median/Mean: 4.0 / 3.776 | Fail: 1.031%\n"}
,{"stream_name":"stdout","time":139.466542463,"data":"[Game 980] Range: 2-9 | Median/Mean: 4.0 / 3.777 | Fail: 1.020%\n"}
,{"stream_name":"stdout","time":140.679576503,"data":"[Game 990] Range: 2-9 | Median/Mean: 4.0 / 3.773 | Fail: 1.010%\n"}
,{"stream_name":"stdout","time":142.106409721,"data":"[Game 1000] Range: 2-9 | Median/Mean: 4.0 / 3.774 | Fail: 1.000%\n"}
,{"stream_name":"stdout","time":143.223311594,"data":"[Game 1010] Range: 2-9 | Median/Mean: 4.0 / 3.769 | Fail: 0.990%\n"}
,{"stream_name":"stdout","time":144.475056438,"data":"[Game 1020] Range: 2-9 | Median/Mean: 4.0 / 3.771 | Fail: 0.980%\n"}
,{"stream_name":"stdout","time":145.802157183,"data":"[Game 1030] Range: 2-9 | Median/Mean: 4.0 / 3.771 | Fail: 0.971%\n"}
,{"stream_name":"stdout","time":146.926125522,"data":"[Game 1040] Range: 2-9 | Median/Mean: 4.0 / 3.767 | Fail: 0.962%\n"}
,{"stream_name":"stdout","time":148.170230763,"data":"[Game 1050] Range: 2-9 | Median/Mean: 4.0 / 3.766 | Fail: 0.952%\n"}
,{"stream_name":"stdout","time":149.36073853,"data":"[Game 1060] Range: 2-9 | Median/Mean: 4.0 / 3.768 | Fail: 0.943%\n"}
,{"stream_name":"stdout","time":150.390628877,"data":"[Game 1070] Range: 2-9 | Median/Mean: 4.0 / 3.765 | Fail: 0.935%\n"}
,{"stream_name":"stdout","time":151.626753696,"data":"[Game 1080] Range: 2-9 | Median/Mean: 4.0 / 3.766 | Fail: 0.926%\n"}
,{"stream_name":"stdout","time":153.011310978,"data":"[Game 1090] Range: 2-9 | Median/Mean: 4.0 / 3.769 | Fail: 0.917%\n"}
,{"stream_name":"stdout","time":154.213528082,"data":"[Game 1100] Range: 2-9 | Median/Mean: 4.0 / 3.771 | Fail: 0.909%\n"}
,{"stream_name":"stdout","time":155.411485786,"data":"[Game 1110] Range: 2-9 | Median/Mean: 4.0 / 3.770 | Fail: 0.901%\n"}
,{"stream_name":"stdout","time":156.530916561,"data":"[Game 1120] Range: 2-9 | Median/Mean: 4.0 / 3.769 | Fail: 0.893%\n"}
,{"stream_name":"stdout","time":157.837835546,"data":"[Game 1130] Range: 2-9 | Median/Mean: 4.0 / 3.767 | Fail: 0.885%\n"}
,{"stream_name":"stdout","time":159.261660373,"data":"[Game 1140] Range: 2-9 | Median/Mean: 4.0 / 3.769 | Fail: 0.877%\n"}
,{"stream_name":"stdout","time":160.447145004,"data":"[Game 1150] Range: 2-9 | Median/Mean: 4.0 / 3.770 | Fail: 0.870%\n"}
,{"stream_name":"stdout","time":161.404850398,"data":"[Game 1160] Range: 2-9 | Median/Mean: 4.0 / 3.771 | Fail: 0.862%\n"}
,{"stream_name":"stdout","time":162.543545513,"data":"[Game 1170] Range: 2-9 | Median/Mean: 4.0 / 3.771 | Fail: 0.855%\n"}
,{"stream_name":"stdout","time":163.829356644,"data":"[Game 1180] Range: 2-9 | Median/Mean: 4.0 / 3.772 | Fail: 0.847%\n"}
,{"stream_name":"stdout","time":165.036329678,"data":"[Game 1190] Range: 2-9 | Median/Mean: 4.0 / 3.771 | Fail: 0.840%\n"}
,{"stream_name":"stdout","time":166.118698924,"data":"[Game 1200] Range: 2-9 | Median/Mean: 4.0 / 3.768 | Fail: 0.833%\n"}
,{"stream_name":"stdout","time":167.250089615,"data":"[Game 1210] Range: 2-9 | Median/Mean: 4.0 / 3.767 | Fail: 0.826%\n"}
,{"stream_name":"stdout","time":168.959679976,"data":"[Game 1220] Range: 2-9 | Median/Mean: 4.0 / 3.770 | Fail: 0.820%\n"}
,{"stream_name":"stdout","time":170.673162075,"data":"[Game 1230] Range: 2-9 | Median/Mean: 4.0 / 3.774 | Fail: 0.813%\n"}
,{"stream_name":"stdout","time":171.776077757,"data":"[Game 1240] Range: 2-9 | Median/Mean: 4.0 / 3.772 | Fail: 0.806%\n"}
,{"stream_name":"stdout","time":173.205844436,"data":"[Game 1250] Range: 2-9 | Median/Mean: 4.0 / 3.773 | Fail: 0.800%\n"}
,{"stream_name":"stdout","time":174.514113473,"data":"[Game 1260] Range: 2-9 | Median/Mean: 4.0 / 3.775 | Fail: 0.794%\n"}
,{"stream_name":"stdout","time":175.330229195,"data":"[Game 1270] Range: 2-9 | Median/Mean: 4.0 / 3.773 | Fail: 0.787%\n"}
,{"stream_name":"stdout","time":176.57272755,"data":"[Game 1280] Range: 2-9 | Median/Mean: 4.0 / 3.776 | Fail: 0.781%\n"}
,{"stream_name":"stdout","time":177.568902813,"data":"[Game 1290] Range: 2-9 | Median/Mean: 4.0 / 3.773 | Fail: 0.775%\n"}
,{"stream_name":"stdout","time":178.646524504,"data":"[Game 1300] Range: 2-9 | Median/Mean: 4.0 / 3.772 | Fail: 0.769%\n"}
,{"stream_name":"stdout","time":179.862157354,"data":"[Game 1310] Range: 2-9 | Median/Mean: 4.0 / 3.770 | Fail: 0.763%\n"}
,{"stream_name":"stdout","time":181.160086313,"data":"[Game 1320] Range: 2-9 | Median/Mean: 4.0 / 3.771 | Fail: 0.758%\n"}
,{"stream_name":"stdout","time":182.576255606,"data":"[Game 1330] Range: 2-9 | Median/Mean: 4.0 / 3.775 | Fail: 0.752%\n"}
,{"stream_name":"stdout","time":183.895794966,"data":"[Game 1340] Range: 2-9 | Median/Mean: 4.0 / 3.775 | Fail: 0.746%\n"}
,{"stream_name":"stdout","time":184.947344769,"data":"[Game 1350] Range: 2-9 | Median/Mean: 4.0 / 3.772 | Fail: 0.741%\n"}
,{"stream_name":"stdout","time":186.523599478,"data":"[Game 1360] Range: 2-9 | Median/Mean: 4.0 / 3.776 | Fail: 0.735%\n"}
,{"stream_name":"stdout","time":188.146780333,"data":"[Game 1370] Range: 2-9 | Median/Mean: 4.0 / 3.780 | Fail: 0.730%\n"}
,{"stream_name":"stdout","time":189.31016732,"data":"[Game 1380] Range: 2-9 | Median/Mean: 4.0 / 3.778 | Fail: 0.725%\n"}
,{"stream_name":"stdout","time":190.551847921,"data":"[Game 1390] Range: 2-9 | Median/Mean: 4.0 / 3.779 | Fail: 0.719%\n"}
,{"stream_name":"stdout","time":191.801058545,"data":"[Game 1400] Range: 2-9 | Median/Mean: 4.0 / 3.781 | Fail: 0.714%\n"}
,{"stream_name":"stdout","time":193.243291276,"data":"[Game 1410] Range: 2-9 | Median/Mean: 4.0 / 3.784 | Fail: 0.709%\n"}
,{"stream_name":"stdout","time":194.493946071,"data":"[Game 1420] Range: 2-9 | Median/Mean: 4.0 / 3.784 | Fail: 0.704%\n"}
,{"stream_name":"stdout","time":195.43653795,"data":"[Game 1430] Range: 2-9 | Median/Mean: 4.0 / 3.780 | Fail: 0.699%\n"}
,{"stream_name":"stdout","time":197.024254659,"data":"[Game 1440] Range: 2-9 | Median/Mean: 4.0 / 3.783 | Fail: 0.764%\n"}
,{"stream_name":"stdout","time":198.421279227,"data":"[Game 1450] Range: 2-9 | Median/Mean: 4.0 / 3.785 | Fail: 0.759%\n"}
,{"stream_name":"stdout","time":199.543826815,"data":"[Game 1460] Range: 2-9 | Median/Mean: 4.0 / 3.782 | Fail: 0.753%\n"}
,{"stream_name":"stdout","time":200.663005247,"data":"[Game 1470] Range: 2-9 | Median/Mean: 4.0 / 3.782 | Fail: 0.748%\n"}
,{"stream_name":"stdout","time":202.136863738,"data":"[Game 1480] Range: 2-9 | Median/Mean: 4.0 / 3.783 | Fail: 0.743%\n"}
,{"stream_name":"stdout","time":203.398336187,"data":"[Game 1490] Range: 2-9 | Median/Mean: 4.0 / 3.782 | Fail: 0.738%\n"}
,{"stream_name":"stdout","time":204.765626048,"data":"[Game 1500] Range: 2-9 | Median/Mean: 4.0 / 3.782 | Fail: 0.733%\n"}
,{"stream_name":"stdout","time":205.936362755,"data":"[Game 1510] Range: 2-9 | Median/Mean: 4.0 / 3.780 | Fail: 0.728%\n"}
,{"stream_name":"stdout","time":206.836971339,"data":"[Game 1520] Range: 2-9 | Median/Mean: 4.0 / 3.778 | Fail: 0.724%\n"}
,{"stream_name":"stdout","time":208.227711936,"data":"[Game 1530] Range: 2-9 | Median/Mean: 4.0 / 3.778 | Fail: 0.719%\n"}
,{"stream_name":"stdout","time":209.694151541,"data":"[Game 1540] Range: 2-9 | Median/Mean: 4.0 / 3.780 | Fail: 0.714%\n"}
,{"stream_name":"stdout","time":210.915945883,"data":"[Game 1550] Range: 2-9 | Median/Mean: 4.0 / 3.779 | Fail: 0.710%\n"}
,{"stream_name":"stdout","time":212.061864838,"data":"[Game 1560] Range: 2-9 | Median/Mean: 4.0 / 3.778 | Fail: 0.705%\n"}
,{"stream_name":"stdout","time":213.373068541,"data":"[Game 1570] Range: 2-9 | Median/Mean: 4.0 / 3.778 | Fail: 0.701%\n"}
,{"stream_name":"stdout","time":214.537673105,"data":"[Game 1580] Range: 2-9 | Median/Mean: 4.0 / 3.777 | Fail: 0.759%\n"}
,{"stream_name":"stdout","time":215.635597892,"data":"[Game 1590] Range: 2-9 | Median/Mean: 4.0 / 3.775 | Fail: 0.755%\n"}
,{"stream_name":"stdout","time":216.609734243,"data":"[Game 1600] Range: 2-9 | Median/Mean: 4.0 / 3.771 | Fail: 0.750%\n"}
,{"stream_name":"stdout","time":217.828657898,"data":"[Game 1610] Range: 2-9 | Median/Mean: 4.0 / 3.771 | Fail: 0.745%\n"}
,{"stream_name":"stdout","time":219.043645847,"data":"[Game 1620] Range: 2-9 | Median/Mean: 4.0 / 3.771 | Fail: 0.741%\n"}
,{"stream_name":"stdout","time":220.391052328,"data":"[Game 1630] Range: 2-9 | Median/Mean: 4.0 / 3.772 | Fail: 0.798%\n"}
,{"stream_name":"stdout","time":221.677725551,"data":"[Game 1640] Range: 2-9 | Median/Mean: 4.0 / 3.770 | Fail: 0.793%\n"}
,{"stream_name":"stdout","time":222.958217976,"data":"[Game 1650] Range: 2-9 | Median/Mean: 4.0 / 3.770 | Fail: 0.788%\n"}
,{"stream_name":"stdout","time":224.460705762,"data":"[Game 1660] Range: 2-9 | Median/Mean: 4.0 / 3.770 | Fail: 0.783%\n"}
,{"stream_name":"stdout","time":225.77451319,"data":"[Game 1670] Range: 2-9 | Median/Mean: 4.0 / 3.772 | Fail: 0.778%\n"}
,{"stream_name":"stdout","time":227.030374307,"data":"[Game 1680] Range: 2-9 | Median/Mean: 4.0 / 3.771 | Fail: 0.774%\n"}
,{"stream_name":"stdout","time":228.200350078,"data":"[Game 1690] Range: 2-9 | Median/Mean: 4.0 / 3.770 | Fail: 0.769%\n"}
,{"stream_name":"stdout","time":229.462036965,"data":"[Game 1700] Range: 2-9 | Median/Mean: 4.0 / 3.769 | Fail: 0.765%\n"}
,{"stream_name":"stdout","time":230.773820715,"data":"[Game 1710] Range: 2-9 | Median/Mean: 4.0 / 3.770 | Fail: 0.760%\n"}
,{"stream_name":"stdout","time":232.099991506,"data":"[Game 1720] Range: 2-9 | Median/Mean: 4.0 / 3.770 | Fail: 0.756%\n"}
,{"stream_name":"stdout","time":233.428100759,"data":"[Game 1730] Range: 2-9 | Median/Mean: 4.0 / 3.771 | Fail: 0.751%\n"}
,{"stream_name":"stdout","time":234.7886224,"data":"[Game 1740] Range: 2-9 | Median/Mean: 4.0 / 3.771 | Fail: 0.747%\n"}
,{"stream_name":"stdout","time":236.050185063,"data":"[Game 1750] Range: 2-9 | Median/Mean: 4.0 / 3.771 | Fail: 0.743%\n"}
,{"stream_name":"stdout","time":237.110214329,"data":"[Game 1760] Range: 2-9 | Median/Mean: 4.0 / 3.769 | Fail: 0.739%\n"}
,{"stream_name":"stdout","time":237.932285415,"data":"[Game 1770] Range: 2-9 | Median/Mean: 4.0 / 3.768 | Fail: 0.734%\n"}
,{"stream_name":"stdout","time":239.096314681,"data":"[Game 1780] Range: 2-9 | Median/Mean: 4.0 / 3.766 | Fail: 0.730%\n"}
,{"stream_name":"stdout","time":240.180066482,"data":"[Game 1790] Range: 2-9 | Median/Mean: 4.0 / 3.766 | Fail: 0.726%\n"}
,{"stream_name":"stdout","time":241.592648886,"data":"[Game 1800] Range: 2-9 | Median/Mean: 4.0 / 3.766 | Fail: 0.722%\n"}
,{"stream_name":"stdout","time":242.811209925,"data":"[Game 1810] Range: 2-9 | Median/Mean: 4.0 / 3.766 | Fail: 0.718%\n"}
,{"stream_name":"stdout","time":243.952650263,"data":"[Game 1820] Range: 2-9 | Median/Mean: 4.0 / 3.767 | Fail: 0.714%\n"}
,{"stream_name":"stdout","time":245.53800855,"data":"[Game 1830] Range: 2-9 | Median/Mean: 4.0 / 3.769 | Fail: 0.710%\n"}
,{"stream_name":"stdout","time":246.693963459,"data":"[Game 1840] Range: 2-9 | Median/Mean: 4.0 / 3.768 | Fail: 0.707%\n"}
,{"stream_name":"stdout","time":248.176267687,"data":"[Game 1850] Range: 2-9 | Median/Mean: 4.0 / 3.769 | Fail: 0.703%\n"}
,{"stream_name":"stdout","time":249.132465199,"data":"[Game 1860] Range: 2-9 | Median/Mean: 4.0 / 3.766 | Fail: 0.699%\n"}
,{"stream_name":"stdout","time":250.379117241,"data":"[Game 1870] Range: 2-9 | Median/Mean: 4.0 / 3.766 | Fail: 0.695%\n"}
,{"stream_name":"stdout","time":251.837115941,"data":"[Game 1880] Range: 2-9 | Median/Mean: 4.0 / 3.769 | Fail: 0.691%\n"}
,{"stream_name":"stdout","time":253.297118394,"data":"[Game 1890] Range: 2-9 | Median/Mean: 4.0 / 3.769 | Fail: 0.741%\n"}
,{"stream_name":"stdout","time":254.836051721,"data":"[Game 1900] Range: 2-9 | Median/Mean: 4.0 / 3.772 | Fail: 0.737%\n"}
,{"stream_name":"stdout","time":256.186303086,"data":"[Game 1910] Range: 2-9 | Median/Mean: 4.0 / 3.772 | Fail: 0.733%\n"}
,{"stream_name":"stdout","time":257.559077792,"data":"[Game 1920] Range: 2-9 | Median/Mean: 4.0 / 3.773 | Fail: 0.729%\n"}
,{"stream_name":"stdout","time":258.897666663,"data":"[Game 1930] Range: 2-9 | Median/Mean: 4.0 / 3.773 | Fail: 0.725%\n"}
,{"stream_name":"stdout","time":260.291987426,"data":"[Game 1940] Range: 2-9 | Median/Mean: 4.0 / 3.774 | Fail: 0.722%\n"}
,{"stream_name":"stdout","time":261.368844005,"data":"[Game 1950] Range: 2-9 | Median/Mean: 4.0 / 3.773 | Fail: 0.718%\n"}
,{"stream_name":"stdout","time":262.920403179,"data":"[Game 1960] Range: 2-9 | Median/Mean: 4.0 / 3.776 | Fail: 0.714%\n"}
,{"stream_name":"stdout","time":264.206363184,"data":"[Game 1970] Range: 2-9 | Median/Mean: 4.0 / 3.776 | Fail: 0.711%\n"}
,{"stream_name":"stdout","time":265.732372902,"data":"[Game 1980] Range: 2-9 | Median/Mean: 4.0 / 3.779 | Fail: 0.707%\n"}
,{"stream_name":"stdout","time":266.900020382,"data":"[Game 1990] Range: 2-9 | Median/Mean: 4.0 / 3.777 | Fail: 0.704%\n"}
,{"stream_name":"stdout","time":268.389652521,"data":"[Game 2000] Range: 2-9 | Median/Mean: 4.0 / 3.778 | Fail: 0.750%\n"}
,{"stream_name":"stdout","time":269.943185577,"data":"[Game 2010] Range: 2-9 | Median/Mean: 4.0 / 3.779 | Fail: 0.746%\n"}
,{"stream_name":"stdout","time":271.255684535,"data":"[Game 2020] Range: 2-9 | Median/Mean: 4.0 / 3.780 | Fail: 0.743%\n"}
,{"stream_name":"stdout","time":272.673377232,"data":"[Game 2030] Range: 2-9 | Median/Mean: 4.0 / 3.781 | Fail: 0.739%\n"}
,{"stream_name":"stdout","time":273.969397716,"data":"[Game 2040] Range: 2-9 | Median/Mean: 4.0 / 3.780 | Fail: 0.735%\n"}
,{"stream_name":"stdout","time":275.361743141,"data":"[Game 2050] Range: 2-9 | Median/Mean: 4.0 / 3.781 | Fail: 0.732%\n"}
,{"stream_name":"stdout","time":276.627350903,"data":"[Game 2060] Range: 2-9 | Median/Mean: 4.0 / 3.781 | Fail: 0.728%\n"}
,{"stream_name":"stdout","time":278.412051437,"data":"[Game 2070] Range: 2-9 | Median/Mean: 4.0 / 3.785 | Fail: 0.773%\n"}
,{"stream_name":"stdout","time":279.646695973,"data":"[Game 2080] Range: 2-9 | Median/Mean: 4.0 / 3.786 | Fail: 0.769%\n"}
,{"stream_name":"stdout","time":280.857763889,"data":"[Game 2090] Range: 2-9 | Median/Mean: 4.0 / 3.785 | Fail: 0.766%\n"}
,{"stream_name":"stdout","time":282.053500312,"data":"[Game 2100] Range: 2-9 | Median/Mean: 4.0 / 3.787 | Fail: 0.762%\n"}
,{"stream_name":"stdout","time":283.19836107,"data":"[Game 2110] Range: 2-9 | Median/Mean: 4.0 / 3.785 | Fail: 0.758%\n"}
,{"stream_name":"stdout","time":284.397217737,"data":"[Game 2120] Range: 2-9 | Median/Mean: 4.0 / 3.785 | Fail: 0.755%\n"}
,{"stream_name":"stdout","time":286.18326539,"data":"[Game 2130] Range: 2-9 | Median/Mean: 4.0 / 3.788 | Fail: 0.751%\n"}
,{"stream_name":"stdout","time":287.708064883,"data":"[Game 2140] Range: 2-9 | Median/Mean: 4.0 / 3.791 | Fail: 0.748%\n"}
,{"stream_name":"stdout","time":289.237650827,"data":"[Game 2150] Range: 2-9 | Median/Mean: 4.0 / 3.792 | Fail: 0.744%\n"}
,{"stream_name":"stdout","time":290.410647763,"data":"[Game 2160] Range: 2-9 | Median/Mean: 4.0 / 3.792 | Fail: 0.741%\n"}
,{"stream_name":"stdout","time":291.836972527,"data":"[Game 2170] Range: 2-9 | Median/Mean: 4.0 / 3.791 | Fail: 0.737%\n"}
,{"stream_name":"stdout","time":293.002826245,"data":"[Game 2180] Range: 2-9 | Median/Mean: 4.0 / 3.790 | Fail: 0.734%\n"}
,{"stream_name":"stdout","time":294.095158806,"data":"[Game 2190] Range: 2-9 | Median/Mean: 4.0 / 3.789 | Fail: 0.731%\n"}
,{"stream_name":"stdout","time":295.243428218,"data":"[Game 2200] Range: 2-9 | Median/Mean: 4.0 / 3.789 | Fail: 0.727%\n"}
,{"stream_name":"stdout","time":296.559649878,"data":"[Game 2210] Range: 2-9 | Median/Mean: 4.0 / 3.789 | Fail: 0.724%\n"}
,{"stream_name":"stdout","time":297.719976847,"data":"[Game 2220] Range: 2-9 | Median/Mean: 4.0 / 3.790 | Fail: 0.721%\n"}
,{"stream_name":"stdout","time":298.862353402,"data":"[Game 2230] Range: 2-9 | Median/Mean: 4.0 / 3.789 | Fail: 0.717%\n"}
,{"stream_name":"stdout","time":300.318570477,"data":"[Game 2240] Range: 2-9 | Median/Mean: 4.0 / 3.790 | Fail: 0.759%\n"}
,{"stream_name":"stdout","time":301.805021365,"data":"[Game 2250] Range: 2-9 | Median/Mean: 4.0 / 3.790 | Fail: 0.800%\n"}
,{"stream_name":"stdout","time":303.467526897,"data":"[Game 2260] Range: 2-9 | Median/Mean: 4.0 / 3.792 | Fail: 0.841%\n"}
,{"stream_name":"stdout","time":304.53793172,"data":"[Game 2270] Range: 2-9 | Median/Mean: 4.0 / 3.790 | Fail: 0.837%\n"}
,{"stream_name":"stdout","time":305.725299011,"data":"[Game 2280] Range: 2-9 | Median/Mean: 4.0 / 3.790 | Fail: 0.833%\n"}
,{"stream_name":"stdout","time":307.13757199,"data":"[Game 2290] Range: 2-9 | Median/Mean: 4.0 / 3.791 | Fail: 0.873%\n"}
,{"stream_name":"stdout","time":308.209494166,"data":"[Game 2300] Range: 2-9 | Median/Mean: 4.0 / 3.790 | Fail: 0.870%\n"}
,{"stream_name":"stdout","time":309.435859379,"data":"[Game 2310] Range: 2-9 | Median/Mean: 4.0 / 3.790 | Fail: 0.866%\n"}
,{"stream_name":"stdout","time":310.345851468,"data":"Summary:\n"}
,{"stream_name":"stdout","time":310.36031068,"data":"Distribution across steps:\n"}
,{"stream_name":"stdout","time":310.371175939,"data":"Key Metrics:\n"}
,{"stream_name":"stderr","time":313.953041882,"data":"/opt/conda/lib/python3.7/site-packages/traitlets/traitlets.py:2567: FutureWarning: --Exporter.preprocessors=[\"remove_papermill_header.RemovePapermillHeader\"] for containers is deprecated in traitlets 5.0. You can pass `--Exporter.preprocessors item` ... multiple times to add items to a list.\n"}
,{"stream_name":"stderr","time":313.953237006,"data":"  FutureWarning,\n"}
,{"stream_name":"stderr","time":313.953256558,"data":"[NbConvertApp] Converting notebook __notebook__.ipynb to notebook\n"}
,{"stream_name":"stderr","time":314.283846405,"data":"[NbConvertApp] Writing 32943 bytes to __notebook__.ipynb\n"}
,{"stream_name":"stderr","time":316.695861833,"data":"/opt/conda/lib/python3.7/site-packages/traitlets/traitlets.py:2567: FutureWarning: --Exporter.preprocessors=[\"nbconvert.preprocessors.ExtractOutputPreprocessor\"] for containers is deprecated in traitlets 5.0. You can pass `--Exporter.preprocessors item` ... multiple times to add items to a list.\n"}
,{"stream_name":"stderr","time":316.695985442,"data":"  FutureWarning,\n"}
,{"stream_name":"stderr","time":316.696080875,"data":"[NbConvertApp] Converting notebook __notebook__.ipynb to html\n"}
,{"stream_name":"stderr","time":317.264952083,"data":"[NbConvertApp] Writing 308315 bytes to __results__.html\n"}
]