[{"stream_name":"stderr","time":11.27007848,"data":"/opt/conda/lib/python3.7/site-packages/papermill/iorw.py:50: FutureWarning: pyarrow.HadoopFileSystem is deprecated as of 2.0.0, please use pyarrow.fs.HadoopFileSystem instead.\n"}
,{"stream_name":"stderr","time":11.270167279,"data":"  from pyarrow import HadoopFileSystem\n"}
,{"stream_name":"stdout","time":13.047415797,"data":"[ ---------- RAISE ----------]\n"}
,{"stream_name":"stdout","time":14.229778731,"data":"[Game 10] Range: 3-5 | Median/Mean: 4.0 / 3.800 | Fail: 0.000%\n"}
,{"stream_name":"stdout","time":15.270883844,"data":"[Game 20] Range: 3-5 | Median/Mean: 4.0 / 3.750 | Fail: 0.000%\n"}
,{"stream_name":"stdout","time":16.266042663,"data":"[Game 30] Range: 2-5 | Median/Mean: 4.0 / 3.667 | Fail: 0.000%\n"}
,{"stream_name":"stdout","time":17.416527778,"data":"[Game 40] Range: 2-6 | Median/Mean: 4.0 / 3.775 | Fail: 0.000%\n"}
,{"stream_name":"stdout","time":18.563724084,"data":"[Game 50] Range: 2-6 | Median/Mean: 4.0 / 3.760 | Fail: 0.000%\n"}
,{"stream_name":"stdout","time":19.721328991,"data":"[Game 60] Range: 2-6 | Median/Mean: 4.0 / 3.783 | Fail: 0.000%\n"}
,{"stream_name":"stdout","time":21.031027948,"data":"[Game 70] Range: 2-6 | Median/Mean: 4.0 / 3.829 | Fail: 0.000%\n"}
,{"stream_name":"stdout","time":21.877213172,"data":"[Game 80] Range: 2-6 | Median/Mean: 4.0 / 3.763 | Fail: 0.000%\n"}
,{"stream_name":"stdout","time":23.42186948,"data":"[Game 90] Range: 2-8 | Median/Mean: 4.0 / 3.867 | Fail: 2.222%\n"}
,{"stream_name":"stdout","time":24.481632214,"data":"[Game 100] Range: 2-8 | Median/Mean: 4.0 / 3.830 | Fail: 2.000%\n"}
,{"stream_name":"stdout","time":25.650858342,"data":"[Game 110] Range: 2-8 | Median/Mean: 4.0 / 3.818 | Fail: 1.818%\n"}
,{"stream_name":"stdout","time":27.06363964,"data":"[Game 120] Range: 2-8 | Median/Mean: 4.0 / 3.858 | Fail: 1.667%\n"}
,{"stream_name":"stdout","time":28.170571758,"data":"[Game 130] Range: 2-8 | Median/Mean: 4.0 / 3.846 | Fail: 1.538%\n"}
,{"stream_name":"stdout","time":29.299874034,"data":"[Game 140] Range: 2-8 | Median/Mean: 4.0 / 3.850 | Fail: 1.429%\n"}
,{"stream_name":"stdout","time":30.316697244,"data":"[Game 150] Range: 2-8 | Median/Mean: 4.0 / 3.813 | Fail: 1.333%\n"}
,{"stream_name":"stdout","time":31.265572664,"data":"[Game 160] Range: 2-8 | Median/Mean: 4.0 / 3.806 | Fail: 1.250%\n"}
,{"stream_name":"stdout","time":32.244472177,"data":"[Game 170] Range: 2-8 | Median/Mean: 4.0 / 3.794 | Fail: 1.176%\n"}
,{"stream_name":"stdout","time":33.09718121,"data":"[Game 180] Range: 2-8 | Median/Mean: 4.0 / 3.767 | Fail: 1.111%\n"}
,{"stream_name":"stdout","time":34.221803535,"data":"[Game 190] Range: 2-8 | Median/Mean: 4.0 / 3.763 | Fail: 1.053%\n"}
,{"stream_name":"stdout","time":35.04531182,"data":"[Game 200] Range: 2-8 | Median/Mean: 4.0 / 3.740 | Fail: 1.000%\n"}
,{"stream_name":"stdout","time":36.339778102,"data":"[Game 210] Range: 2-8 | Median/Mean: 4.0 / 3.748 | Fail: 0.952%\n"}
,{"stream_name":"stdout","time":37.372780508,"data":"[Game 220] Range: 2-8 | Median/Mean: 4.0 / 3.736 | Fail: 0.909%\n"}
,{"stream_name":"stdout","time":38.366273623,"data":"[Game 230] Range: 2-8 | Median/Mean: 4.0 / 3.722 | Fail: 0.870%\n"}
,{"stream_name":"stdout","time":39.448133642,"data":"[Game 240] Range: 2-8 | Median/Mean: 4.0 / 3.717 | Fail: 0.833%\n"}
,{"stream_name":"stdout","time":40.55687523,"data":"[Game 250] Range: 2-8 | Median/Mean: 4.0 / 3.716 | Fail: 0.800%\n"}
,{"stream_name":"stdout","time":41.630384527,"data":"[Game 260] Range: 2-8 | Median/Mean: 4.0 / 3.715 | Fail: 0.769%\n"}
,{"stream_name":"stdout","time":42.672390243,"data":"[Game 270] Range: 2-8 | Median/Mean: 4.0 / 3.707 | Fail: 0.741%\n"}
,{"stream_name":"stdout","time":43.76273054,"data":"[Game 280] Range: 2-8 | Median/Mean: 4.0 / 3.707 | Fail: 0.714%\n"}
,{"stream_name":"stdout","time":45.013812115,"data":"[Game 290] Range: 2-8 | Median/Mean: 4.0 / 3.714 | Fail: 0.690%\n"}
,{"stream_name":"stdout","time":46.085592937,"data":"[Game 300] Range: 2-8 | Median/Mean: 4.0 / 3.707 | Fail: 0.667%\n"}
,{"stream_name":"stdout","time":47.235790284,"data":"[Game 310] Range: 2-8 | Median/Mean: 4.0 / 3.710 | Fail: 0.645%\n"}
,{"stream_name":"stdout","time":48.249556093,"data":"[Game 320] Range: 2-8 | Median/Mean: 4.0 / 3.709 | Fail: 0.938%\n"}
,{"stream_name":"stdout","time":49.358173631,"data":"[Game 330] Range: 2-8 | Median/Mean: 4.0 / 3.709 | Fail: 0.909%\n"}
,{"stream_name":"stdout","time":50.406414753,"data":"[Game 340] Range: 2-8 | Median/Mean: 4.0 / 3.703 | Fail: 0.882%\n"}
,{"stream_name":"stdout","time":51.435522098,"data":"[Game 350] Range: 2-8 | Median/Mean: 4.0 / 3.700 | Fail: 0.857%\n"}
,{"stream_name":"stdout","time":52.606576422,"data":"[Game 360] Range: 2-8 | Median/Mean: 4.0 / 3.708 | Fail: 0.833%\n"}
,{"stream_name":"stdout","time":53.893508165,"data":"[Game 370] Range: 2-8 | Median/Mean: 4.0 / 3.722 | Fail: 0.811%\n"}
,{"stream_name":"stdout","time":54.912486522,"data":"[Game 380] Range: 2-8 | Median/Mean: 4.0 / 3.718 | Fail: 0.789%\n"}
,{"stream_name":"stdout","time":56.204714897,"data":"[Game 390] Range: 2-8 | Median/Mean: 4.0 / 3.733 | Fail: 1.026%\n"}
,{"stream_name":"stdout","time":57.423238483,"data":"[Game 400] Range: 2-8 | Median/Mean: 4.0 / 3.743 | Fail: 1.000%\n"}
,{"stream_name":"stdout","time":58.472443601,"data":"[Game 410] Range: 2-8 | Median/Mean: 4.0 / 3.746 | Fail: 0.976%\n"}
,{"stream_name":"stdout","time":59.734280396,"data":"[Game 420] Range: 2-8 | Median/Mean: 4.0 / 3.760 | Fail: 0.952%\n"}
,{"stream_name":"stdout","time":60.842022218,"data":"[Game 430] Range: 2-8 | Median/Mean: 4.0 / 3.765 | Fail: 0.930%\n"}
,{"stream_name":"stdout","time":62.180323039,"data":"[Game 440] Range: 2-8 | Median/Mean: 4.0 / 3.773 | Fail: 0.909%\n"}
,{"stream_name":"stdout","time":63.357728534,"data":"[Game 450] Range: 2-8 | Median/Mean: 4.0 / 3.773 | Fail: 0.889%\n"}
,{"stream_name":"stdout","time":64.538767216,"data":"[Game 460] Range: 2-8 | Median/Mean: 4.0 / 3.770 | Fail: 0.870%\n"}
,{"stream_name":"stdout","time":65.883013742,"data":"[Game 470] Range: 2-8 | Median/Mean: 4.0 / 3.774 | Fail: 0.851%\n"}
,{"stream_name":"stdout","time":67.23829856,"data":"[Game 480] Range: 2-8 | Median/Mean: 4.0 / 3.777 | Fail: 0.833%\n"}
,{"stream_name":"stdout","time":68.443607911,"data":"[Game 490] Range: 2-8 | Median/Mean: 4.0 / 3.778 | Fail: 1.020%\n"}
,{"stream_name":"stdout","time":69.846914501,"data":"[Game 500] Range: 2-8 | Median/Mean: 4.0 / 3.780 | Fail: 1.000%\n"}
,{"stream_name":"stdout","time":70.959695003,"data":"[Game 510] Range: 2-8 | Median/Mean: 4.0 / 3.775 | Fail: 0.980%\n"}
,{"stream_name":"stdout","time":72.13512962,"data":"[Game 520] Range: 2-8 | Median/Mean: 4.0 / 3.775 | Fail: 0.962%\n"}
,{"stream_name":"stdout","time":73.031980313,"data":"[Game 530] Range: 2-8 | Median/Mean: 4.0 / 3.770 | Fail: 0.943%\n"}
,{"stream_name":"stdout","time":74.368716099,"data":"[Game 540] Range: 2-8 | Median/Mean: 4.0 / 3.780 | Fail: 0.926%\n"}
,{"stream_name":"stdout","time":75.611395413,"data":"[Game 550] Range: 2-8 | Median/Mean: 4.0 / 3.782 | Fail: 0.909%\n"}
,{"stream_name":"stdout","time":76.821054469,"data":"[Game 560] Range: 2-8 | Median/Mean: 4.0 / 3.784 | Fail: 0.893%\n"}
,{"stream_name":"stdout","time":77.703731987,"data":"[Game 570] Range: 2-8 | Median/Mean: 4.0 / 3.772 | Fail: 0.877%\n"}
,{"stream_name":"stdout","time":78.442551245,"data":"[Game 580] Range: 2-8 | Median/Mean: 4.0 / 3.760 | Fail: 0.862%\n"}
,{"stream_name":"stdout","time":79.606060472,"data":"[Game 590] Range: 2-8 | Median/Mean: 4.0 / 3.761 | Fail: 1.017%\n"}
,{"stream_name":"stdout","time":80.600021418,"data":"[Game 600] Range: 2-8 | Median/Mean: 4.0 / 3.758 | Fail: 1.000%\n"}
,{"stream_name":"stdout","time":81.813317008,"data":"[Game 610] Range: 2-8 | Median/Mean: 4.0 / 3.756 | Fail: 0.984%\n"}
,{"stream_name":"stdout","time":82.889885862,"data":"[Game 620] Range: 2-8 | Median/Mean: 4.0 / 3.753 | Fail: 0.968%\n"}
,{"stream_name":"stdout","time":84.034861981,"data":"[Game 630] Range: 2-8 | Median/Mean: 4.0 / 3.751 | Fail: 0.952%\n"}
,{"stream_name":"stdout","time":85.136724124,"data":"[Game 640] Range: 2-8 | Median/Mean: 4.0 / 3.748 | Fail: 0.938%\n"}
,{"stream_name":"stdout","time":86.363511597,"data":"[Game 650] Range: 2-8 | Median/Mean: 4.0 / 3.754 | Fail: 0.923%\n"}
,{"stream_name":"stdout","time":87.465430391,"data":"[Game 660] Range: 2-8 | Median/Mean: 4.0 / 3.752 | Fail: 0.909%\n"}
,{"stream_name":"stdout","time":88.579495309,"data":"[Game 670] Range: 2-8 | Median/Mean: 4.0 / 3.749 | Fail: 0.896%\n"}
,{"stream_name":"stdout","time":89.595959669,"data":"[Game 680] Range: 2-8 | Median/Mean: 4.0 / 3.746 | Fail: 0.882%\n"}
,{"stream_name":"stdout","time":90.581318699,"data":"[Game 690] Range: 2-8 | Median/Mean: 4.0 / 3.742 | Fail: 0.870%\n"}
,{"stream_name":"stdout","time":91.835124502,"data":"[Game 700] Range: 2-8 | Median/Mean: 4.0 / 3.749 | Fail: 0.857%\n"}
,{"stream_name":"stdout","time":92.902186209,"data":"[Game 710] Range: 2-8 | Median/Mean: 4.0 / 3.749 | Fail: 0.845%\n"}
,{"stream_name":"stdout","time":93.815794369,"data":"[Game 720] Range: 2-8 | Median/Mean: 4.0 / 3.747 | Fail: 0.833%\n"}
,{"stream_name":"stdout","time":94.974483176,"data":"[Game 730] Range: 2-8 | Median/Mean: 4.0 / 3.747 | Fail: 0.822%\n"}
,{"stream_name":"stdout","time":96.25116152,"data":"[Game 740] Range: 2-8 | Median/Mean: 4.0 / 3.754 | Fail: 0.946%\n"}
,{"stream_name":"stdout","time":97.498601776,"data":"[Game 750] Range: 2-8 | Median/Mean: 4.0 / 3.755 | Fail: 0.933%\n"}
,{"stream_name":"stdout","time":98.53205556099999,"data":"[Game 760] Range: 2-8 | Median/Mean: 4.0 / 3.753 | Fail: 0.921%\n"}
,{"stream_name":"stdout","time":99.627552847,"data":"[Game 770] Range: 2-8 | Median/Mean: 4.0 / 3.751 | Fail: 0.909%\n"}
,{"stream_name":"stdout","time":100.727071823,"data":"[Game 780] Range: 2-8 | Median/Mean: 4.0 / 3.753 | Fail: 0.897%\n"}
,{"stream_name":"stdout","time":102.03857358,"data":"[Game 790] Range: 2-8 | Median/Mean: 4.0 / 3.752 | Fail: 0.886%\n"}
,{"stream_name":"stdout","time":102.915793312,"data":"[Game 800] Range: 2-8 | Median/Mean: 4.0 / 3.749 | Fail: 0.875%\n"}
,{"stream_name":"stdout","time":104.013171351,"data":"[Game 810] Range: 2-8 | Median/Mean: 4.0 / 3.748 | Fail: 0.864%\n"}
,{"stream_name":"stdout","time":105.129615126,"data":"[Game 820] Range: 2-8 | Median/Mean: 4.0 / 3.750 | Fail: 0.976%\n"}
,{"stream_name":"stdout","time":106.176913647,"data":"[Game 830] Range: 2-8 | Median/Mean: 4.0 / 3.747 | Fail: 0.964%\n"}
,{"stream_name":"stdout","time":107.24106263,"data":"[Game 840] Range: 2-8 | Median/Mean: 4.0 / 3.748 | Fail: 0.952%\n"}
,{"stream_name":"stdout","time":108.197357269,"data":"[Game 850] Range: 2-8 | Median/Mean: 4.0 / 3.746 | Fail: 0.941%\n"}
,{"stream_name":"stdout","time":109.190024274,"data":"[Game 860] Range: 2-8 | Median/Mean: 4.0 / 3.745 | Fail: 0.930%\n"}
,{"stream_name":"stdout","time":110.240877179,"data":"[Game 870] Range: 2-8 | Median/Mean: 4.0 / 3.745 | Fail: 0.920%\n"}
,{"stream_name":"stdout","time":111.34156097,"data":"[Game 880] Range: 2-8 | Median/Mean: 4.0 / 3.744 | Fail: 0.909%\n"}
,{"stream_name":"stdout","time":112.502790848,"data":"[Game 890] Range: 2-8 | Median/Mean: 4.0 / 3.742 | Fail: 0.899%\n"}
,{"stream_name":"stdout","time":113.50363621,"data":"[Game 900] Range: 2-8 | Median/Mean: 4.0 / 3.741 | Fail: 0.889%\n"}
,{"stream_name":"stdout","time":114.507820953,"data":"[Game 910] Range: 2-8 | Median/Mean: 4.0 / 3.742 | Fail: 0.989%\n"}
,{"stream_name":"stdout","time":115.951714306,"data":"[Game 920] Range: 2-8 | Median/Mean: 4.0 / 3.746 | Fail: 1.087%\n"}
,{"stream_name":"stdout","time":116.992186718,"data":"[Game 930] Range: 2-8 | Median/Mean: 4.0 / 3.748 | Fail: 1.075%\n"}
,{"stream_name":"stdout","time":118.441361313,"data":"[Game 940] Range: 2-8 | Median/Mean: 4.0 / 3.754 | Fail: 1.170%\n"}
,{"stream_name":"stdout","time":119.513261332,"data":"[Game 950] Range: 2-8 | Median/Mean: 4.0 / 3.756 | Fail: 1.158%\n"}
,{"stream_name":"stdout","time":120.723872375,"data":"[Game 960] Range: 2-8 | Median/Mean: 4.0 / 3.757 | Fail: 1.146%\n"}
,{"stream_name":"stdout","time":121.69390925,"data":"[Game 970] Range: 2-8 | Median/Mean: 4.0 / 3.755 | Fail: 1.134%\n"}
,{"stream_name":"stdout","time":122.71964522,"data":"[Game 980] Range: 2-8 | Median/Mean: 4.0 / 3.754 | Fail: 1.122%\n"}
,{"stream_name":"stdout","time":123.913288903,"data":"[Game 990] Range: 2-8 | Median/Mean: 4.0 / 3.751 | Fail: 1.111%\n"}
,{"stream_name":"stdout","time":125.025536959,"data":"[Game 1000] Range: 2-8 | Median/Mean: 4.0 / 3.749 | Fail: 1.100%\n"}
,{"stream_name":"stdout","time":126.066673358,"data":"[Game 1010] Range: 2-8 | Median/Mean: 4.0 / 3.745 | Fail: 1.089%\n"}
,{"stream_name":"stdout","time":127.120380277,"data":"[Game 1020] Range: 2-8 | Median/Mean: 4.0 / 3.745 | Fail: 1.078%\n"}
,{"stream_name":"stdout","time":127.985647847,"data":"[Game 1030] Range: 2-8 | Median/Mean: 4.0 / 3.741 | Fail: 1.068%\n"}
,{"stream_name":"stdout","time":129.043872101,"data":"[Game 1040] Range: 2-8 | Median/Mean: 4.0 / 3.737 | Fail: 1.058%\n"}
,{"stream_name":"stdout","time":129.99166829,"data":"[Game 1050] Range: 2-8 | Median/Mean: 4.0 / 3.733 | Fail: 1.048%\n"}
,{"stream_name":"stdout","time":131.172699496,"data":"[Game 1060] Range: 2-8 | Median/Mean: 4.0 / 3.734 | Fail: 1.038%\n"}
,{"stream_name":"stdout","time":132.218463201,"data":"[Game 1070] Range: 2-8 | Median/Mean: 4.0 / 3.733 | Fail: 1.121%\n"}
,{"stream_name":"stdout","time":133.309445941,"data":"[Game 1080] Range: 2-8 | Median/Mean: 4.0 / 3.730 | Fail: 1.111%\n"}
,{"stream_name":"stdout","time":134.570036782,"data":"[Game 1090] Range: 2-8 | Median/Mean: 4.0 / 3.731 | Fail: 1.101%\n"}
,{"stream_name":"stdout","time":135.594959576,"data":"[Game 1100] Range: 2-8 | Median/Mean: 4.0 / 3.728 | Fail: 1.091%\n"}
,{"stream_name":"stdout","time":136.777865966,"data":"[Game 1110] Range: 2-8 | Median/Mean: 4.0 / 3.729 | Fail: 1.081%\n"}
,{"stream_name":"stdout","time":137.731494652,"data":"[Game 1120] Range: 2-8 | Median/Mean: 4.0 / 3.726 | Fail: 1.071%\n"}
,{"stream_name":"stdout","time":138.586572651,"data":"[Game 1130] Range: 2-8 | Median/Mean: 4.0 / 3.723 | Fail: 1.062%\n"}
,{"stream_name":"stdout","time":139.720803578,"data":"[Game 1140] Range: 2-8 | Median/Mean: 4.0 / 3.725 | Fail: 1.140%\n"}
,{"stream_name":"stdout","time":140.699678735,"data":"[Game 1150] Range: 2-8 | Median/Mean: 4.0 / 3.723 | Fail: 1.130%\n"}
,{"stream_name":"stdout","time":141.7808267,"data":"[Game 1160] Range: 2-8 | Median/Mean: 4.0 / 3.724 | Fail: 1.121%\n"}
,{"stream_name":"stdout","time":142.79728727,"data":"[Game 1170] Range: 2-8 | Median/Mean: 4.0 / 3.723 | Fail: 1.111%\n"}
,{"stream_name":"stdout","time":143.838969955,"data":"[Game 1180] Range: 2-8 | Median/Mean: 4.0 / 3.723 | Fail: 1.102%\n"}
,{"stream_name":"stdout","time":144.912047638,"data":"[Game 1190] Range: 2-8 | Median/Mean: 4.0 / 3.724 | Fail: 1.092%\n"}
,{"stream_name":"stdout","time":145.952869165,"data":"[Game 1200] Range: 2-8 | Median/Mean: 4.0 / 3.722 | Fail: 1.083%\n"}
,{"stream_name":"stdout","time":146.936404628,"data":"[Game 1210] Range: 2-8 | Median/Mean: 4.0 / 3.717 | Fail: 1.074%\n"}
,{"stream_name":"stdout","time":148.090922455,"data":"[Game 1220] Range: 2-8 | Median/Mean: 4.0 / 3.717 | Fail: 1.066%\n"}
,{"stream_name":"stdout","time":149.578650543,"data":"[Game 1230] Range: 2-8 | Median/Mean: 4.0 / 3.724 | Fail: 1.057%\n"}
,{"stream_name":"stdout","time":150.810464685,"data":"[Game 1240] Range: 2-8 | Median/Mean: 4.0 / 3.723 | Fail: 1.048%\n"}
,{"stream_name":"stdout","time":152.148984476,"data":"[Game 1250] Range: 2-8 | Median/Mean: 4.0 / 3.726 | Fail: 1.040%\n"}
,{"stream_name":"stdout","time":153.352506101,"data":"[Game 1260] Range: 2-8 | Median/Mean: 4.0 / 3.727 | Fail: 1.032%\n"}
,{"stream_name":"stdout","time":154.39805856,"data":"[Game 1270] Range: 2-8 | Median/Mean: 4.0 / 3.727 | Fail: 1.024%\n"}
,{"stream_name":"stdout","time":155.450077847,"data":"[Game 1280] Range: 2-8 | Median/Mean: 4.0 / 3.725 | Fail: 1.016%\n"}
,{"stream_name":"stdout","time":156.430768969,"data":"[Game 1290] Range: 2-8 | Median/Mean: 4.0 / 3.721 | Fail: 1.008%\n"}
,{"stream_name":"stdout","time":157.507645492,"data":"[Game 1300] Range: 2-8 | Median/Mean: 4.0 / 3.721 | Fail: 1.000%\n"}
,{"stream_name":"stdout","time":158.55018958,"data":"[Game 1310] Range: 2-8 | Median/Mean: 4.0 / 3.720 | Fail: 0.992%\n"}
,{"stream_name":"stdout","time":159.661308613,"data":"[Game 1320] Range: 2-8 | Median/Mean: 4.0 / 3.720 | Fail: 0.985%\n"}
,{"stream_name":"stdout","time":160.948734124,"data":"[Game 1330] Range: 2-8 | Median/Mean: 4.0 / 3.722 | Fail: 1.053%\n"}
,{"stream_name":"stdout","time":162.013739695,"data":"[Game 1340] Range: 2-8 | Median/Mean: 4.0 / 3.722 | Fail: 1.045%\n"}
,{"stream_name":"stdout","time":163.159894837,"data":"[Game 1350] Range: 2-8 | Median/Mean: 4.0 / 3.721 | Fail: 1.037%\n"}
,{"stream_name":"stdout","time":164.364976892,"data":"[Game 1360] Range: 2-8 | Median/Mean: 4.0 / 3.724 | Fail: 1.029%\n"}
,{"stream_name":"stdout","time":165.840039295,"data":"[Game 1370] Range: 2-8 | Median/Mean: 4.0 / 3.726 | Fail: 1.022%\n"}
,{"stream_name":"stdout","time":166.866527424,"data":"[Game 1380] Range: 2-8 | Median/Mean: 4.0 / 3.725 | Fail: 1.014%\n"}
,{"stream_name":"stdout","time":167.873799593,"data":"[Game 1390] Range: 2-8 | Median/Mean: 4.0 / 3.724 | Fail: 1.007%\n"}
,{"stream_name":"stdout","time":168.916310895,"data":"[Game 1400] Range: 2-8 | Median/Mean: 4.0 / 3.724 | Fail: 1.000%\n"}
,{"stream_name":"stdout","time":169.972511034,"data":"[Game 1410] Range: 2-8 | Median/Mean: 4.0 / 3.726 | Fail: 0.993%\n"}
,{"stream_name":"stdout","time":171.153777221,"data":"[Game 1420] Range: 2-8 | Median/Mean: 4.0 / 3.726 | Fail: 0.986%\n"}
,{"stream_name":"stdout","time":172.103809935,"data":"[Game 1430] Range: 2-8 | Median/Mean: 4.0 / 3.726 | Fail: 0.979%\n"}
,{"stream_name":"stdout","time":173.267060108,"data":"[Game 1440] Range: 2-8 | Median/Mean: 4.0 / 3.728 | Fail: 1.042%\n"}
,{"stream_name":"stdout","time":174.561185942,"data":"[Game 1450] Range: 2-8 | Median/Mean: 4.0 / 3.730 | Fail: 1.034%\n"}
,{"stream_name":"stdout","time":175.51076729,"data":"[Game 1460] Range: 2-8 | Median/Mean: 4.0 / 3.730 | Fail: 1.027%\n"}
,{"stream_name":"stdout","time":176.583857577,"data":"[Game 1470] Range: 2-8 | Median/Mean: 4.0 / 3.731 | Fail: 1.020%\n"}
,{"stream_name":"stdout","time":177.753906065,"data":"[Game 1480] Range: 2-8 | Median/Mean: 4.0 / 3.732 | Fail: 1.014%\n"}
,{"stream_name":"stdout","time":178.84642041,"data":"[Game 1490] Range: 2-8 | Median/Mean: 4.0 / 3.733 | Fail: 1.007%\n"}
,{"stream_name":"stdout","time":179.80271026,"data":"[Game 1500] Range: 2-8 | Median/Mean: 4.0 / 3.731 | Fail: 1.000%\n"}
,{"stream_name":"stdout","time":181.14277053,"data":"[Game 1510] Range: 2-8 | Median/Mean: 4.0 / 3.732 | Fail: 0.993%\n"}
,{"stream_name":"stdout","time":182.180829929,"data":"[Game 1520] Range: 2-8 | Median/Mean: 4.0 / 3.733 | Fail: 0.987%\n"}
,{"stream_name":"stdout","time":183.411323504,"data":"[Game 1530] Range: 2-8 | Median/Mean: 4.0 / 3.733 | Fail: 0.980%\n"}
,{"stream_name":"stdout","time":184.60574836,"data":"[Game 1540] Range: 2-8 | Median/Mean: 4.0 / 3.735 | Fail: 0.974%\n"}
,{"stream_name":"stdout","time":185.573011989,"data":"[Game 1550] Range: 2-8 | Median/Mean: 4.0 / 3.734 | Fail: 0.968%\n"}
,{"stream_name":"stdout","time":186.571450753,"data":"[Game 1560] Range: 2-8 | Median/Mean: 4.0 / 3.731 | Fail: 0.962%\n"}
,{"stream_name":"stdout","time":187.706060806,"data":"[Game 1570] Range: 2-8 | Median/Mean: 4.0 / 3.733 | Fail: 1.019%\n"}
,{"stream_name":"stdout","time":188.86000709,"data":"[Game 1580] Range: 2-8 | Median/Mean: 4.0 / 3.732 | Fail: 1.013%\n"}
,{"stream_name":"stdout","time":189.901478197,"data":"[Game 1590] Range: 2-8 | Median/Mean: 4.0 / 3.730 | Fail: 1.006%\n"}
,{"stream_name":"stdout","time":190.875676929,"data":"[Game 1600] Range: 2-8 | Median/Mean: 4.0 / 3.729 | Fail: 1.000%\n"}
,{"stream_name":"stdout","time":192.066086135,"data":"[Game 1610] Range: 2-8 | Median/Mean: 4.0 / 3.730 | Fail: 0.994%\n"}
,{"stream_name":"stdout","time":193.205256618,"data":"[Game 1620] Range: 2-8 | Median/Mean: 4.0 / 3.731 | Fail: 0.988%\n"}
,{"stream_name":"stdout","time":194.382212307,"data":"[Game 1630] Range: 2-8 | Median/Mean: 4.0 / 3.731 | Fail: 1.043%\n"}
,{"stream_name":"stdout","time":195.449650208,"data":"[Game 1640] Range: 2-8 | Median/Mean: 4.0 / 3.731 | Fail: 1.037%\n"}
,{"stream_name":"stdout","time":196.715909804,"data":"[Game 1650] Range: 2-8 | Median/Mean: 4.0 / 3.733 | Fail: 1.091%\n"}
,{"stream_name":"stdout","time":197.91492353,"data":"[Game 1660] Range: 2-8 | Median/Mean: 4.0 / 3.734 | Fail: 1.084%\n"}
,{"stream_name":"stdout","time":199.012052393,"data":"[Game 1670] Range: 1-8 | Median/Mean: 4.0 / 3.734 | Fail: 1.078%\n"}
,{"stream_name":"stdout","time":200.135965811,"data":"[Game 1680] Range: 1-8 | Median/Mean: 4.0 / 3.733 | Fail: 1.071%\n"}
,{"stream_name":"stdout","time":201.393706839,"data":"[Game 1690] Range: 1-8 | Median/Mean: 4.0 / 3.734 | Fail: 1.065%\n"}
,{"stream_name":"stdout","time":202.483017465,"data":"[Game 1700] Range: 1-8 | Median/Mean: 4.0 / 3.733 | Fail: 1.059%\n"}
,{"stream_name":"stdout","time":203.556272354,"data":"[Game 1710] Range: 1-8 | Median/Mean: 4.0 / 3.733 | Fail: 1.053%\n"}
,{"stream_name":"stdout","time":204.512357351,"data":"[Game 1720] Range: 1-8 | Median/Mean: 4.0 / 3.733 | Fail: 1.047%\n"}
,{"stream_name":"stdout","time":205.617112933,"data":"[Game 1730] Range: 1-8 | Median/Mean: 4.0 / 3.731 | Fail: 1.040%\n"}
,{"stream_name":"stdout","time":206.917063571,"data":"[Game 1740] Range: 1-8 | Median/Mean: 4.0 / 3.733 | Fail: 1.034%\n"}
,{"stream_name":"stdout","time":208.068286334,"data":"[Game 1750] Range: 1-8 | Median/Mean: 4.0 / 3.732 | Fail: 1.029%\n"}
,{"stream_name":"stdout","time":209.137563142,"data":"[Game 1760] Range: 1-8 | Median/Mean: 4.0 / 3.733 | Fail: 1.023%\n"}
,{"stream_name":"stdout","time":210.193899176,"data":"[Game 1770] Range: 1-8 | Median/Mean: 4.0 / 3.733 | Fail: 1.017%\n"}
,{"stream_name":"stdout","time":211.319151265,"data":"[Game 1780] Range: 1-8 | Median/Mean: 4.0 / 3.733 | Fail: 1.011%\n"}
,{"stream_name":"stdout","time":212.245047733,"data":"[Game 1790] Range: 1-8 | Median/Mean: 4.0 / 3.731 | Fail: 1.006%\n"}
,{"stream_name":"stdout","time":213.33010121,"data":"[Game 1800] Range: 1-8 | Median/Mean: 4.0 / 3.731 | Fail: 1.000%\n"}
,{"stream_name":"stdout","time":214.468896043,"data":"[Game 1810] Range: 1-8 | Median/Mean: 4.0 / 3.732 | Fail: 0.994%\n"}
,{"stream_name":"stdout","time":215.539885696,"data":"[Game 1820] Range: 1-8 | Median/Mean: 4.0 / 3.732 | Fail: 0.989%\n"}
,{"stream_name":"stdout","time":216.368424486,"data":"[Game 1830] Range: 1-8 | Median/Mean: 4.0 / 3.731 | Fail: 0.984%\n"}
,{"stream_name":"stdout","time":217.532574869,"data":"[Game 1840] Range: 1-8 | Median/Mean: 4.0 / 3.730 | Fail: 0.978%\n"}
,{"stream_name":"stdout","time":218.762554563,"data":"[Game 1850] Range: 1-8 | Median/Mean: 4.0 / 3.730 | Fail: 0.973%\n"}
,{"stream_name":"stdout","time":219.731249684,"data":"[Game 1860] Range: 1-8 | Median/Mean: 4.0 / 3.728 | Fail: 0.968%\n"}
,{"stream_name":"stdout","time":220.644495271,"data":"[Game 1870] Range: 1-8 | Median/Mean: 4.0 / 3.726 | Fail: 0.963%\n"}
,{"stream_name":"stdout","time":221.816279818,"data":"[Game 1880] Range: 1-8 | Median/Mean: 4.0 / 3.727 | Fail: 0.957%\n"}
,{"stream_name":"stdout","time":223.024455761,"data":"[Game 1890] Range: 1-8 | Median/Mean: 4.0 / 3.728 | Fail: 0.952%\n"}
,{"stream_name":"stdout","time":224.257801451,"data":"[Game 1900] Range: 1-8 | Median/Mean: 4.0 / 3.729 | Fail: 0.947%\n"}
,{"stream_name":"stdout","time":225.446061175,"data":"[Game 1910] Range: 1-8 | Median/Mean: 4.0 / 3.730 | Fail: 0.942%\n"}
,{"stream_name":"stdout","time":226.558204188,"data":"[Game 1920] Range: 1-8 | Median/Mean: 4.0 / 3.730 | Fail: 0.938%\n"}
,{"stream_name":"stdout","time":227.689619577,"data":"[Game 1930] Range: 1-8 | Median/Mean: 4.0 / 3.729 | Fail: 0.933%\n"}
,{"stream_name":"stdout","time":229.049765442,"data":"[Game 1940] Range: 1-8 | Median/Mean: 4.0 / 3.731 | Fail: 0.928%\n"}
,{"stream_name":"stdout","time":229.964313378,"data":"[Game 1950] Range: 1-8 | Median/Mean: 4.0 / 3.730 | Fail: 0.923%\n"}
,{"stream_name":"stdout","time":231.302927432,"data":"[Game 1960] Range: 1-8 | Median/Mean: 4.0 / 3.732 | Fail: 0.918%\n"}
,{"stream_name":"stdout","time":232.215665285,"data":"[Game 1970] Range: 1-8 | Median/Mean: 4.0 / 3.731 | Fail: 0.914%\n"}
,{"stream_name":"stdout","time":233.665138596,"data":"[Game 1980] Range: 1-8 | Median/Mean: 4.0 / 3.734 | Fail: 0.909%\n"}
,{"stream_name":"stdout","time":234.652512465,"data":"[Game 1990] Range: 1-8 | Median/Mean: 4.0 / 3.732 | Fail: 0.905%\n"}
,{"stream_name":"stdout","time":235.758440764,"data":"[Game 2000] Range: 1-8 | Median/Mean: 4.0 / 3.732 | Fail: 0.950%\n"}
,{"stream_name":"stdout","time":237.049694744,"data":"[Game 2010] Range: 1-8 | Median/Mean: 4.0 / 3.733 | Fail: 0.945%\n"}
,{"stream_name":"stdout","time":238.194928884,"data":"[Game 2020] Range: 1-8 | Median/Mean: 4.0 / 3.735 | Fail: 0.941%\n"}
,{"stream_name":"stdout","time":239.194227729,"data":"[Game 2030] Range: 1-8 | Median/Mean: 4.0 / 3.734 | Fail: 0.936%\n"}
,{"stream_name":"stdout","time":240.314661751,"data":"[Game 2040] Range: 1-8 | Median/Mean: 4.0 / 3.736 | Fail: 0.931%\n"}
,{"stream_name":"stdout","time":241.540857965,"data":"[Game 2050] Range: 1-8 | Median/Mean: 4.0 / 3.737 | Fail: 0.927%\n"}
,{"stream_name":"stdout","time":242.727614192,"data":"[Game 2060] Range: 1-8 | Median/Mean: 4.0 / 3.736 | Fail: 0.922%\n"}
,{"stream_name":"stdout","time":244.086812465,"data":"[Game 2070] Range: 1-8 | Median/Mean: 4.0 / 3.739 | Fail: 0.966%\n"}
,{"stream_name":"stdout","time":245.379875754,"data":"[Game 2080] Range: 1-8 | Median/Mean: 4.0 / 3.741 | Fail: 0.962%\n"}
,{"stream_name":"stdout","time":246.369846453,"data":"[Game 2090] Range: 1-8 | Median/Mean: 4.0 / 3.740 | Fail: 0.957%\n"}
,{"stream_name":"stdout","time":247.464063335,"data":"[Game 2100] Range: 1-8 | Median/Mean: 4.0 / 3.740 | Fail: 0.952%\n"}
,{"stream_name":"stdout","time":248.566828019,"data":"[Game 2110] Range: 1-8 | Median/Mean: 4.0 / 3.739 | Fail: 0.948%\n"}
,{"stream_name":"stdout","time":249.789687495,"data":"[Game 2120] Range: 1-8 | Median/Mean: 4.0 / 3.742 | Fail: 0.943%\n"}
,{"stream_name":"stdout","time":251.250249856,"data":"[Game 2130] Range: 1-8 | Median/Mean: 4.0 / 3.745 | Fail: 0.986%\n"}
,{"stream_name":"stdout","time":252.489646516,"data":"[Game 2140] Range: 1-8 | Median/Mean: 4.0 / 3.747 | Fail: 0.981%\n"}
,{"stream_name":"stdout","time":253.612318017,"data":"[Game 2150] Range: 1-8 | Median/Mean: 4.0 / 3.747 | Fail: 0.977%\n"}
,{"stream_name":"stdout","time":254.641730276,"data":"[Game 2160] Range: 1-8 | Median/Mean: 4.0 / 3.745 | Fail: 0.972%\n"}
,{"stream_name":"stdout","time":256.316174947,"data":"[Game 2170] Range: 1-8 | Median/Mean: 4.0 / 3.749 | Fail: 1.014%\n"}
,{"stream_name":"stdout","time":257.36519451,"data":"[Game 2180] Range: 1-8 | Median/Mean: 4.0 / 3.749 | Fail: 1.009%\n"}
,{"stream_name":"stdout","time":258.525560653,"data":"[Game 2190] Range: 1-8 | Median/Mean: 4.0 / 3.749 | Fail: 1.005%\n"}
,{"stream_name":"stdout","time":259.510197454,"data":"[Game 2200] Range: 1-8 | Median/Mean: 4.0 / 3.750 | Fail: 1.000%\n"}
,{"stream_name":"stdout","time":260.676672785,"data":"[Game 2210] Range: 1-8 | Median/Mean: 4.0 / 3.750 | Fail: 0.995%\n"}
,{"stream_name":"stdout","time":261.703194818,"data":"[Game 2220] Range: 1-8 | Median/Mean: 4.0 / 3.750 | Fail: 0.991%\n"}
,{"stream_name":"stdout","time":262.842702286,"data":"[Game 2230] Range: 1-8 | Median/Mean: 4.0 / 3.750 | Fail: 0.987%\n"}
,{"stream_name":"stdout","time":264.084533053,"data":"[Game 2240] Range: 1-8 | Median/Mean: 4.0 / 3.751 | Fail: 1.027%\n"}
,{"stream_name":"stdout","time":265.007971104,"data":"[Game 2250] Range: 1-8 | Median/Mean: 4.0 / 3.750 | Fail: 1.022%\n"}
,{"stream_name":"stdout","time":266.528208117,"data":"[Game 2260] Range: 1-9 | Median/Mean: 4.0 / 3.754 | Fail: 1.106%\n"}
,{"stream_name":"stdout","time":267.709508966,"data":"[Game 2270] Range: 1-9 | Median/Mean: 4.0 / 3.755 | Fail: 1.101%\n"}
,{"stream_name":"stdout","time":268.931496328,"data":"[Game 2280] Range: 1-9 | Median/Mean: 4.0 / 3.756 | Fail: 1.096%\n"}
,{"stream_name":"stdout","time":270.094493456,"data":"[Game 2290] Range: 1-9 | Median/Mean: 4.0 / 3.757 | Fail: 1.135%\n"}
,{"stream_name":"stdout","time":271.099476421,"data":"[Game 2300] Range: 1-9 | Median/Mean: 4.0 / 3.756 | Fail: 1.130%\n"}
,{"stream_name":"stdout","time":271.921322882,"data":"[Game 2310] Range: 1-9 | Median/Mean: 4.0 / 3.754 | Fail: 1.126%\n"}
,{"stream_name":"stdout","time":272.683890533,"data":"Summary:\n"}
,{"stream_name":"stdout","time":272.694229956,"data":"Distribution across steps:\n"}
,{"stream_name":"stdout","time":272.704330796,"data":"Key Metrics:\n"}
,{"stream_name":"stderr","time":276.061586081,"data":"/opt/conda/lib/python3.7/site-packages/traitlets/traitlets.py:2567: FutureWarning: --Exporter.preprocessors=[\"remove_papermill_header.RemovePapermillHeader\"] for containers is deprecated in traitlets 5.0. You can pass `--Exporter.preprocessors item` ... multiple times to add items to a list.\n"}
,{"stream_name":"stderr","time":276.061668676,"data":"  FutureWarning,\n"}
,{"stream_name":"stderr","time":276.061745962,"data":"[NbConvertApp] Converting notebook __notebook__.ipynb to notebook\n"}
,{"stream_name":"stderr","time":276.46286735,"data":"[NbConvertApp] Writing 33028 bytes to __notebook__.ipynb\n"}
,{"stream_name":"stderr","time":278.831628128,"data":"/opt/conda/lib/python3.7/site-packages/traitlets/traitlets.py:2567: FutureWarning: --Exporter.preprocessors=[\"nbconvert.preprocessors.ExtractOutputPreprocessor\"] for containers is deprecated in traitlets 5.0. You can pass `--Exporter.preprocessors item` ... multiple times to add items to a list.\n"}
,{"stream_name":"stderr","time":278.831730415,"data":"  FutureWarning,\n"}
,{"stream_name":"stderr","time":278.831759428,"data":"[NbConvertApp] Converting notebook __notebook__.ipynb to html\n"}
,{"stream_name":"stderr","time":279.409334699,"data":"[NbConvertApp] Writing 308356 bytes to __results__.html\n"}
]