[{"stream_name":"stderr","time":13.750914035,"data":"/opt/conda/lib/python3.7/site-packages/papermill/iorw.py:50: FutureWarning: pyarrow.HadoopFileSystem is deprecated as of 2.0.0, please use pyarrow.fs.HadoopFileSystem instead.\n"}
,{"stream_name":"stderr","time":13.751003543,"data":"  from pyarrow import HadoopFileSystem\n"}
,{"stream_name":"stdout","time":15.621822718,"data":"[ ---------- RALES ----------]\n"}
,{"stream_name":"stdout","time":17.688337075,"data":"[Game 10] Range: 3-6 | Median/Mean: 4.5 / 4.600 | Fail: 0.000%\n"}
,{"stream_name":"stdout","time":19.209367092,"data":"[Game 20] Range: 3-6 | Median/Mean: 4.0 / 4.200 | Fail: 0.000%\n"}
,{"stream_name":"stdout","time":20.591206379,"data":"[Game 30] Range: 3-6 | Median/Mean: 4.0 / 3.967 | Fail: 0.000%\n"}
,{"stream_name":"stdout","time":22.251990351,"data":"[Game 40] Range: 3-6 | Median/Mean: 4.0 / 3.950 | Fail: 0.000%\n"}
,{"stream_name":"stdout","time":24.383743506,"data":"[Game 50] Range: 3-7 | Median/Mean: 4.0 / 4.020 | Fail: 2.000%\n"}
,{"stream_name":"stdout","time":25.986679285,"data":"[Game 60] Range: 3-7 | Median/Mean: 4.0 / 3.967 | Fail: 1.667%\n"}
,{"stream_name":"stdout","time":27.760912155,"data":"[Game 70] Range: 3-7 | Median/Mean: 4.0 / 4.000 | Fail: 1.429%\n"}
,{"stream_name":"stdout","time":28.731950086,"data":"[Game 80] Range: 2-7 | Median/Mean: 4.0 / 3.900 | Fail: 1.250%\n"}
,{"stream_name":"stdout","time":30.530296874,"data":"[Game 90] Range: 2-9 | Median/Mean: 4.0 / 3.922 | Fail: 2.222%\n"}
,{"stream_name":"stdout","time":31.608394051,"data":"[Game 100] Range: 2-9 | Median/Mean: 4.0 / 3.860 | Fail: 2.000%\n"}
,{"stream_name":"stdout","time":33.289425373,"data":"[Game 110] Range: 2-9 | Median/Mean: 4.0 / 3.855 | Fail: 1.818%\n"}
,{"stream_name":"stdout","time":35.120529763,"data":"[Game 120] Range: 2-9 | Median/Mean: 4.0 / 3.867 | Fail: 1.667%\n"}
,{"stream_name":"stdout","time":36.902288203,"data":"[Game 130] Range: 2-9 | Median/Mean: 4.0 / 3.869 | Fail: 2.308%\n"}
,{"stream_name":"stdout","time":38.644263315,"data":"[Game 140] Range: 2-9 | Median/Mean: 4.0 / 3.900 | Fail: 2.143%\n"}
,{"stream_name":"stdout","time":40.210515531,"data":"[Game 150] Range: 2-9 | Median/Mean: 4.0 / 3.913 | Fail: 2.000%\n"}
,{"stream_name":"stdout","time":41.506548155,"data":"[Game 160] Range: 2-9 | Median/Mean: 4.0 / 3.888 | Fail: 1.875%\n"}
,{"stream_name":"stdout","time":43.112958641,"data":"[Game 170] Range: 2-9 | Median/Mean: 4.0 / 3.876 | Fail: 1.765%\n"}
,{"stream_name":"stdout","time":44.307718433,"data":"[Game 180] Range: 2-9 | Median/Mean: 4.0 / 3.856 | Fail: 1.667%\n"}
,{"stream_name":"stdout","time":46.141415418,"data":"[Game 190] Range: 2-9 | Median/Mean: 4.0 / 3.868 | Fail: 1.579%\n"}
,{"stream_name":"stdout","time":47.406488734,"data":"[Game 200] Range: 2-9 | Median/Mean: 4.0 / 3.850 | Fail: 1.500%\n"}
,{"stream_name":"stdout","time":48.879022604,"data":"[Game 210] Range: 2-9 | Median/Mean: 4.0 / 3.838 | Fail: 1.429%\n"}
,{"stream_name":"stdout","time":50.490662422,"data":"[Game 220] Range: 2-9 | Median/Mean: 4.0 / 3.841 | Fail: 1.364%\n"}
,{"stream_name":"stdout","time":52.146069286,"data":"[Game 230] Range: 2-9 | Median/Mean: 4.0 / 3.839 | Fail: 1.304%\n"}
,{"stream_name":"stdout","time":53.902981644,"data":"[Game 240] Range: 2-9 | Median/Mean: 4.0 / 3.842 | Fail: 1.250%\n"}
,{"stream_name":"stdout","time":55.798128641,"data":"[Game 250] Range: 2-9 | Median/Mean: 4.0 / 3.852 | Fail: 1.200%\n"}
,{"stream_name":"stdout","time":57.107560552,"data":"[Game 260] Range: 2-9 | Median/Mean: 4.0 / 3.846 | Fail: 1.154%\n"}
,{"stream_name":"stdout","time":58.53612027,"data":"[Game 270] Range: 2-9 | Median/Mean: 4.0 / 3.826 | Fail: 1.111%\n"}
,{"stream_name":"stdout","time":59.965240867,"data":"[Game 280] Range: 2-9 | Median/Mean: 4.0 / 3.807 | Fail: 1.071%\n"}
,{"stream_name":"stdout","time":61.611951856,"data":"[Game 290] Range: 2-9 | Median/Mean: 4.0 / 3.810 | Fail: 1.034%\n"}
,{"stream_name":"stdout","time":63.347923301,"data":"[Game 300] Range: 2-9 | Median/Mean: 4.0 / 3.813 | Fail: 1.000%\n"}
,{"stream_name":"stdout","time":64.85228771,"data":"[Game 310] Range: 2-9 | Median/Mean: 4.0 / 3.806 | Fail: 0.968%\n"}
,{"stream_name":"stdout","time":66.818009403,"data":"[Game 320] Range: 2-9 | Median/Mean: 4.0 / 3.816 | Fail: 1.250%\n"}
,{"stream_name":"stdout","time":68.487132347,"data":"[Game 330] Range: 2-9 | Median/Mean: 4.0 / 3.812 | Fail: 1.212%\n"}
,{"stream_name":"stdout","time":70.476593922,"data":"[Game 340] Range: 2-9 | Median/Mean: 4.0 / 3.826 | Fail: 1.176%\n"}
,{"stream_name":"stdout","time":71.846913479,"data":"[Game 350] Range: 2-9 | Median/Mean: 4.0 / 3.811 | Fail: 1.143%\n"}
,{"stream_name":"stdout","time":73.241385284,"data":"[Game 360] Range: 2-9 | Median/Mean: 4.0 / 3.808 | Fail: 1.111%\n"}
,{"stream_name":"stdout","time":74.828346033,"data":"[Game 370] Range: 2-9 | Median/Mean: 4.0 / 3.808 | Fail: 1.081%\n"}
,{"stream_name":"stdout","time":76.20864736,"data":"[Game 380] Range: 2-9 | Median/Mean: 4.0 / 3.803 | Fail: 1.053%\n"}
,{"stream_name":"stdout","time":77.802325797,"data":"[Game 390] Range: 2-9 | Median/Mean: 4.0 / 3.810 | Fail: 1.282%\n"}
,{"stream_name":"stdout","time":79.477932017,"data":"[Game 400] Range: 2-9 | Median/Mean: 4.0 / 3.817 | Fail: 1.250%\n"}
,{"stream_name":"stdout","time":81.345670776,"data":"[Game 410] Range: 2-9 | Median/Mean: 4.0 / 3.829 | Fail: 1.220%\n"}
,{"stream_name":"stdout","time":83.204059611,"data":"[Game 420] Range: 2-9 | Median/Mean: 4.0 / 3.843 | Fail: 1.190%\n"}
,{"stream_name":"stdout","time":84.62172812,"data":"[Game 430] Range: 2-9 | Median/Mean: 4.0 / 3.844 | Fail: 1.163%\n"}
,{"stream_name":"stdout","time":86.267395715,"data":"[Game 440] Range: 2-9 | Median/Mean: 4.0 / 3.850 | Fail: 1.364%\n"}
,{"stream_name":"stdout","time":87.631232624,"data":"[Game 450] Range: 2-9 | Median/Mean: 4.0 / 3.844 | Fail: 1.333%\n"}
,{"stream_name":"stdout","time":89.218693785,"data":"[Game 460] Range: 2-9 | Median/Mean: 4.0 / 3.843 | Fail: 1.304%\n"}
,{"stream_name":"stdout","time":90.699763523,"data":"[Game 470] Range: 2-9 | Median/Mean: 4.0 / 3.838 | Fail: 1.277%\n"}
,{"stream_name":"stdout","time":92.552365655,"data":"[Game 480] Range: 2-9 | Median/Mean: 4.0 / 3.848 | Fail: 1.250%\n"}
,{"stream_name":"stdout","time":94.054569827,"data":"[Game 490] Range: 2-9 | Median/Mean: 4.0 / 3.845 | Fail: 1.224%\n"}
,{"stream_name":"stdout","time":95.649514695,"data":"[Game 500] Range: 2-9 | Median/Mean: 4.0 / 3.838 | Fail: 1.200%\n"}
,{"stream_name":"stdout","time":97.047989652,"data":"[Game 510] Range: 2-9 | Median/Mean: 4.0 / 3.827 | Fail: 1.176%\n"}
,{"stream_name":"stdout","time":98.71663527,"data":"[Game 520] Range: 2-9 | Median/Mean: 4.0 / 3.831 | Fail: 1.346%\n"}
,{"stream_name":"stdout","time":100.037393901,"data":"[Game 530] Range: 2-9 | Median/Mean: 4.0 / 3.826 | Fail: 1.321%\n"}
,{"stream_name":"stdout","time":101.700250912,"data":"[Game 540] Range: 2-9 | Median/Mean: 4.0 / 3.826 | Fail: 1.296%\n"}
,{"stream_name":"stdout","time":103.473376659,"data":"[Game 550] Range: 2-9 | Median/Mean: 4.0 / 3.829 | Fail: 1.273%\n"}
,{"stream_name":"stdout","time":105.329390097,"data":"[Game 560] Range: 2-9 | Median/Mean: 4.0 / 3.836 | Fail: 1.250%\n"}
,{"stream_name":"stdout","time":106.90568705,"data":"[Game 570] Range: 2-9 | Median/Mean: 4.0 / 3.835 | Fail: 1.228%\n"}
,{"stream_name":"stdout","time":108.100620304,"data":"[Game 580] Range: 2-9 | Median/Mean: 4.0 / 3.826 | Fail: 1.207%\n"}
,{"stream_name":"stdout","time":110.039102132,"data":"[Game 590] Range: 2-9 | Median/Mean: 4.0 / 3.831 | Fail: 1.186%\n"}
,{"stream_name":"stdout","time":111.563816869,"data":"[Game 600] Range: 2-9 | Median/Mean: 4.0 / 3.828 | Fail: 1.167%\n"}
,{"stream_name":"stdout","time":113.52755339,"data":"[Game 610] Range: 2-9 | Median/Mean: 4.0 / 3.826 | Fail: 1.148%\n"}
,{"stream_name":"stdout","time":114.937142124,"data":"[Game 620] Range: 2-9 | Median/Mean: 4.0 / 3.824 | Fail: 1.129%\n"}
,{"stream_name":"stdout","time":116.500892413,"data":"[Game 630] Range: 2-9 | Median/Mean: 4.0 / 3.827 | Fail: 1.111%\n"}
,{"stream_name":"stdout","time":117.937763331,"data":"[Game 640] Range: 2-9 | Median/Mean: 4.0 / 3.825 | Fail: 1.094%\n"}
,{"stream_name":"stdout","time":119.242541362,"data":"[Game 650] Range: 2-9 | Median/Mean: 4.0 / 3.823 | Fail: 1.077%\n"}
,{"stream_name":"stdout","time":120.531773833,"data":"[Game 660] Range: 2-9 | Median/Mean: 4.0 / 3.823 | Fail: 1.061%\n"}
,{"stream_name":"stdout","time":121.645084942,"data":"[Game 670] Range: 2-9 | Median/Mean: 4.0 / 3.818 | Fail: 1.045%\n"}
,{"stream_name":"stdout","time":123.169282445,"data":"[Game 680] Range: 2-9 | Median/Mean: 4.0 / 3.819 | Fail: 1.176%\n"}
,{"stream_name":"stdout","time":124.722403963,"data":"[Game 690] Range: 2-9 | Median/Mean: 4.0 / 3.816 | Fail: 1.159%\n"}
,{"stream_name":"stdout","time":126.244552588,"data":"[Game 700] Range: 2-9 | Median/Mean: 4.0 / 3.817 | Fail: 1.143%\n"}
,{"stream_name":"stdout","time":128.123195463,"data":"[Game 710] Range: 2-9 | Median/Mean: 4.0 / 3.824 | Fail: 1.127%\n"}
,{"stream_name":"stdout","time":129.562369105,"data":"[Game 720] Range: 2-9 | Median/Mean: 4.0 / 3.825 | Fail: 1.111%\n"}
,{"stream_name":"stdout","time":131.516744329,"data":"[Game 730] Range: 2-9 | Median/Mean: 4.0 / 3.832 | Fail: 1.096%\n"}
,{"stream_name":"stdout","time":133.300850218,"data":"[Game 740] Range: 2-9 | Median/Mean: 4.0 / 3.836 | Fail: 1.081%\n"}
,{"stream_name":"stdout","time":134.871934983,"data":"[Game 750] Range: 2-9 | Median/Mean: 4.0 / 3.836 | Fail: 1.067%\n"}
,{"stream_name":"stdout","time":136.490270814,"data":"[Game 760] Range: 2-9 | Median/Mean: 4.0 / 3.837 | Fail: 1.184%\n"}
,{"stream_name":"stdout","time":137.953158479,"data":"[Game 770] Range: 2-9 | Median/Mean: 4.0 / 3.835 | Fail: 1.169%\n"}
,{"stream_name":"stdout","time":139.370146493,"data":"[Game 780] Range: 2-9 | Median/Mean: 4.0 / 3.832 | Fail: 1.154%\n"}
,{"stream_name":"stdout","time":140.897887897,"data":"[Game 790] Range: 2-9 | Median/Mean: 4.0 / 3.829 | Fail: 1.139%\n"}
,{"stream_name":"stdout","time":142.502053763,"data":"[Game 800] Range: 2-9 | Median/Mean: 4.0 / 3.831 | Fail: 1.125%\n"}
,{"stream_name":"stdout","time":144.081311544,"data":"[Game 810] Range: 2-9 | Median/Mean: 4.0 / 3.830 | Fail: 1.111%\n"}
,{"stream_name":"stdout","time":145.579730982,"data":"[Game 820] Range: 2-9 | Median/Mean: 4.0 / 3.829 | Fail: 1.098%\n"}
,{"stream_name":"stdout","time":147.179181085,"data":"[Game 830] Range: 2-9 | Median/Mean: 4.0 / 3.830 | Fail: 1.084%\n"}
,{"stream_name":"stdout","time":148.490372525,"data":"[Game 840] Range: 2-9 | Median/Mean: 4.0 / 3.825 | Fail: 1.071%\n"}
,{"stream_name":"stdout","time":150.002041679,"data":"[Game 850] Range: 2-9 | Median/Mean: 4.0 / 3.825 | Fail: 1.059%\n"}
,{"stream_name":"stdout","time":151.757642355,"data":"[Game 860] Range: 2-9 | Median/Mean: 4.0 / 3.829 | Fail: 1.047%\n"}
,{"stream_name":"stdout","time":153.49793366,"data":"[Game 870] Range: 2-9 | Median/Mean: 4.0 / 3.832 | Fail: 1.034%\n"}
,{"stream_name":"stdout","time":155.189934762,"data":"[Game 880] Range: 2-9 | Median/Mean: 4.0 / 3.834 | Fail: 1.023%\n"}
,{"stream_name":"stdout","time":156.849710615,"data":"[Game 890] Range: 2-9 | Median/Mean: 4.0 / 3.833 | Fail: 1.011%\n"}
,{"stream_name":"stdout","time":158.439116592,"data":"[Game 900] Range: 2-9 | Median/Mean: 4.0 / 3.829 | Fail: 1.000%\n"}
,{"stream_name":"stdout","time":160.047908954,"data":"[Game 910] Range: 2-9 | Median/Mean: 4.0 / 3.829 | Fail: 1.099%\n"}
,{"stream_name":"stdout","time":161.825482257,"data":"[Game 920] Range: 2-9 | Median/Mean: 4.0 / 3.833 | Fail: 1.087%\n"}
,{"stream_name":"stdout","time":163.526661485,"data":"[Game 930] Range: 2-9 | Median/Mean: 4.0 / 3.837 | Fail: 1.075%\n"}
,{"stream_name":"stdout","time":165.40469301,"data":"[Game 940] Range: 2-9 | Median/Mean: 4.0 / 3.840 | Fail: 1.064%\n"}
,{"stream_name":"stdout","time":167.017297661,"data":"[Game 950] Range: 2-9 | Median/Mean: 4.0 / 3.840 | Fail: 1.053%\n"}
,{"stream_name":"stdout","time":168.96172634,"data":"[Game 960] Range: 2-9 | Median/Mean: 4.0 / 3.843 | Fail: 1.042%\n"}
,{"stream_name":"stdout","time":170.567654114,"data":"[Game 970] Range: 2-9 | Median/Mean: 4.0 / 3.843 | Fail: 1.031%\n"}
,{"stream_name":"stdout","time":172.239878484,"data":"[Game 980] Range: 2-9 | Median/Mean: 4.0 / 3.844 | Fail: 1.020%\n"}
,{"stream_name":"stdout","time":173.943051155,"data":"[Game 990] Range: 2-9 | Median/Mean: 4.0 / 3.842 | Fail: 1.010%\n"}
,{"stream_name":"stdout","time":175.233295743,"data":"[Game 1000] Range: 2-9 | Median/Mean: 4.0 / 3.838 | Fail: 1.000%\n"}
,{"stream_name":"stdout","time":176.690349992,"data":"[Game 1010] Range: 2-9 | Median/Mean: 4.0 / 3.836 | Fail: 0.990%\n"}
,{"stream_name":"stdout","time":178.313842266,"data":"[Game 1020] Range: 2-9 | Median/Mean: 4.0 / 3.837 | Fail: 0.980%\n"}
,{"stream_name":"stdout","time":179.940643235,"data":"[Game 1030] Range: 2-9 | Median/Mean: 4.0 / 3.836 | Fail: 0.971%\n"}
,{"stream_name":"stdout","time":181.691750424,"data":"[Game 1040] Range: 2-9 | Median/Mean: 4.0 / 3.837 | Fail: 0.962%\n"}
,{"stream_name":"stdout","time":183.37735056,"data":"[Game 1050] Range: 2-9 | Median/Mean: 4.0 / 3.835 | Fail: 0.952%\n"}
,{"stream_name":"stdout","time":185.245379965,"data":"[Game 1060] Range: 2-9 | Median/Mean: 4.0 / 3.840 | Fail: 0.943%\n"}
,{"stream_name":"stdout","time":186.533409227,"data":"[Game 1070] Range: 2-9 | Median/Mean: 4.0 / 3.835 | Fail: 0.935%\n"}
,{"stream_name":"stdout","time":188.064915954,"data":"[Game 1080] Range: 2-9 | Median/Mean: 4.0 / 3.833 | Fail: 0.926%\n"}
,{"stream_name":"stdout","time":189.876630064,"data":"[Game 1090] Range: 2-9 | Median/Mean: 4.0 / 3.837 | Fail: 1.009%\n"}
,{"stream_name":"stdout","time":191.729519872,"data":"[Game 1100] Range: 2-9 | Median/Mean: 4.0 / 3.839 | Fail: 1.091%\n"}
,{"stream_name":"stdout","time":193.460875254,"data":"[Game 1110] Range: 2-9 | Median/Mean: 4.0 / 3.840 | Fail: 1.081%\n"}
,{"stream_name":"stdout","time":194.908064388,"data":"[Game 1120] Range: 2-9 | Median/Mean: 4.0 / 3.837 | Fail: 1.071%\n"}
,{"stream_name":"stdout","time":196.421579539,"data":"[Game 1130] Range: 2-9 | Median/Mean: 4.0 / 3.836 | Fail: 1.062%\n"}
,{"stream_name":"stdout","time":198.098023889,"data":"[Game 1140] Range: 2-9 | Median/Mean: 4.0 / 3.838 | Fail: 1.053%\n"}
,{"stream_name":"stdout","time":199.794094324,"data":"[Game 1150] Range: 2-9 | Median/Mean: 4.0 / 3.837 | Fail: 1.043%\n"}
,{"stream_name":"stdout","time":201.151431327,"data":"[Game 1160] Range: 2-9 | Median/Mean: 4.0 / 3.838 | Fail: 1.034%\n"}
,{"stream_name":"stdout","time":202.523598054,"data":"[Game 1170] Range: 2-9 | Median/Mean: 4.0 / 3.837 | Fail: 1.026%\n"}
,{"stream_name":"stdout","time":204.070223122,"data":"[Game 1180] Range: 2-9 | Median/Mean: 4.0 / 3.837 | Fail: 1.017%\n"}
,{"stream_name":"stdout","time":205.784956399,"data":"[Game 1190] Range: 2-9 | Median/Mean: 4.0 / 3.839 | Fail: 1.008%\n"}
,{"stream_name":"stdout","time":207.127409911,"data":"[Game 1200] Range: 2-9 | Median/Mean: 4.0 / 3.836 | Fail: 1.000%\n"}
,{"stream_name":"stdout","time":208.491093866,"data":"[Game 1210] Range: 2-9 | Median/Mean: 4.0 / 3.833 | Fail: 0.992%\n"}
,{"stream_name":"stdout","time":210.129876828,"data":"[Game 1220] Range: 2-9 | Median/Mean: 4.0 / 3.832 | Fail: 0.984%\n"}
,{"stream_name":"stdout","time":212.398814459,"data":"[Game 1230] Range: 2-9 | Median/Mean: 4.0 / 3.839 | Fail: 0.976%\n"}
,{"stream_name":"stdout","time":213.675844591,"data":"[Game 1240] Range: 2-9 | Median/Mean: 4.0 / 3.835 | Fail: 0.968%\n"}
,{"stream_name":"stdout","time":215.227367169,"data":"[Game 1250] Range: 2-9 | Median/Mean: 4.0 / 3.834 | Fail: 0.960%\n"}
,{"stream_name":"stdout","time":217.278882371,"data":"[Game 1260] Range: 2-9 | Median/Mean: 4.0 / 3.838 | Fail: 1.032%\n"}
,{"stream_name":"stdout","time":218.574166384,"data":"[Game 1270] Range: 2-9 | Median/Mean: 4.0 / 3.836 | Fail: 1.024%\n"}
,{"stream_name":"stdout","time":220.052781891,"data":"[Game 1280] Range: 2-9 | Median/Mean: 4.0 / 3.834 | Fail: 1.016%\n"}
,{"stream_name":"stdout","time":221.615619671,"data":"[Game 1290] Range: 2-9 | Median/Mean: 4.0 / 3.833 | Fail: 1.085%\n"}
,{"stream_name":"stdout","time":222.982652422,"data":"[Game 1300] Range: 2-9 | Median/Mean: 4.0 / 3.831 | Fail: 1.077%\n"}
,{"stream_name":"stdout","time":224.375539093,"data":"[Game 1310] Range: 2-9 | Median/Mean: 4.0 / 3.827 | Fail: 1.069%\n"}
,{"stream_name":"stdout","time":226.094606771,"data":"[Game 1320] Range: 2-9 | Median/Mean: 4.0 / 3.828 | Fail: 1.061%\n"}
,{"stream_name":"stdout","time":228.07672691,"data":"[Game 1330] Range: 2-9 | Median/Mean: 4.0 / 3.833 | Fail: 1.128%\n"}
,{"stream_name":"stdout","time":229.550730044,"data":"[Game 1340] Range: 2-9 | Median/Mean: 4.0 / 3.832 | Fail: 1.119%\n"}
,{"stream_name":"stdout","time":231.05369019,"data":"[Game 1350] Range: 2-9 | Median/Mean: 4.0 / 3.831 | Fail: 1.111%\n"}
,{"stream_name":"stdout","time":233.011845153,"data":"[Game 1360] Range: 2-9 | Median/Mean: 4.0 / 3.835 | Fail: 1.103%\n"}
,{"stream_name":"stdout","time":234.704180603,"data":"[Game 1370] Range: 2-9 | Median/Mean: 4.0 / 3.834 | Fail: 1.095%\n"}
,{"stream_name":"stdout","time":236.353610309,"data":"[Game 1380] Range: 2-9 | Median/Mean: 4.0 / 3.833 | Fail: 1.159%\n"}
,{"stream_name":"stdout","time":237.830374608,"data":"[Game 1390] Range: 2-9 | Median/Mean: 4.0 / 3.832 | Fail: 1.151%\n"}
,{"stream_name":"stdout","time":239.626763635,"data":"[Game 1400] Range: 2-9 | Median/Mean: 4.0 / 3.834 | Fail: 1.143%\n"}
,{"stream_name":"stdout","time":241.433684636,"data":"[Game 1410] Range: 2-9 | Median/Mean: 4.0 / 3.837 | Fail: 1.135%\n"}
,{"stream_name":"stdout","time":243.02582642,"data":"[Game 1420] Range: 2-9 | Median/Mean: 4.0 / 3.837 | Fail: 1.127%\n"}
,{"stream_name":"stdout","time":244.45797838,"data":"[Game 1430] Range: 2-9 | Median/Mean: 4.0 / 3.834 | Fail: 1.119%\n"}
,{"stream_name":"stdout","time":246.252320661,"data":"[Game 1440] Range: 2-9 | Median/Mean: 4.0 / 3.835 | Fail: 1.111%\n"}
,{"stream_name":"stdout","time":248.147303892,"data":"[Game 1450] Range: 2-9 | Median/Mean: 4.0 / 3.837 | Fail: 1.172%\n"}
,{"stream_name":"stdout","time":249.805261327,"data":"[Game 1460] Range: 2-9 | Median/Mean: 4.0 / 3.838 | Fail: 1.164%\n"}
,{"stream_name":"stdout","time":251.242044926,"data":"[Game 1470] Range: 2-9 | Median/Mean: 4.0 / 3.837 | Fail: 1.156%\n"}
,{"stream_name":"stdout","time":252.997625677,"data":"[Game 1480] Range: 2-9 | Median/Mean: 4.0 / 3.836 | Fail: 1.149%\n"}
,{"stream_name":"stdout","time":254.541504076,"data":"[Game 1490] Range: 2-9 | Median/Mean: 4.0 / 3.836 | Fail: 1.141%\n"}
,{"stream_name":"stdout","time":256.434973239,"data":"[Game 1500] Range: 2-9 | Median/Mean: 4.0 / 3.838 | Fail: 1.133%\n"}
,{"stream_name":"stdout","time":257.776182285,"data":"[Game 1510] Range: 2-9 | Median/Mean: 4.0 / 3.836 | Fail: 1.126%\n"}
,{"stream_name":"stdout","time":259.04639456,"data":"[Game 1520] Range: 2-9 | Median/Mean: 4.0 / 3.835 | Fail: 1.118%\n"}
,{"stream_name":"stdout","time":260.732742102,"data":"[Game 1530] Range: 2-9 | Median/Mean: 4.0 / 3.835 | Fail: 1.111%\n"}
,{"stream_name":"stdout","time":262.475796301,"data":"[Game 1540] Range: 2-9 | Median/Mean: 4.0 / 3.837 | Fail: 1.104%\n"}
,{"stream_name":"stdout","time":263.817366102,"data":"[Game 1550] Range: 2-9 | Median/Mean: 4.0 / 3.835 | Fail: 1.097%\n"}
,{"stream_name":"stdout","time":265.260742452,"data":"[Game 1560] Range: 2-9 | Median/Mean: 4.0 / 3.832 | Fail: 1.090%\n"}
,{"stream_name":"stdout","time":266.715074396,"data":"[Game 1570] Range: 2-9 | Median/Mean: 4.0 / 3.831 | Fail: 1.083%\n"}
,{"stream_name":"stdout","time":268.290038536,"data":"[Game 1580] Range: 2-9 | Median/Mean: 4.0 / 3.829 | Fail: 1.076%\n"}
,{"stream_name":"stdout","time":269.487608907,"data":"[Game 1590] Range: 2-9 | Median/Mean: 4.0 / 3.826 | Fail: 1.069%\n"}
,{"stream_name":"stdout","time":270.88182031,"data":"[Game 1600] Range: 2-9 | Median/Mean: 4.0 / 3.823 | Fail: 1.062%\n"}
,{"stream_name":"stdout","time":272.79731394,"data":"[Game 1610] Range: 2-9 | Median/Mean: 4.0 / 3.824 | Fail: 1.056%\n"}
,{"stream_name":"stdout","time":274.625639524,"data":"[Game 1620] Range: 2-9 | Median/Mean: 4.0 / 3.827 | Fail: 1.049%\n"}
,{"stream_name":"stdout","time":276.200417857,"data":"[Game 1630] Range: 2-9 | Median/Mean: 4.0 / 3.826 | Fail: 1.104%\n"}
,{"stream_name":"stdout","time":277.635464206,"data":"[Game 1640] Range: 2-9 | Median/Mean: 4.0 / 3.825 | Fail: 1.098%\n"}
,{"stream_name":"stdout","time":278.866686248,"data":"[Game 1650] Range: 2-9 | Median/Mean: 4.0 / 3.822 | Fail: 1.091%\n"}
,{"stream_name":"stdout","time":280.465428924,"data":"[Game 1660] Range: 2-9 | Median/Mean: 4.0 / 3.822 | Fail: 1.084%\n"}
,{"stream_name":"stdout","time":281.574522626,"data":"[Game 1670] Range: 2-9 | Median/Mean: 4.0 / 3.820 | Fail: 1.078%\n"}
,{"stream_name":"stdout","time":283.314846456,"data":"[Game 1680] Range: 2-9 | Median/Mean: 4.0 / 3.820 | Fail: 1.071%\n"}
,{"stream_name":"stdout","time":284.870823294,"data":"[Game 1690] Range: 2-9 | Median/Mean: 4.0 / 3.819 | Fail: 1.065%\n"}
,{"stream_name":"stdout","time":286.419181791,"data":"[Game 1700] Range: 2-9 | Median/Mean: 4.0 / 3.818 | Fail: 1.059%\n"}
,{"stream_name":"stdout","time":288.106870021,"data":"[Game 1710] Range: 2-9 | Median/Mean: 4.0 / 3.818 | Fail: 1.053%\n"}
,{"stream_name":"stdout","time":289.976076477,"data":"[Game 1720] Range: 2-9 | Median/Mean: 4.0 / 3.820 | Fail: 1.047%\n"}
,{"stream_name":"stdout","time":291.923463219,"data":"[Game 1730] Range: 2-9 | Median/Mean: 4.0 / 3.821 | Fail: 1.040%\n"}
,{"stream_name":"stdout","time":293.740861365,"data":"[Game 1740] Range: 2-9 | Median/Mean: 4.0 / 3.822 | Fail: 1.034%\n"}
,{"stream_name":"stdout","time":295.248489182,"data":"[Game 1750] Range: 2-9 | Median/Mean: 4.0 / 3.820 | Fail: 1.029%\n"}
,{"stream_name":"stdout","time":296.827030111,"data":"[Game 1760] Range: 2-9 | Median/Mean: 4.0 / 3.820 | Fail: 1.023%\n"}
,{"stream_name":"stdout","time":298.619689646,"data":"[Game 1770] Range: 2-9 | Median/Mean: 4.0 / 3.822 | Fail: 1.017%\n"}
,{"stream_name":"stdout","time":300.241053391,"data":"[Game 1780] Range: 2-9 | Median/Mean: 4.0 / 3.821 | Fail: 1.011%\n"}
,{"stream_name":"stdout","time":301.649525098,"data":"[Game 1790] Range: 2-9 | Median/Mean: 4.0 / 3.820 | Fail: 1.006%\n"}
,{"stream_name":"stdout","time":303.306560576,"data":"[Game 1800] Range: 2-9 | Median/Mean: 4.0 / 3.820 | Fail: 1.000%\n"}
,{"stream_name":"stdout","time":305.138705461,"data":"[Game 1810] Range: 2-9 | Median/Mean: 4.0 / 3.822 | Fail: 0.994%\n"}
,{"stream_name":"stdout","time":306.605260605,"data":"[Game 1820] Range: 2-9 | Median/Mean: 4.0 / 3.822 | Fail: 0.989%\n"}
,{"stream_name":"stdout","time":308.280164806,"data":"[Game 1830] Range: 2-9 | Median/Mean: 4.0 / 3.823 | Fail: 0.984%\n"}
,{"stream_name":"stdout","time":309.641291986,"data":"[Game 1840] Range: 2-9 | Median/Mean: 4.0 / 3.822 | Fail: 0.978%\n"}
,{"stream_name":"stdout","time":311.312213176,"data":"[Game 1850] Range: 2-9 | Median/Mean: 4.0 / 3.822 | Fail: 0.973%\n"}
,{"stream_name":"stdout","time":312.920796203,"data":"[Game 1860] Range: 2-9 | Median/Mean: 4.0 / 3.822 | Fail: 0.968%\n"}
,{"stream_name":"stdout","time":314.434652772,"data":"[Game 1870] Range: 2-9 | Median/Mean: 4.0 / 3.820 | Fail: 0.963%\n"}
,{"stream_name":"stdout","time":316.316272681,"data":"[Game 1880] Range: 2-9 | Median/Mean: 4.0 / 3.822 | Fail: 0.957%\n"}
,{"stream_name":"stdout","time":318.298581019,"data":"[Game 1890] Range: 2-9 | Median/Mean: 4.0 / 3.824 | Fail: 0.952%\n"}
,{"stream_name":"stdout","time":319.949150955,"data":"[Game 1900] Range: 2-9 | Median/Mean: 4.0 / 3.825 | Fail: 0.947%\n"}
,{"stream_name":"stdout","time":321.356286573,"data":"[Game 1910] Range: 2-9 | Median/Mean: 4.0 / 3.824 | Fail: 0.942%\n"}
,{"stream_name":"stdout","time":323.053856093,"data":"[Game 1920] Range: 2-9 | Median/Mean: 4.0 / 3.824 | Fail: 0.938%\n"}
,{"stream_name":"stdout","time":324.37756842,"data":"[Game 1930] Range: 2-9 | Median/Mean: 4.0 / 3.821 | Fail: 0.933%\n"}
,{"stream_name":"stdout","time":325.926730246,"data":"[Game 1940] Range: 2-9 | Median/Mean: 4.0 / 3.823 | Fail: 0.928%\n"}
,{"stream_name":"stdout","time":327.199055782,"data":"[Game 1950] Range: 2-9 | Median/Mean: 4.0 / 3.821 | Fail: 0.923%\n"}
,{"stream_name":"stdout","time":329.261859342,"data":"[Game 1960] Range: 2-9 | Median/Mean: 4.0 / 3.823 | Fail: 0.918%\n"}
,{"stream_name":"stdout","time":330.807130792,"data":"[Game 1970] Range: 2-9 | Median/Mean: 4.0 / 3.823 | Fail: 0.914%\n"}
,{"stream_name":"stdout","time":332.64781624,"data":"[Game 1980] Range: 2-9 | Median/Mean: 4.0 / 3.826 | Fail: 0.909%\n"}
,{"stream_name":"stdout","time":334.445370289,"data":"[Game 1990] Range: 2-9 | Median/Mean: 4.0 / 3.826 | Fail: 0.905%\n"}
,{"stream_name":"stdout","time":336.391907783,"data":"[Game 2000] Range: 2-9 | Median/Mean: 4.0 / 3.827 | Fail: 0.950%\n"}
,{"stream_name":"stdout","time":338.009958304,"data":"[Game 2010] Range: 2-9 | Median/Mean: 4.0 / 3.827 | Fail: 0.945%\n"}
,{"stream_name":"stdout","time":340.221774604,"data":"[Game 2020] Range: 2-9 | Median/Mean: 4.0 / 3.831 | Fail: 0.941%\n"}
,{"stream_name":"stdout","time":341.747558314,"data":"[Game 2030] Range: 2-9 | Median/Mean: 4.0 / 3.831 | Fail: 0.936%\n"}
,{"stream_name":"stdout","time":343.170018408,"data":"[Game 2040] Range: 2-9 | Median/Mean: 4.0 / 3.830 | Fail: 0.931%\n"}
,{"stream_name":"stdout","time":344.719377628,"data":"[Game 2050] Range: 2-9 | Median/Mean: 4.0 / 3.829 | Fail: 0.927%\n"}
,{"stream_name":"stdout","time":346.139535788,"data":"[Game 2060] Range: 2-9 | Median/Mean: 4.0 / 3.828 | Fail: 0.922%\n"}
,{"stream_name":"stdout","time":348.110187671,"data":"[Game 2070] Range: 2-9 | Median/Mean: 4.0 / 3.831 | Fail: 0.966%\n"}
,{"stream_name":"stdout","time":349.845137901,"data":"[Game 2080] Range: 2-9 | Median/Mean: 4.0 / 3.832 | Fail: 0.962%\n"}
,{"stream_name":"stdout","time":351.208341776,"data":"[Game 2090] Range: 2-9 | Median/Mean: 4.0 / 3.830 | Fail: 0.957%\n"}
,{"stream_name":"stdout","time":353.028506122,"data":"[Game 2100] Range: 2-9 | Median/Mean: 4.0 / 3.831 | Fail: 0.952%\n"}
,{"stream_name":"stdout","time":354.28999674,"data":"[Game 2110] Range: 2-9 | Median/Mean: 4.0 / 3.828 | Fail: 0.948%\n"}
,{"stream_name":"stdout","time":355.808373807,"data":"[Game 2120] Range: 2-9 | Median/Mean: 4.0 / 3.827 | Fail: 0.943%\n"}
,{"stream_name":"stdout","time":357.475064089,"data":"[Game 2130] Range: 2-9 | Median/Mean: 4.0 / 3.829 | Fail: 0.939%\n"}
,{"stream_name":"stdout","time":359.244744761,"data":"[Game 2140] Range: 2-9 | Median/Mean: 4.0 / 3.830 | Fail: 0.935%\n"}
,{"stream_name":"stdout","time":360.697982831,"data":"[Game 2150] Range: 2-9 | Median/Mean: 4.0 / 3.830 | Fail: 0.930%\n"}
,{"stream_name":"stdout","time":362.339853862,"data":"[Game 2160] Range: 2-9 | Median/Mean: 4.0 / 3.830 | Fail: 0.926%\n"}
,{"stream_name":"stdout","time":364.579550342,"data":"[Game 2170] Range: 2-9 | Median/Mean: 4.0 / 3.834 | Fail: 0.968%\n"}
,{"stream_name":"stdout","time":366.051921814,"data":"[Game 2180] Range: 2-9 | Median/Mean: 4.0 / 3.833 | Fail: 0.963%\n"}
,{"stream_name":"stdout","time":367.742224179,"data":"[Game 2190] Range: 2-9 | Median/Mean: 4.0 / 3.833 | Fail: 0.959%\n"}
,{"stream_name":"stdout","time":369.459865723,"data":"[Game 2200] Range: 2-9 | Median/Mean: 4.0 / 3.834 | Fail: 0.955%\n"}
,{"stream_name":"stdout","time":370.72494101,"data":"[Game 2210] Range: 2-9 | Median/Mean: 4.0 / 3.832 | Fail: 0.950%\n"}
,{"stream_name":"stdout","time":372.465933958,"data":"[Game 2220] Range: 2-9 | Median/Mean: 4.0 / 3.834 | Fail: 0.946%\n"}
,{"stream_name":"stdout","time":373.878350632,"data":"[Game 2230] Range: 2-9 | Median/Mean: 4.0 / 3.834 | Fail: 0.942%\n"}
,{"stream_name":"stdout","time":375.832647005,"data":"[Game 2240] Range: 2-9 | Median/Mean: 4.0 / 3.835 | Fail: 0.982%\n"}
,{"stream_name":"stdout","time":377.676237849,"data":"[Game 2250] Range: 2-9 | Median/Mean: 4.0 / 3.836 | Fail: 0.978%\n"}
,{"stream_name":"stdout","time":379.27076552,"data":"[Game 2260] Range: 2-9 | Median/Mean: 4.0 / 3.835 | Fail: 1.018%\n"}
,{"stream_name":"stdout","time":380.550170705,"data":"[Game 2270] Range: 2-9 | Median/Mean: 4.0 / 3.834 | Fail: 1.013%\n"}
,{"stream_name":"stdout","time":382.306622085,"data":"[Game 2280] Range: 2-9 | Median/Mean: 4.0 / 3.835 | Fail: 1.009%\n"}
,{"stream_name":"stdout","time":383.923378073,"data":"[Game 2290] Range: 2-9 | Median/Mean: 4.0 / 3.835 | Fail: 1.048%\n"}
,{"stream_name":"stdout","time":385.426923224,"data":"[Game 2300] Range: 2-9 | Median/Mean: 4.0 / 3.834 | Fail: 1.043%\n"}
,{"stream_name":"stdout","time":387.157526284,"data":"[Game 2310] Range: 2-9 | Median/Mean: 4.0 / 3.835 | Fail: 1.039%\n"}
,{"stream_name":"stdout","time":388.16865749,"data":"Summary:\n"}
,{"stream_name":"stdout","time":388.18189455,"data":"Distribution across steps:\n"}
,{"stream_name":"stdout","time":388.197223511,"data":"Key Metrics:\n"}
,{"stream_name":"stderr","time":392.124281201,"data":"/opt/conda/lib/python3.7/site-packages/traitlets/traitlets.py:2567: FutureWarning: --Exporter.preprocessors=[\"remove_papermill_header.RemovePapermillHeader\"] for containers is deprecated in traitlets 5.0. You can pass `--Exporter.preprocessors item` ... multiple times to add items to a list.\n"}
,{"stream_name":"stderr","time":392.124371449,"data":"  FutureWarning,\n"}
,{"stream_name":"stderr","time":392.124386328,"data":"[NbConvertApp] Converting notebook __notebook__.ipynb to notebook\n"}
,{"stream_name":"stderr","time":392.574721669,"data":"[NbConvertApp] Writing 32943 bytes to __notebook__.ipynb\n"}
,{"stream_name":"stderr","time":395.334969583,"data":"/opt/conda/lib/python3.7/site-packages/traitlets/traitlets.py:2567: FutureWarning: --Exporter.preprocessors=[\"nbconvert.preprocessors.ExtractOutputPreprocessor\"] for containers is deprecated in traitlets 5.0. You can pass `--Exporter.preprocessors item` ... multiple times to add items to a list.\n"}
,{"stream_name":"stderr","time":395.335066422,"data":"  FutureWarning,\n"}
,{"stream_name":"stderr","time":395.335082887,"data":"[NbConvertApp] Converting notebook __notebook__.ipynb to html\n"}
,{"stream_name":"stderr","time":395.986513543,"data":"[NbConvertApp] Writing 308316 bytes to __results__.html\n"}
]