[{"stream_name":"stderr","time":11.566060272,"data":"/opt/conda/lib/python3.7/site-packages/papermill/iorw.py:50: FutureWarning: pyarrow.HadoopFileSystem is deprecated as of 2.0.0, please use pyarrow.fs.HadoopFileSystem instead.\n"}
,{"stream_name":"stderr","time":11.566150079,"data":"  from pyarrow import HadoopFileSystem\n"}
,{"stream_name":"stdout","time":13.029140369,"data":"[ ---------- TALES ----------]\n"}
,{"stream_name":"stdout","time":14.306413844,"data":"[Game 10] Range: 3-6 | Median/Mean: 4.0 / 4.300 | Fail: 0.000%\n"}
,{"stream_name":"stdout","time":15.488119503,"data":"[Game 20] Range: 3-6 | Median/Mean: 4.0 / 4.200 | Fail: 0.000%\n"}
,{"stream_name":"stdout","time":16.553886374,"data":"[Game 30] Range: 3-6 | Median/Mean: 4.0 / 4.033 | Fail: 0.000%\n"}
,{"stream_name":"stdout","time":17.802072303,"data":"[Game 40] Range: 3-6 | Median/Mean: 4.0 / 4.000 | Fail: 0.000%\n"}
,{"stream_name":"stdout","time":19.028390539,"data":"[Game 50] Range: 3-6 | Median/Mean: 4.0 / 3.960 | Fail: 0.000%\n"}
,{"stream_name":"stdout","time":19.980382102,"data":"[Game 60] Range: 3-6 | Median/Mean: 4.0 / 3.850 | Fail: 0.000%\n"}
,{"stream_name":"stdout","time":21.128652351,"data":"[Game 70] Range: 2-6 | Median/Mean: 4.0 / 3.871 | Fail: 0.000%\n"}
,{"stream_name":"stdout","time":22.043936411,"data":"[Game 80] Range: 2-6 | Median/Mean: 4.0 / 3.788 | Fail: 0.000%\n"}
,{"stream_name":"stdout","time":23.160420003,"data":"[Game 90] Range: 2-6 | Median/Mean: 4.0 / 3.789 | Fail: 0.000%\n"}
,{"stream_name":"stdout","time":24.027028651,"data":"[Game 100] Range: 2-6 | Median/Mean: 4.0 / 3.760 | Fail: 0.000%\n"}
,{"stream_name":"stdout","time":25.114181693,"data":"[Game 110] Range: 2-6 | Median/Mean: 4.0 / 3.755 | Fail: 0.000%\n"}
,{"stream_name":"stdout","time":26.395985485,"data":"[Game 120] Range: 2-6 | Median/Mean: 4.0 / 3.758 | Fail: 0.000%\n"}
,{"stream_name":"stdout","time":27.415409437,"data":"[Game 130] Range: 2-6 | Median/Mean: 4.0 / 3.731 | Fail: 0.000%\n"}
,{"stream_name":"stdout","time":28.67263173,"data":"[Game 140] Range: 2-6 | Median/Mean: 4.0 / 3.750 | Fail: 0.000%\n"}
,{"stream_name":"stdout","time":29.589487284,"data":"[Game 150] Range: 2-6 | Median/Mean: 4.0 / 3.740 | Fail: 0.000%\n"}
,{"stream_name":"stdout","time":30.799796822,"data":"[Game 160] Range: 2-6 | Median/Mean: 4.0 / 3.750 | Fail: 0.000%\n"}
,{"stream_name":"stdout","time":31.802387324,"data":"[Game 170] Range: 2-6 | Median/Mean: 4.0 / 3.724 | Fail: 0.000%\n"}
,{"stream_name":"stdout","time":32.64051871,"data":"[Game 180] Range: 2-6 | Median/Mean: 4.0 / 3.700 | Fail: 0.000%\n"}
,{"stream_name":"stdout","time":33.592595729,"data":"[Game 190] Range: 2-6 | Median/Mean: 4.0 / 3.684 | Fail: 0.000%\n"}
,{"stream_name":"stdout","time":34.609518408,"data":"[Game 200] Range: 2-6 | Median/Mean: 4.0 / 3.675 | Fail: 0.000%\n"}
,{"stream_name":"stdout","time":35.861498804,"data":"[Game 210] Range: 2-6 | Median/Mean: 4.0 / 3.686 | Fail: 0.000%\n"}
,{"stream_name":"stdout","time":36.925080084,"data":"[Game 220] Range: 2-6 | Median/Mean: 4.0 / 3.686 | Fail: 0.000%\n"}
,{"stream_name":"stdout","time":38.072779839,"data":"[Game 230] Range: 2-6 | Median/Mean: 4.0 / 3.687 | Fail: 0.000%\n"}
,{"stream_name":"stdout","time":38.868072233,"data":"[Game 240] Range: 2-6 | Median/Mean: 4.0 / 3.663 | Fail: 0.000%\n"}
,{"stream_name":"stdout","time":39.988050684,"data":"[Game 250] Range: 2-6 | Median/Mean: 4.0 / 3.664 | Fail: 0.000%\n"}
,{"stream_name":"stdout","time":41.123897601,"data":"[Game 260] Range: 2-6 | Median/Mean: 4.0 / 3.673 | Fail: 0.000%\n"}
,{"stream_name":"stdout","time":42.105289654,"data":"[Game 270] Range: 2-6 | Median/Mean: 4.0 / 3.656 | Fail: 0.000%\n"}
,{"stream_name":"stdout","time":42.815432671,"data":"[Game 280] Range: 2-6 | Median/Mean: 4.0 / 3.629 | Fail: 0.000%\n"}
,{"stream_name":"stdout","time":44.093756662,"data":"[Game 290] Range: 2-6 | Median/Mean: 4.0 / 3.641 | Fail: 0.000%\n"}
,{"stream_name":"stdout","time":45.511894018,"data":"[Game 300] Range: 2-6 | Median/Mean: 4.0 / 3.653 | Fail: 0.000%\n"}
,{"stream_name":"stdout","time":46.90770387,"data":"[Game 310] Range: 2-6 | Median/Mean: 4.0 / 3.661 | Fail: 0.000%\n"}
,{"stream_name":"stdout","time":47.937797491,"data":"[Game 320] Range: 2-8 | Median/Mean: 4.0 / 3.666 | Fail: 0.312%\n"}
,{"stream_name":"stdout","time":48.856450819,"data":"[Game 330] Range: 2-8 | Median/Mean: 4.0 / 3.658 | Fail: 0.303%\n"}
,{"stream_name":"stdout","time":49.999889748,"data":"[Game 340] Range: 2-8 | Median/Mean: 4.0 / 3.659 | Fail: 0.294%\n"}
,{"stream_name":"stdout","time":51.113209754,"data":"[Game 350] Range: 2-8 | Median/Mean: 4.0 / 3.654 | Fail: 0.286%\n"}
,{"stream_name":"stdout","time":52.103380094,"data":"[Game 360] Range: 2-8 | Median/Mean: 4.0 / 3.650 | Fail: 0.278%\n"}
,{"stream_name":"stdout","time":53.108221412,"data":"[Game 370] Range: 2-8 | Median/Mean: 4.0 / 3.651 | Fail: 0.270%\n"}
,{"stream_name":"stdout","time":54.208741946,"data":"[Game 380] Range: 2-8 | Median/Mean: 4.0 / 3.658 | Fail: 0.263%\n"}
,{"stream_name":"stdout","time":55.363827457,"data":"[Game 390] Range: 2-8 | Median/Mean: 4.0 / 3.669 | Fail: 0.256%\n"}
,{"stream_name":"stdout","time":56.587569714,"data":"[Game 400] Range: 2-8 | Median/Mean: 4.0 / 3.678 | Fail: 0.250%\n"}
,{"stream_name":"stdout","time":57.665713164,"data":"[Game 410] Range: 2-8 | Median/Mean: 4.0 / 3.680 | Fail: 0.244%\n"}
,{"stream_name":"stdout","time":59.029783971,"data":"[Game 420] Range: 2-8 | Median/Mean: 4.0 / 3.693 | Fail: 0.238%\n"}
,{"stream_name":"stdout","time":60.110104847,"data":"[Game 430] Range: 2-8 | Median/Mean: 4.0 / 3.698 | Fail: 0.233%\n"}
,{"stream_name":"stdout","time":61.501995327,"data":"[Game 440] Range: 2-8 | Median/Mean: 4.0 / 3.711 | Fail: 0.455%\n"}
,{"stream_name":"stdout","time":62.834670737,"data":"[Game 450] Range: 2-8 | Median/Mean: 4.0 / 3.711 | Fail: 0.444%\n"}
,{"stream_name":"stdout","time":64.075514998,"data":"[Game 460] Range: 2-8 | Median/Mean: 4.0 / 3.711 | Fail: 0.435%\n"}
,{"stream_name":"stdout","time":65.200437471,"data":"[Game 470] Range: 2-8 | Median/Mean: 4.0 / 3.711 | Fail: 0.426%\n"}
,{"stream_name":"stdout","time":66.497116879,"data":"[Game 480] Range: 2-8 | Median/Mean: 4.0 / 3.719 | Fail: 0.417%\n"}
,{"stream_name":"stdout","time":67.691556896,"data":"[Game 490] Range: 2-8 | Median/Mean: 4.0 / 3.724 | Fail: 0.408%\n"}
,{"stream_name":"stdout","time":68.887324021,"data":"[Game 500] Range: 2-8 | Median/Mean: 4.0 / 3.722 | Fail: 0.400%\n"}
,{"stream_name":"stdout","time":69.706194307,"data":"[Game 510] Range: 2-8 | Median/Mean: 4.0 / 3.714 | Fail: 0.392%\n"}
,{"stream_name":"stdout","time":70.899348245,"data":"[Game 520] Range: 2-8 | Median/Mean: 4.0 / 3.715 | Fail: 0.385%\n"}
,{"stream_name":"stdout","time":71.811896061,"data":"[Game 530] Range: 2-8 | Median/Mean: 4.0 / 3.711 | Fail: 0.377%\n"}
,{"stream_name":"stdout","time":72.98116498,"data":"[Game 540] Range: 2-8 | Median/Mean: 4.0 / 3.711 | Fail: 0.370%\n"}
,{"stream_name":"stdout","time":74.149194555,"data":"[Game 550] Range: 2-8 | Median/Mean: 4.0 / 3.711 | Fail: 0.364%\n"}
,{"stream_name":"stdout","time":75.315140404,"data":"[Game 560] Range: 2-8 | Median/Mean: 4.0 / 3.716 | Fail: 0.357%\n"}
,{"stream_name":"stdout","time":76.427392592,"data":"[Game 570] Range: 2-8 | Median/Mean: 4.0 / 3.716 | Fail: 0.351%\n"}
,{"stream_name":"stdout","time":77.548902043,"data":"[Game 580] Range: 2-8 | Median/Mean: 4.0 / 3.717 | Fail: 0.345%\n"}
,{"stream_name":"stdout","time":78.962421942,"data":"[Game 590] Range: 2-8 | Median/Mean: 4.0 / 3.731 | Fail: 0.339%\n"}
,{"stream_name":"stdout","time":80.157606179,"data":"[Game 600] Range: 2-8 | Median/Mean: 4.0 / 3.730 | Fail: 0.333%\n"}
,{"stream_name":"stdout","time":81.448647777,"data":"[Game 610] Range: 2-8 | Median/Mean: 4.0 / 3.733 | Fail: 0.328%\n"}
,{"stream_name":"stdout","time":82.37835554,"data":"[Game 620] Range: 2-8 | Median/Mean: 4.0 / 3.727 | Fail: 0.323%\n"}
,{"stream_name":"stdout","time":83.530317613,"data":"[Game 630] Range: 2-8 | Median/Mean: 4.0 / 3.730 | Fail: 0.317%\n"}
,{"stream_name":"stdout","time":84.708627512,"data":"[Game 640] Range: 2-8 | Median/Mean: 4.0 / 3.731 | Fail: 0.312%\n"}
,{"stream_name":"stdout","time":85.74873486,"data":"[Game 650] Range: 2-8 | Median/Mean: 4.0 / 3.728 | Fail: 0.308%\n"}
,{"stream_name":"stdout","time":86.843557903,"data":"[Game 660] Range: 2-8 | Median/Mean: 4.0 / 3.727 | Fail: 0.303%\n"}
,{"stream_name":"stdout","time":87.879739844,"data":"[Game 670] Range: 2-8 | Median/Mean: 4.0 / 3.722 | Fail: 0.299%\n"}
,{"stream_name":"stdout","time":88.997205752,"data":"[Game 680] Range: 2-8 | Median/Mean: 4.0 / 3.721 | Fail: 0.441%\n"}
,{"stream_name":"stdout","time":90.002757532,"data":"[Game 690] Range: 2-8 | Median/Mean: 4.0 / 3.719 | Fail: 0.435%\n"}
,{"stream_name":"stdout","time":91.349330242,"data":"[Game 700] Range: 2-8 | Median/Mean: 4.0 / 3.724 | Fail: 0.429%\n"}
,{"stream_name":"stdout","time":92.56217166,"data":"[Game 710] Range: 2-8 | Median/Mean: 4.0 / 3.723 | Fail: 0.423%\n"}
,{"stream_name":"stdout","time":93.65814667,"data":"[Game 720] Range: 2-8 | Median/Mean: 4.0 / 3.724 | Fail: 0.417%\n"}
,{"stream_name":"stdout","time":95.054621938,"data":"[Game 730] Range: 2-8 | Median/Mean: 4.0 / 3.730 | Fail: 0.411%\n"}
,{"stream_name":"stdout","time":96.254257384,"data":"[Game 740] Range: 2-8 | Median/Mean: 4.0 / 3.735 | Fail: 0.405%\n"}
,{"stream_name":"stdout","time":97.244913091,"data":"[Game 750] Range: 2-8 | Median/Mean: 4.0 / 3.736 | Fail: 0.400%\n"}
,{"stream_name":"stdout","time":98.309805063,"data":"[Game 760] Range: 2-8 | Median/Mean: 4.0 / 3.734 | Fail: 0.395%\n"}
,{"stream_name":"stdout","time":99.395495398,"data":"[Game 770] Range: 2-8 | Median/Mean: 4.0 / 3.731 | Fail: 0.390%\n"}
,{"stream_name":"stdout","time":100.707402474,"data":"[Game 780] Range: 2-8 | Median/Mean: 4.0 / 3.735 | Fail: 0.385%\n"}
,{"stream_name":"stdout","time":101.836136813,"data":"[Game 790] Range: 2-8 | Median/Mean: 4.0 / 3.733 | Fail: 0.380%\n"}
,{"stream_name":"stdout","time":103.021463925,"data":"[Game 800] Range: 2-8 | Median/Mean: 4.0 / 3.737 | Fail: 0.375%\n"}
,{"stream_name":"stdout","time":104.276956091,"data":"[Game 810] Range: 2-8 | Median/Mean: 4.0 / 3.738 | Fail: 0.370%\n"}
,{"stream_name":"stdout","time":105.569714775,"data":"[Game 820] Range: 2-8 | Median/Mean: 4.0 / 3.745 | Fail: 0.488%\n"}
,{"stream_name":"stdout","time":106.574954865,"data":"[Game 830] Range: 2-8 | Median/Mean: 4.0 / 3.743 | Fail: 0.482%\n"}
,{"stream_name":"stdout","time":107.424412042,"data":"[Game 840] Range: 2-8 | Median/Mean: 4.0 / 3.739 | Fail: 0.476%\n"}
,{"stream_name":"stdout","time":108.767420775,"data":"[Game 850] Range: 2-8 | Median/Mean: 4.0 / 3.746 | Fail: 0.588%\n"}
,{"stream_name":"stdout","time":109.956562301,"data":"[Game 860] Range: 2-8 | Median/Mean: 4.0 / 3.747 | Fail: 0.581%\n"}
,{"stream_name":"stdout","time":111.344701625,"data":"[Game 870] Range: 2-8 | Median/Mean: 4.0 / 3.752 | Fail: 0.575%\n"}
,{"stream_name":"stdout","time":112.529826303,"data":"[Game 880] Range: 2-8 | Median/Mean: 4.0 / 3.752 | Fail: 0.568%\n"}
,{"stream_name":"stdout","time":113.91002611,"data":"[Game 890] Range: 2-8 | Median/Mean: 4.0 / 3.753 | Fail: 0.562%\n"}
,{"stream_name":"stdout","time":115.030014482,"data":"[Game 900] Range: 2-8 | Median/Mean: 4.0 / 3.751 | Fail: 0.556%\n"}
,{"stream_name":"stdout","time":116.243225698,"data":"[Game 910] Range: 2-8 | Median/Mean: 4.0 / 3.754 | Fail: 0.659%\n"}
,{"stream_name":"stdout","time":117.531604117,"data":"[Game 920] Range: 2-8 | Median/Mean: 4.0 / 3.755 | Fail: 0.652%\n"}
,{"stream_name":"stdout","time":118.543914441,"data":"[Game 930] Range: 2-8 | Median/Mean: 4.0 / 3.757 | Fail: 0.645%\n"}
,{"stream_name":"stdout","time":120.039346695,"data":"[Game 940] Range: 2-8 | Median/Mean: 4.0 / 3.763 | Fail: 0.638%\n"}
,{"stream_name":"stdout","time":120.984842715,"data":"[Game 950] Range: 2-8 | Median/Mean: 4.0 / 3.762 | Fail: 0.632%\n"}
,{"stream_name":"stdout","time":122.105889138,"data":"[Game 960] Range: 2-8 | Median/Mean: 4.0 / 3.763 | Fail: 0.625%\n"}
,{"stream_name":"stdout","time":123.382865658,"data":"[Game 970] Range: 2-8 | Median/Mean: 4.0 / 3.766 | Fail: 0.619%\n"}
,{"stream_name":"stdout","time":124.653704007,"data":"[Game 980] Range: 2-8 | Median/Mean: 4.0 / 3.768 | Fail: 0.612%\n"}
,{"stream_name":"stdout","time":125.730631323,"data":"[Game 990] Range: 2-8 | Median/Mean: 4.0 / 3.763 | Fail: 0.606%\n"}
,{"stream_name":"stdout","time":126.805395837,"data":"[Game 1000] Range: 2-8 | Median/Mean: 4.0 / 3.761 | Fail: 0.600%\n"}
,{"stream_name":"stdout","time":127.734790765,"data":"[Game 1010] Range: 2-8 | Median/Mean: 4.0 / 3.758 | Fail: 0.594%\n"}
,{"stream_name":"stdout","time":128.702272777,"data":"[Game 1020] Range: 2-8 | Median/Mean: 4.0 / 3.758 | Fail: 0.588%\n"}
,{"stream_name":"stdout","time":130.011056441,"data":"[Game 1030] Range: 2-8 | Median/Mean: 4.0 / 3.758 | Fail: 0.583%\n"}
,{"stream_name":"stdout","time":131.089516606,"data":"[Game 1040] Range: 2-8 | Median/Mean: 4.0 / 3.758 | Fail: 0.577%\n"}
,{"stream_name":"stdout","time":131.902995538,"data":"[Game 1050] Range: 2-8 | Median/Mean: 4.0 / 3.754 | Fail: 0.571%\n"}
,{"stream_name":"stdout","time":133.238425555,"data":"[Game 1060] Range: 2-8 | Median/Mean: 4.0 / 3.758 | Fail: 0.566%\n"}
,{"stream_name":"stdout","time":133.968417031,"data":"[Game 1070] Range: 2-8 | Median/Mean: 4.0 / 3.754 | Fail: 0.561%\n"}
,{"stream_name":"stdout","time":135.257862053,"data":"[Game 1080] Range: 2-8 | Median/Mean: 4.0 / 3.756 | Fail: 0.556%\n"}
,{"stream_name":"stdout","time":136.557411136,"data":"[Game 1090] Range: 2-8 | Median/Mean: 4.0 / 3.761 | Fail: 0.642%\n"}
,{"stream_name":"stdout","time":137.479453932,"data":"[Game 1100] Range: 2-8 | Median/Mean: 4.0 / 3.756 | Fail: 0.636%\n"}
,{"stream_name":"stdout","time":138.517930961,"data":"[Game 1110] Range: 2-8 | Median/Mean: 4.0 / 3.757 | Fail: 0.631%\n"}
,{"stream_name":"stdout","time":139.468171184,"data":"[Game 1120] Range: 2-8 | Median/Mean: 4.0 / 3.755 | Fail: 0.625%\n"}
,{"stream_name":"stdout","time":140.404819119,"data":"[Game 1130] Range: 2-8 | Median/Mean: 4.0 / 3.752 | Fail: 0.619%\n"}
,{"stream_name":"stdout","time":141.481500711,"data":"[Game 1140] Range: 2-8 | Median/Mean: 4.0 / 3.754 | Fail: 0.614%\n"}
,{"stream_name":"stdout","time":142.606132649,"data":"[Game 1150] Range: 2-8 | Median/Mean: 4.0 / 3.756 | Fail: 0.609%\n"}
,{"stream_name":"stdout","time":143.574345257,"data":"[Game 1160] Range: 2-8 | Median/Mean: 4.0 / 3.753 | Fail: 0.603%\n"}
,{"stream_name":"stdout","time":144.522235007,"data":"[Game 1170] Range: 2-8 | Median/Mean: 4.0 / 3.752 | Fail: 0.598%\n"}
,{"stream_name":"stdout","time":145.527438953,"data":"[Game 1180] Range: 2-8 | Median/Mean: 4.0 / 3.752 | Fail: 0.593%\n"}
,{"stream_name":"stdout","time":146.683181942,"data":"[Game 1190] Range: 2-8 | Median/Mean: 4.0 / 3.753 | Fail: 0.588%\n"}
,{"stream_name":"stdout","time":147.817918981,"data":"[Game 1200] Range: 2-8 | Median/Mean: 4.0 / 3.752 | Fail: 0.583%\n"}
,{"stream_name":"stdout","time":148.573181199,"data":"[Game 1210] Range: 2-8 | Median/Mean: 4.0 / 3.748 | Fail: 0.579%\n"}
,{"stream_name":"stdout","time":149.748109947,"data":"[Game 1220] Range: 2-8 | Median/Mean: 4.0 / 3.749 | Fail: 0.574%\n"}
,{"stream_name":"stdout","time":150.990144026,"data":"[Game 1230] Range: 2-8 | Median/Mean: 4.0 / 3.753 | Fail: 0.569%\n"}
,{"stream_name":"stdout","time":152.053796279,"data":"[Game 1240] Range: 2-8 | Median/Mean: 4.0 / 3.752 | Fail: 0.565%\n"}
,{"stream_name":"stdout","time":152.831775755,"data":"[Game 1250] Range: 2-8 | Median/Mean: 4.0 / 3.750 | Fail: 0.560%\n"}
,{"stream_name":"stdout","time":153.987070381,"data":"[Game 1260] Range: 2-8 | Median/Mean: 4.0 / 3.750 | Fail: 0.556%\n"}
,{"stream_name":"stdout","time":154.852292639,"data":"[Game 1270] Range: 2-8 | Median/Mean: 4.0 / 3.748 | Fail: 0.551%\n"}
,{"stream_name":"stdout","time":156.014061146,"data":"[Game 1280] Range: 2-8 | Median/Mean: 4.0 / 3.748 | Fail: 0.547%\n"}
,{"stream_name":"stdout","time":157.368357428,"data":"[Game 1290] Range: 2-8 | Median/Mean: 4.0 / 3.750 | Fail: 0.620%\n"}
,{"stream_name":"stdout","time":158.296283092,"data":"[Game 1300] Range: 2-8 | Median/Mean: 4.0 / 3.749 | Fail: 0.615%\n"}
,{"stream_name":"stdout","time":159.085956605,"data":"[Game 1310] Range: 2-8 | Median/Mean: 4.0 / 3.747 | Fail: 0.611%\n"}
,{"stream_name":"stdout","time":160.18401969,"data":"[Game 1320] Range: 2-8 | Median/Mean: 4.0 / 3.748 | Fail: 0.606%\n"}
,{"stream_name":"stdout","time":161.35358996,"data":"[Game 1330] Range: 2-8 | Median/Mean: 4.0 / 3.751 | Fail: 0.677%\n"}
,{"stream_name":"stdout","time":162.518484846,"data":"[Game 1340] Range: 2-8 | Median/Mean: 4.0 / 3.751 | Fail: 0.672%\n"}
,{"stream_name":"stdout","time":163.748013286,"data":"[Game 1350] Range: 2-8 | Median/Mean: 4.0 / 3.752 | Fail: 0.667%\n"}
,{"stream_name":"stdout","time":165.104870813,"data":"[Game 1360] Range: 2-8 | Median/Mean: 4.0 / 3.755 | Fail: 0.662%\n"}
,{"stream_name":"stdout","time":166.535664841,"data":"[Game 1370] Range: 2-8 | Median/Mean: 4.0 / 3.758 | Fail: 0.657%\n"}
,{"stream_name":"stdout","time":167.473106102,"data":"[Game 1380] Range: 2-8 | Median/Mean: 4.0 / 3.758 | Fail: 0.652%\n"}
,{"stream_name":"stdout","time":168.537954745,"data":"[Game 1390] Range: 2-8 | Median/Mean: 4.0 / 3.759 | Fail: 0.647%\n"}
,{"stream_name":"stdout","time":169.6519372,"data":"[Game 1400] Range: 2-8 | Median/Mean: 4.0 / 3.761 | Fail: 0.643%\n"}
,{"stream_name":"stdout","time":170.815209873,"data":"[Game 1410] Range: 2-8 | Median/Mean: 4.0 / 3.762 | Fail: 0.638%\n"}
,{"stream_name":"stdout","time":172.030772074,"data":"[Game 1420] Range: 2-8 | Median/Mean: 4.0 / 3.764 | Fail: 0.634%\n"}
,{"stream_name":"stdout","time":173.019370915,"data":"[Game 1430] Range: 2-8 | Median/Mean: 4.0 / 3.762 | Fail: 0.629%\n"}
,{"stream_name":"stdout","time":174.112752092,"data":"[Game 1440] Range: 2-8 | Median/Mean: 4.0 / 3.761 | Fail: 0.625%\n"}
,{"stream_name":"stdout","time":175.24093737,"data":"[Game 1450] Range: 2-8 | Median/Mean: 4.0 / 3.761 | Fail: 0.621%\n"}
,{"stream_name":"stdout","time":176.234490686,"data":"[Game 1460] Range: 2-8 | Median/Mean: 4.0 / 3.762 | Fail: 0.616%\n"}
,{"stream_name":"stdout","time":177.204037099,"data":"[Game 1470] Range: 2-8 | Median/Mean: 4.0 / 3.762 | Fail: 0.612%\n"}
,{"stream_name":"stdout","time":178.232979827,"data":"[Game 1480] Range: 2-8 | Median/Mean: 4.0 / 3.761 | Fail: 0.608%\n"}
,{"stream_name":"stdout","time":179.262742457,"data":"[Game 1490] Range: 2-8 | Median/Mean: 4.0 / 3.760 | Fail: 0.604%\n"}
,{"stream_name":"stdout","time":180.470286214,"data":"[Game 1500] Range: 2-8 | Median/Mean: 4.0 / 3.761 | Fail: 0.600%\n"}
,{"stream_name":"stdout","time":181.487559296,"data":"[Game 1510] Range: 2-8 | Median/Mean: 4.0 / 3.759 | Fail: 0.596%\n"}
,{"stream_name":"stdout","time":182.321688241,"data":"[Game 1520] Range: 2-8 | Median/Mean: 4.0 / 3.756 | Fail: 0.592%\n"}
,{"stream_name":"stdout","time":183.576111491,"data":"[Game 1530] Range: 2-8 | Median/Mean: 4.0 / 3.758 | Fail: 0.588%\n"}
,{"stream_name":"stdout","time":184.697434683,"data":"[Game 1540] Range: 2-8 | Median/Mean: 4.0 / 3.759 | Fail: 0.584%\n"}
,{"stream_name":"stdout","time":185.667638755,"data":"[Game 1550] Range: 2-8 | Median/Mean: 4.0 / 3.757 | Fail: 0.581%\n"}
,{"stream_name":"stdout","time":186.908700253,"data":"[Game 1560] Range: 2-8 | Median/Mean: 4.0 / 3.757 | Fail: 0.577%\n"}
,{"stream_name":"stdout","time":187.958533401,"data":"[Game 1570] Range: 2-8 | Median/Mean: 4.0 / 3.756 | Fail: 0.573%\n"}
,{"stream_name":"stdout","time":189.131817612,"data":"[Game 1580] Range: 2-8 | Median/Mean: 4.0 / 3.754 | Fail: 0.570%\n"}
,{"stream_name":"stdout","time":190.09770697,"data":"[Game 1590] Range: 2-8 | Median/Mean: 4.0 / 3.752 | Fail: 0.566%\n"}
,{"stream_name":"stdout","time":191.113678718,"data":"[Game 1600] Range: 2-8 | Median/Mean: 4.0 / 3.751 | Fail: 0.562%\n"}
,{"stream_name":"stdout","time":192.043514225,"data":"[Game 1610] Range: 2-8 | Median/Mean: 4.0 / 3.750 | Fail: 0.559%\n"}
,{"stream_name":"stdout","time":193.212346246,"data":"[Game 1620] Range: 2-8 | Median/Mean: 4.0 / 3.753 | Fail: 0.556%\n"}
,{"stream_name":"stdout","time":194.337878286,"data":"[Game 1630] Range: 2-8 | Median/Mean: 4.0 / 3.752 | Fail: 0.552%\n"}
,{"stream_name":"stdout","time":195.409544935,"data":"[Game 1640] Range: 2-8 | Median/Mean: 4.0 / 3.750 | Fail: 0.549%\n"}
,{"stream_name":"stdout","time":196.6669682,"data":"[Game 1650] Range: 2-8 | Median/Mean: 4.0 / 3.752 | Fail: 0.545%\n"}
,{"stream_name":"stdout","time":197.811188998,"data":"[Game 1660] Range: 2-8 | Median/Mean: 4.0 / 3.752 | Fail: 0.542%\n"}
,{"stream_name":"stdout","time":198.832648424,"data":"[Game 1670] Range: 2-8 | Median/Mean: 4.0 / 3.751 | Fail: 0.539%\n"}
,{"stream_name":"stdout","time":200.050103375,"data":"[Game 1680] Range: 2-8 | Median/Mean: 4.0 / 3.754 | Fail: 0.536%\n"}
,{"stream_name":"stdout","time":201.127840924,"data":"[Game 1690] Range: 2-8 | Median/Mean: 4.0 / 3.752 | Fail: 0.533%\n"}
,{"stream_name":"stdout","time":201.994284243,"data":"[Game 1700] Range: 2-8 | Median/Mean: 4.0 / 3.750 | Fail: 0.529%\n"}
,{"stream_name":"stdout","time":203.094727512,"data":"[Game 1710] Range: 2-8 | Median/Mean: 4.0 / 3.751 | Fail: 0.526%\n"}
,{"stream_name":"stdout","time":203.998444128,"data":"[Game 1720] Range: 2-8 | Median/Mean: 4.0 / 3.750 | Fail: 0.523%\n"}
,{"stream_name":"stdout","time":205.101824624,"data":"[Game 1730] Range: 2-8 | Median/Mean: 4.0 / 3.749 | Fail: 0.520%\n"}
,{"stream_name":"stdout","time":206.221377711,"data":"[Game 1740] Range: 2-8 | Median/Mean: 4.0 / 3.749 | Fail: 0.517%\n"}
,{"stream_name":"stdout","time":206.98591904,"data":"[Game 1750] Range: 2-8 | Median/Mean: 4.0 / 3.747 | Fail: 0.514%\n"}
,{"stream_name":"stdout","time":208.051740683,"data":"[Game 1760] Range: 2-8 | Median/Mean: 4.0 / 3.747 | Fail: 0.511%\n"}
,{"stream_name":"stdout","time":209.07502626,"data":"[Game 1770] Range: 2-8 | Median/Mean: 4.0 / 3.746 | Fail: 0.508%\n"}
,{"stream_name":"stdout","time":210.218351938,"data":"[Game 1780] Range: 2-8 | Median/Mean: 4.0 / 3.746 | Fail: 0.506%\n"}
,{"stream_name":"stdout","time":211.199569142,"data":"[Game 1790] Range: 2-8 | Median/Mean: 4.0 / 3.745 | Fail: 0.503%\n"}
,{"stream_name":"stdout","time":212.392358,"data":"[Game 1800] Range: 2-8 | Median/Mean: 4.0 / 3.745 | Fail: 0.500%\n"}
,{"stream_name":"stdout","time":213.333452719,"data":"[Game 1810] Range: 2-8 | Median/Mean: 4.0 / 3.745 | Fail: 0.497%\n"}
,{"stream_name":"stdout","time":214.516017155,"data":"[Game 1820] Range: 2-8 | Median/Mean: 4.0 / 3.747 | Fail: 0.495%\n"}
,{"stream_name":"stdout","time":216.01813202,"data":"[Game 1830] Range: 2-8 | Median/Mean: 4.0 / 3.750 | Fail: 0.492%\n"}
,{"stream_name":"stdout","time":217.064939813,"data":"[Game 1840] Range: 2-8 | Median/Mean: 4.0 / 3.749 | Fail: 0.489%\n"}
,{"stream_name":"stdout","time":218.12397995,"data":"[Game 1850] Range: 2-8 | Median/Mean: 4.0 / 3.748 | Fail: 0.486%\n"}
,{"stream_name":"stdout","time":219.177958297,"data":"[Game 1860] Range: 2-8 | Median/Mean: 4.0 / 3.748 | Fail: 0.484%\n"}
,{"stream_name":"stdout","time":219.95802599,"data":"[Game 1870] Range: 2-8 | Median/Mean: 4.0 / 3.747 | Fail: 0.481%\n"}
,{"stream_name":"stdout","time":221.328518302,"data":"[Game 1880] Range: 2-8 | Median/Mean: 4.0 / 3.749 | Fail: 0.479%\n"}
,{"stream_name":"stdout","time":222.756213946,"data":"[Game 1890] Range: 2-8 | Median/Mean: 4.0 / 3.751 | Fail: 0.476%\n"}
,{"stream_name":"stdout","time":223.925007573,"data":"[Game 1900] Range: 2-8 | Median/Mean: 4.0 / 3.751 | Fail: 0.474%\n"}
,{"stream_name":"stdout","time":225.103002752,"data":"[Game 1910] Range: 2-8 | Median/Mean: 4.0 / 3.750 | Fail: 0.471%\n"}
,{"stream_name":"stdout","time":225.9840506,"data":"[Game 1920] Range: 2-8 | Median/Mean: 4.0 / 3.749 | Fail: 0.469%\n"}
,{"stream_name":"stdout","time":227.158208632,"data":"[Game 1930] Range: 2-8 | Median/Mean: 4.0 / 3.748 | Fail: 0.466%\n"}
,{"stream_name":"stdout","time":228.334270544,"data":"[Game 1940] Range: 2-8 | Median/Mean: 4.0 / 3.750 | Fail: 0.464%\n"}
,{"stream_name":"stdout","time":229.29012133,"data":"[Game 1950] Range: 2-8 | Median/Mean: 4.0 / 3.749 | Fail: 0.462%\n"}
,{"stream_name":"stdout","time":230.875391763,"data":"[Game 1960] Range: 2-8 | Median/Mean: 4.0 / 3.755 | Fail: 0.459%\n"}
,{"stream_name":"stdout","time":231.792585305,"data":"[Game 1970] Range: 2-8 | Median/Mean: 4.0 / 3.753 | Fail: 0.457%\n"}
,{"stream_name":"stdout","time":233.275321293,"data":"[Game 1980] Range: 2-8 | Median/Mean: 4.0 / 3.758 | Fail: 0.455%\n"}
,{"stream_name":"stdout","time":234.602705867,"data":"[Game 1990] Range: 2-8 | Median/Mean: 4.0 / 3.757 | Fail: 0.452%\n"}
,{"stream_name":"stdout","time":235.68565449,"data":"[Game 2000] Range: 2-8 | Median/Mean: 4.0 / 3.758 | Fail: 0.500%\n"}
,{"stream_name":"stdout","time":236.819179746,"data":"[Game 2010] Range: 2-8 | Median/Mean: 4.0 / 3.758 | Fail: 0.498%\n"}
,{"stream_name":"stdout","time":237.847155268,"data":"[Game 2020] Range: 2-8 | Median/Mean: 4.0 / 3.756 | Fail: 0.495%\n"}
,{"stream_name":"stdout","time":239.054169026,"data":"[Game 2030] Range: 2-8 | Median/Mean: 4.0 / 3.758 | Fail: 0.493%\n"}
,{"stream_name":"stdout","time":239.985562629,"data":"[Game 2040] Range: 2-8 | Median/Mean: 4.0 / 3.757 | Fail: 0.490%\n"}
,{"stream_name":"stdout","time":241.03583298,"data":"[Game 2050] Range: 2-8 | Median/Mean: 4.0 / 3.757 | Fail: 0.488%\n"}
,{"stream_name":"stdout","time":241.991436548,"data":"[Game 2060] Range: 2-8 | Median/Mean: 4.0 / 3.755 | Fail: 0.485%\n"}
,{"stream_name":"stdout","time":243.219297078,"data":"[Game 2070] Range: 2-8 | Median/Mean: 4.0 / 3.757 | Fail: 0.531%\n"}
,{"stream_name":"stdout","time":244.397038982,"data":"[Game 2080] Range: 2-8 | Median/Mean: 4.0 / 3.759 | Fail: 0.529%\n"}
,{"stream_name":"stdout","time":245.538591724,"data":"[Game 2090] Range: 2-8 | Median/Mean: 4.0 / 3.759 | Fail: 0.526%\n"}
,{"stream_name":"stdout","time":246.434922122,"data":"[Game 2100] Range: 2-8 | Median/Mean: 4.0 / 3.758 | Fail: 0.524%\n"}
,{"stream_name":"stdout","time":247.414451687,"data":"[Game 2110] Range: 2-8 | Median/Mean: 4.0 / 3.756 | Fail: 0.521%\n"}
,{"stream_name":"stdout","time":248.456109044,"data":"[Game 2120] Range: 2-8 | Median/Mean: 4.0 / 3.757 | Fail: 0.519%\n"}
,{"stream_name":"stdout","time":249.897913685,"data":"[Game 2130] Range: 2-8 | Median/Mean: 4.0 / 3.759 | Fail: 0.516%\n"}
,{"stream_name":"stdout","time":251.216742163,"data":"[Game 2140] Range: 2-8 | Median/Mean: 4.0 / 3.763 | Fail: 0.514%\n"}
,{"stream_name":"stdout","time":252.527065589,"data":"[Game 2150] Range: 2-8 | Median/Mean: 4.0 / 3.763 | Fail: 0.512%\n"}
,{"stream_name":"stdout","time":253.714036828,"data":"[Game 2160] Range: 2-8 | Median/Mean: 4.0 / 3.763 | Fail: 0.509%\n"}
,{"stream_name":"stdout","time":255.157405406,"data":"[Game 2170] Range: 2-8 | Median/Mean: 4.0 / 3.765 | Fail: 0.553%\n"}
,{"stream_name":"stdout","time":256.276524248,"data":"[Game 2180] Range: 2-8 | Median/Mean: 4.0 / 3.764 | Fail: 0.550%\n"}
,{"stream_name":"stdout","time":257.247075301,"data":"[Game 2190] Range: 2-8 | Median/Mean: 4.0 / 3.763 | Fail: 0.548%\n"}
,{"stream_name":"stdout","time":258.154430208,"data":"[Game 2200] Range: 2-8 | Median/Mean: 4.0 / 3.762 | Fail: 0.545%\n"}
,{"stream_name":"stdout","time":259.308775459,"data":"[Game 2210] Range: 2-8 | Median/Mean: 4.0 / 3.764 | Fail: 0.543%\n"}
,{"stream_name":"stdout","time":260.392044102,"data":"[Game 2220] Range: 2-8 | Median/Mean: 4.0 / 3.764 | Fail: 0.541%\n"}
,{"stream_name":"stdout","time":261.648757918,"data":"[Game 2230] Range: 2-8 | Median/Mean: 4.0 / 3.765 | Fail: 0.538%\n"}
,{"stream_name":"stdout","time":262.895316292,"data":"[Game 2240] Range: 2-8 | Median/Mean: 4.0 / 3.766 | Fail: 0.536%\n"}
,{"stream_name":"stdout","time":264.386557076,"data":"[Game 2250] Range: 2-8 | Median/Mean: 4.0 / 3.768 | Fail: 0.578%\n"}
,{"stream_name":"stdout","time":265.916598332,"data":"[Game 2260] Range: 2-8 | Median/Mean: 4.0 / 3.769 | Fail: 0.664%\n"}
,{"stream_name":"stdout","time":266.979262786,"data":"[Game 2270] Range: 2-8 | Median/Mean: 4.0 / 3.768 | Fail: 0.661%\n"}
,{"stream_name":"stdout","time":268.092533015,"data":"[Game 2280] Range: 2-8 | Median/Mean: 4.0 / 3.768 | Fail: 0.658%\n"}
,{"stream_name":"stdout","time":269.35237244,"data":"[Game 2290] Range: 2-8 | Median/Mean: 4.0 / 3.769 | Fail: 0.655%\n"}
,{"stream_name":"stdout","time":270.277772491,"data":"[Game 2300] Range: 2-8 | Median/Mean: 4.0 / 3.767 | Fail: 0.652%\n"}
,{"stream_name":"stdout","time":271.544061548,"data":"[Game 2310] Range: 2-8 | Median/Mean: 4.0 / 3.768 | Fail: 0.649%\n"}
,{"stream_name":"stdout","time":272.407112688,"data":"Summary:\n"}
,{"stream_name":"stdout","time":272.418343436,"data":"Distribution across steps:\n"}
,{"stream_name":"stdout","time":272.42563129,"data":"Key Metrics:\n"}
,{"stream_name":"stderr","time":275.661975715,"data":"/opt/conda/lib/python3.7/site-packages/traitlets/traitlets.py:2567: FutureWarning: --Exporter.preprocessors=[\"remove_papermill_header.RemovePapermillHeader\"] for containers is deprecated in traitlets 5.0. You can pass `--Exporter.preprocessors item` ... multiple times to add items to a list.\n"}
,{"stream_name":"stderr","time":275.66209014,"data":"  FutureWarning,\n"}
,{"stream_name":"stderr","time":275.663405605,"data":"[NbConvertApp] Converting notebook __notebook__.ipynb to notebook\n"}
,{"stream_name":"stderr","time":275.977171978,"data":"[NbConvertApp] Writing 32791 bytes to __notebook__.ipynb\n"}
,{"stream_name":"stderr","time":278.182624656,"data":"/opt/conda/lib/python3.7/site-packages/traitlets/traitlets.py:2567: FutureWarning: --Exporter.preprocessors=[\"nbconvert.preprocessors.ExtractOutputPreprocessor\"] for containers is deprecated in traitlets 5.0. You can pass `--Exporter.preprocessors item` ... multiple times to add items to a list.\n"}
,{"stream_name":"stderr","time":278.182826472,"data":"  FutureWarning,\n"}
,{"stream_name":"stderr","time":278.182916997,"data":"[NbConvertApp] Converting notebook __notebook__.ipynb to html\n"}
,{"stream_name":"stderr","time":278.706187316,"data":"[NbConvertApp] Writing 308272 bytes to __results__.html\n"}
]