[{"stream_name":"stderr","time":12.783587679,"data":"/opt/conda/lib/python3.7/site-packages/papermill/iorw.py:50: FutureWarning: pyarrow.HadoopFileSystem is deprecated as of 2.0.0, please use pyarrow.fs.HadoopFileSystem instead.\n"}
,{"stream_name":"stderr","time":12.783665003,"data":"  from pyarrow import HadoopFileSystem\n"}
,{"stream_name":"stdout","time":14.345071032,"data":"[ ---------- SOARE ----------]\n"}
,{"stream_name":"stdout","time":15.846539258,"data":"[Game 10] Range: 2-5 | Median/Mean: 4.0 / 3.800 | Fail: 0.000%\n"}
,{"stream_name":"stdout","time":17.206081965,"data":"[Game 20] Range: 2-5 | Median/Mean: 4.0 / 3.750 | Fail: 0.000%\n"}
,{"stream_name":"stdout","time":18.609130078,"data":"[Game 30] Range: 2-5 | Median/Mean: 4.0 / 3.700 | Fail: 0.000%\n"}
,{"stream_name":"stdout","time":19.933987923,"data":"[Game 40] Range: 2-6 | Median/Mean: 4.0 / 3.775 | Fail: 0.000%\n"}
,{"stream_name":"stdout","time":21.788863212,"data":"[Game 50] Range: 2-6 | Median/Mean: 4.0 / 3.900 | Fail: 0.000%\n"}
,{"stream_name":"stdout","time":23.034217203,"data":"[Game 60] Range: 2-6 | Median/Mean: 4.0 / 3.850 | Fail: 0.000%\n"}
,{"stream_name":"stdout","time":24.749153743,"data":"[Game 70] Range: 2-6 | Median/Mean: 4.0 / 3.943 | Fail: 0.000%\n"}
,{"stream_name":"stdout","time":25.77336174,"data":"[Game 80] Range: 2-6 | Median/Mean: 4.0 / 3.875 | Fail: 0.000%\n"}
,{"stream_name":"stdout","time":27.172785774,"data":"[Game 90] Range: 2-6 | Median/Mean: 4.0 / 3.900 | Fail: 0.000%\n"}
,{"stream_name":"stdout","time":28.45424159,"data":"[Game 100] Range: 2-6 | Median/Mean: 4.0 / 3.880 | Fail: 0.000%\n"}
,{"stream_name":"stdout","time":29.722997688,"data":"[Game 110] Range: 2-6 | Median/Mean: 4.0 / 3.864 | Fail: 0.000%\n"}
,{"stream_name":"stdout","time":31.020095873,"data":"[Game 120] Range: 2-6 | Median/Mean: 4.0 / 3.850 | Fail: 0.000%\n"}
,{"stream_name":"stdout","time":32.59946218,"data":"[Game 130] Range: 2-7 | Median/Mean: 4.0 / 3.862 | Fail: 0.769%\n"}
,{"stream_name":"stdout","time":34.240953045,"data":"[Game 140] Range: 2-7 | Median/Mean: 4.0 / 3.907 | Fail: 0.714%\n"}
,{"stream_name":"stdout","time":35.577372893,"data":"[Game 150] Range: 2-7 | Median/Mean: 4.0 / 3.913 | Fail: 0.667%\n"}
,{"stream_name":"stdout","time":36.819165055,"data":"[Game 160] Range: 2-7 | Median/Mean: 4.0 / 3.919 | Fail: 0.625%\n"}
,{"stream_name":"stdout","time":37.819375822,"data":"[Game 170] Range: 2-7 | Median/Mean: 4.0 / 3.882 | Fail: 0.588%\n"}
,{"stream_name":"stdout","time":38.880440312,"data":"[Game 180] Range: 2-7 | Median/Mean: 4.0 / 3.856 | Fail: 0.556%\n"}
,{"stream_name":"stdout","time":40.281675258,"data":"[Game 190] Range: 2-7 | Median/Mean: 4.0 / 3.863 | Fail: 0.526%\n"}
,{"stream_name":"stdout","time":41.293687445,"data":"[Game 200] Range: 2-7 | Median/Mean: 4.0 / 3.845 | Fail: 0.500%\n"}
,{"stream_name":"stdout","time":43.050955149,"data":"[Game 210] Range: 2-7 | Median/Mean: 4.0 / 3.862 | Fail: 0.476%\n"}
,{"stream_name":"stdout","time":44.284378679,"data":"[Game 220] Range: 2-7 | Median/Mean: 4.0 / 3.850 | Fail: 0.455%\n"}
,{"stream_name":"stdout","time":45.466921099,"data":"[Game 230] Range: 2-7 | Median/Mean: 4.0 / 3.830 | Fail: 0.435%\n"}
,{"stream_name":"stdout","time":46.807108886,"data":"[Game 240] Range: 2-7 | Median/Mean: 4.0 / 3.825 | Fail: 0.417%\n"}
,{"stream_name":"stdout","time":48.284416558,"data":"[Game 250] Range: 2-7 | Median/Mean: 4.0 / 3.828 | Fail: 0.400%\n"}
,{"stream_name":"stdout","time":49.490778566,"data":"[Game 260] Range: 2-7 | Median/Mean: 4.0 / 3.827 | Fail: 0.385%\n"}
,{"stream_name":"stdout","time":50.730397988,"data":"[Game 270] Range: 2-7 | Median/Mean: 4.0 / 3.830 | Fail: 0.370%\n"}
,{"stream_name":"stdout","time":51.925376452,"data":"[Game 280] Range: 2-7 | Median/Mean: 4.0 / 3.814 | Fail: 0.357%\n"}
,{"stream_name":"stdout","time":53.139823875,"data":"[Game 290] Range: 2-7 | Median/Mean: 4.0 / 3.810 | Fail: 0.345%\n"}
,{"stream_name":"stdout","time":54.335427065,"data":"[Game 300] Range: 2-7 | Median/Mean: 4.0 / 3.803 | Fail: 0.333%\n"}
,{"stream_name":"stdout","time":55.647113822,"data":"[Game 310] Range: 2-7 | Median/Mean: 4.0 / 3.797 | Fail: 0.323%\n"}
,{"stream_name":"stdout","time":56.930053192,"data":"[Game 320] Range: 2-7 | Median/Mean: 4.0 / 3.788 | Fail: 0.625%\n"}
,{"stream_name":"stdout","time":58.528438337,"data":"[Game 330] Range: 2-7 | Median/Mean: 4.0 / 3.791 | Fail: 0.606%\n"}
,{"stream_name":"stdout","time":59.750948016,"data":"[Game 340] Range: 2-7 | Median/Mean: 4.0 / 3.785 | Fail: 0.588%\n"}
,{"stream_name":"stdout","time":60.968782146,"data":"[Game 350] Range: 2-7 | Median/Mean: 4.0 / 3.771 | Fail: 0.571%\n"}
,{"stream_name":"stdout","time":62.274588319,"data":"[Game 360] Range: 2-7 | Median/Mean: 4.0 / 3.769 | Fail: 0.556%\n"}
,{"stream_name":"stdout","time":63.880666236,"data":"[Game 370] Range: 2-7 | Median/Mean: 4.0 / 3.781 | Fail: 0.541%\n"}
,{"stream_name":"stdout","time":65.460369172,"data":"[Game 380] Range: 2-7 | Median/Mean: 4.0 / 3.789 | Fail: 0.526%\n"}
,{"stream_name":"stdout","time":66.756838331,"data":"[Game 390] Range: 2-7 | Median/Mean: 4.0 / 3.797 | Fail: 0.769%\n"}
,{"stream_name":"stdout","time":68.111330677,"data":"[Game 400] Range: 2-7 | Median/Mean: 4.0 / 3.803 | Fail: 0.750%\n"}
,{"stream_name":"stdout","time":69.541453209,"data":"[Game 410] Range: 2-7 | Median/Mean: 4.0 / 3.807 | Fail: 0.732%\n"}
,{"stream_name":"stdout","time":71.036619308,"data":"[Game 420] Range: 2-7 | Median/Mean: 4.0 / 3.812 | Fail: 0.714%\n"}
,{"stream_name":"stdout","time":72.461855493,"data":"[Game 430] Range: 2-7 | Median/Mean: 4.0 / 3.816 | Fail: 0.698%\n"}
,{"stream_name":"stdout","time":74.036704251,"data":"[Game 440] Range: 2-7 | Median/Mean: 4.0 / 3.823 | Fail: 0.682%\n"}
,{"stream_name":"stdout","time":75.338675535,"data":"[Game 450] Range: 2-7 | Median/Mean: 4.0 / 3.820 | Fail: 0.667%\n"}
,{"stream_name":"stdout","time":76.532475215,"data":"[Game 460] Range: 2-7 | Median/Mean: 4.0 / 3.809 | Fail: 0.652%\n"}
,{"stream_name":"stdout","time":78.117168215,"data":"[Game 470] Range: 2-7 | Median/Mean: 4.0 / 3.815 | Fail: 0.638%\n"}
,{"stream_name":"stdout","time":79.505284804,"data":"[Game 480] Range: 2-7 | Median/Mean: 4.0 / 3.819 | Fail: 0.625%\n"}
,{"stream_name":"stdout","time":81.112927059,"data":"[Game 490] Range: 2-7 | Median/Mean: 4.0 / 3.824 | Fail: 0.816%\n"}
,{"stream_name":"stdout","time":82.444393621,"data":"[Game 500] Range: 2-7 | Median/Mean: 4.0 / 3.822 | Fail: 0.800%\n"}
,{"stream_name":"stdout","time":83.825498174,"data":"[Game 510] Range: 2-7 | Median/Mean: 4.0 / 3.824 | Fail: 0.980%\n"}
,{"stream_name":"stdout","time":84.878043562,"data":"[Game 520] Range: 2-7 | Median/Mean: 4.0 / 3.817 | Fail: 0.962%\n"}
,{"stream_name":"stdout","time":86.095019946,"data":"[Game 530] Range: 2-7 | Median/Mean: 4.0 / 3.813 | Fail: 0.943%\n"}
,{"stream_name":"stdout","time":87.294159198,"data":"[Game 540] Range: 2-7 | Median/Mean: 4.0 / 3.815 | Fail: 0.926%\n"}
,{"stream_name":"stdout","time":88.651308804,"data":"[Game 550] Range: 2-7 | Median/Mean: 4.0 / 3.815 | Fail: 0.909%\n"}
,{"stream_name":"stdout","time":90.153864182,"data":"[Game 560] Range: 2-7 | Median/Mean: 4.0 / 3.821 | Fail: 0.893%\n"}
,{"stream_name":"stdout","time":91.760178846,"data":"[Game 570] Range: 2-7 | Median/Mean: 4.0 / 3.821 | Fail: 0.877%\n"}
,{"stream_name":"stdout","time":93.004339906,"data":"[Game 580] Range: 2-7 | Median/Mean: 4.0 / 3.817 | Fail: 0.862%\n"}
,{"stream_name":"stdout","time":94.524249709,"data":"[Game 590] Range: 2-7 | Median/Mean: 4.0 / 3.820 | Fail: 0.847%\n"}
,{"stream_name":"stdout","time":95.616678536,"data":"[Game 600] Range: 2-7 | Median/Mean: 4.0 / 3.815 | Fail: 0.833%\n"}
,{"stream_name":"stdout","time":96.594790726,"data":"[Game 610] Range: 2-7 | Median/Mean: 4.0 / 3.807 | Fail: 0.820%\n"}
,{"stream_name":"stdout","time":97.658953616,"data":"[Game 620] Range: 2-7 | Median/Mean: 4.0 / 3.802 | Fail: 0.806%\n"}
,{"stream_name":"stdout","time":98.80994953,"data":"[Game 630] Range: 2-7 | Median/Mean: 4.0 / 3.798 | Fail: 0.794%\n"}
,{"stream_name":"stdout","time":100.189896086,"data":"[Game 640] Range: 2-7 | Median/Mean: 4.0 / 3.806 | Fail: 0.781%\n"}
,{"stream_name":"stdout","time":101.77559585,"data":"[Game 650] Range: 2-7 | Median/Mean: 4.0 / 3.817 | Fail: 0.923%\n"}
,{"stream_name":"stdout","time":103.00334926,"data":"[Game 660] Range: 2-7 | Median/Mean: 4.0 / 3.812 | Fail: 0.909%\n"}
,{"stream_name":"stdout","time":104.741608414,"data":"[Game 670] Range: 2-7 | Median/Mean: 4.0 / 3.819 | Fail: 0.896%\n"}
,{"stream_name":"stdout","time":106.093290291,"data":"[Game 680] Range: 2-7 | Median/Mean: 4.0 / 3.819 | Fail: 1.029%\n"}
,{"stream_name":"stdout","time":106.781761542,"data":"[Game 690] Range: 2-7 | Median/Mean: 4.0 / 3.809 | Fail: 1.014%\n"}
,{"stream_name":"stdout","time":108.284006728,"data":"[Game 700] Range: 2-7 | Median/Mean: 4.0 / 3.813 | Fail: 1.000%\n"}
,{"stream_name":"stdout","time":109.860211644,"data":"[Game 710] Range: 2-7 | Median/Mean: 4.0 / 3.817 | Fail: 0.986%\n"}
,{"stream_name":"stdout","time":111.080946621,"data":"[Game 720] Range: 2-7 | Median/Mean: 4.0 / 3.819 | Fail: 0.972%\n"}
,{"stream_name":"stdout","time":112.600068675,"data":"[Game 730] Range: 2-7 | Median/Mean: 4.0 / 3.821 | Fail: 0.959%\n"}
,{"stream_name":"stdout","time":113.978458966,"data":"[Game 740] Range: 2-7 | Median/Mean: 4.0 / 3.823 | Fail: 0.946%\n"}
,{"stream_name":"stdout","time":115.288408475,"data":"[Game 750] Range: 2-7 | Median/Mean: 4.0 / 3.821 | Fail: 0.933%\n"}
,{"stream_name":"stdout","time":116.518143741,"data":"[Game 760] Range: 2-7 | Median/Mean: 4.0 / 3.820 | Fail: 0.921%\n"}
,{"stream_name":"stdout","time":117.896572005,"data":"[Game 770] Range: 2-7 | Median/Mean: 4.0 / 3.819 | Fail: 0.909%\n"}
,{"stream_name":"stdout","time":119.269940373,"data":"[Game 780] Range: 2-7 | Median/Mean: 4.0 / 3.821 | Fail: 0.897%\n"}
,{"stream_name":"stdout","time":120.640650801,"data":"[Game 790] Range: 2-7 | Median/Mean: 4.0 / 3.824 | Fail: 0.886%\n"}
,{"stream_name":"stdout","time":121.750141806,"data":"[Game 800] Range: 2-7 | Median/Mean: 4.0 / 3.822 | Fail: 0.875%\n"}
,{"stream_name":"stdout","time":122.942773762,"data":"[Game 810] Range: 2-7 | Median/Mean: 4.0 / 3.817 | Fail: 0.864%\n"}
,{"stream_name":"stdout","time":124.16515631,"data":"[Game 820] Range: 2-7 | Median/Mean: 4.0 / 3.820 | Fail: 0.854%\n"}
,{"stream_name":"stdout","time":125.535745664,"data":"[Game 830] Range: 2-7 | Median/Mean: 4.0 / 3.819 | Fail: 0.843%\n"}
,{"stream_name":"stdout","time":126.794367972,"data":"[Game 840] Range: 2-7 | Median/Mean: 4.0 / 3.820 | Fail: 0.833%\n"}
,{"stream_name":"stdout","time":127.973173289,"data":"[Game 850] Range: 2-7 | Median/Mean: 4.0 / 3.816 | Fail: 0.941%\n"}
,{"stream_name":"stdout","time":129.318031113,"data":"[Game 860] Range: 2-7 | Median/Mean: 4.0 / 3.822 | Fail: 0.930%\n"}
,{"stream_name":"stdout","time":130.551371505,"data":"[Game 870] Range: 2-7 | Median/Mean: 4.0 / 3.821 | Fail: 0.920%\n"}
,{"stream_name":"stdout","time":131.617226271,"data":"[Game 880] Range: 2-7 | Median/Mean: 4.0 / 3.818 | Fail: 0.909%\n"}
,{"stream_name":"stdout","time":133.003916719,"data":"[Game 890] Range: 2-7 | Median/Mean: 4.0 / 3.816 | Fail: 0.899%\n"}
,{"stream_name":"stdout","time":134.286837724,"data":"[Game 900] Range: 2-7 | Median/Mean: 4.0 / 3.814 | Fail: 0.889%\n"}
,{"stream_name":"stdout","time":135.658024948,"data":"[Game 910] Range: 2-7 | Median/Mean: 4.0 / 3.814 | Fail: 0.879%\n"}
,{"stream_name":"stdout","time":137.206377011,"data":"[Game 920] Range: 2-7 | Median/Mean: 4.0 / 3.817 | Fail: 0.870%\n"}
,{"stream_name":"stdout","time":138.371755499,"data":"[Game 930] Range: 2-7 | Median/Mean: 4.0 / 3.818 | Fail: 0.860%\n"}
,{"stream_name":"stdout","time":139.677577829,"data":"[Game 940] Range: 2-7 | Median/Mean: 4.0 / 3.817 | Fail: 0.851%\n"}
,{"stream_name":"stdout","time":141.047701843,"data":"[Game 950] Range: 2-7 | Median/Mean: 4.0 / 3.820 | Fail: 0.842%\n"}
,{"stream_name":"stdout","time":142.500302491,"data":"[Game 960] Range: 2-7 | Median/Mean: 4.0 / 3.821 | Fail: 0.833%\n"}
,{"stream_name":"stdout","time":143.814027479,"data":"[Game 970] Range: 2-7 | Median/Mean: 4.0 / 3.821 | Fail: 0.825%\n"}
,{"stream_name":"stdout","time":145.319934626,"data":"[Game 980] Range: 2-7 | Median/Mean: 4.0 / 3.823 | Fail: 0.816%\n"}
,{"stream_name":"stdout","time":146.876388374,"data":"[Game 990] Range: 2-7 | Median/Mean: 4.0 / 3.823 | Fail: 0.808%\n"}
,{"stream_name":"stdout","time":148.205540288,"data":"[Game 1000] Range: 2-7 | Median/Mean: 4.0 / 3.822 | Fail: 0.800%\n"}
,{"stream_name":"stdout","time":149.564659969,"data":"[Game 1010] Range: 2-7 | Median/Mean: 4.0 / 3.821 | Fail: 0.792%\n"}
,{"stream_name":"stdout","time":150.78003694,"data":"[Game 1020] Range: 2-7 | Median/Mean: 4.0 / 3.823 | Fail: 0.784%\n"}
,{"stream_name":"stdout","time":152.163520034,"data":"[Game 1030] Range: 2-7 | Median/Mean: 4.0 / 3.819 | Fail: 0.777%\n"}
,{"stream_name":"stdout","time":153.548584511,"data":"[Game 1040] Range: 2-7 | Median/Mean: 4.0 / 3.820 | Fail: 0.769%\n"}
,{"stream_name":"stdout","time":154.717904776,"data":"[Game 1050] Range: 2-7 | Median/Mean: 4.0 / 3.815 | Fail: 0.762%\n"}
,{"stream_name":"stdout","time":156.263009055,"data":"[Game 1060] Range: 2-7 | Median/Mean: 4.0 / 3.817 | Fail: 0.755%\n"}
,{"stream_name":"stdout","time":158.038651733,"data":"[Game 1070] Range: 2-8 | Median/Mean: 4.0 / 3.822 | Fail: 0.841%\n"}
,{"stream_name":"stdout","time":159.350411288,"data":"[Game 1080] Range: 2-8 | Median/Mean: 4.0 / 3.819 | Fail: 0.833%\n"}
,{"stream_name":"stdout","time":160.822360311,"data":"[Game 1090] Range: 2-8 | Median/Mean: 4.0 / 3.822 | Fail: 0.826%\n"}
,{"stream_name":"stdout","time":162.084868795,"data":"[Game 1100] Range: 2-8 | Median/Mean: 4.0 / 3.821 | Fail: 0.818%\n"}
,{"stream_name":"stdout","time":163.28077539,"data":"[Game 1110] Range: 2-8 | Median/Mean: 4.0 / 3.817 | Fail: 0.811%\n"}
,{"stream_name":"stdout","time":164.451612489,"data":"[Game 1120] Range: 2-8 | Median/Mean: 4.0 / 3.815 | Fail: 0.804%\n"}
,{"stream_name":"stdout","time":165.701757958,"data":"[Game 1130] Range: 2-8 | Median/Mean: 4.0 / 3.814 | Fail: 0.796%\n"}
,{"stream_name":"stdout","time":167.111521044,"data":"[Game 1140] Range: 2-8 | Median/Mean: 4.0 / 3.815 | Fail: 0.877%\n"}
,{"stream_name":"stdout","time":168.67696657,"data":"[Game 1150] Range: 2-8 | Median/Mean: 4.0 / 3.816 | Fail: 0.870%\n"}
,{"stream_name":"stdout","time":169.767461117,"data":"[Game 1160] Range: 2-8 | Median/Mean: 4.0 / 3.816 | Fail: 0.862%\n"}
,{"stream_name":"stdout","time":170.881606959,"data":"[Game 1170] Range: 2-8 | Median/Mean: 4.0 / 3.813 | Fail: 0.855%\n"}
,{"stream_name":"stdout","time":172.085346441,"data":"[Game 1180] Range: 2-8 | Median/Mean: 4.0 / 3.813 | Fail: 0.847%\n"}
,{"stream_name":"stdout","time":173.424189065,"data":"[Game 1190] Range: 2-8 | Median/Mean: 4.0 / 3.815 | Fail: 0.840%\n"}
,{"stream_name":"stdout","time":174.314764625,"data":"[Game 1200] Range: 2-8 | Median/Mean: 4.0 / 3.809 | Fail: 0.833%\n"}
,{"stream_name":"stdout","time":175.37199448,"data":"[Game 1210] Range: 2-8 | Median/Mean: 4.0 / 3.807 | Fail: 0.826%\n"}
,{"stream_name":"stdout","time":176.612177363,"data":"[Game 1220] Range: 2-8 | Median/Mean: 4.0 / 3.807 | Fail: 0.820%\n"}
,{"stream_name":"stdout","time":178.209769912,"data":"[Game 1230] Range: 2-8 | Median/Mean: 4.0 / 3.808 | Fail: 0.813%\n"}
,{"stream_name":"stdout","time":179.30865023,"data":"[Game 1240] Range: 2-8 | Median/Mean: 4.0 / 3.806 | Fail: 0.806%\n"}
,{"stream_name":"stdout","time":180.56292349,"data":"[Game 1250] Range: 2-8 | Median/Mean: 4.0 / 3.806 | Fail: 0.800%\n"}
,{"stream_name":"stdout","time":182.233693816,"data":"[Game 1260] Range: 2-8 | Median/Mean: 4.0 / 3.810 | Fail: 0.873%\n"}
,{"stream_name":"stdout","time":183.420036482,"data":"[Game 1270] Range: 2-8 | Median/Mean: 4.0 / 3.809 | Fail: 0.866%\n"}
,{"stream_name":"stdout","time":184.654154106,"data":"[Game 1280] Range: 2-8 | Median/Mean: 4.0 / 3.806 | Fail: 0.859%\n"}
,{"stream_name":"stdout","time":185.760391495,"data":"[Game 1290] Range: 2-8 | Median/Mean: 4.0 / 3.803 | Fail: 0.853%\n"}
,{"stream_name":"stdout","time":187.073370927,"data":"[Game 1300] Range: 2-8 | Median/Mean: 4.0 / 3.805 | Fail: 0.846%\n"}
,{"stream_name":"stdout","time":188.277384133,"data":"[Game 1310] Range: 2-8 | Median/Mean: 4.0 / 3.805 | Fail: 0.840%\n"}
,{"stream_name":"stdout","time":189.432760449,"data":"[Game 1320] Range: 2-8 | Median/Mean: 4.0 / 3.805 | Fail: 0.833%\n"}
,{"stream_name":"stdout","time":191.296658458,"data":"[Game 1330] Range: 2-8 | Median/Mean: 4.0 / 3.811 | Fail: 0.902%\n"}
,{"stream_name":"stdout","time":192.703566866,"data":"[Game 1340] Range: 2-8 | Median/Mean: 4.0 / 3.812 | Fail: 0.896%\n"}
,{"stream_name":"stdout","time":194.056302145,"data":"[Game 1350] Range: 2-8 | Median/Mean: 4.0 / 3.813 | Fail: 0.889%\n"}
,{"stream_name":"stdout","time":195.571466158,"data":"[Game 1360] Range: 2-8 | Median/Mean: 4.0 / 3.815 | Fail: 0.882%\n"}
,{"stream_name":"stdout","time":197.149875313,"data":"[Game 1370] Range: 2-8 | Median/Mean: 4.0 / 3.815 | Fail: 0.876%\n"}
,{"stream_name":"stdout","time":198.388649645,"data":"[Game 1380] Range: 2-8 | Median/Mean: 4.0 / 3.814 | Fail: 0.870%\n"}
,{"stream_name":"stdout","time":199.63956945,"data":"[Game 1390] Range: 2-8 | Median/Mean: 4.0 / 3.815 | Fail: 0.863%\n"}
,{"stream_name":"stdout","time":200.928547568,"data":"[Game 1400] Range: 2-8 | Median/Mean: 4.0 / 3.816 | Fail: 0.929%\n"}
,{"stream_name":"stdout","time":202.128634939,"data":"[Game 1410] Range: 2-8 | Median/Mean: 4.0 / 3.817 | Fail: 0.922%\n"}
,{"stream_name":"stdout","time":203.45827659,"data":"[Game 1420] Range: 2-8 | Median/Mean: 4.0 / 3.816 | Fail: 0.915%\n"}
,{"stream_name":"stdout","time":204.977135767,"data":"[Game 1430] Range: 2-8 | Median/Mean: 4.0 / 3.817 | Fail: 0.909%\n"}
,{"stream_name":"stdout","time":206.396088376,"data":"[Game 1440] Range: 2-8 | Median/Mean: 4.0 / 3.817 | Fail: 0.903%\n"}
,{"stream_name":"stdout","time":207.888120787,"data":"[Game 1450] Range: 2-8 | Median/Mean: 4.0 / 3.819 | Fail: 0.966%\n"}
,{"stream_name":"stdout","time":208.872233177,"data":"[Game 1460] Range: 2-8 | Median/Mean: 4.0 / 3.816 | Fail: 0.959%\n"}
,{"stream_name":"stdout","time":210.225875708,"data":"[Game 1470] Range: 2-8 | Median/Mean: 4.0 / 3.817 | Fail: 0.952%\n"}
,{"stream_name":"stdout","time":211.333424893,"data":"[Game 1480] Range: 2-8 | Median/Mean: 4.0 / 3.816 | Fail: 0.946%\n"}
,{"stream_name":"stdout","time":212.579993837,"data":"[Game 1490] Range: 2-8 | Median/Mean: 4.0 / 3.815 | Fail: 0.940%\n"}
,{"stream_name":"stdout","time":213.843023568,"data":"[Game 1500] Range: 2-8 | Median/Mean: 4.0 / 3.814 | Fail: 0.933%\n"}
,{"stream_name":"stdout","time":215.032615654,"data":"[Game 1510] Range: 2-8 | Median/Mean: 4.0 / 3.813 | Fail: 0.927%\n"}
,{"stream_name":"stdout","time":216.354860538,"data":"[Game 1520] Range: 2-8 | Median/Mean: 4.0 / 3.813 | Fail: 0.921%\n"}
,{"stream_name":"stdout","time":217.575239583,"data":"[Game 1530] Range: 2-8 | Median/Mean: 4.0 / 3.814 | Fail: 0.915%\n"}
,{"stream_name":"stdout","time":218.746153856,"data":"[Game 1540] Range: 2-8 | Median/Mean: 4.0 / 3.813 | Fail: 0.909%\n"}
,{"stream_name":"stdout","time":220.035380429,"data":"[Game 1550] Range: 2-8 | Median/Mean: 4.0 / 3.814 | Fail: 0.903%\n"}
,{"stream_name":"stdout","time":220.95379361,"data":"[Game 1560] Range: 2-8 | Median/Mean: 4.0 / 3.810 | Fail: 0.897%\n"}
,{"stream_name":"stdout","time":222.431219042,"data":"[Game 1570] Range: 2-8 | Median/Mean: 4.0 / 3.811 | Fail: 0.955%\n"}
,{"stream_name":"stdout","time":223.996179216,"data":"[Game 1580] Range: 2-8 | Median/Mean: 4.0 / 3.812 | Fail: 1.013%\n"}
,{"stream_name":"stdout","time":225.108682495,"data":"[Game 1590] Range: 2-8 | Median/Mean: 4.0 / 3.809 | Fail: 1.006%\n"}
,{"stream_name":"stdout","time":226.427871722,"data":"[Game 1600] Range: 2-8 | Median/Mean: 4.0 / 3.809 | Fail: 1.000%\n"}
,{"stream_name":"stdout","time":228.128311082,"data":"[Game 1610] Range: 2-8 | Median/Mean: 4.0 / 3.811 | Fail: 1.056%\n"}
,{"stream_name":"stdout","time":229.208604815,"data":"[Game 1620] Range: 2-8 | Median/Mean: 4.0 / 3.809 | Fail: 1.049%\n"}
,{"stream_name":"stdout","time":230.567507695,"data":"[Game 1630] Range: 2-8 | Median/Mean: 4.0 / 3.809 | Fail: 1.043%\n"}
,{"stream_name":"stdout","time":231.883942182,"data":"[Game 1640] Range: 2-8 | Median/Mean: 4.0 / 3.807 | Fail: 1.037%\n"}
,{"stream_name":"stdout","time":233.361580396,"data":"[Game 1650] Range: 2-8 | Median/Mean: 4.0 / 3.809 | Fail: 1.030%\n"}
,{"stream_name":"stdout","time":234.820723688,"data":"[Game 1660] Range: 2-8 | Median/Mean: 4.0 / 3.810 | Fail: 1.024%\n"}
,{"stream_name":"stdout","time":236.313401866,"data":"[Game 1670] Range: 2-8 | Median/Mean: 4.0 / 3.813 | Fail: 1.078%\n"}
,{"stream_name":"stdout","time":237.826159249,"data":"[Game 1680] Range: 2-8 | Median/Mean: 4.0 / 3.813 | Fail: 1.071%\n"}
,{"stream_name":"stdout","time":238.979654728,"data":"[Game 1690] Range: 2-8 | Median/Mean: 4.0 / 3.812 | Fail: 1.065%\n"}
,{"stream_name":"stdout","time":240.058753581,"data":"[Game 1700] Range: 2-8 | Median/Mean: 4.0 / 3.809 | Fail: 1.059%\n"}
,{"stream_name":"stdout","time":241.296630737,"data":"[Game 1710] Range: 2-8 | Median/Mean: 4.0 / 3.809 | Fail: 1.053%\n"}
,{"stream_name":"stdout","time":242.524545584,"data":"[Game 1720] Range: 2-8 | Median/Mean: 4.0 / 3.808 | Fail: 1.047%\n"}
,{"stream_name":"stdout","time":243.634509391,"data":"[Game 1730] Range: 2-8 | Median/Mean: 4.0 / 3.806 | Fail: 1.040%\n"}
,{"stream_name":"stdout","time":245.016752693,"data":"[Game 1740] Range: 2-8 | Median/Mean: 4.0 / 3.806 | Fail: 1.034%\n"}
,{"stream_name":"stdout","time":246.304326712,"data":"[Game 1750] Range: 2-8 | Median/Mean: 4.0 / 3.805 | Fail: 1.029%\n"}
,{"stream_name":"stdout","time":247.563345802,"data":"[Game 1760] Range: 2-8 | Median/Mean: 4.0 / 3.803 | Fail: 1.023%\n"}
,{"stream_name":"stdout","time":248.845953794,"data":"[Game 1770] Range: 2-8 | Median/Mean: 4.0 / 3.804 | Fail: 1.017%\n"}
,{"stream_name":"stdout","time":250.086185361,"data":"[Game 1780] Range: 2-8 | Median/Mean: 4.0 / 3.803 | Fail: 1.011%\n"}
,{"stream_name":"stdout","time":251.068398414,"data":"[Game 1790] Range: 2-8 | Median/Mean: 4.0 / 3.801 | Fail: 1.006%\n"}
,{"stream_name":"stdout","time":252.499703987,"data":"[Game 1800] Range: 2-8 | Median/Mean: 4.0 / 3.801 | Fail: 1.000%\n"}
,{"stream_name":"stdout","time":253.726237656,"data":"[Game 1810] Range: 2-8 | Median/Mean: 4.0 / 3.800 | Fail: 0.994%\n"}
,{"stream_name":"stdout","time":254.824445361,"data":"[Game 1820] Range: 2-8 | Median/Mean: 4.0 / 3.798 | Fail: 0.989%\n"}
,{"stream_name":"stdout","time":256.051986319,"data":"[Game 1830] Range: 2-8 | Median/Mean: 4.0 / 3.799 | Fail: 0.984%\n"}
,{"stream_name":"stdout","time":257.075007466,"data":"[Game 1840] Range: 2-8 | Median/Mean: 4.0 / 3.797 | Fail: 0.978%\n"}
,{"stream_name":"stdout","time":258.372894652,"data":"[Game 1850] Range: 2-8 | Median/Mean: 4.0 / 3.797 | Fail: 0.973%\n"}
,{"stream_name":"stdout","time":259.894868186,"data":"[Game 1860] Range: 2-8 | Median/Mean: 4.0 / 3.799 | Fail: 0.968%\n"}
,{"stream_name":"stdout","time":261.155519484,"data":"[Game 1870] Range: 2-8 | Median/Mean: 4.0 / 3.798 | Fail: 0.963%\n"}
,{"stream_name":"stdout","time":262.503665555,"data":"[Game 1880] Range: 2-8 | Median/Mean: 4.0 / 3.800 | Fail: 1.011%\n"}
,{"stream_name":"stdout","time":264.011356216,"data":"[Game 1890] Range: 2-8 | Median/Mean: 4.0 / 3.802 | Fail: 1.005%\n"}
,{"stream_name":"stdout","time":265.363083776,"data":"[Game 1900] Range: 2-8 | Median/Mean: 4.0 / 3.802 | Fail: 1.000%\n"}
,{"stream_name":"stdout","time":266.676893387,"data":"[Game 1910] Range: 2-8 | Median/Mean: 4.0 / 3.802 | Fail: 0.995%\n"}
,{"stream_name":"stdout","time":268.040092432,"data":"[Game 1920] Range: 2-8 | Median/Mean: 4.0 / 3.802 | Fail: 0.990%\n"}
,{"stream_name":"stdout","time":269.239477008,"data":"[Game 1930] Range: 2-8 | Median/Mean: 4.0 / 3.801 | Fail: 0.984%\n"}
,{"stream_name":"stdout","time":270.662789743,"data":"[Game 1940] Range: 2-8 | Median/Mean: 4.0 / 3.802 | Fail: 0.979%\n"}
,{"stream_name":"stdout","time":271.864371436,"data":"[Game 1950] Range: 2-8 | Median/Mean: 4.0 / 3.801 | Fail: 0.974%\n"}
,{"stream_name":"stdout","time":273.456482243,"data":"[Game 1960] Range: 2-8 | Median/Mean: 4.0 / 3.803 | Fail: 1.020%\n"}
,{"stream_name":"stdout","time":274.960189538,"data":"[Game 1970] Range: 2-8 | Median/Mean: 4.0 / 3.805 | Fail: 1.015%\n"}
,{"stream_name":"stdout","time":276.574316697,"data":"[Game 1980] Range: 2-8 | Median/Mean: 4.0 / 3.808 | Fail: 1.010%\n"}
,{"stream_name":"stdout","time":277.731163216,"data":"[Game 1990] Range: 2-8 | Median/Mean: 4.0 / 3.807 | Fail: 1.005%\n"}
,{"stream_name":"stdout","time":279.209221336,"data":"[Game 2000] Range: 2-8 | Median/Mean: 4.0 / 3.807 | Fail: 1.050%\n"}
,{"stream_name":"stdout","time":280.482286578,"data":"[Game 2010] Range: 2-8 | Median/Mean: 4.0 / 3.806 | Fail: 1.045%\n"}
,{"stream_name":"stdout","time":281.899843088,"data":"[Game 2020] Range: 2-8 | Median/Mean: 4.0 / 3.808 | Fail: 1.089%\n"}
,{"stream_name":"stdout","time":283.098814967,"data":"[Game 2030] Range: 2-8 | Median/Mean: 4.0 / 3.807 | Fail: 1.084%\n"}
,{"stream_name":"stdout","time":285.003499079,"data":"[Game 2040] Range: 2-8 | Median/Mean: 4.0 / 3.811 | Fail: 1.127%\n"}
,{"stream_name":"stdout","time":286.565441322,"data":"[Game 2050] Range: 2-8 | Median/Mean: 4.0 / 3.813 | Fail: 1.122%\n"}
,{"stream_name":"stdout","time":287.845587641,"data":"[Game 2060] Range: 2-8 | Median/Mean: 4.0 / 3.813 | Fail: 1.117%\n"}
,{"stream_name":"stdout","time":289.352575312,"data":"[Game 2070] Range: 2-8 | Median/Mean: 4.0 / 3.815 | Fail: 1.159%\n"}
,{"stream_name":"stdout","time":290.808202845,"data":"[Game 2080] Range: 2-8 | Median/Mean: 4.0 / 3.817 | Fail: 1.154%\n"}
,{"stream_name":"stdout","time":292.136540497,"data":"[Game 2090] Range: 2-8 | Median/Mean: 4.0 / 3.816 | Fail: 1.148%\n"}
,{"stream_name":"stdout","time":293.645965222,"data":"[Game 2100] Range: 2-8 | Median/Mean: 4.0 / 3.818 | Fail: 1.190%\n"}
,{"stream_name":"stdout","time":294.818866054,"data":"[Game 2110] Range: 2-8 | Median/Mean: 4.0 / 3.817 | Fail: 1.185%\n"}
,{"stream_name":"stdout","time":295.99132019,"data":"[Game 2120] Range: 2-8 | Median/Mean: 4.0 / 3.817 | Fail: 1.179%\n"}
,{"stream_name":"stdout","time":297.659373532,"data":"[Game 2130] Range: 2-8 | Median/Mean: 4.0 / 3.821 | Fail: 1.221%\n"}
,{"stream_name":"stdout","time":299.084337937,"data":"[Game 2140] Range: 2-8 | Median/Mean: 4.0 / 3.821 | Fail: 1.215%\n"}
,{"stream_name":"stdout","time":300.67227774,"data":"[Game 2150] Range: 2-8 | Median/Mean: 4.0 / 3.823 | Fail: 1.209%\n"}
,{"stream_name":"stdout","time":302.141457812,"data":"[Game 2160] Range: 2-8 | Median/Mean: 4.0 / 3.823 | Fail: 1.204%\n"}
,{"stream_name":"stdout","time":304.324713561,"data":"[Game 2170] Range: 2-8 | Median/Mean: 4.0 / 3.829 | Fail: 1.290%\n"}
,{"stream_name":"stdout","time":305.635705596,"data":"[Game 2180] Range: 2-8 | Median/Mean: 4.0 / 3.828 | Fail: 1.284%\n"}
,{"stream_name":"stdout","time":306.843693593,"data":"[Game 2190] Range: 2-8 | Median/Mean: 4.0 / 3.827 | Fail: 1.279%\n"}
,{"stream_name":"stdout","time":308.121071586,"data":"[Game 2200] Range: 2-8 | Median/Mean: 4.0 / 3.827 | Fail: 1.273%\n"}
,{"stream_name":"stdout","time":309.313510128,"data":"[Game 2210] Range: 2-8 | Median/Mean: 4.0 / 3.827 | Fail: 1.267%\n"}
,{"stream_name":"stdout","time":310.887436447,"data":"[Game 2220] Range: 2-8 | Median/Mean: 4.0 / 3.828 | Fail: 1.261%\n"}
,{"stream_name":"stdout","time":312.259142568,"data":"[Game 2230] Range: 2-8 | Median/Mean: 4.0 / 3.828 | Fail: 1.256%\n"}
,{"stream_name":"stdout","time":313.710066236,"data":"[Game 2240] Range: 2-8 | Median/Mean: 4.0 / 3.828 | Fail: 1.250%\n"}
,{"stream_name":"stdout","time":315.222889103,"data":"[Game 2250] Range: 2-8 | Median/Mean: 4.0 / 3.829 | Fail: 1.244%\n"}
,{"stream_name":"stdout","time":316.814170626,"data":"[Game 2260] Range: 2-8 | Median/Mean: 4.0 / 3.831 | Fail: 1.327%\n"}
,{"stream_name":"stdout","time":318.039971689,"data":"[Game 2270] Range: 2-8 | Median/Mean: 4.0 / 3.830 | Fail: 1.322%\n"}
,{"stream_name":"stdout","time":319.465420656,"data":"[Game 2280] Range: 2-8 | Median/Mean: 4.0 / 3.831 | Fail: 1.316%\n"}
,{"stream_name":"stdout","time":321.031077929,"data":"[Game 2290] Range: 2-8 | Median/Mean: 4.0 / 3.832 | Fail: 1.354%\n"}
,{"stream_name":"stdout","time":321.97946597,"data":"[Game 2300] Range: 2-8 | Median/Mean: 4.0 / 3.830 | Fail: 1.348%\n"}
,{"stream_name":"stdout","time":323.219805375,"data":"[Game 2310] Range: 2-8 | Median/Mean: 4.0 / 3.828 | Fail: 1.342%\n"}
,{"stream_name":"stdout","time":324.170993391,"data":"Summary:\n"}
,{"stream_name":"stdout","time":324.181494067,"data":"Distribution across steps:\n"}
,{"stream_name":"stdout","time":324.189722207,"data":"Key Metrics:\n"}
,{"stream_name":"stderr","time":327.503785756,"data":"/opt/conda/lib/python3.7/site-packages/traitlets/traitlets.py:2567: FutureWarning: --Exporter.preprocessors=[\"remove_papermill_header.RemovePapermillHeader\"] for containers is deprecated in traitlets 5.0. You can pass `--Exporter.preprocessors item` ... multiple times to add items to a list.\n"}
,{"stream_name":"stderr","time":327.50387108,"data":"  FutureWarning,\n"}
,{"stream_name":"stderr","time":327.503952373,"data":"[NbConvertApp] Converting notebook __notebook__.ipynb to notebook\n"}
,{"stream_name":"stderr","time":327.823866537,"data":"[NbConvertApp] Writing 32790 bytes to __notebook__.ipynb\n"}
,{"stream_name":"stderr","time":330.053276881,"data":"/opt/conda/lib/python3.7/site-packages/traitlets/traitlets.py:2567: FutureWarning: --Exporter.preprocessors=[\"nbconvert.preprocessors.ExtractOutputPreprocessor\"] for containers is deprecated in traitlets 5.0. You can pass `--Exporter.preprocessors item` ... multiple times to add items to a list.\n"}
,{"stream_name":"stderr","time":330.053496154,"data":"  FutureWarning,\n"}
,{"stream_name":"stderr","time":330.053509486,"data":"[NbConvertApp] Converting notebook __notebook__.ipynb to html\n"}
,{"stream_name":"stderr","time":330.588063125,"data":"[NbConvertApp] Writing 308272 bytes to __results__.html\n"}
]