[{"stream_name":"stderr","time":13.153573336000001,"data":"/opt/conda/lib/python3.7/site-packages/papermill/iorw.py:50: FutureWarning: pyarrow.HadoopFileSystem is deprecated as of 2.0.0, please use pyarrow.fs.HadoopFileSystem instead.\n"}
,{"stream_name":"stderr","time":13.153686132,"data":"  from pyarrow import HadoopFileSystem\n"}
,{"stream_name":"stdout","time":15.085646235,"data":"[ ---------- LORES ----------]\n"}
,{"stream_name":"stdout","time":16.702836084,"data":"[Game 10] Range: 3-5 | Median/Mean: 4.0 / 4.200 | Fail: 0.000%\n"}
,{"stream_name":"stdout","time":17.991606662,"data":"[Game 20] Range: 3-5 | Median/Mean: 4.0 / 3.900 | Fail: 0.000%\n"}
,{"stream_name":"stdout","time":19.632388798,"data":"[Game 30] Range: 3-6 | Median/Mean: 4.0 / 3.933 | Fail: 0.000%\n"}
,{"stream_name":"stdout","time":21.144047207,"data":"[Game 40] Range: 3-6 | Median/Mean: 4.0 / 3.950 | Fail: 0.000%\n"}
,{"stream_name":"stdout","time":22.451055742,"data":"[Game 50] Range: 3-6 | Median/Mean: 4.0 / 3.860 | Fail: 0.000%\n"}
,{"stream_name":"stdout","time":23.688875644,"data":"[Game 60] Range: 2-6 | Median/Mean: 4.0 / 3.833 | Fail: 0.000%\n"}
,{"stream_name":"stdout","time":24.959342727,"data":"[Game 70] Range: 2-6 | Median/Mean: 4.0 / 3.843 | Fail: 0.000%\n"}
,{"stream_name":"stdout","time":25.973373644,"data":"[Game 80] Range: 2-6 | Median/Mean: 4.0 / 3.763 | Fail: 0.000%\n"}
,{"stream_name":"stdout","time":27.317872155,"data":"[Game 90] Range: 2-6 | Median/Mean: 4.0 / 3.789 | Fail: 0.000%\n"}
,{"stream_name":"stdout","time":28.109220235,"data":"[Game 100] Range: 2-6 | Median/Mean: 4.0 / 3.700 | Fail: 0.000%\n"}
,{"stream_name":"stdout","time":29.417709315,"data":"[Game 110] Range: 2-6 | Median/Mean: 4.0 / 3.727 | Fail: 0.000%\n"}
,{"stream_name":"stdout","time":30.856465375,"data":"[Game 120] Range: 2-7 | Median/Mean: 4.0 / 3.733 | Fail: 0.833%\n"}
,{"stream_name":"stdout","time":32.065507232,"data":"[Game 130] Range: 2-7 | Median/Mean: 4.0 / 3.715 | Fail: 1.538%\n"}
,{"stream_name":"stdout","time":33.049980387,"data":"[Game 140] Range: 2-7 | Median/Mean: 4.0 / 3.693 | Fail: 1.429%\n"}
,{"stream_name":"stdout","time":34.325355691,"data":"[Game 150] Range: 2-7 | Median/Mean: 4.0 / 3.680 | Fail: 1.333%\n"}
,{"stream_name":"stdout","time":35.595433034,"data":"[Game 160] Range: 2-7 | Median/Mean: 4.0 / 3.681 | Fail: 1.250%\n"}
,{"stream_name":"stdout","time":36.712512877,"data":"[Game 170] Range: 2-7 | Median/Mean: 4.0 / 3.671 | Fail: 1.176%\n"}
,{"stream_name":"stdout","time":37.905026566,"data":"[Game 180] Range: 2-7 | Median/Mean: 4.0 / 3.656 | Fail: 1.111%\n"}
,{"stream_name":"stdout","time":39.480386523,"data":"[Game 190] Range: 2-7 | Median/Mean: 4.0 / 3.695 | Fail: 1.053%\n"}
,{"stream_name":"stdout","time":40.720809408,"data":"[Game 200] Range: 2-7 | Median/Mean: 4.0 / 3.700 | Fail: 1.000%\n"}
,{"stream_name":"stdout","time":42.047367983,"data":"[Game 210] Range: 2-7 | Median/Mean: 4.0 / 3.710 | Fail: 0.952%\n"}
,{"stream_name":"stdout","time":43.400770634,"data":"[Game 220] Range: 2-7 | Median/Mean: 4.0 / 3.705 | Fail: 0.909%\n"}
,{"stream_name":"stdout","time":44.600080784,"data":"[Game 230] Range: 2-7 | Median/Mean: 4.0 / 3.700 | Fail: 1.304%\n"}
,{"stream_name":"stdout","time":45.710651211,"data":"[Game 240] Range: 2-7 | Median/Mean: 4.0 / 3.688 | Fail: 1.250%\n"}
,{"stream_name":"stdout","time":46.905399751,"data":"[Game 250] Range: 2-7 | Median/Mean: 4.0 / 3.684 | Fail: 1.200%\n"}
,{"stream_name":"stdout","time":48.04441641,"data":"[Game 260] Range: 2-7 | Median/Mean: 4.0 / 3.688 | Fail: 1.154%\n"}
,{"stream_name":"stdout","time":49.190268267,"data":"[Game 270] Range: 2-7 | Median/Mean: 4.0 / 3.678 | Fail: 1.111%\n"}
,{"stream_name":"stdout","time":50.412981671,"data":"[Game 280] Range: 2-7 | Median/Mean: 4.0 / 3.675 | Fail: 1.071%\n"}
,{"stream_name":"stdout","time":52.009292248,"data":"[Game 290] Range: 2-7 | Median/Mean: 4.0 / 3.683 | Fail: 1.034%\n"}
,{"stream_name":"stdout","time":53.71082362,"data":"[Game 300] Range: 2-7 | Median/Mean: 4.0 / 3.697 | Fail: 1.000%\n"}
,{"stream_name":"stdout","time":55.268521081,"data":"[Game 310] Range: 2-7 | Median/Mean: 4.0 / 3.700 | Fail: 0.968%\n"}
,{"stream_name":"stdout","time":56.472099793,"data":"[Game 320] Range: 2-7 | Median/Mean: 4.0 / 3.706 | Fail: 1.250%\n"}
,{"stream_name":"stdout","time":57.631493168,"data":"[Game 330] Range: 2-7 | Median/Mean: 4.0 / 3.697 | Fail: 1.212%\n"}
,{"stream_name":"stdout","time":59.423025864,"data":"[Game 340] Range: 2-7 | Median/Mean: 4.0 / 3.712 | Fail: 1.176%\n"}
,{"stream_name":"stdout","time":60.470303971,"data":"[Game 350] Range: 2-7 | Median/Mean: 4.0 / 3.700 | Fail: 1.143%\n"}
,{"stream_name":"stdout","time":61.668270554,"data":"[Game 360] Range: 2-7 | Median/Mean: 4.0 / 3.708 | Fail: 1.111%\n"}
,{"stream_name":"stdout","time":62.926803558,"data":"[Game 370] Range: 2-7 | Median/Mean: 4.0 / 3.711 | Fail: 1.081%\n"}
,{"stream_name":"stdout","time":64.195098624,"data":"[Game 380] Range: 2-7 | Median/Mean: 4.0 / 3.718 | Fail: 1.053%\n"}
,{"stream_name":"stdout","time":65.565949851,"data":"[Game 390] Range: 2-7 | Median/Mean: 4.0 / 3.728 | Fail: 1.026%\n"}
,{"stream_name":"stdout","time":67.17725906,"data":"[Game 400] Range: 2-7 | Median/Mean: 4.0 / 3.748 | Fail: 1.000%\n"}
,{"stream_name":"stdout","time":68.448344977,"data":"[Game 410] Range: 2-7 | Median/Mean: 4.0 / 3.754 | Fail: 0.976%\n"}
,{"stream_name":"stdout","time":70.175192227,"data":"[Game 420] Range: 2-7 | Median/Mean: 4.0 / 3.771 | Fail: 1.190%\n"}
,{"stream_name":"stdout","time":71.40601563,"data":"[Game 430] Range: 2-7 | Median/Mean: 4.0 / 3.767 | Fail: 1.163%\n"}
,{"stream_name":"stdout","time":72.971350793,"data":"[Game 440] Range: 2-7 | Median/Mean: 4.0 / 3.780 | Fail: 1.136%\n"}
,{"stream_name":"stdout","time":74.343697204,"data":"[Game 450] Range: 2-7 | Median/Mean: 4.0 / 3.780 | Fail: 1.111%\n"}
,{"stream_name":"stdout","time":75.752871621,"data":"[Game 460] Range: 2-7 | Median/Mean: 4.0 / 3.785 | Fail: 1.087%\n"}
,{"stream_name":"stdout","time":77.209206341,"data":"[Game 470] Range: 2-7 | Median/Mean: 4.0 / 3.783 | Fail: 1.064%\n"}
,{"stream_name":"stdout","time":78.565921759,"data":"[Game 480] Range: 2-7 | Median/Mean: 4.0 / 3.783 | Fail: 1.042%\n"}
,{"stream_name":"stdout","time":80.13611043,"data":"[Game 490] Range: 2-7 | Median/Mean: 4.0 / 3.790 | Fail: 1.020%\n"}
,{"stream_name":"stdout","time":81.518569445,"data":"[Game 500] Range: 2-7 | Median/Mean: 4.0 / 3.792 | Fail: 1.000%\n"}
,{"stream_name":"stdout","time":82.95688531,"data":"[Game 510] Range: 2-7 | Median/Mean: 4.0 / 3.794 | Fail: 0.980%\n"}
,{"stream_name":"stdout","time":84.265079632,"data":"[Game 520] Range: 2-7 | Median/Mean: 4.0 / 3.790 | Fail: 0.962%\n"}
,{"stream_name":"stdout","time":85.392608332,"data":"[Game 530] Range: 2-7 | Median/Mean: 4.0 / 3.789 | Fail: 0.943%\n"}
,{"stream_name":"stdout","time":86.862355328,"data":"[Game 540] Range: 2-7 | Median/Mean: 4.0 / 3.791 | Fail: 0.926%\n"}
,{"stream_name":"stdout","time":88.272845855,"data":"[Game 550] Range: 2-7 | Median/Mean: 4.0 / 3.789 | Fail: 0.909%\n"}
,{"stream_name":"stdout","time":89.777518145,"data":"[Game 560] Range: 2-7 | Median/Mean: 4.0 / 3.796 | Fail: 0.893%\n"}
,{"stream_name":"stdout","time":90.990320491,"data":"[Game 570] Range: 2-7 | Median/Mean: 4.0 / 3.796 | Fail: 0.877%\n"}
,{"stream_name":"stdout","time":92.172154793,"data":"[Game 580] Range: 2-7 | Median/Mean: 4.0 / 3.793 | Fail: 0.862%\n"}
,{"stream_name":"stdout","time":93.81957029,"data":"[Game 590] Range: 2-7 | Median/Mean: 4.0 / 3.802 | Fail: 0.847%\n"}
,{"stream_name":"stdout","time":94.779898136,"data":"[Game 600] Range: 2-7 | Median/Mean: 4.0 / 3.797 | Fail: 0.833%\n"}
,{"stream_name":"stdout","time":96.073627258,"data":"[Game 610] Range: 2-7 | Median/Mean: 4.0 / 3.795 | Fail: 0.984%\n"}
,{"stream_name":"stdout","time":97.358130419,"data":"[Game 620] Range: 2-7 | Median/Mean: 4.0 / 3.794 | Fail: 0.968%\n"}
,{"stream_name":"stdout","time":98.775118831,"data":"[Game 630] Range: 2-7 | Median/Mean: 4.0 / 3.798 | Fail: 0.952%\n"}
,{"stream_name":"stdout","time":100.46933242,"data":"[Game 640] Range: 2-7 | Median/Mean: 4.0 / 3.808 | Fail: 0.938%\n"}
,{"stream_name":"stdout","time":101.826461026,"data":"[Game 650] Range: 2-7 | Median/Mean: 4.0 / 3.812 | Fail: 0.923%\n"}
,{"stream_name":"stdout","time":103.090488087,"data":"[Game 660] Range: 2-7 | Median/Mean: 4.0 / 3.812 | Fail: 0.909%\n"}
,{"stream_name":"stdout","time":104.393641914,"data":"[Game 670] Range: 2-7 | Median/Mean: 4.0 / 3.807 | Fail: 0.896%\n"}
,{"stream_name":"stdout","time":105.660630049,"data":"[Game 680] Range: 2-7 | Median/Mean: 4.0 / 3.807 | Fail: 0.882%\n"}
,{"stream_name":"stdout","time":106.792511194,"data":"[Game 690] Range: 2-7 | Median/Mean: 4.0 / 3.801 | Fail: 0.870%\n"}
,{"stream_name":"stdout","time":107.937723365,"data":"[Game 700] Range: 2-7 | Median/Mean: 4.0 / 3.800 | Fail: 0.857%\n"}
,{"stream_name":"stdout","time":109.498475472,"data":"[Game 710] Range: 2-7 | Median/Mean: 4.0 / 3.807 | Fail: 0.845%\n"}
,{"stream_name":"stdout","time":110.816321668,"data":"[Game 720] Range: 2-7 | Median/Mean: 4.0 / 3.812 | Fail: 0.833%\n"}
,{"stream_name":"stdout","time":112.431794092,"data":"[Game 730] Range: 2-7 | Median/Mean: 4.0 / 3.815 | Fail: 0.959%\n"}
,{"stream_name":"stdout","time":113.925416525,"data":"[Game 740] Range: 2-7 | Median/Mean: 4.0 / 3.820 | Fail: 1.081%\n"}
,{"stream_name":"stdout","time":115.309594732,"data":"[Game 750] Range: 2-7 | Median/Mean: 4.0 / 3.820 | Fail: 1.067%\n"}
,{"stream_name":"stdout","time":117.084159703,"data":"[Game 760] Range: 2-7 | Median/Mean: 4.0 / 3.830 | Fail: 1.053%\n"}
,{"stream_name":"stdout","time":118.402391485,"data":"[Game 770] Range: 2-7 | Median/Mean: 4.0 / 3.829 | Fail: 1.039%\n"}
,{"stream_name":"stdout","time":119.595248048,"data":"[Game 780] Range: 2-7 | Median/Mean: 4.0 / 3.826 | Fail: 1.026%\n"}
,{"stream_name":"stdout","time":121.000680007,"data":"[Game 790] Range: 2-7 | Median/Mean: 4.0 / 3.824 | Fail: 1.013%\n"}
,{"stream_name":"stdout","time":122.282579591,"data":"[Game 800] Range: 2-7 | Median/Mean: 4.0 / 3.825 | Fail: 1.000%\n"}
,{"stream_name":"stdout","time":123.322807395,"data":"[Game 810] Range: 2-7 | Median/Mean: 4.0 / 3.820 | Fail: 0.988%\n"}
,{"stream_name":"stdout","time":124.487500166,"data":"[Game 820] Range: 2-7 | Median/Mean: 4.0 / 3.821 | Fail: 0.976%\n"}
,{"stream_name":"stdout","time":125.643475449,"data":"[Game 830] Range: 2-7 | Median/Mean: 4.0 / 3.818 | Fail: 0.964%\n"}
,{"stream_name":"stdout","time":126.864166787,"data":"[Game 840] Range: 2-7 | Median/Mean: 4.0 / 3.820 | Fail: 0.952%\n"}
,{"stream_name":"stdout","time":128.117006103,"data":"[Game 850] Range: 2-7 | Median/Mean: 4.0 / 3.820 | Fail: 0.941%\n"}
,{"stream_name":"stdout","time":129.420886352,"data":"[Game 860] Range: 2-7 | Median/Mean: 4.0 / 3.819 | Fail: 0.930%\n"}
,{"stream_name":"stdout","time":130.599616994,"data":"[Game 870] Range: 2-7 | Median/Mean: 4.0 / 3.815 | Fail: 0.920%\n"}
,{"stream_name":"stdout","time":131.907161553,"data":"[Game 880] Range: 2-7 | Median/Mean: 4.0 / 3.816 | Fail: 0.909%\n"}
,{"stream_name":"stdout","time":132.937509278,"data":"[Game 890] Range: 2-7 | Median/Mean: 4.0 / 3.813 | Fail: 0.899%\n"}
,{"stream_name":"stdout","time":134.198114345,"data":"[Game 900] Range: 2-7 | Median/Mean: 4.0 / 3.809 | Fail: 0.889%\n"}
,{"stream_name":"stdout","time":135.37875908,"data":"[Game 910] Range: 2-7 | Median/Mean: 4.0 / 3.809 | Fail: 0.989%\n"}
,{"stream_name":"stdout","time":137.1677322,"data":"[Game 920] Range: 2-7 | Median/Mean: 4.0 / 3.813 | Fail: 0.978%\n"}
,{"stream_name":"stdout","time":138.197766985,"data":"[Game 930] Range: 2-7 | Median/Mean: 4.0 / 3.813 | Fail: 0.968%\n"}
,{"stream_name":"stdout","time":139.810575812,"data":"[Game 940] Range: 2-7 | Median/Mean: 4.0 / 3.818 | Fail: 0.957%\n"}
,{"stream_name":"stdout","time":141.013395523,"data":"[Game 950] Range: 2-7 | Median/Mean: 4.0 / 3.818 | Fail: 0.947%\n"}
,{"stream_name":"stdout","time":142.408654615,"data":"[Game 960] Range: 2-7 | Median/Mean: 4.0 / 3.821 | Fail: 0.938%\n"}
,{"stream_name":"stdout","time":143.698808068,"data":"[Game 970] Range: 2-7 | Median/Mean: 4.0 / 3.818 | Fail: 0.928%\n"}
,{"stream_name":"stdout","time":145.030498418,"data":"[Game 980] Range: 2-7 | Median/Mean: 4.0 / 3.816 | Fail: 0.918%\n"}
,{"stream_name":"stdout","time":146.546549548,"data":"[Game 990] Range: 2-7 | Median/Mean: 4.0 / 3.817 | Fail: 0.909%\n"}
,{"stream_name":"stdout","time":148.035938082,"data":"[Game 1000] Range: 2-7 | Median/Mean: 4.0 / 3.819 | Fail: 0.900%\n"}
,{"stream_name":"stdout","time":149.494238488,"data":"[Game 1010] Range: 2-7 | Median/Mean: 4.0 / 3.819 | Fail: 0.891%\n"}
,{"stream_name":"stdout","time":150.74781127400001,"data":"[Game 1020] Range: 2-7 | Median/Mean: 4.0 / 3.820 | Fail: 0.882%\n"}
,{"stream_name":"stdout","time":151.947541061,"data":"[Game 1030] Range: 2-7 | Median/Mean: 4.0 / 3.817 | Fail: 0.874%\n"}
,{"stream_name":"stdout","time":153.397979403,"data":"[Game 1040] Range: 2-7 | Median/Mean: 4.0 / 3.817 | Fail: 0.865%\n"}
,{"stream_name":"stdout","time":154.65539295600001,"data":"[Game 1050] Range: 2-7 | Median/Mean: 4.0 / 3.815 | Fail: 0.857%\n"}
,{"stream_name":"stdout","time":156.138741216,"data":"[Game 1060] Range: 2-7 | Median/Mean: 4.0 / 3.819 | Fail: 0.849%\n"}
,{"stream_name":"stdout","time":157.282297371,"data":"[Game 1070] Range: 2-7 | Median/Mean: 4.0 / 3.814 | Fail: 0.841%\n"}
,{"stream_name":"stdout","time":158.664113657,"data":"[Game 1080] Range: 2-7 | Median/Mean: 4.0 / 3.814 | Fail: 0.833%\n"}
,{"stream_name":"stdout","time":160.335220443,"data":"[Game 1090] Range: 2-7 | Median/Mean: 4.0 / 3.819 | Fail: 0.917%\n"}
,{"stream_name":"stdout","time":161.440514112,"data":"[Game 1100] Range: 2-7 | Median/Mean: 4.0 / 3.818 | Fail: 0.909%\n"}
,{"stream_name":"stdout","time":162.684565638,"data":"[Game 1110] Range: 2-7 | Median/Mean: 4.0 / 3.816 | Fail: 0.901%\n"}
,{"stream_name":"stdout","time":163.967413774,"data":"[Game 1120] Range: 2-7 | Median/Mean: 4.0 / 3.814 | Fail: 0.893%\n"}
,{"stream_name":"stdout","time":165.28021983,"data":"[Game 1130] Range: 2-7 | Median/Mean: 4.0 / 3.812 | Fail: 0.885%\n"}
,{"stream_name":"stdout","time":166.814938624,"data":"[Game 1140] Range: 2-7 | Median/Mean: 4.0 / 3.816 | Fail: 0.877%\n"}
,{"stream_name":"stdout","time":168.212496414,"data":"[Game 1150] Range: 2-7 | Median/Mean: 4.0 / 3.817 | Fail: 0.870%\n"}
,{"stream_name":"stdout","time":169.160914122,"data":"[Game 1160] Range: 2-7 | Median/Mean: 4.0 / 3.812 | Fail: 0.862%\n"}
,{"stream_name":"stdout","time":170.520824597,"data":"[Game 1170] Range: 2-7 | Median/Mean: 4.0 / 3.815 | Fail: 0.855%\n"}
,{"stream_name":"stdout","time":171.976971636,"data":"[Game 1180] Range: 2-7 | Median/Mean: 4.0 / 3.817 | Fail: 0.847%\n"}
,{"stream_name":"stdout","time":173.498414935,"data":"[Game 1190] Range: 2-7 | Median/Mean: 4.0 / 3.819 | Fail: 0.840%\n"}
,{"stream_name":"stdout","time":174.841585951,"data":"[Game 1200] Range: 2-7 | Median/Mean: 4.0 / 3.819 | Fail: 0.833%\n"}
,{"stream_name":"stdout","time":176.075368795,"data":"[Game 1210] Range: 2-7 | Median/Mean: 4.0 / 3.819 | Fail: 0.826%\n"}
,{"stream_name":"stdout","time":177.476685774,"data":"[Game 1220] Range: 2-7 | Median/Mean: 4.0 / 3.820 | Fail: 0.820%\n"}
,{"stream_name":"stdout","time":179.066585015,"data":"[Game 1230] Range: 2-7 | Median/Mean: 4.0 / 3.824 | Fail: 0.813%\n"}
,{"stream_name":"stdout","time":180.326927752,"data":"[Game 1240] Range: 2-7 | Median/Mean: 4.0 / 3.822 | Fail: 0.806%\n"}
,{"stream_name":"stdout","time":181.619520029,"data":"[Game 1250] Range: 2-7 | Median/Mean: 4.0 / 3.823 | Fail: 0.800%\n"}
,{"stream_name":"stdout","time":183.157438356,"data":"[Game 1260] Range: 2-7 | Median/Mean: 4.0 / 3.829 | Fail: 0.794%\n"}
,{"stream_name":"stdout","time":184.46500382,"data":"[Game 1270] Range: 2-7 | Median/Mean: 4.0 / 3.828 | Fail: 0.787%\n"}
,{"stream_name":"stdout","time":185.46311694,"data":"[Game 1280] Range: 2-7 | Median/Mean: 4.0 / 3.825 | Fail: 0.781%\n"}
,{"stream_name":"stdout","time":186.575542919,"data":"[Game 1290] Range: 2-7 | Median/Mean: 4.0 / 3.822 | Fail: 0.775%\n"}
,{"stream_name":"stdout","time":187.74533075,"data":"[Game 1300] Range: 2-7 | Median/Mean: 4.0 / 3.822 | Fail: 0.846%\n"}
,{"stream_name":"stdout","time":188.905028427,"data":"[Game 1310] Range: 2-7 | Median/Mean: 4.0 / 3.821 | Fail: 0.840%\n"}
,{"stream_name":"stdout","time":190.181531271,"data":"[Game 1320] Range: 2-7 | Median/Mean: 4.0 / 3.821 | Fail: 0.833%\n"}
,{"stream_name":"stdout","time":191.692625137,"data":"[Game 1330] Range: 2-7 | Median/Mean: 4.0 / 3.824 | Fail: 0.827%\n"}
,{"stream_name":"stdout","time":193.289091224,"data":"[Game 1340] Range: 2-7 | Median/Mean: 4.0 / 3.828 | Fail: 0.821%\n"}
,{"stream_name":"stdout","time":194.590699455,"data":"[Game 1350] Range: 2-7 | Median/Mean: 4.0 / 3.827 | Fail: 0.815%\n"}
,{"stream_name":"stdout","time":195.987739699,"data":"[Game 1360] Range: 2-7 | Median/Mean: 4.0 / 3.829 | Fail: 0.809%\n"}
,{"stream_name":"stdout","time":197.270308362,"data":"[Game 1370] Range: 2-7 | Median/Mean: 4.0 / 3.828 | Fail: 0.803%\n"}
,{"stream_name":"stdout","time":198.993862804,"data":"[Game 1380] Range: 2-7 | Median/Mean: 4.0 / 3.831 | Fail: 0.870%\n"}
,{"stream_name":"stdout","time":200.157774128,"data":"[Game 1390] Range: 2-7 | Median/Mean: 4.0 / 3.831 | Fail: 0.863%\n"}
,{"stream_name":"stdout","time":201.254768257,"data":"[Game 1400] Range: 2-7 | Median/Mean: 4.0 / 3.829 | Fail: 0.857%\n"}
,{"stream_name":"stdout","time":202.740345953,"data":"[Game 1410] Range: 2-7 | Median/Mean: 4.0 / 3.831 | Fail: 0.851%\n"}
,{"stream_name":"stdout","time":204.080857194,"data":"[Game 1420] Range: 2-7 | Median/Mean: 4.0 / 3.830 | Fail: 0.845%\n"}
,{"stream_name":"stdout","time":205.195643957,"data":"[Game 1430] Range: 2-7 | Median/Mean: 4.0 / 3.827 | Fail: 0.839%\n"}
,{"stream_name":"stdout","time":206.537917445,"data":"[Game 1440] Range: 2-7 | Median/Mean: 4.0 / 3.829 | Fail: 0.833%\n"}
,{"stream_name":"stdout","time":207.747517382,"data":"[Game 1450] Range: 2-7 | Median/Mean: 4.0 / 3.828 | Fail: 0.828%\n"}
,{"stream_name":"stdout","time":208.762931613,"data":"[Game 1460] Range: 2-7 | Median/Mean: 4.0 / 3.824 | Fail: 0.822%\n"}
,{"stream_name":"stdout","time":210.184082884,"data":"[Game 1470] Range: 2-7 | Median/Mean: 4.0 / 3.827 | Fail: 0.816%\n"}
,{"stream_name":"stdout","time":211.683827791,"data":"[Game 1480] Range: 2-7 | Median/Mean: 4.0 / 3.830 | Fail: 0.811%\n"}
,{"stream_name":"stdout","time":212.802610221,"data":"[Game 1490] Range: 2-7 | Median/Mean: 4.0 / 3.830 | Fail: 0.805%\n"}
,{"stream_name":"stdout","time":214.428398313,"data":"[Game 1500] Range: 2-7 | Median/Mean: 4.0 / 3.831 | Fail: 0.800%\n"}
,{"stream_name":"stdout","time":215.822734984,"data":"[Game 1510] Range: 2-7 | Median/Mean: 4.0 / 3.832 | Fail: 0.795%\n"}
,{"stream_name":"stdout","time":216.830118387,"data":"[Game 1520] Range: 2-7 | Median/Mean: 4.0 / 3.830 | Fail: 0.789%\n"}
,{"stream_name":"stdout","time":218.195608958,"data":"[Game 1530] Range: 2-7 | Median/Mean: 4.0 / 3.832 | Fail: 0.784%\n"}
,{"stream_name":"stdout","time":219.778005412,"data":"[Game 1540] Range: 2-7 | Median/Mean: 4.0 / 3.836 | Fail: 0.779%\n"}
,{"stream_name":"stdout","time":220.828270858,"data":"[Game 1550] Range: 2-7 | Median/Mean: 4.0 / 3.835 | Fail: 0.774%\n"}
,{"stream_name":"stdout","time":222.191425969,"data":"[Game 1560] Range: 2-7 | Median/Mean: 4.0 / 3.835 | Fail: 0.769%\n"}
,{"stream_name":"stdout","time":223.312006176,"data":"[Game 1570] Range: 2-7 | Median/Mean: 4.0 / 3.835 | Fail: 0.764%\n"}
,{"stream_name":"stdout","time":224.698964284,"data":"[Game 1580] Range: 2-7 | Median/Mean: 4.0 / 3.836 | Fail: 0.759%\n"}
,{"stream_name":"stdout","time":225.806735065,"data":"[Game 1590] Range: 2-7 | Median/Mean: 4.0 / 3.833 | Fail: 0.755%\n"}
,{"stream_name":"stdout","time":227.109938833,"data":"[Game 1600] Range: 2-7 | Median/Mean: 4.0 / 3.831 | Fail: 0.750%\n"}
,{"stream_name":"stdout","time":228.341567493,"data":"[Game 1610] Range: 2-7 | Median/Mean: 4.0 / 3.830 | Fail: 0.745%\n"}
,{"stream_name":"stdout","time":229.772512867,"data":"[Game 1620] Range: 2-7 | Median/Mean: 4.0 / 3.830 | Fail: 0.741%\n"}
,{"stream_name":"stdout","time":231.434923145,"data":"[Game 1630] Range: 2-8 | Median/Mean: 4.0 / 3.832 | Fail: 0.798%\n"}
,{"stream_name":"stdout","time":232.740340162,"data":"[Game 1640] Range: 2-8 | Median/Mean: 4.0 / 3.832 | Fail: 0.793%\n"}
,{"stream_name":"stdout","time":233.86269035,"data":"[Game 1650] Range: 2-8 | Median/Mean: 4.0 / 3.830 | Fail: 0.788%\n"}
,{"stream_name":"stdout","time":235.197258822,"data":"[Game 1660] Range: 2-8 | Median/Mean: 4.0 / 3.830 | Fail: 0.783%\n"}
,{"stream_name":"stdout","time":236.334125043,"data":"[Game 1670] Range: 2-8 | Median/Mean: 4.0 / 3.828 | Fail: 0.778%\n"}
,{"stream_name":"stdout","time":237.985159368,"data":"[Game 1680] Range: 2-8 | Median/Mean: 4.0 / 3.830 | Fail: 0.774%\n"}
,{"stream_name":"stdout","time":238.947295785,"data":"[Game 1690] Range: 2-8 | Median/Mean: 4.0 / 3.828 | Fail: 0.769%\n"}
,{"stream_name":"stdout","time":240.359882057,"data":"[Game 1700] Range: 2-8 | Median/Mean: 4.0 / 3.828 | Fail: 0.765%\n"}
,{"stream_name":"stdout","time":241.820676299,"data":"[Game 1710] Range: 2-8 | Median/Mean: 4.0 / 3.829 | Fail: 0.760%\n"}
,{"stream_name":"stdout","time":243.197853923,"data":"[Game 1720] Range: 2-8 | Median/Mean: 4.0 / 3.831 | Fail: 0.756%\n"}
,{"stream_name":"stdout","time":244.451016273,"data":"[Game 1730] Range: 2-8 | Median/Mean: 4.0 / 3.830 | Fail: 0.751%\n"}
,{"stream_name":"stdout","time":246.106200872,"data":"[Game 1740] Range: 2-8 | Median/Mean: 4.0 / 3.832 | Fail: 0.747%\n"}
,{"stream_name":"stdout","time":247.502722666,"data":"[Game 1750] Range: 2-8 | Median/Mean: 4.0 / 3.833 | Fail: 0.743%\n"}
,{"stream_name":"stdout","time":248.436490407,"data":"[Game 1760] Range: 2-8 | Median/Mean: 4.0 / 3.829 | Fail: 0.739%\n"}
,{"stream_name":"stdout","time":249.491626134,"data":"[Game 1770] Range: 2-8 | Median/Mean: 4.0 / 3.828 | Fail: 0.734%\n"}
,{"stream_name":"stdout","time":251.073994822,"data":"[Game 1780] Range: 2-8 | Median/Mean: 4.0 / 3.829 | Fail: 0.730%\n"}
,{"stream_name":"stdout","time":252.115667199,"data":"[Game 1790] Range: 2-8 | Median/Mean: 4.0 / 3.828 | Fail: 0.726%\n"}
,{"stream_name":"stdout","time":253.493329795,"data":"[Game 1800] Range: 2-8 | Median/Mean: 4.0 / 3.827 | Fail: 0.722%\n"}
,{"stream_name":"stdout","time":254.839205353,"data":"[Game 1810] Range: 2-8 | Median/Mean: 4.0 / 3.827 | Fail: 0.718%\n"}
,{"stream_name":"stdout","time":255.7586794,"data":"[Game 1820] Range: 2-8 | Median/Mean: 4.0 / 3.825 | Fail: 0.714%\n"}
,{"stream_name":"stdout","time":257.434583864,"data":"[Game 1830] Range: 2-8 | Median/Mean: 4.0 / 3.828 | Fail: 0.710%\n"}
,{"stream_name":"stdout","time":258.490352412,"data":"[Game 1840] Range: 2-8 | Median/Mean: 4.0 / 3.827 | Fail: 0.707%\n"}
,{"stream_name":"stdout","time":260.044836787,"data":"[Game 1850] Range: 2-8 | Median/Mean: 4.0 / 3.828 | Fail: 0.703%\n"}
,{"stream_name":"stdout","time":261.36777121,"data":"[Game 1860] Range: 2-8 | Median/Mean: 4.0 / 3.828 | Fail: 0.699%\n"}
,{"stream_name":"stdout","time":262.405818361,"data":"[Game 1870] Range: 2-8 | Median/Mean: 4.0 / 3.826 | Fail: 0.695%\n"}
,{"stream_name":"stdout","time":263.685484548,"data":"[Game 1880] Range: 2-8 | Median/Mean: 4.0 / 3.826 | Fail: 0.691%\n"}
,{"stream_name":"stdout","time":265.271915044,"data":"[Game 1890] Range: 2-8 | Median/Mean: 4.0 / 3.828 | Fail: 0.688%\n"}
,{"stream_name":"stdout","time":266.728597431,"data":"[Game 1900] Range: 2-8 | Median/Mean: 4.0 / 3.828 | Fail: 0.684%\n"}
,{"stream_name":"stdout","time":268.311697195,"data":"[Game 1910] Range: 2-8 | Median/Mean: 4.0 / 3.829 | Fail: 0.681%\n"}
,{"stream_name":"stdout","time":269.426296606,"data":"[Game 1920] Range: 2-8 | Median/Mean: 4.0 / 3.828 | Fail: 0.677%\n"}
,{"stream_name":"stdout","time":270.773794954,"data":"[Game 1930] Range: 2-8 | Median/Mean: 4.0 / 3.826 | Fail: 0.674%\n"}
,{"stream_name":"stdout","time":272.139428266,"data":"[Game 1940] Range: 2-8 | Median/Mean: 4.0 / 3.827 | Fail: 0.670%\n"}
,{"stream_name":"stdout","time":273.376581142,"data":"[Game 1950] Range: 2-8 | Median/Mean: 4.0 / 3.827 | Fail: 0.667%\n"}
,{"stream_name":"stdout","time":274.64807608,"data":"[Game 1960] Range: 2-8 | Median/Mean: 4.0 / 3.829 | Fail: 0.663%\n"}
,{"stream_name":"stdout","time":275.897579477,"data":"[Game 1970] Range: 2-8 | Median/Mean: 4.0 / 3.829 | Fail: 0.660%\n"}
,{"stream_name":"stdout","time":277.759529673,"data":"[Game 1980] Range: 2-8 | Median/Mean: 4.0 / 3.833 | Fail: 0.657%\n"}
,{"stream_name":"stdout","time":278.849750181,"data":"[Game 1990] Range: 2-8 | Median/Mean: 4.0 / 3.832 | Fail: 0.653%\n"}
,{"stream_name":"stdout","time":280.715612062,"data":"[Game 2000] Range: 2-8 | Median/Mean: 4.0 / 3.835 | Fail: 0.700%\n"}
,{"stream_name":"stdout","time":282.066803784,"data":"[Game 2010] Range: 2-8 | Median/Mean: 4.0 / 3.834 | Fail: 0.697%\n"}
,{"stream_name":"stdout","time":283.731495716,"data":"[Game 2020] Range: 2-8 | Median/Mean: 4.0 / 3.837 | Fail: 0.693%\n"}
,{"stream_name":"stdout","time":285.211782469,"data":"[Game 2030] Range: 2-8 | Median/Mean: 4.0 / 3.839 | Fail: 0.690%\n"}
,{"stream_name":"stdout","time":286.238185095,"data":"[Game 2040] Range: 2-8 | Median/Mean: 4.0 / 3.836 | Fail: 0.686%\n"}
,{"stream_name":"stdout","time":288.033891939,"data":"[Game 2050] Range: 2-8 | Median/Mean: 4.0 / 3.839 | Fail: 0.683%\n"}
,{"stream_name":"stdout","time":289.304492701,"data":"[Game 2060] Range: 2-8 | Median/Mean: 4.0 / 3.839 | Fail: 0.680%\n"}
,{"stream_name":"stdout","time":290.898508529,"data":"[Game 2070] Range: 2-9 | Median/Mean: 4.0 / 3.842 | Fail: 0.725%\n"}
,{"stream_name":"stdout","time":292.226551115,"data":"[Game 2080] Range: 2-9 | Median/Mean: 4.0 / 3.844 | Fail: 0.721%\n"}
,{"stream_name":"stdout","time":293.502969706,"data":"[Game 2090] Range: 2-9 | Median/Mean: 4.0 / 3.843 | Fail: 0.718%\n"}
,{"stream_name":"stdout","time":294.981647032,"data":"[Game 2100] Range: 2-9 | Median/Mean: 4.0 / 3.844 | Fail: 0.714%\n"}
,{"stream_name":"stdout","time":296.21520758,"data":"[Game 2110] Range: 2-9 | Median/Mean: 4.0 / 3.842 | Fail: 0.711%\n"}
,{"stream_name":"stdout","time":297.684615185,"data":"[Game 2120] Range: 2-9 | Median/Mean: 4.0 / 3.844 | Fail: 0.708%\n"}
,{"stream_name":"stdout","time":299.523993973,"data":"[Game 2130] Range: 2-9 | Median/Mean: 4.0 / 3.846 | Fail: 0.704%\n"}
,{"stream_name":"stdout","time":301.041157713,"data":"[Game 2140] Range: 2-9 | Median/Mean: 4.0 / 3.849 | Fail: 0.701%\n"}
,{"stream_name":"stdout","time":302.300515641,"data":"[Game 2150] Range: 2-9 | Median/Mean: 4.0 / 3.848 | Fail: 0.744%\n"}
,{"stream_name":"stdout","time":303.873850766,"data":"[Game 2160] Range: 2-9 | Median/Mean: 4.0 / 3.849 | Fail: 0.741%\n"}
,{"stream_name":"stdout","time":305.642082916,"data":"[Game 2170] Range: 2-9 | Median/Mean: 4.0 / 3.852 | Fail: 0.783%\n"}
,{"stream_name":"stdout","time":307.048613308,"data":"[Game 2180] Range: 2-9 | Median/Mean: 4.0 / 3.852 | Fail: 0.780%\n"}
,{"stream_name":"stdout","time":308.427270468,"data":"[Game 2190] Range: 2-9 | Median/Mean: 4.0 / 3.852 | Fail: 0.776%\n"}
,{"stream_name":"stdout","time":309.601971624,"data":"[Game 2200] Range: 2-9 | Median/Mean: 4.0 / 3.851 | Fail: 0.773%\n"}
,{"stream_name":"stdout","time":310.588049238,"data":"[Game 2210] Range: 2-9 | Median/Mean: 4.0 / 3.850 | Fail: 0.769%\n"}
,{"stream_name":"stdout","time":311.81171611,"data":"[Game 2220] Range: 2-9 | Median/Mean: 4.0 / 3.851 | Fail: 0.766%\n"}
,{"stream_name":"stdout","time":312.967405175,"data":"[Game 2230] Range: 2-9 | Median/Mean: 4.0 / 3.852 | Fail: 0.807%\n"}
,{"stream_name":"stdout","time":314.18382669,"data":"[Game 2240] Range: 2-9 | Median/Mean: 4.0 / 3.850 | Fail: 0.804%\n"}
,{"stream_name":"stdout","time":315.793037595,"data":"[Game 2250] Range: 2-9 | Median/Mean: 4.0 / 3.851 | Fail: 0.800%\n"}
,{"stream_name":"stdout","time":317.342484798,"data":"[Game 2260] Range: 2-9 | Median/Mean: 4.0 / 3.853 | Fail: 0.885%\n"}
,{"stream_name":"stdout","time":318.927056714,"data":"[Game 2270] Range: 2-9 | Median/Mean: 4.0 / 3.854 | Fail: 0.881%\n"}
,{"stream_name":"stdout","time":320.084284653,"data":"[Game 2280] Range: 2-9 | Median/Mean: 4.0 / 3.854 | Fail: 0.877%\n"}
,{"stream_name":"stdout","time":321.704051792,"data":"[Game 2290] Range: 2-9 | Median/Mean: 4.0 / 3.855 | Fail: 0.917%\n"}
,{"stream_name":"stdout","time":322.853338303,"data":"[Game 2300] Range: 2-9 | Median/Mean: 4.0 / 3.854 | Fail: 0.913%\n"}
,{"stream_name":"stdout","time":323.923275631,"data":"[Game 2310] Range: 2-9 | Median/Mean: 4.0 / 3.854 | Fail: 0.909%\n"}
,{"stream_name":"stdout","time":324.999572904,"data":"Summary:\n"}
,{"stream_name":"stdout","time":325.013931113,"data":"Distribution across steps:\n"}
,{"stream_name":"stdout","time":325.024741856,"data":"Key Metrics:\n"}
,{"stream_name":"stderr","time":328.621144324,"data":"/opt/conda/lib/python3.7/site-packages/traitlets/traitlets.py:2567: FutureWarning: --Exporter.preprocessors=[\"remove_papermill_header.RemovePapermillHeader\"] for containers is deprecated in traitlets 5.0. You can pass `--Exporter.preprocessors item` ... multiple times to add items to a list.\n"}
,{"stream_name":"stderr","time":328.621225927,"data":"  FutureWarning,\n"}
,{"stream_name":"stderr","time":328.621246407,"data":"[NbConvertApp] Converting notebook __notebook__.ipynb to notebook\n"}
,{"stream_name":"stderr","time":329.035581012,"data":"[NbConvertApp] Writing 32940 bytes to __notebook__.ipynb\n"}
,{"stream_name":"stderr","time":331.557976988,"data":"/opt/conda/lib/python3.7/site-packages/traitlets/traitlets.py:2567: FutureWarning: --Exporter.preprocessors=[\"nbconvert.preprocessors.ExtractOutputPreprocessor\"] for containers is deprecated in traitlets 5.0. You can pass `--Exporter.preprocessors item` ... multiple times to add items to a list.\n"}
,{"stream_name":"stderr","time":331.558051625,"data":"  FutureWarning,\n"}
,{"stream_name":"stderr","time":331.558061333,"data":"[NbConvertApp] Converting notebook __notebook__.ipynb to html\n"}
,{"stream_name":"stderr","time":332.211098783,"data":"[NbConvertApp] Writing 308313 bytes to __results__.html\n"}
]