[{"stream_name":"stderr","time":12.342934106,"data":"/opt/conda/lib/python3.7/site-packages/papermill/iorw.py:50: FutureWarning: pyarrow.HadoopFileSystem is deprecated as of 2.0.0, please use pyarrow.fs.HadoopFileSystem instead.\n"}
,{"stream_name":"stderr","time":12.343010823,"data":"  from pyarrow import HadoopFileSystem\n"}
,{"stream_name":"stdout","time":13.924778213,"data":"[ ---------- AROSE ----------]\n"}
,{"stream_name":"stdout","time":15.421680334,"data":"[Game 10] Range: 2-5 | Median/Mean: 4.0 / 4.000 | Fail: 0.000%\n"}
,{"stream_name":"stdout","time":16.610882565,"data":"[Game 20] Range: 2-5 | Median/Mean: 4.0 / 3.800 | Fail: 0.000%\n"}
,{"stream_name":"stdout","time":18.058000575,"data":"[Game 30] Range: 2-5 | Median/Mean: 4.0 / 3.800 | Fail: 0.000%\n"}
,{"stream_name":"stdout","time":19.416990125,"data":"[Game 40] Range: 2-6 | Median/Mean: 4.0 / 3.825 | Fail: 0.000%\n"}
,{"stream_name":"stdout","time":20.959681796,"data":"[Game 50] Range: 2-6 | Median/Mean: 4.0 / 3.900 | Fail: 0.000%\n"}
,{"stream_name":"stdout","time":22.414292441,"data":"[Game 60] Range: 2-6 | Median/Mean: 4.0 / 3.833 | Fail: 0.000%\n"}
,{"stream_name":"stdout","time":23.7964218,"data":"[Game 70] Range: 2-6 | Median/Mean: 4.0 / 3.886 | Fail: 0.000%\n"}
,{"stream_name":"stdout","time":24.787328216,"data":"[Game 80] Range: 2-6 | Median/Mean: 4.0 / 3.788 | Fail: 0.000%\n"}
,{"stream_name":"stdout","time":26.143896266,"data":"[Game 90] Range: 2-6 | Median/Mean: 4.0 / 3.800 | Fail: 0.000%\n"}
,{"stream_name":"stdout","time":27.39009664,"data":"[Game 100] Range: 2-6 | Median/Mean: 4.0 / 3.790 | Fail: 0.000%\n"}
,{"stream_name":"stdout","time":28.479580675,"data":"[Game 110] Range: 2-6 | Median/Mean: 4.0 / 3.782 | Fail: 0.000%\n"}
,{"stream_name":"stdout","time":29.973658,"data":"[Game 120] Range: 2-7 | Median/Mean: 4.0 / 3.800 | Fail: 0.833%\n"}
,{"stream_name":"stdout","time":31.328415110999998,"data":"[Game 130] Range: 2-7 | Median/Mean: 4.0 / 3.785 | Fail: 0.769%\n"}
,{"stream_name":"stdout","time":32.853981308,"data":"[Game 140] Range: 2-7 | Median/Mean: 4.0 / 3.829 | Fail: 0.714%\n"}
,{"stream_name":"stdout","time":34.159398299,"data":"[Game 150] Range: 2-7 | Median/Mean: 4.0 / 3.840 | Fail: 0.667%\n"}
,{"stream_name":"stdout","time":35.369177808,"data":"[Game 160] Range: 2-7 | Median/Mean: 4.0 / 3.837 | Fail: 0.625%\n"}
,{"stream_name":"stdout","time":36.214887264,"data":"[Game 170] Range: 2-7 | Median/Mean: 4.0 / 3.794 | Fail: 0.588%\n"}
,{"stream_name":"stdout","time":37.298880967,"data":"[Game 180] Range: 2-7 | Median/Mean: 4.0 / 3.772 | Fail: 0.556%\n"}
,{"stream_name":"stdout","time":38.547268524,"data":"[Game 190] Range: 2-7 | Median/Mean: 4.0 / 3.784 | Fail: 0.526%\n"}
,{"stream_name":"stdout","time":39.532032698,"data":"[Game 200] Range: 2-7 | Median/Mean: 4.0 / 3.760 | Fail: 0.500%\n"}
,{"stream_name":"stdout","time":40.925847656,"data":"[Game 210] Range: 2-7 | Median/Mean: 4.0 / 3.771 | Fail: 0.476%\n"}
,{"stream_name":"stdout","time":42.233930348,"data":"[Game 220] Range: 2-7 | Median/Mean: 4.0 / 3.768 | Fail: 0.455%\n"}
,{"stream_name":"stdout","time":43.468812794,"data":"[Game 230] Range: 2-7 | Median/Mean: 4.0 / 3.761 | Fail: 0.435%\n"}
,{"stream_name":"stdout","time":44.711583116,"data":"[Game 240] Range: 2-7 | Median/Mean: 4.0 / 3.746 | Fail: 0.417%\n"}
,{"stream_name":"stdout","time":46.001092302,"data":"[Game 250] Range: 2-7 | Median/Mean: 4.0 / 3.744 | Fail: 0.400%\n"}
,{"stream_name":"stdout","time":47.11086858,"data":"[Game 260] Range: 2-7 | Median/Mean: 4.0 / 3.742 | Fail: 0.385%\n"}
,{"stream_name":"stdout","time":48.373741798,"data":"[Game 270] Range: 2-7 | Median/Mean: 4.0 / 3.737 | Fail: 0.370%\n"}
,{"stream_name":"stdout","time":49.454750849,"data":"[Game 280] Range: 2-7 | Median/Mean: 4.0 / 3.725 | Fail: 0.357%\n"}
,{"stream_name":"stdout","time":50.689435844,"data":"[Game 290] Range: 2-7 | Median/Mean: 4.0 / 3.717 | Fail: 0.345%\n"}
,{"stream_name":"stdout","time":52.246721891,"data":"[Game 300] Range: 2-7 | Median/Mean: 4.0 / 3.737 | Fail: 0.333%\n"}
,{"stream_name":"stdout","time":53.906238201,"data":"[Game 310] Range: 2-7 | Median/Mean: 4.0 / 3.748 | Fail: 0.645%\n"}
,{"stream_name":"stdout","time":55.202485168,"data":"[Game 320] Range: 2-8 | Median/Mean: 4.0 / 3.741 | Fail: 0.938%\n"}
,{"stream_name":"stdout","time":56.874613424,"data":"[Game 330] Range: 2-8 | Median/Mean: 4.0 / 3.752 | Fail: 1.212%\n"}
,{"stream_name":"stdout","time":58.201538487,"data":"[Game 340] Range: 2-8 | Median/Mean: 4.0 / 3.753 | Fail: 1.176%\n"}
,{"stream_name":"stdout","time":59.462145509,"data":"[Game 350] Range: 2-8 | Median/Mean: 4.0 / 3.749 | Fail: 1.143%\n"}
,{"stream_name":"stdout","time":60.70670801,"data":"[Game 360] Range: 2-8 | Median/Mean: 4.0 / 3.750 | Fail: 1.111%\n"}
,{"stream_name":"stdout","time":62.11097373,"data":"[Game 370] Range: 2-8 | Median/Mean: 4.0 / 3.759 | Fail: 1.081%\n"}
,{"stream_name":"stdout","time":63.255334711,"data":"[Game 380] Range: 2-8 | Median/Mean: 4.0 / 3.755 | Fail: 1.053%\n"}
,{"stream_name":"stdout","time":64.579534009,"data":"[Game 390] Range: 2-8 | Median/Mean: 4.0 / 3.767 | Fail: 1.026%\n"}
,{"stream_name":"stdout","time":65.781135829,"data":"[Game 400] Range: 2-8 | Median/Mean: 4.0 / 3.770 | Fail: 1.000%\n"}
,{"stream_name":"stdout","time":67.280416513,"data":"[Game 410] Range: 2-8 | Median/Mean: 4.0 / 3.780 | Fail: 0.976%\n"}
,{"stream_name":"stdout","time":68.732821923,"data":"[Game 420] Range: 2-8 | Median/Mean: 4.0 / 3.788 | Fail: 0.952%\n"}
,{"stream_name":"stdout","time":70.099380646,"data":"[Game 430] Range: 2-8 | Median/Mean: 4.0 / 3.798 | Fail: 0.930%\n"}
,{"stream_name":"stdout","time":71.877918986,"data":"[Game 440] Range: 2-8 | Median/Mean: 4.0 / 3.814 | Fail: 0.909%\n"}
,{"stream_name":"stdout","time":73.116514478,"data":"[Game 450] Range: 2-8 | Median/Mean: 4.0 / 3.811 | Fail: 0.889%\n"}
,{"stream_name":"stdout","time":74.335096768,"data":"[Game 460] Range: 2-8 | Median/Mean: 4.0 / 3.804 | Fail: 0.870%\n"}
,{"stream_name":"stdout","time":75.590799236,"data":"[Game 470] Range: 2-8 | Median/Mean: 4.0 / 3.804 | Fail: 0.851%\n"}
,{"stream_name":"stdout","time":76.724917117,"data":"[Game 480] Range: 2-8 | Median/Mean: 4.0 / 3.800 | Fail: 0.833%\n"}
,{"stream_name":"stdout","time":78.250898522,"data":"[Game 490] Range: 2-8 | Median/Mean: 4.0 / 3.808 | Fail: 1.020%\n"}
,{"stream_name":"stdout","time":79.401563881,"data":"[Game 500] Range: 2-8 | Median/Mean: 4.0 / 3.804 | Fail: 1.000%\n"}
,{"stream_name":"stdout","time":80.651441588,"data":"[Game 510] Range: 2-8 | Median/Mean: 4.0 / 3.800 | Fail: 0.980%\n"}
,{"stream_name":"stdout","time":82.025939786,"data":"[Game 520] Range: 2-8 | Median/Mean: 4.0 / 3.802 | Fail: 0.962%\n"}
,{"stream_name":"stdout","time":83.270002557,"data":"[Game 530] Range: 2-8 | Median/Mean: 4.0 / 3.802 | Fail: 0.943%\n"}
,{"stream_name":"stdout","time":84.557746859,"data":"[Game 540] Range: 2-8 | Median/Mean: 4.0 / 3.806 | Fail: 0.926%\n"}
,{"stream_name":"stdout","time":86.101717531,"data":"[Game 550] Range: 2-8 | Median/Mean: 4.0 / 3.811 | Fail: 0.909%\n"}
,{"stream_name":"stdout","time":87.666919383,"data":"[Game 560] Range: 2-8 | Median/Mean: 4.0 / 3.820 | Fail: 0.893%\n"}
,{"stream_name":"stdout","time":88.799744341,"data":"[Game 570] Range: 2-8 | Median/Mean: 4.0 / 3.814 | Fail: 0.877%\n"}
,{"stream_name":"stdout","time":90.125879771,"data":"[Game 580] Range: 2-8 | Median/Mean: 4.0 / 3.814 | Fail: 0.862%\n"}
,{"stream_name":"stdout","time":91.39072464,"data":"[Game 590] Range: 2-8 | Median/Mean: 4.0 / 3.814 | Fail: 0.847%\n"}
,{"stream_name":"stdout","time":92.531587146,"data":"[Game 600] Range: 2-8 | Median/Mean: 4.0 / 3.808 | Fail: 0.833%\n"}
,{"stream_name":"stdout","time":93.904262943,"data":"[Game 610] Range: 2-8 | Median/Mean: 4.0 / 3.810 | Fail: 0.820%\n"}
,{"stream_name":"stdout","time":95.172609758,"data":"[Game 620] Range: 2-8 | Median/Mean: 4.0 / 3.808 | Fail: 0.806%\n"}
,{"stream_name":"stdout","time":96.466634702,"data":"[Game 630] Range: 2-8 | Median/Mean: 4.0 / 3.810 | Fail: 0.794%\n"}
,{"stream_name":"stdout","time":98.001722607,"data":"[Game 640] Range: 2-8 | Median/Mean: 4.0 / 3.817 | Fail: 0.781%\n"}
,{"stream_name":"stdout","time":99.125177949,"data":"[Game 650] Range: 2-8 | Median/Mean: 4.0 / 3.815 | Fail: 0.769%\n"}
,{"stream_name":"stdout","time":100.279779709,"data":"[Game 660] Range: 2-8 | Median/Mean: 4.0 / 3.809 | Fail: 0.758%\n"}
,{"stream_name":"stdout","time":101.723347808,"data":"[Game 670] Range: 2-8 | Median/Mean: 4.0 / 3.812 | Fail: 0.746%\n"}
,{"stream_name":"stdout","time":102.892018956,"data":"[Game 680] Range: 2-8 | Median/Mean: 4.0 / 3.809 | Fail: 0.735%\n"}
,{"stream_name":"stdout","time":103.618573531,"data":"[Game 690] Range: 2-8 | Median/Mean: 4.0 / 3.800 | Fail: 0.725%\n"}
,{"stream_name":"stdout","time":104.866829468,"data":"[Game 700] Range: 2-8 | Median/Mean: 4.0 / 3.803 | Fail: 0.714%\n"}
,{"stream_name":"stdout","time":106.172568371,"data":"[Game 710] Range: 2-8 | Median/Mean: 4.0 / 3.799 | Fail: 0.704%\n"}
,{"stream_name":"stdout","time":107.317889652,"data":"[Game 720] Range: 2-8 | Median/Mean: 4.0 / 3.799 | Fail: 0.694%\n"}
,{"stream_name":"stdout","time":108.790728646,"data":"[Game 730] Range: 2-8 | Median/Mean: 4.0 / 3.800 | Fail: 0.685%\n"}
,{"stream_name":"stdout","time":110.123868942,"data":"[Game 740] Range: 2-8 | Median/Mean: 4.0 / 3.801 | Fail: 0.676%\n"}
,{"stream_name":"stdout","time":111.256053798,"data":"[Game 750] Range: 2-8 | Median/Mean: 4.0 / 3.797 | Fail: 0.667%\n"}
,{"stream_name":"stdout","time":112.401138188,"data":"[Game 760] Range: 2-8 | Median/Mean: 4.0 / 3.793 | Fail: 0.658%\n"}
,{"stream_name":"stdout","time":113.610643339,"data":"[Game 770] Range: 2-8 | Median/Mean: 4.0 / 3.791 | Fail: 0.649%\n"}
,{"stream_name":"stdout","time":115.091352621,"data":"[Game 780] Range: 2-8 | Median/Mean: 4.0 / 3.792 | Fail: 0.641%\n"}
,{"stream_name":"stdout","time":116.487332076,"data":"[Game 790] Range: 2-8 | Median/Mean: 4.0 / 3.792 | Fail: 0.633%\n"}
,{"stream_name":"stdout","time":117.642299333,"data":"[Game 800] Range: 2-8 | Median/Mean: 4.0 / 3.791 | Fail: 0.625%\n"}
,{"stream_name":"stdout","time":118.794835076,"data":"[Game 810] Range: 2-8 | Median/Mean: 4.0 / 3.786 | Fail: 0.617%\n"}
,{"stream_name":"stdout","time":120.033866672,"data":"[Game 820] Range: 2-8 | Median/Mean: 4.0 / 3.787 | Fail: 0.610%\n"}
,{"stream_name":"stdout","time":121.2396913,"data":"[Game 830] Range: 2-8 | Median/Mean: 4.0 / 3.784 | Fail: 0.602%\n"}
,{"stream_name":"stdout","time":122.370642772,"data":"[Game 840] Range: 2-8 | Median/Mean: 4.0 / 3.781 | Fail: 0.595%\n"}
,{"stream_name":"stdout","time":123.439118507,"data":"[Game 850] Range: 2-8 | Median/Mean: 4.0 / 3.775 | Fail: 0.588%\n"}
,{"stream_name":"stdout","time":125.179387565,"data":"[Game 860] Range: 2-8 | Median/Mean: 4.0 / 3.784 | Fail: 0.581%\n"}
,{"stream_name":"stdout","time":126.430872318,"data":"[Game 870] Range: 2-8 | Median/Mean: 4.0 / 3.782 | Fail: 0.575%\n"}
,{"stream_name":"stdout","time":127.739141926,"data":"[Game 880] Range: 2-8 | Median/Mean: 4.0 / 3.783 | Fail: 0.568%\n"}
,{"stream_name":"stdout","time":128.979438352,"data":"[Game 890] Range: 2-8 | Median/Mean: 4.0 / 3.781 | Fail: 0.562%\n"}
,{"stream_name":"stdout","time":130.185983284,"data":"[Game 900] Range: 2-8 | Median/Mean: 4.0 / 3.778 | Fail: 0.556%\n"}
,{"stream_name":"stdout","time":131.367427641,"data":"[Game 910] Range: 2-8 | Median/Mean: 4.0 / 3.777 | Fail: 0.659%\n"}
,{"stream_name":"stdout","time":132.599746212,"data":"[Game 920] Range: 2-8 | Median/Mean: 4.0 / 3.776 | Fail: 0.652%\n"}
,{"stream_name":"stdout","time":133.897731672,"data":"[Game 930] Range: 2-8 | Median/Mean: 4.0 / 3.777 | Fail: 0.645%\n"}
,{"stream_name":"stdout","time":135.410264476,"data":"[Game 940] Range: 2-8 | Median/Mean: 4.0 / 3.781 | Fail: 0.638%\n"}
,{"stream_name":"stdout","time":136.718899852,"data":"[Game 950] Range: 2-8 | Median/Mean: 4.0 / 3.781 | Fail: 0.632%\n"}
,{"stream_name":"stdout","time":138.123545279,"data":"[Game 960] Range: 2-8 | Median/Mean: 4.0 / 3.782 | Fail: 0.625%\n"}
,{"stream_name":"stdout","time":139.601959529,"data":"[Game 970] Range: 2-8 | Median/Mean: 4.0 / 3.785 | Fail: 0.619%\n"}
,{"stream_name":"stdout","time":141.169555493,"data":"[Game 980] Range: 2-8 | Median/Mean: 4.0 / 3.788 | Fail: 0.612%\n"}
,{"stream_name":"stdout","time":142.351804767,"data":"[Game 990] Range: 2-8 | Median/Mean: 4.0 / 3.786 | Fail: 0.606%\n"}
,{"stream_name":"stdout","time":143.841501132,"data":"[Game 1000] Range: 2-8 | Median/Mean: 4.0 / 3.787 | Fail: 0.600%\n"}
,{"stream_name":"stdout","time":145.385519052,"data":"[Game 1010] Range: 2-8 | Median/Mean: 4.0 / 3.786 | Fail: 0.594%\n"}
,{"stream_name":"stdout","time":146.45149321,"data":"[Game 1020] Range: 2-8 | Median/Mean: 4.0 / 3.784 | Fail: 0.588%\n"}
,{"stream_name":"stdout","time":147.616383625,"data":"[Game 1030] Range: 2-8 | Median/Mean: 4.0 / 3.781 | Fail: 0.583%\n"}
,{"stream_name":"stdout","time":148.615175696,"data":"[Game 1040] Range: 2-8 | Median/Mean: 4.0 / 3.776 | Fail: 0.577%\n"}
,{"stream_name":"stdout","time":149.747851266,"data":"[Game 1050] Range: 2-8 | Median/Mean: 4.0 / 3.771 | Fail: 0.571%\n"}
,{"stream_name":"stdout","time":151.266589684,"data":"[Game 1060] Range: 2-8 | Median/Mean: 4.0 / 3.774 | Fail: 0.566%\n"}
,{"stream_name":"stdout","time":152.693471943,"data":"[Game 1070] Range: 2-8 | Median/Mean: 4.0 / 3.774 | Fail: 0.654%\n"}
,{"stream_name":"stdout","time":153.795269504,"data":"[Game 1080] Range: 2-8 | Median/Mean: 4.0 / 3.770 | Fail: 0.648%\n"}
,{"stream_name":"stdout","time":155.23568188,"data":"[Game 1090] Range: 2-8 | Median/Mean: 4.0 / 3.772 | Fail: 0.642%\n"}
,{"stream_name":"stdout","time":156.48256186,"data":"[Game 1100] Range: 2-8 | Median/Mean: 4.0 / 3.772 | Fail: 0.636%\n"}
,{"stream_name":"stdout","time":157.750823214,"data":"[Game 1110] Range: 2-8 | Median/Mean: 4.0 / 3.770 | Fail: 0.631%\n"}
,{"stream_name":"stdout","time":159.026748204,"data":"[Game 1120] Range: 2-8 | Median/Mean: 4.0 / 3.770 | Fail: 0.625%\n"}
,{"stream_name":"stdout","time":160.256839395,"data":"[Game 1130] Range: 2-8 | Median/Mean: 4.0 / 3.768 | Fail: 0.619%\n"}
,{"stream_name":"stdout","time":161.607099865,"data":"[Game 1140] Range: 2-8 | Median/Mean: 4.0 / 3.770 | Fail: 0.702%\n"}
,{"stream_name":"stdout","time":162.535705142,"data":"[Game 1150] Range: 2-8 | Median/Mean: 4.0 / 3.766 | Fail: 0.696%\n"}
,{"stream_name":"stdout","time":163.584106516,"data":"[Game 1160] Range: 2-8 | Median/Mean: 4.0 / 3.765 | Fail: 0.690%\n"}
,{"stream_name":"stdout","time":164.591591558,"data":"[Game 1170] Range: 2-8 | Median/Mean: 4.0 / 3.763 | Fail: 0.684%\n"}
,{"stream_name":"stdout","time":165.828972142,"data":"[Game 1180] Range: 2-8 | Median/Mean: 4.0 / 3.764 | Fail: 0.678%\n"}
,{"stream_name":"stdout","time":167.251323415,"data":"[Game 1190] Range: 2-8 | Median/Mean: 4.0 / 3.766 | Fail: 0.672%\n"}
,{"stream_name":"stdout","time":168.247231183,"data":"[Game 1200] Range: 2-8 | Median/Mean: 4.0 / 3.763 | Fail: 0.667%\n"}
,{"stream_name":"stdout","time":169.194017951,"data":"[Game 1210] Range: 2-8 | Median/Mean: 4.0 / 3.759 | Fail: 0.661%\n"}
,{"stream_name":"stdout","time":170.556003454,"data":"[Game 1220] Range: 2-8 | Median/Mean: 4.0 / 3.760 | Fail: 0.656%\n"}
,{"stream_name":"stdout","time":172.115514762,"data":"[Game 1230] Range: 2-8 | Median/Mean: 4.0 / 3.763 | Fail: 0.650%\n"}
,{"stream_name":"stdout","time":173.166541675,"data":"[Game 1240] Range: 2-8 | Median/Mean: 4.0 / 3.760 | Fail: 0.645%\n"}
,{"stream_name":"stdout","time":174.304036551,"data":"[Game 1250] Range: 2-8 | Median/Mean: 4.0 / 3.759 | Fail: 0.640%\n"}
,{"stream_name":"stdout","time":175.726829157,"data":"[Game 1260] Range: 1-8 | Median/Mean: 4.0 / 3.762 | Fail: 0.635%\n"}
,{"stream_name":"stdout","time":176.980322072,"data":"[Game 1270] Range: 1-8 | Median/Mean: 4.0 / 3.760 | Fail: 0.630%\n"}
,{"stream_name":"stdout","time":178.148389956,"data":"[Game 1280] Range: 1-8 | Median/Mean: 4.0 / 3.758 | Fail: 0.625%\n"}
,{"stream_name":"stdout","time":179.441331742,"data":"[Game 1290] Range: 1-8 | Median/Mean: 4.0 / 3.757 | Fail: 0.698%\n"}
,{"stream_name":"stdout","time":180.682381956,"data":"[Game 1300] Range: 1-8 | Median/Mean: 4.0 / 3.757 | Fail: 0.692%\n"}
,{"stream_name":"stdout","time":181.968044368,"data":"[Game 1310] Range: 1-8 | Median/Mean: 4.0 / 3.758 | Fail: 0.687%\n"}
,{"stream_name":"stdout","time":183.274868275,"data":"[Game 1320] Range: 1-8 | Median/Mean: 4.0 / 3.759 | Fail: 0.682%\n"}
,{"stream_name":"stdout","time":184.967759869,"data":"[Game 1330] Range: 1-8 | Median/Mean: 4.0 / 3.764 | Fail: 0.752%\n"}
,{"stream_name":"stdout","time":186.294988322,"data":"[Game 1340] Range: 1-8 | Median/Mean: 4.0 / 3.766 | Fail: 0.746%\n"}
,{"stream_name":"stdout","time":187.704530166,"data":"[Game 1350] Range: 1-8 | Median/Mean: 4.0 / 3.767 | Fail: 0.741%\n"}
,{"stream_name":"stdout","time":189.208322335,"data":"[Game 1360] Range: 1-8 | Median/Mean: 4.0 / 3.768 | Fail: 0.735%\n"}
,{"stream_name":"stdout","time":190.811925328,"data":"[Game 1370] Range: 1-8 | Median/Mean: 4.0 / 3.771 | Fail: 0.730%\n"}
,{"stream_name":"stdout","time":192.09782235,"data":"[Game 1380] Range: 1-8 | Median/Mean: 4.0 / 3.771 | Fail: 0.725%\n"}
,{"stream_name":"stdout","time":193.182856734,"data":"[Game 1390] Range: 1-8 | Median/Mean: 4.0 / 3.771 | Fail: 0.719%\n"}
,{"stream_name":"stdout","time":194.359272452,"data":"[Game 1400] Range: 1-8 | Median/Mean: 4.0 / 3.771 | Fail: 0.786%\n"}
,{"stream_name":"stdout","time":195.604259444,"data":"[Game 1410] Range: 1-8 | Median/Mean: 4.0 / 3.772 | Fail: 0.780%\n"}
,{"stream_name":"stdout","time":196.861924519,"data":"[Game 1420] Range: 1-8 | Median/Mean: 4.0 / 3.770 | Fail: 0.775%\n"}
,{"stream_name":"stdout","time":198.270446239,"data":"[Game 1430] Range: 1-8 | Median/Mean: 4.0 / 3.770 | Fail: 0.769%\n"}
,{"stream_name":"stdout","time":199.427353048,"data":"[Game 1440] Range: 1-8 | Median/Mean: 4.0 / 3.769 | Fail: 0.764%\n"}
,{"stream_name":"stdout","time":201.093727618,"data":"[Game 1450] Range: 1-8 | Median/Mean: 4.0 / 3.774 | Fail: 0.828%\n"}
,{"stream_name":"stdout","time":202.153675186,"data":"[Game 1460] Range: 1-8 | Median/Mean: 4.0 / 3.772 | Fail: 0.822%\n"}
,{"stream_name":"stdout","time":203.482287853,"data":"[Game 1470] Range: 1-8 | Median/Mean: 4.0 / 3.772 | Fail: 0.816%\n"}
,{"stream_name":"stdout","time":204.817125882,"data":"[Game 1480] Range: 1-8 | Median/Mean: 4.0 / 3.774 | Fail: 0.811%\n"}
,{"stream_name":"stdout","time":206.025532964,"data":"[Game 1490] Range: 1-8 | Median/Mean: 4.0 / 3.772 | Fail: 0.805%\n"}
,{"stream_name":"stdout","time":207.323156348,"data":"[Game 1500] Range: 1-8 | Median/Mean: 4.0 / 3.773 | Fail: 0.800%\n"}
,{"stream_name":"stdout","time":208.409029996,"data":"[Game 1510] Range: 1-8 | Median/Mean: 4.0 / 3.772 | Fail: 0.795%\n"}
,{"stream_name":"stdout","time":209.663695312,"data":"[Game 1520] Range: 1-8 | Median/Mean: 4.0 / 3.772 | Fail: 0.789%\n"}
,{"stream_name":"stdout","time":211.260118925,"data":"[Game 1530] Range: 1-8 | Median/Mean: 4.0 / 3.774 | Fail: 0.784%\n"}
,{"stream_name":"stdout","time":212.405094535,"data":"[Game 1540] Range: 1-8 | Median/Mean: 4.0 / 3.773 | Fail: 0.779%\n"}
,{"stream_name":"stdout","time":213.840514684,"data":"[Game 1550] Range: 1-8 | Median/Mean: 4.0 / 3.774 | Fail: 0.774%\n"}
,{"stream_name":"stdout","time":215.036830697,"data":"[Game 1560] Range: 1-8 | Median/Mean: 4.0 / 3.772 | Fail: 0.769%\n"}
,{"stream_name":"stdout","time":216.555943468,"data":"[Game 1570] Range: 1-8 | Median/Mean: 4.0 / 3.775 | Fail: 0.828%\n"}
,{"stream_name":"stdout","time":218.00153688,"data":"[Game 1580] Range: 1-8 | Median/Mean: 4.0 / 3.777 | Fail: 0.886%\n"}
,{"stream_name":"stdout","time":219.11460673,"data":"[Game 1590] Range: 1-8 | Median/Mean: 4.0 / 3.775 | Fail: 0.881%\n"}
,{"stream_name":"stdout","time":220.402512645,"data":"[Game 1600] Range: 1-8 | Median/Mean: 4.0 / 3.774 | Fail: 0.875%\n"}
,{"stream_name":"stdout","time":222.091032432,"data":"[Game 1610] Range: 1-8 | Median/Mean: 4.0 / 3.777 | Fail: 0.870%\n"}
,{"stream_name":"stdout","time":223.236982357,"data":"[Game 1620] Range: 1-8 | Median/Mean: 4.0 / 3.775 | Fail: 0.864%\n"}
,{"stream_name":"stdout","time":224.328985035,"data":"[Game 1630] Range: 1-8 | Median/Mean: 4.0 / 3.774 | Fail: 0.859%\n"}
,{"stream_name":"stdout","time":225.397031268,"data":"[Game 1640] Range: 1-8 | Median/Mean: 4.0 / 3.771 | Fail: 0.854%\n"}
,{"stream_name":"stdout","time":226.517273331,"data":"[Game 1650] Range: 1-8 | Median/Mean: 4.0 / 3.770 | Fail: 0.848%\n"}
,{"stream_name":"stdout","time":227.853756586,"data":"[Game 1660] Range: 1-8 | Median/Mean: 4.0 / 3.769 | Fail: 0.843%\n"}
,{"stream_name":"stdout","time":228.970923535,"data":"[Game 1670] Range: 1-8 | Median/Mean: 4.0 / 3.768 | Fail: 0.838%\n"}
,{"stream_name":"stdout","time":230.212031223,"data":"[Game 1680] Range: 1-8 | Median/Mean: 4.0 / 3.768 | Fail: 0.833%\n"}
,{"stream_name":"stdout","time":231.270089538,"data":"[Game 1690] Range: 1-8 | Median/Mean: 4.0 / 3.766 | Fail: 0.828%\n"}
,{"stream_name":"stdout","time":232.501766868,"data":"[Game 1700] Range: 1-8 | Median/Mean: 4.0 / 3.765 | Fail: 0.824%\n"}
,{"stream_name":"stdout","time":233.833236282,"data":"[Game 1710] Range: 1-8 | Median/Mean: 4.0 / 3.765 | Fail: 0.819%\n"}
,{"stream_name":"stdout","time":235.302049815,"data":"[Game 1720] Range: 1-8 | Median/Mean: 4.0 / 3.766 | Fail: 0.814%\n"}
,{"stream_name":"stdout","time":236.444097514,"data":"[Game 1730] Range: 1-8 | Median/Mean: 4.0 / 3.764 | Fail: 0.809%\n"}
,{"stream_name":"stdout","time":237.848538324,"data":"[Game 1740] Range: 1-8 | Median/Mean: 4.0 / 3.765 | Fail: 0.805%\n"}
,{"stream_name":"stdout","time":239.111777026,"data":"[Game 1750] Range: 1-8 | Median/Mean: 4.0 / 3.763 | Fail: 0.800%\n"}
,{"stream_name":"stdout","time":240.524494975,"data":"[Game 1760] Range: 1-8 | Median/Mean: 4.0 / 3.764 | Fail: 0.795%\n"}
,{"stream_name":"stdout","time":241.638101758,"data":"[Game 1770] Range: 1-8 | Median/Mean: 4.0 / 3.763 | Fail: 0.791%\n"}
,{"stream_name":"stdout","time":243.03484745,"data":"[Game 1780] Range: 1-8 | Median/Mean: 4.0 / 3.763 | Fail: 0.787%\n"}
,{"stream_name":"stdout","time":244.431892295,"data":"[Game 1790] Range: 1-8 | Median/Mean: 4.0 / 3.764 | Fail: 0.782%\n"}
,{"stream_name":"stdout","time":246.046975712,"data":"[Game 1800] Range: 1-8 | Median/Mean: 4.0 / 3.765 | Fail: 0.778%\n"}
,{"stream_name":"stdout","time":247.625520058,"data":"[Game 1810] Range: 1-8 | Median/Mean: 4.0 / 3.766 | Fail: 0.773%\n"}
,{"stream_name":"stdout","time":248.870867382,"data":"[Game 1820] Range: 1-8 | Median/Mean: 4.0 / 3.766 | Fail: 0.769%\n"}
,{"stream_name":"stdout","time":250.051533854,"data":"[Game 1830] Range: 1-8 | Median/Mean: 4.0 / 3.767 | Fail: 0.765%\n"}
,{"stream_name":"stdout","time":251.266951048,"data":"[Game 1840] Range: 1-8 | Median/Mean: 4.0 / 3.766 | Fail: 0.761%\n"}
,{"stream_name":"stdout","time":252.603798339,"data":"[Game 1850] Range: 1-8 | Median/Mean: 4.0 / 3.766 | Fail: 0.757%\n"}
,{"stream_name":"stdout","time":254.151308636,"data":"[Game 1860] Range: 1-8 | Median/Mean: 4.0 / 3.769 | Fail: 0.806%\n"}
,{"stream_name":"stdout","time":255.341018184,"data":"[Game 1870] Range: 1-8 | Median/Mean: 4.0 / 3.767 | Fail: 0.802%\n"}
,{"stream_name":"stdout","time":256.490919471,"data":"[Game 1880] Range: 1-8 | Median/Mean: 4.0 / 3.766 | Fail: 0.798%\n"}
,{"stream_name":"stdout","time":257.995514513,"data":"[Game 1890] Range: 1-8 | Median/Mean: 4.0 / 3.769 | Fail: 0.847%\n"}
,{"stream_name":"stdout","time":259.364100549,"data":"[Game 1900] Range: 1-8 | Median/Mean: 4.0 / 3.769 | Fail: 0.842%\n"}
,{"stream_name":"stdout","time":260.720891677,"data":"[Game 1910] Range: 1-8 | Median/Mean: 4.0 / 3.769 | Fail: 0.838%\n"}
,{"stream_name":"stdout","time":261.754298528,"data":"[Game 1920] Range: 1-8 | Median/Mean: 4.0 / 3.768 | Fail: 0.833%\n"}
,{"stream_name":"stdout","time":262.930829532,"data":"[Game 1930] Range: 1-8 | Median/Mean: 4.0 / 3.767 | Fail: 0.829%\n"}
,{"stream_name":"stdout","time":264.297087918,"data":"[Game 1940] Range: 1-8 | Median/Mean: 4.0 / 3.768 | Fail: 0.825%\n"}
,{"stream_name":"stdout","time":265.447817079,"data":"[Game 1950] Range: 1-8 | Median/Mean: 4.0 / 3.768 | Fail: 0.821%\n"}
,{"stream_name":"stdout","time":267.043199716,"data":"[Game 1960] Range: 1-8 | Median/Mean: 4.0 / 3.771 | Fail: 0.867%\n"}
,{"stream_name":"stdout","time":268.407519569,"data":"[Game 1970] Range: 1-8 | Median/Mean: 4.0 / 3.772 | Fail: 0.863%\n"}
,{"stream_name":"stdout","time":269.825474583,"data":"[Game 1980] Range: 1-8 | Median/Mean: 4.0 / 3.774 | Fail: 0.859%\n"}
,{"stream_name":"stdout","time":270.998915699,"data":"[Game 1990] Range: 1-8 | Median/Mean: 4.0 / 3.773 | Fail: 0.854%\n"}
,{"stream_name":"stdout","time":272.330322396,"data":"[Game 2000] Range: 1-8 | Median/Mean: 4.0 / 3.773 | Fail: 0.900%\n"}
,{"stream_name":"stdout","time":273.751912051,"data":"[Game 2010] Range: 1-8 | Median/Mean: 4.0 / 3.774 | Fail: 0.896%\n"}
,{"stream_name":"stdout","time":274.932744365,"data":"[Game 2020] Range: 1-8 | Median/Mean: 4.0 / 3.774 | Fail: 0.891%\n"}
,{"stream_name":"stdout","time":276.258001911,"data":"[Game 2030] Range: 1-8 | Median/Mean: 4.0 / 3.774 | Fail: 0.887%\n"}
,{"stream_name":"stdout","time":277.898367692,"data":"[Game 2040] Range: 1-8 | Median/Mean: 4.0 / 3.775 | Fail: 0.882%\n"}
,{"stream_name":"stdout","time":279.245535385,"data":"[Game 2050] Range: 1-8 | Median/Mean: 4.0 / 3.774 | Fail: 0.878%\n"}
,{"stream_name":"stdout","time":280.460447345,"data":"[Game 2060] Range: 1-8 | Median/Mean: 4.0 / 3.774 | Fail: 0.874%\n"}
,{"stream_name":"stdout","time":282.038700803,"data":"[Game 2070] Range: 1-8 | Median/Mean: 4.0 / 3.777 | Fail: 0.918%\n"}
,{"stream_name":"stdout","time":283.522494073,"data":"[Game 2080] Range: 1-8 | Median/Mean: 4.0 / 3.779 | Fail: 0.913%\n"}
,{"stream_name":"stdout","time":284.87684732499997,"data":"[Game 2090] Range: 1-8 | Median/Mean: 4.0 / 3.778 | Fail: 0.909%\n"}
,{"stream_name":"stdout","time":286.275286209,"data":"[Game 2100] Range: 1-8 | Median/Mean: 4.0 / 3.779 | Fail: 0.905%\n"}
,{"stream_name":"stdout","time":287.313877468,"data":"[Game 2110] Range: 1-8 | Median/Mean: 4.0 / 3.777 | Fail: 0.900%\n"}
,{"stream_name":"stdout","time":288.592084037,"data":"[Game 2120] Range: 1-8 | Median/Mean: 4.0 / 3.777 | Fail: 0.896%\n"}
,{"stream_name":"stdout","time":290.173781333,"data":"[Game 2130] Range: 1-8 | Median/Mean: 4.0 / 3.779 | Fail: 0.939%\n"}
,{"stream_name":"stdout","time":291.586271893,"data":"[Game 2140] Range: 1-8 | Median/Mean: 4.0 / 3.782 | Fail: 0.935%\n"}
,{"stream_name":"stdout","time":292.945171039,"data":"[Game 2150] Range: 1-8 | Median/Mean: 4.0 / 3.781 | Fail: 0.930%\n"}
,{"stream_name":"stdout","time":294.041063957,"data":"[Game 2160] Range: 1-8 | Median/Mean: 4.0 / 3.780 | Fail: 0.926%\n"}
,{"stream_name":"stdout","time":295.798624621,"data":"[Game 2170] Range: 1-8 | Median/Mean: 4.0 / 3.783 | Fail: 0.968%\n"}
,{"stream_name":"stdout","time":297.066580907,"data":"[Game 2180] Range: 1-8 | Median/Mean: 4.0 / 3.783 | Fail: 0.963%\n"}
,{"stream_name":"stdout","time":298.415551475,"data":"[Game 2190] Range: 1-8 | Median/Mean: 4.0 / 3.784 | Fail: 0.959%\n"}
,{"stream_name":"stdout","time":299.800516597,"data":"[Game 2200] Range: 1-8 | Median/Mean: 4.0 / 3.784 | Fail: 0.955%\n"}
,{"stream_name":"stdout","time":300.74819672,"data":"[Game 2210] Range: 1-8 | Median/Mean: 4.0 / 3.782 | Fail: 0.950%\n"}
,{"stream_name":"stdout","time":302.068883179,"data":"[Game 2220] Range: 1-8 | Median/Mean: 4.0 / 3.783 | Fail: 0.946%\n"}
,{"stream_name":"stdout","time":303.179950885,"data":"[Game 2230] Range: 1-8 | Median/Mean: 4.0 / 3.782 | Fail: 0.942%\n"}
,{"stream_name":"stdout","time":304.431094219,"data":"[Game 2240] Range: 1-8 | Median/Mean: 4.0 / 3.781 | Fail: 0.938%\n"}
,{"stream_name":"stdout","time":305.991782611,"data":"[Game 2250] Range: 1-8 | Median/Mean: 4.0 / 3.783 | Fail: 0.933%\n"}
,{"stream_name":"stdout","time":307.612583737,"data":"[Game 2260] Range: 1-8 | Median/Mean: 4.0 / 3.785 | Fail: 1.018%\n"}
,{"stream_name":"stdout","time":308.945778815,"data":"[Game 2270] Range: 1-8 | Median/Mean: 4.0 / 3.785 | Fail: 1.013%\n"}
,{"stream_name":"stdout","time":310.255764382,"data":"[Game 2280] Range: 1-8 | Median/Mean: 4.0 / 3.784 | Fail: 1.009%\n"}
,{"stream_name":"stdout","time":311.564723958,"data":"[Game 2290] Range: 1-8 | Median/Mean: 4.0 / 3.785 | Fail: 1.048%\n"}
,{"stream_name":"stdout","time":312.703705721,"data":"[Game 2300] Range: 1-8 | Median/Mean: 4.0 / 3.783 | Fail: 1.043%\n"}
,{"stream_name":"stdout","time":313.721583537,"data":"[Game 2310] Range: 1-8 | Median/Mean: 4.0 / 3.782 | Fail: 1.039%\n"}
,{"stream_name":"stdout","time":314.682818904,"data":"Summary:\n"}
,{"stream_name":"stdout","time":314.695312977,"data":"Distribution across steps:\n"}
,{"stream_name":"stdout","time":314.704577618,"data":"Key Metrics:\n"}
,{"stream_name":"stderr","time":318.097710659,"data":"/opt/conda/lib/python3.7/site-packages/traitlets/traitlets.py:2567: FutureWarning: --Exporter.preprocessors=[\"remove_papermill_header.RemovePapermillHeader\"] for containers is deprecated in traitlets 5.0. You can pass `--Exporter.preprocessors item` ... multiple times to add items to a list.\n"}
,{"stream_name":"stderr","time":318.097784897,"data":"  FutureWarning,\n"}
,{"stream_name":"stderr","time":318.097793837,"data":"[NbConvertApp] Converting notebook __notebook__.ipynb to notebook\n"}
,{"stream_name":"stderr","time":318.412435853,"data":"[NbConvertApp] Writing 32943 bytes to __notebook__.ipynb\n"}
,{"stream_name":"stderr","time":320.648072095,"data":"/opt/conda/lib/python3.7/site-packages/traitlets/traitlets.py:2567: FutureWarning: --Exporter.preprocessors=[\"nbconvert.preprocessors.ExtractOutputPreprocessor\"] for containers is deprecated in traitlets 5.0. You can pass `--Exporter.preprocessors item` ... multiple times to add items to a list.\n"}
,{"stream_name":"stderr","time":320.648442629,"data":"  FutureWarning,\n"}
,{"stream_name":"stderr","time":320.64856795,"data":"[NbConvertApp] Converting notebook __notebook__.ipynb to html\n"}
,{"stream_name":"stderr","time":321.24278119,"data":"[NbConvertApp] Writing 308316 bytes to __results__.html\n"}
]