[{"stream_name":"stderr","time":14.814304427,"data":"/opt/conda/lib/python3.7/site-packages/papermill/iorw.py:50: FutureWarning: pyarrow.HadoopFileSystem is deprecated as of 2.0.0, please use pyarrow.fs.HadoopFileSystem instead.\n"}
,{"stream_name":"stderr","time":14.814394124,"data":"  from pyarrow import HadoopFileSystem\n"}
,{"stream_name":"stdout","time":16.866312511,"data":"[ ---------- NARES ----------]\n"}
,{"stream_name":"stdout","time":18.538175752,"data":"[Game 10] Range: 2-5 | Median/Mean: 4.0 / 3.900 | Fail: 0.000%\n"}
,{"stream_name":"stdout","time":20.187196665,"data":"[Game 20] Range: 2-5 | Median/Mean: 4.0 / 3.700 | Fail: 0.000%\n"}
,{"stream_name":"stdout","time":21.810801477,"data":"[Game 30] Range: 2-5 | Median/Mean: 3.5 / 3.700 | Fail: 0.000%\n"}
,{"stream_name":"stdout","time":23.704909611,"data":"[Game 40] Range: 2-5 | Median/Mean: 4.0 / 3.775 | Fail: 0.000%\n"}
,{"stream_name":"stdout","time":26.00672857,"data":"[Game 50] Range: 2-6 | Median/Mean: 4.0 / 3.860 | Fail: 0.000%\n"}
,{"stream_name":"stdout","time":27.439192223,"data":"[Game 60] Range: 2-6 | Median/Mean: 4.0 / 3.867 | Fail: 0.000%\n"}
,{"stream_name":"stdout","time":29.233255949,"data":"[Game 70] Range: 2-6 | Median/Mean: 4.0 / 3.900 | Fail: 0.000%\n"}
,{"stream_name":"stdout","time":30.356438779,"data":"[Game 80] Range: 2-6 | Median/Mean: 4.0 / 3.837 | Fail: 0.000%\n"}
,{"stream_name":"stdout","time":31.74661839,"data":"[Game 90] Range: 2-6 | Median/Mean: 4.0 / 3.811 | Fail: 0.000%\n"}
,{"stream_name":"stdout","time":33.183954317,"data":"[Game 100] Range: 2-6 | Median/Mean: 4.0 / 3.780 | Fail: 0.000%\n"}
,{"stream_name":"stdout","time":34.647364351,"data":"[Game 110] Range: 2-6 | Median/Mean: 4.0 / 3.764 | Fail: 0.000%\n"}
,{"stream_name":"stdout","time":37.129761419,"data":"[Game 120] Range: 2-7 | Median/Mean: 4.0 / 3.808 | Fail: 0.833%\n"}
,{"stream_name":"stdout","time":38.88935972,"data":"[Game 130] Range: 2-7 | Median/Mean: 4.0 / 3.800 | Fail: 0.769%\n"}
,{"stream_name":"stdout","time":40.600215733,"data":"[Game 140] Range: 2-7 | Median/Mean: 4.0 / 3.821 | Fail: 0.714%\n"}
,{"stream_name":"stdout","time":42.432975489,"data":"[Game 150] Range: 2-7 | Median/Mean: 4.0 / 3.833 | Fail: 0.667%\n"}
,{"stream_name":"stdout","time":43.693152979,"data":"[Game 160] Range: 2-7 | Median/Mean: 4.0 / 3.812 | Fail: 0.625%\n"}
,{"stream_name":"stdout","time":45.322735606,"data":"[Game 170] Range: 2-7 | Median/Mean: 4.0 / 3.806 | Fail: 0.588%\n"}
,{"stream_name":"stdout","time":46.664790244,"data":"[Game 180] Range: 2-7 | Median/Mean: 4.0 / 3.806 | Fail: 0.556%\n"}
,{"stream_name":"stdout","time":48.421088197,"data":"[Game 190] Range: 2-7 | Median/Mean: 4.0 / 3.826 | Fail: 0.526%\n"}
,{"stream_name":"stdout","time":49.754712206,"data":"[Game 200] Range: 2-7 | Median/Mean: 4.0 / 3.810 | Fail: 0.500%\n"}
,{"stream_name":"stdout","time":51.330929188,"data":"[Game 210] Range: 2-7 | Median/Mean: 4.0 / 3.810 | Fail: 0.476%\n"}
,{"stream_name":"stdout","time":52.905019033,"data":"[Game 220] Range: 2-7 | Median/Mean: 4.0 / 3.805 | Fail: 0.455%\n"}
,{"stream_name":"stdout","time":54.153218774,"data":"[Game 230] Range: 2-7 | Median/Mean: 4.0 / 3.804 | Fail: 0.435%\n"}
,{"stream_name":"stdout","time":55.751398244,"data":"[Game 240] Range: 2-7 | Median/Mean: 4.0 / 3.796 | Fail: 0.417%\n"}
,{"stream_name":"stdout","time":57.254486902,"data":"[Game 250] Range: 2-7 | Median/Mean: 4.0 / 3.800 | Fail: 0.400%\n"}
,{"stream_name":"stdout","time":58.451626652,"data":"[Game 260] Range: 2-7 | Median/Mean: 4.0 / 3.796 | Fail: 0.385%\n"}
,{"stream_name":"stdout","time":60.157884069,"data":"[Game 270] Range: 2-7 | Median/Mean: 4.0 / 3.793 | Fail: 0.370%\n"}
,{"stream_name":"stdout","time":61.424323368,"data":"[Game 280] Range: 2-7 | Median/Mean: 4.0 / 3.779 | Fail: 0.357%\n"}
,{"stream_name":"stdout","time":62.991145597,"data":"[Game 290] Range: 2-7 | Median/Mean: 4.0 / 3.779 | Fail: 0.345%\n"}
,{"stream_name":"stdout","time":64.849336239,"data":"[Game 300] Range: 2-7 | Median/Mean: 4.0 / 3.790 | Fail: 0.333%\n"}
,{"stream_name":"stdout","time":66.331967595,"data":"[Game 310] Range: 2-7 | Median/Mean: 4.0 / 3.790 | Fail: 0.323%\n"}
,{"stream_name":"stdout","time":68.320228097,"data":"[Game 320] Range: 2-8 | Median/Mean: 4.0 / 3.797 | Fail: 0.625%\n"}
,{"stream_name":"stdout","time":70.20294564,"data":"[Game 330] Range: 2-8 | Median/Mean: 4.0 / 3.800 | Fail: 0.909%\n"}
,{"stream_name":"stdout","time":72.151000127,"data":"[Game 340] Range: 2-8 | Median/Mean: 4.0 / 3.803 | Fail: 0.882%\n"}
,{"stream_name":"stdout","time":73.562603634,"data":"[Game 350] Range: 2-8 | Median/Mean: 4.0 / 3.791 | Fail: 0.857%\n"}
,{"stream_name":"stdout","time":75.048069406,"data":"[Game 360] Range: 2-8 | Median/Mean: 4.0 / 3.786 | Fail: 0.833%\n"}
,{"stream_name":"stdout","time":76.943891963,"data":"[Game 370] Range: 2-8 | Median/Mean: 4.0 / 3.795 | Fail: 0.811%\n"}
,{"stream_name":"stdout","time":78.549779191,"data":"[Game 380] Range: 2-8 | Median/Mean: 4.0 / 3.797 | Fail: 0.789%\n"}
,{"stream_name":"stdout","time":80.488492937,"data":"[Game 390] Range: 2-8 | Median/Mean: 4.0 / 3.808 | Fail: 1.026%\n"}
,{"stream_name":"stdout","time":82.793624718,"data":"[Game 400] Range: 2-8 | Median/Mean: 4.0 / 3.822 | Fail: 1.000%\n"}
,{"stream_name":"stdout","time":84.813618837,"data":"[Game 410] Range: 2-8 | Median/Mean: 4.0 / 3.829 | Fail: 0.976%\n"}
,{"stream_name":"stdout","time":86.429158832,"data":"[Game 420] Range: 2-8 | Median/Mean: 4.0 / 3.831 | Fail: 0.952%\n"}
,{"stream_name":"stdout","time":88.076539057,"data":"[Game 430] Range: 2-8 | Median/Mean: 4.0 / 3.835 | Fail: 0.930%\n"}
,{"stream_name":"stdout","time":90.205696483,"data":"[Game 440] Range: 2-8 | Median/Mean: 4.0 / 3.839 | Fail: 0.909%\n"}
,{"stream_name":"stdout","time":91.564632162,"data":"[Game 450] Range: 2-8 | Median/Mean: 4.0 / 3.827 | Fail: 0.889%\n"}
,{"stream_name":"stdout","time":93.08110832,"data":"[Game 460] Range: 2-8 | Median/Mean: 4.0 / 3.817 | Fail: 0.870%\n"}
,{"stream_name":"stdout","time":94.975591451,"data":"[Game 470] Range: 2-8 | Median/Mean: 4.0 / 3.821 | Fail: 0.851%\n"}
,{"stream_name":"stdout","time":96.532696229,"data":"[Game 480] Range: 2-8 | Median/Mean: 4.0 / 3.829 | Fail: 0.833%\n"}
,{"stream_name":"stdout","time":98.416144757,"data":"[Game 490] Range: 2-8 | Median/Mean: 4.0 / 3.829 | Fail: 0.816%\n"}
,{"stream_name":"stdout","time":100.382054242,"data":"[Game 500] Range: 2-8 | Median/Mean: 4.0 / 3.822 | Fail: 0.800%\n"}
,{"stream_name":"stdout","time":102.271688413,"data":"[Game 510] Range: 2-8 | Median/Mean: 4.0 / 3.822 | Fail: 0.784%\n"}
,{"stream_name":"stdout","time":104.096412816,"data":"[Game 520] Range: 2-8 | Median/Mean: 4.0 / 3.823 | Fail: 0.962%\n"}
,{"stream_name":"stdout","time":105.453104931,"data":"[Game 530] Range: 2-8 | Median/Mean: 4.0 / 3.823 | Fail: 0.943%\n"}
,{"stream_name":"stdout","time":107.223671549,"data":"[Game 540] Range: 2-8 | Median/Mean: 4.0 / 3.822 | Fail: 0.926%\n"}
,{"stream_name":"stdout","time":109.417898052,"data":"[Game 550] Range: 2-8 | Median/Mean: 4.0 / 3.829 | Fail: 0.909%\n"}
,{"stream_name":"stdout","time":111.563033325,"data":"[Game 560] Range: 2-8 | Median/Mean: 4.0 / 3.836 | Fail: 0.893%\n"}
,{"stream_name":"stdout","time":113.309978765,"data":"[Game 570] Range: 2-8 | Median/Mean: 4.0 / 3.837 | Fail: 0.877%\n"}
,{"stream_name":"stdout","time":114.51623737,"data":"[Game 580] Range: 2-8 | Median/Mean: 4.0 / 3.831 | Fail: 0.862%\n"}
,{"stream_name":"stdout","time":116.409246529,"data":"[Game 590] Range: 2-8 | Median/Mean: 4.0 / 3.836 | Fail: 0.847%\n"}
,{"stream_name":"stdout","time":117.744434689,"data":"[Game 600] Range: 2-8 | Median/Mean: 4.0 / 3.832 | Fail: 0.833%\n"}
,{"stream_name":"stdout","time":119.329547685,"data":"[Game 610] Range: 2-8 | Median/Mean: 4.0 / 3.828 | Fail: 0.820%\n"}
,{"stream_name":"stdout","time":120.849703556,"data":"[Game 620] Range: 2-8 | Median/Mean: 4.0 / 3.826 | Fail: 0.806%\n"}
,{"stream_name":"stdout","time":122.411582559,"data":"[Game 630] Range: 2-8 | Median/Mean: 4.0 / 3.824 | Fail: 0.794%\n"}
,{"stream_name":"stdout","time":123.992599923,"data":"[Game 640] Range: 2-8 | Median/Mean: 4.0 / 3.828 | Fail: 0.781%\n"}
,{"stream_name":"stdout","time":126.196648215,"data":"[Game 650] Range: 2-8 | Median/Mean: 4.0 / 3.835 | Fail: 0.769%\n"}
,{"stream_name":"stdout","time":127.622020515,"data":"[Game 660] Range: 2-8 | Median/Mean: 4.0 / 3.830 | Fail: 0.758%\n"}
,{"stream_name":"stdout","time":128.947505108,"data":"[Game 670] Range: 2-8 | Median/Mean: 4.0 / 3.828 | Fail: 0.746%\n"}
,{"stream_name":"stdout","time":130.774163739,"data":"[Game 680] Range: 2-8 | Median/Mean: 4.0 / 3.829 | Fail: 0.735%\n"}
,{"stream_name":"stdout","time":132.548367289,"data":"[Game 690] Range: 2-8 | Median/Mean: 4.0 / 3.828 | Fail: 0.725%\n"}
,{"stream_name":"stdout","time":134.761445123,"data":"[Game 700] Range: 2-8 | Median/Mean: 4.0 / 3.834 | Fail: 0.714%\n"}
,{"stream_name":"stdout","time":136.864601162,"data":"[Game 710] Range: 2-8 | Median/Mean: 4.0 / 3.842 | Fail: 0.845%\n"}
,{"stream_name":"stdout","time":138.891785706,"data":"[Game 720] Range: 2-8 | Median/Mean: 4.0 / 3.843 | Fail: 0.833%\n"}
,{"stream_name":"stdout","time":140.055737776,"data":"[Game 730] Range: 2-8 | Median/Mean: 4.0 / 3.836 | Fail: 0.822%\n"}
,{"stream_name":"stdout","time":142.132370737,"data":"[Game 740] Range: 2-8 | Median/Mean: 4.0 / 3.843 | Fail: 0.946%\n"}
,{"stream_name":"stdout","time":144.08104004,"data":"[Game 750] Range: 2-8 | Median/Mean: 4.0 / 3.841 | Fail: 0.933%\n"}
,{"stream_name":"stdout","time":145.633919688,"data":"[Game 760] Range: 2-8 | Median/Mean: 4.0 / 3.837 | Fail: 0.921%\n"}
,{"stream_name":"stdout","time":147.277119695,"data":"[Game 770] Range: 2-8 | Median/Mean: 4.0 / 3.834 | Fail: 0.909%\n"}
,{"stream_name":"stdout","time":149.014711526,"data":"[Game 780] Range: 2-8 | Median/Mean: 4.0 / 3.831 | Fail: 0.897%\n"}
,{"stream_name":"stdout","time":150.392712058,"data":"[Game 790] Range: 2-8 | Median/Mean: 4.0 / 3.829 | Fail: 0.886%\n"}
,{"stream_name":"stdout","time":152.081161988,"data":"[Game 800] Range: 2-8 | Median/Mean: 4.0 / 3.829 | Fail: 0.875%\n"}
,{"stream_name":"stdout","time":153.366600767,"data":"[Game 810] Range: 2-8 | Median/Mean: 4.0 / 3.825 | Fail: 0.864%\n"}
,{"stream_name":"stdout","time":154.790120228,"data":"[Game 820] Range: 2-8 | Median/Mean: 4.0 / 3.826 | Fail: 0.854%\n"}
,{"stream_name":"stdout","time":156.137500759,"data":"[Game 830] Range: 2-8 | Median/Mean: 4.0 / 3.822 | Fail: 0.843%\n"}
,{"stream_name":"stdout","time":157.509979946,"data":"[Game 840] Range: 2-8 | Median/Mean: 4.0 / 3.818 | Fail: 0.833%\n"}
,{"stream_name":"stdout","time":159.008084242,"data":"[Game 850] Range: 2-8 | Median/Mean: 4.0 / 3.820 | Fail: 0.824%\n"}
,{"stream_name":"stdout","time":160.82246636,"data":"[Game 860] Range: 2-8 | Median/Mean: 4.0 / 3.822 | Fail: 0.814%\n"}
,{"stream_name":"stdout","time":162.570884435,"data":"[Game 870] Range: 2-8 | Median/Mean: 4.0 / 3.823 | Fail: 0.805%\n"}
,{"stream_name":"stdout","time":164.356582806,"data":"[Game 880] Range: 2-8 | Median/Mean: 4.0 / 3.823 | Fail: 0.795%\n"}
,{"stream_name":"stdout","time":166.045060107,"data":"[Game 890] Range: 2-8 | Median/Mean: 4.0 / 3.821 | Fail: 0.787%\n"}
,{"stream_name":"stdout","time":168.107561507,"data":"[Game 900] Range: 2-8 | Median/Mean: 4.0 / 3.821 | Fail: 0.778%\n"}
,{"stream_name":"stdout","time":169.883993173,"data":"[Game 910] Range: 2-8 | Median/Mean: 4.0 / 3.825 | Fail: 0.879%\n"}
,{"stream_name":"stdout","time":171.33860054,"data":"[Game 920] Range: 2-8 | Median/Mean: 4.0 / 3.826 | Fail: 0.870%\n"}
,{"stream_name":"stdout","time":173.018995459,"data":"[Game 930] Range: 2-8 | Median/Mean: 4.0 / 3.825 | Fail: 0.860%\n"}
,{"stream_name":"stdout","time":174.702310506,"data":"[Game 940] Range: 2-8 | Median/Mean: 4.0 / 3.828 | Fail: 0.957%\n"}
,{"stream_name":"stdout","time":176.188159251,"data":"[Game 950] Range: 2-8 | Median/Mean: 4.0 / 3.825 | Fail: 0.947%\n"}
,{"stream_name":"stdout","time":178.281160424,"data":"[Game 960] Range: 2-8 | Median/Mean: 4.0 / 3.831 | Fail: 0.938%\n"}
,{"stream_name":"stdout","time":180.361415289,"data":"[Game 970] Range: 2-8 | Median/Mean: 4.0 / 3.833 | Fail: 0.928%\n"}
,{"stream_name":"stdout","time":181.893745515,"data":"[Game 980] Range: 2-8 | Median/Mean: 4.0 / 3.828 | Fail: 0.918%\n"}
,{"stream_name":"stdout","time":183.916751893,"data":"[Game 990] Range: 2-8 | Median/Mean: 4.0 / 3.829 | Fail: 0.909%\n"}
,{"stream_name":"stdout","time":185.83679602,"data":"[Game 1000] Range: 2-8 | Median/Mean: 4.0 / 3.831 | Fail: 0.900%\n"}
,{"stream_name":"stdout","time":187.247150292,"data":"[Game 1010] Range: 2-8 | Median/Mean: 4.0 / 3.830 | Fail: 0.891%\n"}
,{"stream_name":"stdout","time":188.425471921,"data":"[Game 1020] Range: 2-8 | Median/Mean: 4.0 / 3.827 | Fail: 0.882%\n"}
,{"stream_name":"stdout","time":190.397582112,"data":"[Game 1030] Range: 2-8 | Median/Mean: 4.0 / 3.827 | Fail: 0.874%\n"}
,{"stream_name":"stdout","time":191.905679527,"data":"[Game 1040] Range: 2-8 | Median/Mean: 4.0 / 3.828 | Fail: 0.865%\n"}
,{"stream_name":"stdout","time":193.652141281,"data":"[Game 1050] Range: 2-8 | Median/Mean: 4.0 / 3.827 | Fail: 0.857%\n"}
,{"stream_name":"stdout","time":195.237432581,"data":"[Game 1060] Range: 2-8 | Median/Mean: 4.0 / 3.829 | Fail: 0.849%\n"}
,{"stream_name":"stdout","time":197.352129844,"data":"[Game 1070] Range: 2-8 | Median/Mean: 4.0 / 3.833 | Fail: 0.935%\n"}
,{"stream_name":"stdout","time":198.660877068,"data":"[Game 1080] Range: 2-8 | Median/Mean: 4.0 / 3.831 | Fail: 0.926%\n"}
,{"stream_name":"stdout","time":200.760374547,"data":"[Game 1090] Range: 2-8 | Median/Mean: 4.0 / 3.837 | Fail: 1.009%\n"}
,{"stream_name":"stdout","time":202.454488698,"data":"[Game 1100] Range: 2-8 | Median/Mean: 4.0 / 3.837 | Fail: 1.000%\n"}
,{"stream_name":"stdout","time":203.891616109,"data":"[Game 1110] Range: 2-8 | Median/Mean: 4.0 / 3.834 | Fail: 0.991%\n"}
,{"stream_name":"stdout","time":205.240690956,"data":"[Game 1120] Range: 2-8 | Median/Mean: 4.0 / 3.831 | Fail: 0.982%\n"}
,{"stream_name":"stdout","time":206.723001135,"data":"[Game 1130] Range: 2-8 | Median/Mean: 4.0 / 3.829 | Fail: 0.973%\n"}
,{"stream_name":"stdout","time":208.252863095,"data":"[Game 1140] Range: 2-8 | Median/Mean: 4.0 / 3.832 | Fail: 1.053%\n"}
,{"stream_name":"stdout","time":209.630992275,"data":"[Game 1150] Range: 2-8 | Median/Mean: 4.0 / 3.832 | Fail: 1.043%\n"}
,{"stream_name":"stdout","time":211.115974191,"data":"[Game 1160] Range: 2-8 | Median/Mean: 4.0 / 3.829 | Fail: 1.034%\n"}
,{"stream_name":"stdout","time":212.660066665,"data":"[Game 1170] Range: 2-8 | Median/Mean: 4.0 / 3.830 | Fail: 1.026%\n"}
,{"stream_name":"stdout","time":214.146957623,"data":"[Game 1180] Range: 2-8 | Median/Mean: 4.0 / 3.827 | Fail: 1.017%\n"}
,{"stream_name":"stdout","time":216.319562185,"data":"[Game 1190] Range: 2-8 | Median/Mean: 4.0 / 3.833 | Fail: 1.008%\n"}
,{"stream_name":"stdout","time":217.611417732,"data":"[Game 1200] Range: 2-8 | Median/Mean: 4.0 / 3.830 | Fail: 1.000%\n"}
,{"stream_name":"stdout","time":219.448487656,"data":"[Game 1210] Range: 2-8 | Median/Mean: 4.0 / 3.829 | Fail: 0.992%\n"}
,{"stream_name":"stdout","time":221.070585167,"data":"[Game 1220] Range: 2-8 | Median/Mean: 4.0 / 3.830 | Fail: 0.984%\n"}
,{"stream_name":"stdout","time":223.125952091,"data":"[Game 1230] Range: 2-8 | Median/Mean: 4.0 / 3.832 | Fail: 0.976%\n"}
,{"stream_name":"stdout","time":224.922856805,"data":"[Game 1240] Range: 2-8 | Median/Mean: 4.0 / 3.830 | Fail: 0.968%\n"}
,{"stream_name":"stdout","time":226.828404898,"data":"[Game 1250] Range: 2-8 | Median/Mean: 4.0 / 3.830 | Fail: 0.960%\n"}
,{"stream_name":"stdout","time":229.283071206,"data":"[Game 1260] Range: 2-8 | Median/Mean: 4.0 / 3.835 | Fail: 1.032%\n"}
,{"stream_name":"stdout","time":230.659971582,"data":"[Game 1270] Range: 2-8 | Median/Mean: 4.0 / 3.835 | Fail: 1.024%\n"}
,{"stream_name":"stdout","time":231.93914786,"data":"[Game 1280] Range: 2-8 | Median/Mean: 4.0 / 3.830 | Fail: 1.016%\n"}
,{"stream_name":"stdout","time":233.483561365,"data":"[Game 1290] Range: 2-8 | Median/Mean: 4.0 / 3.829 | Fail: 1.008%\n"}
,{"stream_name":"stdout","time":235.245530765,"data":"[Game 1300] Range: 2-8 | Median/Mean: 4.0 / 3.829 | Fail: 1.000%\n"}
,{"stream_name":"stdout","time":236.433515173,"data":"[Game 1310] Range: 2-8 | Median/Mean: 4.0 / 3.825 | Fail: 0.992%\n"}
,{"stream_name":"stdout","time":238.251546634,"data":"[Game 1320] Range: 2-8 | Median/Mean: 4.0 / 3.828 | Fail: 0.985%\n"}
,{"stream_name":"stdout","time":239.799234142,"data":"[Game 1330] Range: 2-8 | Median/Mean: 4.0 / 3.829 | Fail: 1.053%\n"}
,{"stream_name":"stdout","time":241.888129318,"data":"[Game 1340] Range: 2-8 | Median/Mean: 4.0 / 3.833 | Fail: 1.045%\n"}
,{"stream_name":"stdout","time":243.584285924,"data":"[Game 1350] Range: 2-8 | Median/Mean: 4.0 / 3.833 | Fail: 1.037%\n"}
,{"stream_name":"stdout","time":245.465530069,"data":"[Game 1360] Range: 2-8 | Median/Mean: 4.0 / 3.835 | Fail: 1.029%\n"}
,{"stream_name":"stdout","time":247.515393038,"data":"[Game 1370] Range: 2-8 | Median/Mean: 4.0 / 3.837 | Fail: 1.022%\n"}
,{"stream_name":"stdout","time":249.417982998,"data":"[Game 1380] Range: 2-8 | Median/Mean: 4.0 / 3.836 | Fail: 1.014%\n"}
,{"stream_name":"stdout","time":251.17619503,"data":"[Game 1390] Range: 2-8 | Median/Mean: 4.0 / 3.837 | Fail: 1.007%\n"}
,{"stream_name":"stdout","time":252.973381374,"data":"[Game 1400] Range: 2-8 | Median/Mean: 4.0 / 3.839 | Fail: 1.000%\n"}
,{"stream_name":"stdout","time":254.560275133,"data":"[Game 1410] Range: 2-8 | Median/Mean: 4.0 / 3.840 | Fail: 0.993%\n"}
,{"stream_name":"stdout","time":256.620437497,"data":"[Game 1420] Range: 2-8 | Median/Mean: 4.0 / 3.841 | Fail: 0.986%\n"}
,{"stream_name":"stdout","time":258.516033672,"data":"[Game 1430] Range: 2-8 | Median/Mean: 4.0 / 3.840 | Fail: 0.979%\n"}
,{"stream_name":"stdout","time":260.425957439,"data":"[Game 1440] Range: 2-8 | Median/Mean: 4.0 / 3.840 | Fail: 0.972%\n"}
,{"stream_name":"stdout","time":262.126627914,"data":"[Game 1450] Range: 2-8 | Median/Mean: 4.0 / 3.841 | Fail: 0.966%\n"}
,{"stream_name":"stdout","time":263.475345,"data":"[Game 1460] Range: 2-8 | Median/Mean: 4.0 / 3.841 | Fail: 0.959%\n"}
,{"stream_name":"stdout","time":265.14705176,"data":"[Game 1470] Range: 2-8 | Median/Mean: 4.0 / 3.841 | Fail: 0.952%\n"}
,{"stream_name":"stdout","time":267.083678554,"data":"[Game 1480] Range: 2-8 | Median/Mean: 4.0 / 3.843 | Fail: 0.946%\n"}
,{"stream_name":"stdout","time":268.493920005,"data":"[Game 1490] Range: 2-8 | Median/Mean: 4.0 / 3.842 | Fail: 0.940%\n"}
,{"stream_name":"stdout","time":270.513753358,"data":"[Game 1500] Range: 2-8 | Median/Mean: 4.0 / 3.846 | Fail: 1.000%\n"}
,{"stream_name":"stdout","time":271.930429454,"data":"[Game 1510] Range: 2-8 | Median/Mean: 4.0 / 3.844 | Fail: 0.993%\n"}
,{"stream_name":"stdout","time":273.537741692,"data":"[Game 1520] Range: 2-8 | Median/Mean: 4.0 / 3.844 | Fail: 0.987%\n"}
,{"stream_name":"stdout","time":275.577582948,"data":"[Game 1530] Range: 2-8 | Median/Mean: 4.0 / 3.846 | Fail: 0.980%\n"}
,{"stream_name":"stdout","time":277.567167632,"data":"[Game 1540] Range: 2-8 | Median/Mean: 4.0 / 3.849 | Fail: 0.974%\n"}
,{"stream_name":"stdout","time":279.020378481,"data":"[Game 1550] Range: 2-8 | Median/Mean: 4.0 / 3.848 | Fail: 0.968%\n"}
,{"stream_name":"stdout","time":280.926416179,"data":"[Game 1560] Range: 2-8 | Median/Mean: 4.0 / 3.846 | Fail: 0.962%\n"}
,{"stream_name":"stdout","time":282.70765774,"data":"[Game 1570] Range: 2-8 | Median/Mean: 4.0 / 3.846 | Fail: 0.955%\n"}
,{"stream_name":"stdout","time":284.709149786,"data":"[Game 1580] Range: 2-8 | Median/Mean: 4.0 / 3.846 | Fail: 0.949%\n"}
,{"stream_name":"stdout","time":285.980868721,"data":"[Game 1590] Range: 2-8 | Median/Mean: 4.0 / 3.842 | Fail: 0.943%\n"}
,{"stream_name":"stdout","time":287.330071812,"data":"[Game 1600] Range: 2-8 | Median/Mean: 4.0 / 3.837 | Fail: 0.938%\n"}
,{"stream_name":"stdout","time":288.820118371,"data":"[Game 1610] Range: 2-8 | Median/Mean: 4.0 / 3.837 | Fail: 0.932%\n"}
,{"stream_name":"stdout","time":290.401603326,"data":"[Game 1620] Range: 2-8 | Median/Mean: 4.0 / 3.838 | Fail: 0.988%\n"}
,{"stream_name":"stdout","time":292.438044699,"data":"[Game 1630] Range: 2-8 | Median/Mean: 4.0 / 3.840 | Fail: 1.043%\n"}
,{"stream_name":"stdout","time":293.855651418,"data":"[Game 1640] Range: 2-8 | Median/Mean: 4.0 / 3.838 | Fail: 1.037%\n"}
,{"stream_name":"stdout","time":295.082738457,"data":"[Game 1650] Range: 2-8 | Median/Mean: 4.0 / 3.835 | Fail: 1.030%\n"}
,{"stream_name":"stdout","time":297.176976474,"data":"[Game 1660] Range: 2-8 | Median/Mean: 4.0 / 3.836 | Fail: 1.024%\n"}
,{"stream_name":"stdout","time":298.845984623,"data":"[Game 1670] Range: 2-8 | Median/Mean: 4.0 / 3.835 | Fail: 1.018%\n"}
,{"stream_name":"stdout","time":300.50386182,"data":"[Game 1680] Range: 2-8 | Median/Mean: 4.0 / 3.834 | Fail: 1.012%\n"}
,{"stream_name":"stdout","time":302.136955351,"data":"[Game 1690] Range: 2-8 | Median/Mean: 4.0 / 3.833 | Fail: 1.006%\n"}
,{"stream_name":"stdout","time":303.345593695,"data":"[Game 1700] Range: 2-8 | Median/Mean: 4.0 / 3.832 | Fail: 1.000%\n"}
,{"stream_name":"stdout","time":305.168217985,"data":"[Game 1710] Range: 2-8 | Median/Mean: 4.0 / 3.833 | Fail: 0.994%\n"}
,{"stream_name":"stdout","time":306.584088685,"data":"[Game 1720] Range: 2-8 | Median/Mean: 4.0 / 3.831 | Fail: 0.988%\n"}
,{"stream_name":"stdout","time":308.595782331,"data":"[Game 1730] Range: 2-8 | Median/Mean: 4.0 / 3.830 | Fail: 0.983%\n"}
,{"stream_name":"stdout","time":310.364924301,"data":"[Game 1740] Range: 2-8 | Median/Mean: 4.0 / 3.830 | Fail: 0.977%\n"}
,{"stream_name":"stdout","time":311.895935782,"data":"[Game 1750] Range: 2-8 | Median/Mean: 4.0 / 3.829 | Fail: 0.971%\n"}
,{"stream_name":"stdout","time":313.404982786,"data":"[Game 1760] Range: 2-8 | Median/Mean: 4.0 / 3.827 | Fail: 0.966%\n"}
,{"stream_name":"stdout","time":314.841198558,"data":"[Game 1770] Range: 2-8 | Median/Mean: 4.0 / 3.827 | Fail: 0.960%\n"}
,{"stream_name":"stdout","time":316.627360743,"data":"[Game 1780] Range: 2-8 | Median/Mean: 4.0 / 3.827 | Fail: 0.955%\n"}
,{"stream_name":"stdout","time":318.536892267,"data":"[Game 1790] Range: 2-8 | Median/Mean: 4.0 / 3.827 | Fail: 0.950%\n"}
,{"stream_name":"stdout","time":320.159616961,"data":"[Game 1800] Range: 2-8 | Median/Mean: 4.0 / 3.827 | Fail: 0.944%\n"}
,{"stream_name":"stdout","time":321.941541187,"data":"[Game 1810] Range: 2-8 | Median/Mean: 4.0 / 3.828 | Fail: 0.939%\n"}
,{"stream_name":"stdout","time":323.557022574,"data":"[Game 1820] Range: 2-8 | Median/Mean: 4.0 / 3.828 | Fail: 0.934%\n"}
,{"stream_name":"stdout","time":325.221384774,"data":"[Game 1830] Range: 2-8 | Median/Mean: 4.0 / 3.828 | Fail: 0.929%\n"}
,{"stream_name":"stdout","time":326.814377368,"data":"[Game 1840] Range: 2-8 | Median/Mean: 4.0 / 3.828 | Fail: 0.924%\n"}
,{"stream_name":"stdout","time":328.438677059,"data":"[Game 1850] Range: 2-8 | Median/Mean: 4.0 / 3.826 | Fail: 0.919%\n"}
,{"stream_name":"stdout","time":330.098079243,"data":"[Game 1860] Range: 2-8 | Median/Mean: 4.0 / 3.826 | Fail: 0.914%\n"}
,{"stream_name":"stdout","time":331.227246791,"data":"[Game 1870] Range: 2-8 | Median/Mean: 4.0 / 3.824 | Fail: 0.909%\n"}
,{"stream_name":"stdout","time":332.95278252,"data":"[Game 1880] Range: 2-8 | Median/Mean: 4.0 / 3.824 | Fail: 0.957%\n"}
,{"stream_name":"stdout","time":334.64552655,"data":"[Game 1890] Range: 2-8 | Median/Mean: 4.0 / 3.826 | Fail: 0.952%\n"}
,{"stream_name":"stdout","time":336.517489676,"data":"[Game 1900] Range: 2-8 | Median/Mean: 4.0 / 3.828 | Fail: 0.947%\n"}
,{"stream_name":"stdout","time":338.052048697,"data":"[Game 1910] Range: 2-8 | Median/Mean: 4.0 / 3.829 | Fail: 0.942%\n"}
,{"stream_name":"stdout","time":339.603173824,"data":"[Game 1920] Range: 2-8 | Median/Mean: 4.0 / 3.829 | Fail: 0.938%\n"}
,{"stream_name":"stdout","time":341.323240737,"data":"[Game 1930] Range: 2-8 | Median/Mean: 4.0 / 3.830 | Fail: 0.933%\n"}
,{"stream_name":"stdout","time":343.155787866,"data":"[Game 1940] Range: 2-8 | Median/Mean: 4.0 / 3.832 | Fail: 0.928%\n"}
,{"stream_name":"stdout","time":344.647233316,"data":"[Game 1950] Range: 2-8 | Median/Mean: 4.0 / 3.831 | Fail: 0.923%\n"}
,{"stream_name":"stdout","time":346.765100752,"data":"[Game 1960] Range: 2-8 | Median/Mean: 4.0 / 3.834 | Fail: 0.918%\n"}
,{"stream_name":"stdout","time":348.787273032,"data":"[Game 1970] Range: 2-8 | Median/Mean: 4.0 / 3.835 | Fail: 0.914%\n"}
,{"stream_name":"stdout","time":350.754583662,"data":"[Game 1980] Range: 2-8 | Median/Mean: 4.0 / 3.837 | Fail: 0.909%\n"}
,{"stream_name":"stdout","time":352.037350923,"data":"[Game 1990] Range: 2-8 | Median/Mean: 4.0 / 3.836 | Fail: 0.905%\n"}
,{"stream_name":"stdout","time":353.722850901,"data":"[Game 2000] Range: 2-8 | Median/Mean: 4.0 / 3.837 | Fail: 0.950%\n"}
,{"stream_name":"stdout","time":354.980724457,"data":"[Game 2010] Range: 2-8 | Median/Mean: 4.0 / 3.836 | Fail: 0.945%\n"}
,{"stream_name":"stdout","time":356.994428655,"data":"[Game 2020] Range: 2-8 | Median/Mean: 4.0 / 3.839 | Fail: 0.941%\n"}
,{"stream_name":"stdout","time":358.628459528,"data":"[Game 2030] Range: 2-8 | Median/Mean: 4.0 / 3.840 | Fail: 0.936%\n"}
,{"stream_name":"stdout","time":360.275936923,"data":"[Game 2040] Range: 2-8 | Median/Mean: 4.0 / 3.839 | Fail: 0.931%\n"}
,{"stream_name":"stdout","time":362.190528592,"data":"[Game 2050] Range: 2-8 | Median/Mean: 4.0 / 3.840 | Fail: 0.927%\n"}
,{"stream_name":"stdout","time":363.813433079,"data":"[Game 2060] Range: 2-8 | Median/Mean: 4.0 / 3.840 | Fail: 0.922%\n"}
,{"stream_name":"stdout","time":365.858490022,"data":"[Game 2070] Range: 2-8 | Median/Mean: 4.0 / 3.844 | Fail: 0.966%\n"}
,{"stream_name":"stdout","time":367.654676379,"data":"[Game 2080] Range: 2-8 | Median/Mean: 4.0 / 3.846 | Fail: 0.962%\n"}
,{"stream_name":"stdout","time":369.089890376,"data":"[Game 2090] Range: 2-8 | Median/Mean: 4.0 / 3.845 | Fail: 0.957%\n"}
,{"stream_name":"stdout","time":370.657594777,"data":"[Game 2100] Range: 2-8 | Median/Mean: 4.0 / 3.847 | Fail: 0.952%\n"}
,{"stream_name":"stdout","time":372.078308583,"data":"[Game 2110] Range: 2-8 | Median/Mean: 4.0 / 3.844 | Fail: 0.948%\n"}
,{"stream_name":"stdout","time":373.633983924,"data":"[Game 2120] Range: 2-8 | Median/Mean: 4.0 / 3.845 | Fail: 0.943%\n"}
,{"stream_name":"stdout","time":375.357892272,"data":"[Game 2130] Range: 2-8 | Median/Mean: 4.0 / 3.846 | Fail: 0.939%\n"}
,{"stream_name":"stdout","time":377.129665699,"data":"[Game 2140] Range: 2-8 | Median/Mean: 4.0 / 3.846 | Fail: 0.935%\n"}
,{"stream_name":"stdout","time":379.047549595,"data":"[Game 2150] Range: 2-8 | Median/Mean: 4.0 / 3.847 | Fail: 0.930%\n"}
,{"stream_name":"stdout","time":380.704688358,"data":"[Game 2160] Range: 2-8 | Median/Mean: 4.0 / 3.846 | Fail: 0.926%\n"}
,{"stream_name":"stdout","time":383.073300462,"data":"[Game 2170] Range: 2-8 | Median/Mean: 4.0 / 3.849 | Fail: 0.968%\n"}
,{"stream_name":"stdout","time":384.803858693,"data":"[Game 2180] Range: 2-8 | Median/Mean: 4.0 / 3.849 | Fail: 0.963%\n"}
,{"stream_name":"stdout","time":386.11815775,"data":"[Game 2190] Range: 2-8 | Median/Mean: 4.0 / 3.847 | Fail: 0.959%\n"}
,{"stream_name":"stdout","time":387.951534361,"data":"[Game 2200] Range: 2-8 | Median/Mean: 4.0 / 3.847 | Fail: 0.955%\n"}
,{"stream_name":"stdout","time":389.462472164,"data":"[Game 2210] Range: 2-8 | Median/Mean: 4.0 / 3.845 | Fail: 0.950%\n"}
,{"stream_name":"stdout","time":391.556753319,"data":"[Game 2220] Range: 2-8 | Median/Mean: 4.0 / 3.848 | Fail: 0.991%\n"}
,{"stream_name":"stdout","time":393.197775089,"data":"[Game 2230] Range: 2-8 | Median/Mean: 4.0 / 3.848 | Fail: 0.987%\n"}
,{"stream_name":"stdout","time":394.767286236,"data":"[Game 2240] Range: 2-8 | Median/Mean: 4.0 / 3.848 | Fail: 1.027%\n"}
,{"stream_name":"stdout","time":396.369412501,"data":"[Game 2250] Range: 2-8 | Median/Mean: 4.0 / 3.849 | Fail: 1.022%\n"}
,{"stream_name":"stdout","time":398.050439951,"data":"[Game 2260] Range: 2-8 | Median/Mean: 4.0 / 3.850 | Fail: 1.062%\n"}
,{"stream_name":"stdout","time":399.970862159,"data":"[Game 2270] Range: 2-8 | Median/Mean: 4.0 / 3.851 | Fail: 1.057%\n"}
,{"stream_name":"stdout","time":401.890932684,"data":"[Game 2280] Range: 2-8 | Median/Mean: 4.0 / 3.853 | Fail: 1.053%\n"}
,{"stream_name":"stdout","time":403.744917192,"data":"[Game 2290] Range: 2-8 | Median/Mean: 4.0 / 3.854 | Fail: 1.092%\n"}
,{"stream_name":"stdout","time":405.045620486,"data":"[Game 2300] Range: 2-8 | Median/Mean: 4.0 / 3.852 | Fail: 1.087%\n"}
,{"stream_name":"stdout","time":406.430836765,"data":"[Game 2310] Range: 2-8 | Median/Mean: 4.0 / 3.851 | Fail: 1.082%\n"}
,{"stream_name":"stdout","time":407.426988245,"data":"Summary:\n"}
,{"stream_name":"stdout","time":407.440233388,"data":"Distribution across steps:\n"}
,{"stream_name":"stdout","time":407.448448969,"data":"Key Metrics:\n"}
,{"stream_name":"stderr","time":411.434590874,"data":"/opt/conda/lib/python3.7/site-packages/traitlets/traitlets.py:2567: FutureWarning: --Exporter.preprocessors=[\"remove_papermill_header.RemovePapermillHeader\"] for containers is deprecated in traitlets 5.0. You can pass `--Exporter.preprocessors item` ... multiple times to add items to a list.\n"}
,{"stream_name":"stderr","time":411.434650276,"data":"  FutureWarning,\n"}
,{"stream_name":"stderr","time":411.4346565,"data":"[NbConvertApp] Converting notebook __notebook__.ipynb to notebook\n"}
,{"stream_name":"stderr","time":411.859346863,"data":"[NbConvertApp] Writing 32795 bytes to __notebook__.ipynb\n"}
,{"stream_name":"stderr","time":414.486165301,"data":"/opt/conda/lib/python3.7/site-packages/traitlets/traitlets.py:2567: FutureWarning: --Exporter.preprocessors=[\"nbconvert.preprocessors.ExtractOutputPreprocessor\"] for containers is deprecated in traitlets 5.0. You can pass `--Exporter.preprocessors item` ... multiple times to add items to a list.\n"}
,{"stream_name":"stderr","time":414.486264256,"data":"  FutureWarning,\n"}
,{"stream_name":"stderr","time":414.486275299,"data":"[NbConvertApp] Converting notebook __notebook__.ipynb to html\n"}
,{"stream_name":"stderr","time":415.119040749,"data":"[NbConvertApp] Writing 308274 bytes to __results__.html\n"}
]