[{"stream_name":"stderr","time":12.935158726000001,"data":"/opt/conda/lib/python3.7/site-packages/papermill/iorw.py:50: FutureWarning: pyarrow.HadoopFileSystem is deprecated as of 2.0.0, please use pyarrow.fs.HadoopFileSystem instead.\n"}
,{"stream_name":"stderr","time":12.935324411,"data":"  from pyarrow import HadoopFileSystem\n"}
,{"stream_name":"stdout","time":14.461279808,"data":"[ ---------- ROATE ----------]\n"}
,{"stream_name":"stdout","time":15.653442163,"data":"[Game 10] Range: 3-5 | Median/Mean: 4.0 / 4.000 | Fail: 0.000%\n"}
,{"stream_name":"stdout","time":16.969172819,"data":"[Game 20] Range: 3-5 | Median/Mean: 4.0 / 3.850 | Fail: 0.000%\n"}
,{"stream_name":"stdout","time":18.341066994,"data":"[Game 30] Range: 2-5 | Median/Mean: 4.0 / 3.800 | Fail: 0.000%\n"}
,{"stream_name":"stdout","time":19.75146701,"data":"[Game 40] Range: 2-6 | Median/Mean: 4.0 / 3.900 | Fail: 0.000%\n"}
,{"stream_name":"stdout","time":20.828098049,"data":"[Game 50] Range: 2-6 | Median/Mean: 4.0 / 3.760 | Fail: 0.000%\n"}
,{"stream_name":"stdout","time":21.980603402,"data":"[Game 60] Range: 2-6 | Median/Mean: 4.0 / 3.733 | Fail: 0.000%\n"}
,{"stream_name":"stdout","time":23.178006218,"data":"[Game 70] Range: 2-6 | Median/Mean: 4.0 / 3.757 | Fail: 0.000%\n"}
,{"stream_name":"stdout","time":23.946776701,"data":"[Game 80] Range: 2-6 | Median/Mean: 4.0 / 3.650 | Fail: 0.000%\n"}
,{"stream_name":"stdout","time":25.582531515,"data":"[Game 90] Range: 2-8 | Median/Mean: 4.0 / 3.744 | Fail: 1.111%\n"}
,{"stream_name":"stdout","time":26.398145232,"data":"[Game 100] Range: 2-8 | Median/Mean: 4.0 / 3.670 | Fail: 1.000%\n"}
,{"stream_name":"stdout","time":27.386815812,"data":"[Game 110] Range: 2-8 | Median/Mean: 4.0 / 3.664 | Fail: 0.909%\n"}
,{"stream_name":"stdout","time":28.789497887,"data":"[Game 120] Range: 2-8 | Median/Mean: 4.0 / 3.692 | Fail: 1.667%\n"}
,{"stream_name":"stdout","time":30.094669715,"data":"[Game 130] Range: 2-8 | Median/Mean: 4.0 / 3.723 | Fail: 1.538%\n"}
,{"stream_name":"stdout","time":31.196934483,"data":"[Game 140] Range: 2-8 | Median/Mean: 4.0 / 3.721 | Fail: 1.429%\n"}
,{"stream_name":"stdout","time":32.183864416,"data":"[Game 150] Range: 2-8 | Median/Mean: 4.0 / 3.700 | Fail: 1.333%\n"}
,{"stream_name":"stdout","time":33.080806142,"data":"[Game 160] Range: 2-8 | Median/Mean: 4.0 / 3.675 | Fail: 1.250%\n"}
,{"stream_name":"stdout","time":34.23467377,"data":"[Game 170] Range: 2-8 | Median/Mean: 4.0 / 3.676 | Fail: 1.176%\n"}
,{"stream_name":"stdout","time":35.294064982,"data":"[Game 180] Range: 2-8 | Median/Mean: 4.0 / 3.667 | Fail: 1.111%\n"}
,{"stream_name":"stdout","time":36.425987187,"data":"[Game 190] Range: 2-8 | Median/Mean: 4.0 / 3.658 | Fail: 1.053%\n"}
,{"stream_name":"stdout","time":37.541138525,"data":"[Game 200] Range: 2-8 | Median/Mean: 4.0 / 3.650 | Fail: 1.000%\n"}
,{"stream_name":"stdout","time":38.845802173,"data":"[Game 210] Range: 2-8 | Median/Mean: 4.0 / 3.662 | Fail: 0.952%\n"}
,{"stream_name":"stdout","time":39.987604412,"data":"[Game 220] Range: 2-8 | Median/Mean: 4.0 / 3.655 | Fail: 0.909%\n"}
,{"stream_name":"stdout","time":41.287771646,"data":"[Game 230] Range: 2-8 | Median/Mean: 4.0 / 3.657 | Fail: 0.870%\n"}
,{"stream_name":"stdout","time":42.473727159,"data":"[Game 240] Range: 2-8 | Median/Mean: 4.0 / 3.658 | Fail: 0.833%\n"}
,{"stream_name":"stdout","time":43.84904985,"data":"[Game 250] Range: 2-8 | Median/Mean: 4.0 / 3.676 | Fail: 0.800%\n"}
,{"stream_name":"stdout","time":45.056669411,"data":"[Game 260] Range: 2-8 | Median/Mean: 4.0 / 3.685 | Fail: 0.769%\n"}
,{"stream_name":"stdout","time":46.066510102,"data":"[Game 270] Range: 2-8 | Median/Mean: 4.0 / 3.678 | Fail: 0.741%\n"}
,{"stream_name":"stdout","time":46.93520468,"data":"[Game 280] Range: 2-8 | Median/Mean: 4.0 / 3.661 | Fail: 0.714%\n"}
,{"stream_name":"stdout","time":48.214880379,"data":"[Game 290] Range: 2-8 | Median/Mean: 4.0 / 3.669 | Fail: 0.690%\n"}
,{"stream_name":"stdout","time":49.147268565,"data":"[Game 300] Range: 2-8 | Median/Mean: 4.0 / 3.653 | Fail: 0.667%\n"}
,{"stream_name":"stdout","time":50.494662142,"data":"[Game 310] Range: 2-8 | Median/Mean: 4.0 / 3.655 | Fail: 0.645%\n"}
,{"stream_name":"stdout","time":51.665833956,"data":"[Game 320] Range: 2-8 | Median/Mean: 4.0 / 3.666 | Fail: 0.938%\n"}
,{"stream_name":"stdout","time":52.865788263,"data":"[Game 330] Range: 2-8 | Median/Mean: 4.0 / 3.667 | Fail: 0.909%\n"}
,{"stream_name":"stdout","time":54.07006109,"data":"[Game 340] Range: 2-8 | Median/Mean: 4.0 / 3.668 | Fail: 0.882%\n"}
,{"stream_name":"stdout","time":55.082156151,"data":"[Game 350] Range: 2-8 | Median/Mean: 4.0 / 3.663 | Fail: 0.857%\n"}
,{"stream_name":"stdout","time":55.935066512,"data":"[Game 360] Range: 2-8 | Median/Mean: 4.0 / 3.658 | Fail: 0.833%\n"}
,{"stream_name":"stdout","time":57.013997946,"data":"[Game 370] Range: 2-8 | Median/Mean: 4.0 / 3.654 | Fail: 0.811%\n"}
,{"stream_name":"stdout","time":58.1907978,"data":"[Game 380] Range: 2-8 | Median/Mean: 4.0 / 3.661 | Fail: 0.789%\n"}
,{"stream_name":"stdout","time":59.237444169,"data":"[Game 390] Range: 2-8 | Median/Mean: 4.0 / 3.659 | Fail: 0.769%\n"}
,{"stream_name":"stdout","time":60.584352765,"data":"[Game 400] Range: 2-8 | Median/Mean: 4.0 / 3.670 | Fail: 0.750%\n"}
,{"stream_name":"stdout","time":61.870688986,"data":"[Game 410] Range: 2-8 | Median/Mean: 4.0 / 3.683 | Fail: 0.732%\n"}
,{"stream_name":"stdout","time":62.998180243,"data":"[Game 420] Range: 2-8 | Median/Mean: 4.0 / 3.686 | Fail: 0.714%\n"}
,{"stream_name":"stdout","time":64.43651891,"data":"[Game 430] Range: 2-8 | Median/Mean: 4.0 / 3.702 | Fail: 0.698%\n"}
,{"stream_name":"stdout","time":65.502775192,"data":"[Game 440] Range: 2-8 | Median/Mean: 4.0 / 3.705 | Fail: 0.682%\n"}
,{"stream_name":"stdout","time":66.562621529,"data":"[Game 450] Range: 2-8 | Median/Mean: 4.0 / 3.702 | Fail: 0.667%\n"}
,{"stream_name":"stdout","time":67.740992192,"data":"[Game 460] Range: 2-8 | Median/Mean: 4.0 / 3.700 | Fail: 0.652%\n"}
,{"stream_name":"stdout","time":68.858419276,"data":"[Game 470] Range: 2-8 | Median/Mean: 4.0 / 3.700 | Fail: 0.638%\n"}
,{"stream_name":"stdout","time":70.088124323,"data":"[Game 480] Range: 2-8 | Median/Mean: 4.0 / 3.704 | Fail: 0.625%\n"}
,{"stream_name":"stdout","time":71.729811343,"data":"[Game 490] Range: 2-8 | Median/Mean: 4.0 / 3.714 | Fail: 0.612%\n"}
,{"stream_name":"stdout","time":72.857473332,"data":"[Game 500] Range: 2-8 | Median/Mean: 4.0 / 3.714 | Fail: 0.600%\n"}
,{"stream_name":"stdout","time":74.2854039,"data":"[Game 510] Range: 2-8 | Median/Mean: 4.0 / 3.722 | Fail: 0.784%\n"}
,{"stream_name":"stdout","time":75.431062147,"data":"[Game 520] Range: 2-8 | Median/Mean: 4.0 / 3.721 | Fail: 0.769%\n"}
,{"stream_name":"stdout","time":76.733968828,"data":"[Game 530] Range: 2-8 | Median/Mean: 4.0 / 3.728 | Fail: 0.755%\n"}
,{"stream_name":"stdout","time":77.826291004,"data":"[Game 540] Range: 2-8 | Median/Mean: 4.0 / 3.730 | Fail: 0.741%\n"}
,{"stream_name":"stdout","time":79.082287205,"data":"[Game 550] Range: 2-8 | Median/Mean: 4.0 / 3.731 | Fail: 0.727%\n"}
,{"stream_name":"stdout","time":80.56843588,"data":"[Game 560] Range: 2-8 | Median/Mean: 4.0 / 3.737 | Fail: 0.714%\n"}
,{"stream_name":"stdout","time":81.673477588,"data":"[Game 570] Range: 2-8 | Median/Mean: 4.0 / 3.732 | Fail: 0.702%\n"}
,{"stream_name":"stdout","time":82.763668164,"data":"[Game 580] Range: 2-8 | Median/Mean: 4.0 / 3.729 | Fail: 0.690%\n"}
,{"stream_name":"stdout","time":84.224559126,"data":"[Game 590] Range: 2-8 | Median/Mean: 4.0 / 3.739 | Fail: 0.847%\n"}
,{"stream_name":"stdout","time":84.875335922,"data":"[Game 600] Range: 2-8 | Median/Mean: 4.0 / 3.730 | Fail: 0.833%\n"}
,{"stream_name":"stdout","time":86.27334621,"data":"[Game 610] Range: 2-8 | Median/Mean: 4.0 / 3.731 | Fail: 0.820%\n"}
,{"stream_name":"stdout","time":87.270871019,"data":"[Game 620] Range: 2-8 | Median/Mean: 4.0 / 3.726 | Fail: 0.806%\n"}
,{"stream_name":"stdout","time":88.307034021,"data":"[Game 630] Range: 2-8 | Median/Mean: 4.0 / 3.722 | Fail: 0.794%\n"}
,{"stream_name":"stdout","time":89.677098092,"data":"[Game 640] Range: 2-8 | Median/Mean: 4.0 / 3.728 | Fail: 0.781%\n"}
,{"stream_name":"stdout","time":91.053869733,"data":"[Game 650] Range: 2-8 | Median/Mean: 4.0 / 3.734 | Fail: 0.769%\n"}
,{"stream_name":"stdout","time":92.181869138,"data":"[Game 660] Range: 2-8 | Median/Mean: 4.0 / 3.732 | Fail: 0.758%\n"}
,{"stream_name":"stdout","time":93.364856731,"data":"[Game 670] Range: 2-8 | Median/Mean: 4.0 / 3.736 | Fail: 0.746%\n"}
,{"stream_name":"stdout","time":94.698137971,"data":"[Game 680] Range: 2-8 | Median/Mean: 4.0 / 3.738 | Fail: 0.735%\n"}
,{"stream_name":"stdout","time":95.768413269,"data":"[Game 690] Range: 2-8 | Median/Mean: 4.0 / 3.736 | Fail: 0.725%\n"}
,{"stream_name":"stdout","time":96.744706287,"data":"[Game 700] Range: 2-8 | Median/Mean: 4.0 / 3.733 | Fail: 0.714%\n"}
,{"stream_name":"stdout","time":98.323865931,"data":"[Game 710] Range: 2-8 | Median/Mean: 4.0 / 3.742 | Fail: 0.704%\n"}
,{"stream_name":"stdout","time":99.172353572,"data":"[Game 720] Range: 2-8 | Median/Mean: 4.0 / 3.739 | Fail: 0.694%\n"}
,{"stream_name":"stdout","time":100.105411897,"data":"[Game 730] Range: 2-8 | Median/Mean: 4.0 / 3.737 | Fail: 0.685%\n"}
,{"stream_name":"stdout","time":101.18550934699999,"data":"[Game 740] Range: 2-8 | Median/Mean: 4.0 / 3.738 | Fail: 0.676%\n"}
,{"stream_name":"stdout","time":102.391074246,"data":"[Game 750] Range: 2-8 | Median/Mean: 4.0 / 3.740 | Fail: 0.667%\n"}
,{"stream_name":"stdout","time":103.526409207,"data":"[Game 760] Range: 2-8 | Median/Mean: 4.0 / 3.741 | Fail: 0.658%\n"}
,{"stream_name":"stdout","time":104.595754529,"data":"[Game 770] Range: 2-8 | Median/Mean: 4.0 / 3.739 | Fail: 0.649%\n"}
,{"stream_name":"stdout","time":105.728031107,"data":"[Game 780] Range: 2-8 | Median/Mean: 4.0 / 3.737 | Fail: 0.641%\n"}
,{"stream_name":"stdout","time":106.929674886,"data":"[Game 790] Range: 2-8 | Median/Mean: 4.0 / 3.742 | Fail: 0.633%\n"}
,{"stream_name":"stdout","time":107.783753644,"data":"[Game 800] Range: 2-8 | Median/Mean: 4.0 / 3.739 | Fail: 0.625%\n"}
,{"stream_name":"stdout","time":108.825445072,"data":"[Game 810] Range: 2-8 | Median/Mean: 4.0 / 3.740 | Fail: 0.617%\n"}
,{"stream_name":"stdout","time":109.85776897,"data":"[Game 820] Range: 2-8 | Median/Mean: 4.0 / 3.737 | Fail: 0.610%\n"}
,{"stream_name":"stdout","time":110.965675674,"data":"[Game 830] Range: 2-8 | Median/Mean: 4.0 / 3.733 | Fail: 0.602%\n"}
,{"stream_name":"stdout","time":111.887532469,"data":"[Game 840] Range: 2-8 | Median/Mean: 4.0 / 3.729 | Fail: 0.595%\n"}
,{"stream_name":"stdout","time":113.009256753,"data":"[Game 850] Range: 2-8 | Median/Mean: 4.0 / 3.729 | Fail: 0.706%\n"}
,{"stream_name":"stdout","time":114.300695457,"data":"[Game 860] Range: 2-8 | Median/Mean: 4.0 / 3.734 | Fail: 0.698%\n"}
,{"stream_name":"stdout","time":115.364434604,"data":"[Game 870] Range: 2-8 | Median/Mean: 4.0 / 3.733 | Fail: 0.690%\n"}
,{"stream_name":"stdout","time":116.637296087,"data":"[Game 880] Range: 2-8 | Median/Mean: 4.0 / 3.733 | Fail: 0.682%\n"}
,{"stream_name":"stdout","time":117.795267158,"data":"[Game 890] Range: 2-8 | Median/Mean: 4.0 / 3.734 | Fail: 0.674%\n"}
,{"stream_name":"stdout","time":118.798174608,"data":"[Game 900] Range: 2-8 | Median/Mean: 4.0 / 3.730 | Fail: 0.667%\n"}
,{"stream_name":"stdout","time":119.808015652,"data":"[Game 910] Range: 2-8 | Median/Mean: 4.0 / 3.732 | Fail: 0.659%\n"}
,{"stream_name":"stdout","time":120.97506378,"data":"[Game 920] Range: 2-8 | Median/Mean: 4.0 / 3.730 | Fail: 0.652%\n"}
,{"stream_name":"stdout","time":122.158789905,"data":"[Game 930] Range: 2-8 | Median/Mean: 4.0 / 3.734 | Fail: 0.645%\n"}
,{"stream_name":"stdout","time":123.371468429,"data":"[Game 940] Range: 2-8 | Median/Mean: 4.0 / 3.735 | Fail: 0.638%\n"}
,{"stream_name":"stdout","time":124.505110595,"data":"[Game 950] Range: 2-8 | Median/Mean: 4.0 / 3.734 | Fail: 0.632%\n"}
,{"stream_name":"stdout","time":125.688864613,"data":"[Game 960] Range: 2-8 | Median/Mean: 4.0 / 3.733 | Fail: 0.625%\n"}
,{"stream_name":"stdout","time":127.273309521,"data":"[Game 970] Range: 2-8 | Median/Mean: 4.0 / 3.738 | Fail: 0.722%\n"}
,{"stream_name":"stdout","time":128.297893766,"data":"[Game 980] Range: 2-8 | Median/Mean: 4.0 / 3.737 | Fail: 0.714%\n"}
,{"stream_name":"stdout","time":129.375875715,"data":"[Game 990] Range: 2-8 | Median/Mean: 4.0 / 3.736 | Fail: 0.707%\n"}
,{"stream_name":"stdout","time":130.37797626,"data":"[Game 1000] Range: 2-8 | Median/Mean: 4.0 / 3.734 | Fail: 0.700%\n"}
,{"stream_name":"stdout","time":131.495752754,"data":"[Game 1010] Range: 2-8 | Median/Mean: 4.0 / 3.734 | Fail: 0.693%\n"}
,{"stream_name":"stdout","time":132.618727619,"data":"[Game 1020] Range: 2-8 | Median/Mean: 4.0 / 3.735 | Fail: 0.686%\n"}
,{"stream_name":"stdout","time":133.710044409,"data":"[Game 1030] Range: 2-8 | Median/Mean: 4.0 / 3.733 | Fail: 0.680%\n"}
,{"stream_name":"stdout","time":135.268673077,"data":"[Game 1040] Range: 2-8 | Median/Mean: 4.0 / 3.736 | Fail: 0.673%\n"}
,{"stream_name":"stdout","time":136.326136054,"data":"[Game 1050] Range: 2-8 | Median/Mean: 4.0 / 3.732 | Fail: 0.667%\n"}
,{"stream_name":"stdout","time":137.348521546,"data":"[Game 1060] Range: 2-8 | Median/Mean: 4.0 / 3.733 | Fail: 0.660%\n"}
,{"stream_name":"stdout","time":138.674878507,"data":"[Game 1070] Range: 2-8 | Median/Mean: 4.0 / 3.736 | Fail: 0.748%\n"}
,{"stream_name":"stdout","time":139.851356668,"data":"[Game 1080] Range: 2-8 | Median/Mean: 4.0 / 3.737 | Fail: 0.741%\n"}
,{"stream_name":"stdout","time":141.297674905,"data":"[Game 1090] Range: 2-8 | Median/Mean: 4.0 / 3.740 | Fail: 0.734%\n"}
,{"stream_name":"stdout","time":142.463140805,"data":"[Game 1100] Range: 2-8 | Median/Mean: 4.0 / 3.743 | Fail: 0.727%\n"}
,{"stream_name":"stdout","time":143.613082974,"data":"[Game 1110] Range: 2-8 | Median/Mean: 4.0 / 3.740 | Fail: 0.721%\n"}
,{"stream_name":"stdout","time":144.528654385,"data":"[Game 1120] Range: 2-8 | Median/Mean: 4.0 / 3.735 | Fail: 0.714%\n"}
,{"stream_name":"stdout","time":145.656273841,"data":"[Game 1130] Range: 2-8 | Median/Mean: 4.0 / 3.735 | Fail: 0.708%\n"}
,{"stream_name":"stdout","time":146.76331937,"data":"[Game 1140] Range: 2-8 | Median/Mean: 4.0 / 3.736 | Fail: 0.702%\n"}
,{"stream_name":"stdout","time":148.072950589,"data":"[Game 1150] Range: 2-8 | Median/Mean: 4.0 / 3.737 | Fail: 0.696%\n"}
,{"stream_name":"stdout","time":149.082012907,"data":"[Game 1160] Range: 2-8 | Median/Mean: 4.0 / 3.736 | Fail: 0.690%\n"}
,{"stream_name":"stdout","time":150.157535868,"data":"[Game 1170] Range: 2-8 | Median/Mean: 4.0 / 3.736 | Fail: 0.684%\n"}
,{"stream_name":"stdout","time":151.152592153,"data":"[Game 1180] Range: 2-8 | Median/Mean: 4.0 / 3.734 | Fail: 0.678%\n"}
,{"stream_name":"stdout","time":152.339016192,"data":"[Game 1190] Range: 2-8 | Median/Mean: 4.0 / 3.734 | Fail: 0.672%\n"}
,{"stream_name":"stdout","time":153.434429106,"data":"[Game 1200] Range: 2-8 | Median/Mean: 4.0 / 3.730 | Fail: 0.667%\n"}
,{"stream_name":"stdout","time":154.681962163,"data":"[Game 1210] Range: 2-8 | Median/Mean: 4.0 / 3.731 | Fail: 0.661%\n"}
,{"stream_name":"stdout","time":156.180742695,"data":"[Game 1220] Range: 2-8 | Median/Mean: 4.0 / 3.734 | Fail: 0.656%\n"}
,{"stream_name":"stdout","time":157.312732018,"data":"[Game 1230] Range: 2-8 | Median/Mean: 4.0 / 3.734 | Fail: 0.650%\n"}
,{"stream_name":"stdout","time":158.456617379,"data":"[Game 1240] Range: 2-8 | Median/Mean: 4.0 / 3.735 | Fail: 0.645%\n"}
,{"stream_name":"stdout","time":159.416322526,"data":"[Game 1250] Range: 2-8 | Median/Mean: 4.0 / 3.732 | Fail: 0.640%\n"}
,{"stream_name":"stdout","time":160.437025397,"data":"[Game 1260] Range: 2-8 | Median/Mean: 4.0 / 3.733 | Fail: 0.714%\n"}
,{"stream_name":"stdout","time":161.690664204,"data":"[Game 1270] Range: 2-8 | Median/Mean: 4.0 / 3.734 | Fail: 0.709%\n"}
,{"stream_name":"stdout","time":162.595908293,"data":"[Game 1280] Range: 2-8 | Median/Mean: 4.0 / 3.731 | Fail: 0.703%\n"}
,{"stream_name":"stdout","time":163.819942537,"data":"[Game 1290] Range: 2-8 | Median/Mean: 4.0 / 3.731 | Fail: 0.698%\n"}
,{"stream_name":"stdout","time":165.118096721,"data":"[Game 1300] Range: 2-8 | Median/Mean: 4.0 / 3.733 | Fail: 0.692%\n"}
,{"stream_name":"stdout","time":165.952227968,"data":"[Game 1310] Range: 2-8 | Median/Mean: 4.0 / 3.731 | Fail: 0.687%\n"}
,{"stream_name":"stdout","time":167.309477094,"data":"[Game 1320] Range: 2-8 | Median/Mean: 4.0 / 3.735 | Fail: 0.682%\n"}
,{"stream_name":"stdout","time":168.711555375,"data":"[Game 1330] Range: 2-8 | Median/Mean: 4.0 / 3.738 | Fail: 0.752%\n"}
,{"stream_name":"stdout","time":169.820925705,"data":"[Game 1340] Range: 2-8 | Median/Mean: 4.0 / 3.738 | Fail: 0.746%\n"}
,{"stream_name":"stdout","time":170.679733587,"data":"[Game 1350] Range: 2-8 | Median/Mean: 4.0 / 3.736 | Fail: 0.741%\n"}
,{"stream_name":"stdout","time":171.746800726,"data":"[Game 1360] Range: 2-8 | Median/Mean: 4.0 / 3.734 | Fail: 0.735%\n"}
,{"stream_name":"stdout","time":173.291022872,"data":"[Game 1370] Range: 2-8 | Median/Mean: 4.0 / 3.734 | Fail: 0.730%\n"}
,{"stream_name":"stdout","time":174.409849058,"data":"[Game 1380] Range: 2-8 | Median/Mean: 4.0 / 3.734 | Fail: 0.725%\n"}
,{"stream_name":"stdout","time":175.283119201,"data":"[Game 1390] Range: 2-8 | Median/Mean: 4.0 / 3.732 | Fail: 0.719%\n"}
,{"stream_name":"stdout","time":176.613018705,"data":"[Game 1400] Range: 2-8 | Median/Mean: 4.0 / 3.736 | Fail: 0.714%\n"}
,{"stream_name":"stdout","time":177.723128006,"data":"[Game 1410] Range: 2-8 | Median/Mean: 4.0 / 3.737 | Fail: 0.709%\n"}
,{"stream_name":"stdout","time":178.915579543,"data":"[Game 1420] Range: 2-8 | Median/Mean: 4.0 / 3.735 | Fail: 0.704%\n"}
,{"stream_name":"stdout","time":179.998923274,"data":"[Game 1430] Range: 2-8 | Median/Mean: 4.0 / 3.736 | Fail: 0.699%\n"}
,{"stream_name":"stdout","time":181.084526815,"data":"[Game 1440] Range: 2-8 | Median/Mean: 4.0 / 3.735 | Fail: 0.694%\n"}
,{"stream_name":"stdout","time":182.414485113,"data":"[Game 1450] Range: 2-8 | Median/Mean: 4.0 / 3.737 | Fail: 0.759%\n"}
,{"stream_name":"stdout","time":183.217250096,"data":"[Game 1460] Range: 2-8 | Median/Mean: 4.0 / 3.734 | Fail: 0.753%\n"}
,{"stream_name":"stdout","time":184.292072013,"data":"[Game 1470] Range: 2-8 | Median/Mean: 4.0 / 3.733 | Fail: 0.748%\n"}
,{"stream_name":"stdout","time":185.332470764,"data":"[Game 1480] Range: 2-8 | Median/Mean: 4.0 / 3.734 | Fail: 0.743%\n"}
,{"stream_name":"stdout","time":186.534576487,"data":"[Game 1490] Range: 2-8 | Median/Mean: 4.0 / 3.736 | Fail: 0.738%\n"}
,{"stream_name":"stdout","time":187.44003798,"data":"[Game 1500] Range: 2-8 | Median/Mean: 4.0 / 3.734 | Fail: 0.733%\n"}
,{"stream_name":"stdout","time":188.396546105,"data":"[Game 1510] Range: 2-8 | Median/Mean: 4.0 / 3.733 | Fail: 0.728%\n"}
,{"stream_name":"stdout","time":189.669964932,"data":"[Game 1520] Range: 2-8 | Median/Mean: 4.0 / 3.734 | Fail: 0.724%\n"}
,{"stream_name":"stdout","time":191.14131703,"data":"[Game 1530] Range: 2-8 | Median/Mean: 4.0 / 3.737 | Fail: 0.719%\n"}
,{"stream_name":"stdout","time":192.494846907,"data":"[Game 1540] Range: 2-8 | Median/Mean: 4.0 / 3.739 | Fail: 0.714%\n"}
,{"stream_name":"stdout","time":193.544645435,"data":"[Game 1550] Range: 2-8 | Median/Mean: 4.0 / 3.740 | Fail: 0.710%\n"}
,{"stream_name":"stdout","time":194.842731792,"data":"[Game 1560] Range: 2-8 | Median/Mean: 4.0 / 3.740 | Fail: 0.705%\n"}
,{"stream_name":"stdout","time":196.074211513,"data":"[Game 1570] Range: 2-8 | Median/Mean: 4.0 / 3.740 | Fail: 0.701%\n"}
,{"stream_name":"stdout","time":196.897301402,"data":"[Game 1580] Range: 2-8 | Median/Mean: 4.0 / 3.739 | Fail: 0.696%\n"}
,{"stream_name":"stdout","time":197.992593291,"data":"[Game 1590] Range: 2-8 | Median/Mean: 4.0 / 3.737 | Fail: 0.692%\n"}
,{"stream_name":"stdout","time":199.126010633,"data":"[Game 1600] Range: 2-8 | Median/Mean: 4.0 / 3.737 | Fail: 0.688%\n"}
,{"stream_name":"stdout","time":200.571101986,"data":"[Game 1610] Range: 2-8 | Median/Mean: 4.0 / 3.741 | Fail: 0.683%\n"}
,{"stream_name":"stdout","time":201.735693923,"data":"[Game 1620] Range: 2-8 | Median/Mean: 4.0 / 3.741 | Fail: 0.679%\n"}
,{"stream_name":"stdout","time":202.92426595,"data":"[Game 1630] Range: 2-8 | Median/Mean: 4.0 / 3.742 | Fail: 0.736%\n"}
,{"stream_name":"stdout","time":204.090786929,"data":"[Game 1640] Range: 2-8 | Median/Mean: 4.0 / 3.742 | Fail: 0.732%\n"}
,{"stream_name":"stdout","time":205.313957872,"data":"[Game 1650] Range: 2-8 | Median/Mean: 4.0 / 3.744 | Fail: 0.727%\n"}
,{"stream_name":"stdout","time":206.505691531,"data":"[Game 1660] Range: 2-8 | Median/Mean: 4.0 / 3.743 | Fail: 0.723%\n"}
,{"stream_name":"stdout","time":207.551345407,"data":"[Game 1670] Range: 2-8 | Median/Mean: 4.0 / 3.744 | Fail: 0.719%\n"}
,{"stream_name":"stdout","time":208.888833822,"data":"[Game 1680] Range: 2-8 | Median/Mean: 4.0 / 3.743 | Fail: 0.714%\n"}
,{"stream_name":"stdout","time":209.836400655,"data":"[Game 1690] Range: 2-8 | Median/Mean: 4.0 / 3.742 | Fail: 0.710%\n"}
,{"stream_name":"stdout","time":210.931561576,"data":"[Game 1700] Range: 2-8 | Median/Mean: 4.0 / 3.742 | Fail: 0.706%\n"}
,{"stream_name":"stdout","time":212.14316897,"data":"[Game 1710] Range: 2-8 | Median/Mean: 4.0 / 3.743 | Fail: 0.702%\n"}
,{"stream_name":"stdout","time":213.267826083,"data":"[Game 1720] Range: 2-8 | Median/Mean: 4.0 / 3.743 | Fail: 0.698%\n"}
,{"stream_name":"stdout","time":214.453031277,"data":"[Game 1730] Range: 2-8 | Median/Mean: 4.0 / 3.742 | Fail: 0.694%\n"}
,{"stream_name":"stdout","time":215.715774543,"data":"[Game 1740] Range: 2-8 | Median/Mean: 4.0 / 3.743 | Fail: 0.690%\n"}
,{"stream_name":"stdout","time":216.812685975,"data":"[Game 1750] Range: 2-8 | Median/Mean: 4.0 / 3.741 | Fail: 0.686%\n"}
,{"stream_name":"stdout","time":217.909063985,"data":"[Game 1760] Range: 2-8 | Median/Mean: 4.0 / 3.740 | Fail: 0.682%\n"}
,{"stream_name":"stdout","time":218.84446654,"data":"[Game 1770] Range: 2-8 | Median/Mean: 4.0 / 3.739 | Fail: 0.678%\n"}
,{"stream_name":"stdout","time":220.14488077,"data":"[Game 1780] Range: 2-8 | Median/Mean: 4.0 / 3.739 | Fail: 0.674%\n"}
,{"stream_name":"stdout","time":221.12057479,"data":"[Game 1790] Range: 2-8 | Median/Mean: 4.0 / 3.739 | Fail: 0.670%\n"}
,{"stream_name":"stdout","time":222.269355334,"data":"[Game 1800] Range: 2-8 | Median/Mean: 4.0 / 3.739 | Fail: 0.667%\n"}
,{"stream_name":"stdout","time":223.371608893,"data":"[Game 1810] Range: 2-8 | Median/Mean: 4.0 / 3.740 | Fail: 0.663%\n"}
,{"stream_name":"stdout","time":224.725025154,"data":"[Game 1820] Range: 2-8 | Median/Mean: 4.0 / 3.742 | Fail: 0.659%\n"}
,{"stream_name":"stdout","time":225.992515311,"data":"[Game 1830] Range: 2-8 | Median/Mean: 4.0 / 3.744 | Fail: 0.656%\n"}
,{"stream_name":"stdout","time":226.923991889,"data":"[Game 1840] Range: 2-8 | Median/Mean: 4.0 / 3.742 | Fail: 0.652%\n"}
,{"stream_name":"stdout","time":228.295345337,"data":"[Game 1850] Range: 2-8 | Median/Mean: 4.0 / 3.742 | Fail: 0.649%\n"}
,{"stream_name":"stdout","time":229.249409663,"data":"[Game 1860] Range: 2-8 | Median/Mean: 4.0 / 3.741 | Fail: 0.645%\n"}
,{"stream_name":"stdout","time":230.086782244,"data":"[Game 1870] Range: 2-8 | Median/Mean: 4.0 / 3.738 | Fail: 0.642%\n"}
,{"stream_name":"stdout","time":231.223959926,"data":"[Game 1880] Range: 2-8 | Median/Mean: 4.0 / 3.738 | Fail: 0.638%\n"}
,{"stream_name":"stdout","time":232.494180129,"data":"[Game 1890] Range: 2-8 | Median/Mean: 4.0 / 3.740 | Fail: 0.688%\n"}
,{"stream_name":"stdout","time":233.835514238,"data":"[Game 1900] Range: 2-8 | Median/Mean: 4.0 / 3.742 | Fail: 0.684%\n"}
,{"stream_name":"stdout","time":235.278981863,"data":"[Game 1910] Range: 2-8 | Median/Mean: 4.0 / 3.743 | Fail: 0.681%\n"}
,{"stream_name":"stdout","time":236.379795396,"data":"[Game 1920] Range: 2-8 | Median/Mean: 4.0 / 3.743 | Fail: 0.677%\n"}
,{"stream_name":"stdout","time":237.242709691,"data":"[Game 1930] Range: 2-8 | Median/Mean: 4.0 / 3.741 | Fail: 0.674%\n"}
,{"stream_name":"stdout","time":238.413009668,"data":"[Game 1940] Range: 2-8 | Median/Mean: 4.0 / 3.741 | Fail: 0.670%\n"}
,{"stream_name":"stdout","time":239.540120326,"data":"[Game 1950] Range: 2-8 | Median/Mean: 4.0 / 3.741 | Fail: 0.667%\n"}
,{"stream_name":"stdout","time":240.851166252,"data":"[Game 1960] Range: 2-8 | Median/Mean: 4.0 / 3.743 | Fail: 0.663%\n"}
,{"stream_name":"stdout","time":242.080471029,"data":"[Game 1970] Range: 2-8 | Median/Mean: 4.0 / 3.744 | Fail: 0.660%\n"}
,{"stream_name":"stdout","time":243.307121645,"data":"[Game 1980] Range: 2-8 | Median/Mean: 4.0 / 3.746 | Fail: 0.657%\n"}
,{"stream_name":"stdout","time":244.350306987,"data":"[Game 1990] Range: 2-8 | Median/Mean: 4.0 / 3.745 | Fail: 0.653%\n"}
,{"stream_name":"stdout","time":245.621884582,"data":"[Game 2000] Range: 2-8 | Median/Mean: 4.0 / 3.745 | Fail: 0.700%\n"}
,{"stream_name":"stdout","time":246.759908274,"data":"[Game 2010] Range: 2-8 | Median/Mean: 4.0 / 3.745 | Fail: 0.697%\n"}
,{"stream_name":"stdout","time":247.870004883,"data":"[Game 2020] Range: 2-8 | Median/Mean: 4.0 / 3.747 | Fail: 0.693%\n"}
,{"stream_name":"stdout","time":248.760429624,"data":"[Game 2030] Range: 2-8 | Median/Mean: 4.0 / 3.745 | Fail: 0.690%\n"}
,{"stream_name":"stdout","time":249.697333526,"data":"[Game 2040] Range: 2-8 | Median/Mean: 4.0 / 3.744 | Fail: 0.686%\n"}
,{"stream_name":"stdout","time":251.011108129,"data":"[Game 2050] Range: 2-8 | Median/Mean: 4.0 / 3.745 | Fail: 0.683%\n"}
,{"stream_name":"stdout","time":252.058403814,"data":"[Game 2060] Range: 2-8 | Median/Mean: 4.0 / 3.745 | Fail: 0.680%\n"}
,{"stream_name":"stdout","time":253.361941995,"data":"[Game 2070] Range: 2-8 | Median/Mean: 4.0 / 3.747 | Fail: 0.725%\n"}
,{"stream_name":"stdout","time":254.419200292,"data":"[Game 2080] Range: 2-8 | Median/Mean: 4.0 / 3.748 | Fail: 0.721%\n"}
,{"stream_name":"stdout","time":255.447880984,"data":"[Game 2090] Range: 2-8 | Median/Mean: 4.0 / 3.747 | Fail: 0.718%\n"}
,{"stream_name":"stdout","time":256.701428631,"data":"[Game 2100] Range: 2-8 | Median/Mean: 4.0 / 3.749 | Fail: 0.714%\n"}
,{"stream_name":"stdout","time":257.801122101,"data":"[Game 2110] Range: 2-8 | Median/Mean: 4.0 / 3.748 | Fail: 0.711%\n"}
,{"stream_name":"stdout","time":259.121299308,"data":"[Game 2120] Range: 2-8 | Median/Mean: 4.0 / 3.750 | Fail: 0.708%\n"}
,{"stream_name":"stdout","time":260.42937176,"data":"[Game 2130] Range: 2-8 | Median/Mean: 4.0 / 3.751 | Fail: 0.704%\n"}
,{"stream_name":"stdout","time":261.803001691,"data":"[Game 2140] Range: 2-8 | Median/Mean: 4.0 / 3.753 | Fail: 0.701%\n"}
,{"stream_name":"stdout","time":263.287103601,"data":"[Game 2150] Range: 2-8 | Median/Mean: 4.0 / 3.756 | Fail: 0.698%\n"}
,{"stream_name":"stdout","time":264.69146778,"data":"[Game 2160] Range: 2-8 | Median/Mean: 4.0 / 3.758 | Fail: 0.741%\n"}
,{"stream_name":"stdout","time":266.33097869,"data":"[Game 2170] Range: 2-9 | Median/Mean: 4.0 / 3.761 | Fail: 0.783%\n"}
,{"stream_name":"stdout","time":267.596516443,"data":"[Game 2180] Range: 2-9 | Median/Mean: 4.0 / 3.759 | Fail: 0.780%\n"}
,{"stream_name":"stdout","time":268.484522034,"data":"[Game 2190] Range: 2-9 | Median/Mean: 4.0 / 3.758 | Fail: 0.776%\n"}
,{"stream_name":"stdout","time":269.634072012,"data":"[Game 2200] Range: 2-9 | Median/Mean: 4.0 / 3.759 | Fail: 0.773%\n"}
,{"stream_name":"stdout","time":270.767110959,"data":"[Game 2210] Range: 2-9 | Median/Mean: 4.0 / 3.760 | Fail: 0.769%\n"}
,{"stream_name":"stdout","time":271.602376329,"data":"[Game 2220] Range: 2-9 | Median/Mean: 4.0 / 3.758 | Fail: 0.766%\n"}
,{"stream_name":"stdout","time":272.828135761,"data":"[Game 2230] Range: 2-9 | Median/Mean: 4.0 / 3.759 | Fail: 0.762%\n"}
,{"stream_name":"stdout","time":274.144428905,"data":"[Game 2240] Range: 2-9 | Median/Mean: 4.0 / 3.760 | Fail: 0.759%\n"}
,{"stream_name":"stdout","time":276.015867296,"data":"[Game 2250] Range: 2-9 | Median/Mean: 4.0 / 3.764 | Fail: 0.800%\n"}
,{"stream_name":"stdout","time":277.499259741,"data":"[Game 2260] Range: 2-9 | Median/Mean: 4.0 / 3.765 | Fail: 0.841%\n"}
,{"stream_name":"stdout","time":278.640713824,"data":"[Game 2270] Range: 2-9 | Median/Mean: 4.0 / 3.765 | Fail: 0.837%\n"}
,{"stream_name":"stdout","time":279.904761881,"data":"[Game 2280] Range: 2-9 | Median/Mean: 4.0 / 3.765 | Fail: 0.833%\n"}
,{"stream_name":"stdout","time":281.292049067,"data":"[Game 2290] Range: 2-9 | Median/Mean: 4.0 / 3.765 | Fail: 0.873%\n"}
,{"stream_name":"stdout","time":282.571847391,"data":"[Game 2300] Range: 2-9 | Median/Mean: 4.0 / 3.766 | Fail: 0.870%\n"}
,{"stream_name":"stdout","time":283.699615887,"data":"[Game 2310] Range: 2-9 | Median/Mean: 4.0 / 3.765 | Fail: 0.866%\n"}
,{"stream_name":"stdout","time":284.476808475,"data":"Summary:\n"}
,{"stream_name":"stdout","time":284.486386178,"data":"Distribution across steps:\n"}
,{"stream_name":"stdout","time":284.497892562,"data":"Key Metrics:\n"}
,{"stream_name":"stderr","time":287.833293936,"data":"/opt/conda/lib/python3.7/site-packages/traitlets/traitlets.py:2567: FutureWarning: --Exporter.preprocessors=[\"remove_papermill_header.RemovePapermillHeader\"] for containers is deprecated in traitlets 5.0. You can pass `--Exporter.preprocessors item` ... multiple times to add items to a list.\n"}
,{"stream_name":"stderr","time":287.83341085,"data":"  FutureWarning,\n"}
,{"stream_name":"stderr","time":287.833636327,"data":"[NbConvertApp] Converting notebook __notebook__.ipynb to notebook\n"}
,{"stream_name":"stderr","time":288.146625149,"data":"[NbConvertApp] Writing 32944 bytes to __notebook__.ipynb\n"}
,{"stream_name":"stderr","time":290.437697264,"data":"/opt/conda/lib/python3.7/site-packages/traitlets/traitlets.py:2567: FutureWarning: --Exporter.preprocessors=[\"nbconvert.preprocessors.ExtractOutputPreprocessor\"] for containers is deprecated in traitlets 5.0. You can pass `--Exporter.preprocessors item` ... multiple times to add items to a list.\n"}
,{"stream_name":"stderr","time":290.437965974,"data":"  FutureWarning,\n"}
,{"stream_name":"stderr","time":290.438117953,"data":"[NbConvertApp] Converting notebook __notebook__.ipynb to html\n"}
,{"stream_name":"stderr","time":290.981662005,"data":"[NbConvertApp] Writing 308315 bytes to __results__.html\n"}
]