[{"stream_name":"stderr","time":11.200222346,"data":"/opt/conda/lib/python3.7/site-packages/papermill/iorw.py:50: FutureWarning: pyarrow.HadoopFileSystem is deprecated as of 2.0.0, please use pyarrow.fs.HadoopFileSystem instead.\n"}
,{"stream_name":"stderr","time":11.200292831,"data":"  from pyarrow import HadoopFileSystem\n"}
,{"stream_name":"stdout","time":12.966324002,"data":"[ ---------- LARES ----------]\n"}
,{"stream_name":"stdout","time":14.428259369,"data":"[Game 10] Range: 3-6 | Median/Mean: 4.0 / 4.300 | Fail: 0.000%\n"}
,{"stream_name":"stdout","time":15.731561958,"data":"[Game 20] Range: 3-6 | Median/Mean: 4.0 / 4.200 | Fail: 0.000%\n"}
,{"stream_name":"stdout","time":16.995688475,"data":"[Game 30] Range: 3-6 | Median/Mean: 4.0 / 4.067 | Fail: 0.000%\n"}
,{"stream_name":"stdout","time":18.218743051,"data":"[Game 40] Range: 3-6 | Median/Mean: 4.0 / 4.000 | Fail: 0.000%\n"}
,{"stream_name":"stdout","time":19.782958523,"data":"[Game 50] Range: 3-7 | Median/Mean: 4.0 / 4.080 | Fail: 2.000%\n"}
,{"stream_name":"stdout","time":21.034959021,"data":"[Game 60] Range: 3-7 | Median/Mean: 4.0 / 4.017 | Fail: 1.667%\n"}
,{"stream_name":"stdout","time":22.407972083,"data":"[Game 70] Range: 2-7 | Median/Mean: 4.0 / 4.043 | Fail: 1.429%\n"}
,{"stream_name":"stdout","time":23.110655951,"data":"[Game 80] Range: 2-7 | Median/Mean: 4.0 / 3.913 | Fail: 1.250%\n"}
,{"stream_name":"stdout","time":24.274731955,"data":"[Game 90] Range: 2-7 | Median/Mean: 4.0 / 3.900 | Fail: 2.222%\n"}
,{"stream_name":"stdout","time":25.249132471,"data":"[Game 100] Range: 2-7 | Median/Mean: 4.0 / 3.840 | Fail: 2.000%\n"}
,{"stream_name":"stdout","time":26.324497889,"data":"[Game 110] Range: 2-7 | Median/Mean: 4.0 / 3.800 | Fail: 1.818%\n"}
,{"stream_name":"stdout","time":27.875766334,"data":"[Game 120] Range: 2-7 | Median/Mean: 4.0 / 3.850 | Fail: 1.667%\n"}
,{"stream_name":"stdout","time":29.145331106,"data":"[Game 130] Range: 2-8 | Median/Mean: 4.0 / 3.854 | Fail: 2.308%\n"}
,{"stream_name":"stdout","time":30.475728014,"data":"[Game 140] Range: 2-8 | Median/Mean: 4.0 / 3.879 | Fail: 2.143%\n"}
,{"stream_name":"stdout","time":31.842185209,"data":"[Game 150] Range: 2-8 | Median/Mean: 4.0 / 3.907 | Fail: 2.000%\n"}
,{"stream_name":"stdout","time":32.911156458,"data":"[Game 160] Range: 2-8 | Median/Mean: 4.0 / 3.894 | Fail: 1.875%\n"}
,{"stream_name":"stdout","time":34.27355041,"data":"[Game 170] Range: 2-8 | Median/Mean: 4.0 / 3.900 | Fail: 1.765%\n"}
,{"stream_name":"stdout","time":35.353126151,"data":"[Game 180] Range: 2-8 | Median/Mean: 4.0 / 3.894 | Fail: 1.667%\n"}
,{"stream_name":"stdout","time":36.730319212,"data":"[Game 190] Range: 2-8 | Median/Mean: 4.0 / 3.911 | Fail: 1.579%\n"}
,{"stream_name":"stdout","time":37.678339005,"data":"[Game 200] Range: 2-8 | Median/Mean: 4.0 / 3.890 | Fail: 1.500%\n"}
,{"stream_name":"stdout","time":39.058201638,"data":"[Game 210] Range: 2-8 | Median/Mean: 4.0 / 3.890 | Fail: 1.429%\n"}
,{"stream_name":"stdout","time":40.279022024,"data":"[Game 220] Range: 2-8 | Median/Mean: 4.0 / 3.882 | Fail: 1.364%\n"}
,{"stream_name":"stdout","time":41.502957323,"data":"[Game 230] Range: 2-8 | Median/Mean: 4.0 / 3.878 | Fail: 1.739%\n"}
,{"stream_name":"stdout","time":42.672994928,"data":"[Game 240] Range: 2-8 | Median/Mean: 4.0 / 3.875 | Fail: 1.667%\n"}
,{"stream_name":"stdout","time":44.02530432,"data":"[Game 250] Range: 2-8 | Median/Mean: 4.0 / 3.880 | Fail: 1.600%\n"}
,{"stream_name":"stdout","time":45.01280585,"data":"[Game 260] Range: 2-8 | Median/Mean: 4.0 / 3.873 | Fail: 1.538%\n"}
,{"stream_name":"stdout","time":46.137135046,"data":"[Game 270] Range: 2-8 | Median/Mean: 4.0 / 3.852 | Fail: 1.481%\n"}
,{"stream_name":"stdout","time":47.132699238,"data":"[Game 280] Range: 2-8 | Median/Mean: 4.0 / 3.836 | Fail: 1.429%\n"}
,{"stream_name":"stdout","time":48.383514987,"data":"[Game 290] Range: 2-8 | Median/Mean: 4.0 / 3.841 | Fail: 1.379%\n"}
,{"stream_name":"stdout","time":49.712829173,"data":"[Game 300] Range: 2-8 | Median/Mean: 4.0 / 3.847 | Fail: 1.333%\n"}
,{"stream_name":"stdout","time":50.897988145,"data":"[Game 310] Range: 2-8 | Median/Mean: 4.0 / 3.839 | Fail: 1.290%\n"}
,{"stream_name":"stdout","time":52.391919881,"data":"[Game 320] Range: 2-8 | Median/Mean: 4.0 / 3.850 | Fail: 1.562%\n"}
,{"stream_name":"stdout","time":53.737349374,"data":"[Game 330] Range: 2-8 | Median/Mean: 4.0 / 3.848 | Fail: 1.818%\n"}
,{"stream_name":"stdout","time":55.215399077,"data":"[Game 340] Range: 2-8 | Median/Mean: 4.0 / 3.859 | Fail: 1.765%\n"}
,{"stream_name":"stdout","time":56.198200509,"data":"[Game 350] Range: 2-8 | Median/Mean: 4.0 / 3.840 | Fail: 1.714%\n"}
,{"stream_name":"stdout","time":57.399111373,"data":"[Game 360] Range: 2-8 | Median/Mean: 4.0 / 3.836 | Fail: 1.667%\n"}
,{"stream_name":"stdout","time":58.507211885,"data":"[Game 370] Range: 2-8 | Median/Mean: 4.0 / 3.832 | Fail: 1.622%\n"}
,{"stream_name":"stdout","time":59.578584573,"data":"[Game 380] Range: 2-8 | Median/Mean: 4.0 / 3.826 | Fail: 1.579%\n"}
,{"stream_name":"stdout","time":60.895362351,"data":"[Game 390] Range: 2-8 | Median/Mean: 4.0 / 3.838 | Fail: 1.795%\n"}
,{"stream_name":"stdout","time":62.17236093,"data":"[Game 400] Range: 2-8 | Median/Mean: 4.0 / 3.845 | Fail: 1.750%\n"}
,{"stream_name":"stdout","time":63.563386214,"data":"[Game 410] Range: 2-8 | Median/Mean: 4.0 / 3.854 | Fail: 1.707%\n"}
,{"stream_name":"stdout","time":65.034134662,"data":"[Game 420] Range: 2-8 | Median/Mean: 4.0 / 3.864 | Fail: 1.667%\n"}
,{"stream_name":"stdout","time":66.316713416,"data":"[Game 430] Range: 2-8 | Median/Mean: 4.0 / 3.867 | Fail: 1.860%\n"}
,{"stream_name":"stdout","time":67.868521098,"data":"[Game 440] Range: 2-8 | Median/Mean: 4.0 / 3.875 | Fail: 2.045%\n"}
,{"stream_name":"stdout","time":69.166494162,"data":"[Game 450] Range: 2-8 | Median/Mean: 4.0 / 3.873 | Fail: 2.000%\n"}
,{"stream_name":"stdout","time":70.389507234,"data":"[Game 460] Range: 2-8 | Median/Mean: 4.0 / 3.872 | Fail: 1.957%\n"}
,{"stream_name":"stdout","time":71.711350096,"data":"[Game 470] Range: 2-8 | Median/Mean: 4.0 / 3.870 | Fail: 1.915%\n"}
,{"stream_name":"stdout","time":72.97765828,"data":"[Game 480] Range: 2-8 | Median/Mean: 4.0 / 3.875 | Fail: 1.875%\n"}
,{"stream_name":"stdout","time":74.287008079,"data":"[Game 490] Range: 2-8 | Median/Mean: 4.0 / 3.876 | Fail: 1.837%\n"}
,{"stream_name":"stdout","time":75.571083309,"data":"[Game 500] Range: 2-8 | Median/Mean: 4.0 / 3.870 | Fail: 1.800%\n"}
,{"stream_name":"stdout","time":76.789811113,"data":"[Game 510] Range: 2-8 | Median/Mean: 4.0 / 3.863 | Fail: 1.765%\n"}
,{"stream_name":"stdout","time":78.153670598,"data":"[Game 520] Range: 2-8 | Median/Mean: 4.0 / 3.863 | Fail: 1.923%\n"}
,{"stream_name":"stdout","time":79.194077294,"data":"[Game 530] Range: 2-8 | Median/Mean: 4.0 / 3.857 | Fail: 1.887%\n"}
,{"stream_name":"stdout","time":80.432370691,"data":"[Game 540] Range: 2-8 | Median/Mean: 4.0 / 3.854 | Fail: 1.852%\n"}
,{"stream_name":"stdout","time":81.858389097,"data":"[Game 550] Range: 2-8 | Median/Mean: 4.0 / 3.856 | Fail: 1.818%\n"}
,{"stream_name":"stdout","time":83.336326259,"data":"[Game 560] Range: 2-8 | Median/Mean: 4.0 / 3.862 | Fail: 1.786%\n"}
,{"stream_name":"stdout","time":84.692742402,"data":"[Game 570] Range: 2-8 | Median/Mean: 4.0 / 3.865 | Fail: 1.754%\n"}
,{"stream_name":"stdout","time":85.655454034,"data":"[Game 580] Range: 2-8 | Median/Mean: 4.0 / 3.855 | Fail: 1.724%\n"}
,{"stream_name":"stdout","time":87.279582253,"data":"[Game 590] Range: 2-8 | Median/Mean: 4.0 / 3.863 | Fail: 1.695%\n"}
,{"stream_name":"stdout","time":88.387905092,"data":"[Game 600] Range: 2-8 | Median/Mean: 4.0 / 3.860 | Fail: 1.667%\n"}
,{"stream_name":"stdout","time":89.69969155,"data":"[Game 610] Range: 2-8 | Median/Mean: 4.0 / 3.861 | Fail: 1.639%\n"}
,{"stream_name":"stdout","time":90.792559445,"data":"[Game 620] Range: 2-8 | Median/Mean: 4.0 / 3.855 | Fail: 1.613%\n"}
,{"stream_name":"stdout","time":91.840151688,"data":"[Game 630] Range: 2-8 | Median/Mean: 4.0 / 3.851 | Fail: 1.587%\n"}
,{"stream_name":"stdout","time":92.91849543,"data":"[Game 640] Range: 2-8 | Median/Mean: 4.0 / 3.848 | Fail: 1.562%\n"}
,{"stream_name":"stdout","time":94.200267538,"data":"[Game 650] Range: 2-8 | Median/Mean: 4.0 / 3.849 | Fail: 1.538%\n"}
,{"stream_name":"stdout","time":95.340094572,"data":"[Game 660] Range: 2-8 | Median/Mean: 4.0 / 3.848 | Fail: 1.515%\n"}
,{"stream_name":"stdout","time":96.247823803,"data":"[Game 670] Range: 2-8 | Median/Mean: 4.0 / 3.842 | Fail: 1.493%\n"}
,{"stream_name":"stdout","time":97.544680099,"data":"[Game 680] Range: 2-8 | Median/Mean: 4.0 / 3.844 | Fail: 1.618%\n"}
,{"stream_name":"stdout","time":98.528744801,"data":"[Game 690] Range: 2-8 | Median/Mean: 4.0 / 3.839 | Fail: 1.594%\n"}
,{"stream_name":"stdout","time":99.792773221,"data":"[Game 700] Range: 2-8 | Median/Mean: 4.0 / 3.841 | Fail: 1.571%\n"}
,{"stream_name":"stdout","time":101.327229342,"data":"[Game 710] Range: 2-8 | Median/Mean: 4.0 / 3.849 | Fail: 1.549%\n"}
,{"stream_name":"stdout","time":102.635491728,"data":"[Game 720] Range: 2-8 | Median/Mean: 4.0 / 3.850 | Fail: 1.528%\n"}
,{"stream_name":"stdout","time":103.860479997,"data":"[Game 730] Range: 2-8 | Median/Mean: 4.0 / 3.849 | Fail: 1.507%\n"}
,{"stream_name":"stdout","time":105.399387982,"data":"[Game 740] Range: 2-8 | Median/Mean: 4.0 / 3.857 | Fail: 1.622%\n"}
,{"stream_name":"stdout","time":106.861640463,"data":"[Game 750] Range: 2-8 | Median/Mean: 4.0 / 3.859 | Fail: 1.600%\n"}
,{"stream_name":"stdout","time":108.130134131,"data":"[Game 760] Range: 2-8 | Median/Mean: 4.0 / 3.861 | Fail: 1.711%\n"}
,{"stream_name":"stdout","time":109.451859793,"data":"[Game 770] Range: 2-8 | Median/Mean: 4.0 / 3.861 | Fail: 1.688%\n"}
,{"stream_name":"stdout","time":110.75034879,"data":"[Game 780] Range: 2-8 | Median/Mean: 4.0 / 3.863 | Fail: 1.667%\n"}
,{"stream_name":"stdout","time":112.106182426,"data":"[Game 790] Range: 2-8 | Median/Mean: 4.0 / 3.865 | Fail: 1.772%\n"}
,{"stream_name":"stdout","time":113.290462659,"data":"[Game 800] Range: 2-8 | Median/Mean: 4.0 / 3.865 | Fail: 1.750%\n"}
,{"stream_name":"stdout","time":114.461090874,"data":"[Game 810] Range: 2-8 | Median/Mean: 4.0 / 3.860 | Fail: 1.728%\n"}
,{"stream_name":"stdout","time":115.711286276,"data":"[Game 820] Range: 2-8 | Median/Mean: 4.0 / 3.861 | Fail: 1.707%\n"}
,{"stream_name":"stdout","time":117.045904433,"data":"[Game 830] Range: 2-8 | Median/Mean: 4.0 / 3.863 | Fail: 1.687%\n"}
,{"stream_name":"stdout","time":118.12934586,"data":"[Game 840] Range: 2-8 | Median/Mean: 4.0 / 3.861 | Fail: 1.667%\n"}
,{"stream_name":"stdout","time":119.298245771,"data":"[Game 850] Range: 2-8 | Median/Mean: 4.0 / 3.860 | Fail: 1.647%\n"}
,{"stream_name":"stdout","time":120.52932695,"data":"[Game 860] Range: 2-8 | Median/Mean: 4.0 / 3.862 | Fail: 1.628%\n"}
,{"stream_name":"stdout","time":122.029186024,"data":"[Game 870] Range: 2-8 | Median/Mean: 4.0 / 3.864 | Fail: 1.609%\n"}
,{"stream_name":"stdout","time":123.238777971,"data":"[Game 880] Range: 2-8 | Median/Mean: 4.0 / 3.864 | Fail: 1.591%\n"}
,{"stream_name":"stdout","time":124.396782969,"data":"[Game 890] Range: 2-8 | Median/Mean: 4.0 / 3.861 | Fail: 1.573%\n"}
,{"stream_name":"stdout","time":125.73731044,"data":"[Game 900] Range: 2-8 | Median/Mean: 4.0 / 3.859 | Fail: 1.556%\n"}
,{"stream_name":"stdout","time":126.950587385,"data":"[Game 910] Range: 2-8 | Median/Mean: 4.0 / 3.859 | Fail: 1.648%\n"}
,{"stream_name":"stdout","time":128.283265002,"data":"[Game 920] Range: 2-8 | Median/Mean: 4.0 / 3.862 | Fail: 1.630%\n"}
,{"stream_name":"stdout","time":129.49457745,"data":"[Game 930] Range: 2-8 | Median/Mean: 4.0 / 3.861 | Fail: 1.613%\n"}
,{"stream_name":"stdout","time":130.731492885,"data":"[Game 940] Range: 2-8 | Median/Mean: 4.0 / 3.863 | Fail: 1.596%\n"}
,{"stream_name":"stdout","time":131.803244703,"data":"[Game 950] Range: 2-8 | Median/Mean: 4.0 / 3.860 | Fail: 1.579%\n"}
,{"stream_name":"stdout","time":133.086579874,"data":"[Game 960] Range: 2-8 | Median/Mean: 4.0 / 3.861 | Fail: 1.562%\n"}
,{"stream_name":"stdout","time":134.37031243,"data":"[Game 970] Range: 2-8 | Median/Mean: 4.0 / 3.863 | Fail: 1.546%\n"}
,{"stream_name":"stdout","time":135.542959766,"data":"[Game 980] Range: 2-8 | Median/Mean: 4.0 / 3.860 | Fail: 1.531%\n"}
,{"stream_name":"stdout","time":136.874976214,"data":"[Game 990] Range: 2-8 | Median/Mean: 4.0 / 3.860 | Fail: 1.515%\n"}
,{"stream_name":"stdout","time":138.235834396,"data":"[Game 1000] Range: 2-8 | Median/Mean: 4.0 / 3.862 | Fail: 1.500%\n"}
,{"stream_name":"stdout","time":139.588439912,"data":"[Game 1010] Range: 2-8 | Median/Mean: 4.0 / 3.861 | Fail: 1.485%\n"}
,{"stream_name":"stdout","time":140.671970895,"data":"[Game 1020] Range: 2-8 | Median/Mean: 4.0 / 3.860 | Fail: 1.471%\n"}
,{"stream_name":"stdout","time":141.934492698,"data":"[Game 1030] Range: 2-8 | Median/Mean: 4.0 / 3.860 | Fail: 1.456%\n"}
,{"stream_name":"stdout","time":143.108655914,"data":"[Game 1040] Range: 2-8 | Median/Mean: 4.0 / 3.859 | Fail: 1.442%\n"}
,{"stream_name":"stdout","time":144.359540367,"data":"[Game 1050] Range: 2-8 | Median/Mean: 4.0 / 3.855 | Fail: 1.429%\n"}
,{"stream_name":"stdout","time":146.012944105,"data":"[Game 1060] Range: 2-8 | Median/Mean: 4.0 / 3.861 | Fail: 1.415%\n"}
,{"stream_name":"stdout","time":147.309011207,"data":"[Game 1070] Range: 2-8 | Median/Mean: 4.0 / 3.862 | Fail: 1.495%\n"}
,{"stream_name":"stdout","time":148.569201773,"data":"[Game 1080] Range: 2-8 | Median/Mean: 4.0 / 3.860 | Fail: 1.481%\n"}
,{"stream_name":"stdout","time":150.012039514,"data":"[Game 1090] Range: 2-8 | Median/Mean: 4.0 / 3.864 | Fail: 1.560%\n"}
,{"stream_name":"stdout","time":151.203426294,"data":"[Game 1100] Range: 2-8 | Median/Mean: 4.0 / 3.864 | Fail: 1.545%\n"}
,{"stream_name":"stdout","time":152.396682912,"data":"[Game 1110] Range: 2-8 | Median/Mean: 4.0 / 3.860 | Fail: 1.532%\n"}
,{"stream_name":"stdout","time":153.439500541,"data":"[Game 1120] Range: 2-8 | Median/Mean: 4.0 / 3.858 | Fail: 1.518%\n"}
,{"stream_name":"stdout","time":154.539591194,"data":"[Game 1130] Range: 2-8 | Median/Mean: 4.0 / 3.855 | Fail: 1.504%\n"}
,{"stream_name":"stdout","time":155.672791718,"data":"[Game 1140] Range: 2-8 | Median/Mean: 4.0 / 3.854 | Fail: 1.491%\n"}
,{"stream_name":"stdout","time":156.803974105,"data":"[Game 1150] Range: 2-8 | Median/Mean: 4.0 / 3.852 | Fail: 1.478%\n"}
,{"stream_name":"stdout","time":158.049184228,"data":"[Game 1160] Range: 2-8 | Median/Mean: 4.0 / 3.853 | Fail: 1.466%\n"}
,{"stream_name":"stdout","time":159.13081748,"data":"[Game 1170] Range: 2-8 | Median/Mean: 4.0 / 3.852 | Fail: 1.453%\n"}
,{"stream_name":"stdout","time":160.496820231,"data":"[Game 1180] Range: 2-8 | Median/Mean: 4.0 / 3.855 | Fail: 1.441%\n"}
,{"stream_name":"stdout","time":161.904560016,"data":"[Game 1190] Range: 2-8 | Median/Mean: 4.0 / 3.858 | Fail: 1.429%\n"}
,{"stream_name":"stdout","time":163.059424989,"data":"[Game 1200] Range: 2-8 | Median/Mean: 4.0 / 3.855 | Fail: 1.417%\n"}
,{"stream_name":"stdout","time":164.119727101,"data":"[Game 1210] Range: 2-8 | Median/Mean: 4.0 / 3.853 | Fail: 1.405%\n"}
,{"stream_name":"stdout","time":165.439955661,"data":"[Game 1220] Range: 2-8 | Median/Mean: 4.0 / 3.853 | Fail: 1.393%\n"}
,{"stream_name":"stdout","time":167.142349322,"data":"[Game 1230] Range: 2-8 | Median/Mean: 4.0 / 3.859 | Fail: 1.382%\n"}
,{"stream_name":"stdout","time":168.055513947,"data":"[Game 1240] Range: 2-8 | Median/Mean: 4.0 / 3.856 | Fail: 1.371%\n"}
,{"stream_name":"stdout","time":169.234902334,"data":"[Game 1250] Range: 2-8 | Median/Mean: 4.0 / 3.854 | Fail: 1.360%\n"}
,{"stream_name":"stdout","time":170.65885724,"data":"[Game 1260] Range: 2-8 | Median/Mean: 4.0 / 3.856 | Fail: 1.429%\n"}
,{"stream_name":"stdout","time":171.725082935,"data":"[Game 1270] Range: 2-8 | Median/Mean: 4.0 / 3.854 | Fail: 1.417%\n"}
,{"stream_name":"stdout","time":172.751395441,"data":"[Game 1280] Range: 2-8 | Median/Mean: 4.0 / 3.852 | Fail: 1.406%\n"}
,{"stream_name":"stdout","time":174.012307538,"data":"[Game 1290] Range: 2-8 | Median/Mean: 4.0 / 3.853 | Fail: 1.473%\n"}
,{"stream_name":"stdout","time":175.111825988,"data":"[Game 1300] Range: 2-8 | Median/Mean: 4.0 / 3.852 | Fail: 1.462%\n"}
,{"stream_name":"stdout","time":176.106071128,"data":"[Game 1310] Range: 2-8 | Median/Mean: 4.0 / 3.850 | Fail: 1.450%\n"}
,{"stream_name":"stdout","time":177.24831309,"data":"[Game 1320] Range: 2-8 | Median/Mean: 4.0 / 3.850 | Fail: 1.439%\n"}
,{"stream_name":"stdout","time":178.824564093,"data":"[Game 1330] Range: 2-8 | Median/Mean: 4.0 / 3.855 | Fail: 1.504%\n"}
,{"stream_name":"stdout","time":180.166077453,"data":"[Game 1340] Range: 2-8 | Median/Mean: 4.0 / 3.856 | Fail: 1.493%\n"}
,{"stream_name":"stdout","time":181.18722433,"data":"[Game 1350] Range: 2-8 | Median/Mean: 4.0 / 3.856 | Fail: 1.481%\n"}
,{"stream_name":"stdout","time":182.640421437,"data":"[Game 1360] Range: 2-8 | Median/Mean: 4.0 / 3.859 | Fail: 1.471%\n"}
,{"stream_name":"stdout","time":184.00764153,"data":"[Game 1370] Range: 2-8 | Median/Mean: 4.0 / 3.860 | Fail: 1.460%\n"}
,{"stream_name":"stdout","time":185.305699371,"data":"[Game 1380] Range: 2-8 | Median/Mean: 4.0 / 3.859 | Fail: 1.449%\n"}
,{"stream_name":"stdout","time":186.496158716,"data":"[Game 1390] Range: 2-8 | Median/Mean: 4.0 / 3.858 | Fail: 1.439%\n"}
,{"stream_name":"stdout","time":187.769048754,"data":"[Game 1400] Range: 2-8 | Median/Mean: 4.0 / 3.859 | Fail: 1.500%\n"}
,{"stream_name":"stdout","time":189.211364333,"data":"[Game 1410] Range: 2-8 | Median/Mean: 4.0 / 3.862 | Fail: 1.489%\n"}
,{"stream_name":"stdout","time":190.382569903,"data":"[Game 1420] Range: 2-8 | Median/Mean: 4.0 / 3.859 | Fail: 1.479%\n"}
,{"stream_name":"stdout","time":191.498217025,"data":"[Game 1430] Range: 2-8 | Median/Mean: 4.0 / 3.856 | Fail: 1.469%\n"}
,{"stream_name":"stdout","time":192.643992986,"data":"[Game 1440] Range: 2-8 | Median/Mean: 4.0 / 3.856 | Fail: 1.458%\n"}
,{"stream_name":"stdout","time":194.172770498,"data":"[Game 1450] Range: 2-8 | Median/Mean: 4.0 / 3.859 | Fail: 1.517%\n"}
,{"stream_name":"stdout","time":195.671437555,"data":"[Game 1460] Range: 2-8 | Median/Mean: 4.0 / 3.862 | Fail: 1.507%\n"}
,{"stream_name":"stdout","time":196.92625132,"data":"[Game 1470] Range: 2-8 | Median/Mean: 4.0 / 3.863 | Fail: 1.497%\n"}
,{"stream_name":"stdout","time":198.191232707,"data":"[Game 1480] Range: 2-8 | Median/Mean: 4.0 / 3.862 | Fail: 1.486%\n"}
,{"stream_name":"stdout","time":199.397023367,"data":"[Game 1490] Range: 2-8 | Median/Mean: 4.0 / 3.864 | Fail: 1.477%\n"}
,{"stream_name":"stdout","time":200.955562588,"data":"[Game 1500] Range: 2-8 | Median/Mean: 4.0 / 3.866 | Fail: 1.467%\n"}
,{"stream_name":"stdout","time":201.978619176,"data":"[Game 1510] Range: 2-8 | Median/Mean: 4.0 / 3.864 | Fail: 1.457%\n"}
,{"stream_name":"stdout","time":203.068689788,"data":"[Game 1520] Range: 2-8 | Median/Mean: 4.0 / 3.862 | Fail: 1.447%\n"}
,{"stream_name":"stdout","time":204.446540304,"data":"[Game 1530] Range: 2-8 | Median/Mean: 4.0 / 3.863 | Fail: 1.438%\n"}
,{"stream_name":"stdout","time":205.874049784,"data":"[Game 1540] Range: 2-8 | Median/Mean: 4.0 / 3.866 | Fail: 1.429%\n"}
,{"stream_name":"stdout","time":206.932319168,"data":"[Game 1550] Range: 2-8 | Median/Mean: 4.0 / 3.863 | Fail: 1.419%\n"}
,{"stream_name":"stdout","time":208.311344373,"data":"[Game 1560] Range: 2-8 | Median/Mean: 4.0 / 3.863 | Fail: 1.474%\n"}
,{"stream_name":"stdout","time":209.400287896,"data":"[Game 1570] Range: 2-8 | Median/Mean: 4.0 / 3.861 | Fail: 1.465%\n"}
,{"stream_name":"stdout","time":210.815596109,"data":"[Game 1580] Range: 2-8 | Median/Mean: 4.0 / 3.861 | Fail: 1.456%\n"}
,{"stream_name":"stdout","time":211.884996955,"data":"[Game 1590] Range: 2-8 | Median/Mean: 4.0 / 3.858 | Fail: 1.447%\n"}
,{"stream_name":"stdout","time":212.900381339,"data":"[Game 1600] Range: 2-8 | Median/Mean: 4.0 / 3.856 | Fail: 1.438%\n"}
,{"stream_name":"stdout","time":214.158556343,"data":"[Game 1610] Range: 2-8 | Median/Mean: 4.0 / 3.856 | Fail: 1.429%\n"}
,{"stream_name":"stdout","time":215.455172263,"data":"[Game 1620] Range: 2-8 | Median/Mean: 4.0 / 3.857 | Fail: 1.420%\n"}
,{"stream_name":"stdout","time":216.646160389,"data":"[Game 1630] Range: 2-8 | Median/Mean: 4.0 / 3.857 | Fail: 1.472%\n"}
,{"stream_name":"stdout","time":217.646159674,"data":"[Game 1640] Range: 2-8 | Median/Mean: 4.0 / 3.853 | Fail: 1.463%\n"}
,{"stream_name":"stdout","time":218.648297976,"data":"[Game 1650] Range: 2-8 | Median/Mean: 4.0 / 3.850 | Fail: 1.455%\n"}
,{"stream_name":"stdout","time":219.952522267,"data":"[Game 1660] Range: 2-8 | Median/Mean: 4.0 / 3.850 | Fail: 1.446%\n"}
,{"stream_name":"stdout","time":220.818816594,"data":"[Game 1670] Range: 2-8 | Median/Mean: 4.0 / 3.847 | Fail: 1.437%\n"}
,{"stream_name":"stdout","time":222.293806327,"data":"[Game 1680] Range: 2-8 | Median/Mean: 4.0 / 3.848 | Fail: 1.429%\n"}
,{"stream_name":"stdout","time":223.52660369,"data":"[Game 1690] Range: 2-8 | Median/Mean: 4.0 / 3.847 | Fail: 1.420%\n"}
,{"stream_name":"stdout","time":224.426605078,"data":"[Game 1700] Range: 2-8 | Median/Mean: 4.0 / 3.844 | Fail: 1.412%\n"}
,{"stream_name":"stdout","time":225.855036134,"data":"[Game 1710] Range: 2-8 | Median/Mean: 4.0 / 3.844 | Fail: 1.404%\n"}
,{"stream_name":"stdout","time":227.226893616,"data":"[Game 1720] Range: 2-8 | Median/Mean: 4.0 / 3.847 | Fail: 1.453%\n"}
,{"stream_name":"stdout","time":228.460588036,"data":"[Game 1730] Range: 2-8 | Median/Mean: 4.0 / 3.846 | Fail: 1.445%\n"}
,{"stream_name":"stdout","time":229.705963935,"data":"[Game 1740] Range: 2-8 | Median/Mean: 4.0 / 3.845 | Fail: 1.437%\n"}
,{"stream_name":"stdout","time":230.80018694,"data":"[Game 1750] Range: 2-8 | Median/Mean: 4.0 / 3.842 | Fail: 1.429%\n"}
,{"stream_name":"stdout","time":231.974134826,"data":"[Game 1760] Range: 2-8 | Median/Mean: 4.0 / 3.841 | Fail: 1.420%\n"}
,{"stream_name":"stdout","time":233.336747164,"data":"[Game 1770] Range: 2-8 | Median/Mean: 4.0 / 3.843 | Fail: 1.412%\n"}
,{"stream_name":"stdout","time":234.512653647,"data":"[Game 1780] Range: 2-8 | Median/Mean: 4.0 / 3.842 | Fail: 1.404%\n"}
,{"stream_name":"stdout","time":235.79792103,"data":"[Game 1790] Range: 2-8 | Median/Mean: 4.0 / 3.842 | Fail: 1.397%\n"}
,{"stream_name":"stdout","time":236.946260162,"data":"[Game 1800] Range: 2-8 | Median/Mean: 4.0 / 3.841 | Fail: 1.389%\n"}
,{"stream_name":"stdout","time":238.39672205,"data":"[Game 1810] Range: 2-8 | Median/Mean: 4.0 / 3.843 | Fail: 1.381%\n"}
,{"stream_name":"stdout","time":239.481730624,"data":"[Game 1820] Range: 2-8 | Median/Mean: 4.0 / 3.842 | Fail: 1.374%\n"}
,{"stream_name":"stdout","time":240.794482384,"data":"[Game 1830] Range: 2-8 | Median/Mean: 4.0 / 3.842 | Fail: 1.366%\n"}
,{"stream_name":"stdout","time":241.835322122,"data":"[Game 1840] Range: 2-8 | Median/Mean: 4.0 / 3.840 | Fail: 1.359%\n"}
,{"stream_name":"stdout","time":243.021588891,"data":"[Game 1850] Range: 2-8 | Median/Mean: 4.0 / 3.839 | Fail: 1.351%\n"}
,{"stream_name":"stdout","time":244.251368121,"data":"[Game 1860] Range: 2-8 | Median/Mean: 4.0 / 3.838 | Fail: 1.344%\n"}
,{"stream_name":"stdout","time":245.742803709,"data":"[Game 1870] Range: 2-8 | Median/Mean: 4.0 / 3.840 | Fail: 1.337%\n"}
,{"stream_name":"stdout","time":247.204017653,"data":"[Game 1880] Range: 2-8 | Median/Mean: 4.0 / 3.841 | Fail: 1.383%\n"}
,{"stream_name":"stdout","time":248.700844221,"data":"[Game 1890] Range: 2-8 | Median/Mean: 4.0 / 3.844 | Fail: 1.376%\n"}
,{"stream_name":"stdout","time":250.202950338,"data":"[Game 1900] Range: 2-8 | Median/Mean: 4.0 / 3.847 | Fail: 1.368%\n"}
,{"stream_name":"stdout","time":251.327048683,"data":"[Game 1910] Range: 2-8 | Median/Mean: 4.0 / 3.845 | Fail: 1.361%\n"}
,{"stream_name":"stdout","time":252.572956728,"data":"[Game 1920] Range: 2-8 | Median/Mean: 4.0 / 3.845 | Fail: 1.354%\n"}
,{"stream_name":"stdout","time":253.673235228,"data":"[Game 1930] Range: 2-8 | Median/Mean: 4.0 / 3.843 | Fail: 1.347%\n"}
,{"stream_name":"stdout","time":255.004954103,"data":"[Game 1940] Range: 2-8 | Median/Mean: 4.0 / 3.844 | Fail: 1.340%\n"}
,{"stream_name":"stdout","time":256.139115743,"data":"[Game 1950] Range: 2-8 | Median/Mean: 4.0 / 3.843 | Fail: 1.333%\n"}
,{"stream_name":"stdout","time":257.668470441,"data":"[Game 1960] Range: 2-8 | Median/Mean: 4.0 / 3.845 | Fail: 1.378%\n"}
,{"stream_name":"stdout","time":258.870806971,"data":"[Game 1970] Range: 2-8 | Median/Mean: 4.0 / 3.844 | Fail: 1.371%\n"}
,{"stream_name":"stdout","time":260.19619622,"data":"[Game 1980] Range: 2-8 | Median/Mean: 4.0 / 3.847 | Fail: 1.364%\n"}
,{"stream_name":"stdout","time":261.430606242,"data":"[Game 1990] Range: 2-8 | Median/Mean: 4.0 / 3.847 | Fail: 1.357%\n"}
,{"stream_name":"stdout","time":263.050783541,"data":"[Game 2000] Range: 2-8 | Median/Mean: 4.0 / 3.850 | Fail: 1.400%\n"}
,{"stream_name":"stdout","time":264.177802863,"data":"[Game 2010] Range: 2-8 | Median/Mean: 4.0 / 3.850 | Fail: 1.393%\n"}
,{"stream_name":"stdout","time":265.776904891,"data":"[Game 2020] Range: 2-8 | Median/Mean: 4.0 / 3.852 | Fail: 1.386%\n"}
,{"stream_name":"stdout","time":267.034550524,"data":"[Game 2030] Range: 2-8 | Median/Mean: 4.0 / 3.853 | Fail: 1.379%\n"}
,{"stream_name":"stdout","time":268.055127313,"data":"[Game 2040] Range: 2-8 | Median/Mean: 4.0 / 3.851 | Fail: 1.373%\n"}
,{"stream_name":"stdout","time":269.334676228,"data":"[Game 2050] Range: 2-8 | Median/Mean: 4.0 / 3.851 | Fail: 1.366%\n"}
,{"stream_name":"stdout","time":270.452925049,"data":"[Game 2060] Range: 2-8 | Median/Mean: 4.0 / 3.850 | Fail: 1.359%\n"}
,{"stream_name":"stdout","time":272.062801155,"data":"[Game 2070] Range: 2-8 | Median/Mean: 4.0 / 3.854 | Fail: 1.401%\n"}
,{"stream_name":"stdout","time":273.595421172,"data":"[Game 2080] Range: 2-8 | Median/Mean: 4.0 / 3.857 | Fail: 1.394%\n"}
,{"stream_name":"stdout","time":274.548040653,"data":"[Game 2090] Range: 2-8 | Median/Mean: 4.0 / 3.854 | Fail: 1.388%\n"}
,{"stream_name":"stdout","time":275.934616751,"data":"[Game 2100] Range: 2-8 | Median/Mean: 4.0 / 3.855 | Fail: 1.429%\n"}
,{"stream_name":"stdout","time":277.057919787,"data":"[Game 2110] Range: 2-8 | Median/Mean: 4.0 / 3.852 | Fail: 1.422%\n"}
,{"stream_name":"stdout","time":278.275832388,"data":"[Game 2120] Range: 2-8 | Median/Mean: 4.0 / 3.853 | Fail: 1.415%\n"}
,{"stream_name":"stdout","time":279.759443474,"data":"[Game 2130] Range: 2-8 | Median/Mean: 4.0 / 3.856 | Fail: 1.408%\n"}
,{"stream_name":"stdout","time":281.129043003,"data":"[Game 2140] Range: 2-8 | Median/Mean: 4.0 / 3.858 | Fail: 1.402%\n"}
,{"stream_name":"stdout","time":282.156536077,"data":"[Game 2150] Range: 2-8 | Median/Mean: 4.0 / 3.856 | Fail: 1.395%\n"}
,{"stream_name":"stdout","time":283.519430985,"data":"[Game 2160] Range: 2-8 | Median/Mean: 4.0 / 3.857 | Fail: 1.389%\n"}
,{"stream_name":"stdout","time":285.157101588,"data":"[Game 2170] Range: 2-8 | Median/Mean: 4.0 / 3.860 | Fail: 1.429%\n"}
,{"stream_name":"stdout","time":286.471564724,"data":"[Game 2180] Range: 2-8 | Median/Mean: 4.0 / 3.860 | Fail: 1.422%\n"}
,{"stream_name":"stdout","time":287.769854543,"data":"[Game 2190] Range: 2-8 | Median/Mean: 4.0 / 3.860 | Fail: 1.416%\n"}
,{"stream_name":"stdout","time":289.332007911,"data":"[Game 2200] Range: 2-8 | Median/Mean: 4.0 / 3.861 | Fail: 1.409%\n"}
,{"stream_name":"stdout","time":290.316686231,"data":"[Game 2210] Range: 2-8 | Median/Mean: 4.0 / 3.860 | Fail: 1.403%\n"}
,{"stream_name":"stdout","time":291.820930738,"data":"[Game 2220] Range: 2-8 | Median/Mean: 4.0 / 3.863 | Fail: 1.441%\n"}
,{"stream_name":"stdout","time":292.831101909,"data":"[Game 2230] Range: 2-8 | Median/Mean: 4.0 / 3.861 | Fail: 1.435%\n"}
,{"stream_name":"stdout","time":293.997592383,"data":"[Game 2240] Range: 2-8 | Median/Mean: 4.0 / 3.861 | Fail: 1.473%\n"}
,{"stream_name":"stdout","time":295.45147514,"data":"[Game 2250] Range: 2-8 | Median/Mean: 4.0 / 3.863 | Fail: 1.467%\n"}
,{"stream_name":"stdout","time":296.552640148,"data":"[Game 2260] Range: 2-8 | Median/Mean: 4.0 / 3.861 | Fail: 1.460%\n"}
,{"stream_name":"stdout","time":297.504373572,"data":"[Game 2270] Range: 2-8 | Median/Mean: 4.0 / 3.859 | Fail: 1.454%\n"}
,{"stream_name":"stdout","time":298.769255306,"data":"[Game 2280] Range: 2-8 | Median/Mean: 4.0 / 3.858 | Fail: 1.447%\n"}
,{"stream_name":"stdout","time":300.249578494,"data":"[Game 2290] Range: 2-9 | Median/Mean: 4.0 / 3.859 | Fail: 1.485%\n"}
,{"stream_name":"stdout","time":301.411692194,"data":"[Game 2300] Range: 2-9 | Median/Mean: 4.0 / 3.858 | Fail: 1.478%\n"}
,{"stream_name":"stdout","time":302.567241885,"data":"[Game 2310] Range: 2-9 | Median/Mean: 4.0 / 3.858 | Fail: 1.472%\n"}
,{"stream_name":"stdout","time":303.378998249,"data":"Summary:\n"}
,{"stream_name":"stdout","time":303.390003745,"data":"Distribution across steps:\n"}
,{"stream_name":"stdout","time":303.397289481,"data":"Key Metrics:\n"}
,{"stream_name":"stderr","time":306.651004041,"data":"/opt/conda/lib/python3.7/site-packages/traitlets/traitlets.py:2567: FutureWarning: --Exporter.preprocessors=[\"remove_papermill_header.RemovePapermillHeader\"] for containers is deprecated in traitlets 5.0. You can pass `--Exporter.preprocessors item` ... multiple times to add items to a list.\n"}
,{"stream_name":"stderr","time":306.651046601,"data":"  FutureWarning,\n"}
,{"stream_name":"stderr","time":306.651052144,"data":"[NbConvertApp] Converting notebook __notebook__.ipynb to notebook\n"}
,{"stream_name":"stderr","time":307.045033067,"data":"[NbConvertApp] Writing 32944 bytes to __notebook__.ipynb\n"}
,{"stream_name":"stderr","time":309.561153594,"data":"/opt/conda/lib/python3.7/site-packages/traitlets/traitlets.py:2567: FutureWarning: --Exporter.preprocessors=[\"nbconvert.preprocessors.ExtractOutputPreprocessor\"] for containers is deprecated in traitlets 5.0. You can pass `--Exporter.preprocessors item` ... multiple times to add items to a list.\n"}
,{"stream_name":"stderr","time":309.561209653,"data":"  FutureWarning,\n"}
,{"stream_name":"stderr","time":309.561217774,"data":"[NbConvertApp] Converting notebook __notebook__.ipynb to html\n"}
,{"stream_name":"stderr","time":310.18862012,"data":"[NbConvertApp] Writing 308316 bytes to __results__.html\n"}
]