[{"stream_name":"stderr","time":13.53004636,"data":"/opt/conda/lib/python3.7/site-packages/papermill/iorw.py:50: FutureWarning: pyarrow.HadoopFileSystem is deprecated as of 2.0.0, please use pyarrow.fs.HadoopFileSystem instead.\n"}
,{"stream_name":"stderr","time":13.530137589,"data":"  from pyarrow import HadoopFileSystem\n"}
,{"stream_name":"stdout","time":15.477470731,"data":"[ ---------- REAIS ----------]\n"}
,{"stream_name":"stdout","time":16.84643946,"data":"[Game 10] Range: 2-5 | Median/Mean: 3.5 / 3.600 | Fail: 0.000%\n"}
,{"stream_name":"stdout","time":18.280931504,"data":"[Game 20] Range: 2-5 | Median/Mean: 3.0 / 3.500 | Fail: 0.000%\n"}
,{"stream_name":"stdout","time":19.816585369,"data":"[Game 30] Range: 2-6 | Median/Mean: 3.0 / 3.633 | Fail: 0.000%\n"}
,{"stream_name":"stdout","time":21.467854646,"data":"[Game 40] Range: 2-6 | Median/Mean: 4.0 / 3.775 | Fail: 0.000%\n"}
,{"stream_name":"stdout","time":23.304672805,"data":"[Game 50] Range: 2-6 | Median/Mean: 4.0 / 3.880 | Fail: 0.000%\n"}
,{"stream_name":"stdout","time":25.126514975,"data":"[Game 60] Range: 2-6 | Median/Mean: 4.0 / 3.917 | Fail: 0.000%\n"}
,{"stream_name":"stdout","time":27.153945932,"data":"[Game 70] Range: 2-6 | Median/Mean: 4.0 / 3.986 | Fail: 0.000%\n"}
,{"stream_name":"stdout","time":28.194913357,"data":"[Game 80] Range: 2-6 | Median/Mean: 4.0 / 3.925 | Fail: 0.000%\n"}
,{"stream_name":"stdout","time":30.13858906,"data":"[Game 90] Range: 2-9 | Median/Mean: 4.0 / 4.011 | Fail: 2.222%\n"}
,{"stream_name":"stdout","time":31.258808742,"data":"[Game 100] Range: 2-9 | Median/Mean: 4.0 / 3.970 | Fail: 2.000%\n"}
,{"stream_name":"stdout","time":32.520049894,"data":"[Game 110] Range: 2-9 | Median/Mean: 4.0 / 3.945 | Fail: 1.818%\n"}
,{"stream_name":"stdout","time":34.15959016,"data":"[Game 120] Range: 2-9 | Median/Mean: 4.0 / 3.975 | Fail: 2.500%\n"}
,{"stream_name":"stdout","time":35.765725398,"data":"[Game 130] Range: 2-9 | Median/Mean: 4.0 / 3.954 | Fail: 2.308%\n"}
,{"stream_name":"stdout","time":37.540896135,"data":"[Game 140] Range: 2-9 | Median/Mean: 4.0 / 3.979 | Fail: 2.143%\n"}
,{"stream_name":"stdout","time":38.744744487,"data":"[Game 150] Range: 2-9 | Median/Mean: 4.0 / 3.933 | Fail: 2.000%\n"}
,{"stream_name":"stdout","time":40.063199969,"data":"[Game 160] Range: 2-9 | Median/Mean: 4.0 / 3.919 | Fail: 1.875%\n"}
,{"stream_name":"stdout","time":41.507656444,"data":"[Game 170] Range: 2-9 | Median/Mean: 4.0 / 3.912 | Fail: 1.765%\n"}
,{"stream_name":"stdout","time":42.686980018,"data":"[Game 180] Range: 2-9 | Median/Mean: 4.0 / 3.883 | Fail: 1.667%\n"}
,{"stream_name":"stdout","time":44.415473192,"data":"[Game 190] Range: 2-9 | Median/Mean: 4.0 / 3.900 | Fail: 1.579%\n"}
,{"stream_name":"stdout","time":45.481863478,"data":"[Game 200] Range: 2-9 | Median/Mean: 4.0 / 3.850 | Fail: 1.500%\n"}
,{"stream_name":"stdout","time":47.248275866,"data":"[Game 210] Range: 2-9 | Median/Mean: 4.0 / 3.857 | Fail: 1.429%\n"}
,{"stream_name":"stdout","time":48.558610977,"data":"[Game 220] Range: 2-9 | Median/Mean: 4.0 / 3.850 | Fail: 1.364%\n"}
,{"stream_name":"stdout","time":50.309622313,"data":"[Game 230] Range: 2-9 | Median/Mean: 4.0 / 3.857 | Fail: 1.304%\n"}
,{"stream_name":"stdout","time":52.286854977,"data":"[Game 240] Range: 2-9 | Median/Mean: 4.0 / 3.854 | Fail: 1.250%\n"}
,{"stream_name":"stdout","time":53.883722587,"data":"[Game 250] Range: 2-9 | Median/Mean: 4.0 / 3.856 | Fail: 1.200%\n"}
,{"stream_name":"stdout","time":55.111690769,"data":"[Game 260] Range: 2-9 | Median/Mean: 4.0 / 3.850 | Fail: 1.154%\n"}
,{"stream_name":"stdout","time":56.957715033,"data":"[Game 270] Range: 2-9 | Median/Mean: 4.0 / 3.852 | Fail: 1.111%\n"}
,{"stream_name":"stdout","time":58.047638871,"data":"[Game 280] Range: 2-9 | Median/Mean: 4.0 / 3.829 | Fail: 1.071%\n"}
,{"stream_name":"stdout","time":59.88716197,"data":"[Game 290] Range: 2-9 | Median/Mean: 4.0 / 3.834 | Fail: 1.034%\n"}
,{"stream_name":"stdout","time":61.426676567,"data":"[Game 300] Range: 2-9 | Median/Mean: 4.0 / 3.833 | Fail: 1.000%\n"}
,{"stream_name":"stdout","time":63.505460264999996,"data":"[Game 310] Range: 2-9 | Median/Mean: 4.0 / 3.842 | Fail: 1.290%\n"}
,{"stream_name":"stdout","time":65.235817966,"data":"[Game 320] Range: 2-9 | Median/Mean: 4.0 / 3.850 | Fail: 1.562%\n"}
,{"stream_name":"stdout","time":66.865952115,"data":"[Game 330] Range: 2-9 | Median/Mean: 4.0 / 3.855 | Fail: 1.818%\n"}
,{"stream_name":"stdout","time":68.280245299,"data":"[Game 340] Range: 2-9 | Median/Mean: 4.0 / 3.853 | Fail: 1.765%\n"}
,{"stream_name":"stdout","time":69.433379472,"data":"[Game 350] Range: 2-9 | Median/Mean: 4.0 / 3.837 | Fail: 1.714%\n"}
,{"stream_name":"stdout","time":71.191794643,"data":"[Game 360] Range: 2-9 | Median/Mean: 4.0 / 3.850 | Fail: 1.944%\n"}
,{"stream_name":"stdout","time":72.724422341,"data":"[Game 370] Range: 2-9 | Median/Mean: 4.0 / 3.851 | Fail: 1.892%\n"}
,{"stream_name":"stdout","time":74.477182584,"data":"[Game 380] Range: 2-9 | Median/Mean: 4.0 / 3.853 | Fail: 1.842%\n"}
,{"stream_name":"stdout","time":75.849569881,"data":"[Game 390] Range: 2-9 | Median/Mean: 4.0 / 3.851 | Fail: 1.795%\n"}
,{"stream_name":"stdout","time":77.439288752,"data":"[Game 400] Range: 2-9 | Median/Mean: 4.0 / 3.855 | Fail: 1.750%\n"}
,{"stream_name":"stdout","time":79.595135601,"data":"[Game 410] Range: 2-9 | Median/Mean: 4.0 / 3.868 | Fail: 1.707%\n"}
,{"stream_name":"stdout","time":81.434755828,"data":"[Game 420] Range: 2-9 | Median/Mean: 4.0 / 3.881 | Fail: 1.667%\n"}
,{"stream_name":"stdout","time":82.965111989,"data":"[Game 430] Range: 2-9 | Median/Mean: 4.0 / 3.884 | Fail: 1.628%\n"}
,{"stream_name":"stdout","time":84.948342403,"data":"[Game 440] Range: 2-9 | Median/Mean: 4.0 / 3.895 | Fail: 1.591%\n"}
,{"stream_name":"stdout","time":86.373629256,"data":"[Game 450] Range: 2-9 | Median/Mean: 4.0 / 3.884 | Fail: 1.556%\n"}
,{"stream_name":"stdout","time":87.665644262,"data":"[Game 460] Range: 2-9 | Median/Mean: 4.0 / 3.878 | Fail: 1.522%\n"}
,{"stream_name":"stdout","time":89.322096354,"data":"[Game 470] Range: 2-9 | Median/Mean: 4.0 / 3.874 | Fail: 1.489%\n"}
,{"stream_name":"stdout","time":91.164558339,"data":"[Game 480] Range: 2-9 | Median/Mean: 4.0 / 3.881 | Fail: 1.458%\n"}
,{"stream_name":"stdout","time":92.736950594,"data":"[Game 490] Range: 2-9 | Median/Mean: 4.0 / 3.884 | Fail: 1.633%\n"}
,{"stream_name":"stdout","time":94.36747174,"data":"[Game 500] Range: 2-9 | Median/Mean: 4.0 / 3.888 | Fail: 1.600%\n"}
,{"stream_name":"stdout","time":96.007869854,"data":"[Game 510] Range: 2-9 | Median/Mean: 4.0 / 3.890 | Fail: 1.765%\n"}
,{"stream_name":"stdout","time":97.608719261,"data":"[Game 520] Range: 2-9 | Median/Mean: 4.0 / 3.894 | Fail: 1.731%\n"}
,{"stream_name":"stdout","time":99.091571018,"data":"[Game 530] Range: 2-9 | Median/Mean: 4.0 / 3.894 | Fail: 1.698%\n"}
,{"stream_name":"stdout","time":100.762531854,"data":"[Game 540] Range: 2-9 | Median/Mean: 4.0 / 3.900 | Fail: 1.667%\n"}
,{"stream_name":"stdout","time":102.301437922,"data":"[Game 550] Range: 2-9 | Median/Mean: 4.0 / 3.900 | Fail: 1.636%\n"}
,{"stream_name":"stdout","time":104.341652373,"data":"[Game 560] Range: 2-9 | Median/Mean: 4.0 / 3.911 | Fail: 1.607%\n"}
,{"stream_name":"stdout","time":105.735521887,"data":"[Game 570] Range: 2-9 | Median/Mean: 4.0 / 3.904 | Fail: 1.579%\n"}
,{"stream_name":"stdout","time":107.215483453,"data":"[Game 580] Range: 2-9 | Median/Mean: 4.0 / 3.902 | Fail: 1.552%\n"}
,{"stream_name":"stdout","time":108.756796733,"data":"[Game 590] Range: 2-9 | Median/Mean: 4.0 / 3.897 | Fail: 1.525%\n"}
,{"stream_name":"stdout","time":109.985892348,"data":"[Game 600] Range: 2-9 | Median/Mean: 4.0 / 3.887 | Fail: 1.500%\n"}
,{"stream_name":"stdout","time":111.405927622,"data":"[Game 610] Range: 2-9 | Median/Mean: 4.0 / 3.884 | Fail: 1.475%\n"}
,{"stream_name":"stdout","time":112.937264574,"data":"[Game 620] Range: 2-9 | Median/Mean: 4.0 / 3.889 | Fail: 1.452%\n"}
,{"stream_name":"stdout","time":114.164113027,"data":"[Game 630] Range: 2-9 | Median/Mean: 4.0 / 3.884 | Fail: 1.429%\n"}
,{"stream_name":"stdout","time":115.79194753,"data":"[Game 640] Range: 2-9 | Median/Mean: 4.0 / 3.891 | Fail: 1.406%\n"}
,{"stream_name":"stdout","time":117.490617352,"data":"[Game 650] Range: 2-9 | Median/Mean: 4.0 / 3.898 | Fail: 1.385%\n"}
,{"stream_name":"stdout","time":118.827369223,"data":"[Game 660] Range: 2-9 | Median/Mean: 4.0 / 3.895 | Fail: 1.364%\n"}
,{"stream_name":"stdout","time":120.610061155,"data":"[Game 670] Range: 2-9 | Median/Mean: 4.0 / 3.897 | Fail: 1.343%\n"}
,{"stream_name":"stdout","time":121.923163158,"data":"[Game 680] Range: 2-9 | Median/Mean: 4.0 / 3.897 | Fail: 1.324%\n"}
,{"stream_name":"stdout","time":123.354140399,"data":"[Game 690] Range: 2-9 | Median/Mean: 4.0 / 3.891 | Fail: 1.304%\n"}
,{"stream_name":"stdout","time":124.842919033,"data":"[Game 700] Range: 2-9 | Median/Mean: 4.0 / 3.893 | Fail: 1.286%\n"}
,{"stream_name":"stdout","time":126.796106627,"data":"[Game 710] Range: 2-9 | Median/Mean: 4.0 / 3.906 | Fail: 1.549%\n"}
,{"stream_name":"stdout","time":128.154417947,"data":"[Game 720] Range: 2-9 | Median/Mean: 4.0 / 3.907 | Fail: 1.528%\n"}
,{"stream_name":"stdout","time":130.267353408,"data":"[Game 730] Range: 2-9 | Median/Mean: 4.0 / 3.911 | Fail: 1.644%\n"}
,{"stream_name":"stdout","time":131.897210934,"data":"[Game 740] Range: 2-9 | Median/Mean: 4.0 / 3.914 | Fail: 1.622%\n"}
,{"stream_name":"stdout","time":133.31277556,"data":"[Game 750] Range: 2-9 | Median/Mean: 4.0 / 3.911 | Fail: 1.600%\n"}
,{"stream_name":"stdout","time":134.372475131,"data":"[Game 760] Range: 2-9 | Median/Mean: 4.0 / 3.904 | Fail: 1.579%\n"}
,{"stream_name":"stdout","time":135.832862026,"data":"[Game 770] Range: 2-9 | Median/Mean: 4.0 / 3.901 | Fail: 1.558%\n"}
,{"stream_name":"stdout","time":137.364980827,"data":"[Game 780] Range: 2-9 | Median/Mean: 4.0 / 3.899 | Fail: 1.538%\n"}
,{"stream_name":"stdout","time":139.191473017,"data":"[Game 790] Range: 2-9 | Median/Mean: 4.0 / 3.900 | Fail: 1.519%\n"}
,{"stream_name":"stdout","time":140.715445663,"data":"[Game 800] Range: 2-9 | Median/Mean: 4.0 / 3.902 | Fail: 1.500%\n"}
,{"stream_name":"stdout","time":142.19400709,"data":"[Game 810] Range: 2-9 | Median/Mean: 4.0 / 3.900 | Fail: 1.481%\n"}
,{"stream_name":"stdout","time":144.06636735,"data":"[Game 820] Range: 2-9 | Median/Mean: 4.0 / 3.901 | Fail: 1.585%\n"}
,{"stream_name":"stdout","time":145.366408468,"data":"[Game 830] Range: 2-9 | Median/Mean: 4.0 / 3.895 | Fail: 1.566%\n"}
,{"stream_name":"stdout","time":146.994580846,"data":"[Game 840] Range: 2-9 | Median/Mean: 4.0 / 3.895 | Fail: 1.548%\n"}
,{"stream_name":"stdout","time":148.66287006,"data":"[Game 850] Range: 2-9 | Median/Mean: 4.0 / 3.898 | Fail: 1.529%\n"}
,{"stream_name":"stdout","time":149.951331356,"data":"[Game 860] Range: 2-9 | Median/Mean: 4.0 / 3.894 | Fail: 1.512%\n"}
,{"stream_name":"stdout","time":151.114447429,"data":"[Game 870] Range: 2-9 | Median/Mean: 4.0 / 3.889 | Fail: 1.494%\n"}
,{"stream_name":"stdout","time":152.524703063,"data":"[Game 880] Range: 2-9 | Median/Mean: 4.0 / 3.888 | Fail: 1.477%\n"}
,{"stream_name":"stdout","time":153.89100796,"data":"[Game 890] Range: 2-9 | Median/Mean: 4.0 / 3.883 | Fail: 1.461%\n"}
,{"stream_name":"stdout","time":155.35168623,"data":"[Game 900] Range: 2-9 | Median/Mean: 4.0 / 3.878 | Fail: 1.444%\n"}
,{"stream_name":"stdout","time":156.876096426,"data":"[Game 910] Range: 2-9 | Median/Mean: 4.0 / 3.877 | Fail: 1.429%\n"}
,{"stream_name":"stdout","time":158.554414155,"data":"[Game 920] Range: 2-9 | Median/Mean: 4.0 / 3.876 | Fail: 1.522%\n"}
,{"stream_name":"stdout","time":160.228739574,"data":"[Game 930] Range: 2-9 | Median/Mean: 4.0 / 3.875 | Fail: 1.505%\n"}
,{"stream_name":"stdout","time":161.894949053,"data":"[Game 940] Range: 2-9 | Median/Mean: 4.0 / 3.877 | Fail: 1.489%\n"}
,{"stream_name":"stdout","time":163.478993257,"data":"[Game 950] Range: 2-9 | Median/Mean: 4.0 / 3.878 | Fail: 1.474%\n"}
,{"stream_name":"stdout","time":165.014557702,"data":"[Game 960] Range: 2-9 | Median/Mean: 4.0 / 3.878 | Fail: 1.458%\n"}
,{"stream_name":"stdout","time":166.974581045,"data":"[Game 970] Range: 2-9 | Median/Mean: 4.0 / 3.884 | Fail: 1.443%\n"}
,{"stream_name":"stdout","time":168.706772507,"data":"[Game 980] Range: 2-9 | Median/Mean: 4.0 / 3.882 | Fail: 1.429%\n"}
,{"stream_name":"stdout","time":170.035731528,"data":"[Game 990] Range: 2-9 | Median/Mean: 4.0 / 3.879 | Fail: 1.414%\n"}
,{"stream_name":"stdout","time":171.831770232,"data":"[Game 1000] Range: 2-9 | Median/Mean: 4.0 / 3.882 | Fail: 1.400%\n"}
,{"stream_name":"stdout","time":173.005869876,"data":"[Game 1010] Range: 2-9 | Median/Mean: 4.0 / 3.875 | Fail: 1.386%\n"}
,{"stream_name":"stdout","time":174.558306293,"data":"[Game 1020] Range: 2-9 | Median/Mean: 4.0 / 3.876 | Fail: 1.373%\n"}
,{"stream_name":"stdout","time":175.787173087,"data":"[Game 1030] Range: 2-9 | Median/Mean: 4.0 / 3.871 | Fail: 1.359%\n"}
,{"stream_name":"stdout","time":177.284053797,"data":"[Game 1040] Range: 2-9 | Median/Mean: 4.0 / 3.870 | Fail: 1.346%\n"}
,{"stream_name":"stdout","time":178.817181678,"data":"[Game 1050] Range: 2-9 | Median/Mean: 4.0 / 3.868 | Fail: 1.333%\n"}
,{"stream_name":"stdout","time":180.535916187,"data":"[Game 1060] Range: 2-9 | Median/Mean: 4.0 / 3.870 | Fail: 1.321%\n"}
,{"stream_name":"stdout","time":181.922927706,"data":"[Game 1070] Range: 2-9 | Median/Mean: 4.0 / 3.867 | Fail: 1.402%\n"}
,{"stream_name":"stdout","time":183.493022949,"data":"[Game 1080] Range: 2-9 | Median/Mean: 4.0 / 3.865 | Fail: 1.389%\n"}
,{"stream_name":"stdout","time":185.186126682,"data":"[Game 1090] Range: 2-9 | Median/Mean: 4.0 / 3.868 | Fail: 1.376%\n"}
,{"stream_name":"stdout","time":186.54431904,"data":"[Game 1100] Range: 2-9 | Median/Mean: 4.0 / 3.867 | Fail: 1.364%\n"}
,{"stream_name":"stdout","time":188.405431227,"data":"[Game 1110] Range: 2-9 | Median/Mean: 4.0 / 3.868 | Fail: 1.351%\n"}
,{"stream_name":"stdout","time":189.829931705,"data":"[Game 1120] Range: 2-9 | Median/Mean: 4.0 / 3.866 | Fail: 1.339%\n"}
,{"stream_name":"stdout","time":191.338201301,"data":"[Game 1130] Range: 2-9 | Median/Mean: 4.0 / 3.868 | Fail: 1.327%\n"}
,{"stream_name":"stdout","time":192.683077286,"data":"[Game 1140] Range: 2-9 | Median/Mean: 4.0 / 3.868 | Fail: 1.404%\n"}
,{"stream_name":"stdout","time":194.289275747,"data":"[Game 1150] Range: 2-9 | Median/Mean: 4.0 / 3.869 | Fail: 1.391%\n"}
,{"stream_name":"stdout","time":195.434896564,"data":"[Game 1160] Range: 2-9 | Median/Mean: 4.0 / 3.866 | Fail: 1.379%\n"}
,{"stream_name":"stdout","time":196.658594539,"data":"[Game 1170] Range: 2-9 | Median/Mean: 4.0 / 3.863 | Fail: 1.368%\n"}
,{"stream_name":"stdout","time":198.036577005,"data":"[Game 1180] Range: 2-9 | Median/Mean: 4.0 / 3.861 | Fail: 1.356%\n"}
,{"stream_name":"stdout","time":199.808049087,"data":"[Game 1190] Range: 2-9 | Median/Mean: 4.0 / 3.865 | Fail: 1.345%\n"}
,{"stream_name":"stdout","time":201.097439912,"data":"[Game 1200] Range: 2-9 | Median/Mean: 4.0 / 3.862 | Fail: 1.333%\n"}
,{"stream_name":"stdout","time":202.630234873,"data":"[Game 1210] Range: 2-9 | Median/Mean: 4.0 / 3.860 | Fail: 1.322%\n"}
,{"stream_name":"stdout","time":203.960463655,"data":"[Game 1220] Range: 2-9 | Median/Mean: 4.0 / 3.858 | Fail: 1.311%\n"}
,{"stream_name":"stdout","time":205.58368544,"data":"[Game 1230] Range: 2-9 | Median/Mean: 4.0 / 3.862 | Fail: 1.301%\n"}
,{"stream_name":"stdout","time":207.031105199,"data":"[Game 1240] Range: 2-9 | Median/Mean: 4.0 / 3.860 | Fail: 1.290%\n"}
,{"stream_name":"stdout","time":208.546147092,"data":"[Game 1250] Range: 2-9 | Median/Mean: 4.0 / 3.860 | Fail: 1.280%\n"}
,{"stream_name":"stdout","time":210.136499472,"data":"[Game 1260] Range: 2-9 | Median/Mean: 4.0 / 3.861 | Fail: 1.349%\n"}
,{"stream_name":"stdout","time":211.602044854,"data":"[Game 1270] Range: 2-9 | Median/Mean: 4.0 / 3.859 | Fail: 1.339%\n"}
,{"stream_name":"stdout","time":212.876471358,"data":"[Game 1280] Range: 2-9 | Median/Mean: 4.0 / 3.855 | Fail: 1.328%\n"}
,{"stream_name":"stdout","time":214.245858457,"data":"[Game 1290] Range: 2-9 | Median/Mean: 4.0 / 3.852 | Fail: 1.318%\n"}
,{"stream_name":"stdout","time":215.667437386,"data":"[Game 1300] Range: 2-9 | Median/Mean: 4.0 / 3.852 | Fail: 1.308%\n"}
,{"stream_name":"stdout","time":216.981462753,"data":"[Game 1310] Range: 2-9 | Median/Mean: 4.0 / 3.853 | Fail: 1.298%\n"}
,{"stream_name":"stdout","time":218.629012308,"data":"[Game 1320] Range: 2-9 | Median/Mean: 4.0 / 3.853 | Fail: 1.288%\n"}
,{"stream_name":"stdout","time":220.141346647,"data":"[Game 1330] Range: 2-9 | Median/Mean: 4.0 / 3.855 | Fail: 1.353%\n"}
,{"stream_name":"stdout","time":221.528562179,"data":"[Game 1340] Range: 2-9 | Median/Mean: 4.0 / 3.855 | Fail: 1.343%\n"}
,{"stream_name":"stdout","time":223.021610774,"data":"[Game 1350] Range: 2-9 | Median/Mean: 4.0 / 3.856 | Fail: 1.333%\n"}
,{"stream_name":"stdout","time":224.757956397,"data":"[Game 1360] Range: 2-9 | Median/Mean: 4.0 / 3.858 | Fail: 1.324%\n"}
,{"stream_name":"stdout","time":226.253767904,"data":"[Game 1370] Range: 2-9 | Median/Mean: 4.0 / 3.858 | Fail: 1.314%\n"}
,{"stream_name":"stdout","time":227.58312623,"data":"[Game 1380] Range: 2-9 | Median/Mean: 4.0 / 3.857 | Fail: 1.304%\n"}
,{"stream_name":"stdout","time":229.294751509,"data":"[Game 1390] Range: 2-9 | Median/Mean: 4.0 / 3.858 | Fail: 1.295%\n"}
,{"stream_name":"stdout","time":231.204808847,"data":"[Game 1400] Range: 2-9 | Median/Mean: 4.0 / 3.863 | Fail: 1.357%\n"}
,{"stream_name":"stdout","time":232.602814926,"data":"[Game 1410] Range: 2-9 | Median/Mean: 4.0 / 3.864 | Fail: 1.348%\n"}
,{"stream_name":"stdout","time":234.360287172,"data":"[Game 1420] Range: 2-9 | Median/Mean: 4.0 / 3.865 | Fail: 1.338%\n"}
,{"stream_name":"stdout","time":235.952513434,"data":"[Game 1430] Range: 2-9 | Median/Mean: 4.0 / 3.866 | Fail: 1.329%\n"}
,{"stream_name":"stdout","time":237.641270139,"data":"[Game 1440] Range: 2-9 | Median/Mean: 4.0 / 3.868 | Fail: 1.319%\n"}
,{"stream_name":"stdout","time":239.464214281,"data":"[Game 1450] Range: 2-9 | Median/Mean: 4.0 / 3.872 | Fail: 1.379%\n"}
,{"stream_name":"stdout","time":240.916252805,"data":"[Game 1460] Range: 2-9 | Median/Mean: 4.0 / 3.870 | Fail: 1.370%\n"}
,{"stream_name":"stdout","time":242.369110192,"data":"[Game 1470] Range: 2-9 | Median/Mean: 4.0 / 3.869 | Fail: 1.361%\n"}
,{"stream_name":"stdout","time":243.781623818,"data":"[Game 1480] Range: 2-9 | Median/Mean: 4.0 / 3.869 | Fail: 1.351%\n"}
,{"stream_name":"stdout","time":245.337312358,"data":"[Game 1490] Range: 2-9 | Median/Mean: 4.0 / 3.869 | Fail: 1.342%\n"}
,{"stream_name":"stdout","time":246.57004243,"data":"[Game 1500] Range: 2-9 | Median/Mean: 4.0 / 3.868 | Fail: 1.333%\n"}
,{"stream_name":"stdout","time":247.783864017,"data":"[Game 1510] Range: 2-9 | Median/Mean: 4.0 / 3.866 | Fail: 1.325%\n"}
,{"stream_name":"stdout","time":249.248336319,"data":"[Game 1520] Range: 2-9 | Median/Mean: 4.0 / 3.866 | Fail: 1.316%\n"}
,{"stream_name":"stdout","time":251.037213846,"data":"[Game 1530] Range: 2-9 | Median/Mean: 4.0 / 3.868 | Fail: 1.307%\n"}
,{"stream_name":"stdout","time":252.657016755,"data":"[Game 1540] Range: 2-9 | Median/Mean: 4.0 / 3.869 | Fail: 1.299%\n"}
,{"stream_name":"stdout","time":254.085107987,"data":"[Game 1550] Range: 2-9 | Median/Mean: 4.0 / 3.869 | Fail: 1.290%\n"}
,{"stream_name":"stdout","time":255.487858142,"data":"[Game 1560] Range: 2-9 | Median/Mean: 4.0 / 3.867 | Fail: 1.282%\n"}
,{"stream_name":"stdout","time":256.840927218,"data":"[Game 1570] Range: 2-9 | Median/Mean: 4.0 / 3.866 | Fail: 1.338%\n"}
,{"stream_name":"stdout","time":258.798280016,"data":"[Game 1580] Range: 2-9 | Median/Mean: 4.0 / 3.867 | Fail: 1.329%\n"}
,{"stream_name":"stdout","time":260.240371883,"data":"[Game 1590] Range: 2-9 | Median/Mean: 4.0 / 3.867 | Fail: 1.321%\n"}
,{"stream_name":"stdout","time":261.779005921,"data":"[Game 1600] Range: 2-9 | Median/Mean: 4.0 / 3.867 | Fail: 1.312%\n"}
,{"stream_name":"stdout","time":263.668225992,"data":"[Game 1610] Range: 2-9 | Median/Mean: 4.0 / 3.869 | Fail: 1.304%\n"}
,{"stream_name":"stdout","time":265.0324099,"data":"[Game 1620] Range: 2-9 | Median/Mean: 4.0 / 3.869 | Fail: 1.296%\n"}
,{"stream_name":"stdout","time":266.829615977,"data":"[Game 1630] Range: 2-9 | Median/Mean: 4.0 / 3.870 | Fail: 1.350%\n"}
,{"stream_name":"stdout","time":268.287863173,"data":"[Game 1640] Range: 2-9 | Median/Mean: 4.0 / 3.868 | Fail: 1.341%\n"}
,{"stream_name":"stdout","time":270.229528522,"data":"[Game 1650] Range: 2-9 | Median/Mean: 4.0 / 3.872 | Fail: 1.394%\n"}
,{"stream_name":"stdout","time":271.966539671,"data":"[Game 1660] Range: 2-9 | Median/Mean: 4.0 / 3.873 | Fail: 1.386%\n"}
,{"stream_name":"stdout","time":272.999187376,"data":"[Game 1670] Range: 2-9 | Median/Mean: 4.0 / 3.870 | Fail: 1.377%\n"}
,{"stream_name":"stdout","time":274.353257389,"data":"[Game 1680] Range: 2-9 | Median/Mean: 4.0 / 3.868 | Fail: 1.369%\n"}
,{"stream_name":"stdout","time":275.647079225,"data":"[Game 1690] Range: 2-9 | Median/Mean: 4.0 / 3.866 | Fail: 1.361%\n"}
,{"stream_name":"stdout","time":277.524788282,"data":"[Game 1700] Range: 2-9 | Median/Mean: 4.0 / 3.867 | Fail: 1.353%\n"}
,{"stream_name":"stdout","time":278.787742159,"data":"[Game 1710] Range: 2-9 | Median/Mean: 4.0 / 3.864 | Fail: 1.345%\n"}
,{"stream_name":"stdout","time":280.370191751,"data":"[Game 1720] Range: 2-9 | Median/Mean: 4.0 / 3.865 | Fail: 1.337%\n"}
,{"stream_name":"stdout","time":281.995411847,"data":"[Game 1730] Range: 2-9 | Median/Mean: 4.0 / 3.864 | Fail: 1.329%\n"}
,{"stream_name":"stdout","time":283.629894509,"data":"[Game 1740] Range: 2-9 | Median/Mean: 4.0 / 3.864 | Fail: 1.322%\n"}
,{"stream_name":"stdout","time":284.786497843,"data":"[Game 1750] Range: 2-9 | Median/Mean: 4.0 / 3.862 | Fail: 1.314%\n"}
,{"stream_name":"stdout","time":286.260210323,"data":"[Game 1760] Range: 2-9 | Median/Mean: 4.0 / 3.862 | Fail: 1.307%\n"}
,{"stream_name":"stdout","time":287.929979858,"data":"[Game 1770] Range: 2-9 | Median/Mean: 4.0 / 3.863 | Fail: 1.299%\n"}
,{"stream_name":"stdout","time":289.638813855,"data":"[Game 1780] Range: 2-9 | Median/Mean: 4.0 / 3.864 | Fail: 1.292%\n"}
,{"stream_name":"stdout","time":290.677269379,"data":"[Game 1790] Range: 2-9 | Median/Mean: 4.0 / 3.860 | Fail: 1.285%\n"}
,{"stream_name":"stdout","time":292.168089451,"data":"[Game 1800] Range: 2-9 | Median/Mean: 4.0 / 3.859 | Fail: 1.278%\n"}
,{"stream_name":"stdout","time":293.459254162,"data":"[Game 1810] Range: 2-9 | Median/Mean: 4.0 / 3.859 | Fail: 1.271%\n"}
,{"stream_name":"stdout","time":294.635179852,"data":"[Game 1820] Range: 2-9 | Median/Mean: 4.0 / 3.858 | Fail: 1.264%\n"}
,{"stream_name":"stdout","time":296.001390491,"data":"[Game 1830] Range: 2-9 | Median/Mean: 4.0 / 3.858 | Fail: 1.257%\n"}
,{"stream_name":"stdout","time":297.375617932,"data":"[Game 1840] Range: 2-9 | Median/Mean: 4.0 / 3.857 | Fail: 1.250%\n"}
,{"stream_name":"stdout","time":298.716554962,"data":"[Game 1850] Range: 2-9 | Median/Mean: 4.0 / 3.856 | Fail: 1.243%\n"}
,{"stream_name":"stdout","time":300.036794238,"data":"[Game 1860] Range: 2-9 | Median/Mean: 4.0 / 3.855 | Fail: 1.237%\n"}
,{"stream_name":"stdout","time":301.407746873,"data":"[Game 1870] Range: 2-9 | Median/Mean: 4.0 / 3.852 | Fail: 1.230%\n"}
,{"stream_name":"stdout","time":302.936996769,"data":"[Game 1880] Range: 2-9 | Median/Mean: 4.0 / 3.854 | Fail: 1.223%\n"}
,{"stream_name":"stdout","time":304.821314917,"data":"[Game 1890] Range: 2-9 | Median/Mean: 4.0 / 3.857 | Fail: 1.217%\n"}
,{"stream_name":"stdout","time":306.349221967,"data":"[Game 1900] Range: 2-9 | Median/Mean: 4.0 / 3.858 | Fail: 1.211%\n"}
,{"stream_name":"stdout","time":307.787084516,"data":"[Game 1910] Range: 2-9 | Median/Mean: 4.0 / 3.857 | Fail: 1.204%\n"}
,{"stream_name":"stdout","time":309.105386379,"data":"[Game 1920] Range: 2-9 | Median/Mean: 4.0 / 3.856 | Fail: 1.198%\n"}
,{"stream_name":"stdout","time":310.450428426,"data":"[Game 1930] Range: 2-9 | Median/Mean: 4.0 / 3.854 | Fail: 1.192%\n"}
,{"stream_name":"stdout","time":312.0765283,"data":"[Game 1940] Range: 2-9 | Median/Mean: 4.0 / 3.855 | Fail: 1.186%\n"}
,{"stream_name":"stdout","time":313.481101307,"data":"[Game 1950] Range: 2-9 | Median/Mean: 4.0 / 3.854 | Fail: 1.179%\n"}
,{"stream_name":"stdout","time":315.19920128,"data":"[Game 1960] Range: 2-9 | Median/Mean: 4.0 / 3.855 | Fail: 1.173%\n"}
,{"stream_name":"stdout","time":316.440205984,"data":"[Game 1970] Range: 2-9 | Median/Mean: 4.0 / 3.852 | Fail: 1.168%\n"}
,{"stream_name":"stdout","time":317.888393765,"data":"[Game 1980] Range: 2-9 | Median/Mean: 4.0 / 3.853 | Fail: 1.162%\n"}
,{"stream_name":"stdout","time":319.037062468,"data":"[Game 1990] Range: 2-9 | Median/Mean: 4.0 / 3.851 | Fail: 1.156%\n"}
,{"stream_name":"stdout","time":320.62370354,"data":"[Game 2000] Range: 2-9 | Median/Mean: 4.0 / 3.852 | Fail: 1.200%\n"}
,{"stream_name":"stdout","time":321.93057147,"data":"[Game 2010] Range: 2-9 | Median/Mean: 4.0 / 3.851 | Fail: 1.194%\n"}
,{"stream_name":"stdout","time":323.7430935,"data":"[Game 2020] Range: 2-9 | Median/Mean: 4.0 / 3.854 | Fail: 1.238%\n"}
,{"stream_name":"stdout","time":324.718589135,"data":"[Game 2030] Range: 2-9 | Median/Mean: 4.0 / 3.851 | Fail: 1.232%\n"}
,{"stream_name":"stdout","time":326.059166132,"data":"[Game 2040] Range: 2-9 | Median/Mean: 4.0 / 3.851 | Fail: 1.225%\n"}
,{"stream_name":"stdout","time":327.882788187,"data":"[Game 2050] Range: 2-9 | Median/Mean: 4.0 / 3.854 | Fail: 1.220%\n"}
,{"stream_name":"stdout","time":329.054054725,"data":"[Game 2060] Range: 2-9 | Median/Mean: 4.0 / 3.853 | Fail: 1.214%\n"}
,{"stream_name":"stdout","time":330.830996703,"data":"[Game 2070] Range: 2-9 | Median/Mean: 4.0 / 3.856 | Fail: 1.256%\n"}
,{"stream_name":"stdout","time":332.772398988,"data":"[Game 2080] Range: 2-9 | Median/Mean: 4.0 / 3.859 | Fail: 1.250%\n"}
,{"stream_name":"stdout","time":333.801580603,"data":"[Game 2090] Range: 2-9 | Median/Mean: 4.0 / 3.856 | Fail: 1.244%\n"}
,{"stream_name":"stdout","time":335.220234927,"data":"[Game 2100] Range: 2-9 | Median/Mean: 4.0 / 3.857 | Fail: 1.238%\n"}
,{"stream_name":"stdout","time":336.234203908,"data":"[Game 2110] Range: 2-9 | Median/Mean: 4.0 / 3.854 | Fail: 1.232%\n"}
,{"stream_name":"stdout","time":337.842226183,"data":"[Game 2120] Range: 2-9 | Median/Mean: 4.0 / 3.855 | Fail: 1.226%\n"}
,{"stream_name":"stdout","time":339.756786505,"data":"[Game 2130] Range: 2-9 | Median/Mean: 4.0 / 3.859 | Fail: 1.268%\n"}
,{"stream_name":"stdout","time":341.657216886,"data":"[Game 2140] Range: 2-9 | Median/Mean: 4.0 / 3.862 | Fail: 1.308%\n"}
,{"stream_name":"stdout","time":343.186105355,"data":"[Game 2150] Range: 2-9 | Median/Mean: 4.0 / 3.861 | Fail: 1.302%\n"}
,{"stream_name":"stdout","time":344.721536753,"data":"[Game 2160] Range: 2-9 | Median/Mean: 4.0 / 3.861 | Fail: 1.343%\n"}
,{"stream_name":"stdout","time":346.726392102,"data":"[Game 2170] Range: 2-9 | Median/Mean: 4.0 / 3.865 | Fail: 1.382%\n"}
,{"stream_name":"stdout","time":348.462283379,"data":"[Game 2180] Range: 2-9 | Median/Mean: 4.0 / 3.865 | Fail: 1.376%\n"}
,{"stream_name":"stdout","time":350.07413409,"data":"[Game 2190] Range: 2-9 | Median/Mean: 4.0 / 3.865 | Fail: 1.370%\n"}
,{"stream_name":"stdout","time":351.162443068,"data":"[Game 2200] Range: 2-9 | Median/Mean: 4.0 / 3.862 | Fail: 1.364%\n"}
,{"stream_name":"stdout","time":352.713852853,"data":"[Game 2210] Range: 2-9 | Median/Mean: 4.0 / 3.862 | Fail: 1.357%\n"}
,{"stream_name":"stdout","time":354.302178057,"data":"[Game 2220] Range: 2-9 | Median/Mean: 4.0 / 3.864 | Fail: 1.351%\n"}
,{"stream_name":"stdout","time":355.764147045,"data":"[Game 2230] Range: 2-9 | Median/Mean: 4.0 / 3.862 | Fail: 1.345%\n"}
,{"stream_name":"stdout","time":357.220325137,"data":"[Game 2240] Range: 2-9 | Median/Mean: 4.0 / 3.862 | Fail: 1.339%\n"}
,{"stream_name":"stdout","time":358.564093417,"data":"[Game 2250] Range: 2-9 | Median/Mean: 4.0 / 3.862 | Fail: 1.333%\n"}
,{"stream_name":"stdout","time":360.398748511,"data":"[Game 2260] Range: 2-9 | Median/Mean: 4.0 / 3.864 | Fail: 1.416%\n"}
,{"stream_name":"stdout","time":361.793119085,"data":"[Game 2270] Range: 2-9 | Median/Mean: 4.0 / 3.863 | Fail: 1.410%\n"}
,{"stream_name":"stdout","time":363.167721237,"data":"[Game 2280] Range: 2-9 | Median/Mean: 4.0 / 3.863 | Fail: 1.404%\n"}
,{"stream_name":"stdout","time":364.523627166,"data":"[Game 2290] Range: 2-9 | Median/Mean: 4.0 / 3.863 | Fail: 1.441%\n"}
,{"stream_name":"stdout","time":365.779864708,"data":"[Game 2300] Range: 2-9 | Median/Mean: 4.0 / 3.861 | Fail: 1.435%\n"}
,{"stream_name":"stdout","time":366.984830486,"data":"[Game 2310] Range: 2-9 | Median/Mean: 4.0 / 3.860 | Fail: 1.429%\n"}
,{"stream_name":"stdout","time":367.900134483,"data":"Summary:\n"}
,{"stream_name":"stdout","time":367.911394275,"data":"Distribution across steps:\n"}
,{"stream_name":"stdout","time":367.922189489,"data":"Key Metrics:\n"}
,{"stream_name":"stderr","time":371.958526755,"data":"/opt/conda/lib/python3.7/site-packages/traitlets/traitlets.py:2567: FutureWarning: --Exporter.preprocessors=[\"remove_papermill_header.RemovePapermillHeader\"] for containers is deprecated in traitlets 5.0. You can pass `--Exporter.preprocessors item` ... multiple times to add items to a list.\n"}
,{"stream_name":"stderr","time":371.95864308,"data":"  FutureWarning,\n"}
,{"stream_name":"stderr","time":371.958656681,"data":"[NbConvertApp] Converting notebook __notebook__.ipynb to notebook\n"}
,{"stream_name":"stderr","time":372.386947796,"data":"[NbConvertApp] Writing 32935 bytes to __notebook__.ipynb\n"}
,{"stream_name":"stderr","time":375.037682488,"data":"/opt/conda/lib/python3.7/site-packages/traitlets/traitlets.py:2567: FutureWarning: --Exporter.preprocessors=[\"nbconvert.preprocessors.ExtractOutputPreprocessor\"] for containers is deprecated in traitlets 5.0. You can pass `--Exporter.preprocessors item` ... multiple times to add items to a list.\n"}
,{"stream_name":"stderr","time":375.037772596,"data":"  FutureWarning,\n"}
,{"stream_name":"stderr","time":375.037785724,"data":"[NbConvertApp] Converting notebook __notebook__.ipynb to html\n"}
,{"stream_name":"stderr","time":375.698200937,"data":"[NbConvertApp] Writing 308314 bytes to __results__.html\n"}
]