[{"stream_name":"stderr","time":9.621470384,"data":"/opt/conda/lib/python3.7/site-packages/papermill/iorw.py:50: FutureWarning: pyarrow.HadoopFileSystem is deprecated as of 2.0.0, please use pyarrow.fs.HadoopFileSystem instead.\n"}
,{"stream_name":"stderr","time":9.621543554,"data":"  from pyarrow import HadoopFileSystem\n"}
,{"stream_name":"stdout","time":11.075555446,"data":"[ ---------- TARES ----------]\n"}
,{"stream_name":"stdout","time":12.192667417,"data":"[Game 10] Range: 3-5 | Median/Mean: 4.0 / 4.000 | Fail: 0.000%\n"}
,{"stream_name":"stdout","time":13.377115178,"data":"[Game 20] Range: 3-6 | Median/Mean: 4.0 / 4.000 | Fail: 0.000%\n"}
,{"stream_name":"stdout","time":14.35338427,"data":"[Game 30] Range: 3-6 | Median/Mean: 4.0 / 3.867 | Fail: 0.000%\n"}
,{"stream_name":"stdout","time":15.47097783,"data":"[Game 40] Range: 3-6 | Median/Mean: 4.0 / 3.850 | Fail: 0.000%\n"}
,{"stream_name":"stdout","time":16.752080513,"data":"[Game 50] Range: 3-6 | Median/Mean: 4.0 / 3.920 | Fail: 0.000%\n"}
,{"stream_name":"stdout","time":17.766879774,"data":"[Game 60] Range: 2-6 | Median/Mean: 4.0 / 3.867 | Fail: 0.000%\n"}
,{"stream_name":"stdout","time":18.989271533,"data":"[Game 70] Range: 2-6 | Median/Mean: 4.0 / 3.900 | Fail: 0.000%\n"}
,{"stream_name":"stdout","time":19.918198209,"data":"[Game 80] Range: 2-6 | Median/Mean: 4.0 / 3.862 | Fail: 0.000%\n"}
,{"stream_name":"stdout","time":20.872192208,"data":"[Game 90] Range: 2-6 | Median/Mean: 4.0 / 3.822 | Fail: 0.000%\n"}
,{"stream_name":"stdout","time":21.717931749,"data":"[Game 100] Range: 2-6 | Median/Mean: 4.0 / 3.770 | Fail: 0.000%\n"}
,{"stream_name":"stdout","time":22.921425484,"data":"[Game 110] Range: 2-6 | Median/Mean: 4.0 / 3.809 | Fail: 0.000%\n"}
,{"stream_name":"stdout","time":24.017528171,"data":"[Game 120] Range: 2-6 | Median/Mean: 4.0 / 3.792 | Fail: 0.000%\n"}
,{"stream_name":"stdout","time":25.056630775,"data":"[Game 130] Range: 2-6 | Median/Mean: 4.0 / 3.792 | Fail: 0.000%\n"}
,{"stream_name":"stdout","time":26.044162943,"data":"[Game 140] Range: 2-6 | Median/Mean: 4.0 / 3.793 | Fail: 0.000%\n"}
,{"stream_name":"stdout","time":26.989152185000002,"data":"[Game 150] Range: 2-6 | Median/Mean: 4.0 / 3.800 | Fail: 0.000%\n"}
,{"stream_name":"stdout","time":28.038780066,"data":"[Game 160] Range: 2-6 | Median/Mean: 4.0 / 3.812 | Fail: 0.000%\n"}
,{"stream_name":"stdout","time":28.915137737,"data":"[Game 170] Range: 2-6 | Median/Mean: 4.0 / 3.788 | Fail: 0.000%\n"}
,{"stream_name":"stdout","time":29.72046524,"data":"[Game 180] Range: 2-6 | Median/Mean: 4.0 / 3.772 | Fail: 0.000%\n"}
,{"stream_name":"stdout","time":31.025229745,"data":"[Game 190] Range: 2-6 | Median/Mean: 4.0 / 3.789 | Fail: 0.000%\n"}
,{"stream_name":"stdout","time":32.061869699,"data":"[Game 200] Range: 2-6 | Median/Mean: 4.0 / 3.755 | Fail: 0.000%\n"}
,{"stream_name":"stdout","time":33.155187147,"data":"[Game 210] Range: 2-6 | Median/Mean: 4.0 / 3.743 | Fail: 0.000%\n"}
,{"stream_name":"stdout","time":34.030994749,"data":"[Game 220] Range: 2-6 | Median/Mean: 4.0 / 3.732 | Fail: 0.000%\n"}
,{"stream_name":"stdout","time":35.077387431,"data":"[Game 230] Range: 2-6 | Median/Mean: 4.0 / 3.739 | Fail: 0.000%\n"}
,{"stream_name":"stdout","time":36.241420978,"data":"[Game 240] Range: 2-6 | Median/Mean: 4.0 / 3.733 | Fail: 0.000%\n"}
,{"stream_name":"stdout","time":37.236276424,"data":"[Game 250] Range: 2-6 | Median/Mean: 4.0 / 3.736 | Fail: 0.000%\n"}
,{"stream_name":"stdout","time":38.205104339,"data":"[Game 260] Range: 2-6 | Median/Mean: 4.0 / 3.738 | Fail: 0.000%\n"}
,{"stream_name":"stdout","time":39.169282504,"data":"[Game 270] Range: 2-6 | Median/Mean: 4.0 / 3.733 | Fail: 0.000%\n"}
,{"stream_name":"stdout","time":39.941875036,"data":"[Game 280] Range: 2-6 | Median/Mean: 4.0 / 3.718 | Fail: 0.000%\n"}
,{"stream_name":"stdout","time":40.993838836,"data":"[Game 290] Range: 2-6 | Median/Mean: 4.0 / 3.721 | Fail: 0.000%\n"}
,{"stream_name":"stdout","time":41.988684853,"data":"[Game 300] Range: 2-6 | Median/Mean: 4.0 / 3.723 | Fail: 0.000%\n"}
,{"stream_name":"stdout","time":43.18714443,"data":"[Game 310] Range: 2-6 | Median/Mean: 4.0 / 3.732 | Fail: 0.000%\n"}
,{"stream_name":"stdout","time":44.143982418,"data":"[Game 320] Range: 2-8 | Median/Mean: 4.0 / 3.741 | Fail: 0.312%\n"}
,{"stream_name":"stdout","time":45.250514787,"data":"[Game 330] Range: 2-8 | Median/Mean: 4.0 / 3.742 | Fail: 0.606%\n"}
,{"stream_name":"stdout","time":46.394006661,"data":"[Game 340] Range: 2-8 | Median/Mean: 4.0 / 3.744 | Fail: 0.588%\n"}
,{"stream_name":"stdout","time":47.255041437,"data":"[Game 350] Range: 2-8 | Median/Mean: 4.0 / 3.731 | Fail: 0.571%\n"}
,{"stream_name":"stdout","time":48.248236258,"data":"[Game 360] Range: 2-8 | Median/Mean: 4.0 / 3.733 | Fail: 0.556%\n"}
,{"stream_name":"stdout","time":49.466268844,"data":"[Game 370] Range: 2-8 | Median/Mean: 4.0 / 3.741 | Fail: 0.541%\n"}
,{"stream_name":"stdout","time":50.666092033,"data":"[Game 380] Range: 2-8 | Median/Mean: 4.0 / 3.753 | Fail: 0.526%\n"}
,{"stream_name":"stdout","time":51.6000933,"data":"[Game 390] Range: 2-8 | Median/Mean: 4.0 / 3.756 | Fail: 0.513%\n"}
,{"stream_name":"stdout","time":52.810422167,"data":"[Game 400] Range: 2-8 | Median/Mean: 4.0 / 3.765 | Fail: 0.500%\n"}
,{"stream_name":"stdout","time":53.904150877,"data":"[Game 410] Range: 2-8 | Median/Mean: 4.0 / 3.771 | Fail: 0.488%\n"}
,{"stream_name":"stdout","time":55.06563249,"data":"[Game 420] Range: 2-8 | Median/Mean: 4.0 / 3.779 | Fail: 0.476%\n"}
,{"stream_name":"stdout","time":56.566055935,"data":"[Game 430] Range: 2-8 | Median/Mean: 4.0 / 3.800 | Fail: 0.698%\n"}
,{"stream_name":"stdout","time":57.915618607,"data":"[Game 440] Range: 2-8 | Median/Mean: 4.0 / 3.816 | Fail: 0.682%\n"}
,{"stream_name":"stdout","time":58.750338276,"data":"[Game 450] Range: 2-8 | Median/Mean: 4.0 / 3.804 | Fail: 0.667%\n"}
,{"stream_name":"stdout","time":59.942429795,"data":"[Game 460] Range: 2-8 | Median/Mean: 4.0 / 3.804 | Fail: 0.652%\n"}
,{"stream_name":"stdout","time":60.978438402,"data":"[Game 470] Range: 2-8 | Median/Mean: 4.0 / 3.806 | Fail: 0.638%\n"}
,{"stream_name":"stdout","time":62.162396451,"data":"[Game 480] Range: 2-8 | Median/Mean: 4.0 / 3.815 | Fail: 0.625%\n"}
,{"stream_name":"stdout","time":63.08803227,"data":"[Game 490] Range: 2-8 | Median/Mean: 4.0 / 3.808 | Fail: 0.612%\n"}
,{"stream_name":"stdout","time":64.157742203,"data":"[Game 500] Range: 2-8 | Median/Mean: 4.0 / 3.804 | Fail: 0.600%\n"}
,{"stream_name":"stdout","time":65.191492299,"data":"[Game 510] Range: 2-8 | Median/Mean: 4.0 / 3.800 | Fail: 0.588%\n"}
,{"stream_name":"stdout","time":66.154350233,"data":"[Game 520] Range: 2-8 | Median/Mean: 4.0 / 3.804 | Fail: 0.769%\n"}
,{"stream_name":"stdout","time":67.019964828,"data":"[Game 530] Range: 2-8 | Median/Mean: 4.0 / 3.798 | Fail: 0.755%\n"}
,{"stream_name":"stdout","time":68.142262366,"data":"[Game 540] Range: 2-8 | Median/Mean: 4.0 / 3.804 | Fail: 0.741%\n"}
,{"stream_name":"stdout","time":69.515242445,"data":"[Game 550] Range: 2-8 | Median/Mean: 4.0 / 3.811 | Fail: 0.727%\n"}
,{"stream_name":"stdout","time":70.896888273,"data":"[Game 560] Range: 2-8 | Median/Mean: 4.0 / 3.823 | Fail: 0.893%\n"}
,{"stream_name":"stdout","time":72.098246581,"data":"[Game 570] Range: 2-8 | Median/Mean: 4.0 / 3.821 | Fail: 0.877%\n"}
,{"stream_name":"stdout","time":72.943449399,"data":"[Game 580] Range: 2-8 | Median/Mean: 4.0 / 3.816 | Fail: 0.862%\n"}
,{"stream_name":"stdout","time":74.102493321,"data":"[Game 590] Range: 2-8 | Median/Mean: 4.0 / 3.820 | Fail: 0.847%\n"}
,{"stream_name":"stdout","time":74.803701585,"data":"[Game 600] Range: 2-8 | Median/Mean: 4.0 / 3.810 | Fail: 0.833%\n"}
,{"stream_name":"stdout","time":75.85418671,"data":"[Game 610] Range: 2-8 | Median/Mean: 4.0 / 3.813 | Fail: 0.984%\n"}
,{"stream_name":"stdout","time":76.994316775,"data":"[Game 620] Range: 2-8 | Median/Mean: 4.0 / 3.816 | Fail: 0.968%\n"}
,{"stream_name":"stdout","time":78.022884441,"data":"[Game 630] Range: 2-8 | Median/Mean: 4.0 / 3.816 | Fail: 0.952%\n"}
,{"stream_name":"stdout","time":79.267161125,"data":"[Game 640] Range: 2-8 | Median/Mean: 4.0 / 3.822 | Fail: 0.938%\n"}
,{"stream_name":"stdout","time":80.263625926,"data":"[Game 650] Range: 2-8 | Median/Mean: 4.0 / 3.822 | Fail: 0.923%\n"}
,{"stream_name":"stdout","time":81.22988162,"data":"[Game 660] Range: 2-8 | Median/Mean: 4.0 / 3.823 | Fail: 0.909%\n"}
,{"stream_name":"stdout","time":82.158275188,"data":"[Game 670] Range: 2-8 | Median/Mean: 4.0 / 3.822 | Fail: 0.896%\n"}
,{"stream_name":"stdout","time":83.302581763,"data":"[Game 680] Range: 2-8 | Median/Mean: 4.0 / 3.822 | Fail: 0.882%\n"}
,{"stream_name":"stdout","time":84.686390461,"data":"[Game 690] Range: 2-8 | Median/Mean: 4.0 / 3.820 | Fail: 0.870%\n"}
,{"stream_name":"stdout","time":86.023744044,"data":"[Game 700] Range: 2-8 | Median/Mean: 4.0 / 3.819 | Fail: 0.857%\n"}
,{"stream_name":"stdout","time":87.223695552,"data":"[Game 710] Range: 2-8 | Median/Mean: 4.0 / 3.820 | Fail: 0.845%\n"}
,{"stream_name":"stdout","time":88.238862731,"data":"[Game 720] Range: 2-8 | Median/Mean: 4.0 / 3.819 | Fail: 0.833%\n"}
,{"stream_name":"stdout","time":89.33802413,"data":"[Game 730] Range: 2-8 | Median/Mean: 4.0 / 3.822 | Fail: 0.822%\n"}
,{"stream_name":"stdout","time":90.513231971,"data":"[Game 740] Range: 2-8 | Median/Mean: 4.0 / 3.826 | Fail: 0.811%\n"}
,{"stream_name":"stdout","time":91.578578384,"data":"[Game 750] Range: 2-8 | Median/Mean: 4.0 / 3.825 | Fail: 0.800%\n"}
,{"stream_name":"stdout","time":92.62410677,"data":"[Game 760] Range: 2-8 | Median/Mean: 4.0 / 3.825 | Fail: 0.789%\n"}
,{"stream_name":"stdout","time":93.517211702,"data":"[Game 770] Range: 2-8 | Median/Mean: 4.0 / 3.821 | Fail: 0.779%\n"}
,{"stream_name":"stdout","time":94.422973622,"data":"[Game 780] Range: 2-8 | Median/Mean: 4.0 / 3.817 | Fail: 0.769%\n"}
,{"stream_name":"stdout","time":95.405019595,"data":"[Game 790] Range: 2-8 | Median/Mean: 4.0 / 3.815 | Fail: 0.759%\n"}
,{"stream_name":"stdout","time":96.641608369,"data":"[Game 800] Range: 2-8 | Median/Mean: 4.0 / 3.819 | Fail: 0.750%\n"}
,{"stream_name":"stdout","time":97.625647651,"data":"[Game 810] Range: 2-8 | Median/Mean: 4.0 / 3.817 | Fail: 0.741%\n"}
,{"stream_name":"stdout","time":98.687401855,"data":"[Game 820] Range: 2-8 | Median/Mean: 4.0 / 3.817 | Fail: 0.732%\n"}
,{"stream_name":"stdout","time":99.555453099,"data":"[Game 830] Range: 2-8 | Median/Mean: 4.0 / 3.813 | Fail: 0.723%\n"}
,{"stream_name":"stdout","time":100.629556491,"data":"[Game 840] Range: 2-8 | Median/Mean: 4.0 / 3.817 | Fail: 0.833%\n"}
,{"stream_name":"stdout","time":101.655720979,"data":"[Game 850] Range: 2-8 | Median/Mean: 4.0 / 3.815 | Fail: 0.941%\n"}
,{"stream_name":"stdout","time":102.618479373,"data":"[Game 860] Range: 2-8 | Median/Mean: 4.0 / 3.817 | Fail: 0.930%\n"}
,{"stream_name":"stdout","time":103.64683021,"data":"[Game 870] Range: 2-8 | Median/Mean: 4.0 / 3.820 | Fail: 0.920%\n"}
,{"stream_name":"stdout","time":104.596241786,"data":"[Game 880] Range: 2-8 | Median/Mean: 4.0 / 3.818 | Fail: 0.909%\n"}
,{"stream_name":"stdout","time":105.666625579,"data":"[Game 890] Range: 2-8 | Median/Mean: 4.0 / 3.818 | Fail: 0.899%\n"}
,{"stream_name":"stdout","time":106.854121888,"data":"[Game 900] Range: 2-8 | Median/Mean: 4.0 / 3.819 | Fail: 0.889%\n"}
,{"stream_name":"stdout","time":108.012740081,"data":"[Game 910] Range: 2-8 | Median/Mean: 4.0 / 3.821 | Fail: 0.989%\n"}
,{"stream_name":"stdout","time":109.334601742,"data":"[Game 920] Range: 2-8 | Median/Mean: 4.0 / 3.821 | Fail: 0.978%\n"}
,{"stream_name":"stdout","time":110.384053094,"data":"[Game 930] Range: 2-8 | Median/Mean: 4.0 / 3.824 | Fail: 0.968%\n"}
,{"stream_name":"stdout","time":111.978507156,"data":"[Game 940] Range: 2-8 | Median/Mean: 4.0 / 3.827 | Fail: 0.957%\n"}
,{"stream_name":"stdout","time":113.220555994,"data":"[Game 950] Range: 2-8 | Median/Mean: 4.0 / 3.825 | Fail: 0.947%\n"}
,{"stream_name":"stdout","time":114.678241597,"data":"[Game 960] Range: 2-8 | Median/Mean: 4.0 / 3.827 | Fail: 0.938%\n"}
,{"stream_name":"stdout","time":116.139088939,"data":"[Game 970] Range: 2-8 | Median/Mean: 4.0 / 3.828 | Fail: 0.928%\n"}
,{"stream_name":"stdout","time":117.469860651,"data":"[Game 980] Range: 2-8 | Median/Mean: 4.0 / 3.827 | Fail: 0.918%\n"}
,{"stream_name":"stdout","time":118.339434527,"data":"[Game 990] Range: 2-8 | Median/Mean: 4.0 / 3.821 | Fail: 0.909%\n"}
,{"stream_name":"stdout","time":119.357813432,"data":"[Game 1000] Range: 2-8 | Median/Mean: 4.0 / 3.822 | Fail: 0.900%\n"}
,{"stream_name":"stdout","time":120.116589896,"data":"[Game 1010] Range: 2-8 | Median/Mean: 4.0 / 3.816 | Fail: 0.891%\n"}
,{"stream_name":"stdout","time":121.00193582,"data":"[Game 1020] Range: 2-8 | Median/Mean: 4.0 / 3.815 | Fail: 0.882%\n"}
,{"stream_name":"stdout","time":122.057211342,"data":"[Game 1030] Range: 2-8 | Median/Mean: 4.0 / 3.814 | Fail: 0.874%\n"}
,{"stream_name":"stdout","time":122.988087024,"data":"[Game 1040] Range: 2-8 | Median/Mean: 4.0 / 3.809 | Fail: 0.865%\n"}
,{"stream_name":"stdout","time":124.010949278,"data":"[Game 1050] Range: 2-8 | Median/Mean: 4.0 / 3.806 | Fail: 0.857%\n"}
,{"stream_name":"stdout","time":125.399538366,"data":"[Game 1060] Range: 2-8 | Median/Mean: 4.0 / 3.811 | Fail: 0.849%\n"}
,{"stream_name":"stdout","time":126.437308929,"data":"[Game 1070] Range: 2-8 | Median/Mean: 4.0 / 3.809 | Fail: 0.935%\n"}
,{"stream_name":"stdout","time":127.467132243,"data":"[Game 1080] Range: 2-8 | Median/Mean: 4.0 / 3.810 | Fail: 0.926%\n"}
,{"stream_name":"stdout","time":128.709957502,"data":"[Game 1090] Range: 2-8 | Median/Mean: 4.0 / 3.814 | Fail: 1.009%\n"}
,{"stream_name":"stdout","time":129.793118262,"data":"[Game 1100] Range: 2-8 | Median/Mean: 4.0 / 3.814 | Fail: 1.000%\n"}
,{"stream_name":"stdout","time":130.632662369,"data":"[Game 1110] Range: 2-8 | Median/Mean: 4.0 / 3.809 | Fail: 0.991%\n"}
,{"stream_name":"stdout","time":131.664069474,"data":"[Game 1120] Range: 2-8 | Median/Mean: 4.0 / 3.807 | Fail: 0.982%\n"}
,{"stream_name":"stdout","time":132.495705622,"data":"[Game 1130] Range: 2-8 | Median/Mean: 4.0 / 3.804 | Fail: 0.973%\n"}
,{"stream_name":"stdout","time":133.655192196,"data":"[Game 1140] Range: 2-8 | Median/Mean: 4.0 / 3.806 | Fail: 0.965%\n"}
,{"stream_name":"stdout","time":134.599562187,"data":"[Game 1150] Range: 2-8 | Median/Mean: 4.0 / 3.804 | Fail: 0.957%\n"}
,{"stream_name":"stdout","time":135.466029123,"data":"[Game 1160] Range: 2-8 | Median/Mean: 4.0 / 3.803 | Fail: 0.948%\n"}
,{"stream_name":"stdout","time":136.417925812,"data":"[Game 1170] Range: 2-8 | Median/Mean: 4.0 / 3.803 | Fail: 0.940%\n"}
,{"stream_name":"stdout","time":137.337720355,"data":"[Game 1180] Range: 2-8 | Median/Mean: 4.0 / 3.801 | Fail: 0.932%\n"}
,{"stream_name":"stdout","time":138.282388625,"data":"[Game 1190] Range: 2-8 | Median/Mean: 4.0 / 3.800 | Fail: 0.924%\n"}
,{"stream_name":"stdout","time":139.271700912,"data":"[Game 1200] Range: 2-8 | Median/Mean: 4.0 / 3.797 | Fail: 0.917%\n"}
,{"stream_name":"stdout","time":140.165223046,"data":"[Game 1210] Range: 2-8 | Median/Mean: 4.0 / 3.794 | Fail: 0.909%\n"}
,{"stream_name":"stdout","time":141.188434861,"data":"[Game 1220] Range: 2-8 | Median/Mean: 4.0 / 3.793 | Fail: 0.902%\n"}
,{"stream_name":"stdout","time":142.41748509,"data":"[Game 1230] Range: 2-8 | Median/Mean: 4.0 / 3.797 | Fail: 0.894%\n"}
,{"stream_name":"stdout","time":143.274725576,"data":"[Game 1240] Range: 2-8 | Median/Mean: 4.0 / 3.795 | Fail: 0.887%\n"}
,{"stream_name":"stdout","time":144.432786421,"data":"[Game 1250] Range: 2-8 | Median/Mean: 4.0 / 3.797 | Fail: 0.880%\n"}
,{"stream_name":"stdout","time":145.490235613,"data":"[Game 1260] Range: 2-8 | Median/Mean: 4.0 / 3.798 | Fail: 0.873%\n"}
,{"stream_name":"stdout","time":146.296335683,"data":"[Game 1270] Range: 2-8 | Median/Mean: 4.0 / 3.795 | Fail: 0.866%\n"}
,{"stream_name":"stdout","time":147.263449612,"data":"[Game 1280] Range: 2-8 | Median/Mean: 4.0 / 3.793 | Fail: 0.859%\n"}
,{"stream_name":"stdout","time":148.345489792,"data":"[Game 1290] Range: 2-8 | Median/Mean: 4.0 / 3.792 | Fail: 0.930%\n"}
,{"stream_name":"stdout","time":149.71840256,"data":"[Game 1300] Range: 2-8 | Median/Mean: 4.0 / 3.793 | Fail: 0.923%\n"}
,{"stream_name":"stdout","time":150.67295456,"data":"[Game 1310] Range: 2-8 | Median/Mean: 4.0 / 3.791 | Fail: 0.916%\n"}
,{"stream_name":"stdout","time":151.62894307,"data":"[Game 1320] Range: 2-8 | Median/Mean: 4.0 / 3.790 | Fail: 0.909%\n"}
,{"stream_name":"stdout","time":153.364237112,"data":"[Game 1330] Range: 2-8 | Median/Mean: 4.0 / 3.794 | Fail: 0.902%\n"}
,{"stream_name":"stdout","time":154.425507363,"data":"[Game 1340] Range: 2-8 | Median/Mean: 4.0 / 3.793 | Fail: 0.896%\n"}
,{"stream_name":"stdout","time":155.850117048,"data":"[Game 1350] Range: 2-8 | Median/Mean: 4.0 / 3.792 | Fail: 0.889%\n"}
,{"stream_name":"stdout","time":157.338222588,"data":"[Game 1360] Range: 2-8 | Median/Mean: 4.0 / 3.793 | Fail: 0.882%\n"}
,{"stream_name":"stdout","time":158.956440388,"data":"[Game 1370] Range: 2-8 | Median/Mean: 4.0 / 3.795 | Fail: 0.876%\n"}
,{"stream_name":"stdout","time":160.505061663,"data":"[Game 1380] Range: 2-8 | Median/Mean: 4.0 / 3.796 | Fail: 0.942%\n"}
,{"stream_name":"stdout","time":161.796044038,"data":"[Game 1390] Range: 2-8 | Median/Mean: 4.0 / 3.794 | Fail: 0.935%\n"}
,{"stream_name":"stdout","time":163.25068061,"data":"[Game 1400] Range: 2-8 | Median/Mean: 4.0 / 3.797 | Fail: 1.000%\n"}
,{"stream_name":"stdout","time":164.45293181,"data":"[Game 1410] Range: 2-8 | Median/Mean: 4.0 / 3.800 | Fail: 0.993%\n"}
,{"stream_name":"stdout","time":165.349921874,"data":"[Game 1420] Range: 2-8 | Median/Mean: 4.0 / 3.798 | Fail: 0.986%\n"}
,{"stream_name":"stdout","time":166.206955811,"data":"[Game 1430] Range: 2-8 | Median/Mean: 4.0 / 3.795 | Fail: 0.979%\n"}
,{"stream_name":"stdout","time":167.428048001,"data":"[Game 1440] Range: 2-8 | Median/Mean: 4.0 / 3.797 | Fail: 1.042%\n"}
,{"stream_name":"stdout","time":168.79023531,"data":"[Game 1450] Range: 2-8 | Median/Mean: 4.0 / 3.799 | Fail: 1.034%\n"}
,{"stream_name":"stdout","time":169.855783682,"data":"[Game 1460] Range: 2-8 | Median/Mean: 4.0 / 3.800 | Fail: 1.027%\n"}
,{"stream_name":"stdout","time":170.82990514,"data":"[Game 1470] Range: 2-8 | Median/Mean: 4.0 / 3.799 | Fail: 1.020%\n"}
,{"stream_name":"stdout","time":171.949728057,"data":"[Game 1480] Range: 2-8 | Median/Mean: 4.0 / 3.799 | Fail: 1.014%\n"}
,{"stream_name":"stdout","time":172.900109247,"data":"[Game 1490] Range: 2-8 | Median/Mean: 4.0 / 3.798 | Fail: 1.007%\n"}
,{"stream_name":"stdout","time":173.982129227,"data":"[Game 1500] Range: 2-8 | Median/Mean: 4.0 / 3.798 | Fail: 1.000%\n"}
,{"stream_name":"stdout","time":174.792131199,"data":"[Game 1510] Range: 2-8 | Median/Mean: 4.0 / 3.795 | Fail: 0.993%\n"}
,{"stream_name":"stdout","time":175.57333661,"data":"[Game 1520] Range: 2-8 | Median/Mean: 4.0 / 3.793 | Fail: 0.987%\n"}
,{"stream_name":"stdout","time":176.652933395,"data":"[Game 1530] Range: 2-8 | Median/Mean: 4.0 / 3.793 | Fail: 0.980%\n"}
,{"stream_name":"stdout","time":177.779079961,"data":"[Game 1540] Range: 2-8 | Median/Mean: 4.0 / 3.795 | Fail: 0.974%\n"}
,{"stream_name":"stdout","time":178.750169215,"data":"[Game 1550] Range: 2-8 | Median/Mean: 4.0 / 3.794 | Fail: 0.968%\n"}
,{"stream_name":"stdout","time":179.800800081,"data":"[Game 1560] Range: 2-8 | Median/Mean: 4.0 / 3.793 | Fail: 0.962%\n"}
,{"stream_name":"stdout","time":180.884430316,"data":"[Game 1570] Range: 2-8 | Median/Mean: 4.0 / 3.794 | Fail: 0.955%\n"}
,{"stream_name":"stdout","time":181.89766196,"data":"[Game 1580] Range: 2-8 | Median/Mean: 4.0 / 3.793 | Fail: 0.949%\n"}
,{"stream_name":"stdout","time":182.902276525,"data":"[Game 1590] Range: 2-8 | Median/Mean: 4.0 / 3.791 | Fail: 0.943%\n"}
,{"stream_name":"stdout","time":183.637964945,"data":"[Game 1600] Range: 2-8 | Median/Mean: 4.0 / 3.787 | Fail: 0.938%\n"}
,{"stream_name":"stdout","time":185.001975355,"data":"[Game 1610] Range: 2-8 | Median/Mean: 4.0 / 3.788 | Fail: 0.932%\n"}
,{"stream_name":"stdout","time":186.318575714,"data":"[Game 1620] Range: 2-8 | Median/Mean: 4.0 / 3.788 | Fail: 0.926%\n"}
,{"stream_name":"stdout","time":187.644659863,"data":"[Game 1630] Range: 2-8 | Median/Mean: 4.0 / 3.787 | Fail: 0.920%\n"}
,{"stream_name":"stdout","time":188.957979392,"data":"[Game 1640] Range: 2-8 | Median/Mean: 4.0 / 3.785 | Fail: 0.915%\n"}
,{"stream_name":"stdout","time":189.987500997,"data":"[Game 1650] Range: 2-8 | Median/Mean: 4.0 / 3.784 | Fail: 0.909%\n"}
,{"stream_name":"stdout","time":191.120142233,"data":"[Game 1660] Range: 2-8 | Median/Mean: 4.0 / 3.785 | Fail: 0.904%\n"}
,{"stream_name":"stdout","time":192.159531068,"data":"[Game 1670] Range: 2-8 | Median/Mean: 4.0 / 3.785 | Fail: 0.898%\n"}
,{"stream_name":"stdout","time":193.506885037,"data":"[Game 1680] Range: 2-8 | Median/Mean: 4.0 / 3.785 | Fail: 0.893%\n"}
,{"stream_name":"stdout","time":194.994308719,"data":"[Game 1690] Range: 2-8 | Median/Mean: 4.0 / 3.784 | Fail: 0.888%\n"}
,{"stream_name":"stdout","time":195.853181581,"data":"[Game 1700] Range: 2-8 | Median/Mean: 4.0 / 3.782 | Fail: 0.882%\n"}
,{"stream_name":"stdout","time":196.939438057,"data":"[Game 1710] Range: 2-8 | Median/Mean: 4.0 / 3.782 | Fail: 0.936%\n"}
,{"stream_name":"stdout","time":197.757042659,"data":"[Game 1720] Range: 2-8 | Median/Mean: 4.0 / 3.780 | Fail: 0.930%\n"}
,{"stream_name":"stdout","time":198.665423532,"data":"[Game 1730] Range: 2-8 | Median/Mean: 4.0 / 3.779 | Fail: 0.925%\n"}
,{"stream_name":"stdout","time":199.628062646,"data":"[Game 1740] Range: 2-8 | Median/Mean: 4.0 / 3.779 | Fail: 0.920%\n"}
,{"stream_name":"stdout","time":200.657410551,"data":"[Game 1750] Range: 2-8 | Median/Mean: 4.0 / 3.777 | Fail: 0.914%\n"}
,{"stream_name":"stdout","time":201.414449061,"data":"[Game 1760] Range: 2-8 | Median/Mean: 4.0 / 3.775 | Fail: 0.909%\n"}
,{"stream_name":"stdout","time":202.479133647,"data":"[Game 1770] Range: 2-8 | Median/Mean: 4.0 / 3.776 | Fail: 0.904%\n"}
,{"stream_name":"stdout","time":203.519154282,"data":"[Game 1780] Range: 2-8 | Median/Mean: 4.0 / 3.775 | Fail: 0.899%\n"}
,{"stream_name":"stdout","time":204.395423654,"data":"[Game 1790] Range: 2-8 | Median/Mean: 4.0 / 3.774 | Fail: 0.894%\n"}
,{"stream_name":"stdout","time":205.371862058,"data":"[Game 1800] Range: 2-8 | Median/Mean: 4.0 / 3.773 | Fail: 0.889%\n"}
,{"stream_name":"stdout","time":206.387432713,"data":"[Game 1810] Range: 2-8 | Median/Mean: 4.0 / 3.772 | Fail: 0.884%\n"}
,{"stream_name":"stdout","time":207.693100042,"data":"[Game 1820] Range: 2-8 | Median/Mean: 4.0 / 3.773 | Fail: 0.879%\n"}
,{"stream_name":"stdout","time":209.00553664,"data":"[Game 1830] Range: 2-8 | Median/Mean: 4.0 / 3.773 | Fail: 0.874%\n"}
,{"stream_name":"stdout","time":210.295104259,"data":"[Game 1840] Range: 2-8 | Median/Mean: 4.0 / 3.772 | Fail: 0.870%\n"}
,{"stream_name":"stdout","time":211.895830142,"data":"[Game 1850] Range: 2-8 | Median/Mean: 4.0 / 3.772 | Fail: 0.865%\n"}
,{"stream_name":"stdout","time":212.630903443,"data":"[Game 1860] Range: 2-8 | Median/Mean: 4.0 / 3.770 | Fail: 0.860%\n"}
,{"stream_name":"stdout","time":213.566025616,"data":"[Game 1870] Range: 2-8 | Median/Mean: 4.0 / 3.768 | Fail: 0.856%\n"}
,{"stream_name":"stdout","time":214.794258284,"data":"[Game 1880] Range: 2-8 | Median/Mean: 4.0 / 3.771 | Fail: 0.904%\n"}
,{"stream_name":"stdout","time":215.855490079,"data":"[Game 1890] Range: 2-8 | Median/Mean: 4.0 / 3.771 | Fail: 0.899%\n"}
,{"stream_name":"stdout","time":217.065639016,"data":"[Game 1900] Range: 2-8 | Median/Mean: 4.0 / 3.773 | Fail: 0.895%\n"}
,{"stream_name":"stdout","time":218.641301889,"data":"[Game 1910] Range: 2-8 | Median/Mean: 4.0 / 3.773 | Fail: 0.890%\n"}
,{"stream_name":"stdout","time":220.293782313,"data":"[Game 1920] Range: 2-8 | Median/Mean: 4.0 / 3.773 | Fail: 0.885%\n"}
,{"stream_name":"stdout","time":221.48056768,"data":"[Game 1930] Range: 2-8 | Median/Mean: 4.0 / 3.772 | Fail: 0.881%\n"}
,{"stream_name":"stdout","time":222.247943721,"data":"[Game 1940] Range: 2-8 | Median/Mean: 4.0 / 3.771 | Fail: 0.876%\n"}
,{"stream_name":"stdout","time":223.156447164,"data":"[Game 1950] Range: 2-8 | Median/Mean: 4.0 / 3.769 | Fail: 0.872%\n"}
,{"stream_name":"stdout","time":224.484230473,"data":"[Game 1960] Range: 2-8 | Median/Mean: 4.0 / 3.773 | Fail: 0.918%\n"}
,{"stream_name":"stdout","time":225.325856165,"data":"[Game 1970] Range: 2-8 | Median/Mean: 4.0 / 3.772 | Fail: 0.914%\n"}
,{"stream_name":"stdout","time":226.562168743,"data":"[Game 1980] Range: 2-8 | Median/Mean: 4.0 / 3.772 | Fail: 0.909%\n"}
,{"stream_name":"stdout","time":227.785267161,"data":"[Game 1990] Range: 2-8 | Median/Mean: 4.0 / 3.770 | Fail: 0.905%\n"}
,{"stream_name":"stdout","time":229.394816304,"data":"[Game 2000] Range: 2-8 | Median/Mean: 4.0 / 3.771 | Fail: 0.950%\n"}
,{"stream_name":"stdout","time":230.586416671,"data":"[Game 2010] Range: 2-8 | Median/Mean: 4.0 / 3.770 | Fail: 0.945%\n"}
,{"stream_name":"stdout","time":232.205899964,"data":"[Game 2020] Range: 2-8 | Median/Mean: 4.0 / 3.771 | Fail: 0.990%\n"}
,{"stream_name":"stdout","time":233.260657049,"data":"[Game 2030] Range: 2-8 | Median/Mean: 4.0 / 3.771 | Fail: 0.985%\n"}
,{"stream_name":"stdout","time":234.03648106,"data":"[Game 2040] Range: 2-8 | Median/Mean: 4.0 / 3.769 | Fail: 0.980%\n"}
,{"stream_name":"stdout","time":235.118238356,"data":"[Game 2050] Range: 2-8 | Median/Mean: 4.0 / 3.769 | Fail: 0.976%\n"}
,{"stream_name":"stdout","time":236.016637609,"data":"[Game 2060] Range: 2-8 | Median/Mean: 4.0 / 3.768 | Fail: 0.971%\n"}
,{"stream_name":"stdout","time":237.127901975,"data":"[Game 2070] Range: 2-8 | Median/Mean: 4.0 / 3.770 | Fail: 0.966%\n"}
,{"stream_name":"stdout","time":238.070974538,"data":"[Game 2080] Range: 2-8 | Median/Mean: 4.0 / 3.771 | Fail: 0.962%\n"}
,{"stream_name":"stdout","time":238.930769841,"data":"[Game 2090] Range: 2-8 | Median/Mean: 4.0 / 3.770 | Fail: 0.957%\n"}
,{"stream_name":"stdout","time":239.925795996,"data":"[Game 2100] Range: 2-8 | Median/Mean: 4.0 / 3.770 | Fail: 0.952%\n"}
,{"stream_name":"stdout","time":240.811856707,"data":"[Game 2110] Range: 2-8 | Median/Mean: 4.0 / 3.768 | Fail: 0.948%\n"}
,{"stream_name":"stdout","time":241.874258907,"data":"[Game 2120] Range: 2-8 | Median/Mean: 4.0 / 3.769 | Fail: 0.943%\n"}
,{"stream_name":"stdout","time":243.210456249,"data":"[Game 2130] Range: 2-8 | Median/Mean: 4.0 / 3.771 | Fail: 0.939%\n"}
,{"stream_name":"stdout","time":244.56357072,"data":"[Game 2140] Range: 2-8 | Median/Mean: 4.0 / 3.773 | Fail: 0.935%\n"}
,{"stream_name":"stdout","time":245.636357069,"data":"[Game 2150] Range: 2-8 | Median/Mean: 4.0 / 3.773 | Fail: 0.930%\n"}
,{"stream_name":"stdout","time":246.83650296,"data":"[Game 2160] Range: 2-8 | Median/Mean: 4.0 / 3.774 | Fail: 0.926%\n"}
,{"stream_name":"stdout","time":248.169019032,"data":"[Game 2170] Range: 2-8 | Median/Mean: 4.0 / 3.776 | Fail: 0.968%\n"}
,{"stream_name":"stdout","time":249.242084372,"data":"[Game 2180] Range: 2-8 | Median/Mean: 4.0 / 3.776 | Fail: 0.963%\n"}
,{"stream_name":"stdout","time":250.461219981,"data":"[Game 2190] Range: 2-8 | Median/Mean: 4.0 / 3.775 | Fail: 0.959%\n"}
,{"stream_name":"stdout","time":252.128823521,"data":"[Game 2200] Range: 2-8 | Median/Mean: 4.0 / 3.775 | Fail: 0.955%\n"}
,{"stream_name":"stdout","time":253.685306769,"data":"[Game 2210] Range: 2-8 | Median/Mean: 4.0 / 3.776 | Fail: 0.950%\n"}
,{"stream_name":"stdout","time":255.208357619,"data":"[Game 2220] Range: 2-8 | Median/Mean: 4.0 / 3.778 | Fail: 0.991%\n"}
,{"stream_name":"stdout","time":256.275854788,"data":"[Game 2230] Range: 2-8 | Median/Mean: 4.0 / 3.777 | Fail: 0.987%\n"}
,{"stream_name":"stdout","time":257.273807103,"data":"[Game 2240] Range: 2-8 | Median/Mean: 4.0 / 3.777 | Fail: 0.982%\n"}
,{"stream_name":"stdout","time":258.361187161,"data":"[Game 2250] Range: 2-8 | Median/Mean: 4.0 / 3.779 | Fail: 1.022%\n"}
,{"stream_name":"stdout","time":259.854580972,"data":"[Game 2260] Range: 2-8 | Median/Mean: 4.0 / 3.782 | Fail: 1.062%\n"}
,{"stream_name":"stdout","time":260.698897757,"data":"[Game 2270] Range: 2-8 | Median/Mean: 4.0 / 3.779 | Fail: 1.057%\n"}
,{"stream_name":"stdout","time":261.718711539,"data":"[Game 2280] Range: 2-8 | Median/Mean: 4.0 / 3.778 | Fail: 1.053%\n"}
,{"stream_name":"stdout","time":262.889440223,"data":"[Game 2290] Range: 2-8 | Median/Mean: 4.0 / 3.779 | Fail: 1.092%\n"}
,{"stream_name":"stdout","time":263.668438521,"data":"[Game 2300] Range: 2-8 | Median/Mean: 4.0 / 3.777 | Fail: 1.087%\n"}
,{"stream_name":"stdout","time":264.507036606,"data":"[Game 2310] Range: 2-8 | Median/Mean: 4.0 / 3.774 | Fail: 1.082%\n"}
,{"stream_name":"stdout","time":265.481969771,"data":"Summary:\n"}
,{"stream_name":"stdout","time":265.492660461,"data":"Distribution across steps:\n"}
,{"stream_name":"stdout","time":265.50019316,"data":"Key Metrics:\n"}
,{"stream_name":"stderr","time":268.38766577,"data":"/opt/conda/lib/python3.7/site-packages/traitlets/traitlets.py:2567: FutureWarning: --Exporter.preprocessors=[\"remove_papermill_header.RemovePapermillHeader\"] for containers is deprecated in traitlets 5.0. You can pass `--Exporter.preprocessors item` ... multiple times to add items to a list.\n"}
,{"stream_name":"stderr","time":268.38775093,"data":"  FutureWarning,\n"}
,{"stream_name":"stderr","time":268.38778879,"data":"[NbConvertApp] Converting notebook __notebook__.ipynb to notebook\n"}
,{"stream_name":"stderr","time":268.742953386,"data":"[NbConvertApp] Writing 32789 bytes to __notebook__.ipynb\n"}
,{"stream_name":"stderr","time":270.652614591,"data":"/opt/conda/lib/python3.7/site-packages/traitlets/traitlets.py:2567: FutureWarning: --Exporter.preprocessors=[\"nbconvert.preprocessors.ExtractOutputPreprocessor\"] for containers is deprecated in traitlets 5.0. You can pass `--Exporter.preprocessors item` ... multiple times to add items to a list.\n"}
,{"stream_name":"stderr","time":270.6536629,"data":"  FutureWarning,\n"}
,{"stream_name":"stderr","time":270.653685831,"data":"[NbConvertApp] Converting notebook __notebook__.ipynb to html\n"}
,{"stream_name":"stderr","time":271.154843167,"data":"[NbConvertApp] Writing 308271 bytes to __results__.html\n"}
]