[{"stream_name":"stderr","time":15.040809024,"data":"/opt/conda/lib/python3.7/site-packages/papermill/iorw.py:50: FutureWarning: pyarrow.HadoopFileSystem is deprecated as of 2.0.0, please use pyarrow.fs.HadoopFileSystem instead.\n"}
,{"stream_name":"stderr","time":15.040934211,"data":"  from pyarrow import HadoopFileSystem\n"}
,{"stream_name":"stdout","time":16.972552467,"data":"[ ---------- DARES ----------]\n"}
,{"stream_name":"stdout","time":18.695944814,"data":"[Game 10] Range: 3-6 | Median/Mean: 4.0 / 4.200 | Fail: 0.000%\n"}
,{"stream_name":"stdout","time":20.101496149,"data":"[Game 20] Range: 3-6 | Median/Mean: 4.0 / 4.100 | Fail: 0.000%\n"}
,{"stream_name":"stdout","time":21.446309538,"data":"[Game 30] Range: 2-6 | Median/Mean: 4.0 / 3.900 | Fail: 0.000%\n"}
,{"stream_name":"stdout","time":22.784874713,"data":"[Game 40] Range: 2-6 | Median/Mean: 4.0 / 3.900 | Fail: 0.000%\n"}
,{"stream_name":"stdout","time":24.325099319,"data":"[Game 50] Range: 2-6 | Median/Mean: 4.0 / 3.900 | Fail: 0.000%\n"}
,{"stream_name":"stdout","time":25.728367367,"data":"[Game 60] Range: 2-6 | Median/Mean: 4.0 / 3.883 | Fail: 0.000%\n"}
,{"stream_name":"stdout","time":27.362446548,"data":"[Game 70] Range: 2-6 | Median/Mean: 4.0 / 3.957 | Fail: 0.000%\n"}
,{"stream_name":"stdout","time":28.366137905,"data":"[Game 80] Range: 2-6 | Median/Mean: 4.0 / 3.888 | Fail: 0.000%\n"}
,{"stream_name":"stdout","time":29.623335647,"data":"[Game 90] Range: 2-6 | Median/Mean: 4.0 / 3.878 | Fail: 0.000%\n"}
,{"stream_name":"stdout","time":30.837414109,"data":"[Game 100] Range: 2-6 | Median/Mean: 4.0 / 3.830 | Fail: 0.000%\n"}
,{"stream_name":"stdout","time":32.175689754,"data":"[Game 110] Range: 2-6 | Median/Mean: 4.0 / 3.827 | Fail: 0.000%\n"}
,{"stream_name":"stdout","time":33.692914421,"data":"[Game 120] Range: 2-6 | Median/Mean: 4.0 / 3.825 | Fail: 0.000%\n"}
,{"stream_name":"stdout","time":34.977955937,"data":"[Game 130] Range: 2-6 | Median/Mean: 4.0 / 3.785 | Fail: 0.000%\n"}
,{"stream_name":"stdout","time":36.488560687,"data":"[Game 140] Range: 2-6 | Median/Mean: 4.0 / 3.800 | Fail: 0.000%\n"}
,{"stream_name":"stdout","time":37.943705671000004,"data":"[Game 150] Range: 2-6 | Median/Mean: 4.0 / 3.820 | Fail: 0.000%\n"}
,{"stream_name":"stdout","time":39.319530237,"data":"[Game 160] Range: 2-6 | Median/Mean: 4.0 / 3.819 | Fail: 0.000%\n"}
,{"stream_name":"stdout","time":40.797489557,"data":"[Game 170] Range: 2-6 | Median/Mean: 4.0 / 3.812 | Fail: 0.000%\n"}
,{"stream_name":"stdout","time":41.98864276,"data":"[Game 180] Range: 2-6 | Median/Mean: 4.0 / 3.800 | Fail: 0.000%\n"}
,{"stream_name":"stdout","time":43.610890077,"data":"[Game 190] Range: 2-6 | Median/Mean: 4.0 / 3.816 | Fail: 0.000%\n"}
,{"stream_name":"stdout","time":44.850727478,"data":"[Game 200] Range: 2-6 | Median/Mean: 4.0 / 3.795 | Fail: 0.000%\n"}
,{"stream_name":"stdout","time":46.520299385,"data":"[Game 210] Range: 2-6 | Median/Mean: 4.0 / 3.805 | Fail: 0.000%\n"}
,{"stream_name":"stdout","time":48.012773813,"data":"[Game 220] Range: 2-6 | Median/Mean: 4.0 / 3.805 | Fail: 0.000%\n"}
,{"stream_name":"stdout","time":49.145118527,"data":"[Game 230] Range: 2-6 | Median/Mean: 4.0 / 3.796 | Fail: 0.000%\n"}
,{"stream_name":"stdout","time":50.662223755,"data":"[Game 240] Range: 2-6 | Median/Mean: 4.0 / 3.792 | Fail: 0.000%\n"}
,{"stream_name":"stdout","time":52.239666273,"data":"[Game 250] Range: 2-6 | Median/Mean: 4.0 / 3.796 | Fail: 0.000%\n"}
,{"stream_name":"stdout","time":53.69665837,"data":"[Game 260] Range: 2-6 | Median/Mean: 4.0 / 3.804 | Fail: 0.000%\n"}
,{"stream_name":"stdout","time":54.976048785,"data":"[Game 270] Range: 2-6 | Median/Mean: 4.0 / 3.800 | Fail: 0.000%\n"}
,{"stream_name":"stdout","time":56.143635725,"data":"[Game 280] Range: 2-6 | Median/Mean: 4.0 / 3.786 | Fail: 0.000%\n"}
,{"stream_name":"stdout","time":57.801332342,"data":"[Game 290] Range: 2-6 | Median/Mean: 4.0 / 3.793 | Fail: 0.000%\n"}
,{"stream_name":"stdout","time":59.697788761,"data":"[Game 300] Range: 2-6 | Median/Mean: 4.0 / 3.817 | Fail: 0.000%\n"}
,{"stream_name":"stdout","time":61.247316438,"data":"[Game 310] Range: 2-6 | Median/Mean: 4.0 / 3.813 | Fail: 0.000%\n"}
,{"stream_name":"stdout","time":62.961197773,"data":"[Game 320] Range: 2-8 | Median/Mean: 4.0 / 3.822 | Fail: 0.312%\n"}
,{"stream_name":"stdout","time":64.65998473,"data":"[Game 330] Range: 2-8 | Median/Mean: 4.0 / 3.833 | Fail: 0.303%\n"}
,{"stream_name":"stdout","time":66.211826639,"data":"[Game 340] Range: 2-8 | Median/Mean: 4.0 / 3.829 | Fail: 0.294%\n"}
,{"stream_name":"stdout","time":67.457532347,"data":"[Game 350] Range: 2-8 | Median/Mean: 4.0 / 3.811 | Fail: 0.286%\n"}
,{"stream_name":"stdout","time":68.747486767,"data":"[Game 360] Range: 2-8 | Median/Mean: 4.0 / 3.803 | Fail: 0.278%\n"}
,{"stream_name":"stdout","time":70.393915956,"data":"[Game 370] Range: 2-8 | Median/Mean: 4.0 / 3.811 | Fail: 0.270%\n"}
,{"stream_name":"stdout","time":71.920704141,"data":"[Game 380] Range: 2-8 | Median/Mean: 4.0 / 3.813 | Fail: 0.263%\n"}
,{"stream_name":"stdout","time":73.711901063,"data":"[Game 390] Range: 2-8 | Median/Mean: 4.0 / 3.828 | Fail: 0.256%\n"}
,{"stream_name":"stdout","time":75.37576633,"data":"[Game 400] Range: 2-8 | Median/Mean: 4.0 / 3.835 | Fail: 0.250%\n"}
,{"stream_name":"stdout","time":76.643638473,"data":"[Game 410] Range: 2-8 | Median/Mean: 4.0 / 3.834 | Fail: 0.244%\n"}
,{"stream_name":"stdout","time":78.223794016,"data":"[Game 420] Range: 2-8 | Median/Mean: 4.0 / 3.843 | Fail: 0.238%\n"}
,{"stream_name":"stdout","time":79.909112134,"data":"[Game 430] Range: 2-8 | Median/Mean: 4.0 / 3.853 | Fail: 0.233%\n"}
,{"stream_name":"stdout","time":81.799683802,"data":"[Game 440] Range: 2-8 | Median/Mean: 4.0 / 3.870 | Fail: 0.682%\n"}
,{"stream_name":"stdout","time":83.328883451,"data":"[Game 450] Range: 2-8 | Median/Mean: 4.0 / 3.869 | Fail: 0.667%\n"}
,{"stream_name":"stdout","time":84.742421047,"data":"[Game 460] Range: 2-8 | Median/Mean: 4.0 / 3.865 | Fail: 0.652%\n"}
,{"stream_name":"stdout","time":86.519940202,"data":"[Game 470] Range: 2-8 | Median/Mean: 4.0 / 3.872 | Fail: 0.638%\n"}
,{"stream_name":"stdout","time":88.098481135,"data":"[Game 480] Range: 2-8 | Median/Mean: 4.0 / 3.875 | Fail: 0.625%\n"}
,{"stream_name":"stdout","time":89.447383154,"data":"[Game 490] Range: 2-8 | Median/Mean: 4.0 / 3.867 | Fail: 0.612%\n"}
,{"stream_name":"stdout","time":91.148456017,"data":"[Game 500] Range: 2-8 | Median/Mean: 4.0 / 3.870 | Fail: 0.600%\n"}
,{"stream_name":"stdout","time":92.620614175,"data":"[Game 510] Range: 2-8 | Median/Mean: 4.0 / 3.869 | Fail: 0.588%\n"}
,{"stream_name":"stdout","time":93.937973491,"data":"[Game 520] Range: 2-8 | Median/Mean: 4.0 / 3.867 | Fail: 0.577%\n"}
,{"stream_name":"stdout","time":94.987121209,"data":"[Game 530] Range: 2-8 | Median/Mean: 4.0 / 3.860 | Fail: 0.566%\n"}
,{"stream_name":"stdout","time":96.523958289,"data":"[Game 540] Range: 2-8 | Median/Mean: 4.0 / 3.863 | Fail: 0.556%\n"}
,{"stream_name":"stdout","time":98.128698078,"data":"[Game 550] Range: 2-8 | Median/Mean: 4.0 / 3.864 | Fail: 0.545%\n"}
,{"stream_name":"stdout","time":99.734550687,"data":"[Game 560] Range: 2-8 | Median/Mean: 4.0 / 3.866 | Fail: 0.536%\n"}
,{"stream_name":"stdout","time":101.190078168,"data":"[Game 570] Range: 2-8 | Median/Mean: 4.0 / 3.868 | Fail: 0.526%\n"}
,{"stream_name":"stdout","time":102.44197266,"data":"[Game 580] Range: 2-8 | Median/Mean: 4.0 / 3.859 | Fail: 0.517%\n"}
,{"stream_name":"stdout","time":104.333047654,"data":"[Game 590] Range: 2-8 | Median/Mean: 4.0 / 3.866 | Fail: 0.508%\n"}
,{"stream_name":"stdout","time":105.72714421,"data":"[Game 600] Range: 2-8 | Median/Mean: 4.0 / 3.862 | Fail: 0.500%\n"}
,{"stream_name":"stdout","time":107.495614187,"data":"[Game 610] Range: 2-8 | Median/Mean: 4.0 / 3.867 | Fail: 0.656%\n"}
,{"stream_name":"stdout","time":109.057997783,"data":"[Game 620] Range: 2-8 | Median/Mean: 4.0 / 3.866 | Fail: 0.645%\n"}
,{"stream_name":"stdout","time":110.502011063,"data":"[Game 630] Range: 2-8 | Median/Mean: 4.0 / 3.862 | Fail: 0.635%\n"}
,{"stream_name":"stdout","time":111.979315543,"data":"[Game 640] Range: 2-8 | Median/Mean: 4.0 / 3.866 | Fail: 0.625%\n"}
,{"stream_name":"stdout","time":113.647429536,"data":"[Game 650] Range: 2-8 | Median/Mean: 4.0 / 3.872 | Fail: 0.769%\n"}
,{"stream_name":"stdout","time":114.915429239,"data":"[Game 660] Range: 2-8 | Median/Mean: 4.0 / 3.870 | Fail: 0.758%\n"}
,{"stream_name":"stdout","time":116.306035378,"data":"[Game 670] Range: 2-8 | Median/Mean: 4.0 / 3.867 | Fail: 0.746%\n"}
,{"stream_name":"stdout","time":117.6777871,"data":"[Game 680] Range: 2-8 | Median/Mean: 4.0 / 3.865 | Fail: 0.735%\n"}
,{"stream_name":"stdout","time":119.148152684,"data":"[Game 690] Range: 2-8 | Median/Mean: 4.0 / 3.865 | Fail: 0.725%\n"}
,{"stream_name":"stdout","time":120.462587527,"data":"[Game 700] Range: 2-8 | Median/Mean: 4.0 / 3.867 | Fail: 0.714%\n"}
,{"stream_name":"stdout","time":122.239601369,"data":"[Game 710] Range: 2-8 | Median/Mean: 4.0 / 3.875 | Fail: 0.845%\n"}
,{"stream_name":"stdout","time":123.723152329,"data":"[Game 720] Range: 2-8 | Median/Mean: 4.0 / 3.872 | Fail: 0.833%\n"}
,{"stream_name":"stdout","time":125.099968799,"data":"[Game 730] Range: 2-8 | Median/Mean: 4.0 / 3.871 | Fail: 0.822%\n"}
,{"stream_name":"stdout","time":126.717511162,"data":"[Game 740] Range: 2-8 | Median/Mean: 4.0 / 3.877 | Fail: 0.811%\n"}
,{"stream_name":"stdout","time":128.128698683,"data":"[Game 750] Range: 2-8 | Median/Mean: 4.0 / 3.877 | Fail: 0.800%\n"}
,{"stream_name":"stdout","time":129.869636432,"data":"[Game 760] Range: 2-8 | Median/Mean: 4.0 / 3.879 | Fail: 0.921%\n"}
,{"stream_name":"stdout","time":131.242562608,"data":"[Game 770] Range: 2-8 | Median/Mean: 4.0 / 3.875 | Fail: 0.909%\n"}
,{"stream_name":"stdout","time":132.768190936,"data":"[Game 780] Range: 2-8 | Median/Mean: 4.0 / 3.878 | Fail: 0.897%\n"}
,{"stream_name":"stdout","time":134.177646976,"data":"[Game 790] Range: 2-8 | Median/Mean: 4.0 / 3.880 | Fail: 1.013%\n"}
,{"stream_name":"stdout","time":135.665738109,"data":"[Game 800] Range: 2-8 | Median/Mean: 4.0 / 3.882 | Fail: 1.000%\n"}
,{"stream_name":"stdout","time":137.446524803,"data":"[Game 810] Range: 2-8 | Median/Mean: 4.0 / 3.884 | Fail: 0.988%\n"}
,{"stream_name":"stdout","time":138.845555526,"data":"[Game 820] Range: 2-8 | Median/Mean: 4.0 / 3.884 | Fail: 0.976%\n"}
,{"stream_name":"stdout","time":140.037422058,"data":"[Game 830] Range: 2-8 | Median/Mean: 4.0 / 3.877 | Fail: 0.964%\n"}
,{"stream_name":"stdout","time":141.85918497,"data":"[Game 840] Range: 2-8 | Median/Mean: 4.0 / 3.880 | Fail: 1.071%\n"}
,{"stream_name":"stdout","time":143.394021539,"data":"[Game 850] Range: 2-8 | Median/Mean: 4.0 / 3.880 | Fail: 1.059%\n"}
,{"stream_name":"stdout","time":144.735266666,"data":"[Game 860] Range: 2-8 | Median/Mean: 4.0 / 3.881 | Fail: 1.047%\n"}
,{"stream_name":"stdout","time":146.220089128,"data":"[Game 870] Range: 2-8 | Median/Mean: 4.0 / 3.883 | Fail: 1.034%\n"}
,{"stream_name":"stdout","time":147.406959302,"data":"[Game 880] Range: 2-8 | Median/Mean: 4.0 / 3.878 | Fail: 1.023%\n"}
,{"stream_name":"stdout","time":148.803913489,"data":"[Game 890] Range: 2-8 | Median/Mean: 4.0 / 3.876 | Fail: 1.011%\n"}
,{"stream_name":"stdout","time":150.506834228,"data":"[Game 900] Range: 2-8 | Median/Mean: 4.0 / 3.878 | Fail: 1.000%\n"}
,{"stream_name":"stdout","time":152.027109148,"data":"[Game 910] Range: 2-8 | Median/Mean: 4.0 / 3.879 | Fail: 1.099%\n"}
,{"stream_name":"stdout","time":153.480714887,"data":"[Game 920] Range: 2-8 | Median/Mean: 4.0 / 3.879 | Fail: 1.087%\n"}
,{"stream_name":"stdout","time":155.158050802,"data":"[Game 930] Range: 2-8 | Median/Mean: 4.0 / 3.883 | Fail: 1.075%\n"}
,{"stream_name":"stdout","time":156.813311395,"data":"[Game 940] Range: 2-8 | Median/Mean: 4.0 / 3.884 | Fail: 1.170%\n"}
,{"stream_name":"stdout","time":158.165043627,"data":"[Game 950] Range: 2-8 | Median/Mean: 4.0 / 3.883 | Fail: 1.158%\n"}
,{"stream_name":"stdout","time":159.904310851,"data":"[Game 960] Range: 2-8 | Median/Mean: 4.0 / 3.888 | Fail: 1.146%\n"}
,{"stream_name":"stdout","time":161.113528458,"data":"[Game 970] Range: 2-8 | Median/Mean: 4.0 / 3.886 | Fail: 1.134%\n"}
,{"stream_name":"stdout","time":162.730625153,"data":"[Game 980] Range: 2-8 | Median/Mean: 4.0 / 3.887 | Fail: 1.122%\n"}
,{"stream_name":"stdout","time":164.690238968,"data":"[Game 990] Range: 2-8 | Median/Mean: 4.0 / 3.889 | Fail: 1.111%\n"}
,{"stream_name":"stdout","time":165.985876821,"data":"[Game 1000] Range: 2-8 | Median/Mean: 4.0 / 3.885 | Fail: 1.100%\n"}
,{"stream_name":"stdout","time":167.831805929,"data":"[Game 1010] Range: 2-8 | Median/Mean: 4.0 / 3.887 | Fail: 1.089%\n"}
,{"stream_name":"stdout","time":169.285713351,"data":"[Game 1020] Range: 2-8 | Median/Mean: 4.0 / 3.889 | Fail: 1.176%\n"}
,{"stream_name":"stdout","time":170.632297217,"data":"[Game 1030] Range: 2-8 | Median/Mean: 4.0 / 3.885 | Fail: 1.165%\n"}
,{"stream_name":"stdout","time":171.785831901,"data":"[Game 1040] Range: 2-8 | Median/Mean: 4.0 / 3.881 | Fail: 1.154%\n"}
,{"stream_name":"stdout","time":173.311104381,"data":"[Game 1050] Range: 2-8 | Median/Mean: 4.0 / 3.879 | Fail: 1.143%\n"}
,{"stream_name":"stdout","time":175.028239287,"data":"[Game 1060] Range: 2-8 | Median/Mean: 4.0 / 3.881 | Fail: 1.132%\n"}
,{"stream_name":"stdout","time":176.476150119,"data":"[Game 1070] Range: 2-8 | Median/Mean: 4.0 / 3.879 | Fail: 1.121%\n"}
,{"stream_name":"stdout","time":177.731209033,"data":"[Game 1080] Range: 2-8 | Median/Mean: 4.0 / 3.877 | Fail: 1.111%\n"}
,{"stream_name":"stdout","time":179.46772643,"data":"[Game 1090] Range: 2-8 | Median/Mean: 4.0 / 3.881 | Fail: 1.101%\n"}
,{"stream_name":"stdout","time":180.787665898,"data":"[Game 1100] Range: 2-8 | Median/Mean: 4.0 / 3.879 | Fail: 1.091%\n"}
,{"stream_name":"stdout","time":182.16884295,"data":"[Game 1110] Range: 2-8 | Median/Mean: 4.0 / 3.877 | Fail: 1.081%\n"}
,{"stream_name":"stdout","time":183.551118207,"data":"[Game 1120] Range: 2-8 | Median/Mean: 4.0 / 3.878 | Fail: 1.071%\n"}
,{"stream_name":"stdout","time":184.876218803,"data":"[Game 1130] Range: 2-8 | Median/Mean: 4.0 / 3.875 | Fail: 1.062%\n"}
,{"stream_name":"stdout","time":186.246668029,"data":"[Game 1140] Range: 2-8 | Median/Mean: 4.0 / 3.874 | Fail: 1.053%\n"}
,{"stream_name":"stdout","time":187.495993242,"data":"[Game 1150] Range: 2-8 | Median/Mean: 4.0 / 3.871 | Fail: 1.043%\n"}
,{"stream_name":"stdout","time":188.680066626,"data":"[Game 1160] Range: 2-8 | Median/Mean: 4.0 / 3.870 | Fail: 1.034%\n"}
,{"stream_name":"stdout","time":190.049725189,"data":"[Game 1170] Range: 2-8 | Median/Mean: 4.0 / 3.869 | Fail: 1.026%\n"}
,{"stream_name":"stdout","time":191.541953389,"data":"[Game 1180] Range: 2-8 | Median/Mean: 4.0 / 3.871 | Fail: 1.017%\n"}
,{"stream_name":"stdout","time":193.006767118,"data":"[Game 1190] Range: 2-8 | Median/Mean: 4.0 / 3.873 | Fail: 1.008%\n"}
,{"stream_name":"stdout","time":194.380279987,"data":"[Game 1200] Range: 2-8 | Median/Mean: 4.0 / 3.871 | Fail: 1.000%\n"}
,{"stream_name":"stdout","time":195.863903514,"data":"[Game 1210] Range: 2-8 | Median/Mean: 4.0 / 3.871 | Fail: 0.992%\n"}
,{"stream_name":"stdout","time":197.526901507,"data":"[Game 1220] Range: 2-8 | Median/Mean: 4.0 / 3.873 | Fail: 0.984%\n"}
,{"stream_name":"stdout","time":199.234209606,"data":"[Game 1230] Range: 2-8 | Median/Mean: 4.0 / 3.876 | Fail: 0.976%\n"}
,{"stream_name":"stdout","time":200.702662348,"data":"[Game 1240] Range: 2-8 | Median/Mean: 4.0 / 3.875 | Fail: 0.968%\n"}
,{"stream_name":"stdout","time":202.294428243,"data":"[Game 1250] Range: 2-8 | Median/Mean: 4.0 / 3.876 | Fail: 0.960%\n"}
,{"stream_name":"stdout","time":204.275794935,"data":"[Game 1260] Range: 2-8 | Median/Mean: 4.0 / 3.881 | Fail: 0.952%\n"}
,{"stream_name":"stdout","time":205.401198762,"data":"[Game 1270] Range: 2-8 | Median/Mean: 4.0 / 3.879 | Fail: 0.945%\n"}
,{"stream_name":"stdout","time":206.613338287,"data":"[Game 1280] Range: 2-8 | Median/Mean: 4.0 / 3.877 | Fail: 0.938%\n"}
,{"stream_name":"stdout","time":207.972831761,"data":"[Game 1290] Range: 2-8 | Median/Mean: 4.0 / 3.874 | Fail: 0.930%\n"}
,{"stream_name":"stdout","time":209.396655315,"data":"[Game 1300] Range: 2-8 | Median/Mean: 4.0 / 3.877 | Fail: 0.923%\n"}
,{"stream_name":"stdout","time":210.505116911,"data":"[Game 1310] Range: 2-8 | Median/Mean: 4.0 / 3.875 | Fail: 0.916%\n"}
,{"stream_name":"stdout","time":212.065321525,"data":"[Game 1320] Range: 2-8 | Median/Mean: 4.0 / 3.875 | Fail: 0.909%\n"}
,{"stream_name":"stdout","time":213.726015904,"data":"[Game 1330] Range: 2-8 | Median/Mean: 4.0 / 3.876 | Fail: 0.902%\n"}
,{"stream_name":"stdout","time":214.880300789,"data":"[Game 1340] Range: 2-8 | Median/Mean: 4.0 / 3.875 | Fail: 0.896%\n"}
,{"stream_name":"stdout","time":216.064289998,"data":"[Game 1350] Range: 2-8 | Median/Mean: 4.0 / 3.873 | Fail: 0.889%\n"}
,{"stream_name":"stdout","time":217.815900231,"data":"[Game 1360] Range: 2-8 | Median/Mean: 4.0 / 3.874 | Fail: 0.882%\n"}
,{"stream_name":"stdout","time":219.36626276,"data":"[Game 1370] Range: 2-8 | Median/Mean: 4.0 / 3.875 | Fail: 0.949%\n"}
,{"stream_name":"stdout","time":220.973961447,"data":"[Game 1380] Range: 2-8 | Median/Mean: 4.0 / 3.875 | Fail: 0.942%\n"}
,{"stream_name":"stdout","time":222.167354967,"data":"[Game 1390] Range: 2-8 | Median/Mean: 4.0 / 3.873 | Fail: 0.935%\n"}
,{"stream_name":"stdout","time":223.873911464,"data":"[Game 1400] Range: 2-8 | Median/Mean: 4.0 / 3.876 | Fail: 0.929%\n"}
,{"stream_name":"stdout","time":225.316257477,"data":"[Game 1410] Range: 2-8 | Median/Mean: 4.0 / 3.877 | Fail: 0.922%\n"}
,{"stream_name":"stdout","time":227.050855309,"data":"[Game 1420] Range: 2-8 | Median/Mean: 4.0 / 3.880 | Fail: 0.915%\n"}
,{"stream_name":"stdout","time":228.427138591,"data":"[Game 1430] Range: 2-8 | Median/Mean: 4.0 / 3.877 | Fail: 0.909%\n"}
,{"stream_name":"stdout","time":230.296358493,"data":"[Game 1440] Range: 2-8 | Median/Mean: 4.0 / 3.881 | Fail: 0.972%\n"}
,{"stream_name":"stdout","time":231.692226027,"data":"[Game 1450] Range: 2-8 | Median/Mean: 4.0 / 3.879 | Fail: 0.966%\n"}
,{"stream_name":"stdout","time":232.976079905,"data":"[Game 1460] Range: 2-8 | Median/Mean: 4.0 / 3.878 | Fail: 0.959%\n"}
,{"stream_name":"stdout","time":234.399513448,"data":"[Game 1470] Range: 2-8 | Median/Mean: 4.0 / 3.877 | Fail: 0.952%\n"}
,{"stream_name":"stdout","time":235.899217634,"data":"[Game 1480] Range: 2-8 | Median/Mean: 4.0 / 3.877 | Fail: 0.946%\n"}
,{"stream_name":"stdout","time":237.445001742,"data":"[Game 1490] Range: 2-8 | Median/Mean: 4.0 / 3.878 | Fail: 0.940%\n"}
,{"stream_name":"stdout","time":238.817834472,"data":"[Game 1500] Range: 2-8 | Median/Mean: 4.0 / 3.877 | Fail: 0.933%\n"}
,{"stream_name":"stdout","time":240.021847601,"data":"[Game 1510] Range: 2-8 | Median/Mean: 4.0 / 3.873 | Fail: 0.927%\n"}
,{"stream_name":"stdout","time":241.351926432,"data":"[Game 1520] Range: 2-8 | Median/Mean: 4.0 / 3.870 | Fail: 0.921%\n"}
,{"stream_name":"stdout","time":242.794181515,"data":"[Game 1530] Range: 2-8 | Median/Mean: 4.0 / 3.871 | Fail: 0.915%\n"}
,{"stream_name":"stdout","time":244.488406609,"data":"[Game 1540] Range: 2-8 | Median/Mean: 4.0 / 3.874 | Fail: 0.909%\n"}
,{"stream_name":"stdout","time":245.924359549,"data":"[Game 1550] Range: 2-8 | Median/Mean: 4.0 / 3.872 | Fail: 0.903%\n"}
,{"stream_name":"stdout","time":247.406669102,"data":"[Game 1560] Range: 2-8 | Median/Mean: 4.0 / 3.871 | Fail: 0.897%\n"}
,{"stream_name":"stdout","time":248.935855745,"data":"[Game 1570] Range: 2-8 | Median/Mean: 4.0 / 3.872 | Fail: 0.892%\n"}
,{"stream_name":"stdout","time":250.421333511,"data":"[Game 1580] Range: 2-8 | Median/Mean: 4.0 / 3.871 | Fail: 0.886%\n"}
,{"stream_name":"stdout","time":251.391092766,"data":"[Game 1590] Range: 2-8 | Median/Mean: 4.0 / 3.868 | Fail: 0.881%\n"}
,{"stream_name":"stdout","time":252.79472414,"data":"[Game 1600] Range: 2-8 | Median/Mean: 4.0 / 3.866 | Fail: 0.875%\n"}
,{"stream_name":"stdout","time":254.539913307,"data":"[Game 1610] Range: 2-8 | Median/Mean: 4.0 / 3.868 | Fail: 0.870%\n"}
,{"stream_name":"stdout","time":256.187855489,"data":"[Game 1620] Range: 2-8 | Median/Mean: 4.0 / 3.870 | Fail: 0.864%\n"}
,{"stream_name":"stdout","time":257.578782162,"data":"[Game 1630] Range: 2-8 | Median/Mean: 4.0 / 3.871 | Fail: 0.920%\n"}
,{"stream_name":"stdout","time":258.970145091,"data":"[Game 1640] Range: 2-8 | Median/Mean: 4.0 / 3.868 | Fail: 0.915%\n"}
,{"stream_name":"stdout","time":260.162333376,"data":"[Game 1650] Range: 2-8 | Median/Mean: 4.0 / 3.866 | Fail: 0.909%\n"}
,{"stream_name":"stdout","time":261.826547798,"data":"[Game 1660] Range: 2-8 | Median/Mean: 4.0 / 3.867 | Fail: 0.904%\n"}
,{"stream_name":"stdout","time":263.244255306,"data":"[Game 1670] Range: 2-8 | Median/Mean: 4.0 / 3.868 | Fail: 0.898%\n"}
,{"stream_name":"stdout","time":264.785345632,"data":"[Game 1680] Range: 2-8 | Median/Mean: 4.0 / 3.868 | Fail: 0.893%\n"}
,{"stream_name":"stdout","time":266.452673456,"data":"[Game 1690] Range: 2-8 | Median/Mean: 4.0 / 3.869 | Fail: 0.888%\n"}
,{"stream_name":"stdout","time":267.669332479,"data":"[Game 1700] Range: 2-8 | Median/Mean: 4.0 / 3.866 | Fail: 0.882%\n"}
,{"stream_name":"stdout","time":269.215552451,"data":"[Game 1710] Range: 2-8 | Median/Mean: 4.0 / 3.865 | Fail: 0.877%\n"}
,{"stream_name":"stdout","time":270.43847685,"data":"[Game 1720] Range: 2-8 | Median/Mean: 4.0 / 3.865 | Fail: 0.872%\n"}
,{"stream_name":"stdout","time":271.891372466,"data":"[Game 1730] Range: 2-8 | Median/Mean: 4.0 / 3.863 | Fail: 0.867%\n"}
,{"stream_name":"stdout","time":273.357393194,"data":"[Game 1740] Range: 2-8 | Median/Mean: 4.0 / 3.863 | Fail: 0.862%\n"}
,{"stream_name":"stdout","time":274.776023214,"data":"[Game 1750] Range: 2-8 | Median/Mean: 4.0 / 3.862 | Fail: 0.857%\n"}
,{"stream_name":"stdout","time":276.064915228,"data":"[Game 1760] Range: 2-8 | Median/Mean: 4.0 / 3.862 | Fail: 0.852%\n"}
,{"stream_name":"stdout","time":277.457012607,"data":"[Game 1770] Range: 2-8 | Median/Mean: 4.0 / 3.863 | Fail: 0.847%\n"}
,{"stream_name":"stdout","time":278.766984515,"data":"[Game 1780] Range: 2-8 | Median/Mean: 4.0 / 3.862 | Fail: 0.843%\n"}
,{"stream_name":"stdout","time":280.23875733,"data":"[Game 1790] Range: 2-8 | Median/Mean: 4.0 / 3.862 | Fail: 0.838%\n"}
,{"stream_name":"stdout","time":281.211779931,"data":"[Game 1800] Range: 2-8 | Median/Mean: 4.0 / 3.859 | Fail: 0.833%\n"}
,{"stream_name":"stdout","time":282.450926565,"data":"[Game 1810] Range: 2-8 | Median/Mean: 4.0 / 3.858 | Fail: 0.829%\n"}
,{"stream_name":"stdout","time":283.794782073,"data":"[Game 1820] Range: 2-8 | Median/Mean: 4.0 / 3.858 | Fail: 0.824%\n"}
,{"stream_name":"stdout","time":285.371108505,"data":"[Game 1830] Range: 2-8 | Median/Mean: 4.0 / 3.857 | Fail: 0.820%\n"}
,{"stream_name":"stdout","time":286.583141709,"data":"[Game 1840] Range: 2-8 | Median/Mean: 4.0 / 3.856 | Fail: 0.815%\n"}
,{"stream_name":"stdout","time":288.21197045,"data":"[Game 1850] Range: 2-8 | Median/Mean: 4.0 / 3.857 | Fail: 0.811%\n"}
,{"stream_name":"stdout","time":289.761052108,"data":"[Game 1860] Range: 2-8 | Median/Mean: 4.0 / 3.857 | Fail: 0.860%\n"}
,{"stream_name":"stdout","time":291.136504917,"data":"[Game 1870] Range: 2-8 | Median/Mean: 4.0 / 3.857 | Fail: 0.856%\n"}
,{"stream_name":"stdout","time":293.073136994,"data":"[Game 1880] Range: 2-8 | Median/Mean: 4.0 / 3.860 | Fail: 0.904%\n"}
,{"stream_name":"stdout","time":294.638982787,"data":"[Game 1890] Range: 2-8 | Median/Mean: 4.0 / 3.862 | Fail: 0.899%\n"}
,{"stream_name":"stdout","time":295.934296762,"data":"[Game 1900] Range: 2-8 | Median/Mean: 4.0 / 3.863 | Fail: 0.895%\n"}
,{"stream_name":"stdout","time":297.262108605,"data":"[Game 1910] Range: 2-8 | Median/Mean: 4.0 / 3.862 | Fail: 0.890%\n"}
,{"stream_name":"stdout","time":298.582852368,"data":"[Game 1920] Range: 2-8 | Median/Mean: 4.0 / 3.861 | Fail: 0.885%\n"}
,{"stream_name":"stdout","time":299.791255969,"data":"[Game 1930] Range: 2-8 | Median/Mean: 4.0 / 3.861 | Fail: 0.881%\n"}
,{"stream_name":"stdout","time":301.187799658,"data":"[Game 1940] Range: 2-8 | Median/Mean: 4.0 / 3.861 | Fail: 0.876%\n"}
,{"stream_name":"stdout","time":302.614417847,"data":"[Game 1950] Range: 2-8 | Median/Mean: 4.0 / 3.861 | Fail: 0.872%\n"}
,{"stream_name":"stdout","time":304.529022511,"data":"[Game 1960] Range: 2-8 | Median/Mean: 4.0 / 3.864 | Fail: 0.918%\n"}
,{"stream_name":"stdout","time":305.928534414,"data":"[Game 1970] Range: 2-8 | Median/Mean: 4.0 / 3.864 | Fail: 0.914%\n"}
,{"stream_name":"stdout","time":307.586393405,"data":"[Game 1980] Range: 2-8 | Median/Mean: 4.0 / 3.867 | Fail: 0.909%\n"}
,{"stream_name":"stdout","time":308.886029015,"data":"[Game 1990] Range: 2-8 | Median/Mean: 4.0 / 3.865 | Fail: 0.905%\n"}
,{"stream_name":"stdout","time":310.541773513,"data":"[Game 2000] Range: 2-8 | Median/Mean: 4.0 / 3.865 | Fail: 0.950%\n"}
,{"stream_name":"stdout","time":311.968016015,"data":"[Game 2010] Range: 2-8 | Median/Mean: 4.0 / 3.865 | Fail: 0.945%\n"}
,{"stream_name":"stdout","time":313.833434197,"data":"[Game 2020] Range: 2-8 | Median/Mean: 4.0 / 3.868 | Fail: 0.941%\n"}
,{"stream_name":"stdout","time":315.38828537,"data":"[Game 2030] Range: 2-8 | Median/Mean: 4.0 / 3.868 | Fail: 0.936%\n"}
,{"stream_name":"stdout","time":316.683059853,"data":"[Game 2040] Range: 2-8 | Median/Mean: 4.0 / 3.867 | Fail: 0.931%\n"}
,{"stream_name":"stdout","time":318.355936982,"data":"[Game 2050] Range: 2-8 | Median/Mean: 4.0 / 3.869 | Fail: 0.927%\n"}
,{"stream_name":"stdout","time":319.940643562,"data":"[Game 2060] Range: 2-8 | Median/Mean: 4.0 / 3.869 | Fail: 0.922%\n"}
,{"stream_name":"stdout","time":321.630936389,"data":"[Game 2070] Range: 2-8 | Median/Mean: 4.0 / 3.871 | Fail: 0.966%\n"}
,{"stream_name":"stdout","time":323.176976262,"data":"[Game 2080] Range: 2-8 | Median/Mean: 4.0 / 3.872 | Fail: 0.962%\n"}
,{"stream_name":"stdout","time":324.465104258,"data":"[Game 2090] Range: 2-8 | Median/Mean: 4.0 / 3.870 | Fail: 0.957%\n"}
,{"stream_name":"stdout","time":326.010229882,"data":"[Game 2100] Range: 2-8 | Median/Mean: 4.0 / 3.871 | Fail: 0.952%\n"}
,{"stream_name":"stdout","time":327.284046591,"data":"[Game 2110] Range: 2-8 | Median/Mean: 4.0 / 3.867 | Fail: 0.948%\n"}
,{"stream_name":"stdout","time":328.734754029,"data":"[Game 2120] Range: 2-8 | Median/Mean: 4.0 / 3.868 | Fail: 0.943%\n"}
,{"stream_name":"stdout","time":330.357600571,"data":"[Game 2130] Range: 2-8 | Median/Mean: 4.0 / 3.870 | Fail: 0.939%\n"}
,{"stream_name":"stdout","time":332.099462655,"data":"[Game 2140] Range: 2-8 | Median/Mean: 4.0 / 3.872 | Fail: 0.935%\n"}
,{"stream_name":"stdout","time":333.645714055,"data":"[Game 2150] Range: 2-8 | Median/Mean: 4.0 / 3.872 | Fail: 0.930%\n"}
,{"stream_name":"stdout","time":334.893992051,"data":"[Game 2160] Range: 2-8 | Median/Mean: 4.0 / 3.870 | Fail: 0.926%\n"}
,{"stream_name":"stdout","time":336.868292936,"data":"[Game 2170] Range: 2-8 | Median/Mean: 4.0 / 3.873 | Fail: 0.968%\n"}
,{"stream_name":"stdout","time":338.243812913,"data":"[Game 2180] Range: 2-8 | Median/Mean: 4.0 / 3.873 | Fail: 0.963%\n"}
,{"stream_name":"stdout","time":339.97211645,"data":"[Game 2190] Range: 2-8 | Median/Mean: 4.0 / 3.874 | Fail: 0.959%\n"}
,{"stream_name":"stdout","time":341.468902775,"data":"[Game 2200] Range: 2-8 | Median/Mean: 4.0 / 3.873 | Fail: 0.955%\n"}
,{"stream_name":"stdout","time":342.971892902,"data":"[Game 2210] Range: 2-8 | Median/Mean: 4.0 / 3.873 | Fail: 0.950%\n"}
,{"stream_name":"stdout","time":344.876853808,"data":"[Game 2220] Range: 2-8 | Median/Mean: 4.0 / 3.876 | Fail: 0.946%\n"}
,{"stream_name":"stdout","time":346.129813955,"data":"[Game 2230] Range: 2-8 | Median/Mean: 4.0 / 3.874 | Fail: 0.942%\n"}
,{"stream_name":"stdout","time":347.364843931,"data":"[Game 2240] Range: 2-8 | Median/Mean: 4.0 / 3.873 | Fail: 0.938%\n"}
,{"stream_name":"stdout","time":349.010368493,"data":"[Game 2250] Range: 2-8 | Median/Mean: 4.0 / 3.874 | Fail: 0.933%\n"}
,{"stream_name":"stdout","time":350.587250972,"data":"[Game 2260] Range: 2-8 | Median/Mean: 4.0 / 3.874 | Fail: 0.973%\n"}
,{"stream_name":"stdout","time":352.031500668,"data":"[Game 2270] Range: 2-8 | Median/Mean: 4.0 / 3.874 | Fail: 0.969%\n"}
,{"stream_name":"stdout","time":353.762586304,"data":"[Game 2280] Range: 2-8 | Median/Mean: 4.0 / 3.874 | Fail: 0.965%\n"}
,{"stream_name":"stdout","time":355.344527649,"data":"[Game 2290] Range: 2-8 | Median/Mean: 4.0 / 3.875 | Fail: 1.004%\n"}
,{"stream_name":"stdout","time":356.479820341,"data":"[Game 2300] Range: 2-8 | Median/Mean: 4.0 / 3.873 | Fail: 1.000%\n"}
,{"stream_name":"stdout","time":357.689807947,"data":"[Game 2310] Range: 2-8 | Median/Mean: 4.0 / 3.872 | Fail: 0.996%\n"}
,{"stream_name":"stdout","time":358.805686112,"data":"Summary:\n"}
,{"stream_name":"stdout","time":358.816844851,"data":"Distribution across steps:\n"}
,{"stream_name":"stdout","time":358.82530989,"data":"Key Metrics:\n"}
,{"stream_name":"stderr","time":362.626678186,"data":"/opt/conda/lib/python3.7/site-packages/traitlets/traitlets.py:2567: FutureWarning: --Exporter.preprocessors=[\"remove_papermill_header.RemovePapermillHeader\"] for containers is deprecated in traitlets 5.0. You can pass `--Exporter.preprocessors item` ... multiple times to add items to a list.\n"}
,{"stream_name":"stderr","time":362.626745799,"data":"  FutureWarning,\n"}
,{"stream_name":"stderr","time":362.626755277,"data":"[NbConvertApp] Converting notebook __notebook__.ipynb to notebook\n"}
,{"stream_name":"stderr","time":363.051386248,"data":"[NbConvertApp] Writing 32792 bytes to __notebook__.ipynb\n"}
,{"stream_name":"stderr","time":365.601370606,"data":"/opt/conda/lib/python3.7/site-packages/traitlets/traitlets.py:2567: FutureWarning: --Exporter.preprocessors=[\"nbconvert.preprocessors.ExtractOutputPreprocessor\"] for containers is deprecated in traitlets 5.0. You can pass `--Exporter.preprocessors item` ... multiple times to add items to a list.\n"}
,{"stream_name":"stderr","time":365.601466854,"data":"  FutureWarning,\n"}
,{"stream_name":"stderr","time":365.60148763,"data":"[NbConvertApp] Converting notebook __notebook__.ipynb to html\n"}
,{"stream_name":"stderr","time":366.236915842,"data":"[NbConvertApp] Writing 308273 bytes to __results__.html\n"}
]