[{"stream_name":"stderr","time":13.740408077,"data":"/opt/conda/lib/python3.7/site-packages/papermill/iorw.py:50: FutureWarning: pyarrow.HadoopFileSystem is deprecated as of 2.0.0, please use pyarrow.fs.HadoopFileSystem instead.\n"}
,{"stream_name":"stderr","time":13.740505659,"data":"  from pyarrow import HadoopFileSystem\n"}
,{"stream_name":"stdout","time":14.586635717,"data":"[ ---------- NARES ----------]\n"}
,{"stream_name":"stdout","time":64.737317463,"data":"[Game 10] Range: 2-5 | Median/Mean: 3.0 / 3.300 | Fail: 0.000%\n"}
,{"stream_name":"stdout","time":112.037688087,"data":"[Game 20] Range: 2-5 | Median/Mean: 3.0 / 3.550 | Fail: 0.000%\n"}
,{"stream_name":"stdout","time":157.084151526,"data":"[Game 30] Range: 2-5 | Median/Mean: 4.0 / 3.600 | Fail: 0.000%\n"}
,{"stream_name":"stdout","time":214.779818923,"data":"[Game 40] Range: 2-6 | Median/Mean: 4.0 / 3.650 | Fail: 0.000%\n"}
,{"stream_name":"stdout","time":275.286909317,"data":"[Game 50] Range: 2-6 | Median/Mean: 4.0 / 3.720 | Fail: 0.000%\n"}
,{"stream_name":"stdout","time":323.863455089,"data":"[Game 60] Range: 2-6 | Median/Mean: 4.0 / 3.683 | Fail: 0.000%\n"}
,{"stream_name":"stdout","time":370.024338104,"data":"[Game 70] Range: 2-6 | Median/Mean: 4.0 / 3.643 | Fail: 0.000%\n"}
,{"stream_name":"stdout","time":422.853118848,"data":"[Game 80] Range: 2-6 | Median/Mean: 4.0 / 3.600 | Fail: 0.000%\n"}
,{"stream_name":"stdout","time":458.955402233,"data":"[Game 90] Range: 2-6 | Median/Mean: 4.0 / 3.600 | Fail: 0.000%\n"}
,{"stream_name":"stdout","time":505.50439713,"data":"[Game 100] Range: 2-6 | Median/Mean: 4.0 / 3.580 | Fail: 0.000%\n"}
,{"stream_name":"stdout","time":550.116762031,"data":"[Game 110] Range: 2-6 | Median/Mean: 4.0 / 3.573 | Fail: 0.000%\n"}
,{"stream_name":"stdout","time":627.042818381,"data":"[Game 120] Range: 2-7 | Median/Mean: 4.0 / 3.608 | Fail: 0.833%\n"}
,{"stream_name":"stdout","time":670.355560624,"data":"[Game 130] Range: 2-7 | Median/Mean: 4.0 / 3.623 | Fail: 0.769%\n"}
,{"stream_name":"stdout","time":736.662263778,"data":"[Game 140] Range: 2-7 | Median/Mean: 4.0 / 3.629 | Fail: 0.714%\n"}
,{"stream_name":"stdout","time":790.036016141,"data":"[Game 150] Range: 2-7 | Median/Mean: 4.0 / 3.640 | Fail: 0.667%\n"}
,{"stream_name":"stdout","time":828.779561041,"data":"[Game 160] Range: 2-7 | Median/Mean: 4.0 / 3.638 | Fail: 0.625%\n"}
,{"stream_name":"stdout","time":884.797280142,"data":"[Game 170] Range: 2-7 | Median/Mean: 4.0 / 3.653 | Fail: 0.588%\n"}
,{"stream_name":"stdout","time":928.449064114,"data":"[Game 180] Range: 2-7 | Median/Mean: 4.0 / 3.672 | Fail: 0.556%\n"}
,{"stream_name":"stdout","time":987.718978912,"data":"[Game 190] Range: 2-7 | Median/Mean: 4.0 / 3.679 | Fail: 0.526%\n"}
,{"stream_name":"stdout","time":1033.841571688,"data":"[Game 200] Range: 2-7 | Median/Mean: 4.0 / 3.670 | Fail: 0.500%\n"}
,{"stream_name":"stdout","time":1090.650796389,"data":"[Game 210] Range: 2-7 | Median/Mean: 4.0 / 3.700 | Fail: 0.476%\n"}
,{"stream_name":"stdout","time":1135.707082377,"data":"[Game 220] Range: 2-7 | Median/Mean: 4.0 / 3.691 | Fail: 0.455%\n"}
,{"stream_name":"stdout","time":1183.986282087,"data":"[Game 230] Range: 2-7 | Median/Mean: 4.0 / 3.696 | Fail: 0.435%\n"}
,{"stream_name":"stdout","time":1253.292240459,"data":"[Game 240] Range: 2-7 | Median/Mean: 4.0 / 3.708 | Fail: 0.417%\n"}
,{"stream_name":"stdout","time":1319.152795252,"data":"[Game 250] Range: 2-7 | Median/Mean: 4.0 / 3.720 | Fail: 0.400%\n"}
,{"stream_name":"stdout","time":1380.647941054,"data":"[Game 260] Range: 2-7 | Median/Mean: 4.0 / 3.735 | Fail: 0.385%\n"}
,{"stream_name":"stdout","time":1417.19612529,"data":"[Game 270] Range: 2-7 | Median/Mean: 4.0 / 3.722 | Fail: 0.370%\n"}
,{"stream_name":"stdout","time":1467.935923225,"data":"[Game 280] Range: 2-7 | Median/Mean: 4.0 / 3.718 | Fail: 0.357%\n"}
,{"stream_name":"stdout","time":1523.427319252,"data":"[Game 290] Range: 2-7 | Median/Mean: 4.0 / 3.724 | Fail: 0.345%\n"}
,{"stream_name":"stdout","time":1555.64699423,"data":"[Game 300] Range: 2-7 | Median/Mean: 4.0 / 3.713 | Fail: 0.333%\n"}
,{"stream_name":"stdout","time":1608.97389887,"data":"[Game 310] Range: 2-7 | Median/Mean: 4.0 / 3.729 | Fail: 0.323%\n"}
,{"stream_name":"stdout","time":1656.941142211,"data":"[Game 320] Range: 2-7 | Median/Mean: 4.0 / 3.731 | Fail: 0.312%\n"}
,{"stream_name":"stdout","time":1699.175644044,"data":"[Game 330] Range: 2-7 | Median/Mean: 4.0 / 3.730 | Fail: 0.303%\n"}
,{"stream_name":"stdout","time":1747.57209297,"data":"[Game 340] Range: 2-7 | Median/Mean: 4.0 / 3.715 | Fail: 0.294%\n"}
,{"stream_name":"stdout","time":1791.084569311,"data":"[Game 350] Range: 2-7 | Median/Mean: 4.0 / 3.711 | Fail: 0.286%\n"}
,{"stream_name":"stdout","time":1846.018142694,"data":"[Game 360] Range: 2-7 | Median/Mean: 4.0 / 3.711 | Fail: 0.278%\n"}
,{"stream_name":"stdout","time":1909.241883328,"data":"[Game 370] Range: 2-7 | Median/Mean: 4.0 / 3.716 | Fail: 0.270%\n"}
,{"stream_name":"stdout","time":1957.981563595,"data":"[Game 380] Range: 2-7 | Median/Mean: 4.0 / 3.718 | Fail: 0.263%\n"}
,{"stream_name":"stdout","time":2010.314939464,"data":"[Game 390] Range: 2-7 | Median/Mean: 4.0 / 3.721 | Fail: 0.256%\n"}
,{"stream_name":"stdout","time":2068.242296429,"data":"[Game 400] Range: 2-7 | Median/Mean: 4.0 / 3.725 | Fail: 0.250%\n"}
,{"stream_name":"stdout","time":2125.017268558,"data":"[Game 410] Range: 2-7 | Median/Mean: 4.0 / 3.732 | Fail: 0.244%\n"}
,{"stream_name":"stdout","time":2194.959818766,"data":"[Game 420] Range: 2-7 | Median/Mean: 4.0 / 3.733 | Fail: 0.238%\n"}
,{"stream_name":"stdout","time":2252.283257386,"data":"[Game 430] Range: 2-7 | Median/Mean: 4.0 / 3.742 | Fail: 0.233%\n"}
,{"stream_name":"stdout","time":2302.752632645,"data":"[Game 440] Range: 2-7 | Median/Mean: 4.0 / 3.743 | Fail: 0.227%\n"}
,{"stream_name":"stdout","time":2344.49965182,"data":"[Game 450] Range: 2-7 | Median/Mean: 4.0 / 3.740 | Fail: 0.222%\n"}
,{"stream_name":"stdout","time":2399.9379755,"data":"[Game 460] Range: 2-7 | Median/Mean: 4.0 / 3.748 | Fail: 0.217%\n"}
,{"stream_name":"stdout","time":2461.277055056,"data":"[Game 470] Range: 2-7 | Median/Mean: 4.0 / 3.747 | Fail: 0.213%\n"}
,{"stream_name":"stdout","time":2529.533843034,"data":"[Game 480] Range: 2-7 | Median/Mean: 4.0 / 3.746 | Fail: 0.208%\n"}
,{"stream_name":"stdout","time":2582.996557657,"data":"[Game 490] Range: 2-7 | Median/Mean: 4.0 / 3.753 | Fail: 0.204%\n"}
,{"stream_name":"stdout","time":2634.041394805,"data":"[Game 500] Range: 2-7 | Median/Mean: 4.0 / 3.748 | Fail: 0.200%\n"}
,{"stream_name":"stdout","time":2677.763042683,"data":"[Game 510] Range: 2-7 | Median/Mean: 4.0 / 3.753 | Fail: 0.196%\n"}
,{"stream_name":"stdout","time":2723.792869913,"data":"[Game 520] Range: 2-7 | Median/Mean: 4.0 / 3.752 | Fail: 0.192%\n"}
,{"stream_name":"stdout","time":2780.725261842,"data":"[Game 530] Range: 2-7 | Median/Mean: 4.0 / 3.745 | Fail: 0.189%\n"}
,{"stream_name":"stdout","time":2841.238856686,"data":"[Game 540] Range: 2-7 | Median/Mean: 4.0 / 3.748 | Fail: 0.370%\n"}
,{"stream_name":"stdout","time":2899.719013871,"data":"[Game 550] Range: 2-7 | Median/Mean: 4.0 / 3.747 | Fail: 0.364%\n"}
,{"stream_name":"stdout","time":2957.825514643,"data":"[Game 560] Range: 2-7 | Median/Mean: 4.0 / 3.752 | Fail: 0.357%\n"}
,{"stream_name":"stdout","time":3009.399833361,"data":"[Game 570] Range: 2-7 | Median/Mean: 4.0 / 3.749 | Fail: 0.351%\n"}
,{"stream_name":"stdout","time":3069.463144345,"data":"[Game 580] Range: 2-7 | Median/Mean: 4.0 / 3.753 | Fail: 0.345%\n"}
,{"stream_name":"stdout","time":3123.621325422,"data":"[Game 590] Range: 2-7 | Median/Mean: 4.0 / 3.759 | Fail: 0.339%\n"}
,{"stream_name":"stdout","time":3174.098504707,"data":"[Game 600] Range: 2-7 | Median/Mean: 4.0 / 3.757 | Fail: 0.333%\n"}
,{"stream_name":"stdout","time":3222.071145891,"data":"[Game 610] Range: 2-7 | Median/Mean: 4.0 / 3.752 | Fail: 0.328%\n"}
,{"stream_name":"stdout","time":3262.597029774,"data":"[Game 620] Range: 2-7 | Median/Mean: 4.0 / 3.748 | Fail: 0.323%\n"}
,{"stream_name":"stdout","time":3311.061185841,"data":"[Game 630] Range: 2-7 | Median/Mean: 4.0 / 3.746 | Fail: 0.317%\n"}
,{"stream_name":"stdout","time":3347.014824023,"data":"[Game 640] Range: 2-7 | Median/Mean: 4.0 / 3.747 | Fail: 0.312%\n"}
,{"stream_name":"stdout","time":3402.055536593,"data":"[Game 650] Range: 2-7 | Median/Mean: 4.0 / 3.742 | Fail: 0.308%\n"}
,{"stream_name":"stdout","time":3436.343058539,"data":"[Game 660] Range: 2-7 | Median/Mean: 4.0 / 3.738 | Fail: 0.303%\n"}
,{"stream_name":"stdout","time":3486.496036233,"data":"[Game 670] Range: 2-7 | Median/Mean: 4.0 / 3.733 | Fail: 0.299%\n"}
,{"stream_name":"stdout","time":3533.871546227,"data":"[Game 680] Range: 2-7 | Median/Mean: 4.0 / 3.724 | Fail: 0.294%\n"}
,{"stream_name":"stdout","time":3588.588589501,"data":"[Game 690] Range: 2-7 | Median/Mean: 4.0 / 3.723 | Fail: 0.290%\n"}
,{"stream_name":"stdout","time":3640.341903482,"data":"[Game 700] Range: 2-7 | Median/Mean: 4.0 / 3.724 | Fail: 0.286%\n"}
,{"stream_name":"stdout","time":3698.144957658,"data":"[Game 710] Range: 2-7 | Median/Mean: 4.0 / 3.728 | Fail: 0.282%\n"}
,{"stream_name":"stdout","time":3763.171168964,"data":"[Game 720] Range: 2-7 | Median/Mean: 4.0 / 3.728 | Fail: 0.278%\n"}
,{"stream_name":"stdout","time":3795.549288443,"data":"[Game 730] Range: 2-7 | Median/Mean: 4.0 / 3.726 | Fail: 0.274%\n"}
,{"stream_name":"stdout","time":3858.869179611,"data":"[Game 740] Range: 2-7 | Median/Mean: 4.0 / 3.730 | Fail: 0.270%\n"}
,{"stream_name":"stdout","time":3920.113354279,"data":"[Game 750] Range: 2-7 | Median/Mean: 4.0 / 3.732 | Fail: 0.267%\n"}
,{"stream_name":"stdout","time":3972.916336739,"data":"[Game 760] Range: 2-7 | Median/Mean: 4.0 / 3.733 | Fail: 0.263%\n"}
,{"stream_name":"stdout","time":4024.416370631,"data":"[Game 770] Range: 2-7 | Median/Mean: 4.0 / 3.734 | Fail: 0.260%\n"}
,{"stream_name":"stdout","time":4081.765137087,"data":"[Game 780] Range: 2-7 | Median/Mean: 4.0 / 3.737 | Fail: 0.256%\n"}
,{"stream_name":"stdout","time":4140.217118406,"data":"[Game 790] Range: 2-7 | Median/Mean: 4.0 / 3.741 | Fail: 0.380%\n"}
,{"stream_name":"stdout","time":4187.293391415,"data":"[Game 800] Range: 2-7 | Median/Mean: 4.0 / 3.741 | Fail: 0.375%\n"}
,{"stream_name":"stdout","time":4235.39544289,"data":"[Game 810] Range: 2-7 | Median/Mean: 4.0 / 3.736 | Fail: 0.370%\n"}
,{"stream_name":"stdout","time":4287.750595229,"data":"[Game 820] Range: 2-7 | Median/Mean: 4.0 / 3.738 | Fail: 0.366%\n"}
,{"stream_name":"stdout","time":4338.037461059,"data":"[Game 830] Range: 2-7 | Median/Mean: 4.0 / 3.745 | Fail: 0.361%\n"}
,{"stream_name":"stdout","time":4393.424255343,"data":"[Game 840] Range: 2-7 | Median/Mean: 4.0 / 3.746 | Fail: 0.357%\n"}
,{"stream_name":"stdout","time":4447.707920891,"data":"[Game 850] Range: 2-7 | Median/Mean: 4.0 / 3.749 | Fail: 0.471%\n"}
,{"stream_name":"stdout","time":4510.26641808,"data":"[Game 860] Range: 2-7 | Median/Mean: 4.0 / 3.751 | Fail: 0.465%\n"}
,{"stream_name":"stdout","time":4578.654026324,"data":"[Game 870] Range: 2-7 | Median/Mean: 4.0 / 3.752 | Fail: 0.460%\n"}
,{"stream_name":"stdout","time":4639.811262316,"data":"[Game 880] Range: 2-7 | Median/Mean: 4.0 / 3.760 | Fail: 0.568%\n"}
,{"stream_name":"stdout","time":4694.372396391,"data":"[Game 890] Range: 2-7 | Median/Mean: 4.0 / 3.765 | Fail: 0.562%\n"}
,{"stream_name":"stdout","time":4763.320855341,"data":"[Game 900] Range: 2-7 | Median/Mean: 4.0 / 3.769 | Fail: 0.556%\n"}
,{"stream_name":"stdout","time":4795.29990567,"data":"[Game 910] Range: 2-7 | Median/Mean: 4.0 / 3.770 | Fail: 0.549%\n"}
,{"stream_name":"stdout","time":4850.104915472,"data":"[Game 920] Range: 2-7 | Median/Mean: 4.0 / 3.770 | Fail: 0.543%\n"}
,{"stream_name":"stdout","time":4923.088463065,"data":"[Game 930] Range: 2-7 | Median/Mean: 4.0 / 3.774 | Fail: 0.538%\n"}
,{"stream_name":"stdout","time":4958.782300805,"data":"[Game 940] Range: 2-7 | Median/Mean: 4.0 / 3.772 | Fail: 0.638%\n"}
,{"stream_name":"stdout","time":5013.375010813,"data":"[Game 950] Range: 2-7 | Median/Mean: 4.0 / 3.768 | Fail: 0.632%\n"}
,{"stream_name":"stdout","time":5065.642183424,"data":"[Game 960] Range: 2-7 | Median/Mean: 4.0 / 3.768 | Fail: 0.625%\n"}
,{"stream_name":"stdout","time":5111.081190743,"data":"[Game 970] Range: 2-7 | Median/Mean: 4.0 / 3.771 | Fail: 0.619%\n"}
,{"stream_name":"stdout","time":5145.672863238,"data":"[Game 980] Range: 2-7 | Median/Mean: 4.0 / 3.770 | Fail: 0.612%\n"}
,{"stream_name":"stdout","time":5199.047067375,"data":"[Game 990] Range: 2-7 | Median/Mean: 4.0 / 3.775 | Fail: 0.606%\n"}
,{"stream_name":"stdout","time":5257.924266957,"data":"[Game 1000] Range: 2-7 | Median/Mean: 4.0 / 3.784 | Fail: 0.600%\n"}
,{"stream_name":"stdout","time":5303.607120877,"data":"[Game 1010] Range: 2-7 | Median/Mean: 4.0 / 3.778 | Fail: 0.594%\n"}
,{"stream_name":"stdout","time":5344.546630831,"data":"[Game 1020] Range: 2-7 | Median/Mean: 4.0 / 3.779 | Fail: 0.588%\n"}
,{"stream_name":"stdout","time":5392.94005146,"data":"[Game 1030] Range: 2-7 | Median/Mean: 4.0 / 3.781 | Fail: 0.583%\n"}
,{"stream_name":"stdout","time":5442.656199484,"data":"[Game 1040] Range: 2-7 | Median/Mean: 4.0 / 3.777 | Fail: 0.577%\n"}
,{"stream_name":"stdout","time":5497.388814698,"data":"[Game 1050] Range: 2-7 | Median/Mean: 4.0 / 3.778 | Fail: 0.571%\n"}
,{"stream_name":"stdout","time":5550.285391057,"data":"[Game 1060] Range: 2-7 | Median/Mean: 4.0 / 3.781 | Fail: 0.566%\n"}
,{"stream_name":"stdout","time":5583.37702379,"data":"[Game 1070] Range: 2-7 | Median/Mean: 4.0 / 3.778 | Fail: 0.561%\n"}
,{"stream_name":"stdout","time":5642.30137097,"data":"[Game 1080] Range: 2-7 | Median/Mean: 4.0 / 3.777 | Fail: 0.556%\n"}
,{"stream_name":"stdout","time":5686.135352266,"data":"[Game 1090] Range: 2-8 | Median/Mean: 4.0 / 3.782 | Fail: 0.642%\n"}
,{"stream_name":"stdout","time":5747.345986082,"data":"[Game 1100] Range: 2-8 | Median/Mean: 4.0 / 3.785 | Fail: 0.636%\n"}
,{"stream_name":"stdout","time":5798.251555458,"data":"[Game 1110] Range: 2-8 | Median/Mean: 4.0 / 3.786 | Fail: 0.631%\n"}
,{"stream_name":"stdout","time":5842.673371478,"data":"[Game 1120] Range: 2-8 | Median/Mean: 4.0 / 3.786 | Fail: 0.625%\n"}
,{"stream_name":"stdout","time":5899.697136671,"data":"[Game 1130] Range: 2-8 | Median/Mean: 4.0 / 3.787 | Fail: 0.619%\n"}
,{"stream_name":"stdout","time":5954.820763451,"data":"[Game 1140] Range: 2-8 | Median/Mean: 4.0 / 3.789 | Fail: 0.614%\n"}
,{"stream_name":"stdout","time":5987.02962673,"data":"[Game 1150] Range: 2-8 | Median/Mean: 4.0 / 3.787 | Fail: 0.609%\n"}
,{"stream_name":"stdout","time":6034.467412429,"data":"[Game 1160] Range: 2-8 | Median/Mean: 4.0 / 3.784 | Fail: 0.603%\n"}
,{"stream_name":"stdout","time":6092.764556654,"data":"[Game 1170] Range: 2-8 | Median/Mean: 4.0 / 3.784 | Fail: 0.598%\n"}
,{"stream_name":"stdout","time":6135.573122967,"data":"[Game 1180] Range: 2-8 | Median/Mean: 4.0 / 3.782 | Fail: 0.593%\n"}
,{"stream_name":"stdout","time":6207.562828045,"data":"[Game 1190] Range: 2-8 | Median/Mean: 4.0 / 3.785 | Fail: 0.588%\n"}
,{"stream_name":"stdout","time":6254.349503517,"data":"[Game 1200] Range: 2-8 | Median/Mean: 4.0 / 3.783 | Fail: 0.583%\n"}
,{"stream_name":"stdout","time":6310.326443854,"data":"[Game 1210] Range: 2-8 | Median/Mean: 4.0 / 3.785 | Fail: 0.661%\n"}
,{"stream_name":"stdout","time":6367.009254595,"data":"[Game 1220] Range: 2-8 | Median/Mean: 4.0 / 3.789 | Fail: 0.738%\n"}
,{"stream_name":"stdout","time":6432.463108238,"data":"[Game 1230] Range: 2-8 | Median/Mean: 4.0 / 3.793 | Fail: 0.894%\n"}
,{"stream_name":"stdout","time":6491.888764862,"data":"[Game 1240] Range: 2-8 | Median/Mean: 4.0 / 3.794 | Fail: 0.887%\n"}
,{"stream_name":"stdout","time":6550.300514354,"data":"[Game 1250] Range: 2-8 | Median/Mean: 4.0 / 3.798 | Fail: 0.880%\n"}
,{"stream_name":"stdout","time":6606.619435324,"data":"[Game 1260] Range: 2-8 | Median/Mean: 4.0 / 3.800 | Fail: 0.873%\n"}
,{"stream_name":"stdout","time":6657.558114747,"data":"[Game 1270] Range: 2-8 | Median/Mean: 4.0 / 3.802 | Fail: 0.866%\n"}
,{"stream_name":"stdout","time":6692.774793786,"data":"[Game 1280] Range: 2-8 | Median/Mean: 4.0 / 3.799 | Fail: 0.859%\n"}
,{"stream_name":"stdout","time":6741.668274333,"data":"[Game 1290] Range: 2-8 | Median/Mean: 4.0 / 3.802 | Fail: 0.853%\n"}
,{"stream_name":"stdout","time":6790.102826214,"data":"[Game 1300] Range: 2-8 | Median/Mean: 4.0 / 3.801 | Fail: 0.846%\n"}
,{"stream_name":"stdout","time":6837.103165572,"data":"[Game 1310] Range: 2-8 | Median/Mean: 4.0 / 3.799 | Fail: 0.840%\n"}
,{"stream_name":"stdout","time":6895.772786487,"data":"[Game 1320] Range: 2-8 | Median/Mean: 4.0 / 3.801 | Fail: 0.833%\n"}
,{"stream_name":"stdout","time":6953.829933227,"data":"[Game 1330] Range: 2-8 | Median/Mean: 4.0 / 3.800 | Fail: 0.827%\n"}
,{"stream_name":"stdout","time":7023.5513803,"data":"[Game 1340] Range: 2-8 | Median/Mean: 4.0 / 3.805 | Fail: 0.821%\n"}
,{"stream_name":"stdout","time":7075.585827377,"data":"[Game 1350] Range: 2-8 | Median/Mean: 4.0 / 3.805 | Fail: 0.815%\n"}
,{"stream_name":"stdout","time":7128.404802483,"data":"[Game 1360] Range: 2-8 | Median/Mean: 4.0 / 3.809 | Fail: 0.809%\n"}
,{"stream_name":"stdout","time":7191.755868342,"data":"[Game 1370] Range: 2-8 | Median/Mean: 4.0 / 3.813 | Fail: 0.803%\n"}
,{"stream_name":"stdout","time":7235.568805831,"data":"[Game 1380] Range: 2-8 | Median/Mean: 4.0 / 3.813 | Fail: 0.797%\n"}
,{"stream_name":"stdout","time":7282.52703233,"data":"[Game 1390] Range: 2-8 | Median/Mean: 4.0 / 3.813 | Fail: 0.791%\n"}
,{"stream_name":"stdout","time":7329.709474112,"data":"[Game 1400] Range: 2-8 | Median/Mean: 4.0 / 3.817 | Fail: 0.786%\n"}
,{"stream_name":"stdout","time":7374.517795709,"data":"[Game 1410] Range: 2-8 | Median/Mean: 4.0 / 3.821 | Fail: 0.780%\n"}
,{"stream_name":"stdout","time":7427.189223729,"data":"[Game 1420] Range: 2-8 | Median/Mean: 4.0 / 3.822 | Fail: 0.775%\n"}
,{"stream_name":"stdout","time":7474.038298825,"data":"[Game 1430] Range: 2-8 | Median/Mean: 4.0 / 3.824 | Fail: 0.769%\n"}
,{"stream_name":"stdout","time":7539.156770506,"data":"[Game 1440] Range: 2-8 | Median/Mean: 4.0 / 3.830 | Fail: 0.833%\n"}
,{"stream_name":"stdout","time":7602.892688057,"data":"[Game 1450] Range: 2-8 | Median/Mean: 4.0 / 3.834 | Fail: 0.897%\n"}
,{"stream_name":"stdout","time":7652.914165845,"data":"[Game 1460] Range: 2-8 | Median/Mean: 4.0 / 3.836 | Fail: 0.890%\n"}
,{"stream_name":"stdout","time":7708.221253395,"data":"[Game 1470] Range: 2-8 | Median/Mean: 4.0 / 3.839 | Fail: 0.884%\n"}
,{"stream_name":"stdout","time":7749.721210858,"data":"[Game 1480] Range: 2-8 | Median/Mean: 4.0 / 3.838 | Fail: 0.878%\n"}
,{"stream_name":"stdout","time":7792.565656662,"data":"[Game 1490] Range: 2-8 | Median/Mean: 4.0 / 3.840 | Fail: 0.872%\n"}
,{"stream_name":"stdout","time":7853.622354784,"data":"[Game 1500] Range: 2-8 | Median/Mean: 4.0 / 3.842 | Fail: 0.867%\n"}
,{"stream_name":"stdout","time":7909.786812474,"data":"[Game 1510] Range: 2-8 | Median/Mean: 4.0 / 3.843 | Fail: 0.927%\n"}
,{"stream_name":"stdout","time":7968.310736087,"data":"[Game 1520] Range: 2-8 | Median/Mean: 4.0 / 3.847 | Fail: 0.921%\n"}
,{"stream_name":"stdout","time":8039.98084879,"data":"[Game 1530] Range: 2-8 | Median/Mean: 4.0 / 3.849 | Fail: 0.915%\n"}
,{"stream_name":"stdout","time":8096.360816272,"data":"[Game 1540] Range: 2-8 | Median/Mean: 4.0 / 3.849 | Fail: 0.909%\n"}
,{"stream_name":"stdout","time":8136.416484868,"data":"[Game 1550] Range: 2-8 | Median/Mean: 4.0 / 3.853 | Fail: 0.968%\n"}
,{"stream_name":"stdout","time":8190.775981889,"data":"[Game 1560] Range: 2-8 | Median/Mean: 4.0 / 3.853 | Fail: 0.962%\n"}
,{"stream_name":"stdout","time":8237.064345143,"data":"[Game 1570] Range: 2-8 | Median/Mean: 4.0 / 3.850 | Fail: 0.955%\n"}
,{"stream_name":"stdout","time":8296.584090198,"data":"[Game 1580] Range: 2-8 | Median/Mean: 4.0 / 3.849 | Fail: 0.949%\n"}
,{"stream_name":"stdout","time":8337.711321728,"data":"[Game 1590] Range: 2-8 | Median/Mean: 4.0 / 3.851 | Fail: 0.943%\n"}
,{"stream_name":"stdout","time":8372.499452319,"data":"[Game 1600] Range: 2-8 | Median/Mean: 4.0 / 3.849 | Fail: 0.938%\n"}
,{"stream_name":"stdout","time":8437.280586891,"data":"[Game 1610] Range: 2-8 | Median/Mean: 4.0 / 3.850 | Fail: 0.932%\n"}
,{"stream_name":"stdout","time":8486.272289668,"data":"[Game 1620] Range: 2-8 | Median/Mean: 4.0 / 3.850 | Fail: 0.926%\n"}
,{"stream_name":"stdout","time":8550.677925238,"data":"[Game 1630] Range: 2-8 | Median/Mean: 4.0 / 3.853 | Fail: 0.920%\n"}
,{"stream_name":"stdout","time":8598.663540123,"data":"[Game 1640] Range: 2-8 | Median/Mean: 4.0 / 3.852 | Fail: 0.915%\n"}
,{"stream_name":"stdout","time":8649.4394708,"data":"[Game 1650] Range: 2-8 | Median/Mean: 4.0 / 3.852 | Fail: 0.909%\n"}
,{"stream_name":"stdout","time":8713.836012173,"data":"[Game 1660] Range: 2-8 | Median/Mean: 4.0 / 3.858 | Fail: 1.024%\n"}
,{"stream_name":"stdout","time":8756.089835533,"data":"[Game 1670] Range: 2-8 | Median/Mean: 4.0 / 3.858 | Fail: 1.018%\n"}
,{"stream_name":"stdout","time":8807.059751598,"data":"[Game 1680] Range: 2-8 | Median/Mean: 4.0 / 3.861 | Fail: 1.012%\n"}
,{"stream_name":"stdout","time":8866.895716797,"data":"[Game 1690] Range: 2-8 | Median/Mean: 4.0 / 3.861 | Fail: 1.006%\n"}
,{"stream_name":"stdout","time":8914.589973411,"data":"[Game 1700] Range: 2-8 | Median/Mean: 4.0 / 3.861 | Fail: 1.000%\n"}
,{"stream_name":"stdout","time":8964.209855021,"data":"[Game 1710] Range: 2-8 | Median/Mean: 4.0 / 3.863 | Fail: 0.994%\n"}
,{"stream_name":"stdout","time":9000.865099099,"data":"[Game 1720] Range: 2-8 | Median/Mean: 4.0 / 3.862 | Fail: 0.988%\n"}
,{"stream_name":"stdout","time":9039.613807778,"data":"[Game 1730] Range: 2-8 | Median/Mean: 4.0 / 3.861 | Fail: 0.983%\n"}
,{"stream_name":"stdout","time":9098.346528815,"data":"[Game 1740] Range: 2-8 | Median/Mean: 4.0 / 3.867 | Fail: 1.092%\n"}
,{"stream_name":"stdout","time":9137.811044216,"data":"[Game 1750] Range: 2-8 | Median/Mean: 4.0 / 3.865 | Fail: 1.086%\n"}
,{"stream_name":"stdout","time":9180.381517179,"data":"[Game 1760] Range: 2-8 | Median/Mean: 4.0 / 3.862 | Fail: 1.080%\n"}
,{"stream_name":"stdout","time":9236.244269661,"data":"[Game 1770] Range: 2-8 | Median/Mean: 4.0 / 3.866 | Fail: 1.073%\n"}
,{"stream_name":"stdout","time":9293.433466695,"data":"[Game 1780] Range: 2-8 | Median/Mean: 4.0 / 3.867 | Fail: 1.067%\n"}
,{"stream_name":"stdout","time":9351.572332639,"data":"[Game 1790] Range: 2-8 | Median/Mean: 4.0 / 3.870 | Fail: 1.061%\n"}
,{"stream_name":"stdout","time":9392.2226726,"data":"[Game 1800] Range: 2-8 | Median/Mean: 4.0 / 3.869 | Fail: 1.056%\n"}
,{"stream_name":"stdout","time":9451.737878328,"data":"[Game 1810] Range: 2-8 | Median/Mean: 4.0 / 3.872 | Fail: 1.050%\n"}
,{"stream_name":"stdout","time":9506.330885859,"data":"[Game 1820] Range: 2-8 | Median/Mean: 4.0 / 3.871 | Fail: 1.044%\n"}
,{"stream_name":"stdout","time":9565.62218171,"data":"[Game 1830] Range: 2-8 | Median/Mean: 4.0 / 3.874 | Fail: 1.038%\n"}
,{"stream_name":"stdout","time":9600.479950149,"data":"[Game 1840] Range: 2-8 | Median/Mean: 4.0 / 3.874 | Fail: 1.033%\n"}
,{"stream_name":"stdout","time":9645.479000525,"data":"[Game 1850] Range: 2-8 | Median/Mean: 4.0 / 3.874 | Fail: 1.027%\n"}
,{"stream_name":"stdout","time":9672.39497189,"data":"[Game 1860] Range: 2-8 | Median/Mean: 4.0 / 3.873 | Fail: 1.022%\n"}
,{"stream_name":"stdout","time":9713.637984204,"data":"[Game 1870] Range: 2-8 | Median/Mean: 4.0 / 3.871 | Fail: 1.016%\n"}
,{"stream_name":"stdout","time":9782.500120763,"data":"[Game 1880] Range: 2-9 | Median/Mean: 4.0 / 3.877 | Fail: 1.170%\n"}
,{"stream_name":"stdout","time":9832.510730828,"data":"[Game 1890] Range: 2-9 | Median/Mean: 4.0 / 3.877 | Fail: 1.164%\n"}
,{"stream_name":"stdout","time":9896.600969984,"data":"[Game 1900] Range: 2-9 | Median/Mean: 4.0 / 3.879 | Fail: 1.158%\n"}
,{"stream_name":"stdout","time":9958.313113178,"data":"[Game 1910] Range: 2-9 | Median/Mean: 4.0 / 3.883 | Fail: 1.152%\n"}
,{"stream_name":"stdout","time":10005.946709572,"data":"[Game 1920] Range: 2-9 | Median/Mean: 4.0 / 3.885 | Fail: 1.146%\n"}
,{"stream_name":"stdout","time":10053.219978808,"data":"[Game 1930] Range: 2-9 | Median/Mean: 4.0 / 3.885 | Fail: 1.140%\n"}
,{"stream_name":"stdout","time":10097.211915564,"data":"[Game 1940] Range: 2-9 | Median/Mean: 4.0 / 3.886 | Fail: 1.134%\n"}
,{"stream_name":"stdout","time":10140.785135414,"data":"[Game 1950] Range: 2-9 | Median/Mean: 4.0 / 3.887 | Fail: 1.128%\n"}
,{"stream_name":"stdout","time":10207.20558148,"data":"[Game 1960] Range: 2-9 | Median/Mean: 4.0 / 3.890 | Fail: 1.173%\n"}
,{"stream_name":"stdout","time":10235.036184199,"data":"[Game 1970] Range: 2-9 | Median/Mean: 4.0 / 3.891 | Fail: 1.168%\n"}
,{"stream_name":"stdout","time":10277.884666248,"data":"[Game 1980] Range: 2-9 | Median/Mean: 4.0 / 3.890 | Fail: 1.162%\n"}
,{"stream_name":"stdout","time":10322.081010908,"data":"[Game 1990] Range: 2-9 | Median/Mean: 4.0 / 3.889 | Fail: 1.156%\n"}
,{"stream_name":"stdout","time":10383.393316887,"data":"[Game 2000] Range: 2-9 | Median/Mean: 4.0 / 3.892 | Fail: 1.200%\n"}
,{"stream_name":"stdout","time":10426.919577669,"data":"[Game 2010] Range: 2-9 | Median/Mean: 4.0 / 3.893 | Fail: 1.194%\n"}
,{"stream_name":"stdout","time":10485.649873215,"data":"[Game 2020] Range: 2-9 | Median/Mean: 4.0 / 3.895 | Fail: 1.238%\n"}
,{"stream_name":"stdout","time":10538.787975166,"data":"[Game 2030] Range: 2-9 | Median/Mean: 4.0 / 3.894 | Fail: 1.232%\n"}
,{"stream_name":"stdout","time":10569.153721304,"data":"[Game 2040] Range: 2-9 | Median/Mean: 4.0 / 3.895 | Fail: 1.225%\n"}
,{"stream_name":"stdout","time":10620.55158303,"data":"[Game 2050] Range: 2-9 | Median/Mean: 4.0 / 3.894 | Fail: 1.220%\n"}
,{"stream_name":"stdout","time":10659.377312356,"data":"[Game 2060] Range: 2-9 | Median/Mean: 4.0 / 3.893 | Fail: 1.214%\n"}
,{"stream_name":"stdout","time":10706.955932126,"data":"[Game 2070] Range: 2-9 | Median/Mean: 4.0 / 3.897 | Fail: 1.256%\n"}
,{"stream_name":"stdout","time":10770.990340579,"data":"[Game 2080] Range: 2-9 | Median/Mean: 4.0 / 3.899 | Fail: 1.250%\n"}
,{"stream_name":"stdout","time":10824.106094033,"data":"[Game 2090] Range: 2-9 | Median/Mean: 4.0 / 3.899 | Fail: 1.244%\n"}
,{"stream_name":"stdout","time":10872.262742492,"data":"[Game 2100] Range: 2-9 | Median/Mean: 4.0 / 3.902 | Fail: 1.286%\n"}
,{"stream_name":"stdout","time":10919.407886446,"data":"[Game 2110] Range: 2-9 | Median/Mean: 4.0 / 3.901 | Fail: 1.280%\n"}
,{"stream_name":"stdout","time":10969.947769843,"data":"[Game 2120] Range: 2-9 | Median/Mean: 4.0 / 3.900 | Fail: 1.274%\n"}
,{"stream_name":"stdout","time":11015.462149752,"data":"[Game 2130] Range: 2-9 | Median/Mean: 4.0 / 3.901 | Fail: 1.268%\n"}
,{"stream_name":"stdout","time":11051.244802557,"data":"[Game 2140] Range: 2-9 | Median/Mean: 4.0 / 3.903 | Fail: 1.308%\n"}
,{"stream_name":"stdout","time":11108.687885633,"data":"[Game 2150] Range: 2-9 | Median/Mean: 4.0 / 3.905 | Fail: 1.302%\n"}
,{"stream_name":"stdout","time":11164.155862782,"data":"[Game 2160] Range: 2-9 | Median/Mean: 4.0 / 3.907 | Fail: 1.296%\n"}
,{"stream_name":"stdout","time":11218.989047551,"data":"[Game 2170] Range: 2-9 | Median/Mean: 4.0 / 3.910 | Fail: 1.336%\n"}
,{"stream_name":"stdout","time":11278.878722438,"data":"[Game 2180] Range: 2-9 | Median/Mean: 4.0 / 3.913 | Fail: 1.330%\n"}
,{"stream_name":"stdout","time":11329.76864919,"data":"[Game 2190] Range: 2-9 | Median/Mean: 4.0 / 3.915 | Fail: 1.370%\n"}
,{"stream_name":"stdout","time":11394.054801009,"data":"[Game 2200] Range: 2-9 | Median/Mean: 4.0 / 3.915 | Fail: 1.364%\n"}
,{"stream_name":"stdout","time":11439.966774039,"data":"[Game 2210] Range: 2-9 | Median/Mean: 4.0 / 3.918 | Fail: 1.403%\n"}
,{"stream_name":"stdout","time":11506.314189061,"data":"[Game 2220] Range: 2-9 | Median/Mean: 4.0 / 3.923 | Fail: 1.396%\n"}
,{"stream_name":"stdout","time":11548.664090664,"data":"[Game 2230] Range: 2-9 | Median/Mean: 4.0 / 3.924 | Fail: 1.390%\n"}
,{"stream_name":"stdout","time":11593.340556837,"data":"[Game 2240] Range: 2-9 | Median/Mean: 4.0 / 3.925 | Fail: 1.429%\n"}
,{"stream_name":"stdout","time":11646.152722278,"data":"[Game 2250] Range: 2-9 | Median/Mean: 4.0 / 3.927 | Fail: 1.422%\n"}
,{"stream_name":"stdout","time":11696.129698223,"data":"[Game 2260] Range: 2-9 | Median/Mean: 4.0 / 3.928 | Fail: 1.460%\n"}
,{"stream_name":"stdout","time":11748.91573488,"data":"[Game 2270] Range: 2-9 | Median/Mean: 4.0 / 3.930 | Fail: 1.454%\n"}
,{"stream_name":"stdout","time":11797.853931218,"data":"[Game 2280] Range: 2-9 | Median/Mean: 4.0 / 3.931 | Fail: 1.447%\n"}
,{"stream_name":"stdout","time":11843.3472321,"data":"[Game 2290] Range: 2-9 | Median/Mean: 4.0 / 3.932 | Fail: 1.485%\n"}
,{"stream_name":"stdout","time":11883.964285753,"data":"[Game 2300] Range: 2-9 | Median/Mean: 4.0 / 3.935 | Fail: 1.522%\n"}
,{"stream_name":"stdout","time":11940.925150964,"data":"[Game 2310] Range: 2-9 | Median/Mean: 4.0 / 3.937 | Fail: 1.515%\n"}
,{"stream_name":"stdout","time":11967.56430382,"data":"Summary:\n"}
,{"stream_name":"stdout","time":11967.578050538,"data":"Distribution across steps:\n"}
,{"stream_name":"stdout","time":11967.588344313,"data":"Key Metrics:\n"}
,{"stream_name":"stderr","time":11972.346625238,"data":"/opt/conda/lib/python3.7/site-packages/traitlets/traitlets.py:2567: FutureWarning: --Exporter.preprocessors=[\"remove_papermill_header.RemovePapermillHeader\"] for containers is deprecated in traitlets 5.0. You can pass `--Exporter.preprocessors item` ... multiple times to add items to a list.\n"}
,{"stream_name":"stderr","time":11972.346682601,"data":"  FutureWarning,\n"}
,{"stream_name":"stderr","time":11972.346689953,"data":"[NbConvertApp] Converting notebook __notebook__.ipynb to notebook\n"}
,{"stream_name":"stderr","time":11972.774769135,"data":"[NbConvertApp] Writing 32649 bytes to __notebook__.ipynb\n"}
,{"stream_name":"stderr","time":11975.318331855,"data":"/opt/conda/lib/python3.7/site-packages/traitlets/traitlets.py:2567: FutureWarning: --Exporter.preprocessors=[\"nbconvert.preprocessors.ExtractOutputPreprocessor\"] for containers is deprecated in traitlets 5.0. You can pass `--Exporter.preprocessors item` ... multiple times to add items to a list.\n"}
,{"stream_name":"stderr","time":11975.318394715,"data":"  FutureWarning,\n"}
,{"stream_name":"stderr","time":11975.318403019,"data":"[NbConvertApp] Converting notebook __notebook__.ipynb to html\n"}
,{"stream_name":"stderr","time":11976.046848424,"data":"[NbConvertApp] Writing 306934 bytes to __results__.html\n"}
]