[{"stream_name":"stderr","time":14.534664495,"data":"/opt/conda/lib/python3.7/site-packages/papermill/iorw.py:50: FutureWarning: pyarrow.HadoopFileSystem is deprecated as of 2.0.0, please use pyarrow.fs.HadoopFileSystem instead.\n"}
,{"stream_name":"stderr","time":14.534915068,"data":"  from pyarrow import HadoopFileSystem\n"}
,{"stream_name":"stdout","time":15.392604594,"data":"[ ---------- DARES ----------]\n"}
,{"stream_name":"stdout","time":76.210058582,"data":"[Game 10] Range: 2-5 | Median/Mean: 4.0 / 3.700 | Fail: 0.000%\n"}
,{"stream_name":"stdout","time":129.249789506,"data":"[Game 20] Range: 2-5 | Median/Mean: 3.5 / 3.550 | Fail: 0.000%\n"}
,{"stream_name":"stdout","time":174.461001634,"data":"[Game 30] Range: 2-5 | Median/Mean: 3.0 / 3.500 | Fail: 0.000%\n"}
,{"stream_name":"stdout","time":226.340362878,"data":"[Game 40] Range: 2-6 | Median/Mean: 3.5 / 3.600 | Fail: 0.000%\n"}
,{"stream_name":"stdout","time":279.779526613,"data":"[Game 50] Range: 2-6 | Median/Mean: 4.0 / 3.680 | Fail: 0.000%\n"}
,{"stream_name":"stdout","time":343.553833702,"data":"[Game 60] Range: 2-6 | Median/Mean: 4.0 / 3.650 | Fail: 0.000%\n"}
,{"stream_name":"stdout","time":390.632140604,"data":"[Game 70] Range: 2-6 | Median/Mean: 4.0 / 3.614 | Fail: 0.000%\n"}
,{"stream_name":"stdout","time":443.322300833,"data":"[Game 80] Range: 2-6 | Median/Mean: 4.0 / 3.600 | Fail: 0.000%\n"}
,{"stream_name":"stdout","time":500.077249283,"data":"[Game 90] Range: 2-6 | Median/Mean: 4.0 / 3.633 | Fail: 0.000%\n"}
,{"stream_name":"stdout","time":553.238824765,"data":"[Game 100] Range: 2-6 | Median/Mean: 4.0 / 3.610 | Fail: 0.000%\n"}
,{"stream_name":"stdout","time":588.212758464,"data":"[Game 110] Range: 2-6 | Median/Mean: 4.0 / 3.618 | Fail: 0.000%\n"}
,{"stream_name":"stdout","time":664.221653996,"data":"[Game 120] Range: 2-8 | Median/Mean: 4.0 / 3.667 | Fail: 0.833%\n"}
,{"stream_name":"stdout","time":711.118115972,"data":"[Game 130] Range: 2-8 | Median/Mean: 4.0 / 3.646 | Fail: 0.769%\n"}
,{"stream_name":"stdout","time":773.846774526,"data":"[Game 140] Range: 2-8 | Median/Mean: 4.0 / 3.629 | Fail: 0.714%\n"}
,{"stream_name":"stdout","time":822.587482647,"data":"[Game 150] Range: 2-8 | Median/Mean: 4.0 / 3.620 | Fail: 0.667%\n"}
,{"stream_name":"stdout","time":864.803350572,"data":"[Game 160] Range: 2-8 | Median/Mean: 4.0 / 3.650 | Fail: 0.625%\n"}
,{"stream_name":"stdout","time":920.648376356,"data":"[Game 170] Range: 2-8 | Median/Mean: 4.0 / 3.676 | Fail: 0.588%\n"}
,{"stream_name":"stdout","time":972.190408032,"data":"[Game 180] Range: 2-8 | Median/Mean: 4.0 / 3.689 | Fail: 0.556%\n"}
,{"stream_name":"stdout","time":1043.23466304,"data":"[Game 190] Range: 2-8 | Median/Mean: 4.0 / 3.695 | Fail: 0.526%\n"}
,{"stream_name":"stdout","time":1090.785787242,"data":"[Game 200] Range: 2-8 | Median/Mean: 4.0 / 3.685 | Fail: 0.500%\n"}
,{"stream_name":"stdout","time":1158.053146144,"data":"[Game 210] Range: 2-8 | Median/Mean: 4.0 / 3.700 | Fail: 0.476%\n"}
,{"stream_name":"stdout","time":1227.868928686,"data":"[Game 220] Range: 2-8 | Median/Mean: 4.0 / 3.682 | Fail: 0.455%\n"}
,{"stream_name":"stdout","time":1290.666370819,"data":"[Game 230] Range: 2-8 | Median/Mean: 4.0 / 3.683 | Fail: 0.435%\n"}
,{"stream_name":"stdout","time":1354.148043723,"data":"[Game 240] Range: 2-8 | Median/Mean: 4.0 / 3.700 | Fail: 0.417%\n"}
,{"stream_name":"stdout","time":1426.122304931,"data":"[Game 250] Range: 2-8 | Median/Mean: 4.0 / 3.716 | Fail: 0.400%\n"}
,{"stream_name":"stdout","time":1507.986896351,"data":"[Game 260] Range: 2-8 | Median/Mean: 4.0 / 3.742 | Fail: 0.385%\n"}
,{"stream_name":"stdout","time":1538.840112357,"data":"[Game 270] Range: 2-8 | Median/Mean: 4.0 / 3.737 | Fail: 0.370%\n"}
,{"stream_name":"stdout","time":1604.164138848,"data":"[Game 280] Range: 2-8 | Median/Mean: 4.0 / 3.736 | Fail: 0.357%\n"}
,{"stream_name":"stdout","time":1662.132338067,"data":"[Game 290] Range: 2-8 | Median/Mean: 4.0 / 3.741 | Fail: 0.345%\n"}
,{"stream_name":"stdout","time":1717.399548053,"data":"[Game 300] Range: 2-8 | Median/Mean: 4.0 / 3.747 | Fail: 0.333%\n"}
,{"stream_name":"stdout","time":1782.560914291,"data":"[Game 310] Range: 2-8 | Median/Mean: 4.0 / 3.752 | Fail: 0.323%\n"}
,{"stream_name":"stdout","time":1840.65489622,"data":"[Game 320] Range: 2-8 | Median/Mean: 4.0 / 3.759 | Fail: 0.312%\n"}
,{"stream_name":"stdout","time":1890.343355229,"data":"[Game 330] Range: 2-8 | Median/Mean: 4.0 / 3.758 | Fail: 0.303%\n"}
,{"stream_name":"stdout","time":1934.791229869,"data":"[Game 340] Range: 2-8 | Median/Mean: 4.0 / 3.747 | Fail: 0.294%\n"}
,{"stream_name":"stdout","time":1995.776889388,"data":"[Game 350] Range: 2-8 | Median/Mean: 4.0 / 3.751 | Fail: 0.286%\n"}
,{"stream_name":"stdout","time":2048.169222108,"data":"[Game 360] Range: 2-8 | Median/Mean: 4.0 / 3.747 | Fail: 0.278%\n"}
,{"stream_name":"stdout","time":2113.687447373,"data":"[Game 370] Range: 2-8 | Median/Mean: 4.0 / 3.746 | Fail: 0.270%\n"}
,{"stream_name":"stdout","time":2177.873009305,"data":"[Game 380] Range: 2-8 | Median/Mean: 4.0 / 3.747 | Fail: 0.263%\n"}
,{"stream_name":"stdout","time":2225.962003007,"data":"[Game 390] Range: 2-8 | Median/Mean: 4.0 / 3.741 | Fail: 0.256%\n"}
,{"stream_name":"stdout","time":2282.9978138,"data":"[Game 400] Range: 2-8 | Median/Mean: 4.0 / 3.750 | Fail: 0.250%\n"}
,{"stream_name":"stdout","time":2340.713439467,"data":"[Game 410] Range: 2-8 | Median/Mean: 4.0 / 3.756 | Fail: 0.244%\n"}
,{"stream_name":"stdout","time":2407.25346865,"data":"[Game 420] Range: 2-8 | Median/Mean: 4.0 / 3.750 | Fail: 0.238%\n"}
,{"stream_name":"stdout","time":2474.67925441,"data":"[Game 430] Range: 2-8 | Median/Mean: 4.0 / 3.760 | Fail: 0.233%\n"}
,{"stream_name":"stdout","time":2542.542575234,"data":"[Game 440] Range: 2-8 | Median/Mean: 4.0 / 3.761 | Fail: 0.227%\n"}
,{"stream_name":"stdout","time":2602.13440788,"data":"[Game 450] Range: 2-8 | Median/Mean: 4.0 / 3.762 | Fail: 0.222%\n"}
,{"stream_name":"stdout","time":2657.579996689,"data":"[Game 460] Range: 2-8 | Median/Mean: 4.0 / 3.767 | Fail: 0.217%\n"}
,{"stream_name":"stdout","time":2747.822019349,"data":"[Game 470] Range: 2-8 | Median/Mean: 4.0 / 3.774 | Fail: 0.213%\n"}
,{"stream_name":"stdout","time":2822.560560335,"data":"[Game 480] Range: 2-8 | Median/Mean: 4.0 / 3.777 | Fail: 0.208%\n"}
,{"stream_name":"stdout","time":2873.807658288,"data":"[Game 490] Range: 2-8 | Median/Mean: 4.0 / 3.780 | Fail: 0.204%\n"}
,{"stream_name":"stdout","time":2938.552668891,"data":"[Game 500] Range: 2-8 | Median/Mean: 4.0 / 3.784 | Fail: 0.200%\n"}
,{"stream_name":"stdout","time":2984.942547949,"data":"[Game 510] Range: 2-8 | Median/Mean: 4.0 / 3.776 | Fail: 0.196%\n"}
,{"stream_name":"stdout","time":3035.081752674,"data":"[Game 520] Range: 2-8 | Median/Mean: 4.0 / 3.777 | Fail: 0.192%\n"}
,{"stream_name":"stdout","time":3093.339100433,"data":"[Game 530] Range: 2-8 | Median/Mean: 4.0 / 3.777 | Fail: 0.189%\n"}
,{"stream_name":"stdout","time":3171.667902519,"data":"[Game 540] Range: 2-8 | Median/Mean: 4.0 / 3.791 | Fail: 0.370%\n"}
,{"stream_name":"stdout","time":3234.697839226,"data":"[Game 550] Range: 2-8 | Median/Mean: 4.0 / 3.795 | Fail: 0.364%\n"}
,{"stream_name":"stdout","time":3301.512141039,"data":"[Game 560] Range: 2-8 | Median/Mean: 4.0 / 3.804 | Fail: 0.357%\n"}
,{"stream_name":"stdout","time":3366.753391988,"data":"[Game 570] Range: 2-8 | Median/Mean: 4.0 / 3.804 | Fail: 0.351%\n"}
,{"stream_name":"stdout","time":3418.568591621,"data":"[Game 580] Range: 2-8 | Median/Mean: 4.0 / 3.800 | Fail: 0.345%\n"}
,{"stream_name":"stdout","time":3491.237729472,"data":"[Game 590] Range: 2-8 | Median/Mean: 4.0 / 3.808 | Fail: 0.339%\n"}
,{"stream_name":"stdout","time":3538.832633328,"data":"[Game 600] Range: 2-8 | Median/Mean: 4.0 / 3.807 | Fail: 0.333%\n"}
,{"stream_name":"stdout","time":3603.229804656,"data":"[Game 610] Range: 2-8 | Median/Mean: 4.0 / 3.805 | Fail: 0.328%\n"}
,{"stream_name":"stdout","time":3649.029547026,"data":"[Game 620] Range: 2-8 | Median/Mean: 4.0 / 3.806 | Fail: 0.323%\n"}
,{"stream_name":"stdout","time":3716.006715891,"data":"[Game 630] Range: 2-8 | Median/Mean: 4.0 / 3.802 | Fail: 0.317%\n"}
,{"stream_name":"stdout","time":3774.603847701,"data":"[Game 640] Range: 2-8 | Median/Mean: 4.0 / 3.800 | Fail: 0.312%\n"}
,{"stream_name":"stdout","time":3821.41275633,"data":"[Game 650] Range: 2-8 | Median/Mean: 4.0 / 3.795 | Fail: 0.308%\n"}
,{"stream_name":"stdout","time":3875.554488924,"data":"[Game 660] Range: 2-8 | Median/Mean: 4.0 / 3.791 | Fail: 0.303%\n"}
,{"stream_name":"stdout","time":3931.886747017,"data":"[Game 670] Range: 2-8 | Median/Mean: 4.0 / 3.791 | Fail: 0.299%\n"}
,{"stream_name":"stdout","time":3969.186286162,"data":"[Game 680] Range: 2-8 | Median/Mean: 4.0 / 3.779 | Fail: 0.294%\n"}
,{"stream_name":"stdout","time":4025.824760993,"data":"[Game 690] Range: 2-8 | Median/Mean: 4.0 / 3.775 | Fail: 0.290%\n"}
,{"stream_name":"stdout","time":4086.525919116,"data":"[Game 700] Range: 2-8 | Median/Mean: 4.0 / 3.781 | Fail: 0.286%\n"}
,{"stream_name":"stdout","time":4162.761403982,"data":"[Game 710] Range: 2-8 | Median/Mean: 4.0 / 3.787 | Fail: 0.282%\n"}
,{"stream_name":"stdout","time":4244.689637759,"data":"[Game 720] Range: 2-8 | Median/Mean: 4.0 / 3.792 | Fail: 0.278%\n"}
,{"stream_name":"stdout","time":4298.387759039,"data":"[Game 730] Range: 2-8 | Median/Mean: 4.0 / 3.795 | Fail: 0.274%\n"}
,{"stream_name":"stdout","time":4366.497506021,"data":"[Game 740] Range: 2-8 | Median/Mean: 4.0 / 3.796 | Fail: 0.270%\n"}
,{"stream_name":"stdout","time":4438.300357367,"data":"[Game 750] Range: 2-8 | Median/Mean: 4.0 / 3.797 | Fail: 0.267%\n"}
,{"stream_name":"stdout","time":4499.32098731,"data":"[Game 760] Range: 2-8 | Median/Mean: 4.0 / 3.800 | Fail: 0.263%\n"}
,{"stream_name":"stdout","time":4573.586773074,"data":"[Game 770] Range: 2-8 | Median/Mean: 4.0 / 3.800 | Fail: 0.260%\n"}
,{"stream_name":"stdout","time":4629.13382458,"data":"[Game 780] Range: 2-8 | Median/Mean: 4.0 / 3.801 | Fail: 0.256%\n"}
,{"stream_name":"stdout","time":4683.66779219,"data":"[Game 790] Range: 2-8 | Median/Mean: 4.0 / 3.805 | Fail: 0.380%\n"}
,{"stream_name":"stdout","time":4745.270474807,"data":"[Game 800] Range: 2-8 | Median/Mean: 4.0 / 3.805 | Fail: 0.375%\n"}
,{"stream_name":"stdout","time":4799.432842784,"data":"[Game 810] Range: 2-8 | Median/Mean: 4.0 / 3.802 | Fail: 0.370%\n"}
,{"stream_name":"stdout","time":4859.072309336,"data":"[Game 820] Range: 2-8 | Median/Mean: 4.0 / 3.799 | Fail: 0.366%\n"}
,{"stream_name":"stdout","time":4903.906301331,"data":"[Game 830] Range: 2-8 | Median/Mean: 4.0 / 3.800 | Fail: 0.361%\n"}
,{"stream_name":"stdout","time":4971.390598148,"data":"[Game 840] Range: 2-8 | Median/Mean: 4.0 / 3.804 | Fail: 0.357%\n"}
,{"stream_name":"stdout","time":5025.794112964,"data":"[Game 850] Range: 2-8 | Median/Mean: 4.0 / 3.804 | Fail: 0.471%\n"}
,{"stream_name":"stdout","time":5100.465026217,"data":"[Game 860] Range: 2-8 | Median/Mean: 4.0 / 3.808 | Fail: 0.581%\n"}
,{"stream_name":"stdout","time":5163.56685407,"data":"[Game 870] Range: 2-8 | Median/Mean: 4.0 / 3.806 | Fail: 0.575%\n"}
,{"stream_name":"stdout","time":5228.864623942,"data":"[Game 880] Range: 2-8 | Median/Mean: 4.0 / 3.814 | Fail: 0.682%\n"}
,{"stream_name":"stdout","time":5284.844025366,"data":"[Game 890] Range: 2-8 | Median/Mean: 4.0 / 3.818 | Fail: 0.674%\n"}
,{"stream_name":"stdout","time":5359.751985569,"data":"[Game 900] Range: 2-8 | Median/Mean: 4.0 / 3.824 | Fail: 0.667%\n"}
,{"stream_name":"stdout","time":5401.494654405,"data":"[Game 910] Range: 2-8 | Median/Mean: 4.0 / 3.829 | Fail: 0.769%\n"}
,{"stream_name":"stdout","time":5436.421476789,"data":"[Game 920] Range: 2-8 | Median/Mean: 4.0 / 3.824 | Fail: 0.761%\n"}
,{"stream_name":"stdout","time":5507.876142105,"data":"[Game 930] Range: 2-8 | Median/Mean: 4.0 / 3.824 | Fail: 0.753%\n"}
,{"stream_name":"stdout","time":5543.048203626,"data":"[Game 940] Range: 2-8 | Median/Mean: 4.0 / 3.818 | Fail: 0.745%\n"}
,{"stream_name":"stdout","time":5608.728803352,"data":"[Game 950] Range: 2-8 | Median/Mean: 4.0 / 3.817 | Fail: 0.737%\n"}
,{"stream_name":"stdout","time":5665.340805317,"data":"[Game 960] Range: 2-8 | Median/Mean: 4.0 / 3.817 | Fail: 0.729%\n"}
,{"stream_name":"stdout","time":5714.52977038,"data":"[Game 970] Range: 2-8 | Median/Mean: 4.0 / 3.818 | Fail: 0.722%\n"}
,{"stream_name":"stdout","time":5781.792261496,"data":"[Game 980] Range: 2-8 | Median/Mean: 4.0 / 3.820 | Fail: 0.714%\n"}
,{"stream_name":"stdout","time":5864.212341504,"data":"[Game 990] Range: 2-8 | Median/Mean: 4.0 / 3.825 | Fail: 0.707%\n"}
,{"stream_name":"stdout","time":5918.838484656,"data":"[Game 1000] Range: 2-8 | Median/Mean: 4.0 / 3.826 | Fail: 0.700%\n"}
,{"stream_name":"stdout","time":5984.353971578,"data":"[Game 1010] Range: 2-8 | Median/Mean: 4.0 / 3.823 | Fail: 0.693%\n"}
,{"stream_name":"stdout","time":6034.228775093,"data":"[Game 1020] Range: 2-8 | Median/Mean: 4.0 / 3.823 | Fail: 0.686%\n"}
,{"stream_name":"stdout","time":6078.643110911,"data":"[Game 1030] Range: 2-8 | Median/Mean: 4.0 / 3.820 | Fail: 0.680%\n"}
,{"stream_name":"stdout","time":6129.992372783,"data":"[Game 1040] Range: 2-8 | Median/Mean: 4.0 / 3.813 | Fail: 0.673%\n"}
,{"stream_name":"stdout","time":6188.690991448,"data":"[Game 1050] Range: 2-8 | Median/Mean: 4.0 / 3.815 | Fail: 0.667%\n"}
,{"stream_name":"stdout","time":6263.260713923,"data":"[Game 1060] Range: 2-8 | Median/Mean: 4.0 / 3.824 | Fail: 0.660%\n"}
,{"stream_name":"stdout","time":6294.719383299,"data":"[Game 1070] Range: 2-8 | Median/Mean: 4.0 / 3.820 | Fail: 0.654%\n"}
,{"stream_name":"stdout","time":6343.211619821,"data":"[Game 1080] Range: 2-8 | Median/Mean: 4.0 / 3.819 | Fail: 0.648%\n"}
,{"stream_name":"stdout","time":6386.66213421,"data":"[Game 1090] Range: 2-8 | Median/Mean: 4.0 / 3.825 | Fail: 0.734%\n"}
,{"stream_name":"stdout","time":6446.405989657,"data":"[Game 1100] Range: 2-8 | Median/Mean: 4.0 / 3.825 | Fail: 0.727%\n"}
,{"stream_name":"stdout","time":6491.245346925,"data":"[Game 1110] Range: 2-8 | Median/Mean: 4.0 / 3.824 | Fail: 0.721%\n"}
,{"stream_name":"stdout","time":6561.514411719,"data":"[Game 1120] Range: 2-8 | Median/Mean: 4.0 / 3.823 | Fail: 0.714%\n"}
,{"stream_name":"stdout","time":6623.326439762,"data":"[Game 1130] Range: 2-8 | Median/Mean: 4.0 / 3.826 | Fail: 0.708%\n"}
,{"stream_name":"stdout","time":6691.040563597,"data":"[Game 1140] Range: 2-8 | Median/Mean: 4.0 / 3.828 | Fail: 0.789%\n"}
,{"stream_name":"stdout","time":6715.015473312,"data":"[Game 1150] Range: 2-8 | Median/Mean: 4.0 / 3.825 | Fail: 0.783%\n"}
,{"stream_name":"stdout","time":6746.930532132,"data":"[Game 1160] Range: 2-8 | Median/Mean: 4.0 / 3.821 | Fail: 0.776%\n"}
,{"stream_name":"stdout","time":6803.495771274,"data":"[Game 1170] Range: 2-8 | Median/Mean: 4.0 / 3.821 | Fail: 0.769%\n"}
,{"stream_name":"stdout","time":6849.633008933,"data":"[Game 1180] Range: 2-8 | Median/Mean: 4.0 / 3.821 | Fail: 0.763%\n"}
,{"stream_name":"stdout","time":6911.361654361,"data":"[Game 1190] Range: 2-8 | Median/Mean: 4.0 / 3.820 | Fail: 0.756%\n"}
,{"stream_name":"stdout","time":6969.756116743,"data":"[Game 1200] Range: 2-8 | Median/Mean: 4.0 / 3.818 | Fail: 0.750%\n"}
,{"stream_name":"stdout","time":7038.96139574,"data":"[Game 1210] Range: 2-8 | Median/Mean: 4.0 / 3.818 | Fail: 0.744%\n"}
,{"stream_name":"stdout","time":7105.17693784,"data":"[Game 1220] Range: 2-8 | Median/Mean: 4.0 / 3.822 | Fail: 0.738%\n"}
,{"stream_name":"stdout","time":7177.657814891,"data":"[Game 1230] Range: 2-8 | Median/Mean: 4.0 / 3.828 | Fail: 0.894%\n"}
,{"stream_name":"stdout","time":7255.604766127,"data":"[Game 1240] Range: 2-8 | Median/Mean: 4.0 / 3.831 | Fail: 0.887%\n"}
,{"stream_name":"stdout","time":7305.97888881,"data":"[Game 1250] Range: 2-8 | Median/Mean: 4.0 / 3.833 | Fail: 0.880%\n"}
,{"stream_name":"stdout","time":7360.911839488,"data":"[Game 1260] Range: 2-8 | Median/Mean: 4.0 / 3.834 | Fail: 0.873%\n"}
,{"stream_name":"stdout","time":7421.848865329,"data":"[Game 1270] Range: 2-8 | Median/Mean: 4.0 / 3.838 | Fail: 0.866%\n"}
,{"stream_name":"stdout","time":7476.980117408,"data":"[Game 1280] Range: 2-8 | Median/Mean: 4.0 / 3.839 | Fail: 0.859%\n"}
,{"stream_name":"stdout","time":7529.351442022,"data":"[Game 1290] Range: 2-8 | Median/Mean: 4.0 / 3.841 | Fail: 0.853%\n"}
,{"stream_name":"stdout","time":7586.914535441,"data":"[Game 1300] Range: 2-8 | Median/Mean: 4.0 / 3.842 | Fail: 0.846%\n"}
,{"stream_name":"stdout","time":7645.981165761,"data":"[Game 1310] Range: 2-8 | Median/Mean: 4.0 / 3.844 | Fail: 0.840%\n"}
,{"stream_name":"stdout","time":7712.910716987,"data":"[Game 1320] Range: 2-8 | Median/Mean: 4.0 / 3.843 | Fail: 0.833%\n"}
,{"stream_name":"stdout","time":7754.870822313,"data":"[Game 1330] Range: 2-8 | Median/Mean: 4.0 / 3.841 | Fail: 0.827%\n"}
,{"stream_name":"stdout","time":7803.485336159,"data":"[Game 1340] Range: 2-8 | Median/Mean: 4.0 / 3.846 | Fail: 0.821%\n"}
,{"stream_name":"stdout","time":7852.158428502,"data":"[Game 1350] Range: 2-8 | Median/Mean: 4.0 / 3.846 | Fail: 0.815%\n"}
,{"stream_name":"stdout","time":7923.156890513,"data":"[Game 1360] Range: 2-8 | Median/Mean: 4.0 / 3.852 | Fail: 0.809%\n"}
,{"stream_name":"stdout","time":7972.092237553,"data":"[Game 1370] Range: 2-8 | Median/Mean: 4.0 / 3.853 | Fail: 0.803%\n"}
,{"stream_name":"stdout","time":8039.722285676,"data":"[Game 1380] Range: 2-8 | Median/Mean: 4.0 / 3.853 | Fail: 0.797%\n"}
,{"stream_name":"stdout","time":8091.766122478,"data":"[Game 1390] Range: 2-8 | Median/Mean: 4.0 / 3.850 | Fail: 0.791%\n"}
,{"stream_name":"stdout","time":8133.581226359,"data":"[Game 1400] Range: 2-8 | Median/Mean: 4.0 / 3.854 | Fail: 0.786%\n"}
,{"stream_name":"stdout","time":8194.756565875,"data":"[Game 1410] Range: 2-8 | Median/Mean: 4.0 / 3.858 | Fail: 0.780%\n"}
,{"stream_name":"stdout","time":8267.369761082,"data":"[Game 1420] Range: 2-8 | Median/Mean: 4.0 / 3.857 | Fail: 0.775%\n"}
,{"stream_name":"stdout","time":8315.539894573,"data":"[Game 1430] Range: 2-8 | Median/Mean: 4.0 / 3.859 | Fail: 0.769%\n"}
,{"stream_name":"stdout","time":8394.871142116,"data":"[Game 1440] Range: 2-8 | Median/Mean: 4.0 / 3.866 | Fail: 0.833%\n"}
,{"stream_name":"stdout","time":8443.06286968,"data":"[Game 1450] Range: 2-8 | Median/Mean: 4.0 / 3.867 | Fail: 0.897%\n"}
,{"stream_name":"stdout","time":8500.891736486,"data":"[Game 1460] Range: 2-8 | Median/Mean: 4.0 / 3.866 | Fail: 0.890%\n"}
,{"stream_name":"stdout","time":8548.766831324,"data":"[Game 1470] Range: 2-8 | Median/Mean: 4.0 / 3.868 | Fail: 0.884%\n"}
,{"stream_name":"stdout","time":8593.631278469,"data":"[Game 1480] Range: 2-8 | Median/Mean: 4.0 / 3.865 | Fail: 0.878%\n"}
,{"stream_name":"stdout","time":8652.244093512,"data":"[Game 1490] Range: 2-8 | Median/Mean: 4.0 / 3.868 | Fail: 0.872%\n"}
,{"stream_name":"stdout","time":8704.62878948,"data":"[Game 1500] Range: 2-8 | Median/Mean: 4.0 / 3.871 | Fail: 0.867%\n"}
,{"stream_name":"stdout","time":8767.484817239,"data":"[Game 1510] Range: 2-8 | Median/Mean: 4.0 / 3.872 | Fail: 0.927%\n"}
,{"stream_name":"stdout","time":8830.907648414,"data":"[Game 1520] Range: 2-8 | Median/Mean: 4.0 / 3.873 | Fail: 0.921%\n"}
,{"stream_name":"stdout","time":8906.807658189,"data":"[Game 1530] Range: 2-8 | Median/Mean: 4.0 / 3.875 | Fail: 0.980%\n"}
,{"stream_name":"stdout","time":8972.356057581,"data":"[Game 1540] Range: 2-8 | Median/Mean: 4.0 / 3.877 | Fail: 1.039%\n"}
,{"stream_name":"stdout","time":9016.122549325,"data":"[Game 1550] Range: 2-8 | Median/Mean: 4.0 / 3.877 | Fail: 1.097%\n"}
,{"stream_name":"stdout","time":9086.380529581,"data":"[Game 1560] Range: 2-8 | Median/Mean: 4.0 / 3.878 | Fail: 1.090%\n"}
,{"stream_name":"stdout","time":9149.513976691,"data":"[Game 1570] Range: 2-8 | Median/Mean: 4.0 / 3.876 | Fail: 1.083%\n"}
,{"stream_name":"stdout","time":9215.244229099,"data":"[Game 1580] Range: 2-8 | Median/Mean: 4.0 / 3.877 | Fail: 1.076%\n"}
,{"stream_name":"stdout","time":9271.015742164,"data":"[Game 1590] Range: 2-8 | Median/Mean: 4.0 / 3.879 | Fail: 1.069%\n"}
,{"stream_name":"stdout","time":9309.618443639,"data":"[Game 1600] Range: 2-8 | Median/Mean: 4.0 / 3.879 | Fail: 1.062%\n"}
,{"stream_name":"stdout","time":9376.12943064,"data":"[Game 1610] Range: 2-8 | Median/Mean: 4.0 / 3.878 | Fail: 1.056%\n"}
,{"stream_name":"stdout","time":9451.600747327,"data":"[Game 1620] Range: 2-8 | Median/Mean: 4.0 / 3.878 | Fail: 1.049%\n"}
,{"stream_name":"stdout","time":9504.1570359,"data":"[Game 1630] Range: 2-8 | Median/Mean: 4.0 / 3.878 | Fail: 1.043%\n"}
,{"stream_name":"stdout","time":9550.381564241,"data":"[Game 1640] Range: 2-8 | Median/Mean: 4.0 / 3.877 | Fail: 1.037%\n"}
,{"stream_name":"stdout","time":9600.477240593,"data":"[Game 1650] Range: 2-8 | Median/Mean: 4.0 / 3.876 | Fail: 1.030%\n"}
,{"stream_name":"stdout","time":9675.616208373,"data":"[Game 1660] Range: 2-8 | Median/Mean: 4.0 / 3.882 | Fail: 1.145%\n"}
,{"stream_name":"stdout","time":9737.787339272,"data":"[Game 1670] Range: 2-8 | Median/Mean: 4.0 / 3.883 | Fail: 1.138%\n"}
,{"stream_name":"stdout","time":9782.431816442,"data":"[Game 1680] Range: 2-8 | Median/Mean: 4.0 / 3.886 | Fail: 1.131%\n"}
,{"stream_name":"stdout","time":9843.617002984,"data":"[Game 1690] Range: 2-8 | Median/Mean: 4.0 / 3.886 | Fail: 1.124%\n"}
,{"stream_name":"stdout","time":9885.619261801,"data":"[Game 1700] Range: 2-8 | Median/Mean: 4.0 / 3.888 | Fail: 1.118%\n"}
,{"stream_name":"stdout","time":9929.448654105,"data":"[Game 1710] Range: 2-8 | Median/Mean: 4.0 / 3.891 | Fail: 1.170%\n"}
,{"stream_name":"stdout","time":9973.045054941,"data":"[Game 1720] Range: 2-8 | Median/Mean: 4.0 / 3.891 | Fail: 1.163%\n"}
,{"stream_name":"stdout","time":10041.337031176,"data":"[Game 1730] Range: 2-8 | Median/Mean: 4.0 / 3.892 | Fail: 1.272%\n"}
,{"stream_name":"stdout","time":10095.755681653,"data":"[Game 1740] Range: 2-8 | Median/Mean: 4.0 / 3.896 | Fail: 1.379%\n"}
,{"stream_name":"stdout","time":10160.589943156,"data":"[Game 1750] Range: 2-8 | Median/Mean: 4.0 / 3.895 | Fail: 1.371%\n"}
,{"stream_name":"stdout","time":10223.37722637,"data":"[Game 1760] Range: 2-8 | Median/Mean: 4.0 / 3.894 | Fail: 1.364%\n"}
,{"stream_name":"stdout","time":10307.845262015,"data":"[Game 1770] Range: 2-8 | Median/Mean: 4.0 / 3.895 | Fail: 1.356%\n"}
,{"stream_name":"stdout","time":10354.945280237,"data":"[Game 1780] Range: 2-8 | Median/Mean: 4.0 / 3.896 | Fail: 1.348%\n"}
,{"stream_name":"stdout","time":10401.017296955,"data":"[Game 1790] Range: 2-8 | Median/Mean: 4.0 / 3.897 | Fail: 1.341%\n"}
,{"stream_name":"stdout","time":10433.372655911,"data":"[Game 1800] Range: 2-8 | Median/Mean: 4.0 / 3.895 | Fail: 1.333%\n"}
,{"stream_name":"stdout","time":10498.581300728,"data":"[Game 1810] Range: 2-8 | Median/Mean: 4.0 / 3.899 | Fail: 1.381%\n"}
,{"stream_name":"stdout","time":10555.88996939,"data":"[Game 1820] Range: 2-8 | Median/Mean: 4.0 / 3.900 | Fail: 1.374%\n"}
,{"stream_name":"stdout","time":10618.840449877,"data":"[Game 1830] Range: 2-8 | Median/Mean: 4.0 / 3.902 | Fail: 1.366%\n"}
,{"stream_name":"stdout","time":10661.377914368,"data":"[Game 1840] Range: 2-8 | Median/Mean: 4.0 / 3.901 | Fail: 1.359%\n"}
,{"stream_name":"stdout","time":10704.831977467,"data":"[Game 1850] Range: 2-8 | Median/Mean: 4.0 / 3.901 | Fail: 1.351%\n"}
,{"stream_name":"stdout","time":10743.220568449,"data":"[Game 1860] Range: 2-8 | Median/Mean: 4.0 / 3.898 | Fail: 1.344%\n"}
,{"stream_name":"stdout","time":10802.883054238,"data":"[Game 1870] Range: 2-8 | Median/Mean: 4.0 / 3.898 | Fail: 1.337%\n"}
,{"stream_name":"stdout","time":10887.521196804,"data":"[Game 1880] Range: 2-9 | Median/Mean: 4.0 / 3.907 | Fail: 1.543%\n"}
,{"stream_name":"stdout","time":10953.86025069,"data":"[Game 1890] Range: 2-9 | Median/Mean: 4.0 / 3.911 | Fail: 1.534%\n"}
,{"stream_name":"stdout","time":11016.149012238,"data":"[Game 1900] Range: 2-9 | Median/Mean: 4.0 / 3.913 | Fail: 1.526%\n"}
,{"stream_name":"stdout","time":11082.397995358,"data":"[Game 1910] Range: 2-9 | Median/Mean: 4.0 / 3.917 | Fail: 1.571%\n"}
,{"stream_name":"stdout","time":11151.22423335,"data":"[Game 1920] Range: 2-9 | Median/Mean: 4.0 / 3.920 | Fail: 1.562%\n"}
,{"stream_name":"stdout","time":11213.714357316,"data":"[Game 1930] Range: 2-9 | Median/Mean: 4.0 / 3.922 | Fail: 1.554%\n"}
,{"stream_name":"stdout","time":11267.475587705,"data":"[Game 1940] Range: 2-9 | Median/Mean: 4.0 / 3.920 | Fail: 1.546%\n"}
,{"stream_name":"stdout","time":11334.39385515,"data":"[Game 1950] Range: 2-9 | Median/Mean: 4.0 / 3.921 | Fail: 1.538%\n"}
,{"stream_name":"stdout","time":11412.470128164,"data":"[Game 1960] Range: 2-9 | Median/Mean: 4.0 / 3.923 | Fail: 1.582%\n"}
,{"stream_name":"stdout","time":11454.863525395,"data":"[Game 1970] Range: 2-9 | Median/Mean: 4.0 / 3.925 | Fail: 1.574%\n"}
,{"stream_name":"stdout","time":11509.114870261,"data":"[Game 1980] Range: 2-9 | Median/Mean: 4.0 / 3.926 | Fail: 1.566%\n"}
,{"stream_name":"stdout","time":11551.297678863,"data":"[Game 1990] Range: 2-9 | Median/Mean: 4.0 / 3.927 | Fail: 1.558%\n"}
,{"stream_name":"stdout","time":11618.288494334,"data":"[Game 2000] Range: 2-9 | Median/Mean: 4.0 / 3.928 | Fail: 1.550%\n"}
,{"stream_name":"stdout","time":11666.528708314,"data":"[Game 2010] Range: 2-9 | Median/Mean: 4.0 / 3.928 | Fail: 1.542%\n"}
,{"stream_name":"stdout","time":11742.179572949,"data":"[Game 2020] Range: 2-9 | Median/Mean: 4.0 / 3.932 | Fail: 1.584%\n"}
,{"stream_name":"stdout","time":11808.258137987,"data":"[Game 2030] Range: 2-9 | Median/Mean: 4.0 / 3.932 | Fail: 1.576%\n"}
,{"stream_name":"stdout","time":11843.071306733,"data":"[Game 2040] Range: 2-9 | Median/Mean: 4.0 / 3.932 | Fail: 1.618%\n"}
,{"stream_name":"stdout","time":11901.255682907,"data":"[Game 2050] Range: 2-9 | Median/Mean: 4.0 / 3.931 | Fail: 1.610%\n"}
,{"stream_name":"stdout","time":11945.186473976,"data":"[Game 2060] Range: 2-9 | Median/Mean: 4.0 / 3.931 | Fail: 1.602%\n"}
,{"stream_name":"stdout","time":12004.245584154,"data":"[Game 2070] Range: 2-9 | Median/Mean: 4.0 / 3.933 | Fail: 1.643%\n"}
,{"stream_name":"stdout","time":12071.247303736,"data":"[Game 2080] Range: 2-9 | Median/Mean: 4.0 / 3.933 | Fail: 1.635%\n"}
,{"stream_name":"stdout","time":12139.413355748,"data":"[Game 2090] Range: 2-9 | Median/Mean: 4.0 / 3.935 | Fail: 1.627%\n"}
,{"stream_name":"stdout","time":12196.221520744,"data":"[Game 2100] Range: 2-9 | Median/Mean: 4.0 / 3.938 | Fail: 1.667%\n"}
,{"stream_name":"stdout","time":12251.121221336,"data":"[Game 2110] Range: 2-9 | Median/Mean: 4.0 / 3.938 | Fail: 1.659%\n"}
,{"stream_name":"stdout","time":12323.125141835,"data":"[Game 2120] Range: 2-9 | Median/Mean: 4.0 / 3.938 | Fail: 1.651%\n"}
,{"stream_name":"stdout","time":12385.357557288,"data":"[Game 2130] Range: 2-9 | Median/Mean: 4.0 / 3.936 | Fail: 1.643%\n"}
,{"stream_name":"stdout","time":12462.684402532,"data":"[Game 2140] Range: 2-9 | Median/Mean: 4.0 / 3.940 | Fail: 1.636%\n"}
,{"stream_name":"stdout","time":12525.614792941,"data":"[Game 2150] Range: 2-9 | Median/Mean: 4.0 / 3.941 | Fail: 1.628%\n"}
,{"stream_name":"stdout","time":12569.348870624,"data":"[Game 2160] Range: 2-9 | Median/Mean: 4.0 / 3.942 | Fail: 1.620%\n"}
,{"stream_name":"stdout","time":12638.58628138,"data":"[Game 2170] Range: 2-9 | Median/Mean: 4.0 / 3.946 | Fail: 1.659%\n"}
,{"stream_name":"stdout","time":12705.56442891,"data":"[Game 2180] Range: 2-9 | Median/Mean: 4.0 / 3.947 | Fail: 1.651%\n"}
,{"stream_name":"stdout","time":12757.013717721,"data":"[Game 2190] Range: 2-9 | Median/Mean: 4.0 / 3.948 | Fail: 1.644%\n"}
,{"stream_name":"stdout","time":12810.476682147,"data":"[Game 2200] Range: 2-9 | Median/Mean: 4.0 / 3.948 | Fail: 1.636%\n"}
,{"stream_name":"stdout","time":12883.701460942,"data":"[Game 2210] Range: 2-9 | Median/Mean: 4.0 / 3.951 | Fail: 1.674%\n"}
,{"stream_name":"stdout","time":12956.003134801,"data":"[Game 2220] Range: 2-9 | Median/Mean: 4.0 / 3.956 | Fail: 1.667%\n"}
,{"stream_name":"stdout","time":13003.72897933,"data":"[Game 2230] Range: 2-9 | Median/Mean: 4.0 / 3.958 | Fail: 1.659%\n"}
,{"stream_name":"stdout","time":13047.918884886,"data":"[Game 2240] Range: 2-9 | Median/Mean: 4.0 / 3.958 | Fail: 1.652%\n"}
,{"stream_name":"stdout","time":13106.826625994,"data":"[Game 2250] Range: 2-9 | Median/Mean: 4.0 / 3.959 | Fail: 1.644%\n"}
,{"stream_name":"stdout","time":13172.009159829,"data":"[Game 2260] Range: 2-9 | Median/Mean: 4.0 / 3.964 | Fail: 1.726%\n"}
,{"stream_name":"stdout","time":13232.469361409,"data":"[Game 2270] Range: 2-9 | Median/Mean: 4.0 / 3.963 | Fail: 1.718%\n"}
,{"stream_name":"stdout","time":13280.814611884,"data":"[Game 2280] Range: 2-9 | Median/Mean: 4.0 / 3.962 | Fail: 1.711%\n"}
,{"stream_name":"stdout","time":13333.084698039,"data":"[Game 2290] Range: 2-9 | Median/Mean: 4.0 / 3.962 | Fail: 1.703%\n"}
,{"stream_name":"stdout","time":13375.418543334,"data":"[Game 2300] Range: 2-9 | Median/Mean: 4.0 / 3.964 | Fail: 1.739%\n"}
,{"stream_name":"stdout","time":13434.861159522,"data":"[Game 2310] Range: 2-9 | Median/Mean: 4.0 / 3.965 | Fail: 1.732%\n"}
,{"stream_name":"stdout","time":13460.667381916,"data":"Summary:\n"}
,{"stream_name":"stdout","time":13460.683112591,"data":"Distribution across steps:\n"}
,{"stream_name":"stdout","time":13460.691496733,"data":"Key Metrics:\n"}
,{"stream_name":"stderr","time":13465.324546709,"data":"/opt/conda/lib/python3.7/site-packages/traitlets/traitlets.py:2567: FutureWarning: --Exporter.preprocessors=[\"remove_papermill_header.RemovePapermillHeader\"] for containers is deprecated in traitlets 5.0. You can pass `--Exporter.preprocessors item` ... multiple times to add items to a list.\n"}
,{"stream_name":"stderr","time":13465.324596654,"data":"  FutureWarning,\n"}
,{"stream_name":"stderr","time":13465.324612564,"data":"[NbConvertApp] Converting notebook __notebook__.ipynb to notebook\n"}
,{"stream_name":"stderr","time":13465.75743775,"data":"[NbConvertApp] Writing 32648 bytes to __notebook__.ipynb\n"}
,{"stream_name":"stderr","time":13468.421228891,"data":"/opt/conda/lib/python3.7/site-packages/traitlets/traitlets.py:2567: FutureWarning: --Exporter.preprocessors=[\"nbconvert.preprocessors.ExtractOutputPreprocessor\"] for containers is deprecated in traitlets 5.0. You can pass `--Exporter.preprocessors item` ... multiple times to add items to a list.\n"}
,{"stream_name":"stderr","time":13468.421300188,"data":"  FutureWarning,\n"}
,{"stream_name":"stderr","time":13468.421308314,"data":"[NbConvertApp] Converting notebook __notebook__.ipynb to html\n"}
,{"stream_name":"stderr","time":13469.079279186,"data":"[NbConvertApp] Writing 306934 bytes to __results__.html\n"}
]