[{"stream_name":"stderr","time":12.291403185,"data":"/opt/conda/lib/python3.7/site-packages/papermill/iorw.py:50: FutureWarning: pyarrow.HadoopFileSystem is deprecated as of 2.0.0, please use pyarrow.fs.HadoopFileSystem instead.\n"}
,{"stream_name":"stderr","time":12.291466259,"data":"  from pyarrow import HadoopFileSystem\n"}
,{"stream_name":"stdout","time":13.123125771,"data":"[ ---------- RAISE ----------]\n"}
,{"stream_name":"stdout","time":47.326761228,"data":"[Game 10] Range: 2-4 | Median/Mean: 4.0 / 3.500 | Fail: 0.000%\n"}
,{"stream_name":"stdout","time":92.063599139,"data":"[Game 20] Range: 2-4 | Median/Mean: 3.0 / 3.350 | Fail: 0.000%\n"}
,{"stream_name":"stdout","time":125.026324275,"data":"[Game 30] Range: 2-5 | Median/Mean: 3.0 / 3.333 | Fail: 0.000%\n"}
,{"stream_name":"stdout","time":184.918765324,"data":"[Game 40] Range: 2-6 | Median/Mean: 3.5 / 3.500 | Fail: 0.000%\n"}
,{"stream_name":"stdout","time":226.350924946,"data":"[Game 50] Range: 2-6 | Median/Mean: 3.0 / 3.480 | Fail: 0.000%\n"}
,{"stream_name":"stdout","time":266.459424892,"data":"[Game 60] Range: 2-6 | Median/Mean: 3.0 / 3.417 | Fail: 0.000%\n"}
,{"stream_name":"stdout","time":297.181668613,"data":"[Game 70] Range: 2-6 | Median/Mean: 3.0 / 3.400 | Fail: 0.000%\n"}
,{"stream_name":"stdout","time":355.236720089,"data":"[Game 80] Range: 2-6 | Median/Mean: 3.0 / 3.413 | Fail: 0.000%\n"}
,{"stream_name":"stdout","time":408.534713847,"data":"[Game 90] Range: 2-6 | Median/Mean: 3.0 / 3.467 | Fail: 0.000%\n"}
,{"stream_name":"stdout","time":456.615105383,"data":"[Game 100] Range: 2-6 | Median/Mean: 3.0 / 3.480 | Fail: 0.000%\n"}
,{"stream_name":"stdout","time":490.294196149,"data":"[Game 110] Range: 2-6 | Median/Mean: 3.0 / 3.473 | Fail: 0.000%\n"}
,{"stream_name":"stdout","time":556.888584764,"data":"[Game 120] Range: 2-6 | Median/Mean: 3.0 / 3.508 | Fail: 0.000%\n"}
,{"stream_name":"stdout","time":626.498954249,"data":"[Game 130] Range: 2-6 | Median/Mean: 3.0 / 3.515 | Fail: 0.000%\n"}
,{"stream_name":"stdout","time":685.562340603,"data":"[Game 140] Range: 2-6 | Median/Mean: 3.0 / 3.514 | Fail: 0.000%\n"}
,{"stream_name":"stdout","time":748.911523562,"data":"[Game 150] Range: 2-6 | Median/Mean: 3.0 / 3.533 | Fail: 0.000%\n"}
,{"stream_name":"stdout","time":781.312047308,"data":"[Game 160] Range: 2-6 | Median/Mean: 3.0 / 3.550 | Fail: 0.000%\n"}
,{"stream_name":"stdout","time":813.976867273,"data":"[Game 170] Range: 2-6 | Median/Mean: 3.0 / 3.547 | Fail: 0.000%\n"}
,{"stream_name":"stdout","time":844.557441403,"data":"[Game 180] Range: 2-6 | Median/Mean: 3.0 / 3.517 | Fail: 0.000%\n"}
,{"stream_name":"stdout","time":895.04715388,"data":"[Game 190] Range: 2-6 | Median/Mean: 3.0 / 3.542 | Fail: 0.000%\n"}
,{"stream_name":"stdout","time":920.497750839,"data":"[Game 200] Range: 2-6 | Median/Mean: 3.0 / 3.515 | Fail: 0.000%\n"}
,{"stream_name":"stdout","time":980.34629112,"data":"[Game 210] Range: 2-6 | Median/Mean: 3.5 / 3.533 | Fail: 0.000%\n"}
,{"stream_name":"stdout","time":1019.102035364,"data":"[Game 220] Range: 2-6 | Median/Mean: 3.0 / 3.532 | Fail: 0.000%\n"}
,{"stream_name":"stdout","time":1065.951132724,"data":"[Game 230] Range: 2-6 | Median/Mean: 4.0 / 3.543 | Fail: 0.000%\n"}
,{"stream_name":"stdout","time":1118.396066013,"data":"[Game 240] Range: 2-6 | Median/Mean: 4.0 / 3.567 | Fail: 0.000%\n"}
,{"stream_name":"stdout","time":1175.547172834,"data":"[Game 250] Range: 2-6 | Median/Mean: 4.0 / 3.584 | Fail: 0.000%\n"}
,{"stream_name":"stdout","time":1223.043106971,"data":"[Game 260] Range: 2-6 | Median/Mean: 4.0 / 3.615 | Fail: 0.000%\n"}
,{"stream_name":"stdout","time":1270.374281757,"data":"[Game 270] Range: 2-6 | Median/Mean: 4.0 / 3.611 | Fail: 0.000%\n"}
,{"stream_name":"stdout","time":1308.373207261,"data":"[Game 280] Range: 2-6 | Median/Mean: 4.0 / 3.611 | Fail: 0.000%\n"}
,{"stream_name":"stdout","time":1360.722966431,"data":"[Game 290] Range: 2-6 | Median/Mean: 4.0 / 3.631 | Fail: 0.000%\n"}
,{"stream_name":"stdout","time":1399.348804561,"data":"[Game 300] Range: 2-6 | Median/Mean: 4.0 / 3.620 | Fail: 0.000%\n"}
,{"stream_name":"stdout","time":1436.783029526,"data":"[Game 310] Range: 2-6 | Median/Mean: 4.0 / 3.623 | Fail: 0.000%\n"}
,{"stream_name":"stdout","time":1475.574924939,"data":"[Game 320] Range: 2-6 | Median/Mean: 4.0 / 3.622 | Fail: 0.000%\n"}
,{"stream_name":"stdout","time":1511.641070832,"data":"[Game 330] Range: 2-7 | Median/Mean: 4.0 / 3.633 | Fail: 0.303%\n"}
,{"stream_name":"stdout","time":1554.730415281,"data":"[Game 340] Range: 2-7 | Median/Mean: 4.0 / 3.632 | Fail: 0.294%\n"}
,{"stream_name":"stdout","time":1602.196368949,"data":"[Game 350] Range: 2-7 | Median/Mean: 4.0 / 3.637 | Fail: 0.286%\n"}
,{"stream_name":"stdout","time":1654.76529822,"data":"[Game 360] Range: 2-7 | Median/Mean: 4.0 / 3.644 | Fail: 0.278%\n"}
,{"stream_name":"stdout","time":1705.855469558,"data":"[Game 370] Range: 2-7 | Median/Mean: 4.0 / 3.646 | Fail: 0.270%\n"}
,{"stream_name":"stdout","time":1754.683489403,"data":"[Game 380] Range: 2-7 | Median/Mean: 4.0 / 3.650 | Fail: 0.263%\n"}
,{"stream_name":"stdout","time":1804.101583981,"data":"[Game 390] Range: 2-7 | Median/Mean: 4.0 / 3.654 | Fail: 0.256%\n"}
,{"stream_name":"stdout","time":1851.463557487,"data":"[Game 400] Range: 2-7 | Median/Mean: 4.0 / 3.663 | Fail: 0.250%\n"}
,{"stream_name":"stdout","time":1911.735711967,"data":"[Game 410] Range: 2-7 | Median/Mean: 4.0 / 3.673 | Fail: 0.244%\n"}
,{"stream_name":"stdout","time":1967.109344338,"data":"[Game 420] Range: 2-7 | Median/Mean: 4.0 / 3.667 | Fail: 0.238%\n"}
,{"stream_name":"stdout","time":2020.68590139,"data":"[Game 430] Range: 2-7 | Median/Mean: 4.0 / 3.670 | Fail: 0.233%\n"}
,{"stream_name":"stdout","time":2075.314966321,"data":"[Game 440] Range: 2-7 | Median/Mean: 4.0 / 3.666 | Fail: 0.227%\n"}
,{"stream_name":"stdout","time":2131.225728616,"data":"[Game 450] Range: 2-7 | Median/Mean: 4.0 / 3.667 | Fail: 0.222%\n"}
,{"stream_name":"stdout","time":2170.129156601,"data":"[Game 460] Range: 2-7 | Median/Mean: 4.0 / 3.670 | Fail: 0.217%\n"}
,{"stream_name":"stdout","time":2234.418397161,"data":"[Game 470] Range: 2-7 | Median/Mean: 4.0 / 3.672 | Fail: 0.213%\n"}
,{"stream_name":"stdout","time":2280.519460642,"data":"[Game 480] Range: 2-7 | Median/Mean: 4.0 / 3.669 | Fail: 0.208%\n"}
,{"stream_name":"stdout","time":2314.753756757,"data":"[Game 490] Range: 2-7 | Median/Mean: 4.0 / 3.657 | Fail: 0.204%\n"}
,{"stream_name":"stdout","time":2365.380570455,"data":"[Game 500] Range: 2-7 | Median/Mean: 4.0 / 3.654 | Fail: 0.200%\n"}
,{"stream_name":"stdout","time":2400.249204672,"data":"[Game 510] Range: 2-7 | Median/Mean: 4.0 / 3.651 | Fail: 0.196%\n"}
,{"stream_name":"stdout","time":2448.721461574,"data":"[Game 520] Range: 2-7 | Median/Mean: 4.0 / 3.654 | Fail: 0.192%\n"}
,{"stream_name":"stdout","time":2498.330992335,"data":"[Game 530] Range: 2-7 | Median/Mean: 4.0 / 3.653 | Fail: 0.189%\n"}
,{"stream_name":"stdout","time":2566.080139747,"data":"[Game 540] Range: 2-7 | Median/Mean: 4.0 / 3.670 | Fail: 0.370%\n"}
,{"stream_name":"stdout","time":2615.396439211,"data":"[Game 550] Range: 2-7 | Median/Mean: 4.0 / 3.675 | Fail: 0.364%\n"}
,{"stream_name":"stdout","time":2652.229982458,"data":"[Game 560] Range: 2-7 | Median/Mean: 4.0 / 3.673 | Fail: 0.357%\n"}
,{"stream_name":"stdout","time":2684.771443188,"data":"[Game 570] Range: 2-7 | Median/Mean: 4.0 / 3.675 | Fail: 0.351%\n"}
,{"stream_name":"stdout","time":2735.407555998,"data":"[Game 580] Range: 2-7 | Median/Mean: 4.0 / 3.676 | Fail: 0.345%\n"}
,{"stream_name":"stdout","time":2782.077091321,"data":"[Game 590] Range: 2-7 | Median/Mean: 4.0 / 3.683 | Fail: 0.508%\n"}
,{"stream_name":"stdout","time":2845.747168528,"data":"[Game 600] Range: 2-7 | Median/Mean: 4.0 / 3.688 | Fail: 0.500%\n"}
,{"stream_name":"stdout","time":2898.423861537,"data":"[Game 610] Range: 2-7 | Median/Mean: 4.0 / 3.680 | Fail: 0.492%\n"}
,{"stream_name":"stdout","time":2935.559107642,"data":"[Game 620] Range: 2-7 | Median/Mean: 4.0 / 3.677 | Fail: 0.484%\n"}
,{"stream_name":"stdout","time":2974.240253268,"data":"[Game 630] Range: 2-7 | Median/Mean: 4.0 / 3.678 | Fail: 0.476%\n"}
,{"stream_name":"stdout","time":3028.59230241,"data":"[Game 640] Range: 2-7 | Median/Mean: 4.0 / 3.678 | Fail: 0.469%\n"}
,{"stream_name":"stdout","time":3083.740979,"data":"[Game 650] Range: 2-7 | Median/Mean: 4.0 / 3.675 | Fail: 0.462%\n"}
,{"stream_name":"stdout","time":3121.664948888,"data":"[Game 660] Range: 2-7 | Median/Mean: 4.0 / 3.677 | Fail: 0.455%\n"}
,{"stream_name":"stdout","time":3171.305062282,"data":"[Game 670] Range: 2-7 | Median/Mean: 4.0 / 3.678 | Fail: 0.448%\n"}
,{"stream_name":"stdout","time":3219.917264907,"data":"[Game 680] Range: 2-7 | Median/Mean: 4.0 / 3.672 | Fail: 0.441%\n"}
,{"stream_name":"stdout","time":3253.370677,"data":"[Game 690] Range: 2-7 | Median/Mean: 4.0 / 3.671 | Fail: 0.435%\n"}
,{"stream_name":"stdout","time":3297.42280076,"data":"[Game 700] Range: 2-7 | Median/Mean: 4.0 / 3.673 | Fail: 0.429%\n"}
,{"stream_name":"stdout","time":3348.328504895,"data":"[Game 710] Range: 2-7 | Median/Mean: 4.0 / 3.677 | Fail: 0.423%\n"}
,{"stream_name":"stdout","time":3391.829816602,"data":"[Game 720] Range: 2-7 | Median/Mean: 4.0 / 3.671 | Fail: 0.417%\n"}
,{"stream_name":"stdout","time":3429.35281633,"data":"[Game 730] Range: 2-7 | Median/Mean: 4.0 / 3.671 | Fail: 0.411%\n"}
,{"stream_name":"stdout","time":3485.269816013,"data":"[Game 740] Range: 2-7 | Median/Mean: 4.0 / 3.676 | Fail: 0.405%\n"}
,{"stream_name":"stdout","time":3536.788649135,"data":"[Game 750] Range: 2-7 | Median/Mean: 4.0 / 3.673 | Fail: 0.400%\n"}
,{"stream_name":"stdout","time":3584.361033828,"data":"[Game 760] Range: 2-7 | Median/Mean: 4.0 / 3.676 | Fail: 0.395%\n"}
,{"stream_name":"stdout","time":3621.757591115,"data":"[Game 770] Range: 2-7 | Median/Mean: 4.0 / 3.678 | Fail: 0.390%\n"}
,{"stream_name":"stdout","time":3670.221177826,"data":"[Game 780] Range: 2-7 | Median/Mean: 4.0 / 3.682 | Fail: 0.385%\n"}
,{"stream_name":"stdout","time":3733.681196245,"data":"[Game 790] Range: 2-7 | Median/Mean: 4.0 / 3.689 | Fail: 0.506%\n"}
,{"stream_name":"stdout","time":3791.334893461,"data":"[Game 800] Range: 2-7 | Median/Mean: 4.0 / 3.690 | Fail: 0.500%\n"}
,{"stream_name":"stdout","time":3819.953826831,"data":"[Game 810] Range: 2-7 | Median/Mean: 4.0 / 3.689 | Fail: 0.494%\n"}
,{"stream_name":"stdout","time":3856.300627942,"data":"[Game 820] Range: 2-7 | Median/Mean: 4.0 / 3.688 | Fail: 0.488%\n"}
,{"stream_name":"stdout","time":3910.162514074,"data":"[Game 830] Range: 2-7 | Median/Mean: 4.0 / 3.690 | Fail: 0.482%\n"}
,{"stream_name":"stdout","time":3960.972284032,"data":"[Game 840] Range: 2-7 | Median/Mean: 4.0 / 3.694 | Fail: 0.476%\n"}
,{"stream_name":"stdout","time":4005.096768625,"data":"[Game 850] Range: 2-7 | Median/Mean: 4.0 / 3.693 | Fail: 0.588%\n"}
,{"stream_name":"stdout","time":4049.617123887,"data":"[Game 860] Range: 2-7 | Median/Mean: 4.0 / 3.694 | Fail: 0.698%\n"}
,{"stream_name":"stdout","time":4084.981877808,"data":"[Game 870] Range: 2-7 | Median/Mean: 4.0 / 3.692 | Fail: 0.690%\n"}
,{"stream_name":"stdout","time":4141.134796448,"data":"[Game 880] Range: 2-7 | Median/Mean: 4.0 / 3.697 | Fail: 0.795%\n"}
,{"stream_name":"stdout","time":4173.997022764,"data":"[Game 890] Range: 2-7 | Median/Mean: 4.0 / 3.702 | Fail: 0.787%\n"}
,{"stream_name":"stdout","time":4233.849981849,"data":"[Game 900] Range: 2-7 | Median/Mean: 4.0 / 3.703 | Fail: 0.778%\n"}
,{"stream_name":"stdout","time":4271.536194027,"data":"[Game 910] Range: 2-7 | Median/Mean: 4.0 / 3.703 | Fail: 0.769%\n"}
,{"stream_name":"stdout","time":4319.128101048,"data":"[Game 920] Range: 2-7 | Median/Mean: 4.0 / 3.704 | Fail: 0.761%\n"}
,{"stream_name":"stdout","time":4357.319941874,"data":"[Game 930] Range: 2-7 | Median/Mean: 4.0 / 3.700 | Fail: 0.753%\n"}
,{"stream_name":"stdout","time":4399.315145053,"data":"[Game 940] Range: 2-7 | Median/Mean: 4.0 / 3.702 | Fail: 0.745%\n"}
,{"stream_name":"stdout","time":4454.849841799,"data":"[Game 950] Range: 2-7 | Median/Mean: 4.0 / 3.701 | Fail: 0.737%\n"}
,{"stream_name":"stdout","time":4499.387412425,"data":"[Game 960] Range: 2-7 | Median/Mean: 4.0 / 3.704 | Fail: 0.729%\n"}
,{"stream_name":"stdout","time":4531.099611375,"data":"[Game 970] Range: 2-7 | Median/Mean: 4.0 / 3.706 | Fail: 0.722%\n"}
,{"stream_name":"stdout","time":4583.374268295,"data":"[Game 980] Range: 2-7 | Median/Mean: 4.0 / 3.709 | Fail: 0.714%\n"}
,{"stream_name":"stdout","time":4658.080907811,"data":"[Game 990] Range: 2-7 | Median/Mean: 4.0 / 3.715 | Fail: 0.707%\n"}
,{"stream_name":"stdout","time":4698.264419995,"data":"[Game 1000] Range: 2-7 | Median/Mean: 4.0 / 3.716 | Fail: 0.700%\n"}
,{"stream_name":"stdout","time":4733.149361352,"data":"[Game 1010] Range: 2-7 | Median/Mean: 4.0 / 3.715 | Fail: 0.693%\n"}
,{"stream_name":"stdout","time":4788.367103414,"data":"[Game 1020] Range: 2-7 | Median/Mean: 4.0 / 3.718 | Fail: 0.686%\n"}
,{"stream_name":"stdout","time":4824.053991674,"data":"[Game 1030] Range: 2-7 | Median/Mean: 4.0 / 3.716 | Fail: 0.680%\n"}
,{"stream_name":"stdout","time":4866.030588477,"data":"[Game 1040] Range: 2-7 | Median/Mean: 4.0 / 3.718 | Fail: 0.673%\n"}
,{"stream_name":"stdout","time":4910.023350008,"data":"[Game 1050] Range: 2-7 | Median/Mean: 4.0 / 3.720 | Fail: 0.667%\n"}
,{"stream_name":"stdout","time":4957.410523925,"data":"[Game 1060] Range: 2-7 | Median/Mean: 4.0 / 3.724 | Fail: 0.660%\n"}
,{"stream_name":"stdout","time":4982.391915265,"data":"[Game 1070] Range: 2-7 | Median/Mean: 4.0 / 3.721 | Fail: 0.654%\n"}
,{"stream_name":"stdout","time":5024.776957157,"data":"[Game 1080] Range: 2-7 | Median/Mean: 4.0 / 3.721 | Fail: 0.648%\n"}
,{"stream_name":"stdout","time":5075.160265909,"data":"[Game 1090] Range: 2-7 | Median/Mean: 4.0 / 3.728 | Fail: 0.734%\n"}
,{"stream_name":"stdout","time":5138.806090366,"data":"[Game 1100] Range: 2-7 | Median/Mean: 4.0 / 3.732 | Fail: 0.727%\n"}
,{"stream_name":"stdout","time":5187.087368954,"data":"[Game 1110] Range: 2-7 | Median/Mean: 4.0 / 3.733 | Fail: 0.721%\n"}
,{"stream_name":"stdout","time":5220.484254305,"data":"[Game 1120] Range: 2-7 | Median/Mean: 4.0 / 3.731 | Fail: 0.714%\n"}
,{"stream_name":"stdout","time":5264.561370862,"data":"[Game 1130] Range: 2-7 | Median/Mean: 4.0 / 3.731 | Fail: 0.708%\n"}
,{"stream_name":"stdout","time":5310.573970398,"data":"[Game 1140] Range: 2-7 | Median/Mean: 4.0 / 3.734 | Fail: 0.789%\n"}
,{"stream_name":"stdout","time":5356.007617771,"data":"[Game 1150] Range: 2-7 | Median/Mean: 4.0 / 3.738 | Fail: 0.783%\n"}
,{"stream_name":"stdout","time":5406.67589977,"data":"[Game 1160] Range: 2-7 | Median/Mean: 4.0 / 3.737 | Fail: 0.776%\n"}
,{"stream_name":"stdout","time":5451.351621232,"data":"[Game 1170] Range: 2-7 | Median/Mean: 4.0 / 3.738 | Fail: 0.769%\n"}
,{"stream_name":"stdout","time":5492.608168527,"data":"[Game 1180] Range: 2-7 | Median/Mean: 4.0 / 3.737 | Fail: 0.763%\n"}
,{"stream_name":"stdout","time":5545.681148076,"data":"[Game 1190] Range: 2-7 | Median/Mean: 4.0 / 3.735 | Fail: 0.756%\n"}
,{"stream_name":"stdout","time":5593.408154335,"data":"[Game 1200] Range: 2-7 | Median/Mean: 4.0 / 3.733 | Fail: 0.750%\n"}
,{"stream_name":"stdout","time":5629.671868929,"data":"[Game 1210] Range: 2-7 | Median/Mean: 4.0 / 3.731 | Fail: 0.744%\n"}
,{"stream_name":"stdout","time":5672.688210211,"data":"[Game 1220] Range: 2-7 | Median/Mean: 4.0 / 3.736 | Fail: 0.738%\n"}
,{"stream_name":"stdout","time":5730.5887406,"data":"[Game 1230] Range: 2-8 | Median/Mean: 4.0 / 3.741 | Fail: 0.894%\n"}
,{"stream_name":"stdout","time":5777.556337766,"data":"[Game 1240] Range: 2-8 | Median/Mean: 4.0 / 3.741 | Fail: 0.887%\n"}
,{"stream_name":"stdout","time":5817.1005573,"data":"[Game 1250] Range: 2-8 | Median/Mean: 4.0 / 3.743 | Fail: 0.880%\n"}
,{"stream_name":"stdout","time":5865.377102184,"data":"[Game 1260] Range: 2-8 | Median/Mean: 4.0 / 3.745 | Fail: 0.873%\n"}
,{"stream_name":"stdout","time":5912.184053643,"data":"[Game 1270] Range: 2-8 | Median/Mean: 4.0 / 3.750 | Fail: 0.866%\n"}
,{"stream_name":"stdout","time":5952.814755488,"data":"[Game 1280] Range: 2-8 | Median/Mean: 4.0 / 3.752 | Fail: 0.859%\n"}
,{"stream_name":"stdout","time":5988.163382794,"data":"[Game 1290] Range: 2-8 | Median/Mean: 4.0 / 3.754 | Fail: 0.853%\n"}
,{"stream_name":"stdout","time":6019.487807544,"data":"[Game 1300] Range: 2-8 | Median/Mean: 4.0 / 3.755 | Fail: 0.846%\n"}
,{"stream_name":"stdout","time":6062.246218603,"data":"[Game 1310] Range: 2-8 | Median/Mean: 4.0 / 3.756 | Fail: 0.840%\n"}
,{"stream_name":"stdout","time":6112.165552851,"data":"[Game 1320] Range: 2-8 | Median/Mean: 4.0 / 3.759 | Fail: 0.833%\n"}
,{"stream_name":"stdout","time":6167.775277909,"data":"[Game 1330] Range: 2-8 | Median/Mean: 4.0 / 3.760 | Fail: 0.827%\n"}
,{"stream_name":"stdout","time":6212.760392602,"data":"[Game 1340] Range: 2-8 | Median/Mean: 4.0 / 3.760 | Fail: 0.821%\n"}
,{"stream_name":"stdout","time":6244.043534113,"data":"[Game 1350] Range: 2-8 | Median/Mean: 4.0 / 3.759 | Fail: 0.815%\n"}
,{"stream_name":"stdout","time":6292.518723778,"data":"[Game 1360] Range: 2-8 | Median/Mean: 4.0 / 3.762 | Fail: 0.809%\n"}
,{"stream_name":"stdout","time":6340.88476665,"data":"[Game 1370] Range: 2-8 | Median/Mean: 4.0 / 3.761 | Fail: 0.803%\n"}
,{"stream_name":"stdout","time":6389.962089876,"data":"[Game 1380] Range: 2-8 | Median/Mean: 4.0 / 3.764 | Fail: 0.797%\n"}
,{"stream_name":"stdout","time":6425.226295355,"data":"[Game 1390] Range: 2-8 | Median/Mean: 4.0 / 3.766 | Fail: 0.791%\n"}
,{"stream_name":"stdout","time":6473.001917301,"data":"[Game 1400] Range: 2-8 | Median/Mean: 4.0 / 3.768 | Fail: 0.786%\n"}
,{"stream_name":"stdout","time":6517.205740129,"data":"[Game 1410] Range: 2-8 | Median/Mean: 4.0 / 3.776 | Fail: 0.780%\n"}
,{"stream_name":"stdout","time":6554.132164815,"data":"[Game 1420] Range: 2-8 | Median/Mean: 4.0 / 3.777 | Fail: 0.775%\n"}
,{"stream_name":"stdout","time":6584.739906654,"data":"[Game 1430] Range: 2-8 | Median/Mean: 4.0 / 3.778 | Fail: 0.769%\n"}
,{"stream_name":"stdout","time":6630.664367441,"data":"[Game 1440] Range: 2-8 | Median/Mean: 4.0 / 3.785 | Fail: 0.833%\n"}
,{"stream_name":"stdout","time":6681.36951462,"data":"[Game 1450] Range: 2-8 | Median/Mean: 4.0 / 3.792 | Fail: 0.966%\n"}
,{"stream_name":"stdout","time":6717.975383464,"data":"[Game 1460] Range: 2-8 | Median/Mean: 4.0 / 3.793 | Fail: 0.959%\n"}
,{"stream_name":"stdout","time":6761.209157796,"data":"[Game 1470] Range: 2-8 | Median/Mean: 4.0 / 3.797 | Fail: 0.952%\n"}
,{"stream_name":"stdout","time":6801.388904357,"data":"[Game 1480] Range: 2-8 | Median/Mean: 4.0 / 3.799 | Fail: 0.946%\n"}
,{"stream_name":"stdout","time":6834.545640068,"data":"[Game 1490] Range: 2-8 | Median/Mean: 4.0 / 3.800 | Fail: 0.940%\n"}
,{"stream_name":"stdout","time":6882.039207052,"data":"[Game 1500] Range: 2-8 | Median/Mean: 4.0 / 3.799 | Fail: 0.933%\n"}
,{"stream_name":"stdout","time":6946.052742258,"data":"[Game 1510] Range: 2-8 | Median/Mean: 4.0 / 3.801 | Fail: 0.993%\n"}
,{"stream_name":"stdout","time":6991.564710906,"data":"[Game 1520] Range: 2-8 | Median/Mean: 4.0 / 3.805 | Fail: 0.987%\n"}
,{"stream_name":"stdout","time":7044.117509346,"data":"[Game 1530] Range: 2-8 | Median/Mean: 4.0 / 3.807 | Fail: 0.980%\n"}
,{"stream_name":"stdout","time":7097.736332655,"data":"[Game 1540] Range: 2-8 | Median/Mean: 4.0 / 3.806 | Fail: 0.974%\n"}
,{"stream_name":"stdout","time":7123.348220323,"data":"[Game 1550] Range: 2-8 | Median/Mean: 4.0 / 3.808 | Fail: 1.032%\n"}
,{"stream_name":"stdout","time":7153.913127996,"data":"[Game 1560] Range: 2-8 | Median/Mean: 4.0 / 3.805 | Fail: 1.026%\n"}
,{"stream_name":"stdout","time":7193.573547913,"data":"[Game 1570] Range: 2-8 | Median/Mean: 4.0 / 3.804 | Fail: 1.019%\n"}
,{"stream_name":"stdout","time":7256.199774214,"data":"[Game 1580] Range: 2-8 | Median/Mean: 4.0 / 3.804 | Fail: 1.013%\n"}
,{"stream_name":"stdout","time":7290.92925221,"data":"[Game 1590] Range: 2-8 | Median/Mean: 4.0 / 3.804 | Fail: 1.006%\n"}
,{"stream_name":"stdout","time":7339.274419271,"data":"[Game 1600] Range: 2-8 | Median/Mean: 4.0 / 3.806 | Fail: 1.000%\n"}
,{"stream_name":"stdout","time":7389.650872206,"data":"[Game 1610] Range: 2-8 | Median/Mean: 4.0 / 3.809 | Fail: 0.994%\n"}
,{"stream_name":"stdout","time":7433.997356424,"data":"[Game 1620] Range: 2-8 | Median/Mean: 4.0 / 3.810 | Fail: 0.988%\n"}
,{"stream_name":"stdout","time":7486.08745928,"data":"[Game 1630] Range: 2-8 | Median/Mean: 4.0 / 3.811 | Fail: 0.982%\n"}
,{"stream_name":"stdout","time":7532.279496815,"data":"[Game 1640] Range: 2-8 | Median/Mean: 4.0 / 3.812 | Fail: 0.976%\n"}
,{"stream_name":"stdout","time":7584.184888053,"data":"[Game 1650] Range: 2-8 | Median/Mean: 4.0 / 3.813 | Fail: 0.970%\n"}
,{"stream_name":"stdout","time":7647.758494879,"data":"[Game 1660] Range: 2-8 | Median/Mean: 4.0 / 3.819 | Fail: 1.084%\n"}
,{"stream_name":"stdout","time":7691.507599752,"data":"[Game 1670] Range: 1-8 | Median/Mean: 4.0 / 3.819 | Fail: 1.078%\n"}
,{"stream_name":"stdout","time":7736.810874814,"data":"[Game 1680] Range: 1-8 | Median/Mean: 4.0 / 3.821 | Fail: 1.071%\n"}
,{"stream_name":"stdout","time":7787.527097074,"data":"[Game 1690] Range: 1-8 | Median/Mean: 4.0 / 3.821 | Fail: 1.065%\n"}
,{"stream_name":"stdout","time":7824.631527508,"data":"[Game 1700] Range: 1-8 | Median/Mean: 4.0 / 3.824 | Fail: 1.059%\n"}
,{"stream_name":"stdout","time":7864.537265281,"data":"[Game 1710] Range: 1-8 | Median/Mean: 4.0 / 3.825 | Fail: 1.053%\n"}
,{"stream_name":"stdout","time":7898.804623758,"data":"[Game 1720] Range: 1-8 | Median/Mean: 4.0 / 3.824 | Fail: 1.047%\n"}
,{"stream_name":"stdout","time":7948.515109367,"data":"[Game 1730] Range: 1-8 | Median/Mean: 4.0 / 3.826 | Fail: 1.040%\n"}
,{"stream_name":"stdout","time":8003.062638382,"data":"[Game 1740] Range: 1-8 | Median/Mean: 4.0 / 3.831 | Fail: 1.149%\n"}
,{"stream_name":"stdout","time":8051.780393449,"data":"[Game 1750] Range: 1-8 | Median/Mean: 4.0 / 3.831 | Fail: 1.143%\n"}
,{"stream_name":"stdout","time":8111.305254647,"data":"[Game 1760] Range: 1-8 | Median/Mean: 4.0 / 3.831 | Fail: 1.136%\n"}
,{"stream_name":"stdout","time":8173.433903744,"data":"[Game 1770] Range: 1-8 | Median/Mean: 4.0 / 3.832 | Fail: 1.130%\n"}
,{"stream_name":"stdout","time":8225.598629086,"data":"[Game 1780] Range: 1-8 | Median/Mean: 4.0 / 3.832 | Fail: 1.124%\n"}
,{"stream_name":"stdout","time":8270.105997736,"data":"[Game 1790] Range: 1-8 | Median/Mean: 4.0 / 3.834 | Fail: 1.117%\n"}
,{"stream_name":"stdout","time":8310.276374205,"data":"[Game 1800] Range: 1-8 | Median/Mean: 4.0 / 3.833 | Fail: 1.111%\n"}
,{"stream_name":"stdout","time":8352.446094982,"data":"[Game 1810] Range: 1-8 | Median/Mean: 4.0 / 3.837 | Fail: 1.160%\n"}
,{"stream_name":"stdout","time":8407.025502585,"data":"[Game 1820] Range: 1-8 | Median/Mean: 4.0 / 3.837 | Fail: 1.154%\n"}
,{"stream_name":"stdout","time":8465.120689023,"data":"[Game 1830] Range: 1-8 | Median/Mean: 4.0 / 3.837 | Fail: 1.148%\n"}
,{"stream_name":"stdout","time":8509.986083517,"data":"[Game 1840] Range: 1-8 | Median/Mean: 4.0 / 3.839 | Fail: 1.141%\n"}
,{"stream_name":"stdout","time":8561.86884241,"data":"[Game 1850] Range: 1-8 | Median/Mean: 4.0 / 3.841 | Fail: 1.135%\n"}
,{"stream_name":"stdout","time":8590.037862399,"data":"[Game 1860] Range: 1-8 | Median/Mean: 4.0 / 3.839 | Fail: 1.129%\n"}
,{"stream_name":"stdout","time":8645.844820327,"data":"[Game 1870] Range: 1-8 | Median/Mean: 4.0 / 3.841 | Fail: 1.123%\n"}
,{"stream_name":"stdout","time":8711.217238209,"data":"[Game 1880] Range: 1-9 | Median/Mean: 4.0 / 3.850 | Fail: 1.277%\n"}
,{"stream_name":"stdout","time":8760.943588302,"data":"[Game 1890] Range: 1-9 | Median/Mean: 4.0 / 3.849 | Fail: 1.270%\n"}
,{"stream_name":"stdout","time":8818.808701699,"data":"[Game 1900] Range: 1-9 | Median/Mean: 4.0 / 3.853 | Fail: 1.316%\n"}
,{"stream_name":"stdout","time":8862.036637224,"data":"[Game 1910] Range: 1-9 | Median/Mean: 4.0 / 3.858 | Fail: 1.414%\n"}
,{"stream_name":"stdout","time":8905.417259519,"data":"[Game 1920] Range: 1-9 | Median/Mean: 4.0 / 3.857 | Fail: 1.406%\n"}
,{"stream_name":"stdout","time":8965.266108288,"data":"[Game 1930] Range: 1-9 | Median/Mean: 4.0 / 3.859 | Fail: 1.399%\n"}
,{"stream_name":"stdout","time":9031.369105133,"data":"[Game 1940] Range: 1-9 | Median/Mean: 4.0 / 3.861 | Fail: 1.392%\n"}
,{"stream_name":"stdout","time":9068.166565942,"data":"[Game 1950] Range: 1-9 | Median/Mean: 4.0 / 3.861 | Fail: 1.385%\n"}
,{"stream_name":"stdout","time":9135.776242665,"data":"[Game 1960] Range: 1-9 | Median/Mean: 4.0 / 3.862 | Fail: 1.429%\n"}
,{"stream_name":"stdout","time":9173.268373387,"data":"[Game 1970] Range: 1-9 | Median/Mean: 4.0 / 3.862 | Fail: 1.421%\n"}
,{"stream_name":"stdout","time":9216.052984301,"data":"[Game 1980] Range: 1-9 | Median/Mean: 4.0 / 3.862 | Fail: 1.414%\n"}
,{"stream_name":"stdout","time":9262.194875406,"data":"[Game 1990] Range: 1-9 | Median/Mean: 4.0 / 3.860 | Fail: 1.407%\n"}
,{"stream_name":"stdout","time":9307.638370537,"data":"[Game 2000] Range: 1-9 | Median/Mean: 4.0 / 3.861 | Fail: 1.400%\n"}
,{"stream_name":"stdout","time":9356.329166908,"data":"[Game 2010] Range: 1-9 | Median/Mean: 4.0 / 3.864 | Fail: 1.393%\n"}
,{"stream_name":"stdout","time":9399.397901723,"data":"[Game 2020] Range: 1-9 | Median/Mean: 4.0 / 3.867 | Fail: 1.436%\n"}
,{"stream_name":"stdout","time":9446.52471898,"data":"[Game 2030] Range: 1-9 | Median/Mean: 4.0 / 3.868 | Fail: 1.429%\n"}
,{"stream_name":"stdout","time":9495.990729388,"data":"[Game 2040] Range: 1-9 | Median/Mean: 4.0 / 3.871 | Fail: 1.471%\n"}
,{"stream_name":"stdout","time":9545.951177039,"data":"[Game 2050] Range: 1-9 | Median/Mean: 4.0 / 3.872 | Fail: 1.463%\n"}
,{"stream_name":"stdout","time":9582.204567568,"data":"[Game 2060] Range: 1-9 | Median/Mean: 4.0 / 3.872 | Fail: 1.456%\n"}
,{"stream_name":"stdout","time":9636.200306242,"data":"[Game 2070] Range: 1-9 | Median/Mean: 4.0 / 3.878 | Fail: 1.498%\n"}
,{"stream_name":"stdout","time":9689.08921043,"data":"[Game 2080] Range: 1-9 | Median/Mean: 4.0 / 3.879 | Fail: 1.490%\n"}
,{"stream_name":"stdout","time":9729.048731653,"data":"[Game 2090] Range: 1-9 | Median/Mean: 4.0 / 3.878 | Fail: 1.483%\n"}
,{"stream_name":"stdout","time":9782.438521081,"data":"[Game 2100] Range: 1-9 | Median/Mean: 4.0 / 3.882 | Fail: 1.524%\n"}
,{"stream_name":"stdout","time":9849.885217295,"data":"[Game 2110] Range: 1-9 | Median/Mean: 4.0 / 3.882 | Fail: 1.517%\n"}
,{"stream_name":"stdout","time":9902.81664158,"data":"[Game 2120] Range: 1-9 | Median/Mean: 4.0 / 3.883 | Fail: 1.509%\n"}
,{"stream_name":"stdout","time":9955.835446874,"data":"[Game 2130] Range: 1-9 | Median/Mean: 4.0 / 3.885 | Fail: 1.502%\n"}
,{"stream_name":"stdout","time":10018.681814476,"data":"[Game 2140] Range: 1-9 | Median/Mean: 4.0 / 3.886 | Fail: 1.495%\n"}
,{"stream_name":"stdout","time":10074.723776223,"data":"[Game 2150] Range: 1-9 | Median/Mean: 4.0 / 3.889 | Fail: 1.488%\n"}
,{"stream_name":"stdout","time":10127.220662214,"data":"[Game 2160] Range: 1-9 | Median/Mean: 4.0 / 3.892 | Fail: 1.481%\n"}
,{"stream_name":"stdout","time":10182.227227697,"data":"[Game 2170] Range: 1-9 | Median/Mean: 4.0 / 3.893 | Fail: 1.521%\n"}
,{"stream_name":"stdout","time":10240.035897675,"data":"[Game 2180] Range: 1-9 | Median/Mean: 4.0 / 3.895 | Fail: 1.514%\n"}
,{"stream_name":"stdout","time":10283.490740922,"data":"[Game 2190] Range: 1-9 | Median/Mean: 4.0 / 3.897 | Fail: 1.507%\n"}
,{"stream_name":"stdout","time":10324.065498837,"data":"[Game 2200] Range: 1-9 | Median/Mean: 4.0 / 3.899 | Fail: 1.500%\n"}
,{"stream_name":"stdout","time":10376.595902159,"data":"[Game 2210] Range: 1-9 | Median/Mean: 4.0 / 3.900 | Fail: 1.538%\n"}
,{"stream_name":"stdout","time":10427.587753207,"data":"[Game 2220] Range: 1-9 | Median/Mean: 4.0 / 3.903 | Fail: 1.577%\n"}
,{"stream_name":"stdout","time":10483.781149959,"data":"[Game 2230] Range: 1-9 | Median/Mean: 4.0 / 3.905 | Fail: 1.614%\n"}
,{"stream_name":"stdout","time":10511.087510992,"data":"[Game 2240] Range: 1-9 | Median/Mean: 4.0 / 3.906 | Fail: 1.607%\n"}
,{"stream_name":"stdout","time":10557.004799387,"data":"[Game 2250] Range: 1-9 | Median/Mean: 4.0 / 3.908 | Fail: 1.644%\n"}
,{"stream_name":"stdout","time":10605.070750299,"data":"[Game 2260] Range: 1-9 | Median/Mean: 4.0 / 3.910 | Fail: 1.681%\n"}
,{"stream_name":"stdout","time":10646.285003625,"data":"[Game 2270] Range: 1-9 | Median/Mean: 4.0 / 3.909 | Fail: 1.674%\n"}
,{"stream_name":"stdout","time":10694.302310849,"data":"[Game 2280] Range: 1-9 | Median/Mean: 4.0 / 3.910 | Fail: 1.667%\n"}
,{"stream_name":"stdout","time":10751.740984883,"data":"[Game 2290] Range: 1-9 | Median/Mean: 4.0 / 3.912 | Fail: 1.703%\n"}
,{"stream_name":"stdout","time":10783.471084438,"data":"[Game 2300] Range: 1-9 | Median/Mean: 4.0 / 3.913 | Fail: 1.739%\n"}
,{"stream_name":"stdout","time":10818.231999128,"data":"[Game 2310] Range: 1-9 | Median/Mean: 4.0 / 3.913 | Fail: 1.732%\n"}
,{"stream_name":"stdout","time":10827.899561905,"data":"Summary:\n"}
,{"stream_name":"stdout","time":10827.915785752,"data":"Distribution across steps:\n"}
,{"stream_name":"stdout","time":10827.922889076,"data":"Key Metrics:\n"}
,{"stream_name":"stderr","time":10832.418857715,"data":"/opt/conda/lib/python3.7/site-packages/traitlets/traitlets.py:2567: FutureWarning: --Exporter.preprocessors=[\"remove_papermill_header.RemovePapermillHeader\"] for containers is deprecated in traitlets 5.0. You can pass `--Exporter.preprocessors item` ... multiple times to add items to a list.\n"}
,{"stream_name":"stderr","time":10832.418924805,"data":"  FutureWarning,\n"}
,{"stream_name":"stderr","time":10832.418933826,"data":"[NbConvertApp] Converting notebook __notebook__.ipynb to notebook\n"}
,{"stream_name":"stderr","time":10832.836334639,"data":"[NbConvertApp] Writing 32731 bytes to __notebook__.ipynb\n"}
,{"stream_name":"stderr","time":10835.326933484,"data":"/opt/conda/lib/python3.7/site-packages/traitlets/traitlets.py:2567: FutureWarning: --Exporter.preprocessors=[\"nbconvert.preprocessors.ExtractOutputPreprocessor\"] for containers is deprecated in traitlets 5.0. You can pass `--Exporter.preprocessors item` ... multiple times to add items to a list.\n"}
,{"stream_name":"stderr","time":10835.326996699,"data":"  FutureWarning,\n"}
,{"stream_name":"stderr","time":10835.32700449,"data":"[NbConvertApp] Converting notebook __notebook__.ipynb to html\n"}
,{"stream_name":"stderr","time":10835.958219889,"data":"[NbConvertApp] Writing 306974 bytes to __results__.html\n"}
]