[{"stream_name":"stderr","time":12.647038428,"data":"/opt/conda/lib/python3.7/site-packages/papermill/iorw.py:50: FutureWarning: pyarrow.HadoopFileSystem is deprecated as of 2.0.0, please use pyarrow.fs.HadoopFileSystem instead.\n"}
,{"stream_name":"stderr","time":12.647261996,"data":"  from pyarrow import HadoopFileSystem\n"}
,{"stream_name":"stdout","time":13.427062606,"data":"[ ---------- SOARE ----------]\n"}
,{"stream_name":"stdout","time":60.951700296,"data":"[Game 10] Range: 3-4 | Median/Mean: 3.0 / 3.300 | Fail: 0.000%\n"}
,{"stream_name":"stdout","time":100.82781747,"data":"[Game 20] Range: 2-4 | Median/Mean: 3.0 / 3.300 | Fail: 0.000%\n"}
,{"stream_name":"stdout","time":133.784360942,"data":"[Game 30] Range: 2-5 | Median/Mean: 3.0 / 3.333 | Fail: 0.000%\n"}
,{"stream_name":"stdout","time":186.946846083,"data":"[Game 40] Range: 2-6 | Median/Mean: 3.0 / 3.525 | Fail: 0.000%\n"}
,{"stream_name":"stdout","time":231.514354341,"data":"[Game 50] Range: 2-6 | Median/Mean: 3.5 / 3.560 | Fail: 0.000%\n"}
,{"stream_name":"stdout","time":274.982084649,"data":"[Game 60] Range: 2-6 | Median/Mean: 3.0 / 3.550 | Fail: 0.000%\n"}
,{"stream_name":"stdout","time":313.072354481,"data":"[Game 70] Range: 2-6 | Median/Mean: 3.0 / 3.500 | Fail: 0.000%\n"}
,{"stream_name":"stdout","time":345.02152088,"data":"[Game 80] Range: 2-6 | Median/Mean: 3.0 / 3.487 | Fail: 0.000%\n"}
,{"stream_name":"stdout","time":374.965913297,"data":"[Game 90] Range: 2-6 | Median/Mean: 3.0 / 3.522 | Fail: 0.000%\n"}
,{"stream_name":"stdout","time":425.752834347,"data":"[Game 100] Range: 2-6 | Median/Mean: 3.0 / 3.530 | Fail: 0.000%\n"}
,{"stream_name":"stdout","time":455.618676854,"data":"[Game 110] Range: 2-6 | Median/Mean: 3.5 / 3.555 | Fail: 0.000%\n"}
,{"stream_name":"stdout","time":507.703208706,"data":"[Game 120] Range: 2-6 | Median/Mean: 3.5 / 3.575 | Fail: 0.000%\n"}
,{"stream_name":"stdout","time":559.969481201,"data":"[Game 130] Range: 2-6 | Median/Mean: 4.0 / 3.592 | Fail: 0.000%\n"}
,{"stream_name":"stdout","time":599.458971697,"data":"[Game 140] Range: 2-6 | Median/Mean: 4.0 / 3.600 | Fail: 0.000%\n"}
,{"stream_name":"stdout","time":647.499348626,"data":"[Game 150] Range: 2-6 | Median/Mean: 4.0 / 3.607 | Fail: 0.000%\n"}
,{"stream_name":"stdout","time":682.490382849,"data":"[Game 160] Range: 2-6 | Median/Mean: 4.0 / 3.619 | Fail: 0.000%\n"}
,{"stream_name":"stdout","time":714.33189813,"data":"[Game 170] Range: 2-6 | Median/Mean: 4.0 / 3.588 | Fail: 0.000%\n"}
,{"stream_name":"stdout","time":755.10820918,"data":"[Game 180] Range: 2-6 | Median/Mean: 4.0 / 3.578 | Fail: 0.000%\n"}
,{"stream_name":"stdout","time":792.193867612,"data":"[Game 190] Range: 2-6 | Median/Mean: 4.0 / 3.595 | Fail: 0.000%\n"}
,{"stream_name":"stdout","time":818.456581012,"data":"[Game 200] Range: 2-6 | Median/Mean: 4.0 / 3.565 | Fail: 0.000%\n"}
,{"stream_name":"stdout","time":866.184853298,"data":"[Game 210] Range: 2-6 | Median/Mean: 4.0 / 3.595 | Fail: 0.000%\n"}
,{"stream_name":"stdout","time":913.334693438,"data":"[Game 220] Range: 2-6 | Median/Mean: 4.0 / 3.586 | Fail: 0.000%\n"}
,{"stream_name":"stdout","time":951.631968451,"data":"[Game 230] Range: 2-6 | Median/Mean: 4.0 / 3.578 | Fail: 0.000%\n"}
,{"stream_name":"stdout","time":997.994933711,"data":"[Game 240] Range: 2-6 | Median/Mean: 4.0 / 3.596 | Fail: 0.000%\n"}
,{"stream_name":"stdout","time":1033.936945006,"data":"[Game 250] Range: 2-6 | Median/Mean: 4.0 / 3.584 | Fail: 0.000%\n"}
,{"stream_name":"stdout","time":1059.676704832,"data":"[Game 260] Range: 2-6 | Median/Mean: 4.0 / 3.592 | Fail: 0.000%\n"}
,{"stream_name":"stdout","time":1095.644335156,"data":"[Game 270] Range: 2-6 | Median/Mean: 4.0 / 3.589 | Fail: 0.000%\n"}
,{"stream_name":"stdout","time":1140.905021078,"data":"[Game 280] Range: 2-6 | Median/Mean: 4.0 / 3.589 | Fail: 0.000%\n"}
,{"stream_name":"stdout","time":1181.324672224,"data":"[Game 290] Range: 2-6 | Median/Mean: 4.0 / 3.593 | Fail: 0.000%\n"}
,{"stream_name":"stdout","time":1206.266668971,"data":"[Game 300] Range: 2-6 | Median/Mean: 4.0 / 3.583 | Fail: 0.000%\n"}
,{"stream_name":"stdout","time":1239.268582445,"data":"[Game 310] Range: 2-6 | Median/Mean: 4.0 / 3.577 | Fail: 0.000%\n"}
,{"stream_name":"stdout","time":1256.484657733,"data":"[Game 320] Range: 2-7 | Median/Mean: 4.0 / 3.591 | Fail: 0.312%\n"}
,{"stream_name":"stdout","time":1288.815598697,"data":"[Game 330] Range: 2-7 | Median/Mean: 4.0 / 3.591 | Fail: 0.303%\n"}
,{"stream_name":"stdout","time":1334.064105399,"data":"[Game 340] Range: 2-7 | Median/Mean: 4.0 / 3.594 | Fail: 0.294%\n"}
,{"stream_name":"stdout","time":1382.854107142,"data":"[Game 350] Range: 2-7 | Median/Mean: 4.0 / 3.594 | Fail: 0.286%\n"}
,{"stream_name":"stdout","time":1424.301526603,"data":"[Game 360] Range: 2-7 | Median/Mean: 4.0 / 3.597 | Fail: 0.278%\n"}
,{"stream_name":"stdout","time":1471.937346184,"data":"[Game 370] Range: 2-7 | Median/Mean: 4.0 / 3.597 | Fail: 0.270%\n"}
,{"stream_name":"stdout","time":1519.01178219,"data":"[Game 380] Range: 2-7 | Median/Mean: 4.0 / 3.592 | Fail: 0.263%\n"}
,{"stream_name":"stdout","time":1570.856800707,"data":"[Game 390] Range: 2-7 | Median/Mean: 4.0 / 3.597 | Fail: 0.256%\n"}
,{"stream_name":"stdout","time":1603.264952971,"data":"[Game 400] Range: 2-7 | Median/Mean: 4.0 / 3.603 | Fail: 0.250%\n"}
,{"stream_name":"stdout","time":1665.301935364,"data":"[Game 410] Range: 2-7 | Median/Mean: 4.0 / 3.605 | Fail: 0.244%\n"}
,{"stream_name":"stdout","time":1704.779749927,"data":"[Game 420] Range: 2-7 | Median/Mean: 4.0 / 3.600 | Fail: 0.238%\n"}
,{"stream_name":"stdout","time":1749.41438097,"data":"[Game 430] Range: 2-7 | Median/Mean: 4.0 / 3.612 | Fail: 0.233%\n"}
,{"stream_name":"stdout","time":1807.74195317,"data":"[Game 440] Range: 2-7 | Median/Mean: 4.0 / 3.614 | Fail: 0.227%\n"}
,{"stream_name":"stdout","time":1856.368096905,"data":"[Game 450] Range: 2-7 | Median/Mean: 4.0 / 3.613 | Fail: 0.222%\n"}
,{"stream_name":"stdout","time":1901.548874567,"data":"[Game 460] Range: 2-7 | Median/Mean: 4.0 / 3.620 | Fail: 0.217%\n"}
,{"stream_name":"stdout","time":1949.617129968,"data":"[Game 470] Range: 2-7 | Median/Mean: 4.0 / 3.609 | Fail: 0.213%\n"}
,{"stream_name":"stdout","time":2002.841928554,"data":"[Game 480] Range: 2-7 | Median/Mean: 4.0 / 3.606 | Fail: 0.208%\n"}
,{"stream_name":"stdout","time":2024.851625887,"data":"[Game 490] Range: 2-7 | Median/Mean: 4.0 / 3.606 | Fail: 0.204%\n"}
,{"stream_name":"stdout","time":2071.350864183,"data":"[Game 500] Range: 2-7 | Median/Mean: 4.0 / 3.610 | Fail: 0.200%\n"}
,{"stream_name":"stdout","time":2114.209921834,"data":"[Game 510] Range: 2-7 | Median/Mean: 4.0 / 3.612 | Fail: 0.196%\n"}
,{"stream_name":"stdout","time":2149.999143142,"data":"[Game 520] Range: 2-7 | Median/Mean: 4.0 / 3.617 | Fail: 0.192%\n"}
,{"stream_name":"stdout","time":2203.038475436,"data":"[Game 530] Range: 2-7 | Median/Mean: 4.0 / 3.621 | Fail: 0.189%\n"}
,{"stream_name":"stdout","time":2256.526094983,"data":"[Game 540] Range: 2-7 | Median/Mean: 4.0 / 3.622 | Fail: 0.370%\n"}
,{"stream_name":"stdout","time":2302.614950488,"data":"[Game 550] Range: 2-7 | Median/Mean: 4.0 / 3.631 | Fail: 0.364%\n"}
,{"stream_name":"stdout","time":2351.138939247,"data":"[Game 560] Range: 2-7 | Median/Mean: 4.0 / 3.636 | Fail: 0.357%\n"}
,{"stream_name":"stdout","time":2392.382421954,"data":"[Game 570] Range: 2-7 | Median/Mean: 4.0 / 3.635 | Fail: 0.351%\n"}
,{"stream_name":"stdout","time":2431.271557054,"data":"[Game 580] Range: 2-7 | Median/Mean: 4.0 / 3.640 | Fail: 0.345%\n"}
,{"stream_name":"stdout","time":2485.607683393,"data":"[Game 590] Range: 2-7 | Median/Mean: 4.0 / 3.647 | Fail: 0.508%\n"}
,{"stream_name":"stdout","time":2526.920964397,"data":"[Game 600] Range: 2-7 | Median/Mean: 4.0 / 3.642 | Fail: 0.500%\n"}
,{"stream_name":"stdout","time":2573.255650548,"data":"[Game 610] Range: 2-7 | Median/Mean: 4.0 / 3.641 | Fail: 0.492%\n"}
,{"stream_name":"stdout","time":2606.821926032,"data":"[Game 620] Range: 2-7 | Median/Mean: 4.0 / 3.640 | Fail: 0.484%\n"}
,{"stream_name":"stdout","time":2649.022715458,"data":"[Game 630] Range: 2-7 | Median/Mean: 4.0 / 3.641 | Fail: 0.476%\n"}
,{"stream_name":"stdout","time":2696.899564307,"data":"[Game 640] Range: 2-7 | Median/Mean: 4.0 / 3.638 | Fail: 0.469%\n"}
,{"stream_name":"stdout","time":2737.532990326,"data":"[Game 650] Range: 2-7 | Median/Mean: 4.0 / 3.640 | Fail: 0.462%\n"}
,{"stream_name":"stdout","time":2773.204433672,"data":"[Game 660] Range: 2-7 | Median/Mean: 4.0 / 3.641 | Fail: 0.455%\n"}
,{"stream_name":"stdout","time":2820.025381227,"data":"[Game 670] Range: 2-7 | Median/Mean: 4.0 / 3.646 | Fail: 0.448%\n"}
,{"stream_name":"stdout","time":2861.27892403,"data":"[Game 680] Range: 2-7 | Median/Mean: 4.0 / 3.638 | Fail: 0.441%\n"}
,{"stream_name":"stdout","time":2909.800448548,"data":"[Game 690] Range: 2-7 | Median/Mean: 4.0 / 3.638 | Fail: 0.435%\n"}
,{"stream_name":"stdout","time":2953.145711403,"data":"[Game 700] Range: 2-7 | Median/Mean: 4.0 / 3.643 | Fail: 0.429%\n"}
,{"stream_name":"stdout","time":3004.422888793,"data":"[Game 710] Range: 2-7 | Median/Mean: 4.0 / 3.649 | Fail: 0.423%\n"}
,{"stream_name":"stdout","time":3054.221420922,"data":"[Game 720] Range: 2-7 | Median/Mean: 4.0 / 3.650 | Fail: 0.417%\n"}
,{"stream_name":"stdout","time":3086.845298327,"data":"[Game 730] Range: 2-7 | Median/Mean: 4.0 / 3.653 | Fail: 0.411%\n"}
,{"stream_name":"stdout","time":3150.232977156,"data":"[Game 740] Range: 2-7 | Median/Mean: 4.0 / 3.657 | Fail: 0.405%\n"}
,{"stream_name":"stdout","time":3203.834652828,"data":"[Game 750] Range: 2-7 | Median/Mean: 4.0 / 3.655 | Fail: 0.400%\n"}
,{"stream_name":"stdout","time":3256.278844265,"data":"[Game 760] Range: 2-7 | Median/Mean: 4.0 / 3.658 | Fail: 0.395%\n"}
,{"stream_name":"stdout","time":3304.078046614,"data":"[Game 770] Range: 2-7 | Median/Mean: 4.0 / 3.656 | Fail: 0.390%\n"}
,{"stream_name":"stdout","time":3356.655910996,"data":"[Game 780] Range: 2-7 | Median/Mean: 4.0 / 3.663 | Fail: 0.513%\n"}
,{"stream_name":"stdout","time":3405.635830715,"data":"[Game 790] Range: 2-7 | Median/Mean: 4.0 / 3.668 | Fail: 0.633%\n"}
,{"stream_name":"stdout","time":3442.961850623,"data":"[Game 800] Range: 2-7 | Median/Mean: 4.0 / 3.663 | Fail: 0.625%\n"}
,{"stream_name":"stdout","time":3483.658196912,"data":"[Game 810] Range: 2-7 | Median/Mean: 4.0 / 3.660 | Fail: 0.617%\n"}
,{"stream_name":"stdout","time":3524.936547099,"data":"[Game 820] Range: 2-7 | Median/Mean: 4.0 / 3.657 | Fail: 0.610%\n"}
,{"stream_name":"stdout","time":3575.827220061,"data":"[Game 830] Range: 2-7 | Median/Mean: 4.0 / 3.664 | Fail: 0.723%\n"}
,{"stream_name":"stdout","time":3618.657126904,"data":"[Game 840] Range: 2-7 | Median/Mean: 4.0 / 3.661 | Fail: 0.714%\n"}
,{"stream_name":"stdout","time":3671.012056056,"data":"[Game 850] Range: 2-7 | Median/Mean: 4.0 / 3.660 | Fail: 0.824%\n"}
,{"stream_name":"stdout","time":3727.002407503,"data":"[Game 860] Range: 2-7 | Median/Mean: 4.0 / 3.663 | Fail: 0.814%\n"}
,{"stream_name":"stdout","time":3754.97035907,"data":"[Game 870] Range: 2-7 | Median/Mean: 4.0 / 3.660 | Fail: 0.805%\n"}
,{"stream_name":"stdout","time":3798.014130583,"data":"[Game 880] Range: 2-7 | Median/Mean: 4.0 / 3.664 | Fail: 0.909%\n"}
,{"stream_name":"stdout","time":3832.68447299,"data":"[Game 890] Range: 2-7 | Median/Mean: 4.0 / 3.666 | Fail: 0.899%\n"}
,{"stream_name":"stdout","time":3885.005951433,"data":"[Game 900] Range: 2-7 | Median/Mean: 4.0 / 3.667 | Fail: 0.889%\n"}
,{"stream_name":"stdout","time":3925.091344728,"data":"[Game 910] Range: 2-7 | Median/Mean: 4.0 / 3.668 | Fail: 0.879%\n"}
,{"stream_name":"stdout","time":3971.737630282,"data":"[Game 920] Range: 2-7 | Median/Mean: 4.0 / 3.668 | Fail: 0.870%\n"}
,{"stream_name":"stdout","time":4013.53836105,"data":"[Game 930] Range: 2-7 | Median/Mean: 4.0 / 3.665 | Fail: 0.860%\n"}
,{"stream_name":"stdout","time":4048.291512616,"data":"[Game 940] Range: 2-7 | Median/Mean: 4.0 / 3.669 | Fail: 0.851%\n"}
,{"stream_name":"stdout","time":4105.864466633,"data":"[Game 950] Range: 2-7 | Median/Mean: 4.0 / 3.672 | Fail: 0.842%\n"}
,{"stream_name":"stdout","time":4139.804524423,"data":"[Game 960] Range: 2-7 | Median/Mean: 4.0 / 3.672 | Fail: 0.833%\n"}
,{"stream_name":"stdout","time":4197.253094697,"data":"[Game 970] Range: 2-7 | Median/Mean: 4.0 / 3.671 | Fail: 0.825%\n"}
,{"stream_name":"stdout","time":4249.729161083,"data":"[Game 980] Range: 2-7 | Median/Mean: 4.0 / 3.671 | Fail: 0.816%\n"}
,{"stream_name":"stdout","time":4317.266110548,"data":"[Game 990] Range: 2-7 | Median/Mean: 4.0 / 3.678 | Fail: 0.808%\n"}
,{"stream_name":"stdout","time":4365.763882186,"data":"[Game 1000] Range: 2-7 | Median/Mean: 4.0 / 3.685 | Fail: 0.800%\n"}
,{"stream_name":"stdout","time":4392.802946045,"data":"[Game 1010] Range: 2-7 | Median/Mean: 4.0 / 3.687 | Fail: 0.792%\n"}
,{"stream_name":"stdout","time":4438.322190834,"data":"[Game 1020] Range: 2-7 | Median/Mean: 4.0 / 3.684 | Fail: 0.784%\n"}
,{"stream_name":"stdout","time":4478.088498617,"data":"[Game 1030] Range: 2-7 | Median/Mean: 4.0 / 3.687 | Fail: 0.777%\n"}
,{"stream_name":"stdout","time":4517.165673824,"data":"[Game 1040] Range: 2-7 | Median/Mean: 4.0 / 3.689 | Fail: 0.769%\n"}
,{"stream_name":"stdout","time":4571.606351951,"data":"[Game 1050] Range: 2-7 | Median/Mean: 4.0 / 3.693 | Fail: 0.762%\n"}
,{"stream_name":"stdout","time":4614.586550567,"data":"[Game 1060] Range: 2-7 | Median/Mean: 4.0 / 3.697 | Fail: 0.755%\n"}
,{"stream_name":"stdout","time":4651.013909002,"data":"[Game 1070] Range: 2-7 | Median/Mean: 4.0 / 3.693 | Fail: 0.748%\n"}
,{"stream_name":"stdout","time":4677.823725757,"data":"[Game 1080] Range: 2-7 | Median/Mean: 4.0 / 3.692 | Fail: 0.741%\n"}
,{"stream_name":"stdout","time":4720.4047377,"data":"[Game 1090] Range: 2-7 | Median/Mean: 4.0 / 3.699 | Fail: 0.826%\n"}
,{"stream_name":"stdout","time":4773.057625339,"data":"[Game 1100] Range: 2-7 | Median/Mean: 4.0 / 3.703 | Fail: 0.909%\n"}
,{"stream_name":"stdout","time":4804.652900168,"data":"[Game 1110] Range: 2-7 | Median/Mean: 4.0 / 3.705 | Fail: 0.901%\n"}
,{"stream_name":"stdout","time":4854.101320781,"data":"[Game 1120] Range: 2-7 | Median/Mean: 4.0 / 3.705 | Fail: 0.893%\n"}
,{"stream_name":"stdout","time":4896.4052613,"data":"[Game 1130] Range: 2-7 | Median/Mean: 4.0 / 3.705 | Fail: 0.885%\n"}
,{"stream_name":"stdout","time":4947.553604625,"data":"[Game 1140] Range: 2-7 | Median/Mean: 4.0 / 3.705 | Fail: 0.877%\n"}
,{"stream_name":"stdout","time":4978.948890397,"data":"[Game 1150] Range: 2-7 | Median/Mean: 4.0 / 3.709 | Fail: 0.870%\n"}
,{"stream_name":"stdout","time":5023.357217084,"data":"[Game 1160] Range: 2-7 | Median/Mean: 4.0 / 3.708 | Fail: 0.862%\n"}
,{"stream_name":"stdout","time":5066.25046854,"data":"[Game 1170] Range: 2-7 | Median/Mean: 4.0 / 3.706 | Fail: 0.855%\n"}
,{"stream_name":"stdout","time":5098.266400743,"data":"[Game 1180] Range: 2-7 | Median/Mean: 4.0 / 3.703 | Fail: 0.847%\n"}
,{"stream_name":"stdout","time":5152.42147143,"data":"[Game 1190] Range: 2-7 | Median/Mean: 4.0 / 3.708 | Fail: 0.924%\n"}
,{"stream_name":"stdout","time":5193.923221349,"data":"[Game 1200] Range: 2-7 | Median/Mean: 4.0 / 3.706 | Fail: 0.917%\n"}
,{"stream_name":"stdout","time":5242.686048716,"data":"[Game 1210] Range: 2-7 | Median/Mean: 4.0 / 3.706 | Fail: 0.909%\n"}
,{"stream_name":"stdout","time":5283.159888418,"data":"[Game 1220] Range: 2-7 | Median/Mean: 4.0 / 3.710 | Fail: 0.902%\n"}
,{"stream_name":"stdout","time":5328.177825449,"data":"[Game 1230] Range: 2-8 | Median/Mean: 4.0 / 3.714 | Fail: 1.057%\n"}
,{"stream_name":"stdout","time":5364.053164924,"data":"[Game 1240] Range: 2-8 | Median/Mean: 4.0 / 3.713 | Fail: 1.048%\n"}
,{"stream_name":"stdout","time":5407.191943116,"data":"[Game 1250] Range: 2-8 | Median/Mean: 4.0 / 3.714 | Fail: 1.040%\n"}
,{"stream_name":"stdout","time":5448.360279233,"data":"[Game 1260] Range: 2-8 | Median/Mean: 4.0 / 3.715 | Fail: 1.032%\n"}
,{"stream_name":"stdout","time":5494.960574207,"data":"[Game 1270] Range: 2-8 | Median/Mean: 4.0 / 3.720 | Fail: 1.024%\n"}
,{"stream_name":"stdout","time":5528.439069236,"data":"[Game 1280] Range: 2-8 | Median/Mean: 4.0 / 3.722 | Fail: 1.016%\n"}
,{"stream_name":"stdout","time":5567.05999906,"data":"[Game 1290] Range: 2-8 | Median/Mean: 4.0 / 3.723 | Fail: 1.008%\n"}
,{"stream_name":"stdout","time":5606.661065837,"data":"[Game 1300] Range: 2-8 | Median/Mean: 4.0 / 3.721 | Fail: 1.000%\n"}
,{"stream_name":"stdout","time":5648.619421901,"data":"[Game 1310] Range: 2-8 | Median/Mean: 4.0 / 3.721 | Fail: 0.992%\n"}
,{"stream_name":"stdout","time":5703.490692347,"data":"[Game 1320] Range: 2-8 | Median/Mean: 4.0 / 3.723 | Fail: 0.985%\n"}
,{"stream_name":"stdout","time":5753.710173183,"data":"[Game 1330] Range: 2-8 | Median/Mean: 4.0 / 3.723 | Fail: 0.977%\n"}
,{"stream_name":"stdout","time":5812.346273383,"data":"[Game 1340] Range: 2-8 | Median/Mean: 4.0 / 3.726 | Fail: 0.970%\n"}
,{"stream_name":"stdout","time":5866.64607561,"data":"[Game 1350] Range: 2-8 | Median/Mean: 4.0 / 3.729 | Fail: 0.963%\n"}
,{"stream_name":"stdout","time":5900.42137336,"data":"[Game 1360] Range: 2-8 | Median/Mean: 4.0 / 3.732 | Fail: 0.956%\n"}
,{"stream_name":"stdout","time":5951.467358955,"data":"[Game 1370] Range: 2-8 | Median/Mean: 4.0 / 3.731 | Fail: 0.949%\n"}
,{"stream_name":"stdout","time":5994.7936858,"data":"[Game 1380] Range: 2-8 | Median/Mean: 4.0 / 3.731 | Fail: 0.942%\n"}
,{"stream_name":"stdout","time":6047.144277172,"data":"[Game 1390] Range: 2-8 | Median/Mean: 4.0 / 3.732 | Fail: 0.935%\n"}
,{"stream_name":"stdout","time":6088.313101407,"data":"[Game 1400] Range: 2-8 | Median/Mean: 4.0 / 3.735 | Fail: 0.929%\n"}
,{"stream_name":"stdout","time":6134.201595598,"data":"[Game 1410] Range: 2-8 | Median/Mean: 4.0 / 3.738 | Fail: 0.922%\n"}
,{"stream_name":"stdout","time":6170.459736732,"data":"[Game 1420] Range: 2-8 | Median/Mean: 4.0 / 3.733 | Fail: 0.915%\n"}
,{"stream_name":"stdout","time":6205.669104288,"data":"[Game 1430] Range: 2-8 | Median/Mean: 4.0 / 3.736 | Fail: 0.909%\n"}
,{"stream_name":"stdout","time":6260.05952015,"data":"[Game 1440] Range: 2-8 | Median/Mean: 4.0 / 3.741 | Fail: 0.972%\n"}
,{"stream_name":"stdout","time":6302.631036126,"data":"[Game 1450] Range: 2-8 | Median/Mean: 4.0 / 3.744 | Fail: 0.966%\n"}
,{"stream_name":"stdout","time":6353.149423942,"data":"[Game 1460] Range: 2-8 | Median/Mean: 4.0 / 3.743 | Fail: 0.959%\n"}
,{"stream_name":"stdout","time":6398.883713141,"data":"[Game 1470] Range: 2-8 | Median/Mean: 4.0 / 3.746 | Fail: 0.952%\n"}
,{"stream_name":"stdout","time":6441.802875095,"data":"[Game 1480] Range: 2-8 | Median/Mean: 4.0 / 3.749 | Fail: 0.946%\n"}
,{"stream_name":"stdout","time":6472.437332499,"data":"[Game 1490] Range: 2-8 | Median/Mean: 4.0 / 3.749 | Fail: 0.940%\n"}
,{"stream_name":"stdout","time":6519.308693469,"data":"[Game 1500] Range: 2-8 | Median/Mean: 4.0 / 3.747 | Fail: 0.933%\n"}
,{"stream_name":"stdout","time":6579.784946216,"data":"[Game 1510] Range: 2-8 | Median/Mean: 4.0 / 3.750 | Fail: 0.993%\n"}
,{"stream_name":"stdout","time":6612.172319406,"data":"[Game 1520] Range: 2-8 | Median/Mean: 4.0 / 3.753 | Fail: 1.053%\n"}
,{"stream_name":"stdout","time":6661.593566661,"data":"[Game 1530] Range: 2-8 | Median/Mean: 4.0 / 3.756 | Fail: 1.111%\n"}
,{"stream_name":"stdout","time":6709.021923133,"data":"[Game 1540] Range: 2-8 | Median/Mean: 4.0 / 3.755 | Fail: 1.104%\n"}
,{"stream_name":"stdout","time":6739.769526714,"data":"[Game 1550] Range: 2-8 | Median/Mean: 4.0 / 3.757 | Fail: 1.161%\n"}
,{"stream_name":"stdout","time":6781.557615098,"data":"[Game 1560] Range: 2-8 | Median/Mean: 4.0 / 3.756 | Fail: 1.154%\n"}
,{"stream_name":"stdout","time":6809.661442424,"data":"[Game 1570] Range: 2-8 | Median/Mean: 4.0 / 3.757 | Fail: 1.146%\n"}
,{"stream_name":"stdout","time":6851.340024485,"data":"[Game 1580] Range: 2-8 | Median/Mean: 4.0 / 3.758 | Fail: 1.203%\n"}
,{"stream_name":"stdout","time":6902.998421322,"data":"[Game 1590] Range: 2-8 | Median/Mean: 4.0 / 3.760 | Fail: 1.195%\n"}
,{"stream_name":"stdout","time":6937.915859633,"data":"[Game 1600] Range: 2-8 | Median/Mean: 4.0 / 3.761 | Fail: 1.188%\n"}
,{"stream_name":"stdout","time":6975.469413366,"data":"[Game 1610] Range: 2-8 | Median/Mean: 4.0 / 3.763 | Fail: 1.180%\n"}
,{"stream_name":"stdout","time":7013.802070884,"data":"[Game 1620] Range: 2-8 | Median/Mean: 4.0 / 3.762 | Fail: 1.173%\n"}
,{"stream_name":"stdout","time":7056.178668987,"data":"[Game 1630] Range: 2-8 | Median/Mean: 4.0 / 3.763 | Fail: 1.227%\n"}
,{"stream_name":"stdout","time":7094.893803192,"data":"[Game 1640] Range: 2-8 | Median/Mean: 4.0 / 3.763 | Fail: 1.220%\n"}
,{"stream_name":"stdout","time":7147.929705126,"data":"[Game 1650] Range: 2-8 | Median/Mean: 4.0 / 3.767 | Fail: 1.212%\n"}
,{"stream_name":"stdout","time":7210.693272517,"data":"[Game 1660] Range: 2-8 | Median/Mean: 4.0 / 3.772 | Fail: 1.265%\n"}
,{"stream_name":"stdout","time":7251.208502382,"data":"[Game 1670] Range: 2-8 | Median/Mean: 4.0 / 3.771 | Fail: 1.257%\n"}
,{"stream_name":"stdout","time":7304.139964998,"data":"[Game 1680] Range: 2-8 | Median/Mean: 4.0 / 3.775 | Fail: 1.250%\n"}
,{"stream_name":"stdout","time":7352.174132501,"data":"[Game 1690] Range: 2-8 | Median/Mean: 4.0 / 3.772 | Fail: 1.243%\n"}
,{"stream_name":"stdout","time":7378.363174016,"data":"[Game 1700] Range: 2-8 | Median/Mean: 4.0 / 3.771 | Fail: 1.235%\n"}
,{"stream_name":"stdout","time":7428.333056285,"data":"[Game 1710] Range: 2-8 | Median/Mean: 4.0 / 3.773 | Fail: 1.228%\n"}
,{"stream_name":"stdout","time":7454.610188298,"data":"[Game 1720] Range: 2-8 | Median/Mean: 4.0 / 3.773 | Fail: 1.221%\n"}
,{"stream_name":"stdout","time":7500.658679997,"data":"[Game 1730] Range: 2-8 | Median/Mean: 4.0 / 3.775 | Fail: 1.214%\n"}
,{"stream_name":"stdout","time":7570.245427615,"data":"[Game 1740] Range: 2-8 | Median/Mean: 4.0 / 3.782 | Fail: 1.322%\n"}
,{"stream_name":"stdout","time":7620.764565125,"data":"[Game 1750] Range: 2-8 | Median/Mean: 4.0 / 3.781 | Fail: 1.314%\n"}
,{"stream_name":"stdout","time":7662.610820724,"data":"[Game 1760] Range: 2-8 | Median/Mean: 4.0 / 3.781 | Fail: 1.307%\n"}
,{"stream_name":"stdout","time":7716.739976719,"data":"[Game 1770] Range: 2-8 | Median/Mean: 4.0 / 3.780 | Fail: 1.299%\n"}
,{"stream_name":"stdout","time":7769.073644764,"data":"[Game 1780] Range: 2-8 | Median/Mean: 4.0 / 3.780 | Fail: 1.292%\n"}
,{"stream_name":"stdout","time":7808.535500191,"data":"[Game 1790] Range: 2-8 | Median/Mean: 4.0 / 3.780 | Fail: 1.285%\n"}
,{"stream_name":"stdout","time":7856.536948695,"data":"[Game 1800] Range: 2-8 | Median/Mean: 4.0 / 3.782 | Fail: 1.278%\n"}
,{"stream_name":"stdout","time":7895.344223838,"data":"[Game 1810] Range: 2-8 | Median/Mean: 4.0 / 3.785 | Fail: 1.271%\n"}
,{"stream_name":"stdout","time":7929.540344015,"data":"[Game 1820] Range: 2-8 | Median/Mean: 4.0 / 3.786 | Fail: 1.264%\n"}
,{"stream_name":"stdout","time":7987.885207544,"data":"[Game 1830] Range: 2-8 | Median/Mean: 4.0 / 3.790 | Fail: 1.257%\n"}
,{"stream_name":"stdout","time":8014.393822949,"data":"[Game 1840] Range: 2-8 | Median/Mean: 4.0 / 3.790 | Fail: 1.250%\n"}
,{"stream_name":"stdout","time":8056.867076734,"data":"[Game 1850] Range: 2-8 | Median/Mean: 4.0 / 3.792 | Fail: 1.243%\n"}
,{"stream_name":"stdout","time":8097.517321581,"data":"[Game 1860] Range: 2-8 | Median/Mean: 4.0 / 3.791 | Fail: 1.237%\n"}
,{"stream_name":"stdout","time":8139.643092261,"data":"[Game 1870] Range: 2-8 | Median/Mean: 4.0 / 3.793 | Fail: 1.230%\n"}
,{"stream_name":"stdout","time":8197.585691241,"data":"[Game 1880] Range: 2-9 | Median/Mean: 4.0 / 3.801 | Fail: 1.383%\n"}
,{"stream_name":"stdout","time":8238.79130975,"data":"[Game 1890] Range: 2-9 | Median/Mean: 4.0 / 3.801 | Fail: 1.376%\n"}
,{"stream_name":"stdout","time":8281.657496978,"data":"[Game 1900] Range: 2-9 | Median/Mean: 4.0 / 3.802 | Fail: 1.368%\n"}
,{"stream_name":"stdout","time":8325.262555385,"data":"[Game 1910] Range: 2-9 | Median/Mean: 4.0 / 3.804 | Fail: 1.414%\n"}
,{"stream_name":"stdout","time":8364.531719163,"data":"[Game 1920] Range: 2-9 | Median/Mean: 4.0 / 3.805 | Fail: 1.406%\n"}
,{"stream_name":"stdout","time":8404.630221512,"data":"[Game 1930] Range: 2-9 | Median/Mean: 4.0 / 3.805 | Fail: 1.399%\n"}
,{"stream_name":"stdout","time":8447.65474109,"data":"[Game 1940] Range: 2-9 | Median/Mean: 4.0 / 3.808 | Fail: 1.392%\n"}
,{"stream_name":"stdout","time":8509.004517919,"data":"[Game 1950] Range: 2-9 | Median/Mean: 4.0 / 3.811 | Fail: 1.385%\n"}
,{"stream_name":"stdout","time":8554.619753081,"data":"[Game 1960] Range: 2-9 | Median/Mean: 4.0 / 3.814 | Fail: 1.378%\n"}
,{"stream_name":"stdout","time":8585.716594081,"data":"[Game 1970] Range: 2-9 | Median/Mean: 4.0 / 3.815 | Fail: 1.371%\n"}
,{"stream_name":"stdout","time":8633.380130045,"data":"[Game 1980] Range: 2-9 | Median/Mean: 4.0 / 3.814 | Fail: 1.364%\n"}
,{"stream_name":"stdout","time":8675.100426577,"data":"[Game 1990] Range: 2-9 | Median/Mean: 4.0 / 3.816 | Fail: 1.357%\n"}
,{"stream_name":"stdout","time":8724.735266714,"data":"[Game 2000] Range: 2-9 | Median/Mean: 4.0 / 3.816 | Fail: 1.350%\n"}
,{"stream_name":"stdout","time":8774.378959148,"data":"[Game 2010] Range: 2-9 | Median/Mean: 4.0 / 3.817 | Fail: 1.343%\n"}
,{"stream_name":"stdout","time":8811.730139003,"data":"[Game 2020] Range: 2-9 | Median/Mean: 4.0 / 3.819 | Fail: 1.386%\n"}
,{"stream_name":"stdout","time":8858.39605439,"data":"[Game 2030] Range: 2-9 | Median/Mean: 4.0 / 3.819 | Fail: 1.379%\n"}
,{"stream_name":"stdout","time":8897.491427333,"data":"[Game 2040] Range: 2-9 | Median/Mean: 4.0 / 3.820 | Fail: 1.373%\n"}
,{"stream_name":"stdout","time":8955.792676091,"data":"[Game 2050] Range: 2-9 | Median/Mean: 4.0 / 3.821 | Fail: 1.366%\n"}
,{"stream_name":"stdout","time":8989.571122686,"data":"[Game 2060] Range: 2-9 | Median/Mean: 4.0 / 3.820 | Fail: 1.359%\n"}
,{"stream_name":"stdout","time":9017.391427623,"data":"[Game 2070] Range: 2-9 | Median/Mean: 4.0 / 3.827 | Fail: 1.449%\n"}
,{"stream_name":"stdout","time":9062.941389859,"data":"[Game 2080] Range: 2-9 | Median/Mean: 4.0 / 3.825 | Fail: 1.442%\n"}
,{"stream_name":"stdout","time":9101.685612579,"data":"[Game 2090] Range: 2-9 | Median/Mean: 4.0 / 3.825 | Fail: 1.435%\n"}
,{"stream_name":"stdout","time":9141.151263064,"data":"[Game 2100] Range: 2-9 | Median/Mean: 4.0 / 3.829 | Fail: 1.476%\n"}
,{"stream_name":"stdout","time":9174.521807241,"data":"[Game 2110] Range: 2-9 | Median/Mean: 4.0 / 3.828 | Fail: 1.469%\n"}
,{"stream_name":"stdout","time":9224.10077673,"data":"[Game 2120] Range: 2-9 | Median/Mean: 4.0 / 3.829 | Fail: 1.462%\n"}
,{"stream_name":"stdout","time":9272.530382626,"data":"[Game 2130] Range: 2-9 | Median/Mean: 4.0 / 3.831 | Fail: 1.455%\n"}
,{"stream_name":"stdout","time":9318.114843406,"data":"[Game 2140] Range: 2-9 | Median/Mean: 4.0 / 3.833 | Fail: 1.449%\n"}
,{"stream_name":"stdout","time":9358.339334343,"data":"[Game 2150] Range: 2-9 | Median/Mean: 4.0 / 3.834 | Fail: 1.442%\n"}
,{"stream_name":"stdout","time":9404.278664592,"data":"[Game 2160] Range: 2-9 | Median/Mean: 4.0 / 3.837 | Fail: 1.435%\n"}
,{"stream_name":"stdout","time":9461.078639645,"data":"[Game 2170] Range: 2-9 | Median/Mean: 4.0 / 3.836 | Fail: 1.429%\n"}
,{"stream_name":"stdout","time":9518.429583092,"data":"[Game 2180] Range: 2-9 | Median/Mean: 4.0 / 3.837 | Fail: 1.422%\n"}
,{"stream_name":"stdout","time":9560.416356578,"data":"[Game 2190] Range: 2-9 | Median/Mean: 4.0 / 3.839 | Fail: 1.416%\n"}
,{"stream_name":"stdout","time":9616.860163132,"data":"[Game 2200] Range: 2-9 | Median/Mean: 4.0 / 3.842 | Fail: 1.409%\n"}
,{"stream_name":"stdout","time":9667.961955961,"data":"[Game 2210] Range: 2-9 | Median/Mean: 4.0 / 3.844 | Fail: 1.448%\n"}
,{"stream_name":"stdout","time":9722.716510398,"data":"[Game 2220] Range: 2-9 | Median/Mean: 4.0 / 3.846 | Fail: 1.486%\n"}
,{"stream_name":"stdout","time":9759.253278185,"data":"[Game 2230] Range: 2-9 | Median/Mean: 4.0 / 3.848 | Fail: 1.525%\n"}
,{"stream_name":"stdout","time":9786.40646471,"data":"[Game 2240] Range: 2-9 | Median/Mean: 4.0 / 3.848 | Fail: 1.562%\n"}
,{"stream_name":"stdout","time":9829.288543714,"data":"[Game 2250] Range: 2-9 | Median/Mean: 4.0 / 3.852 | Fail: 1.644%\n"}
,{"stream_name":"stdout","time":9887.19721933,"data":"[Game 2260] Range: 2-9 | Median/Mean: 4.0 / 3.853 | Fail: 1.681%\n"}
,{"stream_name":"stdout","time":9938.116721695,"data":"[Game 2270] Range: 2-9 | Median/Mean: 4.0 / 3.855 | Fail: 1.674%\n"}
,{"stream_name":"stdout","time":9965.757076366,"data":"[Game 2280] Range: 2-9 | Median/Mean: 4.0 / 3.854 | Fail: 1.667%\n"}
,{"stream_name":"stdout","time":10017.935049322,"data":"[Game 2290] Range: 2-9 | Median/Mean: 4.0 / 3.858 | Fail: 1.703%\n"}
,{"stream_name":"stdout","time":10064.152429448,"data":"[Game 2300] Range: 2-9 | Median/Mean: 4.0 / 3.859 | Fail: 1.739%\n"}
,{"stream_name":"stdout","time":10123.219376733,"data":"[Game 2310] Range: 2-9 | Median/Mean: 4.0 / 3.859 | Fail: 1.732%\n"}
,{"stream_name":"stdout","time":10142.442483578,"data":"Summary:\n"}
,{"stream_name":"stdout","time":10142.459622893,"data":"Distribution across steps:\n"}
,{"stream_name":"stdout","time":10142.464057569,"data":"Key Metrics:\n"}
,{"stream_name":"stderr","time":10146.728217158,"data":"/opt/conda/lib/python3.7/site-packages/traitlets/traitlets.py:2567: FutureWarning: --Exporter.preprocessors=[\"remove_papermill_header.RemovePapermillHeader\"] for containers is deprecated in traitlets 5.0. You can pass `--Exporter.preprocessors item` ... multiple times to add items to a list.\n"}
,{"stream_name":"stderr","time":10146.728250008,"data":"  FutureWarning,\n"}
,{"stream_name":"stderr","time":10146.728254386,"data":"[NbConvertApp] Converting notebook __notebook__.ipynb to notebook\n"}
,{"stream_name":"stderr","time":10147.144091007,"data":"[NbConvertApp] Writing 32642 bytes to __notebook__.ipynb\n"}
,{"stream_name":"stderr","time":10149.613819377,"data":"/opt/conda/lib/python3.7/site-packages/traitlets/traitlets.py:2567: FutureWarning: --Exporter.preprocessors=[\"nbconvert.preprocessors.ExtractOutputPreprocessor\"] for containers is deprecated in traitlets 5.0. You can pass `--Exporter.preprocessors item` ... multiple times to add items to a list.\n"}
,{"stream_name":"stderr","time":10149.613889943,"data":"  FutureWarning,\n"}
,{"stream_name":"stderr","time":10149.61389742,"data":"[NbConvertApp] Converting notebook __notebook__.ipynb to html\n"}
,{"stream_name":"stderr","time":10150.235973719,"data":"[NbConvertApp] Writing 306932 bytes to __results__.html\n"}
]