[{"stream_name":"stderr","time":13.658544433,"data":"/opt/conda/lib/python3.7/site-packages/papermill/iorw.py:50: FutureWarning: pyarrow.HadoopFileSystem is deprecated as of 2.0.0, please use pyarrow.fs.HadoopFileSystem instead.\n"}
,{"stream_name":"stderr","time":13.658678298,"data":"  from pyarrow import HadoopFileSystem\n"}
,{"stream_name":"stdout","time":14.525358416,"data":"[ ---------- AROSE ----------]\n"}
,{"stream_name":"stdout","time":52.069047033,"data":"[Game 10] Range: 2-4 | Median/Mean: 3.0 / 3.200 | Fail: 0.000%\n"}
,{"stream_name":"stdout","time":100.492890109,"data":"[Game 20] Range: 2-4 | Median/Mean: 3.0 / 3.350 | Fail: 0.000%\n"}
,{"stream_name":"stdout","time":142.026005943,"data":"[Game 30] Range: 2-4 | Median/Mean: 3.0 / 3.333 | Fail: 0.000%\n"}
,{"stream_name":"stdout","time":196.431364297,"data":"[Game 40] Range: 2-6 | Median/Mean: 3.0 / 3.450 | Fail: 0.000%\n"}
,{"stream_name":"stdout","time":237.99815982,"data":"[Game 50] Range: 2-6 | Median/Mean: 3.0 / 3.480 | Fail: 0.000%\n"}
,{"stream_name":"stdout","time":287.679467903,"data":"[Game 60] Range: 2-6 | Median/Mean: 3.0 / 3.467 | Fail: 0.000%\n"}
,{"stream_name":"stdout","time":329.814674241,"data":"[Game 70] Range: 2-6 | Median/Mean: 3.0 / 3.471 | Fail: 0.000%\n"}
,{"stream_name":"stdout","time":362.408318671,"data":"[Game 80] Range: 2-6 | Median/Mean: 3.0 / 3.450 | Fail: 0.000%\n"}
,{"stream_name":"stdout","time":404.983516315,"data":"[Game 90] Range: 2-6 | Median/Mean: 3.0 / 3.489 | Fail: 0.000%\n"}
,{"stream_name":"stdout","time":464.586389198,"data":"[Game 100] Range: 2-6 | Median/Mean: 3.0 / 3.510 | Fail: 0.000%\n"}
,{"stream_name":"stdout","time":502.85284539,"data":"[Game 110] Range: 2-6 | Median/Mean: 4.0 / 3.527 | Fail: 0.000%\n"}
,{"stream_name":"stdout","time":561.493828932,"data":"[Game 120] Range: 2-6 | Median/Mean: 4.0 / 3.558 | Fail: 0.000%\n"}
,{"stream_name":"stdout","time":611.995907894,"data":"[Game 130] Range: 2-6 | Median/Mean: 4.0 / 3.562 | Fail: 0.000%\n"}
,{"stream_name":"stdout","time":645.905453081,"data":"[Game 140] Range: 2-6 | Median/Mean: 4.0 / 3.557 | Fail: 0.000%\n"}
,{"stream_name":"stdout","time":696.534355849,"data":"[Game 150] Range: 2-6 | Median/Mean: 4.0 / 3.560 | Fail: 0.000%\n"}
,{"stream_name":"stdout","time":740.336925162,"data":"[Game 160] Range: 2-6 | Median/Mean: 4.0 / 3.562 | Fail: 0.000%\n"}
,{"stream_name":"stdout","time":774.223069717,"data":"[Game 170] Range: 2-6 | Median/Mean: 4.0 / 3.535 | Fail: 0.000%\n"}
,{"stream_name":"stdout","time":801.858676662,"data":"[Game 180] Range: 2-6 | Median/Mean: 3.0 / 3.506 | Fail: 0.000%\n"}
,{"stream_name":"stdout","time":848.110068792,"data":"[Game 190] Range: 2-6 | Median/Mean: 3.0 / 3.516 | Fail: 0.000%\n"}
,{"stream_name":"stdout","time":879.089543281,"data":"[Game 200] Range: 2-6 | Median/Mean: 3.0 / 3.490 | Fail: 0.000%\n"}
,{"stream_name":"stdout","time":928.297273787,"data":"[Game 210] Range: 2-6 | Median/Mean: 3.0 / 3.510 | Fail: 0.000%\n"}
,{"stream_name":"stdout","time":972.993380104,"data":"[Game 220] Range: 2-6 | Median/Mean: 3.0 / 3.514 | Fail: 0.000%\n"}
,{"stream_name":"stdout","time":1017.219895214,"data":"[Game 230] Range: 2-6 | Median/Mean: 3.0 / 3.509 | Fail: 0.000%\n"}
,{"stream_name":"stdout","time":1068.181968075,"data":"[Game 240] Range: 2-6 | Median/Mean: 4.0 / 3.538 | Fail: 0.000%\n"}
,{"stream_name":"stdout","time":1113.569632367,"data":"[Game 250] Range: 2-6 | Median/Mean: 4.0 / 3.540 | Fail: 0.000%\n"}
,{"stream_name":"stdout","time":1147.536182602,"data":"[Game 260] Range: 2-6 | Median/Mean: 4.0 / 3.562 | Fail: 0.000%\n"}
,{"stream_name":"stdout","time":1183.178770793,"data":"[Game 270] Range: 2-6 | Median/Mean: 4.0 / 3.559 | Fail: 0.000%\n"}
,{"stream_name":"stdout","time":1223.641542476,"data":"[Game 280] Range: 2-6 | Median/Mean: 4.0 / 3.550 | Fail: 0.000%\n"}
,{"stream_name":"stdout","time":1266.288957455,"data":"[Game 290] Range: 2-6 | Median/Mean: 4.0 / 3.555 | Fail: 0.000%\n"}
,{"stream_name":"stdout","time":1306.353558401,"data":"[Game 300] Range: 2-6 | Median/Mean: 4.0 / 3.553 | Fail: 0.000%\n"}
,{"stream_name":"stdout","time":1359.765894223,"data":"[Game 310] Range: 2-6 | Median/Mean: 4.0 / 3.561 | Fail: 0.000%\n"}
,{"stream_name":"stdout","time":1390.88315942,"data":"[Game 320] Range: 2-7 | Median/Mean: 4.0 / 3.569 | Fail: 0.312%\n"}
,{"stream_name":"stdout","time":1431.479523285,"data":"[Game 330] Range: 2-7 | Median/Mean: 4.0 / 3.570 | Fail: 0.303%\n"}
,{"stream_name":"stdout","time":1473.732478021,"data":"[Game 340] Range: 2-7 | Median/Mean: 4.0 / 3.574 | Fail: 0.294%\n"}
,{"stream_name":"stdout","time":1525.790282322,"data":"[Game 350] Range: 2-7 | Median/Mean: 4.0 / 3.577 | Fail: 0.286%\n"}
,{"stream_name":"stdout","time":1559.192256855,"data":"[Game 360] Range: 2-7 | Median/Mean: 4.0 / 3.575 | Fail: 0.278%\n"}
,{"stream_name":"stdout","time":1601.814095168,"data":"[Game 370] Range: 2-7 | Median/Mean: 4.0 / 3.578 | Fail: 0.270%\n"}
,{"stream_name":"stdout","time":1631.59551442,"data":"[Game 380] Range: 2-7 | Median/Mean: 4.0 / 3.574 | Fail: 0.263%\n"}
,{"stream_name":"stdout","time":1695.15743671,"data":"[Game 390] Range: 2-7 | Median/Mean: 4.0 / 3.574 | Fail: 0.256%\n"}
,{"stream_name":"stdout","time":1741.715026172,"data":"[Game 400] Range: 2-7 | Median/Mean: 4.0 / 3.570 | Fail: 0.250%\n"}
,{"stream_name":"stdout","time":1797.422141147,"data":"[Game 410] Range: 2-7 | Median/Mean: 4.0 / 3.583 | Fail: 0.244%\n"}
,{"stream_name":"stdout","time":1839.599343238,"data":"[Game 420] Range: 2-7 | Median/Mean: 4.0 / 3.579 | Fail: 0.238%\n"}
,{"stream_name":"stdout","time":1889.738364041,"data":"[Game 430] Range: 2-7 | Median/Mean: 4.0 / 3.595 | Fail: 0.233%\n"}
,{"stream_name":"stdout","time":1949.896706126,"data":"[Game 440] Range: 2-7 | Median/Mean: 4.0 / 3.600 | Fail: 0.227%\n"}
,{"stream_name":"stdout","time":2004.998500875,"data":"[Game 450] Range: 2-7 | Median/Mean: 4.0 / 3.598 | Fail: 0.222%\n"}
,{"stream_name":"stdout","time":2053.674344141,"data":"[Game 460] Range: 2-7 | Median/Mean: 4.0 / 3.598 | Fail: 0.217%\n"}
,{"stream_name":"stdout","time":2116.576646147,"data":"[Game 470] Range: 2-7 | Median/Mean: 4.0 / 3.596 | Fail: 0.213%\n"}
,{"stream_name":"stdout","time":2169.963228413,"data":"[Game 480] Range: 2-7 | Median/Mean: 4.0 / 3.600 | Fail: 0.208%\n"}
,{"stream_name":"stdout","time":2204.843774243,"data":"[Game 490] Range: 2-7 | Median/Mean: 4.0 / 3.600 | Fail: 0.204%\n"}
,{"stream_name":"stdout","time":2260.652434045,"data":"[Game 500] Range: 2-7 | Median/Mean: 4.0 / 3.608 | Fail: 0.200%\n"}
,{"stream_name":"stdout","time":2304.750915953,"data":"[Game 510] Range: 2-7 | Median/Mean: 4.0 / 3.606 | Fail: 0.196%\n"}
,{"stream_name":"stdout","time":2355.19340143,"data":"[Game 520] Range: 2-7 | Median/Mean: 4.0 / 3.606 | Fail: 0.192%\n"}
,{"stream_name":"stdout","time":2404.119793516,"data":"[Game 530] Range: 2-7 | Median/Mean: 4.0 / 3.609 | Fail: 0.189%\n"}
,{"stream_name":"stdout","time":2461.148792106,"data":"[Game 540] Range: 2-7 | Median/Mean: 4.0 / 3.617 | Fail: 0.370%\n"}
,{"stream_name":"stdout","time":2512.595856611,"data":"[Game 550] Range: 2-7 | Median/Mean: 4.0 / 3.620 | Fail: 0.364%\n"}
,{"stream_name":"stdout","time":2573.00495932,"data":"[Game 560] Range: 2-7 | Median/Mean: 4.0 / 3.627 | Fail: 0.357%\n"}
,{"stream_name":"stdout","time":2614.051346878,"data":"[Game 570] Range: 2-7 | Median/Mean: 4.0 / 3.625 | Fail: 0.351%\n"}
,{"stream_name":"stdout","time":2652.816664699,"data":"[Game 580] Range: 2-7 | Median/Mean: 4.0 / 3.626 | Fail: 0.345%\n"}
,{"stream_name":"stdout","time":2704.750796268,"data":"[Game 590] Range: 2-7 | Median/Mean: 4.0 / 3.632 | Fail: 0.339%\n"}
,{"stream_name":"stdout","time":2759.129822786,"data":"[Game 600] Range: 2-7 | Median/Mean: 4.0 / 3.627 | Fail: 0.333%\n"}
,{"stream_name":"stdout","time":2811.085084492,"data":"[Game 610] Range: 2-7 | Median/Mean: 4.0 / 3.626 | Fail: 0.328%\n"}
,{"stream_name":"stdout","time":2855.748492102,"data":"[Game 620] Range: 2-7 | Median/Mean: 4.0 / 3.627 | Fail: 0.323%\n"}
,{"stream_name":"stdout","time":2904.890595803,"data":"[Game 630] Range: 2-7 | Median/Mean: 4.0 / 3.632 | Fail: 0.317%\n"}
,{"stream_name":"stdout","time":2966.337780234,"data":"[Game 640] Range: 2-7 | Median/Mean: 4.0 / 3.631 | Fail: 0.312%\n"}
,{"stream_name":"stdout","time":3004.13168249,"data":"[Game 650] Range: 2-7 | Median/Mean: 4.0 / 3.637 | Fail: 0.308%\n"}
,{"stream_name":"stdout","time":3048.432777183,"data":"[Game 660] Range: 2-7 | Median/Mean: 4.0 / 3.638 | Fail: 0.303%\n"}
,{"stream_name":"stdout","time":3092.541460139,"data":"[Game 670] Range: 2-7 | Median/Mean: 4.0 / 3.634 | Fail: 0.299%\n"}
,{"stream_name":"stdout","time":3134.744900536,"data":"[Game 680] Range: 2-7 | Median/Mean: 4.0 / 3.631 | Fail: 0.294%\n"}
,{"stream_name":"stdout","time":3188.885093467,"data":"[Game 690] Range: 2-7 | Median/Mean: 4.0 / 3.629 | Fail: 0.290%\n"}
,{"stream_name":"stdout","time":3237.693529917,"data":"[Game 700] Range: 2-7 | Median/Mean: 4.0 / 3.634 | Fail: 0.286%\n"}
,{"stream_name":"stdout","time":3297.957131645,"data":"[Game 710] Range: 2-7 | Median/Mean: 4.0 / 3.646 | Fail: 0.282%\n"}
,{"stream_name":"stdout","time":3353.154494314,"data":"[Game 720] Range: 2-7 | Median/Mean: 4.0 / 3.644 | Fail: 0.278%\n"}
,{"stream_name":"stdout","time":3391.91552977,"data":"[Game 730] Range: 2-7 | Median/Mean: 4.0 / 3.649 | Fail: 0.274%\n"}
,{"stream_name":"stdout","time":3453.27198831,"data":"[Game 740] Range: 2-7 | Median/Mean: 4.0 / 3.649 | Fail: 0.270%\n"}
,{"stream_name":"stdout","time":3507.855983417,"data":"[Game 750] Range: 2-7 | Median/Mean: 4.0 / 3.652 | Fail: 0.267%\n"}
,{"stream_name":"stdout","time":3566.504282288,"data":"[Game 760] Range: 2-7 | Median/Mean: 4.0 / 3.655 | Fail: 0.263%\n"}
,{"stream_name":"stdout","time":3611.856742552,"data":"[Game 770] Range: 2-7 | Median/Mean: 4.0 / 3.660 | Fail: 0.260%\n"}
,{"stream_name":"stdout","time":3676.031059715,"data":"[Game 780] Range: 2-7 | Median/Mean: 4.0 / 3.665 | Fail: 0.256%\n"}
,{"stream_name":"stdout","time":3744.164917098,"data":"[Game 790] Range: 2-7 | Median/Mean: 4.0 / 3.671 | Fail: 0.380%\n"}
,{"stream_name":"stdout","time":3790.38603503,"data":"[Game 800] Range: 2-7 | Median/Mean: 4.0 / 3.674 | Fail: 0.375%\n"}
,{"stream_name":"stdout","time":3836.065477137,"data":"[Game 810] Range: 2-7 | Median/Mean: 4.0 / 3.672 | Fail: 0.370%\n"}
,{"stream_name":"stdout","time":3879.925589116,"data":"[Game 820] Range: 2-7 | Median/Mean: 4.0 / 3.671 | Fail: 0.366%\n"}
,{"stream_name":"stdout","time":3928.037095724,"data":"[Game 830] Range: 2-7 | Median/Mean: 4.0 / 3.678 | Fail: 0.482%\n"}
,{"stream_name":"stdout","time":3974.929241688,"data":"[Game 840] Range: 2-7 | Median/Mean: 4.0 / 3.679 | Fail: 0.476%\n"}
,{"stream_name":"stdout","time":4032.382446492,"data":"[Game 850] Range: 2-7 | Median/Mean: 4.0 / 3.681 | Fail: 0.588%\n"}
,{"stream_name":"stdout","time":4082.041727664,"data":"[Game 860] Range: 2-7 | Median/Mean: 4.0 / 3.684 | Fail: 0.581%\n"}
,{"stream_name":"stdout","time":4106.146200388,"data":"[Game 870] Range: 2-7 | Median/Mean: 4.0 / 3.678 | Fail: 0.575%\n"}
,{"stream_name":"stdout","time":4157.996304971,"data":"[Game 880] Range: 2-7 | Median/Mean: 4.0 / 3.684 | Fail: 0.682%\n"}
,{"stream_name":"stdout","time":4194.118636147,"data":"[Game 890] Range: 2-7 | Median/Mean: 4.0 / 3.684 | Fail: 0.674%\n"}
,{"stream_name":"stdout","time":4239.111085973,"data":"[Game 900] Range: 2-7 | Median/Mean: 4.0 / 3.687 | Fail: 0.667%\n"}
,{"stream_name":"stdout","time":4279.72577271,"data":"[Game 910] Range: 2-7 | Median/Mean: 4.0 / 3.691 | Fail: 0.659%\n"}
,{"stream_name":"stdout","time":4316.494005399,"data":"[Game 920] Range: 2-7 | Median/Mean: 4.0 / 3.690 | Fail: 0.652%\n"}
,{"stream_name":"stdout","time":4368.746296903,"data":"[Game 930] Range: 2-7 | Median/Mean: 4.0 / 3.689 | Fail: 0.645%\n"}
,{"stream_name":"stdout","time":4411.177516746,"data":"[Game 940] Range: 2-7 | Median/Mean: 4.0 / 3.698 | Fail: 0.638%\n"}
,{"stream_name":"stdout","time":4463.926126825,"data":"[Game 950] Range: 2-7 | Median/Mean: 4.0 / 3.696 | Fail: 0.632%\n"}
,{"stream_name":"stdout","time":4504.018347949,"data":"[Game 960] Range: 2-7 | Median/Mean: 4.0 / 3.696 | Fail: 0.625%\n"}
,{"stream_name":"stdout","time":4552.404824578,"data":"[Game 970] Range: 2-7 | Median/Mean: 4.0 / 3.695 | Fail: 0.619%\n"}
,{"stream_name":"stdout","time":4604.900939706,"data":"[Game 980] Range: 2-7 | Median/Mean: 4.0 / 3.695 | Fail: 0.612%\n"}
,{"stream_name":"stdout","time":4676.241853636,"data":"[Game 990] Range: 2-7 | Median/Mean: 4.0 / 3.705 | Fail: 0.606%\n"}
,{"stream_name":"stdout","time":4716.272227034,"data":"[Game 1000] Range: 2-7 | Median/Mean: 4.0 / 3.714 | Fail: 0.600%\n"}
,{"stream_name":"stdout","time":4753.884319642,"data":"[Game 1010] Range: 2-7 | Median/Mean: 4.0 / 3.714 | Fail: 0.594%\n"}
,{"stream_name":"stdout","time":4813.157533571,"data":"[Game 1020] Range: 2-7 | Median/Mean: 4.0 / 3.713 | Fail: 0.588%\n"}
,{"stream_name":"stdout","time":4851.315490603,"data":"[Game 1030] Range: 2-7 | Median/Mean: 4.0 / 3.715 | Fail: 0.583%\n"}
,{"stream_name":"stdout","time":4902.013557403,"data":"[Game 1040] Range: 2-7 | Median/Mean: 4.0 / 3.718 | Fail: 0.577%\n"}
,{"stream_name":"stdout","time":4938.877899994,"data":"[Game 1050] Range: 2-7 | Median/Mean: 4.0 / 3.720 | Fail: 0.571%\n"}
,{"stream_name":"stdout","time":4973.961666905,"data":"[Game 1060] Range: 2-7 | Median/Mean: 4.0 / 3.725 | Fail: 0.566%\n"}
,{"stream_name":"stdout","time":5004.219856211,"data":"[Game 1070] Range: 2-7 | Median/Mean: 4.0 / 3.721 | Fail: 0.561%\n"}
,{"stream_name":"stdout","time":5041.333878385,"data":"[Game 1080] Range: 2-7 | Median/Mean: 4.0 / 3.720 | Fail: 0.556%\n"}
,{"stream_name":"stdout","time":5085.849310068,"data":"[Game 1090] Range: 2-7 | Median/Mean: 4.0 / 3.728 | Fail: 0.642%\n"}
,{"stream_name":"stdout","time":5138.226765733,"data":"[Game 1100] Range: 2-7 | Median/Mean: 4.0 / 3.730 | Fail: 0.727%\n"}
,{"stream_name":"stdout","time":5173.701570094,"data":"[Game 1110] Range: 2-7 | Median/Mean: 4.0 / 3.733 | Fail: 0.721%\n"}
,{"stream_name":"stdout","time":5219.100146607,"data":"[Game 1120] Range: 2-7 | Median/Mean: 4.0 / 3.729 | Fail: 0.714%\n"}
,{"stream_name":"stdout","time":5253.66612038,"data":"[Game 1130] Range: 2-7 | Median/Mean: 4.0 / 3.727 | Fail: 0.708%\n"}
,{"stream_name":"stdout","time":5311.102131742,"data":"[Game 1140] Range: 2-7 | Median/Mean: 4.0 / 3.729 | Fail: 0.702%\n"}
,{"stream_name":"stdout","time":5352.556836091,"data":"[Game 1150] Range: 2-7 | Median/Mean: 4.0 / 3.733 | Fail: 0.696%\n"}
,{"stream_name":"stdout","time":5398.464973181,"data":"[Game 1160] Range: 2-7 | Median/Mean: 4.0 / 3.731 | Fail: 0.690%\n"}
,{"stream_name":"stdout","time":5455.63924938,"data":"[Game 1170] Range: 2-7 | Median/Mean: 4.0 / 3.735 | Fail: 0.684%\n"}
,{"stream_name":"stdout","time":5505.402921153,"data":"[Game 1180] Range: 2-7 | Median/Mean: 4.0 / 3.736 | Fail: 0.678%\n"}
,{"stream_name":"stdout","time":5563.621304977,"data":"[Game 1190] Range: 2-7 | Median/Mean: 4.0 / 3.739 | Fail: 0.756%\n"}
,{"stream_name":"stdout","time":5612.118874966,"data":"[Game 1200] Range: 2-7 | Median/Mean: 4.0 / 3.737 | Fail: 0.750%\n"}
,{"stream_name":"stdout","time":5668.429836742,"data":"[Game 1210] Range: 2-7 | Median/Mean: 4.0 / 3.737 | Fail: 0.744%\n"}
,{"stream_name":"stdout","time":5708.899513728,"data":"[Game 1220] Range: 2-7 | Median/Mean: 4.0 / 3.743 | Fail: 0.820%\n"}
,{"stream_name":"stdout","time":5749.073867871,"data":"[Game 1230] Range: 2-8 | Median/Mean: 4.0 / 3.746 | Fail: 0.976%\n"}
,{"stream_name":"stdout","time":5794.824786183,"data":"[Game 1240] Range: 2-8 | Median/Mean: 4.0 / 3.744 | Fail: 0.968%\n"}
,{"stream_name":"stdout","time":5832.278488531,"data":"[Game 1250] Range: 2-8 | Median/Mean: 4.0 / 3.744 | Fail: 0.960%\n"}
,{"stream_name":"stdout","time":5883.067277253,"data":"[Game 1260] Range: 1-8 | Median/Mean: 4.0 / 3.745 | Fail: 0.952%\n"}
,{"stream_name":"stdout","time":5946.703288357,"data":"[Game 1270] Range: 1-8 | Median/Mean: 4.0 / 3.747 | Fail: 0.945%\n"}
,{"stream_name":"stdout","time":5996.830186113,"data":"[Game 1280] Range: 1-8 | Median/Mean: 4.0 / 3.750 | Fail: 0.938%\n"}
,{"stream_name":"stdout","time":6038.674354756,"data":"[Game 1290] Range: 1-8 | Median/Mean: 4.0 / 3.750 | Fail: 0.930%\n"}
,{"stream_name":"stdout","time":6079.821582604,"data":"[Game 1300] Range: 1-8 | Median/Mean: 4.0 / 3.749 | Fail: 0.923%\n"}
,{"stream_name":"stdout","time":6121.18913365,"data":"[Game 1310] Range: 1-8 | Median/Mean: 4.0 / 3.750 | Fail: 0.916%\n"}
,{"stream_name":"stdout","time":6164.611765495,"data":"[Game 1320] Range: 1-8 | Median/Mean: 4.0 / 3.751 | Fail: 0.909%\n"}
,{"stream_name":"stdout","time":6207.126661161,"data":"[Game 1330] Range: 1-8 | Median/Mean: 4.0 / 3.747 | Fail: 0.902%\n"}
,{"stream_name":"stdout","time":6264.010571693,"data":"[Game 1340] Range: 1-8 | Median/Mean: 4.0 / 3.749 | Fail: 0.896%\n"}
,{"stream_name":"stdout","time":6311.910192445,"data":"[Game 1350] Range: 1-8 | Median/Mean: 4.0 / 3.750 | Fail: 0.889%\n"}
,{"stream_name":"stdout","time":6350.432869468,"data":"[Game 1360] Range: 1-8 | Median/Mean: 4.0 / 3.750 | Fail: 0.882%\n"}
,{"stream_name":"stdout","time":6409.597192677,"data":"[Game 1370] Range: 1-8 | Median/Mean: 4.0 / 3.753 | Fail: 0.876%\n"}
,{"stream_name":"stdout","time":6458.239455354,"data":"[Game 1380] Range: 1-8 | Median/Mean: 4.0 / 3.752 | Fail: 0.870%\n"}
,{"stream_name":"stdout","time":6494.372576088,"data":"[Game 1390] Range: 1-8 | Median/Mean: 4.0 / 3.754 | Fail: 0.863%\n"}
,{"stream_name":"stdout","time":6531.566717464,"data":"[Game 1400] Range: 1-8 | Median/Mean: 4.0 / 3.755 | Fail: 0.857%\n"}
,{"stream_name":"stdout","time":6581.788280869,"data":"[Game 1410] Range: 1-8 | Median/Mean: 4.0 / 3.760 | Fail: 0.851%\n"}
,{"stream_name":"stdout","time":6615.202969125,"data":"[Game 1420] Range: 1-8 | Median/Mean: 4.0 / 3.760 | Fail: 0.845%\n"}
,{"stream_name":"stdout","time":6660.784040243,"data":"[Game 1430] Range: 1-8 | Median/Mean: 4.0 / 3.764 | Fail: 0.839%\n"}
,{"stream_name":"stdout","time":6716.131110773,"data":"[Game 1440] Range: 1-8 | Median/Mean: 4.0 / 3.767 | Fail: 0.903%\n"}
,{"stream_name":"stdout","time":6774.05006044,"data":"[Game 1450] Range: 1-8 | Median/Mean: 4.0 / 3.770 | Fail: 0.897%\n"}
,{"stream_name":"stdout","time":6815.709123745,"data":"[Game 1460] Range: 1-8 | Median/Mean: 4.0 / 3.768 | Fail: 0.890%\n"}
,{"stream_name":"stdout","time":6865.316696151,"data":"[Game 1470] Range: 1-8 | Median/Mean: 4.0 / 3.771 | Fail: 0.884%\n"}
,{"stream_name":"stdout","time":6913.559160864,"data":"[Game 1480] Range: 1-8 | Median/Mean: 4.0 / 3.776 | Fail: 0.878%\n"}
,{"stream_name":"stdout","time":6951.5651203,"data":"[Game 1490] Range: 1-8 | Median/Mean: 4.0 / 3.777 | Fail: 0.872%\n"}
,{"stream_name":"stdout","time":7003.48390505,"data":"[Game 1500] Range: 1-8 | Median/Mean: 4.0 / 3.780 | Fail: 0.867%\n"}
,{"stream_name":"stdout","time":7062.018174688,"data":"[Game 1510] Range: 1-8 | Median/Mean: 4.0 / 3.781 | Fail: 0.927%\n"}
,{"stream_name":"stdout","time":7101.922883644,"data":"[Game 1520] Range: 1-8 | Median/Mean: 4.0 / 3.784 | Fail: 0.987%\n"}
,{"stream_name":"stdout","time":7153.033385855,"data":"[Game 1530] Range: 1-8 | Median/Mean: 4.0 / 3.786 | Fail: 1.046%\n"}
,{"stream_name":"stdout","time":7206.806396386,"data":"[Game 1540] Range: 1-8 | Median/Mean: 4.0 / 3.786 | Fail: 1.039%\n"}
,{"stream_name":"stdout","time":7247.40448531,"data":"[Game 1550] Range: 1-8 | Median/Mean: 4.0 / 3.790 | Fail: 1.161%\n"}
,{"stream_name":"stdout","time":7281.309350541,"data":"[Game 1560] Range: 1-8 | Median/Mean: 4.0 / 3.787 | Fail: 1.154%\n"}
,{"stream_name":"stdout","time":7318.392974333,"data":"[Game 1570] Range: 1-8 | Median/Mean: 4.0 / 3.786 | Fail: 1.146%\n"}
,{"stream_name":"stdout","time":7365.540042263,"data":"[Game 1580] Range: 1-8 | Median/Mean: 4.0 / 3.788 | Fail: 1.203%\n"}
,{"stream_name":"stdout","time":7416.24025609,"data":"[Game 1590] Range: 1-8 | Median/Mean: 4.0 / 3.791 | Fail: 1.195%\n"}
,{"stream_name":"stdout","time":7458.071348509,"data":"[Game 1600] Range: 1-8 | Median/Mean: 4.0 / 3.791 | Fail: 1.188%\n"}
,{"stream_name":"stdout","time":7504.175135746,"data":"[Game 1610] Range: 1-8 | Median/Mean: 4.0 / 3.793 | Fail: 1.180%\n"}
,{"stream_name":"stdout","time":7546.297396598,"data":"[Game 1620] Range: 1-8 | Median/Mean: 4.0 / 3.792 | Fail: 1.173%\n"}
,{"stream_name":"stdout","time":7591.476428479,"data":"[Game 1630] Range: 1-8 | Median/Mean: 4.0 / 3.794 | Fail: 1.227%\n"}
,{"stream_name":"stdout","time":7633.036646841,"data":"[Game 1640] Range: 1-8 | Median/Mean: 4.0 / 3.795 | Fail: 1.220%\n"}
,{"stream_name":"stdout","time":7679.156935768,"data":"[Game 1650] Range: 1-8 | Median/Mean: 4.0 / 3.798 | Fail: 1.212%\n"}
,{"stream_name":"stdout","time":7741.935929124,"data":"[Game 1660] Range: 1-8 | Median/Mean: 4.0 / 3.802 | Fail: 1.265%\n"}
,{"stream_name":"stdout","time":7786.405533242,"data":"[Game 1670] Range: 1-8 | Median/Mean: 4.0 / 3.801 | Fail: 1.257%\n"}
,{"stream_name":"stdout","time":7828.2139779,"data":"[Game 1680] Range: 1-8 | Median/Mean: 4.0 / 3.804 | Fail: 1.250%\n"}
,{"stream_name":"stdout","time":7885.880071336,"data":"[Game 1690] Range: 1-8 | Median/Mean: 4.0 / 3.802 | Fail: 1.243%\n"}
,{"stream_name":"stdout","time":7919.197296743,"data":"[Game 1700] Range: 1-8 | Median/Mean: 4.0 / 3.803 | Fail: 1.235%\n"}
,{"stream_name":"stdout","time":7963.639109086,"data":"[Game 1710] Range: 1-8 | Median/Mean: 4.0 / 3.806 | Fail: 1.287%\n"}
,{"stream_name":"stdout","time":7998.846563488,"data":"[Game 1720] Range: 1-8 | Median/Mean: 4.0 / 3.808 | Fail: 1.279%\n"}
,{"stream_name":"stdout","time":8043.013215546,"data":"[Game 1730] Range: 1-8 | Median/Mean: 4.0 / 3.809 | Fail: 1.272%\n"}
,{"stream_name":"stdout","time":8105.116522708,"data":"[Game 1740] Range: 1-8 | Median/Mean: 4.0 / 3.815 | Fail: 1.379%\n"}
,{"stream_name":"stdout","time":8161.462007551,"data":"[Game 1750] Range: 1-8 | Median/Mean: 4.0 / 3.813 | Fail: 1.371%\n"}
,{"stream_name":"stdout","time":8214.329130161,"data":"[Game 1760] Range: 1-8 | Median/Mean: 4.0 / 3.814 | Fail: 1.364%\n"}
,{"stream_name":"stdout","time":8269.1781472,"data":"[Game 1770] Range: 1-8 | Median/Mean: 4.0 / 3.815 | Fail: 1.356%\n"}
,{"stream_name":"stdout","time":8311.241129354,"data":"[Game 1780] Range: 1-8 | Median/Mean: 4.0 / 3.815 | Fail: 1.348%\n"}
,{"stream_name":"stdout","time":8366.912394769,"data":"[Game 1790] Range: 1-8 | Median/Mean: 4.0 / 3.816 | Fail: 1.341%\n"}
,{"stream_name":"stdout","time":8419.220813271,"data":"[Game 1800] Range: 1-8 | Median/Mean: 4.0 / 3.816 | Fail: 1.333%\n"}
,{"stream_name":"stdout","time":8461.392445658,"data":"[Game 1810] Range: 1-8 | Median/Mean: 4.0 / 3.818 | Fail: 1.326%\n"}
,{"stream_name":"stdout","time":8507.177260218,"data":"[Game 1820] Range: 1-8 | Median/Mean: 4.0 / 3.820 | Fail: 1.319%\n"}
,{"stream_name":"stdout","time":8565.027997272,"data":"[Game 1830] Range: 1-8 | Median/Mean: 4.0 / 3.822 | Fail: 1.311%\n"}
,{"stream_name":"stdout","time":8606.130077583,"data":"[Game 1840] Range: 1-8 | Median/Mean: 4.0 / 3.823 | Fail: 1.304%\n"}
,{"stream_name":"stdout","time":8657.916505485,"data":"[Game 1850] Range: 1-8 | Median/Mean: 4.0 / 3.826 | Fail: 1.297%\n"}
,{"stream_name":"stdout","time":8709.324990083,"data":"[Game 1860] Range: 1-8 | Median/Mean: 4.0 / 3.825 | Fail: 1.290%\n"}
,{"stream_name":"stdout","time":8758.579327855,"data":"[Game 1870] Range: 1-8 | Median/Mean: 4.0 / 3.827 | Fail: 1.283%\n"}
,{"stream_name":"stdout","time":8820.953539142,"data":"[Game 1880] Range: 1-9 | Median/Mean: 4.0 / 3.835 | Fail: 1.436%\n"}
,{"stream_name":"stdout","time":8873.669594651,"data":"[Game 1890] Range: 1-9 | Median/Mean: 4.0 / 3.836 | Fail: 1.429%\n"}
,{"stream_name":"stdout","time":8907.443590067,"data":"[Game 1900] Range: 1-9 | Median/Mean: 4.0 / 3.836 | Fail: 1.474%\n"}
,{"stream_name":"stdout","time":8958.068049481,"data":"[Game 1910] Range: 1-9 | Median/Mean: 4.0 / 3.840 | Fail: 1.518%\n"}
,{"stream_name":"stdout","time":8995.264327221,"data":"[Game 1920] Range: 1-9 | Median/Mean: 4.0 / 3.841 | Fail: 1.510%\n"}
,{"stream_name":"stdout","time":9046.064466999,"data":"[Game 1930] Range: 1-9 | Median/Mean: 4.0 / 3.842 | Fail: 1.503%\n"}
,{"stream_name":"stdout","time":9085.939987305,"data":"[Game 1940] Range: 1-9 | Median/Mean: 4.0 / 3.843 | Fail: 1.495%\n"}
,{"stream_name":"stdout","time":9153.825498055,"data":"[Game 1950] Range: 1-9 | Median/Mean: 4.0 / 3.845 | Fail: 1.487%\n"}
,{"stream_name":"stdout","time":9210.454190166,"data":"[Game 1960] Range: 1-9 | Median/Mean: 4.0 / 3.845 | Fail: 1.480%\n"}
,{"stream_name":"stdout","time":9256.362167375,"data":"[Game 1970] Range: 1-9 | Median/Mean: 4.0 / 3.847 | Fail: 1.472%\n"}
,{"stream_name":"stdout","time":9312.644664015,"data":"[Game 1980] Range: 1-9 | Median/Mean: 4.0 / 3.846 | Fail: 1.465%\n"}
,{"stream_name":"stdout","time":9348.708320383,"data":"[Game 1990] Range: 1-9 | Median/Mean: 4.0 / 3.848 | Fail: 1.508%\n"}
,{"stream_name":"stdout","time":9403.346106417,"data":"[Game 2000] Range: 1-9 | Median/Mean: 4.0 / 3.849 | Fail: 1.500%\n"}
,{"stream_name":"stdout","time":9461.130689009,"data":"[Game 2010] Range: 1-9 | Median/Mean: 4.0 / 3.851 | Fail: 1.493%\n"}
,{"stream_name":"stdout","time":9504.272938137,"data":"[Game 2020] Range: 1-9 | Median/Mean: 4.0 / 3.853 | Fail: 1.535%\n"}
,{"stream_name":"stdout","time":9554.694159422,"data":"[Game 2030] Range: 1-9 | Median/Mean: 4.0 / 3.854 | Fail: 1.527%\n"}
,{"stream_name":"stdout","time":9592.446276113,"data":"[Game 2040] Range: 1-9 | Median/Mean: 4.0 / 3.854 | Fail: 1.520%\n"}
,{"stream_name":"stdout","time":9646.143872647,"data":"[Game 2050] Range: 1-9 | Median/Mean: 4.0 / 3.856 | Fail: 1.512%\n"}
,{"stream_name":"stdout","time":9682.133937813,"data":"[Game 2060] Range: 1-9 | Median/Mean: 4.0 / 3.854 | Fail: 1.505%\n"}
,{"stream_name":"stdout","time":9725.079787125,"data":"[Game 2070] Range: 1-9 | Median/Mean: 4.0 / 3.859 | Fail: 1.594%\n"}
,{"stream_name":"stdout","time":9770.575782691,"data":"[Game 2080] Range: 1-9 | Median/Mean: 4.0 / 3.860 | Fail: 1.587%\n"}
,{"stream_name":"stdout","time":9808.785546013,"data":"[Game 2090] Range: 1-9 | Median/Mean: 4.0 / 3.860 | Fail: 1.579%\n"}
,{"stream_name":"stdout","time":9858.015696216,"data":"[Game 2100] Range: 1-9 | Median/Mean: 4.0 / 3.863 | Fail: 1.619%\n"}
,{"stream_name":"stdout","time":9910.819182369,"data":"[Game 2110] Range: 1-9 | Median/Mean: 4.0 / 3.862 | Fail: 1.611%\n"}
,{"stream_name":"stdout","time":9952.255235695,"data":"[Game 2120] Range: 1-9 | Median/Mean: 4.0 / 3.862 | Fail: 1.604%\n"}
,{"stream_name":"stdout","time":10016.243605463,"data":"[Game 2130] Range: 1-9 | Median/Mean: 4.0 / 3.865 | Fail: 1.596%\n"}
,{"stream_name":"stdout","time":10061.272335685,"data":"[Game 2140] Range: 1-9 | Median/Mean: 4.0 / 3.866 | Fail: 1.589%\n"}
,{"stream_name":"stdout","time":10104.232345608,"data":"[Game 2150] Range: 1-9 | Median/Mean: 4.0 / 3.868 | Fail: 1.581%\n"}
,{"stream_name":"stdout","time":10148.166059554,"data":"[Game 2160] Range: 1-9 | Median/Mean: 4.0 / 3.869 | Fail: 1.574%\n"}
,{"stream_name":"stdout","time":10202.558779479,"data":"[Game 2170] Range: 1-9 | Median/Mean: 4.0 / 3.868 | Fail: 1.567%\n"}
,{"stream_name":"stdout","time":10253.680702034,"data":"[Game 2180] Range: 1-9 | Median/Mean: 4.0 / 3.870 | Fail: 1.560%\n"}
,{"stream_name":"stdout","time":10304.692442432,"data":"[Game 2190] Range: 1-9 | Median/Mean: 4.0 / 3.872 | Fail: 1.553%\n"}
,{"stream_name":"stdout","time":10353.575086722,"data":"[Game 2200] Range: 1-9 | Median/Mean: 4.0 / 3.873 | Fail: 1.545%\n"}
,{"stream_name":"stdout","time":10407.584541506,"data":"[Game 2210] Range: 1-9 | Median/Mean: 4.0 / 3.875 | Fail: 1.584%\n"}
,{"stream_name":"stdout","time":10471.33288242,"data":"[Game 2220] Range: 1-9 | Median/Mean: 4.0 / 3.877 | Fail: 1.577%\n"}
,{"stream_name":"stdout","time":10524.119063473,"data":"[Game 2230] Range: 1-9 | Median/Mean: 4.0 / 3.879 | Fail: 1.570%\n"}
,{"stream_name":"stdout","time":10551.048020429,"data":"[Game 2240] Range: 1-9 | Median/Mean: 4.0 / 3.880 | Fail: 1.607%\n"}
,{"stream_name":"stdout","time":10600.108232141,"data":"[Game 2250] Range: 1-9 | Median/Mean: 4.0 / 3.883 | Fail: 1.644%\n"}
,{"stream_name":"stdout","time":10655.791027784,"data":"[Game 2260] Range: 1-9 | Median/Mean: 4.0 / 3.887 | Fail: 1.726%\n"}
,{"stream_name":"stdout","time":10715.812730764,"data":"[Game 2270] Range: 1-9 | Median/Mean: 4.0 / 3.889 | Fail: 1.718%\n"}
,{"stream_name":"stdout","time":10769.231862307,"data":"[Game 2280] Range: 1-9 | Median/Mean: 4.0 / 3.890 | Fail: 1.711%\n"}
,{"stream_name":"stdout","time":10819.04946993,"data":"[Game 2290] Range: 1-9 | Median/Mean: 4.0 / 3.892 | Fail: 1.747%\n"}
,{"stream_name":"stdout","time":10875.349587303,"data":"[Game 2300] Range: 1-9 | Median/Mean: 4.0 / 3.892 | Fail: 1.783%\n"}
,{"stream_name":"stdout","time":10925.336896886,"data":"[Game 2310] Range: 1-9 | Median/Mean: 4.0 / 3.892 | Fail: 1.775%\n"}
,{"stream_name":"stdout","time":10949.469628805,"data":"Summary:\n"}
,{"stream_name":"stdout","time":10949.486723723,"data":"Distribution across steps:\n"}
,{"stream_name":"stdout","time":10949.495735496,"data":"Key Metrics:\n"}
,{"stream_name":"stderr","time":10954.455842462,"data":"/opt/conda/lib/python3.7/site-packages/traitlets/traitlets.py:2567: FutureWarning: --Exporter.preprocessors=[\"remove_papermill_header.RemovePapermillHeader\"] for containers is deprecated in traitlets 5.0. You can pass `--Exporter.preprocessors item` ... multiple times to add items to a list.\n"}
,{"stream_name":"stderr","time":10954.455896361,"data":"  FutureWarning,\n"}
,{"stream_name":"stderr","time":10954.455901087,"data":"[NbConvertApp] Converting notebook __notebook__.ipynb to notebook\n"}
,{"stream_name":"stderr","time":10954.877894148,"data":"[NbConvertApp] Writing 32727 bytes to __notebook__.ipynb\n"}
,{"stream_name":"stderr","time":10957.531798709,"data":"/opt/conda/lib/python3.7/site-packages/traitlets/traitlets.py:2567: FutureWarning: --Exporter.preprocessors=[\"nbconvert.preprocessors.ExtractOutputPreprocessor\"] for containers is deprecated in traitlets 5.0. You can pass `--Exporter.preprocessors item` ... multiple times to add items to a list.\n"}
,{"stream_name":"stderr","time":10957.5318762,"data":"  FutureWarning,\n"}
,{"stream_name":"stderr","time":10957.531883398,"data":"[NbConvertApp] Converting notebook __notebook__.ipynb to html\n"}
,{"stream_name":"stderr","time":10958.212307284,"data":"[NbConvertApp] Writing 306973 bytes to __results__.html\n"}
]