[{"stream_name":"stderr","time":13.412750226,"data":"/opt/conda/lib/python3.7/site-packages/papermill/iorw.py:50: FutureWarning: pyarrow.HadoopFileSystem is deprecated as of 2.0.0, please use pyarrow.fs.HadoopFileSystem instead.\n"}
,{"stream_name":"stderr","time":13.41282593,"data":"  from pyarrow import HadoopFileSystem\n"}
,{"stream_name":"stdout","time":14.271457696,"data":"[ ---------- ROATE ----------]\n"}
,{"stream_name":"stdout","time":63.264787452,"data":"[Game 10] Range: 3-4 | Median/Mean: 3.5 / 3.500 | Fail: 0.000%\n"}
,{"stream_name":"stdout","time":103.24526343,"data":"[Game 20] Range: 2-5 | Median/Mean: 3.0 / 3.450 | Fail: 0.000%\n"}
,{"stream_name":"stdout","time":137.457841443,"data":"[Game 30] Range: 2-5 | Median/Mean: 3.0 / 3.400 | Fail: 0.000%\n"}
,{"stream_name":"stdout","time":183.674734101,"data":"[Game 40] Range: 2-5 | Median/Mean: 3.0 / 3.450 | Fail: 0.000%\n"}
,{"stream_name":"stdout","time":228.612660245,"data":"[Game 50] Range: 2-5 | Median/Mean: 4.0 / 3.520 | Fail: 0.000%\n"}
,{"stream_name":"stdout","time":281.591136819,"data":"[Game 60] Range: 2-5 | Median/Mean: 4.0 / 3.500 | Fail: 0.000%\n"}
,{"stream_name":"stdout","time":331.488500666,"data":"[Game 70] Range: 2-5 | Median/Mean: 4.0 / 3.486 | Fail: 0.000%\n"}
,{"stream_name":"stdout","time":354.890922028,"data":"[Game 80] Range: 2-5 | Median/Mean: 3.0 / 3.425 | Fail: 0.000%\n"}
,{"stream_name":"stdout","time":392.60340521,"data":"[Game 90] Range: 2-7 | Median/Mean: 3.0 / 3.456 | Fail: 1.111%\n"}
,{"stream_name":"stdout","time":437.434196551,"data":"[Game 100] Range: 2-7 | Median/Mean: 3.0 / 3.450 | Fail: 1.000%\n"}
,{"stream_name":"stdout","time":491.37801644,"data":"[Game 110] Range: 2-7 | Median/Mean: 3.0 / 3.464 | Fail: 0.909%\n"}
,{"stream_name":"stdout","time":533.630421483,"data":"[Game 120] Range: 2-7 | Median/Mean: 3.0 / 3.475 | Fail: 0.833%\n"}
,{"stream_name":"stdout","time":581.804445354,"data":"[Game 130] Range: 2-7 | Median/Mean: 3.0 / 3.469 | Fail: 0.769%\n"}
,{"stream_name":"stdout","time":615.876653131,"data":"[Game 140] Range: 2-7 | Median/Mean: 3.0 / 3.464 | Fail: 0.714%\n"}
,{"stream_name":"stdout","time":662.087711422,"data":"[Game 150] Range: 2-7 | Median/Mean: 3.0 / 3.507 | Fail: 0.667%\n"}
,{"stream_name":"stdout","time":692.670257524,"data":"[Game 160] Range: 2-7 | Median/Mean: 3.0 / 3.500 | Fail: 0.625%\n"}
,{"stream_name":"stdout","time":732.854814997,"data":"[Game 170] Range: 2-7 | Median/Mean: 3.0 / 3.506 | Fail: 0.588%\n"}
,{"stream_name":"stdout","time":772.671819233,"data":"[Game 180] Range: 2-7 | Median/Mean: 3.0 / 3.517 | Fail: 0.556%\n"}
,{"stream_name":"stdout","time":812.587871308,"data":"[Game 190] Range: 2-7 | Median/Mean: 3.0 / 3.532 | Fail: 0.526%\n"}
,{"stream_name":"stdout","time":853.90158595,"data":"[Game 200] Range: 2-7 | Median/Mean: 3.0 / 3.520 | Fail: 0.500%\n"}
,{"stream_name":"stdout","time":907.354432764,"data":"[Game 210] Range: 2-7 | Median/Mean: 3.0 / 3.543 | Fail: 0.476%\n"}
,{"stream_name":"stdout","time":949.731014511,"data":"[Game 220] Range: 2-7 | Median/Mean: 3.0 / 3.527 | Fail: 0.455%\n"}
,{"stream_name":"stdout","time":995.424952806,"data":"[Game 230] Range: 2-7 | Median/Mean: 3.0 / 3.535 | Fail: 0.435%\n"}
,{"stream_name":"stdout","time":1042.914379527,"data":"[Game 240] Range: 2-7 | Median/Mean: 3.5 / 3.571 | Fail: 0.417%\n"}
,{"stream_name":"stdout","time":1092.778479464,"data":"[Game 250] Range: 2-7 | Median/Mean: 3.5 / 3.568 | Fail: 0.400%\n"}
,{"stream_name":"stdout","time":1124.289437159,"data":"[Game 260] Range: 2-7 | Median/Mean: 3.5 / 3.565 | Fail: 0.385%\n"}
,{"stream_name":"stdout","time":1159.574515999,"data":"[Game 270] Range: 2-7 | Median/Mean: 3.5 / 3.563 | Fail: 0.370%\n"}
,{"stream_name":"stdout","time":1195.341186616,"data":"[Game 280] Range: 2-7 | Median/Mean: 3.0 / 3.554 | Fail: 0.357%\n"}
,{"stream_name":"stdout","time":1238.560757573,"data":"[Game 290] Range: 2-7 | Median/Mean: 3.0 / 3.552 | Fail: 0.345%\n"}
,{"stream_name":"stdout","time":1267.621818834,"data":"[Game 300] Range: 2-7 | Median/Mean: 3.0 / 3.543 | Fail: 0.333%\n"}
,{"stream_name":"stdout","time":1317.138943084,"data":"[Game 310] Range: 2-7 | Median/Mean: 3.0 / 3.542 | Fail: 0.323%\n"}
,{"stream_name":"stdout","time":1354.209794654,"data":"[Game 320] Range: 2-8 | Median/Mean: 3.0 / 3.553 | Fail: 0.625%\n"}
,{"stream_name":"stdout","time":1378.857127244,"data":"[Game 330] Range: 2-9 | Median/Mean: 3.0 / 3.573 | Fail: 0.909%\n"}
,{"stream_name":"stdout","time":1429.531025818,"data":"[Game 340] Range: 2-9 | Median/Mean: 3.0 / 3.574 | Fail: 0.882%\n"}
,{"stream_name":"stdout","time":1486.111873755,"data":"[Game 350] Range: 2-9 | Median/Mean: 3.0 / 3.577 | Fail: 0.857%\n"}
,{"stream_name":"stdout","time":1514.765059076,"data":"[Game 360] Range: 2-9 | Median/Mean: 3.0 / 3.569 | Fail: 0.833%\n"}
,{"stream_name":"stdout","time":1535.177429658,"data":"[Game 370] Range: 2-9 | Median/Mean: 3.0 / 3.557 | Fail: 0.811%\n"}
,{"stream_name":"stdout","time":1571.899337433,"data":"[Game 380] Range: 2-9 | Median/Mean: 3.0 / 3.555 | Fail: 0.789%\n"}
,{"stream_name":"stdout","time":1610.23272737,"data":"[Game 390] Range: 2-9 | Median/Mean: 3.0 / 3.554 | Fail: 1.026%\n"}
,{"stream_name":"stdout","time":1667.97238321,"data":"[Game 400] Range: 2-9 | Median/Mean: 3.0 / 3.565 | Fail: 1.000%\n"}
,{"stream_name":"stdout","time":1717.386240277,"data":"[Game 410] Range: 2-9 | Median/Mean: 3.0 / 3.563 | Fail: 0.976%\n"}
,{"stream_name":"stdout","time":1755.96687527,"data":"[Game 420] Range: 2-9 | Median/Mean: 3.0 / 3.557 | Fail: 0.952%\n"}
,{"stream_name":"stdout","time":1796.522081537,"data":"[Game 430] Range: 2-9 | Median/Mean: 3.0 / 3.574 | Fail: 0.930%\n"}
,{"stream_name":"stdout","time":1843.442533968,"data":"[Game 440] Range: 2-9 | Median/Mean: 3.5 / 3.580 | Fail: 0.909%\n"}
,{"stream_name":"stdout","time":1872.688775973,"data":"[Game 450] Range: 2-9 | Median/Mean: 3.0 / 3.576 | Fail: 0.889%\n"}
,{"stream_name":"stdout","time":1921.589660243,"data":"[Game 460] Range: 2-9 | Median/Mean: 4.0 / 3.583 | Fail: 0.870%\n"}
,{"stream_name":"stdout","time":1964.505613583,"data":"[Game 470] Range: 2-9 | Median/Mean: 3.0 / 3.570 | Fail: 0.851%\n"}
,{"stream_name":"stdout","time":1994.80777645,"data":"[Game 480] Range: 2-9 | Median/Mean: 3.0 / 3.560 | Fail: 0.833%\n"}
,{"stream_name":"stdout","time":2037.300302124,"data":"[Game 490] Range: 2-9 | Median/Mean: 3.0 / 3.561 | Fail: 0.816%\n"}
,{"stream_name":"stdout","time":2083.756783654,"data":"[Game 500] Range: 2-9 | Median/Mean: 3.0 / 3.568 | Fail: 0.800%\n"}
,{"stream_name":"stdout","time":2135.375001756,"data":"[Game 510] Range: 2-9 | Median/Mean: 3.0 / 3.567 | Fail: 0.784%\n"}
,{"stream_name":"stdout","time":2185.379831828,"data":"[Game 520] Range: 2-9 | Median/Mean: 3.0 / 3.567 | Fail: 0.769%\n"}
,{"stream_name":"stdout","time":2221.812953084,"data":"[Game 530] Range: 2-9 | Median/Mean: 3.0 / 3.570 | Fail: 0.755%\n"}
,{"stream_name":"stdout","time":2264.559553392,"data":"[Game 540] Range: 2-9 | Median/Mean: 3.5 / 3.574 | Fail: 0.741%\n"}
,{"stream_name":"stdout","time":2315.382278923,"data":"[Game 550] Range: 2-9 | Median/Mean: 4.0 / 3.576 | Fail: 0.727%\n"}
,{"stream_name":"stdout","time":2361.878621196,"data":"[Game 560] Range: 2-9 | Median/Mean: 4.0 / 3.582 | Fail: 0.714%\n"}
,{"stream_name":"stdout","time":2401.248781966,"data":"[Game 570] Range: 2-9 | Median/Mean: 4.0 / 3.586 | Fail: 0.702%\n"}
,{"stream_name":"stdout","time":2430.58342335,"data":"[Game 580] Range: 2-9 | Median/Mean: 4.0 / 3.588 | Fail: 0.690%\n"}
,{"stream_name":"stdout","time":2484.839165163,"data":"[Game 590] Range: 2-9 | Median/Mean: 4.0 / 3.597 | Fail: 0.678%\n"}
,{"stream_name":"stdout","time":2523.771360162,"data":"[Game 600] Range: 2-9 | Median/Mean: 4.0 / 3.595 | Fail: 0.667%\n"}
,{"stream_name":"stdout","time":2558.063764837,"data":"[Game 610] Range: 2-9 | Median/Mean: 4.0 / 3.593 | Fail: 0.656%\n"}
,{"stream_name":"stdout","time":2605.281385818,"data":"[Game 620] Range: 2-9 | Median/Mean: 4.0 / 3.590 | Fail: 0.645%\n"}
,{"stream_name":"stdout","time":2653.037018912,"data":"[Game 630] Range: 2-9 | Median/Mean: 4.0 / 3.595 | Fail: 0.635%\n"}
,{"stream_name":"stdout","time":2708.571995061,"data":"[Game 640] Range: 2-9 | Median/Mean: 4.0 / 3.597 | Fail: 0.625%\n"}
,{"stream_name":"stdout","time":2752.341197507,"data":"[Game 650] Range: 2-9 | Median/Mean: 4.0 / 3.605 | Fail: 0.615%\n"}
,{"stream_name":"stdout","time":2799.594283145,"data":"[Game 660] Range: 2-9 | Median/Mean: 4.0 / 3.608 | Fail: 0.606%\n"}
,{"stream_name":"stdout","time":2855.075651788,"data":"[Game 670] Range: 2-9 | Median/Mean: 4.0 / 3.613 | Fail: 0.597%\n"}
,{"stream_name":"stdout","time":2908.986921703,"data":"[Game 680] Range: 2-9 | Median/Mean: 4.0 / 3.615 | Fail: 0.588%\n"}
,{"stream_name":"stdout","time":2945.975611297,"data":"[Game 690] Range: 2-9 | Median/Mean: 4.0 / 3.612 | Fail: 0.580%\n"}
,{"stream_name":"stdout","time":2985.097769933,"data":"[Game 700] Range: 2-9 | Median/Mean: 4.0 / 3.614 | Fail: 0.571%\n"}
,{"stream_name":"stdout","time":3018.923672267,"data":"[Game 710] Range: 2-9 | Median/Mean: 4.0 / 3.620 | Fail: 0.563%\n"}
,{"stream_name":"stdout","time":3077.222935775,"data":"[Game 720] Range: 2-9 | Median/Mean: 4.0 / 3.617 | Fail: 0.556%\n"}
,{"stream_name":"stdout","time":3123.816021584,"data":"[Game 730] Range: 2-9 | Median/Mean: 4.0 / 3.623 | Fail: 0.548%\n"}
,{"stream_name":"stdout","time":3177.052167684,"data":"[Game 740] Range: 2-9 | Median/Mean: 4.0 / 3.623 | Fail: 0.541%\n"}
,{"stream_name":"stdout","time":3228.523467812,"data":"[Game 750] Range: 2-9 | Median/Mean: 4.0 / 3.623 | Fail: 0.533%\n"}
,{"stream_name":"stdout","time":3281.529229963,"data":"[Game 760] Range: 2-9 | Median/Mean: 4.0 / 3.629 | Fail: 0.526%\n"}
,{"stream_name":"stdout","time":3328.823503082,"data":"[Game 770] Range: 2-9 | Median/Mean: 4.0 / 3.626 | Fail: 0.519%\n"}
,{"stream_name":"stdout","time":3371.913378163,"data":"[Game 780] Range: 2-9 | Median/Mean: 4.0 / 3.633 | Fail: 0.513%\n"}
,{"stream_name":"stdout","time":3414.159933176,"data":"[Game 790] Range: 2-9 | Median/Mean: 4.0 / 3.635 | Fail: 0.506%\n"}
,{"stream_name":"stdout","time":3455.988391526,"data":"[Game 800] Range: 2-9 | Median/Mean: 4.0 / 3.636 | Fail: 0.500%\n"}
,{"stream_name":"stdout","time":3498.446695486,"data":"[Game 810] Range: 2-9 | Median/Mean: 4.0 / 3.635 | Fail: 0.494%\n"}
,{"stream_name":"stdout","time":3546.329727874,"data":"[Game 820] Range: 2-9 | Median/Mean: 4.0 / 3.629 | Fail: 0.488%\n"}
,{"stream_name":"stdout","time":3605.944501107,"data":"[Game 830] Range: 2-9 | Median/Mean: 4.0 / 3.637 | Fail: 0.482%\n"}
,{"stream_name":"stdout","time":3649.848683985,"data":"[Game 840] Range: 2-9 | Median/Mean: 4.0 / 3.632 | Fail: 0.476%\n"}
,{"stream_name":"stdout","time":3684.530506131,"data":"[Game 850] Range: 2-9 | Median/Mean: 4.0 / 3.638 | Fail: 0.588%\n"}
,{"stream_name":"stdout","time":3747.505522526,"data":"[Game 860] Range: 2-9 | Median/Mean: 4.0 / 3.642 | Fail: 0.698%\n"}
,{"stream_name":"stdout","time":3792.035951103,"data":"[Game 870] Range: 2-9 | Median/Mean: 4.0 / 3.643 | Fail: 0.805%\n"}
,{"stream_name":"stdout","time":3825.655372726,"data":"[Game 880] Range: 2-9 | Median/Mean: 4.0 / 3.640 | Fail: 0.795%\n"}
,{"stream_name":"stdout","time":3867.911792865,"data":"[Game 890] Range: 2-9 | Median/Mean: 4.0 / 3.645 | Fail: 0.787%\n"}
,{"stream_name":"stdout","time":3897.431517823,"data":"[Game 900] Range: 2-9 | Median/Mean: 4.0 / 3.646 | Fail: 0.778%\n"}
,{"stream_name":"stdout","time":3941.512005576,"data":"[Game 910] Range: 2-9 | Median/Mean: 4.0 / 3.651 | Fail: 0.769%\n"}
,{"stream_name":"stdout","time":3990.114816064,"data":"[Game 920] Range: 2-9 | Median/Mean: 4.0 / 3.654 | Fail: 0.761%\n"}
,{"stream_name":"stdout","time":4041.897550507,"data":"[Game 930] Range: 2-9 | Median/Mean: 4.0 / 3.657 | Fail: 0.753%\n"}
,{"stream_name":"stdout","time":4090.22933402,"data":"[Game 940] Range: 2-9 | Median/Mean: 4.0 / 3.661 | Fail: 0.745%\n"}
,{"stream_name":"stdout","time":4149.201498407,"data":"[Game 950] Range: 2-9 | Median/Mean: 4.0 / 3.663 | Fail: 0.737%\n"}
,{"stream_name":"stdout","time":4183.468526886,"data":"[Game 960] Range: 2-9 | Median/Mean: 4.0 / 3.657 | Fail: 0.729%\n"}
,{"stream_name":"stdout","time":4238.723461927,"data":"[Game 970] Range: 2-9 | Median/Mean: 4.0 / 3.656 | Fail: 0.722%\n"}
,{"stream_name":"stdout","time":4293.618650858,"data":"[Game 980] Range: 2-9 | Median/Mean: 4.0 / 3.657 | Fail: 0.714%\n"}
,{"stream_name":"stdout","time":4337.748941341,"data":"[Game 990] Range: 2-9 | Median/Mean: 4.0 / 3.655 | Fail: 0.707%\n"}
,{"stream_name":"stdout","time":4375.159069047,"data":"[Game 1000] Range: 2-9 | Median/Mean: 4.0 / 3.662 | Fail: 0.700%\n"}
,{"stream_name":"stdout","time":4415.946283842,"data":"[Game 1010] Range: 2-9 | Median/Mean: 4.0 / 3.667 | Fail: 0.693%\n"}
,{"stream_name":"stdout","time":4473.997183084,"data":"[Game 1020] Range: 2-9 | Median/Mean: 4.0 / 3.666 | Fail: 0.686%\n"}
,{"stream_name":"stdout","time":4516.425463708,"data":"[Game 1030] Range: 2-9 | Median/Mean: 4.0 / 3.669 | Fail: 0.680%\n"}
,{"stream_name":"stdout","time":4569.606198128,"data":"[Game 1040] Range: 2-9 | Median/Mean: 4.0 / 3.672 | Fail: 0.673%\n"}
,{"stream_name":"stdout","time":4616.021091565,"data":"[Game 1050] Range: 2-9 | Median/Mean: 4.0 / 3.673 | Fail: 0.667%\n"}
,{"stream_name":"stdout","time":4667.693757117,"data":"[Game 1060] Range: 2-9 | Median/Mean: 4.0 / 3.678 | Fail: 0.660%\n"}
,{"stream_name":"stdout","time":4709.762841324,"data":"[Game 1070] Range: 2-9 | Median/Mean: 4.0 / 3.677 | Fail: 0.654%\n"}
,{"stream_name":"stdout","time":4760.202809908,"data":"[Game 1080] Range: 2-9 | Median/Mean: 4.0 / 3.677 | Fail: 0.648%\n"}
,{"stream_name":"stdout","time":4809.984816436,"data":"[Game 1090] Range: 2-9 | Median/Mean: 4.0 / 3.682 | Fail: 0.734%\n"}
,{"stream_name":"stdout","time":4859.223923777,"data":"[Game 1100] Range: 2-9 | Median/Mean: 4.0 / 3.682 | Fail: 0.727%\n"}
,{"stream_name":"stdout","time":4885.736380316,"data":"[Game 1110] Range: 2-9 | Median/Mean: 4.0 / 3.679 | Fail: 0.721%\n"}
,{"stream_name":"stdout","time":4935.98129333,"data":"[Game 1120] Range: 2-9 | Median/Mean: 4.0 / 3.677 | Fail: 0.714%\n"}
,{"stream_name":"stdout","time":4983.963359993,"data":"[Game 1130] Range: 2-9 | Median/Mean: 4.0 / 3.677 | Fail: 0.708%\n"}
,{"stream_name":"stdout","time":5026.351150103,"data":"[Game 1140] Range: 2-9 | Median/Mean: 4.0 / 3.675 | Fail: 0.789%\n"}
,{"stream_name":"stdout","time":5059.341983798,"data":"[Game 1150] Range: 2-9 | Median/Mean: 4.0 / 3.677 | Fail: 0.783%\n"}
,{"stream_name":"stdout","time":5095.413150254,"data":"[Game 1160] Range: 2-9 | Median/Mean: 4.0 / 3.676 | Fail: 0.776%\n"}
,{"stream_name":"stdout","time":5140.482994702,"data":"[Game 1170] Range: 2-9 | Median/Mean: 4.0 / 3.674 | Fail: 0.769%\n"}
,{"stream_name":"stdout","time":5172.027541172,"data":"[Game 1180] Range: 2-9 | Median/Mean: 4.0 / 3.673 | Fail: 0.763%\n"}
,{"stream_name":"stdout","time":5215.278228148,"data":"[Game 1190] Range: 2-9 | Median/Mean: 4.0 / 3.672 | Fail: 0.756%\n"}
,{"stream_name":"stdout","time":5250.569344369,"data":"[Game 1200] Range: 2-9 | Median/Mean: 4.0 / 3.667 | Fail: 0.750%\n"}
,{"stream_name":"stdout","time":5301.468752456,"data":"[Game 1210] Range: 2-9 | Median/Mean: 4.0 / 3.671 | Fail: 0.744%\n"}
,{"stream_name":"stdout","time":5344.111723721,"data":"[Game 1220] Range: 2-9 | Median/Mean: 4.0 / 3.673 | Fail: 0.738%\n"}
,{"stream_name":"stdout","time":5379.724646226,"data":"[Game 1230] Range: 2-9 | Median/Mean: 4.0 / 3.676 | Fail: 0.732%\n"}
,{"stream_name":"stdout","time":5425.273830472,"data":"[Game 1240] Range: 2-9 | Median/Mean: 4.0 / 3.677 | Fail: 0.726%\n"}
,{"stream_name":"stdout","time":5469.386722192,"data":"[Game 1250] Range: 2-9 | Median/Mean: 4.0 / 3.680 | Fail: 0.720%\n"}
,{"stream_name":"stdout","time":5517.61399362,"data":"[Game 1260] Range: 2-9 | Median/Mean: 4.0 / 3.683 | Fail: 0.714%\n"}
,{"stream_name":"stdout","time":5558.313638746,"data":"[Game 1270] Range: 2-9 | Median/Mean: 4.0 / 3.685 | Fail: 0.709%\n"}
,{"stream_name":"stdout","time":5596.738478032,"data":"[Game 1280] Range: 2-9 | Median/Mean: 4.0 / 3.688 | Fail: 0.703%\n"}
,{"stream_name":"stdout","time":5632.866157421,"data":"[Game 1290] Range: 2-9 | Median/Mean: 4.0 / 3.688 | Fail: 0.698%\n"}
,{"stream_name":"stdout","time":5669.069724646,"data":"[Game 1300] Range: 2-9 | Median/Mean: 4.0 / 3.686 | Fail: 0.692%\n"}
,{"stream_name":"stdout","time":5704.601039774,"data":"[Game 1310] Range: 2-9 | Median/Mean: 4.0 / 3.688 | Fail: 0.687%\n"}
,{"stream_name":"stdout","time":5760.38632273,"data":"[Game 1320] Range: 2-9 | Median/Mean: 4.0 / 3.690 | Fail: 0.682%\n"}
,{"stream_name":"stdout","time":5809.271072777,"data":"[Game 1330] Range: 2-9 | Median/Mean: 4.0 / 3.689 | Fail: 0.677%\n"}
,{"stream_name":"stdout","time":5867.714037283,"data":"[Game 1340] Range: 2-9 | Median/Mean: 4.0 / 3.694 | Fail: 0.672%\n"}
,{"stream_name":"stdout","time":5905.777217733,"data":"[Game 1350] Range: 2-9 | Median/Mean: 4.0 / 3.696 | Fail: 0.667%\n"}
,{"stream_name":"stdout","time":5956.113890618,"data":"[Game 1360] Range: 2-9 | Median/Mean: 4.0 / 3.696 | Fail: 0.662%\n"}
,{"stream_name":"stdout","time":6003.446554588,"data":"[Game 1370] Range: 2-9 | Median/Mean: 4.0 / 3.698 | Fail: 0.657%\n"}
,{"stream_name":"stdout","time":6046.68806302,"data":"[Game 1380] Range: 2-9 | Median/Mean: 4.0 / 3.701 | Fail: 0.652%\n"}
,{"stream_name":"stdout","time":6099.759406575,"data":"[Game 1390] Range: 2-9 | Median/Mean: 4.0 / 3.704 | Fail: 0.647%\n"}
,{"stream_name":"stdout","time":6140.642429181,"data":"[Game 1400] Range: 2-9 | Median/Mean: 4.0 / 3.706 | Fail: 0.643%\n"}
,{"stream_name":"stdout","time":6186.725485264,"data":"[Game 1410] Range: 2-9 | Median/Mean: 4.0 / 3.710 | Fail: 0.638%\n"}
,{"stream_name":"stdout","time":6230.467049451,"data":"[Game 1420] Range: 2-9 | Median/Mean: 4.0 / 3.708 | Fail: 0.634%\n"}
,{"stream_name":"stdout","time":6275.896646687,"data":"[Game 1430] Range: 2-9 | Median/Mean: 4.0 / 3.708 | Fail: 0.629%\n"}
,{"stream_name":"stdout","time":6333.504151519,"data":"[Game 1440] Range: 2-9 | Median/Mean: 4.0 / 3.713 | Fail: 0.625%\n"}
,{"stream_name":"stdout","time":6375.342620041,"data":"[Game 1450] Range: 2-9 | Median/Mean: 4.0 / 3.719 | Fail: 0.690%\n"}
,{"stream_name":"stdout","time":6414.293819133,"data":"[Game 1460] Range: 2-9 | Median/Mean: 4.0 / 3.720 | Fail: 0.753%\n"}
,{"stream_name":"stdout","time":6456.35771229,"data":"[Game 1470] Range: 2-9 | Median/Mean: 4.0 / 3.720 | Fail: 0.748%\n"}
,{"stream_name":"stdout","time":6514.161067448,"data":"[Game 1480] Range: 2-9 | Median/Mean: 4.0 / 3.722 | Fail: 0.743%\n"}
,{"stream_name":"stdout","time":6558.476539133,"data":"[Game 1490] Range: 2-9 | Median/Mean: 4.0 / 3.721 | Fail: 0.738%\n"}
,{"stream_name":"stdout","time":6601.060664582,"data":"[Game 1500] Range: 2-9 | Median/Mean: 4.0 / 3.719 | Fail: 0.733%\n"}
,{"stream_name":"stdout","time":6649.323242711,"data":"[Game 1510] Range: 2-9 | Median/Mean: 4.0 / 3.720 | Fail: 0.728%\n"}
,{"stream_name":"stdout","time":6674.161485102,"data":"[Game 1520] Range: 2-9 | Median/Mean: 4.0 / 3.723 | Fail: 0.724%\n"}
,{"stream_name":"stdout","time":6728.929568198,"data":"[Game 1530] Range: 2-9 | Median/Mean: 4.0 / 3.724 | Fail: 0.719%\n"}
,{"stream_name":"stdout","time":6773.047255143,"data":"[Game 1540] Range: 2-9 | Median/Mean: 4.0 / 3.726 | Fail: 0.714%\n"}
,{"stream_name":"stdout","time":6825.987798898,"data":"[Game 1550] Range: 2-9 | Median/Mean: 4.0 / 3.729 | Fail: 0.710%\n"}
,{"stream_name":"stdout","time":6865.4979855,"data":"[Game 1560] Range: 2-9 | Median/Mean: 4.0 / 3.731 | Fail: 0.705%\n"}
,{"stream_name":"stdout","time":6910.997094423,"data":"[Game 1570] Range: 2-9 | Median/Mean: 4.0 / 3.733 | Fail: 0.701%\n"}
,{"stream_name":"stdout","time":6947.947070006,"data":"[Game 1580] Range: 2-9 | Median/Mean: 4.0 / 3.733 | Fail: 0.696%\n"}
,{"stream_name":"stdout","time":6995.107111449,"data":"[Game 1590] Range: 2-9 | Median/Mean: 4.0 / 3.733 | Fail: 0.692%\n"}
,{"stream_name":"stdout","time":7041.051541687,"data":"[Game 1600] Range: 2-9 | Median/Mean: 4.0 / 3.732 | Fail: 0.688%\n"}
,{"stream_name":"stdout","time":7096.599680147,"data":"[Game 1610] Range: 2-9 | Median/Mean: 4.0 / 3.736 | Fail: 0.745%\n"}
,{"stream_name":"stdout","time":7134.723725748,"data":"[Game 1620] Range: 2-9 | Median/Mean: 4.0 / 3.738 | Fail: 0.741%\n"}
,{"stream_name":"stdout","time":7173.544416533,"data":"[Game 1630] Range: 2-9 | Median/Mean: 4.0 / 3.741 | Fail: 0.736%\n"}
,{"stream_name":"stdout","time":7220.036479699,"data":"[Game 1640] Range: 2-9 | Median/Mean: 4.0 / 3.741 | Fail: 0.732%\n"}
,{"stream_name":"stdout","time":7255.207243084,"data":"[Game 1650] Range: 2-9 | Median/Mean: 4.0 / 3.741 | Fail: 0.727%\n"}
,{"stream_name":"stdout","time":7301.3136308,"data":"[Game 1660] Range: 2-9 | Median/Mean: 4.0 / 3.745 | Fail: 0.783%\n"}
,{"stream_name":"stdout","time":7362.240439889,"data":"[Game 1670] Range: 2-9 | Median/Mean: 4.0 / 3.750 | Fail: 0.778%\n"}
,{"stream_name":"stdout","time":7405.756133022,"data":"[Game 1680] Range: 2-9 | Median/Mean: 4.0 / 3.753 | Fail: 0.833%\n"}
,{"stream_name":"stdout","time":7449.352844349,"data":"[Game 1690] Range: 2-9 | Median/Mean: 4.0 / 3.754 | Fail: 0.828%\n"}
,{"stream_name":"stdout","time":7484.877033092,"data":"[Game 1700] Range: 2-9 | Median/Mean: 4.0 / 3.756 | Fail: 0.824%\n"}
,{"stream_name":"stdout","time":7537.107272986,"data":"[Game 1710] Range: 2-9 | Median/Mean: 4.0 / 3.755 | Fail: 0.819%\n"}
,{"stream_name":"stdout","time":7578.58692369,"data":"[Game 1720] Range: 2-9 | Median/Mean: 4.0 / 3.755 | Fail: 0.814%\n"}
,{"stream_name":"stdout","time":7639.712353502,"data":"[Game 1730] Range: 2-9 | Median/Mean: 4.0 / 3.760 | Fail: 0.809%\n"}
,{"stream_name":"stdout","time":7696.151080799,"data":"[Game 1740] Range: 2-9 | Median/Mean: 4.0 / 3.762 | Fail: 0.862%\n"}
,{"stream_name":"stdout","time":7748.114135325,"data":"[Game 1750] Range: 2-9 | Median/Mean: 4.0 / 3.764 | Fail: 0.857%\n"}
,{"stream_name":"stdout","time":7793.405470309,"data":"[Game 1760] Range: 2-9 | Median/Mean: 4.0 / 3.765 | Fail: 0.852%\n"}
,{"stream_name":"stdout","time":7823.766373369,"data":"[Game 1770] Range: 2-9 | Median/Mean: 4.0 / 3.763 | Fail: 0.847%\n"}
,{"stream_name":"stdout","time":7856.243940021,"data":"[Game 1780] Range: 2-9 | Median/Mean: 4.0 / 3.762 | Fail: 0.843%\n"}
,{"stream_name":"stdout","time":7892.886814915,"data":"[Game 1790] Range: 2-9 | Median/Mean: 4.0 / 3.763 | Fail: 0.838%\n"}
,{"stream_name":"stdout","time":7944.745448993,"data":"[Game 1800] Range: 2-9 | Median/Mean: 4.0 / 3.763 | Fail: 0.833%\n"}
,{"stream_name":"stdout","time":7977.346171285,"data":"[Game 1810] Range: 2-9 | Median/Mean: 4.0 / 3.765 | Fail: 0.829%\n"}
,{"stream_name":"stdout","time":8024.952273676,"data":"[Game 1820] Range: 2-9 | Median/Mean: 4.0 / 3.767 | Fail: 0.824%\n"}
,{"stream_name":"stdout","time":8066.389614553,"data":"[Game 1830] Range: 2-9 | Median/Mean: 4.0 / 3.769 | Fail: 0.820%\n"}
,{"stream_name":"stdout","time":8103.38778809,"data":"[Game 1840] Range: 2-9 | Median/Mean: 4.0 / 3.766 | Fail: 0.815%\n"}
,{"stream_name":"stdout","time":8137.186727522,"data":"[Game 1850] Range: 2-9 | Median/Mean: 4.0 / 3.771 | Fail: 0.811%\n"}
,{"stream_name":"stdout","time":8177.455055288,"data":"[Game 1860] Range: 2-9 | Median/Mean: 4.0 / 3.770 | Fail: 0.806%\n"}
,{"stream_name":"stdout","time":8212.631244821,"data":"[Game 1870] Range: 2-9 | Median/Mean: 4.0 / 3.768 | Fail: 0.802%\n"}
,{"stream_name":"stdout","time":8249.886683764,"data":"[Game 1880] Range: 2-9 | Median/Mean: 4.0 / 3.772 | Fail: 0.904%\n"}
,{"stream_name":"stdout","time":8299.618815843,"data":"[Game 1890] Range: 2-9 | Median/Mean: 4.0 / 3.774 | Fail: 0.899%\n"}
,{"stream_name":"stdout","time":8334.164557261,"data":"[Game 1900] Range: 2-9 | Median/Mean: 4.0 / 3.775 | Fail: 0.895%\n"}
,{"stream_name":"stdout","time":8377.276123326,"data":"[Game 1910] Range: 2-9 | Median/Mean: 4.0 / 3.780 | Fail: 0.942%\n"}
,{"stream_name":"stdout","time":8416.432062023,"data":"[Game 1920] Range: 2-9 | Median/Mean: 4.0 / 3.781 | Fail: 0.938%\n"}
,{"stream_name":"stdout","time":8458.620644515,"data":"[Game 1930] Range: 2-9 | Median/Mean: 4.0 / 3.783 | Fail: 0.933%\n"}
,{"stream_name":"stdout","time":8487.078268104,"data":"[Game 1940] Range: 2-9 | Median/Mean: 4.0 / 3.783 | Fail: 0.928%\n"}
,{"stream_name":"stdout","time":8535.707888078,"data":"[Game 1950] Range: 2-9 | Median/Mean: 4.0 / 3.787 | Fail: 0.974%\n"}
,{"stream_name":"stdout","time":8582.074475594,"data":"[Game 1960] Range: 2-9 | Median/Mean: 4.0 / 3.786 | Fail: 0.969%\n"}
,{"stream_name":"stdout","time":8637.516565722,"data":"[Game 1970] Range: 2-9 | Median/Mean: 4.0 / 3.788 | Fail: 0.964%\n"}
,{"stream_name":"stdout","time":8692.454751941,"data":"[Game 1980] Range: 2-9 | Median/Mean: 4.0 / 3.790 | Fail: 0.960%\n"}
,{"stream_name":"stdout","time":8728.945922947,"data":"[Game 1990] Range: 2-9 | Median/Mean: 4.0 / 3.791 | Fail: 0.955%\n"}
,{"stream_name":"stdout","time":8755.605070537,"data":"[Game 2000] Range: 2-9 | Median/Mean: 4.0 / 3.790 | Fail: 0.950%\n"}
,{"stream_name":"stdout","time":8809.744819723,"data":"[Game 2010] Range: 2-9 | Median/Mean: 4.0 / 3.792 | Fail: 0.945%\n"}
,{"stream_name":"stdout","time":8857.39034808,"data":"[Game 2020] Range: 2-9 | Median/Mean: 4.0 / 3.795 | Fail: 0.990%\n"}
,{"stream_name":"stdout","time":8905.008082527,"data":"[Game 2030] Range: 2-9 | Median/Mean: 4.0 / 3.794 | Fail: 0.985%\n"}
,{"stream_name":"stdout","time":8934.122951438,"data":"[Game 2040] Range: 2-9 | Median/Mean: 4.0 / 3.794 | Fail: 0.980%\n"}
,{"stream_name":"stdout","time":8991.966591153,"data":"[Game 2050] Range: 2-9 | Median/Mean: 4.0 / 3.792 | Fail: 0.976%\n"}
,{"stream_name":"stdout","time":9039.676607762,"data":"[Game 2060] Range: 2-9 | Median/Mean: 4.0 / 3.793 | Fail: 0.971%\n"}
,{"stream_name":"stdout","time":9076.09009315,"data":"[Game 2070] Range: 2-9 | Median/Mean: 4.0 / 3.796 | Fail: 1.014%\n"}
,{"stream_name":"stdout","time":9130.621909974,"data":"[Game 2080] Range: 2-9 | Median/Mean: 4.0 / 3.796 | Fail: 1.010%\n"}
,{"stream_name":"stdout","time":9170.398368281,"data":"[Game 2090] Range: 2-9 | Median/Mean: 4.0 / 3.799 | Fail: 1.005%\n"}
,{"stream_name":"stdout","time":9207.246375115,"data":"[Game 2100] Range: 2-9 | Median/Mean: 4.0 / 3.802 | Fail: 1.095%\n"}
,{"stream_name":"stdout","time":9241.67747235,"data":"[Game 2110] Range: 2-9 | Median/Mean: 4.0 / 3.801 | Fail: 1.090%\n"}
,{"stream_name":"stdout","time":9296.394431695,"data":"[Game 2120] Range: 2-9 | Median/Mean: 4.0 / 3.801 | Fail: 1.085%\n"}
,{"stream_name":"stdout","time":9351.190265738,"data":"[Game 2130] Range: 2-9 | Median/Mean: 4.0 / 3.802 | Fail: 1.080%\n"}
,{"stream_name":"stdout","time":9396.193191929,"data":"[Game 2140] Range: 2-9 | Median/Mean: 4.0 / 3.804 | Fail: 1.075%\n"}
,{"stream_name":"stdout","time":9445.949220318,"data":"[Game 2150] Range: 2-9 | Median/Mean: 4.0 / 3.807 | Fail: 1.070%\n"}
,{"stream_name":"stdout","time":9488.510069839,"data":"[Game 2160] Range: 2-9 | Median/Mean: 4.0 / 3.808 | Fail: 1.065%\n"}
,{"stream_name":"stdout","time":9537.112624139,"data":"[Game 2170] Range: 2-9 | Median/Mean: 4.0 / 3.812 | Fail: 1.106%\n"}
,{"stream_name":"stdout","time":9588.185624845,"data":"[Game 2180] Range: 2-9 | Median/Mean: 4.0 / 3.812 | Fail: 1.101%\n"}
,{"stream_name":"stdout","time":9622.838726723,"data":"[Game 2190] Range: 2-9 | Median/Mean: 4.0 / 3.813 | Fail: 1.096%\n"}
,{"stream_name":"stdout","time":9672.865872867,"data":"[Game 2200] Range: 2-9 | Median/Mean: 4.0 / 3.815 | Fail: 1.091%\n"}
,{"stream_name":"stdout","time":9731.211057758,"data":"[Game 2210] Range: 2-9 | Median/Mean: 4.0 / 3.819 | Fail: 1.131%\n"}
,{"stream_name":"stdout","time":9769.701620669,"data":"[Game 2220] Range: 2-9 | Median/Mean: 4.0 / 3.818 | Fail: 1.126%\n"}
,{"stream_name":"stdout","time":9814.239261952,"data":"[Game 2230] Range: 2-9 | Median/Mean: 4.0 / 3.820 | Fail: 1.166%\n"}
,{"stream_name":"stdout","time":9863.427615337,"data":"[Game 2240] Range: 2-9 | Median/Mean: 4.0 / 3.823 | Fail: 1.161%\n"}
,{"stream_name":"stdout","time":9915.579482146,"data":"[Game 2250] Range: 2-9 | Median/Mean: 4.0 / 3.828 | Fail: 1.200%\n"}
,{"stream_name":"stdout","time":9965.557933177,"data":"[Game 2260] Range: 2-9 | Median/Mean: 4.0 / 3.830 | Fail: 1.283%\n"}
,{"stream_name":"stdout","time":10011.423849181,"data":"[Game 2270] Range: 2-9 | Median/Mean: 4.0 / 3.831 | Fail: 1.278%\n"}
,{"stream_name":"stdout","time":10043.499672399,"data":"[Game 2280] Range: 2-9 | Median/Mean: 4.0 / 3.830 | Fail: 1.272%\n"}
,{"stream_name":"stdout","time":10085.279071575,"data":"[Game 2290] Range: 2-9 | Median/Mean: 4.0 / 3.831 | Fail: 1.354%\n"}
,{"stream_name":"stdout","time":10126.479125945,"data":"[Game 2300] Range: 2-9 | Median/Mean: 4.0 / 3.835 | Fail: 1.391%\n"}
,{"stream_name":"stdout","time":10150.359307124,"data":"[Game 2310] Range: 2-9 | Median/Mean: 4.0 / 3.835 | Fail: 1.385%\n"}
,{"stream_name":"stdout","time":10161.155338182,"data":"Summary:\n"}
,{"stream_name":"stdout","time":10161.168263725,"data":"Distribution across steps:\n"}
,{"stream_name":"stdout","time":10161.181406074,"data":"Key Metrics:\n"}
,{"stream_name":"stderr","time":10166.199622964,"data":"/opt/conda/lib/python3.7/site-packages/traitlets/traitlets.py:2567: FutureWarning: --Exporter.preprocessors=[\"remove_papermill_header.RemovePapermillHeader\"] for containers is deprecated in traitlets 5.0. You can pass `--Exporter.preprocessors item` ... multiple times to add items to a list.\n"}
,{"stream_name":"stderr","time":10166.199683993,"data":"  FutureWarning,\n"}
,{"stream_name":"stderr","time":10166.199693025,"data":"[NbConvertApp] Converting notebook __notebook__.ipynb to notebook\n"}
,{"stream_name":"stderr","time":10166.627734291,"data":"[NbConvertApp] Writing 32650 bytes to __notebook__.ipynb\n"}
,{"stream_name":"stderr","time":10169.292197623,"data":"/opt/conda/lib/python3.7/site-packages/traitlets/traitlets.py:2567: FutureWarning: --Exporter.preprocessors=[\"nbconvert.preprocessors.ExtractOutputPreprocessor\"] for containers is deprecated in traitlets 5.0. You can pass `--Exporter.preprocessors item` ... multiple times to add items to a list.\n"}
,{"stream_name":"stderr","time":10169.292289819,"data":"  FutureWarning,\n"}
,{"stream_name":"stderr","time":10169.292296837,"data":"[NbConvertApp] Converting notebook __notebook__.ipynb to html\n"}
,{"stream_name":"stderr","time":10169.933737453,"data":"[NbConvertApp] Writing 306934 bytes to __results__.html\n"}
]