[{"stream_name":"stderr","time":12.254361613,"data":"/opt/conda/lib/python3.7/site-packages/papermill/iorw.py:50: FutureWarning: pyarrow.HadoopFileSystem is deprecated as of 2.0.0, please use pyarrow.fs.HadoopFileSystem instead.\n"}
,{"stream_name":"stderr","time":12.25442282,"data":"  from pyarrow import HadoopFileSystem\n"}
,{"stream_name":"stdout","time":13.048967416,"data":"[ ---------- RALES ----------]\n"}
,{"stream_name":"stdout","time":58.23750843,"data":"[Game 10] Range: 2-5 | Median/Mean: 3.0 / 3.300 | Fail: 0.000%\n"}
,{"stream_name":"stdout","time":116.224666874,"data":"[Game 20] Range: 2-5 | Median/Mean: 4.0 / 3.450 | Fail: 0.000%\n"}
,{"stream_name":"stdout","time":158.255597908,"data":"[Game 30] Range: 2-5 | Median/Mean: 4.0 / 3.500 | Fail: 0.000%\n"}
,{"stream_name":"stdout","time":195.841060914,"data":"[Game 40] Range: 2-5 | Median/Mean: 4.0 / 3.625 | Fail: 0.000%\n"}
,{"stream_name":"stdout","time":245.948494412,"data":"[Game 50] Range: 2-5 | Median/Mean: 4.0 / 3.620 | Fail: 0.000%\n"}
,{"stream_name":"stdout","time":290.983372876,"data":"[Game 60] Range: 2-5 | Median/Mean: 4.0 / 3.617 | Fail: 0.000%\n"}
,{"stream_name":"stdout","time":346.751866213,"data":"[Game 70] Range: 2-5 | Median/Mean: 4.0 / 3.657 | Fail: 0.000%\n"}
,{"stream_name":"stdout","time":393.543657002,"data":"[Game 80] Range: 2-5 | Median/Mean: 4.0 / 3.587 | Fail: 0.000%\n"}
,{"stream_name":"stdout","time":444.53691587,"data":"[Game 90] Range: 2-7 | Median/Mean: 4.0 / 3.600 | Fail: 1.111%\n"}
,{"stream_name":"stdout","time":486.837595987,"data":"[Game 100] Range: 2-7 | Median/Mean: 4.0 / 3.600 | Fail: 1.000%\n"}
,{"stream_name":"stdout","time":533.814028582,"data":"[Game 110] Range: 2-7 | Median/Mean: 4.0 / 3.609 | Fail: 0.909%\n"}
,{"stream_name":"stdout","time":599.967375375,"data":"[Game 120] Range: 2-7 | Median/Mean: 4.0 / 3.642 | Fail: 1.667%\n"}
,{"stream_name":"stdout","time":641.674733662,"data":"[Game 130] Range: 2-7 | Median/Mean: 4.0 / 3.638 | Fail: 1.538%\n"}
,{"stream_name":"stdout","time":695.881718956,"data":"[Game 140] Range: 2-7 | Median/Mean: 4.0 / 3.629 | Fail: 1.429%\n"}
,{"stream_name":"stdout","time":752.26763719,"data":"[Game 150] Range: 2-7 | Median/Mean: 4.0 / 3.647 | Fail: 1.333%\n"}
,{"stream_name":"stdout","time":790.649599948,"data":"[Game 160] Range: 2-7 | Median/Mean: 4.0 / 3.656 | Fail: 1.250%\n"}
,{"stream_name":"stdout","time":836.758237205,"data":"[Game 170] Range: 2-7 | Median/Mean: 4.0 / 3.659 | Fail: 1.176%\n"}
,{"stream_name":"stdout","time":877.997668272,"data":"[Game 180] Range: 2-7 | Median/Mean: 4.0 / 3.650 | Fail: 1.111%\n"}
,{"stream_name":"stdout","time":934.430104311,"data":"[Game 190] Range: 2-7 | Median/Mean: 4.0 / 3.679 | Fail: 1.053%\n"}
,{"stream_name":"stdout","time":978.129502199,"data":"[Game 200] Range: 2-7 | Median/Mean: 4.0 / 3.660 | Fail: 1.000%\n"}
,{"stream_name":"stdout","time":1038.486197816,"data":"[Game 210] Range: 2-7 | Median/Mean: 4.0 / 3.671 | Fail: 0.952%\n"}
,{"stream_name":"stdout","time":1103.651308087,"data":"[Game 220] Range: 2-7 | Median/Mean: 4.0 / 3.673 | Fail: 0.909%\n"}
,{"stream_name":"stdout","time":1164.625864438,"data":"[Game 230] Range: 2-7 | Median/Mean: 4.0 / 3.678 | Fail: 0.870%\n"}
,{"stream_name":"stdout","time":1191.110040739,"data":"[Game 240] Range: 2-7 | Median/Mean: 4.0 / 3.696 | Fail: 0.833%\n"}
,{"stream_name":"stdout","time":1250.972071023,"data":"[Game 250] Range: 2-7 | Median/Mean: 4.0 / 3.704 | Fail: 0.800%\n"}
,{"stream_name":"stdout","time":1310.405077768,"data":"[Game 260] Range: 2-7 | Median/Mean: 4.0 / 3.712 | Fail: 0.769%\n"}
,{"stream_name":"stdout","time":1351.9850704,"data":"[Game 270] Range: 2-7 | Median/Mean: 4.0 / 3.700 | Fail: 0.741%\n"}
,{"stream_name":"stdout","time":1382.633164377,"data":"[Game 280] Range: 2-7 | Median/Mean: 4.0 / 3.689 | Fail: 0.714%\n"}
,{"stream_name":"stdout","time":1445.443789203,"data":"[Game 290] Range: 2-7 | Median/Mean: 4.0 / 3.686 | Fail: 0.690%\n"}
,{"stream_name":"stdout","time":1495.177930062,"data":"[Game 300] Range: 2-7 | Median/Mean: 4.0 / 3.687 | Fail: 0.667%\n"}
,{"stream_name":"stdout","time":1538.353959886,"data":"[Game 310] Range: 2-7 | Median/Mean: 4.0 / 3.690 | Fail: 0.645%\n"}
,{"stream_name":"stdout","time":1596.23874537,"data":"[Game 320] Range: 2-7 | Median/Mean: 4.0 / 3.703 | Fail: 0.625%\n"}
,{"stream_name":"stdout","time":1640.365050635,"data":"[Game 330] Range: 2-8 | Median/Mean: 4.0 / 3.706 | Fail: 0.909%\n"}
,{"stream_name":"stdout","time":1680.901733368,"data":"[Game 340] Range: 2-8 | Median/Mean: 4.0 / 3.691 | Fail: 0.882%\n"}
,{"stream_name":"stdout","time":1729.131271386,"data":"[Game 350] Range: 2-8 | Median/Mean: 4.0 / 3.686 | Fail: 0.857%\n"}
,{"stream_name":"stdout","time":1792.445736853,"data":"[Game 360] Range: 2-8 | Median/Mean: 4.0 / 3.697 | Fail: 0.833%\n"}
,{"stream_name":"stdout","time":1852.091651326,"data":"[Game 370] Range: 2-8 | Median/Mean: 4.0 / 3.700 | Fail: 0.811%\n"}
,{"stream_name":"stdout","time":1913.243812333,"data":"[Game 380] Range: 2-8 | Median/Mean: 4.0 / 3.700 | Fail: 0.789%\n"}
,{"stream_name":"stdout","time":1949.913583268,"data":"[Game 390] Range: 2-8 | Median/Mean: 4.0 / 3.695 | Fail: 0.769%\n"}
,{"stream_name":"stdout","time":2007.542808905,"data":"[Game 400] Range: 2-8 | Median/Mean: 4.0 / 3.708 | Fail: 0.750%\n"}
,{"stream_name":"stdout","time":2055.699419338,"data":"[Game 410] Range: 2-8 | Median/Mean: 4.0 / 3.707 | Fail: 0.732%\n"}
,{"stream_name":"stdout","time":2126.496502953,"data":"[Game 420] Range: 2-8 | Median/Mean: 4.0 / 3.714 | Fail: 0.714%\n"}
,{"stream_name":"stdout","time":2178.022681602,"data":"[Game 430] Range: 2-8 | Median/Mean: 4.0 / 3.714 | Fail: 0.698%\n"}
,{"stream_name":"stdout","time":2225.84354377,"data":"[Game 440] Range: 2-8 | Median/Mean: 4.0 / 3.716 | Fail: 0.682%\n"}
,{"stream_name":"stdout","time":2282.808245038,"data":"[Game 450] Range: 2-8 | Median/Mean: 4.0 / 3.713 | Fail: 0.667%\n"}
,{"stream_name":"stdout","time":2330.616372439,"data":"[Game 460] Range: 2-8 | Median/Mean: 4.0 / 3.728 | Fail: 0.652%\n"}
,{"stream_name":"stdout","time":2394.894184662,"data":"[Game 470] Range: 2-8 | Median/Mean: 4.0 / 3.728 | Fail: 0.638%\n"}
,{"stream_name":"stdout","time":2458.825561155,"data":"[Game 480] Range: 2-8 | Median/Mean: 4.0 / 3.737 | Fail: 0.625%\n"}
,{"stream_name":"stdout","time":2502.173929669,"data":"[Game 490] Range: 2-8 | Median/Mean: 4.0 / 3.737 | Fail: 0.612%\n"}
,{"stream_name":"stdout","time":2560.339291311,"data":"[Game 500] Range: 2-8 | Median/Mean: 4.0 / 3.740 | Fail: 0.600%\n"}
,{"stream_name":"stdout","time":2604.466319037,"data":"[Game 510] Range: 2-8 | Median/Mean: 4.0 / 3.739 | Fail: 0.588%\n"}
,{"stream_name":"stdout","time":2657.043612166,"data":"[Game 520] Range: 2-8 | Median/Mean: 4.0 / 3.746 | Fail: 0.577%\n"}
,{"stream_name":"stdout","time":2703.59264571,"data":"[Game 530] Range: 2-8 | Median/Mean: 4.0 / 3.743 | Fail: 0.566%\n"}
,{"stream_name":"stdout","time":2763.675386967,"data":"[Game 540] Range: 2-8 | Median/Mean: 4.0 / 3.744 | Fail: 0.556%\n"}
,{"stream_name":"stdout","time":2809.474726436,"data":"[Game 550] Range: 2-8 | Median/Mean: 4.0 / 3.751 | Fail: 0.545%\n"}
,{"stream_name":"stdout","time":2859.119399755,"data":"[Game 560] Range: 2-8 | Median/Mean: 4.0 / 3.755 | Fail: 0.536%\n"}
,{"stream_name":"stdout","time":2901.767036726,"data":"[Game 570] Range: 2-8 | Median/Mean: 4.0 / 3.753 | Fail: 0.526%\n"}
,{"stream_name":"stdout","time":2951.156813166,"data":"[Game 580] Range: 2-8 | Median/Mean: 4.0 / 3.745 | Fail: 0.517%\n"}
,{"stream_name":"stdout","time":3009.039513369,"data":"[Game 590] Range: 2-8 | Median/Mean: 4.0 / 3.749 | Fail: 0.508%\n"}
,{"stream_name":"stdout","time":3061.815526562,"data":"[Game 600] Range: 2-8 | Median/Mean: 4.0 / 3.748 | Fail: 0.667%\n"}
,{"stream_name":"stdout","time":3100.70743975,"data":"[Game 610] Range: 2-8 | Median/Mean: 4.0 / 3.746 | Fail: 0.656%\n"}
,{"stream_name":"stdout","time":3134.250056889,"data":"[Game 620] Range: 2-8 | Median/Mean: 4.0 / 3.745 | Fail: 0.645%\n"}
,{"stream_name":"stdout","time":3185.840960266,"data":"[Game 630] Range: 2-8 | Median/Mean: 4.0 / 3.743 | Fail: 0.635%\n"}
,{"stream_name":"stdout","time":3239.284354031,"data":"[Game 640] Range: 2-8 | Median/Mean: 4.0 / 3.742 | Fail: 0.625%\n"}
,{"stream_name":"stdout","time":3294.623481598,"data":"[Game 650] Range: 2-8 | Median/Mean: 4.0 / 3.742 | Fail: 0.615%\n"}
,{"stream_name":"stdout","time":3354.164676239,"data":"[Game 660] Range: 2-8 | Median/Mean: 4.0 / 3.744 | Fail: 0.606%\n"}
,{"stream_name":"stdout","time":3391.1031042,"data":"[Game 670] Range: 2-8 | Median/Mean: 4.0 / 3.742 | Fail: 0.597%\n"}
,{"stream_name":"stdout","time":3438.525621653,"data":"[Game 680] Range: 2-8 | Median/Mean: 4.0 / 3.740 | Fail: 0.588%\n"}
,{"stream_name":"stdout","time":3489.37682941,"data":"[Game 690] Range: 2-8 | Median/Mean: 4.0 / 3.742 | Fail: 0.580%\n"}
,{"stream_name":"stdout","time":3547.26095179,"data":"[Game 700] Range: 2-8 | Median/Mean: 4.0 / 3.743 | Fail: 0.571%\n"}
,{"stream_name":"stdout","time":3595.706001473,"data":"[Game 710] Range: 2-8 | Median/Mean: 4.0 / 3.751 | Fail: 0.563%\n"}
,{"stream_name":"stdout","time":3640.421170466,"data":"[Game 720] Range: 2-8 | Median/Mean: 4.0 / 3.750 | Fail: 0.556%\n"}
,{"stream_name":"stdout","time":3697.101408386,"data":"[Game 730] Range: 2-8 | Median/Mean: 4.0 / 3.755 | Fail: 0.548%\n"}
,{"stream_name":"stdout","time":3739.908891513,"data":"[Game 740] Range: 2-8 | Median/Mean: 4.0 / 3.749 | Fail: 0.541%\n"}
,{"stream_name":"stdout","time":3795.953387272,"data":"[Game 750] Range: 2-8 | Median/Mean: 4.0 / 3.748 | Fail: 0.533%\n"}
,{"stream_name":"stdout","time":3851.368961715,"data":"[Game 760] Range: 2-8 | Median/Mean: 4.0 / 3.751 | Fail: 0.526%\n"}
,{"stream_name":"stdout","time":3906.452880713,"data":"[Game 770] Range: 2-8 | Median/Mean: 4.0 / 3.753 | Fail: 0.519%\n"}
,{"stream_name":"stdout","time":3961.548748351,"data":"[Game 780] Range: 2-8 | Median/Mean: 4.0 / 3.754 | Fail: 0.513%\n"}
,{"stream_name":"stdout","time":4002.967674597,"data":"[Game 790] Range: 2-8 | Median/Mean: 4.0 / 3.748 | Fail: 0.506%\n"}
,{"stream_name":"stdout","time":4053.637407992,"data":"[Game 800] Range: 2-8 | Median/Mean: 4.0 / 3.748 | Fail: 0.500%\n"}
,{"stream_name":"stdout","time":4110.304423555,"data":"[Game 810] Range: 2-8 | Median/Mean: 4.0 / 3.748 | Fail: 0.494%\n"}
,{"stream_name":"stdout","time":4160.526094782,"data":"[Game 820] Range: 2-8 | Median/Mean: 4.0 / 3.743 | Fail: 0.488%\n"}
,{"stream_name":"stdout","time":4228.2414547,"data":"[Game 830] Range: 2-8 | Median/Mean: 4.0 / 3.741 | Fail: 0.482%\n"}
,{"stream_name":"stdout","time":4269.191192607,"data":"[Game 840] Range: 2-8 | Median/Mean: 4.0 / 3.742 | Fail: 0.476%\n"}
,{"stream_name":"stdout","time":4314.689995629,"data":"[Game 850] Range: 2-8 | Median/Mean: 4.0 / 3.741 | Fail: 0.471%\n"}
,{"stream_name":"stdout","time":4362.240904272,"data":"[Game 860] Range: 2-8 | Median/Mean: 4.0 / 3.743 | Fail: 0.465%\n"}
,{"stream_name":"stdout","time":4417.375280665,"data":"[Game 870] Range: 2-8 | Median/Mean: 4.0 / 3.741 | Fail: 0.460%\n"}
,{"stream_name":"stdout","time":4454.316253062,"data":"[Game 880] Range: 2-8 | Median/Mean: 4.0 / 3.744 | Fail: 0.455%\n"}
,{"stream_name":"stdout","time":4490.149839375,"data":"[Game 890] Range: 2-8 | Median/Mean: 4.0 / 3.743 | Fail: 0.449%\n"}
,{"stream_name":"stdout","time":4548.007274398,"data":"[Game 900] Range: 2-8 | Median/Mean: 4.0 / 3.742 | Fail: 0.444%\n"}
,{"stream_name":"stdout","time":4600.98330961,"data":"[Game 910] Range: 2-8 | Median/Mean: 4.0 / 3.743 | Fail: 0.549%\n"}
,{"stream_name":"stdout","time":4657.717674749,"data":"[Game 920] Range: 2-8 | Median/Mean: 4.0 / 3.747 | Fail: 0.543%\n"}
,{"stream_name":"stdout","time":4696.272880843,"data":"[Game 930] Range: 2-8 | Median/Mean: 4.0 / 3.745 | Fail: 0.538%\n"}
,{"stream_name":"stdout","time":4738.585461935,"data":"[Game 940] Range: 2-8 | Median/Mean: 4.0 / 3.745 | Fail: 0.638%\n"}
,{"stream_name":"stdout","time":4798.726936599,"data":"[Game 950] Range: 2-8 | Median/Mean: 4.0 / 3.743 | Fail: 0.632%\n"}
,{"stream_name":"stdout","time":4843.290214365,"data":"[Game 960] Range: 2-8 | Median/Mean: 4.0 / 3.746 | Fail: 0.729%\n"}
,{"stream_name":"stdout","time":4884.62650989,"data":"[Game 970] Range: 2-8 | Median/Mean: 4.0 / 3.745 | Fail: 0.722%\n"}
,{"stream_name":"stdout","time":4939.170692453,"data":"[Game 980] Range: 2-8 | Median/Mean: 4.0 / 3.746 | Fail: 0.714%\n"}
,{"stream_name":"stdout","time":5001.109354839,"data":"[Game 990] Range: 2-8 | Median/Mean: 4.0 / 3.748 | Fail: 0.707%\n"}
,{"stream_name":"stdout","time":5040.655103705,"data":"[Game 1000] Range: 2-8 | Median/Mean: 4.0 / 3.756 | Fail: 0.800%\n"}
,{"stream_name":"stdout","time":5101.672202595,"data":"[Game 1010] Range: 2-8 | Median/Mean: 4.0 / 3.751 | Fail: 0.792%\n"}
,{"stream_name":"stdout","time":5148.454756789,"data":"[Game 1020] Range: 2-8 | Median/Mean: 4.0 / 3.747 | Fail: 0.784%\n"}
,{"stream_name":"stdout","time":5187.835208728,"data":"[Game 1030] Range: 2-8 | Median/Mean: 4.0 / 3.746 | Fail: 0.777%\n"}
,{"stream_name":"stdout","time":5235.753063702,"data":"[Game 1040] Range: 2-8 | Median/Mean: 4.0 / 3.746 | Fail: 0.769%\n"}
,{"stream_name":"stdout","time":5277.663683645,"data":"[Game 1050] Range: 2-8 | Median/Mean: 4.0 / 3.746 | Fail: 0.762%\n"}
,{"stream_name":"stdout","time":5347.365839639,"data":"[Game 1060] Range: 2-8 | Median/Mean: 4.0 / 3.752 | Fail: 0.755%\n"}
,{"stream_name":"stdout","time":5382.085209878,"data":"[Game 1070] Range: 2-8 | Median/Mean: 4.0 / 3.749 | Fail: 0.748%\n"}
,{"stream_name":"stdout","time":5448.030636614,"data":"[Game 1080] Range: 2-8 | Median/Mean: 4.0 / 3.751 | Fail: 0.741%\n"}
,{"stream_name":"stdout","time":5510.481346575,"data":"[Game 1090] Range: 2-8 | Median/Mean: 4.0 / 3.759 | Fail: 0.826%\n"}
,{"stream_name":"stdout","time":5563.062702026,"data":"[Game 1100] Range: 2-8 | Median/Mean: 4.0 / 3.761 | Fail: 0.818%\n"}
,{"stream_name":"stdout","time":5612.49069074,"data":"[Game 1110] Range: 2-8 | Median/Mean: 4.0 / 3.766 | Fail: 0.811%\n"}
,{"stream_name":"stdout","time":5672.028792209,"data":"[Game 1120] Range: 2-8 | Median/Mean: 4.0 / 3.763 | Fail: 0.804%\n"}
,{"stream_name":"stdout","time":5716.232544126,"data":"[Game 1130] Range: 2-8 | Median/Mean: 4.0 / 3.761 | Fail: 0.796%\n"}
,{"stream_name":"stdout","time":5780.240825303,"data":"[Game 1140] Range: 2-8 | Median/Mean: 4.0 / 3.763 | Fail: 0.877%\n"}
,{"stream_name":"stdout","time":5823.72953291,"data":"[Game 1150] Range: 2-8 | Median/Mean: 4.0 / 3.766 | Fail: 0.870%\n"}
,{"stream_name":"stdout","time":5881.167728192,"data":"[Game 1160] Range: 2-8 | Median/Mean: 4.0 / 3.764 | Fail: 0.862%\n"}
,{"stream_name":"stdout","time":5925.630112246,"data":"[Game 1170] Range: 2-8 | Median/Mean: 4.0 / 3.764 | Fail: 0.855%\n"}
,{"stream_name":"stdout","time":5969.718470845,"data":"[Game 1180] Range: 2-8 | Median/Mean: 4.0 / 3.764 | Fail: 0.847%\n"}
,{"stream_name":"stdout","time":6035.317382189,"data":"[Game 1190] Range: 2-8 | Median/Mean: 4.0 / 3.765 | Fail: 0.840%\n"}
,{"stream_name":"stdout","time":6081.925352013,"data":"[Game 1200] Range: 2-8 | Median/Mean: 4.0 / 3.761 | Fail: 0.833%\n"}
,{"stream_name":"stdout","time":6141.389161254,"data":"[Game 1210] Range: 2-8 | Median/Mean: 4.0 / 3.762 | Fail: 0.826%\n"}
,{"stream_name":"stdout","time":6194.765704676,"data":"[Game 1220] Range: 2-8 | Median/Mean: 4.0 / 3.766 | Fail: 0.820%\n"}
,{"stream_name":"stdout","time":6252.359756104,"data":"[Game 1230] Range: 2-9 | Median/Mean: 4.0 / 3.774 | Fail: 0.894%\n"}
,{"stream_name":"stdout","time":6305.755632534,"data":"[Game 1240] Range: 2-9 | Median/Mean: 4.0 / 3.773 | Fail: 0.887%\n"}
,{"stream_name":"stdout","time":6353.038209726,"data":"[Game 1250] Range: 2-9 | Median/Mean: 4.0 / 3.773 | Fail: 0.880%\n"}
,{"stream_name":"stdout","time":6396.988881341,"data":"[Game 1260] Range: 2-9 | Median/Mean: 4.0 / 3.777 | Fail: 0.873%\n"}
,{"stream_name":"stdout","time":6436.992230569,"data":"[Game 1270] Range: 2-9 | Median/Mean: 4.0 / 3.776 | Fail: 0.866%\n"}
,{"stream_name":"stdout","time":6486.905621205,"data":"[Game 1280] Range: 2-9 | Median/Mean: 4.0 / 3.777 | Fail: 0.859%\n"}
,{"stream_name":"stdout","time":6521.716617639,"data":"[Game 1290] Range: 2-9 | Median/Mean: 4.0 / 3.779 | Fail: 0.853%\n"}
,{"stream_name":"stdout","time":6550.461252886,"data":"[Game 1300] Range: 2-9 | Median/Mean: 4.0 / 3.778 | Fail: 0.846%\n"}
,{"stream_name":"stdout","time":6606.133510885,"data":"[Game 1310] Range: 2-9 | Median/Mean: 4.0 / 3.779 | Fail: 0.840%\n"}
,{"stream_name":"stdout","time":6659.277940907,"data":"[Game 1320] Range: 2-9 | Median/Mean: 4.0 / 3.780 | Fail: 0.833%\n"}
,{"stream_name":"stdout","time":6730.630521348,"data":"[Game 1330] Range: 2-9 | Median/Mean: 4.0 / 3.781 | Fail: 0.827%\n"}
,{"stream_name":"stdout","time":6795.950100567,"data":"[Game 1340] Range: 2-9 | Median/Mean: 4.0 / 3.784 | Fail: 0.821%\n"}
,{"stream_name":"stdout","time":6835.169820185,"data":"[Game 1350] Range: 2-9 | Median/Mean: 4.0 / 3.783 | Fail: 0.815%\n"}
,{"stream_name":"stdout","time":6893.637683095,"data":"[Game 1360] Range: 2-9 | Median/Mean: 4.0 / 3.789 | Fail: 0.809%\n"}
,{"stream_name":"stdout","time":6959.825704824,"data":"[Game 1370] Range: 2-9 | Median/Mean: 4.0 / 3.793 | Fail: 0.876%\n"}
,{"stream_name":"stdout","time":7017.486628048,"data":"[Game 1380] Range: 2-9 | Median/Mean: 4.0 / 3.796 | Fail: 0.870%\n"}
,{"stream_name":"stdout","time":7065.007788351,"data":"[Game 1390] Range: 2-9 | Median/Mean: 4.0 / 3.798 | Fail: 0.863%\n"}
,{"stream_name":"stdout","time":7119.342308214,"data":"[Game 1400] Range: 2-9 | Median/Mean: 4.0 / 3.801 | Fail: 0.857%\n"}
,{"stream_name":"stdout","time":7173.01105564,"data":"[Game 1410] Range: 2-9 | Median/Mean: 4.0 / 3.808 | Fail: 0.851%\n"}
,{"stream_name":"stdout","time":7222.883866881,"data":"[Game 1420] Range: 2-9 | Median/Mean: 4.0 / 3.807 | Fail: 0.845%\n"}
,{"stream_name":"stdout","time":7253.778686302,"data":"[Game 1430] Range: 2-9 | Median/Mean: 4.0 / 3.809 | Fail: 0.839%\n"}
,{"stream_name":"stdout","time":7291.928037144,"data":"[Game 1440] Range: 2-9 | Median/Mean: 4.0 / 3.810 | Fail: 0.833%\n"}
,{"stream_name":"stdout","time":7346.089742197,"data":"[Game 1450] Range: 2-9 | Median/Mean: 4.0 / 3.814 | Fail: 0.828%\n"}
,{"stream_name":"stdout","time":7401.121500294,"data":"[Game 1460] Range: 2-9 | Median/Mean: 4.0 / 3.814 | Fail: 0.822%\n"}
,{"stream_name":"stdout","time":7442.139493047,"data":"[Game 1470] Range: 2-9 | Median/Mean: 4.0 / 3.816 | Fail: 0.816%\n"}
,{"stream_name":"stdout","time":7485.901731927,"data":"[Game 1480] Range: 2-9 | Median/Mean: 4.0 / 3.816 | Fail: 0.811%\n"}
,{"stream_name":"stdout","time":7539.43919819,"data":"[Game 1490] Range: 2-9 | Median/Mean: 4.0 / 3.817 | Fail: 0.805%\n"}
,{"stream_name":"stdout","time":7607.676143079,"data":"[Game 1500] Range: 2-9 | Median/Mean: 4.0 / 3.820 | Fail: 0.800%\n"}
,{"stream_name":"stdout","time":7662.626274632,"data":"[Game 1510] Range: 2-9 | Median/Mean: 4.0 / 3.818 | Fail: 0.795%\n"}
,{"stream_name":"stdout","time":7725.079987167,"data":"[Game 1520] Range: 2-9 | Median/Mean: 4.0 / 3.822 | Fail: 0.789%\n"}
,{"stream_name":"stdout","time":7787.105890157,"data":"[Game 1530] Range: 2-9 | Median/Mean: 4.0 / 3.822 | Fail: 0.784%\n"}
,{"stream_name":"stdout","time":7842.741773587,"data":"[Game 1540] Range: 2-9 | Median/Mean: 4.0 / 3.821 | Fail: 0.779%\n"}
,{"stream_name":"stdout","time":7873.753620689,"data":"[Game 1550] Range: 2-9 | Median/Mean: 4.0 / 3.821 | Fail: 0.774%\n"}
,{"stream_name":"stdout","time":7917.310475942,"data":"[Game 1560] Range: 2-9 | Median/Mean: 4.0 / 3.821 | Fail: 0.769%\n"}
,{"stream_name":"stdout","time":7967.515063327,"data":"[Game 1570] Range: 2-9 | Median/Mean: 4.0 / 3.820 | Fail: 0.764%\n"}
,{"stream_name":"stdout","time":8004.03637125,"data":"[Game 1580] Range: 2-9 | Median/Mean: 4.0 / 3.820 | Fail: 0.759%\n"}
,{"stream_name":"stdout","time":8038.72252246,"data":"[Game 1590] Range: 2-9 | Median/Mean: 4.0 / 3.820 | Fail: 0.755%\n"}
,{"stream_name":"stdout","time":8067.765873207,"data":"[Game 1600] Range: 2-9 | Median/Mean: 4.0 / 3.819 | Fail: 0.750%\n"}
,{"stream_name":"stdout","time":8124.579603699,"data":"[Game 1610] Range: 2-9 | Median/Mean: 4.0 / 3.819 | Fail: 0.745%\n"}
,{"stream_name":"stdout","time":8188.469538807,"data":"[Game 1620] Range: 2-9 | Median/Mean: 4.0 / 3.822 | Fail: 0.741%\n"}
,{"stream_name":"stdout","time":8243.428692339,"data":"[Game 1630] Range: 2-9 | Median/Mean: 4.0 / 3.823 | Fail: 0.736%\n"}
,{"stream_name":"stdout","time":8288.95142661,"data":"[Game 1640] Range: 2-9 | Median/Mean: 4.0 / 3.823 | Fail: 0.732%\n"}
,{"stream_name":"stdout","time":8343.26422917,"data":"[Game 1650] Range: 2-9 | Median/Mean: 4.0 / 3.825 | Fail: 0.727%\n"}
,{"stream_name":"stdout","time":8392.282542714,"data":"[Game 1660] Range: 2-9 | Median/Mean: 4.0 / 3.828 | Fail: 0.723%\n"}
,{"stream_name":"stdout","time":8436.269500241,"data":"[Game 1670] Range: 2-9 | Median/Mean: 4.0 / 3.826 | Fail: 0.719%\n"}
,{"stream_name":"stdout","time":8503.350329768,"data":"[Game 1680] Range: 2-9 | Median/Mean: 4.0 / 3.832 | Fail: 0.714%\n"}
,{"stream_name":"stdout","time":8534.512301632,"data":"[Game 1690] Range: 2-9 | Median/Mean: 4.0 / 3.830 | Fail: 0.710%\n"}
,{"stream_name":"stdout","time":8580.79885109,"data":"[Game 1700] Range: 2-9 | Median/Mean: 4.0 / 3.832 | Fail: 0.706%\n"}
,{"stream_name":"stdout","time":8633.980809323,"data":"[Game 1710] Range: 2-9 | Median/Mean: 4.0 / 3.835 | Fail: 0.702%\n"}
,{"stream_name":"stdout","time":8687.938452169,"data":"[Game 1720] Range: 2-9 | Median/Mean: 4.0 / 3.835 | Fail: 0.698%\n"}
,{"stream_name":"stdout","time":8750.303250931,"data":"[Game 1730] Range: 2-9 | Median/Mean: 4.0 / 3.836 | Fail: 0.751%\n"}
,{"stream_name":"stdout","time":8797.091189741,"data":"[Game 1740] Range: 2-9 | Median/Mean: 4.0 / 3.842 | Fail: 0.862%\n"}
,{"stream_name":"stdout","time":8844.999380471,"data":"[Game 1750] Range: 2-9 | Median/Mean: 4.0 / 3.840 | Fail: 0.857%\n"}
,{"stream_name":"stdout","time":8899.981522937,"data":"[Game 1760] Range: 2-9 | Median/Mean: 4.0 / 3.840 | Fail: 0.852%\n"}
,{"stream_name":"stdout","time":8966.181796965,"data":"[Game 1770] Range: 2-9 | Median/Mean: 4.0 / 3.840 | Fail: 0.847%\n"}
,{"stream_name":"stdout","time":9024.538092256,"data":"[Game 1780] Range: 2-9 | Median/Mean: 4.0 / 3.841 | Fail: 0.843%\n"}
,{"stream_name":"stdout","time":9081.114876974,"data":"[Game 1790] Range: 2-9 | Median/Mean: 4.0 / 3.843 | Fail: 0.838%\n"}
,{"stream_name":"stdout","time":9124.523872112,"data":"[Game 1800] Range: 2-9 | Median/Mean: 4.0 / 3.841 | Fail: 0.833%\n"}
,{"stream_name":"stdout","time":9187.262368234,"data":"[Game 1810] Range: 2-9 | Median/Mean: 4.0 / 3.845 | Fail: 0.829%\n"}
,{"stream_name":"stdout","time":9218.413638115,"data":"[Game 1820] Range: 2-9 | Median/Mean: 4.0 / 3.846 | Fail: 0.824%\n"}
,{"stream_name":"stdout","time":9285.876563769,"data":"[Game 1830] Range: 2-9 | Median/Mean: 4.0 / 3.848 | Fail: 0.820%\n"}
,{"stream_name":"stdout","time":9333.70478443,"data":"[Game 1840] Range: 2-9 | Median/Mean: 4.0 / 3.849 | Fail: 0.815%\n"}
,{"stream_name":"stdout","time":9376.129336197,"data":"[Game 1850] Range: 2-9 | Median/Mean: 4.0 / 3.850 | Fail: 0.811%\n"}
,{"stream_name":"stdout","time":9424.86897006,"data":"[Game 1860] Range: 2-9 | Median/Mean: 4.0 / 3.850 | Fail: 0.806%\n"}
,{"stream_name":"stdout","time":9477.152980762,"data":"[Game 1870] Range: 2-9 | Median/Mean: 4.0 / 3.851 | Fail: 0.802%\n"}
,{"stream_name":"stdout","time":9514.719828145,"data":"[Game 1880] Range: 2-9 | Median/Mean: 4.0 / 3.856 | Fail: 0.904%\n"}
,{"stream_name":"stdout","time":9565.362186493,"data":"[Game 1890] Range: 2-9 | Median/Mean: 4.0 / 3.859 | Fail: 0.899%\n"}
,{"stream_name":"stdout","time":9613.566134748,"data":"[Game 1900] Range: 2-9 | Median/Mean: 4.0 / 3.861 | Fail: 0.895%\n"}
,{"stream_name":"stdout","time":9672.929051066,"data":"[Game 1910] Range: 2-9 | Median/Mean: 4.0 / 3.865 | Fail: 0.942%\n"}
,{"stream_name":"stdout","time":9727.992287139,"data":"[Game 1920] Range: 2-9 | Median/Mean: 4.0 / 3.866 | Fail: 0.938%\n"}
,{"stream_name":"stdout","time":9770.113108869,"data":"[Game 1930] Range: 2-9 | Median/Mean: 4.0 / 3.866 | Fail: 0.933%\n"}
,{"stream_name":"stdout","time":9830.000432136,"data":"[Game 1940] Range: 2-9 | Median/Mean: 4.0 / 3.868 | Fail: 0.928%\n"}
,{"stream_name":"stdout","time":9889.615263212,"data":"[Game 1950] Range: 2-9 | Median/Mean: 4.0 / 3.870 | Fail: 0.923%\n"}
,{"stream_name":"stdout","time":9949.097808451,"data":"[Game 1960] Range: 2-9 | Median/Mean: 4.0 / 3.873 | Fail: 0.969%\n"}
,{"stream_name":"stdout","time":9988.592119083,"data":"[Game 1970] Range: 2-9 | Median/Mean: 4.0 / 3.875 | Fail: 0.964%\n"}
,{"stream_name":"stdout","time":10050.035326144,"data":"[Game 1980] Range: 2-9 | Median/Mean: 4.0 / 3.876 | Fail: 0.960%\n"}
,{"stream_name":"stdout","time":10096.278392336,"data":"[Game 1990] Range: 2-9 | Median/Mean: 4.0 / 3.876 | Fail: 0.955%\n"}
,{"stream_name":"stdout","time":10147.509004713,"data":"[Game 2000] Range: 2-9 | Median/Mean: 4.0 / 3.877 | Fail: 0.950%\n"}
,{"stream_name":"stdout","time":10208.907661766,"data":"[Game 2010] Range: 2-9 | Median/Mean: 4.0 / 3.879 | Fail: 0.945%\n"}
,{"stream_name":"stdout","time":10263.603072943,"data":"[Game 2020] Range: 2-9 | Median/Mean: 4.0 / 3.882 | Fail: 0.941%\n"}
,{"stream_name":"stdout","time":10308.098974051,"data":"[Game 2030] Range: 2-9 | Median/Mean: 4.0 / 3.882 | Fail: 0.936%\n"}
,{"stream_name":"stdout","time":10355.164319757,"data":"[Game 2040] Range: 2-9 | Median/Mean: 4.0 / 3.884 | Fail: 0.931%\n"}
,{"stream_name":"stdout","time":10397.001343605,"data":"[Game 2050] Range: 2-9 | Median/Mean: 4.0 / 3.884 | Fail: 0.927%\n"}
,{"stream_name":"stdout","time":10449.774254679,"data":"[Game 2060] Range: 2-9 | Median/Mean: 4.0 / 3.883 | Fail: 0.922%\n"}
,{"stream_name":"stdout","time":10505.479568432,"data":"[Game 2070] Range: 2-9 | Median/Mean: 4.0 / 3.888 | Fail: 0.966%\n"}
,{"stream_name":"stdout","time":10546.896791242,"data":"[Game 2080] Range: 2-9 | Median/Mean: 4.0 / 3.890 | Fail: 0.962%\n"}
,{"stream_name":"stdout","time":10596.947433982,"data":"[Game 2090] Range: 2-9 | Median/Mean: 4.0 / 3.891 | Fail: 0.957%\n"}
,{"stream_name":"stdout","time":10651.073259579,"data":"[Game 2100] Range: 2-9 | Median/Mean: 4.0 / 3.894 | Fail: 1.000%\n"}
,{"stream_name":"stdout","time":10704.449532372,"data":"[Game 2110] Range: 2-9 | Median/Mean: 4.0 / 3.895 | Fail: 0.995%\n"}
,{"stream_name":"stdout","time":10743.499378278,"data":"[Game 2120] Range: 2-9 | Median/Mean: 4.0 / 3.892 | Fail: 0.991%\n"}
,{"stream_name":"stdout","time":10795.770043213,"data":"[Game 2130] Range: 2-9 | Median/Mean: 4.0 / 3.892 | Fail: 0.986%\n"}
,{"stream_name":"stdout","time":10864.385347378,"data":"[Game 2140] Range: 2-9 | Median/Mean: 4.0 / 3.896 | Fail: 1.075%\n"}
,{"stream_name":"stdout","time":10910.234661562,"data":"[Game 2150] Range: 2-9 | Median/Mean: 4.0 / 3.896 | Fail: 1.070%\n"}
,{"stream_name":"stdout","time":10978.506962757,"data":"[Game 2160] Range: 2-9 | Median/Mean: 4.0 / 3.900 | Fail: 1.065%\n"}
,{"stream_name":"stdout","time":11032.21885178,"data":"[Game 2170] Range: 2-9 | Median/Mean: 4.0 / 3.902 | Fail: 1.106%\n"}
,{"stream_name":"stdout","time":11092.126085682,"data":"[Game 2180] Range: 2-9 | Median/Mean: 4.0 / 3.906 | Fail: 1.101%\n"}
,{"stream_name":"stdout","time":11139.445882098,"data":"[Game 2190] Range: 2-9 | Median/Mean: 4.0 / 3.906 | Fail: 1.096%\n"}
,{"stream_name":"stdout","time":11188.219701132,"data":"[Game 2200] Range: 2-9 | Median/Mean: 4.0 / 3.908 | Fail: 1.091%\n"}
,{"stream_name":"stdout","time":11238.212374391,"data":"[Game 2210] Range: 2-9 | Median/Mean: 4.0 / 3.908 | Fail: 1.131%\n"}
,{"stream_name":"stdout","time":11303.924395544,"data":"[Game 2220] Range: 2-9 | Median/Mean: 4.0 / 3.912 | Fail: 1.126%\n"}
,{"stream_name":"stdout","time":11348.191878847,"data":"[Game 2230] Range: 2-9 | Median/Mean: 4.0 / 3.913 | Fail: 1.166%\n"}
,{"stream_name":"stdout","time":11394.457298013,"data":"[Game 2240] Range: 2-9 | Median/Mean: 4.0 / 3.914 | Fail: 1.205%\n"}
,{"stream_name":"stdout","time":11451.983256713,"data":"[Game 2250] Range: 2-9 | Median/Mean: 4.0 / 3.918 | Fail: 1.244%\n"}
,{"stream_name":"stdout","time":11501.742395126,"data":"[Game 2260] Range: 2-9 | Median/Mean: 4.0 / 3.922 | Fail: 1.327%\n"}
,{"stream_name":"stdout","time":11545.202676998,"data":"[Game 2270] Range: 2-9 | Median/Mean: 4.0 / 3.921 | Fail: 1.322%\n"}
,{"stream_name":"stdout","time":11581.619390072,"data":"[Game 2280] Range: 2-9 | Median/Mean: 4.0 / 3.923 | Fail: 1.316%\n"}
,{"stream_name":"stdout","time":11622.943562553,"data":"[Game 2290] Range: 2-9 | Median/Mean: 4.0 / 3.926 | Fail: 1.354%\n"}
,{"stream_name":"stdout","time":11669.075857904,"data":"[Game 2300] Range: 2-9 | Median/Mean: 4.0 / 3.926 | Fail: 1.348%\n"}
,{"stream_name":"stdout","time":11709.396156913,"data":"[Game 2310] Range: 2-9 | Median/Mean: 4.0 / 3.927 | Fail: 1.342%\n"}
,{"stream_name":"stdout","time":11729.103138191,"data":"Summary:\n"}
,{"stream_name":"stdout","time":11729.117996429,"data":"Distribution across steps:\n"}
,{"stream_name":"stdout","time":11729.125214871,"data":"Key Metrics:\n"}
,{"stream_name":"stderr","time":11733.583503825,"data":"/opt/conda/lib/python3.7/site-packages/traitlets/traitlets.py:2567: FutureWarning: --Exporter.preprocessors=[\"remove_papermill_header.RemovePapermillHeader\"] for containers is deprecated in traitlets 5.0. You can pass `--Exporter.preprocessors item` ... multiple times to add items to a list.\n"}
,{"stream_name":"stderr","time":11733.583698889,"data":"  FutureWarning,\n"}
,{"stream_name":"stderr","time":11733.583739923,"data":"[NbConvertApp] Converting notebook __notebook__.ipynb to notebook\n"}
,{"stream_name":"stderr","time":11734.004604183,"data":"[NbConvertApp] Writing 32646 bytes to __notebook__.ipynb\n"}
,{"stream_name":"stderr","time":11736.67265386,"data":"/opt/conda/lib/python3.7/site-packages/traitlets/traitlets.py:2567: FutureWarning: --Exporter.preprocessors=[\"nbconvert.preprocessors.ExtractOutputPreprocessor\"] for containers is deprecated in traitlets 5.0. You can pass `--Exporter.preprocessors item` ... multiple times to add items to a list.\n"}
,{"stream_name":"stderr","time":11736.672760887,"data":"  FutureWarning,\n"}
,{"stream_name":"stderr","time":11736.672820097,"data":"[NbConvertApp] Converting notebook __notebook__.ipynb to html\n"}
,{"stream_name":"stderr","time":11737.313595682,"data":"[NbConvertApp] Writing 306933 bytes to __results__.html\n"}
]