[{"stream_name":"stderr","time":12.46099189,"data":"/opt/conda/lib/python3.7/site-packages/papermill/iorw.py:50: FutureWarning: pyarrow.HadoopFileSystem is deprecated as of 2.0.0, please use pyarrow.fs.HadoopFileSystem instead.\n"}
,{"stream_name":"stderr","time":12.461066673,"data":"  from pyarrow import HadoopFileSystem\n"}
,{"stream_name":"stdout","time":13.257381218,"data":"[ ---------- ARLES ----------]\n"}
,{"stream_name":"stdout","time":63.772142575,"data":"[Game 10] Range: 2-4 | Median/Mean: 3.0 / 3.200 | Fail: 0.000%\n"}
,{"stream_name":"stdout","time":115.727055213,"data":"[Game 20] Range: 2-4 | Median/Mean: 3.0 / 3.350 | Fail: 0.000%\n"}
,{"stream_name":"stdout","time":155.159215857,"data":"[Game 30] Range: 2-5 | Median/Mean: 3.0 / 3.400 | Fail: 0.000%\n"}
,{"stream_name":"stdout","time":194.257543115,"data":"[Game 40] Range: 2-5 | Median/Mean: 3.5 / 3.450 | Fail: 0.000%\n"}
,{"stream_name":"stdout","time":244.673368665,"data":"[Game 50] Range: 2-5 | Median/Mean: 4.0 / 3.500 | Fail: 0.000%\n"}
,{"stream_name":"stdout","time":292.420899863,"data":"[Game 60] Range: 2-5 | Median/Mean: 3.5 / 3.483 | Fail: 0.000%\n"}
,{"stream_name":"stdout","time":336.006973151,"data":"[Game 70] Range: 2-6 | Median/Mean: 4.0 / 3.529 | Fail: 0.000%\n"}
,{"stream_name":"stdout","time":370.547680751,"data":"[Game 80] Range: 2-6 | Median/Mean: 3.0 / 3.475 | Fail: 0.000%\n"}
,{"stream_name":"stdout","time":419.292301972,"data":"[Game 90] Range: 2-7 | Median/Mean: 3.0 / 3.500 | Fail: 1.111%\n"}
,{"stream_name":"stdout","time":464.79779093,"data":"[Game 100] Range: 2-7 | Median/Mean: 3.0 / 3.500 | Fail: 1.000%\n"}
,{"stream_name":"stdout","time":506.602467956,"data":"[Game 110] Range: 2-7 | Median/Mean: 4.0 / 3.527 | Fail: 0.909%\n"}
,{"stream_name":"stdout","time":568.580697136,"data":"[Game 120] Range: 2-7 | Median/Mean: 4.0 / 3.558 | Fail: 0.833%\n"}
,{"stream_name":"stdout","time":604.9261452,"data":"[Game 130] Range: 2-7 | Median/Mean: 4.0 / 3.562 | Fail: 0.769%\n"}
,{"stream_name":"stdout","time":645.557262295,"data":"[Game 140] Range: 2-7 | Median/Mean: 3.5 / 3.529 | Fail: 0.714%\n"}
,{"stream_name":"stdout","time":706.491996564,"data":"[Game 150] Range: 2-7 | Median/Mean: 4.0 / 3.540 | Fail: 0.667%\n"}
,{"stream_name":"stdout","time":759.172936483,"data":"[Game 160] Range: 2-7 | Median/Mean: 4.0 / 3.569 | Fail: 0.625%\n"}
,{"stream_name":"stdout","time":797.454204264,"data":"[Game 170] Range: 2-7 | Median/Mean: 4.0 / 3.559 | Fail: 0.588%\n"}
,{"stream_name":"stdout","time":844.855710299,"data":"[Game 180] Range: 2-7 | Median/Mean: 4.0 / 3.561 | Fail: 0.556%\n"}
,{"stream_name":"stdout","time":898.199568198,"data":"[Game 190] Range: 2-7 | Median/Mean: 4.0 / 3.584 | Fail: 0.526%\n"}
,{"stream_name":"stdout","time":928.036829517,"data":"[Game 200] Range: 2-7 | Median/Mean: 4.0 / 3.570 | Fail: 0.500%\n"}
,{"stream_name":"stdout","time":983.016293096,"data":"[Game 210] Range: 2-7 | Median/Mean: 4.0 / 3.590 | Fail: 0.476%\n"}
,{"stream_name":"stdout","time":1037.369498966,"data":"[Game 220] Range: 2-7 | Median/Mean: 4.0 / 3.582 | Fail: 0.455%\n"}
,{"stream_name":"stdout","time":1092.782110791,"data":"[Game 230] Range: 2-7 | Median/Mean: 4.0 / 3.591 | Fail: 0.435%\n"}
,{"stream_name":"stdout","time":1121.621444944,"data":"[Game 240] Range: 2-7 | Median/Mean: 4.0 / 3.596 | Fail: 0.417%\n"}
,{"stream_name":"stdout","time":1175.418645874,"data":"[Game 250] Range: 2-7 | Median/Mean: 4.0 / 3.596 | Fail: 0.400%\n"}
,{"stream_name":"stdout","time":1235.038347206,"data":"[Game 260] Range: 2-7 | Median/Mean: 4.0 / 3.600 | Fail: 0.385%\n"}
,{"stream_name":"stdout","time":1274.799318512,"data":"[Game 270] Range: 2-7 | Median/Mean: 4.0 / 3.600 | Fail: 0.370%\n"}
,{"stream_name":"stdout","time":1315.161521837,"data":"[Game 280] Range: 2-7 | Median/Mean: 4.0 / 3.586 | Fail: 0.357%\n"}
,{"stream_name":"stdout","time":1378.262885219,"data":"[Game 290] Range: 2-7 | Median/Mean: 4.0 / 3.590 | Fail: 0.345%\n"}
,{"stream_name":"stdout","time":1427.896135815,"data":"[Game 300] Range: 2-7 | Median/Mean: 4.0 / 3.583 | Fail: 0.333%\n"}
,{"stream_name":"stdout","time":1470.103108917,"data":"[Game 310] Range: 2-7 | Median/Mean: 4.0 / 3.590 | Fail: 0.323%\n"}
,{"stream_name":"stdout","time":1527.780543485,"data":"[Game 320] Range: 2-7 | Median/Mean: 4.0 / 3.603 | Fail: 0.312%\n"}
,{"stream_name":"stdout","time":1568.229397109,"data":"[Game 330] Range: 2-7 | Median/Mean: 4.0 / 3.606 | Fail: 0.303%\n"}
,{"stream_name":"stdout","time":1612.974833346,"data":"[Game 340] Range: 2-7 | Median/Mean: 4.0 / 3.600 | Fail: 0.294%\n"}
,{"stream_name":"stdout","time":1655.163132272,"data":"[Game 350] Range: 2-7 | Median/Mean: 4.0 / 3.594 | Fail: 0.286%\n"}
,{"stream_name":"stdout","time":1710.691253891,"data":"[Game 360] Range: 2-7 | Median/Mean: 4.0 / 3.603 | Fail: 0.278%\n"}
,{"stream_name":"stdout","time":1758.126382529,"data":"[Game 370] Range: 2-7 | Median/Mean: 4.0 / 3.597 | Fail: 0.270%\n"}
,{"stream_name":"stdout","time":1802.316799952,"data":"[Game 380] Range: 2-7 | Median/Mean: 4.0 / 3.603 | Fail: 0.263%\n"}
,{"stream_name":"stdout","time":1853.891551323,"data":"[Game 390] Range: 2-7 | Median/Mean: 4.0 / 3.608 | Fail: 0.256%\n"}
,{"stream_name":"stdout","time":1910.253460577,"data":"[Game 400] Range: 2-7 | Median/Mean: 4.0 / 3.618 | Fail: 0.250%\n"}
,{"stream_name":"stdout","time":1962.533950047,"data":"[Game 410] Range: 2-7 | Median/Mean: 4.0 / 3.615 | Fail: 0.244%\n"}
,{"stream_name":"stdout","time":2019.726950927,"data":"[Game 420] Range: 2-7 | Median/Mean: 4.0 / 3.619 | Fail: 0.238%\n"}
,{"stream_name":"stdout","time":2070.895666945,"data":"[Game 430] Range: 2-7 | Median/Mean: 4.0 / 3.623 | Fail: 0.233%\n"}
,{"stream_name":"stdout","time":2123.430633339,"data":"[Game 440] Range: 2-7 | Median/Mean: 4.0 / 3.627 | Fail: 0.227%\n"}
,{"stream_name":"stdout","time":2183.828876266,"data":"[Game 450] Range: 2-7 | Median/Mean: 4.0 / 3.633 | Fail: 0.222%\n"}
,{"stream_name":"stdout","time":2234.806210605,"data":"[Game 460] Range: 2-7 | Median/Mean: 4.0 / 3.650 | Fail: 0.217%\n"}
,{"stream_name":"stdout","time":2299.505779084,"data":"[Game 470] Range: 2-7 | Median/Mean: 4.0 / 3.653 | Fail: 0.213%\n"}
,{"stream_name":"stdout","time":2351.88754959,"data":"[Game 480] Range: 2-7 | Median/Mean: 4.0 / 3.663 | Fail: 0.208%\n"}
,{"stream_name":"stdout","time":2389.338085087,"data":"[Game 490] Range: 2-7 | Median/Mean: 4.0 / 3.661 | Fail: 0.204%\n"}
,{"stream_name":"stdout","time":2450.954987687,"data":"[Game 500] Range: 2-7 | Median/Mean: 4.0 / 3.672 | Fail: 0.200%\n"}
,{"stream_name":"stdout","time":2495.799442333,"data":"[Game 510] Range: 2-7 | Median/Mean: 4.0 / 3.671 | Fail: 0.196%\n"}
,{"stream_name":"stdout","time":2548.297610668,"data":"[Game 520] Range: 2-7 | Median/Mean: 4.0 / 3.671 | Fail: 0.192%\n"}
,{"stream_name":"stdout","time":2583.237469792,"data":"[Game 530] Range: 2-7 | Median/Mean: 4.0 / 3.668 | Fail: 0.189%\n"}
,{"stream_name":"stdout","time":2635.634280535,"data":"[Game 540] Range: 2-7 | Median/Mean: 4.0 / 3.670 | Fail: 0.185%\n"}
,{"stream_name":"stdout","time":2683.533571277,"data":"[Game 550] Range: 2-7 | Median/Mean: 4.0 / 3.675 | Fail: 0.182%\n"}
,{"stream_name":"stdout","time":2741.962246895,"data":"[Game 560] Range: 2-7 | Median/Mean: 4.0 / 3.680 | Fail: 0.179%\n"}
,{"stream_name":"stdout","time":2783.205641082,"data":"[Game 570] Range: 2-7 | Median/Mean: 4.0 / 3.679 | Fail: 0.175%\n"}
,{"stream_name":"stdout","time":2819.16408695,"data":"[Game 580] Range: 2-7 | Median/Mean: 4.0 / 3.667 | Fail: 0.172%\n"}
,{"stream_name":"stdout","time":2882.80328763,"data":"[Game 590] Range: 2-7 | Median/Mean: 4.0 / 3.676 | Fail: 0.169%\n"}
,{"stream_name":"stdout","time":2941.182829326,"data":"[Game 600] Range: 2-7 | Median/Mean: 4.0 / 3.678 | Fail: 0.333%\n"}
,{"stream_name":"stdout","time":2988.275610796,"data":"[Game 610] Range: 2-7 | Median/Mean: 4.0 / 3.677 | Fail: 0.328%\n"}
,{"stream_name":"stdout","time":3020.542974991,"data":"[Game 620] Range: 2-7 | Median/Mean: 4.0 / 3.677 | Fail: 0.323%\n"}
,{"stream_name":"stdout","time":3068.500003767,"data":"[Game 630] Range: 2-7 | Median/Mean: 4.0 / 3.678 | Fail: 0.317%\n"}
,{"stream_name":"stdout","time":3125.92704608,"data":"[Game 640] Range: 2-7 | Median/Mean: 4.0 / 3.675 | Fail: 0.312%\n"}
,{"stream_name":"stdout","time":3178.538050394,"data":"[Game 650] Range: 2-7 | Median/Mean: 4.0 / 3.674 | Fail: 0.308%\n"}
,{"stream_name":"stdout","time":3228.792665334,"data":"[Game 660] Range: 2-7 | Median/Mean: 4.0 / 3.673 | Fail: 0.303%\n"}
,{"stream_name":"stdout","time":3267.964139736,"data":"[Game 670] Range: 2-7 | Median/Mean: 4.0 / 3.670 | Fail: 0.299%\n"}
,{"stream_name":"stdout","time":3307.929882238,"data":"[Game 680] Range: 2-7 | Median/Mean: 4.0 / 3.668 | Fail: 0.294%\n"}
,{"stream_name":"stdout","time":3362.78783666,"data":"[Game 690] Range: 2-7 | Median/Mean: 4.0 / 3.671 | Fail: 0.290%\n"}
,{"stream_name":"stdout","time":3423.848194719,"data":"[Game 700] Range: 2-7 | Median/Mean: 4.0 / 3.677 | Fail: 0.286%\n"}
,{"stream_name":"stdout","time":3465.694517022,"data":"[Game 710] Range: 2-7 | Median/Mean: 4.0 / 3.682 | Fail: 0.282%\n"}
,{"stream_name":"stdout","time":3506.742802751,"data":"[Game 720] Range: 2-7 | Median/Mean: 4.0 / 3.683 | Fail: 0.278%\n"}
,{"stream_name":"stdout","time":3554.07719881,"data":"[Game 730] Range: 2-7 | Median/Mean: 4.0 / 3.682 | Fail: 0.274%\n"}
,{"stream_name":"stdout","time":3599.549186996,"data":"[Game 740] Range: 2-7 | Median/Mean: 4.0 / 3.677 | Fail: 0.270%\n"}
,{"stream_name":"stdout","time":3653.795029477,"data":"[Game 750] Range: 2-7 | Median/Mean: 4.0 / 3.675 | Fail: 0.267%\n"}
,{"stream_name":"stdout","time":3707.084485117,"data":"[Game 760] Range: 2-7 | Median/Mean: 4.0 / 3.678 | Fail: 0.263%\n"}
,{"stream_name":"stdout","time":3771.832960502,"data":"[Game 770] Range: 2-7 | Median/Mean: 4.0 / 3.678 | Fail: 0.260%\n"}
,{"stream_name":"stdout","time":3828.871759517,"data":"[Game 780] Range: 2-7 | Median/Mean: 4.0 / 3.679 | Fail: 0.256%\n"}
,{"stream_name":"stdout","time":3878.762543263,"data":"[Game 790] Range: 2-7 | Median/Mean: 4.0 / 3.680 | Fail: 0.253%\n"}
,{"stream_name":"stdout","time":3923.551180142,"data":"[Game 800] Range: 2-7 | Median/Mean: 4.0 / 3.683 | Fail: 0.250%\n"}
,{"stream_name":"stdout","time":3965.489423025,"data":"[Game 810] Range: 2-7 | Median/Mean: 4.0 / 3.681 | Fail: 0.247%\n"}
,{"stream_name":"stdout","time":4028.431271091,"data":"[Game 820] Range: 2-7 | Median/Mean: 4.0 / 3.680 | Fail: 0.244%\n"}
,{"stream_name":"stdout","time":4087.443528964,"data":"[Game 830] Range: 2-7 | Median/Mean: 4.0 / 3.682 | Fail: 0.241%\n"}
,{"stream_name":"stdout","time":4126.724521094,"data":"[Game 840] Range: 2-7 | Median/Mean: 4.0 / 3.682 | Fail: 0.238%\n"}
,{"stream_name":"stdout","time":4181.022959937,"data":"[Game 850] Range: 2-7 | Median/Mean: 4.0 / 3.685 | Fail: 0.235%\n"}
,{"stream_name":"stdout","time":4223.645485831,"data":"[Game 860] Range: 2-7 | Median/Mean: 4.0 / 3.687 | Fail: 0.233%\n"}
,{"stream_name":"stdout","time":4265.076431358,"data":"[Game 870] Range: 2-7 | Median/Mean: 4.0 / 3.684 | Fail: 0.230%\n"}
,{"stream_name":"stdout","time":4303.201242826,"data":"[Game 880] Range: 2-7 | Median/Mean: 4.0 / 3.688 | Fail: 0.227%\n"}
,{"stream_name":"stdout","time":4334.160882357,"data":"[Game 890] Range: 2-7 | Median/Mean: 4.0 / 3.688 | Fail: 0.225%\n"}
,{"stream_name":"stdout","time":4386.388185803,"data":"[Game 900] Range: 2-7 | Median/Mean: 4.0 / 3.687 | Fail: 0.222%\n"}
,{"stream_name":"stdout","time":4445.764937927,"data":"[Game 910] Range: 2-7 | Median/Mean: 4.0 / 3.691 | Fail: 0.330%\n"}
,{"stream_name":"stdout","time":4498.168538317,"data":"[Game 920] Range: 2-7 | Median/Mean: 4.0 / 3.692 | Fail: 0.326%\n"}
,{"stream_name":"stdout","time":4542.210508689,"data":"[Game 930] Range: 2-7 | Median/Mean: 4.0 / 3.691 | Fail: 0.323%\n"}
,{"stream_name":"stdout","time":4584.715392563,"data":"[Game 940] Range: 2-7 | Median/Mean: 4.0 / 3.691 | Fail: 0.319%\n"}
,{"stream_name":"stdout","time":4642.995924054,"data":"[Game 950] Range: 2-7 | Median/Mean: 4.0 / 3.691 | Fail: 0.316%\n"}
,{"stream_name":"stdout","time":4693.479359122,"data":"[Game 960] Range: 2-7 | Median/Mean: 4.0 / 3.690 | Fail: 0.312%\n"}
,{"stream_name":"stdout","time":4735.055016122,"data":"[Game 970] Range: 2-7 | Median/Mean: 4.0 / 3.689 | Fail: 0.309%\n"}
,{"stream_name":"stdout","time":4790.075826875,"data":"[Game 980] Range: 2-7 | Median/Mean: 4.0 / 3.692 | Fail: 0.306%\n"}
,{"stream_name":"stdout","time":4849.86792595,"data":"[Game 990] Range: 2-7 | Median/Mean: 4.0 / 3.697 | Fail: 0.303%\n"}
,{"stream_name":"stdout","time":4889.414331157,"data":"[Game 1000] Range: 2-7 | Median/Mean: 4.0 / 3.705 | Fail: 0.400%\n"}
,{"stream_name":"stdout","time":4947.878115381,"data":"[Game 1010] Range: 2-7 | Median/Mean: 4.0 / 3.705 | Fail: 0.396%\n"}
,{"stream_name":"stdout","time":4993.763363971,"data":"[Game 1020] Range: 2-7 | Median/Mean: 4.0 / 3.704 | Fail: 0.392%\n"}
,{"stream_name":"stdout","time":5030.318154762,"data":"[Game 1030] Range: 2-7 | Median/Mean: 4.0 / 3.703 | Fail: 0.388%\n"}
,{"stream_name":"stdout","time":5080.637158753,"data":"[Game 1040] Range: 2-7 | Median/Mean: 4.0 / 3.707 | Fail: 0.385%\n"}
,{"stream_name":"stdout","time":5119.793541302,"data":"[Game 1050] Range: 2-7 | Median/Mean: 4.0 / 3.709 | Fail: 0.381%\n"}
,{"stream_name":"stdout","time":5172.802998419,"data":"[Game 1060] Range: 2-7 | Median/Mean: 4.0 / 3.713 | Fail: 0.377%\n"}
,{"stream_name":"stdout","time":5202.013592815,"data":"[Game 1070] Range: 2-7 | Median/Mean: 4.0 / 3.711 | Fail: 0.374%\n"}
,{"stream_name":"stdout","time":5250.527668198,"data":"[Game 1080] Range: 2-7 | Median/Mean: 4.0 / 3.710 | Fail: 0.370%\n"}
,{"stream_name":"stdout","time":5305.103357291,"data":"[Game 1090] Range: 2-7 | Median/Mean: 4.0 / 3.717 | Fail: 0.459%\n"}
,{"stream_name":"stdout","time":5340.487659912,"data":"[Game 1100] Range: 2-7 | Median/Mean: 4.0 / 3.718 | Fail: 0.545%\n"}
,{"stream_name":"stdout","time":5384.157339723,"data":"[Game 1110] Range: 2-7 | Median/Mean: 4.0 / 3.721 | Fail: 0.541%\n"}
,{"stream_name":"stdout","time":5442.881101297,"data":"[Game 1120] Range: 2-7 | Median/Mean: 4.0 / 3.718 | Fail: 0.536%\n"}
,{"stream_name":"stdout","time":5472.812869358,"data":"[Game 1130] Range: 2-7 | Median/Mean: 4.0 / 3.716 | Fail: 0.531%\n"}
,{"stream_name":"stdout","time":5530.027073685,"data":"[Game 1140] Range: 2-7 | Median/Mean: 4.0 / 3.718 | Fail: 0.526%\n"}
,{"stream_name":"stdout","time":5568.956577379,"data":"[Game 1150] Range: 2-7 | Median/Mean: 4.0 / 3.719 | Fail: 0.522%\n"}
,{"stream_name":"stdout","time":5610.243645803,"data":"[Game 1160] Range: 2-7 | Median/Mean: 4.0 / 3.717 | Fail: 0.517%\n"}
,{"stream_name":"stdout","time":5654.743791796,"data":"[Game 1170] Range: 2-7 | Median/Mean: 4.0 / 3.716 | Fail: 0.513%\n"}
,{"stream_name":"stdout","time":5701.759218466,"data":"[Game 1180] Range: 2-7 | Median/Mean: 4.0 / 3.715 | Fail: 0.508%\n"}
,{"stream_name":"stdout","time":5765.188577274,"data":"[Game 1190] Range: 2-7 | Median/Mean: 4.0 / 3.718 | Fail: 0.504%\n"}
,{"stream_name":"stdout","time":5806.912906999,"data":"[Game 1200] Range: 2-7 | Median/Mean: 4.0 / 3.716 | Fail: 0.500%\n"}
,{"stream_name":"stdout","time":5864.857878918,"data":"[Game 1210] Range: 2-7 | Median/Mean: 4.0 / 3.718 | Fail: 0.579%\n"}
,{"stream_name":"stdout","time":5913.22452447,"data":"[Game 1220] Range: 2-7 | Median/Mean: 4.0 / 3.722 | Fail: 0.574%\n"}
,{"stream_name":"stdout","time":5968.800815924,"data":"[Game 1230] Range: 2-8 | Median/Mean: 4.0 / 3.730 | Fail: 0.650%\n"}
,{"stream_name":"stdout","time":6012.921741716,"data":"[Game 1240] Range: 2-8 | Median/Mean: 4.0 / 3.729 | Fail: 0.645%\n"}
,{"stream_name":"stdout","time":6048.655575149,"data":"[Game 1250] Range: 2-8 | Median/Mean: 4.0 / 3.728 | Fail: 0.640%\n"}
,{"stream_name":"stdout","time":6093.02626726,"data":"[Game 1260] Range: 2-8 | Median/Mean: 4.0 / 3.729 | Fail: 0.635%\n"}
,{"stream_name":"stdout","time":6147.557811824,"data":"[Game 1270] Range: 2-8 | Median/Mean: 4.0 / 3.730 | Fail: 0.630%\n"}
,{"stream_name":"stdout","time":6191.453548812,"data":"[Game 1280] Range: 2-8 | Median/Mean: 4.0 / 3.730 | Fail: 0.625%\n"}
,{"stream_name":"stdout","time":6239.151211387,"data":"[Game 1290] Range: 2-8 | Median/Mean: 4.0 / 3.732 | Fail: 0.620%\n"}
,{"stream_name":"stdout","time":6277.094333655,"data":"[Game 1300] Range: 2-8 | Median/Mean: 4.0 / 3.732 | Fail: 0.615%\n"}
,{"stream_name":"stdout","time":6328.644496285,"data":"[Game 1310] Range: 2-8 | Median/Mean: 4.0 / 3.733 | Fail: 0.611%\n"}
,{"stream_name":"stdout","time":6375.832514181,"data":"[Game 1320] Range: 2-8 | Median/Mean: 4.0 / 3.734 | Fail: 0.682%\n"}
,{"stream_name":"stdout","time":6425.072515022,"data":"[Game 1330] Range: 2-8 | Median/Mean: 4.0 / 3.732 | Fail: 0.677%\n"}
,{"stream_name":"stdout","time":6489.75641605,"data":"[Game 1340] Range: 2-8 | Median/Mean: 4.0 / 3.734 | Fail: 0.672%\n"}
,{"stream_name":"stdout","time":6538.721167173,"data":"[Game 1350] Range: 2-8 | Median/Mean: 4.0 / 3.733 | Fail: 0.667%\n"}
,{"stream_name":"stdout","time":6582.837568894,"data":"[Game 1360] Range: 2-8 | Median/Mean: 4.0 / 3.737 | Fail: 0.662%\n"}
,{"stream_name":"stdout","time":6638.90128444,"data":"[Game 1370] Range: 2-8 | Median/Mean: 4.0 / 3.741 | Fail: 0.657%\n"}
,{"stream_name":"stdout","time":6693.836854809,"data":"[Game 1380] Range: 2-8 | Median/Mean: 4.0 / 3.745 | Fail: 0.652%\n"}
,{"stream_name":"stdout","time":6743.595281408,"data":"[Game 1390] Range: 2-8 | Median/Mean: 4.0 / 3.744 | Fail: 0.647%\n"}
,{"stream_name":"stdout","time":6797.312845384,"data":"[Game 1400] Range: 2-8 | Median/Mean: 4.0 / 3.749 | Fail: 0.643%\n"}
,{"stream_name":"stdout","time":6844.795438652,"data":"[Game 1410] Range: 2-8 | Median/Mean: 4.0 / 3.755 | Fail: 0.638%\n"}
,{"stream_name":"stdout","time":6885.532205814,"data":"[Game 1420] Range: 2-8 | Median/Mean: 4.0 / 3.755 | Fail: 0.634%\n"}
,{"stream_name":"stdout","time":6930.867935706,"data":"[Game 1430] Range: 2-8 | Median/Mean: 4.0 / 3.757 | Fail: 0.629%\n"}
,{"stream_name":"stdout","time":6972.586501418,"data":"[Game 1440] Range: 2-8 | Median/Mean: 4.0 / 3.758 | Fail: 0.625%\n"}
,{"stream_name":"stdout","time":7030.68345517,"data":"[Game 1450] Range: 2-8 | Median/Mean: 4.0 / 3.764 | Fail: 0.621%\n"}
,{"stream_name":"stdout","time":7085.901506696,"data":"[Game 1460] Range: 2-8 | Median/Mean: 4.0 / 3.765 | Fail: 0.616%\n"}
,{"stream_name":"stdout","time":7132.529937252,"data":"[Game 1470] Range: 2-8 | Median/Mean: 4.0 / 3.767 | Fail: 0.612%\n"}
,{"stream_name":"stdout","time":7174.747441853,"data":"[Game 1480] Range: 2-8 | Median/Mean: 4.0 / 3.767 | Fail: 0.608%\n"}
,{"stream_name":"stdout","time":7219.139304024,"data":"[Game 1490] Range: 2-8 | Median/Mean: 4.0 / 3.767 | Fail: 0.604%\n"}
,{"stream_name":"stdout","time":7273.414423442,"data":"[Game 1500] Range: 2-8 | Median/Mean: 4.0 / 3.771 | Fail: 0.600%\n"}
,{"stream_name":"stdout","time":7323.855979881,"data":"[Game 1510] Range: 2-8 | Median/Mean: 4.0 / 3.770 | Fail: 0.596%\n"}
,{"stream_name":"stdout","time":7382.744389594,"data":"[Game 1520] Range: 2-8 | Median/Mean: 4.0 / 3.773 | Fail: 0.592%\n"}
,{"stream_name":"stdout","time":7443.5181311,"data":"[Game 1530] Range: 2-8 | Median/Mean: 4.0 / 3.773 | Fail: 0.588%\n"}
,{"stream_name":"stdout","time":7499.101730606,"data":"[Game 1540] Range: 2-8 | Median/Mean: 4.0 / 3.771 | Fail: 0.584%\n"}
,{"stream_name":"stdout","time":7547.438849361,"data":"[Game 1550] Range: 2-8 | Median/Mean: 4.0 / 3.774 | Fail: 0.581%\n"}
,{"stream_name":"stdout","time":7591.232256568,"data":"[Game 1560] Range: 2-8 | Median/Mean: 4.0 / 3.774 | Fail: 0.577%\n"}
,{"stream_name":"stdout","time":7639.242733801,"data":"[Game 1570] Range: 2-8 | Median/Mean: 4.0 / 3.774 | Fail: 0.573%\n"}
,{"stream_name":"stdout","time":7681.403374088,"data":"[Game 1580] Range: 2-8 | Median/Mean: 4.0 / 3.773 | Fail: 0.570%\n"}
,{"stream_name":"stdout","time":7719.270583869,"data":"[Game 1590] Range: 2-8 | Median/Mean: 4.0 / 3.775 | Fail: 0.566%\n"}
,{"stream_name":"stdout","time":7753.563416084,"data":"[Game 1600] Range: 2-8 | Median/Mean: 4.0 / 3.774 | Fail: 0.562%\n"}
,{"stream_name":"stdout","time":7808.590644279,"data":"[Game 1610] Range: 2-8 | Median/Mean: 4.0 / 3.774 | Fail: 0.559%\n"}
,{"stream_name":"stdout","time":7863.342464868,"data":"[Game 1620] Range: 2-8 | Median/Mean: 4.0 / 3.777 | Fail: 0.556%\n"}
,{"stream_name":"stdout","time":7915.311943662,"data":"[Game 1630] Range: 2-8 | Median/Mean: 4.0 / 3.779 | Fail: 0.613%\n"}
,{"stream_name":"stdout","time":7956.013506003,"data":"[Game 1640] Range: 2-8 | Median/Mean: 4.0 / 3.775 | Fail: 0.610%\n"}
,{"stream_name":"stdout","time":8014.489112568,"data":"[Game 1650] Range: 2-8 | Median/Mean: 4.0 / 3.778 | Fail: 0.606%\n"}
,{"stream_name":"stdout","time":8072.547225126,"data":"[Game 1660] Range: 2-8 | Median/Mean: 4.0 / 3.781 | Fail: 0.602%\n"}
,{"stream_name":"stdout","time":8111.187614797,"data":"[Game 1670] Range: 2-8 | Median/Mean: 4.0 / 3.780 | Fail: 0.599%\n"}
,{"stream_name":"stdout","time":8172.602285591,"data":"[Game 1680] Range: 2-8 | Median/Mean: 4.0 / 3.787 | Fail: 0.595%\n"}
,{"stream_name":"stdout","time":8208.96981936,"data":"[Game 1690] Range: 2-8 | Median/Mean: 4.0 / 3.784 | Fail: 0.592%\n"}
,{"stream_name":"stdout","time":8242.769604198,"data":"[Game 1700] Range: 2-8 | Median/Mean: 4.0 / 3.785 | Fail: 0.588%\n"}
,{"stream_name":"stdout","time":8288.866903494,"data":"[Game 1710] Range: 2-8 | Median/Mean: 4.0 / 3.786 | Fail: 0.585%\n"}
,{"stream_name":"stdout","time":8348.872513051,"data":"[Game 1720] Range: 2-8 | Median/Mean: 4.0 / 3.787 | Fail: 0.581%\n"}
,{"stream_name":"stdout","time":8396.502014097,"data":"[Game 1730] Range: 2-8 | Median/Mean: 4.0 / 3.787 | Fail: 0.578%\n"}
,{"stream_name":"stdout","time":8446.564756831,"data":"[Game 1740] Range: 2-8 | Median/Mean: 4.0 / 3.791 | Fail: 0.632%\n"}
,{"stream_name":"stdout","time":8495.599406776,"data":"[Game 1750] Range: 2-8 | Median/Mean: 4.0 / 3.789 | Fail: 0.629%\n"}
,{"stream_name":"stdout","time":8553.777751836,"data":"[Game 1760] Range: 2-8 | Median/Mean: 4.0 / 3.791 | Fail: 0.625%\n"}
,{"stream_name":"stdout","time":8618.04795259,"data":"[Game 1770] Range: 2-8 | Median/Mean: 4.0 / 3.792 | Fail: 0.621%\n"}
,{"stream_name":"stdout","time":8663.678244396,"data":"[Game 1780] Range: 2-8 | Median/Mean: 4.0 / 3.793 | Fail: 0.618%\n"}
,{"stream_name":"stdout","time":8716.300585377,"data":"[Game 1790] Range: 2-8 | Median/Mean: 4.0 / 3.795 | Fail: 0.615%\n"}
,{"stream_name":"stdout","time":8760.337462691,"data":"[Game 1800] Range: 2-8 | Median/Mean: 4.0 / 3.794 | Fail: 0.611%\n"}
,{"stream_name":"stdout","time":8816.680506249,"data":"[Game 1810] Range: 2-8 | Median/Mean: 4.0 / 3.798 | Fail: 0.608%\n"}
,{"stream_name":"stdout","time":8856.329019892,"data":"[Game 1820] Range: 2-8 | Median/Mean: 4.0 / 3.799 | Fail: 0.604%\n"}
,{"stream_name":"stdout","time":8906.801371899,"data":"[Game 1830] Range: 2-8 | Median/Mean: 4.0 / 3.803 | Fail: 0.601%\n"}
,{"stream_name":"stdout","time":8958.767617594,"data":"[Game 1840] Range: 2-8 | Median/Mean: 4.0 / 3.805 | Fail: 0.598%\n"}
,{"stream_name":"stdout","time":9001.628446489,"data":"[Game 1850] Range: 2-8 | Median/Mean: 4.0 / 3.806 | Fail: 0.595%\n"}
,{"stream_name":"stdout","time":9056.842372252,"data":"[Game 1860] Range: 2-8 | Median/Mean: 4.0 / 3.806 | Fail: 0.591%\n"}
,{"stream_name":"stdout","time":9107.60411928,"data":"[Game 1870] Range: 2-8 | Median/Mean: 4.0 / 3.808 | Fail: 0.588%\n"}
,{"stream_name":"stdout","time":9139.256707994,"data":"[Game 1880] Range: 2-8 | Median/Mean: 4.0 / 3.813 | Fail: 0.691%\n"}
,{"stream_name":"stdout","time":9182.990018558,"data":"[Game 1890] Range: 2-8 | Median/Mean: 4.0 / 3.815 | Fail: 0.688%\n"}
,{"stream_name":"stdout","time":9222.86174274,"data":"[Game 1900] Range: 2-8 | Median/Mean: 4.0 / 3.817 | Fail: 0.684%\n"}
,{"stream_name":"stdout","time":9285.221095006,"data":"[Game 1910] Range: 2-8 | Median/Mean: 4.0 / 3.822 | Fail: 0.733%\n"}
,{"stream_name":"stdout","time":9330.293689872,"data":"[Game 1920] Range: 2-8 | Median/Mean: 4.0 / 3.823 | Fail: 0.729%\n"}
,{"stream_name":"stdout","time":9376.447503465,"data":"[Game 1930] Range: 2-8 | Median/Mean: 4.0 / 3.825 | Fail: 0.725%\n"}
,{"stream_name":"stdout","time":9422.285349306,"data":"[Game 1940] Range: 2-8 | Median/Mean: 4.0 / 3.825 | Fail: 0.722%\n"}
,{"stream_name":"stdout","time":9477.660277571,"data":"[Game 1950] Range: 2-8 | Median/Mean: 4.0 / 3.828 | Fail: 0.718%\n"}
,{"stream_name":"stdout","time":9533.772975982,"data":"[Game 1960] Range: 2-8 | Median/Mean: 4.0 / 3.829 | Fail: 0.714%\n"}
,{"stream_name":"stdout","time":9576.099822823,"data":"[Game 1970] Range: 2-8 | Median/Mean: 4.0 / 3.831 | Fail: 0.711%\n"}
,{"stream_name":"stdout","time":9630.224455337,"data":"[Game 1980] Range: 2-8 | Median/Mean: 4.0 / 3.833 | Fail: 0.707%\n"}
,{"stream_name":"stdout","time":9683.861375991,"data":"[Game 1990] Range: 2-8 | Median/Mean: 4.0 / 3.833 | Fail: 0.704%\n"}
,{"stream_name":"stdout","time":9740.296292447,"data":"[Game 2000] Range: 2-8 | Median/Mean: 4.0 / 3.835 | Fail: 0.700%\n"}
,{"stream_name":"stdout","time":9800.824475738,"data":"[Game 2010] Range: 2-8 | Median/Mean: 4.0 / 3.837 | Fail: 0.697%\n"}
,{"stream_name":"stdout","time":9841.161086175,"data":"[Game 2020] Range: 2-8 | Median/Mean: 4.0 / 3.839 | Fail: 0.693%\n"}
,{"stream_name":"stdout","time":9887.480098179,"data":"[Game 2030] Range: 2-8 | Median/Mean: 4.0 / 3.838 | Fail: 0.690%\n"}
,{"stream_name":"stdout","time":9941.406995712,"data":"[Game 2040] Range: 2-8 | Median/Mean: 4.0 / 3.840 | Fail: 0.686%\n"}
,{"stream_name":"stdout","time":9991.26494071,"data":"[Game 2050] Range: 2-8 | Median/Mean: 4.0 / 3.841 | Fail: 0.683%\n"}
,{"stream_name":"stdout","time":10032.596284051,"data":"[Game 2060] Range: 2-8 | Median/Mean: 4.0 / 3.840 | Fail: 0.680%\n"}
,{"stream_name":"stdout","time":10084.955458317,"data":"[Game 2070] Range: 2-8 | Median/Mean: 4.0 / 3.846 | Fail: 0.725%\n"}
,{"stream_name":"stdout","time":10128.745704654,"data":"[Game 2080] Range: 2-8 | Median/Mean: 4.0 / 3.847 | Fail: 0.721%\n"}
,{"stream_name":"stdout","time":10173.612707965,"data":"[Game 2090] Range: 2-8 | Median/Mean: 4.0 / 3.849 | Fail: 0.718%\n"}
,{"stream_name":"stdout","time":10224.374268183,"data":"[Game 2100] Range: 2-8 | Median/Mean: 4.0 / 3.852 | Fail: 0.762%\n"}
,{"stream_name":"stdout","time":10276.208654312,"data":"[Game 2110] Range: 2-8 | Median/Mean: 4.0 / 3.852 | Fail: 0.758%\n"}
,{"stream_name":"stdout","time":10317.100799291,"data":"[Game 2120] Range: 2-8 | Median/Mean: 4.0 / 3.850 | Fail: 0.755%\n"}
,{"stream_name":"stdout","time":10372.033577214,"data":"[Game 2130] Range: 2-8 | Median/Mean: 4.0 / 3.852 | Fail: 0.751%\n"}
,{"stream_name":"stdout","time":10426.229136587,"data":"[Game 2140] Range: 2-8 | Median/Mean: 4.0 / 3.856 | Fail: 0.794%\n"}
,{"stream_name":"stdout","time":10460.529828586,"data":"[Game 2150] Range: 2-8 | Median/Mean: 4.0 / 3.854 | Fail: 0.791%\n"}
,{"stream_name":"stdout","time":10514.792076992,"data":"[Game 2160] Range: 2-8 | Median/Mean: 4.0 / 3.855 | Fail: 0.787%\n"}
,{"stream_name":"stdout","time":10582.312715018,"data":"[Game 2170] Range: 2-8 | Median/Mean: 4.0 / 3.858 | Fail: 0.829%\n"}
,{"stream_name":"stdout","time":10625.957615972,"data":"[Game 2180] Range: 2-8 | Median/Mean: 4.0 / 3.859 | Fail: 0.826%\n"}
,{"stream_name":"stdout","time":10680.39476213,"data":"[Game 2190] Range: 2-8 | Median/Mean: 4.0 / 3.859 | Fail: 0.822%\n"}
,{"stream_name":"stdout","time":10731.838120792,"data":"[Game 2200] Range: 2-8 | Median/Mean: 4.0 / 3.860 | Fail: 0.818%\n"}
,{"stream_name":"stdout","time":10788.235254591,"data":"[Game 2210] Range: 2-8 | Median/Mean: 4.0 / 3.859 | Fail: 0.860%\n"}
,{"stream_name":"stdout","time":10851.170331981,"data":"[Game 2220] Range: 2-8 | Median/Mean: 4.0 / 3.864 | Fail: 0.856%\n"}
,{"stream_name":"stdout","time":10892.737384546,"data":"[Game 2230] Range: 2-8 | Median/Mean: 4.0 / 3.866 | Fail: 0.852%\n"}
,{"stream_name":"stdout","time":10941.314586565,"data":"[Game 2240] Range: 2-8 | Median/Mean: 4.0 / 3.867 | Fail: 0.893%\n"}
,{"stream_name":"stdout","time":10997.776568892,"data":"[Game 2250] Range: 2-8 | Median/Mean: 4.0 / 3.871 | Fail: 0.933%\n"}
,{"stream_name":"stdout","time":11050.582745991,"data":"[Game 2260] Range: 2-8 | Median/Mean: 4.0 / 3.873 | Fail: 0.973%\n"}
,{"stream_name":"stdout","time":11101.659400956,"data":"[Game 2270] Range: 2-8 | Median/Mean: 4.0 / 3.872 | Fail: 0.969%\n"}
,{"stream_name":"stdout","time":11156.450911535,"data":"[Game 2280] Range: 2-8 | Median/Mean: 4.0 / 3.874 | Fail: 0.965%\n"}
,{"stream_name":"stdout","time":11200.455560082,"data":"[Game 2290] Range: 2-8 | Median/Mean: 4.0 / 3.877 | Fail: 1.004%\n"}
,{"stream_name":"stdout","time":11250.50033899,"data":"[Game 2300] Range: 2-8 | Median/Mean: 4.0 / 3.878 | Fail: 1.000%\n"}
,{"stream_name":"stdout","time":11294.536116019,"data":"[Game 2310] Range: 2-8 | Median/Mean: 4.0 / 3.878 | Fail: 0.996%\n"}
,{"stream_name":"stdout","time":11315.529487646,"data":"Summary:\n"}
,{"stream_name":"stdout","time":11315.543121766,"data":"Distribution across steps:\n"}
,{"stream_name":"stdout","time":11315.549988686,"data":"Key Metrics:\n"}
,{"stream_name":"stderr","time":11319.618106976,"data":"/opt/conda/lib/python3.7/site-packages/traitlets/traitlets.py:2567: FutureWarning: --Exporter.preprocessors=[\"remove_papermill_header.RemovePapermillHeader\"] for containers is deprecated in traitlets 5.0. You can pass `--Exporter.preprocessors item` ... multiple times to add items to a list.\n"}
,{"stream_name":"stderr","time":11319.618144977,"data":"  FutureWarning,\n"}
,{"stream_name":"stderr","time":11319.618151439,"data":"[NbConvertApp] Converting notebook __notebook__.ipynb to notebook\n"}
,{"stream_name":"stderr","time":11320.023275493,"data":"[NbConvertApp] Writing 32501 bytes to __notebook__.ipynb\n"}
,{"stream_name":"stderr","time":11322.527175846,"data":"/opt/conda/lib/python3.7/site-packages/traitlets/traitlets.py:2567: FutureWarning: --Exporter.preprocessors=[\"nbconvert.preprocessors.ExtractOutputPreprocessor\"] for containers is deprecated in traitlets 5.0. You can pass `--Exporter.preprocessors item` ... multiple times to add items to a list.\n"}
,{"stream_name":"stderr","time":11322.527236855,"data":"  FutureWarning,\n"}
,{"stream_name":"stderr","time":11322.527242166,"data":"[NbConvertApp] Converting notebook __notebook__.ipynb to html\n"}
,{"stream_name":"stderr","time":11323.12754669,"data":"[NbConvertApp] Writing 306892 bytes to __results__.html\n"}
]