[{"stream_name":"stderr","time":13.298783817,"data":"/opt/conda/lib/python3.7/site-packages/papermill/iorw.py:50: FutureWarning: pyarrow.HadoopFileSystem is deprecated as of 2.0.0, please use pyarrow.fs.HadoopFileSystem instead.\n"}
,{"stream_name":"stderr","time":13.298853767,"data":"  from pyarrow import HadoopFileSystem\n"}
,{"stream_name":"stdout","time":14.093513809,"data":"[ ---------- TORES ----------]\n"}
,{"stream_name":"stdout","time":86.346364526,"data":"[Game 10] Range: 3-6 | Median/Mean: 3.5 / 3.800 | Fail: 0.000%\n"}
,{"stream_name":"stdout","time":142.680178066,"data":"[Game 20] Range: 3-6 | Median/Mean: 4.0 / 3.700 | Fail: 0.000%\n"}
,{"stream_name":"stdout","time":179.82927783,"data":"[Game 30] Range: 3-6 | Median/Mean: 4.0 / 3.633 | Fail: 0.000%\n"}
,{"stream_name":"stdout","time":231.861812444,"data":"[Game 40] Range: 2-6 | Median/Mean: 4.0 / 3.700 | Fail: 0.000%\n"}
,{"stream_name":"stdout","time":293.520286028,"data":"[Game 50] Range: 2-6 | Median/Mean: 4.0 / 3.740 | Fail: 0.000%\n"}
,{"stream_name":"stdout","time":335.651353444,"data":"[Game 60] Range: 2-6 | Median/Mean: 4.0 / 3.700 | Fail: 0.000%\n"}
,{"stream_name":"stdout","time":381.03386802,"data":"[Game 70] Range: 2-6 | Median/Mean: 4.0 / 3.643 | Fail: 0.000%\n"}
,{"stream_name":"stdout","time":409.808384073,"data":"[Game 80] Range: 2-6 | Median/Mean: 4.0 / 3.575 | Fail: 0.000%\n"}
,{"stream_name":"stdout","time":434.892377638,"data":"[Game 90] Range: 2-6 | Median/Mean: 4.0 / 3.578 | Fail: 0.000%\n"}
,{"stream_name":"stdout","time":474.733581526,"data":"[Game 100] Range: 2-6 | Median/Mean: 4.0 / 3.540 | Fail: 0.000%\n"}
,{"stream_name":"stdout","time":534.250517337,"data":"[Game 110] Range: 2-6 | Median/Mean: 4.0 / 3.545 | Fail: 0.000%\n"}
,{"stream_name":"stdout","time":589.671691001,"data":"[Game 120] Range: 2-7 | Median/Mean: 4.0 / 3.567 | Fail: 0.833%\n"}
,{"stream_name":"stdout","time":622.423062668,"data":"[Game 130] Range: 2-7 | Median/Mean: 3.0 / 3.538 | Fail: 0.769%\n"}
,{"stream_name":"stdout","time":666.680363509,"data":"[Game 140] Range: 2-7 | Median/Mean: 3.0 / 3.500 | Fail: 0.714%\n"}
,{"stream_name":"stdout","time":713.632414716,"data":"[Game 150] Range: 2-7 | Median/Mean: 3.0 / 3.513 | Fail: 0.667%\n"}
,{"stream_name":"stdout","time":751.18837368,"data":"[Game 160] Range: 2-7 | Median/Mean: 3.0 / 3.525 | Fail: 0.625%\n"}
,{"stream_name":"stdout","time":778.916606448,"data":"[Game 170] Range: 2-7 | Median/Mean: 3.0 / 3.512 | Fail: 0.588%\n"}
,{"stream_name":"stdout","time":820.274236588,"data":"[Game 180] Range: 2-7 | Median/Mean: 3.0 / 3.517 | Fail: 0.556%\n"}
,{"stream_name":"stdout","time":890.330230722,"data":"[Game 190] Range: 2-7 | Median/Mean: 3.5 / 3.537 | Fail: 0.526%\n"}
,{"stream_name":"stdout","time":922.883281678,"data":"[Game 200] Range: 2-7 | Median/Mean: 3.0 / 3.520 | Fail: 0.500%\n"}
,{"stream_name":"stdout","time":972.7743501,"data":"[Game 210] Range: 2-7 | Median/Mean: 3.5 / 3.552 | Fail: 0.476%\n"}
,{"stream_name":"stdout","time":1019.84938884,"data":"[Game 220] Range: 2-7 | Median/Mean: 3.5 / 3.555 | Fail: 0.455%\n"}
,{"stream_name":"stdout","time":1062.446965751,"data":"[Game 230] Range: 2-7 | Median/Mean: 3.5 / 3.548 | Fail: 0.435%\n"}
,{"stream_name":"stdout","time":1132.143484103,"data":"[Game 240] Range: 2-7 | Median/Mean: 3.5 / 3.567 | Fail: 0.417%\n"}
,{"stream_name":"stdout","time":1190.792118241,"data":"[Game 250] Range: 2-7 | Median/Mean: 4.0 / 3.576 | Fail: 0.400%\n"}
,{"stream_name":"stdout","time":1234.452158308,"data":"[Game 260] Range: 2-7 | Median/Mean: 4.0 / 3.588 | Fail: 0.385%\n"}
,{"stream_name":"stdout","time":1267.985922255,"data":"[Game 270] Range: 2-7 | Median/Mean: 4.0 / 3.589 | Fail: 0.370%\n"}
,{"stream_name":"stdout","time":1301.702654585,"data":"[Game 280] Range: 2-7 | Median/Mean: 4.0 / 3.579 | Fail: 0.357%\n"}
,{"stream_name":"stdout","time":1353.921650762,"data":"[Game 290] Range: 2-7 | Median/Mean: 4.0 / 3.583 | Fail: 0.345%\n"}
,{"stream_name":"stdout","time":1391.230424063,"data":"[Game 300] Range: 2-7 | Median/Mean: 4.0 / 3.593 | Fail: 0.333%\n"}
,{"stream_name":"stdout","time":1461.781342742,"data":"[Game 310] Range: 2-7 | Median/Mean: 4.0 / 3.603 | Fail: 0.323%\n"}
,{"stream_name":"stdout","time":1495.813643349,"data":"[Game 320] Range: 2-7 | Median/Mean: 4.0 / 3.609 | Fail: 0.312%\n"}
,{"stream_name":"stdout","time":1531.533573849,"data":"[Game 330] Range: 2-7 | Median/Mean: 4.0 / 3.612 | Fail: 0.303%\n"}
,{"stream_name":"stdout","time":1584.215207203,"data":"[Game 340] Range: 2-7 | Median/Mean: 4.0 / 3.606 | Fail: 0.294%\n"}
,{"stream_name":"stdout","time":1636.425373354,"data":"[Game 350] Range: 2-7 | Median/Mean: 4.0 / 3.611 | Fail: 0.286%\n"}
,{"stream_name":"stdout","time":1677.075431034,"data":"[Game 360] Range: 2-7 | Median/Mean: 4.0 / 3.614 | Fail: 0.278%\n"}
,{"stream_name":"stdout","time":1708.651824968,"data":"[Game 370] Range: 2-7 | Median/Mean: 4.0 / 3.608 | Fail: 0.270%\n"}
,{"stream_name":"stdout","time":1754.049448824,"data":"[Game 380] Range: 2-7 | Median/Mean: 4.0 / 3.603 | Fail: 0.263%\n"}
,{"stream_name":"stdout","time":1806.446861227,"data":"[Game 390] Range: 2-7 | Median/Mean: 4.0 / 3.603 | Fail: 0.256%\n"}
,{"stream_name":"stdout","time":1870.306228744,"data":"[Game 400] Range: 2-7 | Median/Mean: 4.0 / 3.615 | Fail: 0.250%\n"}
,{"stream_name":"stdout","time":1935.041175865,"data":"[Game 410] Range: 2-7 | Median/Mean: 4.0 / 3.612 | Fail: 0.244%\n"}
,{"stream_name":"stdout","time":1979.513818516,"data":"[Game 420] Range: 2-7 | Median/Mean: 4.0 / 3.598 | Fail: 0.238%\n"}
,{"stream_name":"stdout","time":2031.653904254,"data":"[Game 430] Range: 2-7 | Median/Mean: 4.0 / 3.614 | Fail: 0.233%\n"}
,{"stream_name":"stdout","time":2086.426715503,"data":"[Game 440] Range: 2-7 | Median/Mean: 4.0 / 3.618 | Fail: 0.227%\n"}
,{"stream_name":"stdout","time":2117.865963976,"data":"[Game 450] Range: 2-7 | Median/Mean: 4.0 / 3.616 | Fail: 0.222%\n"}
,{"stream_name":"stdout","time":2181.881828945,"data":"[Game 460] Range: 2-7 | Median/Mean: 4.0 / 3.626 | Fail: 0.217%\n"}
,{"stream_name":"stdout","time":2218.588621185,"data":"[Game 470] Range: 2-7 | Median/Mean: 4.0 / 3.623 | Fail: 0.213%\n"}
,{"stream_name":"stdout","time":2259.19096582,"data":"[Game 480] Range: 2-7 | Median/Mean: 4.0 / 3.621 | Fail: 0.208%\n"}
,{"stream_name":"stdout","time":2316.527219503,"data":"[Game 490] Range: 2-7 | Median/Mean: 4.0 / 3.624 | Fail: 0.204%\n"}
,{"stream_name":"stdout","time":2358.32895715,"data":"[Game 500] Range: 2-7 | Median/Mean: 4.0 / 3.624 | Fail: 0.200%\n"}
,{"stream_name":"stdout","time":2418.561943186,"data":"[Game 510] Range: 2-7 | Median/Mean: 4.0 / 3.633 | Fail: 0.196%\n"}
,{"stream_name":"stdout","time":2469.902600784,"data":"[Game 520] Range: 2-7 | Median/Mean: 4.0 / 3.631 | Fail: 0.192%\n"}
,{"stream_name":"stdout","time":2521.709380769,"data":"[Game 530] Range: 2-7 | Median/Mean: 4.0 / 3.630 | Fail: 0.189%\n"}
,{"stream_name":"stdout","time":2581.553299098,"data":"[Game 540] Range: 2-7 | Median/Mean: 4.0 / 3.633 | Fail: 0.185%\n"}
,{"stream_name":"stdout","time":2628.893124712,"data":"[Game 550] Range: 2-7 | Median/Mean: 4.0 / 3.631 | Fail: 0.182%\n"}
,{"stream_name":"stdout","time":2702.747706936,"data":"[Game 560] Range: 2-7 | Median/Mean: 4.0 / 3.641 | Fail: 0.179%\n"}
,{"stream_name":"stdout","time":2751.886772616,"data":"[Game 570] Range: 2-7 | Median/Mean: 4.0 / 3.639 | Fail: 0.175%\n"}
,{"stream_name":"stdout","time":2782.681898908,"data":"[Game 580] Range: 2-7 | Median/Mean: 4.0 / 3.633 | Fail: 0.172%\n"}
,{"stream_name":"stdout","time":2848.992990472,"data":"[Game 590] Range: 2-7 | Median/Mean: 4.0 / 3.642 | Fail: 0.169%\n"}
,{"stream_name":"stdout","time":2897.667576579,"data":"[Game 600] Range: 2-7 | Median/Mean: 4.0 / 3.643 | Fail: 0.167%\n"}
,{"stream_name":"stdout","time":2947.227857123,"data":"[Game 610] Range: 2-7 | Median/Mean: 4.0 / 3.639 | Fail: 0.164%\n"}
,{"stream_name":"stdout","time":2998.165319467,"data":"[Game 620] Range: 2-7 | Median/Mean: 4.0 / 3.634 | Fail: 0.161%\n"}
,{"stream_name":"stdout","time":3056.60429963,"data":"[Game 630] Range: 2-7 | Median/Mean: 4.0 / 3.633 | Fail: 0.159%\n"}
,{"stream_name":"stdout","time":3126.432077095,"data":"[Game 640] Range: 2-7 | Median/Mean: 4.0 / 3.634 | Fail: 0.156%\n"}
,{"stream_name":"stdout","time":3190.114182873,"data":"[Game 650] Range: 2-7 | Median/Mean: 4.0 / 3.638 | Fail: 0.154%\n"}
,{"stream_name":"stdout","time":3254.294141956,"data":"[Game 660] Range: 2-7 | Median/Mean: 4.0 / 3.648 | Fail: 0.152%\n"}
,{"stream_name":"stdout","time":3309.635487163,"data":"[Game 670] Range: 2-7 | Median/Mean: 4.0 / 3.645 | Fail: 0.149%\n"}
,{"stream_name":"stdout","time":3361.858082541,"data":"[Game 680] Range: 2-7 | Median/Mean: 4.0 / 3.643 | Fail: 0.147%\n"}
,{"stream_name":"stdout","time":3428.808890549,"data":"[Game 690] Range: 2-7 | Median/Mean: 4.0 / 3.643 | Fail: 0.145%\n"}
,{"stream_name":"stdout","time":3496.738707569,"data":"[Game 700] Range: 2-7 | Median/Mean: 4.0 / 3.653 | Fail: 0.143%\n"}
,{"stream_name":"stdout","time":3542.224560739,"data":"[Game 710] Range: 2-7 | Median/Mean: 4.0 / 3.658 | Fail: 0.141%\n"}
,{"stream_name":"stdout","time":3608.611118633,"data":"[Game 720] Range: 2-7 | Median/Mean: 4.0 / 3.653 | Fail: 0.139%\n"}
,{"stream_name":"stdout","time":3652.403243791,"data":"[Game 730] Range: 2-7 | Median/Mean: 4.0 / 3.658 | Fail: 0.137%\n"}
,{"stream_name":"stdout","time":3711.773751764,"data":"[Game 740] Range: 2-7 | Median/Mean: 4.0 / 3.658 | Fail: 0.135%\n"}
,{"stream_name":"stdout","time":3763.057904159,"data":"[Game 750] Range: 2-7 | Median/Mean: 4.0 / 3.660 | Fail: 0.133%\n"}
,{"stream_name":"stdout","time":3833.932136616,"data":"[Game 760] Range: 2-7 | Median/Mean: 4.0 / 3.667 | Fail: 0.132%\n"}
,{"stream_name":"stdout","time":3894.756194259,"data":"[Game 770] Range: 2-7 | Median/Mean: 4.0 / 3.670 | Fail: 0.130%\n"}
,{"stream_name":"stdout","time":3954.556465572,"data":"[Game 780] Range: 2-7 | Median/Mean: 4.0 / 3.678 | Fail: 0.128%\n"}
,{"stream_name":"stdout","time":4018.112717813,"data":"[Game 790] Range: 2-7 | Median/Mean: 4.0 / 3.684 | Fail: 0.253%\n"}
,{"stream_name":"stdout","time":4068.943870796,"data":"[Game 800] Range: 2-7 | Median/Mean: 4.0 / 3.689 | Fail: 0.250%\n"}
,{"stream_name":"stdout","time":4103.32690966,"data":"[Game 810] Range: 2-7 | Median/Mean: 4.0 / 3.684 | Fail: 0.247%\n"}
,{"stream_name":"stdout","time":4157.729880338,"data":"[Game 820] Range: 2-7 | Median/Mean: 4.0 / 3.683 | Fail: 0.244%\n"}
,{"stream_name":"stdout","time":4219.019716355,"data":"[Game 830] Range: 2-7 | Median/Mean: 4.0 / 3.683 | Fail: 0.241%\n"}
,{"stream_name":"stdout","time":4272.985512727,"data":"[Game 840] Range: 2-7 | Median/Mean: 4.0 / 3.680 | Fail: 0.238%\n"}
,{"stream_name":"stdout","time":4328.971781486,"data":"[Game 850] Range: 2-7 | Median/Mean: 4.0 / 3.682 | Fail: 0.353%\n"}
,{"stream_name":"stdout","time":4400.550098013,"data":"[Game 860] Range: 2-7 | Median/Mean: 4.0 / 3.692 | Fail: 0.465%\n"}
,{"stream_name":"stdout","time":4444.046502193,"data":"[Game 870] Range: 2-7 | Median/Mean: 4.0 / 3.692 | Fail: 0.460%\n"}
,{"stream_name":"stdout","time":4490.100061463,"data":"[Game 880] Range: 2-7 | Median/Mean: 4.0 / 3.691 | Fail: 0.455%\n"}
,{"stream_name":"stdout","time":4531.893443391,"data":"[Game 890] Range: 2-7 | Median/Mean: 4.0 / 3.693 | Fail: 0.449%\n"}
,{"stream_name":"stdout","time":4583.100246159,"data":"[Game 900] Range: 2-7 | Median/Mean: 4.0 / 3.701 | Fail: 0.444%\n"}
,{"stream_name":"stdout","time":4624.508759148,"data":"[Game 910] Range: 2-7 | Median/Mean: 4.0 / 3.704 | Fail: 0.440%\n"}
,{"stream_name":"stdout","time":4686.35908406,"data":"[Game 920] Range: 2-7 | Median/Mean: 4.0 / 3.709 | Fail: 0.435%\n"}
,{"stream_name":"stdout","time":4746.08241675,"data":"[Game 930] Range: 2-7 | Median/Mean: 4.0 / 3.711 | Fail: 0.430%\n"}
,{"stream_name":"stdout","time":4784.474866279,"data":"[Game 940] Range: 2-7 | Median/Mean: 4.0 / 3.712 | Fail: 0.426%\n"}
,{"stream_name":"stdout","time":4845.405286189,"data":"[Game 950] Range: 2-7 | Median/Mean: 4.0 / 3.714 | Fail: 0.421%\n"}
,{"stream_name":"stdout","time":4884.656851354,"data":"[Game 960] Range: 2-7 | Median/Mean: 4.0 / 3.711 | Fail: 0.417%\n"}
,{"stream_name":"stdout","time":4947.234397338,"data":"[Game 970] Range: 2-7 | Median/Mean: 4.0 / 3.711 | Fail: 0.412%\n"}
,{"stream_name":"stdout","time":4996.120781371,"data":"[Game 980] Range: 2-7 | Median/Mean: 4.0 / 3.712 | Fail: 0.408%\n"}
,{"stream_name":"stdout","time":5029.001047612,"data":"[Game 990] Range: 2-7 | Median/Mean: 4.0 / 3.715 | Fail: 0.404%\n"}
,{"stream_name":"stdout","time":5076.002543741,"data":"[Game 1000] Range: 2-7 | Median/Mean: 4.0 / 3.720 | Fail: 0.400%\n"}
,{"stream_name":"stdout","time":5116.847073876,"data":"[Game 1010] Range: 2-7 | Median/Mean: 4.0 / 3.723 | Fail: 0.396%\n"}
,{"stream_name":"stdout","time":5172.712414297,"data":"[Game 1020] Range: 2-7 | Median/Mean: 4.0 / 3.722 | Fail: 0.392%\n"}
,{"stream_name":"stdout","time":5226.207205482,"data":"[Game 1030] Range: 2-7 | Median/Mean: 4.0 / 3.727 | Fail: 0.388%\n"}
,{"stream_name":"stdout","time":5271.854583124,"data":"[Game 1040] Range: 2-7 | Median/Mean: 4.0 / 3.726 | Fail: 0.385%\n"}
,{"stream_name":"stdout","time":5343.144539542,"data":"[Game 1050] Range: 2-7 | Median/Mean: 4.0 / 3.729 | Fail: 0.381%\n"}
,{"stream_name":"stdout","time":5403.508027287,"data":"[Game 1060] Range: 2-7 | Median/Mean: 4.0 / 3.734 | Fail: 0.377%\n"}
,{"stream_name":"stdout","time":5459.758035796,"data":"[Game 1070] Range: 2-7 | Median/Mean: 4.0 / 3.732 | Fail: 0.374%\n"}
,{"stream_name":"stdout","time":5504.446004507,"data":"[Game 1080] Range: 2-7 | Median/Mean: 4.0 / 3.730 | Fail: 0.370%\n"}
,{"stream_name":"stdout","time":5571.474362579,"data":"[Game 1090] Range: 2-7 | Median/Mean: 4.0 / 3.739 | Fail: 0.459%\n"}
,{"stream_name":"stdout","time":5634.292559717,"data":"[Game 1100] Range: 2-7 | Median/Mean: 4.0 / 3.740 | Fail: 0.545%\n"}
,{"stream_name":"stdout","time":5675.169295406,"data":"[Game 1110] Range: 2-7 | Median/Mean: 4.0 / 3.739 | Fail: 0.541%\n"}
,{"stream_name":"stdout","time":5714.09730249,"data":"[Game 1120] Range: 2-7 | Median/Mean: 4.0 / 3.737 | Fail: 0.536%\n"}
,{"stream_name":"stdout","time":5757.136933426,"data":"[Game 1130] Range: 2-7 | Median/Mean: 4.0 / 3.734 | Fail: 0.531%\n"}
,{"stream_name":"stdout","time":5810.793483532,"data":"[Game 1140] Range: 2-7 | Median/Mean: 4.0 / 3.734 | Fail: 0.614%\n"}
,{"stream_name":"stdout","time":5845.510905769,"data":"[Game 1150] Range: 2-7 | Median/Mean: 4.0 / 3.733 | Fail: 0.609%\n"}
,{"stream_name":"stdout","time":5899.757120271,"data":"[Game 1160] Range: 2-7 | Median/Mean: 4.0 / 3.733 | Fail: 0.603%\n"}
,{"stream_name":"stdout","time":5958.572801005,"data":"[Game 1170] Range: 2-7 | Median/Mean: 4.0 / 3.734 | Fail: 0.598%\n"}
,{"stream_name":"stdout","time":6004.617895647,"data":"[Game 1180] Range: 2-7 | Median/Mean: 4.0 / 3.737 | Fail: 0.593%\n"}
,{"stream_name":"stdout","time":6050.375913754,"data":"[Game 1190] Range: 2-7 | Median/Mean: 4.0 / 3.737 | Fail: 0.588%\n"}
,{"stream_name":"stdout","time":6107.837286367,"data":"[Game 1200] Range: 2-7 | Median/Mean: 4.0 / 3.736 | Fail: 0.583%\n"}
,{"stream_name":"stdout","time":6156.811118865,"data":"[Game 1210] Range: 2-7 | Median/Mean: 4.0 / 3.735 | Fail: 0.579%\n"}
,{"stream_name":"stdout","time":6197.868277746,"data":"[Game 1220] Range: 2-7 | Median/Mean: 4.0 / 3.739 | Fail: 0.656%\n"}
,{"stream_name":"stdout","time":6252.331733476,"data":"[Game 1230] Range: 2-7 | Median/Mean: 4.0 / 3.741 | Fail: 0.732%\n"}
,{"stream_name":"stdout","time":6314.09107763,"data":"[Game 1240] Range: 2-7 | Median/Mean: 4.0 / 3.740 | Fail: 0.726%\n"}
,{"stream_name":"stdout","time":6378.99466012,"data":"[Game 1250] Range: 2-7 | Median/Mean: 4.0 / 3.741 | Fail: 0.720%\n"}
,{"stream_name":"stdout","time":6434.907826994,"data":"[Game 1260] Range: 2-7 | Median/Mean: 4.0 / 3.740 | Fail: 0.714%\n"}
,{"stream_name":"stdout","time":6504.314765987,"data":"[Game 1270] Range: 2-7 | Median/Mean: 4.0 / 3.741 | Fail: 0.709%\n"}
,{"stream_name":"stdout","time":6552.985917726,"data":"[Game 1280] Range: 2-7 | Median/Mean: 4.0 / 3.742 | Fail: 0.703%\n"}
,{"stream_name":"stdout","time":6596.58324516,"data":"[Game 1290] Range: 2-7 | Median/Mean: 4.0 / 3.739 | Fail: 0.698%\n"}
,{"stream_name":"stdout","time":6641.301836591,"data":"[Game 1300] Range: 2-7 | Median/Mean: 4.0 / 3.739 | Fail: 0.692%\n"}
,{"stream_name":"stdout","time":6674.540801915,"data":"[Game 1310] Range: 2-7 | Median/Mean: 4.0 / 3.739 | Fail: 0.687%\n"}
,{"stream_name":"stdout","time":6734.305644867,"data":"[Game 1320] Range: 2-7 | Median/Mean: 4.0 / 3.742 | Fail: 0.682%\n"}
,{"stream_name":"stdout","time":6786.677053467,"data":"[Game 1330] Range: 2-7 | Median/Mean: 4.0 / 3.740 | Fail: 0.677%\n"}
,{"stream_name":"stdout","time":6861.796460682,"data":"[Game 1340] Range: 2-7 | Median/Mean: 4.0 / 3.743 | Fail: 0.672%\n"}
,{"stream_name":"stdout","time":6918.285257952,"data":"[Game 1350] Range: 2-7 | Median/Mean: 4.0 / 3.746 | Fail: 0.667%\n"}
,{"stream_name":"stdout","time":6975.923036084,"data":"[Game 1360] Range: 2-7 | Median/Mean: 4.0 / 3.749 | Fail: 0.662%\n"}
,{"stream_name":"stdout","time":7038.649170731,"data":"[Game 1370] Range: 2-7 | Median/Mean: 4.0 / 3.751 | Fail: 0.657%\n"}
,{"stream_name":"stdout","time":7087.262121971,"data":"[Game 1380] Range: 2-7 | Median/Mean: 4.0 / 3.754 | Fail: 0.652%\n"}
,{"stream_name":"stdout","time":7133.980392923,"data":"[Game 1390] Range: 2-7 | Median/Mean: 4.0 / 3.752 | Fail: 0.647%\n"}
,{"stream_name":"stdout","time":7161.173740607,"data":"[Game 1400] Range: 2-7 | Median/Mean: 4.0 / 3.752 | Fail: 0.643%\n"}
,{"stream_name":"stdout","time":7203.224790179,"data":"[Game 1410] Range: 2-7 | Median/Mean: 4.0 / 3.755 | Fail: 0.638%\n"}
,{"stream_name":"stdout","time":7240.483530507,"data":"[Game 1420] Range: 2-7 | Median/Mean: 4.0 / 3.753 | Fail: 0.634%\n"}
,{"stream_name":"stdout","time":7291.169765517,"data":"[Game 1430] Range: 2-7 | Median/Mean: 4.0 / 3.754 | Fail: 0.629%\n"}
,{"stream_name":"stdout","time":7356.12364337,"data":"[Game 1440] Range: 2-7 | Median/Mean: 4.0 / 3.760 | Fail: 0.625%\n"}
,{"stream_name":"stdout","time":7410.275603004,"data":"[Game 1450] Range: 2-7 | Median/Mean: 4.0 / 3.767 | Fail: 0.690%\n"}
,{"stream_name":"stdout","time":7459.429072225,"data":"[Game 1460] Range: 2-7 | Median/Mean: 4.0 / 3.766 | Fail: 0.685%\n"}
,{"stream_name":"stdout","time":7522.030546329,"data":"[Game 1470] Range: 2-7 | Median/Mean: 4.0 / 3.767 | Fail: 0.680%\n"}
,{"stream_name":"stdout","time":7574.221231257,"data":"[Game 1480] Range: 2-7 | Median/Mean: 4.0 / 3.770 | Fail: 0.743%\n"}
,{"stream_name":"stdout","time":7628.323390698,"data":"[Game 1490] Range: 2-7 | Median/Mean: 4.0 / 3.770 | Fail: 0.738%\n"}
,{"stream_name":"stdout","time":7673.789335907,"data":"[Game 1500] Range: 2-7 | Median/Mean: 4.0 / 3.771 | Fail: 0.733%\n"}
,{"stream_name":"stdout","time":7735.320759729,"data":"[Game 1510] Range: 2-7 | Median/Mean: 4.0 / 3.770 | Fail: 0.728%\n"}
,{"stream_name":"stdout","time":7757.02249106,"data":"[Game 1520] Range: 2-7 | Median/Mean: 4.0 / 3.770 | Fail: 0.724%\n"}
,{"stream_name":"stdout","time":7823.827320586,"data":"[Game 1530] Range: 2-7 | Median/Mean: 4.0 / 3.773 | Fail: 0.784%\n"}
,{"stream_name":"stdout","time":7891.988270752,"data":"[Game 1540] Range: 2-7 | Median/Mean: 4.0 / 3.777 | Fail: 0.779%\n"}
,{"stream_name":"stdout","time":7949.746262021,"data":"[Game 1550] Range: 2-8 | Median/Mean: 4.0 / 3.778 | Fail: 0.839%\n"}
,{"stream_name":"stdout","time":7991.289478214,"data":"[Game 1560] Range: 2-8 | Median/Mean: 4.0 / 3.781 | Fail: 0.833%\n"}
,{"stream_name":"stdout","time":8034.570605144,"data":"[Game 1570] Range: 2-8 | Median/Mean: 4.0 / 3.779 | Fail: 0.828%\n"}
,{"stream_name":"stdout","time":8092.581758688,"data":"[Game 1580] Range: 2-8 | Median/Mean: 4.0 / 3.780 | Fail: 0.823%\n"}
,{"stream_name":"stdout","time":8149.020940039,"data":"[Game 1590] Range: 2-8 | Median/Mean: 4.0 / 3.782 | Fail: 0.818%\n"}
,{"stream_name":"stdout","time":8200.686979444,"data":"[Game 1600] Range: 2-8 | Median/Mean: 4.0 / 3.783 | Fail: 0.812%\n"}
,{"stream_name":"stdout","time":8264.996404279,"data":"[Game 1610] Range: 2-8 | Median/Mean: 4.0 / 3.785 | Fail: 0.807%\n"}
,{"stream_name":"stdout","time":8311.986092635,"data":"[Game 1620] Range: 2-8 | Median/Mean: 4.0 / 3.785 | Fail: 0.802%\n"}
,{"stream_name":"stdout","time":8361.684972422,"data":"[Game 1630] Range: 2-8 | Median/Mean: 4.0 / 3.787 | Fail: 0.798%\n"}
,{"stream_name":"stdout","time":8388.742774826,"data":"[Game 1640] Range: 2-8 | Median/Mean: 4.0 / 3.784 | Fail: 0.793%\n"}
,{"stream_name":"stdout","time":8445.252742911,"data":"[Game 1650] Range: 2-8 | Median/Mean: 4.0 / 3.787 | Fail: 0.848%\n"}
,{"stream_name":"stdout","time":8508.343819593,"data":"[Game 1660] Range: 2-8 | Median/Mean: 4.0 / 3.793 | Fail: 0.904%\n"}
,{"stream_name":"stdout","time":8556.523880459,"data":"[Game 1670] Range: 2-8 | Median/Mean: 4.0 / 3.797 | Fail: 0.898%\n"}
,{"stream_name":"stdout","time":8614.015159511,"data":"[Game 1680] Range: 2-8 | Median/Mean: 4.0 / 3.801 | Fail: 0.893%\n"}
,{"stream_name":"stdout","time":8665.431823356,"data":"[Game 1690] Range: 2-8 | Median/Mean: 4.0 / 3.804 | Fail: 0.888%\n"}
,{"stream_name":"stdout","time":8713.660893596,"data":"[Game 1700] Range: 2-8 | Median/Mean: 4.0 / 3.804 | Fail: 0.882%\n"}
,{"stream_name":"stdout","time":8767.400532656,"data":"[Game 1710] Range: 2-8 | Median/Mean: 4.0 / 3.807 | Fail: 0.936%\n"}
,{"stream_name":"stdout","time":8810.356709243,"data":"[Game 1720] Range: 2-8 | Median/Mean: 4.0 / 3.807 | Fail: 0.930%\n"}
,{"stream_name":"stdout","time":8868.379351455,"data":"[Game 1730] Range: 2-8 | Median/Mean: 4.0 / 3.810 | Fail: 0.983%\n"}
,{"stream_name":"stdout","time":8933.654422687,"data":"[Game 1740] Range: 2-8 | Median/Mean: 4.0 / 3.813 | Fail: 1.034%\n"}
,{"stream_name":"stdout","time":9001.150203897,"data":"[Game 1750] Range: 2-8 | Median/Mean: 4.0 / 3.814 | Fail: 1.029%\n"}
,{"stream_name":"stdout","time":9040.364603165,"data":"[Game 1760] Range: 2-8 | Median/Mean: 4.0 / 3.814 | Fail: 1.023%\n"}
,{"stream_name":"stdout","time":9099.191216346,"data":"[Game 1770] Range: 2-8 | Median/Mean: 4.0 / 3.812 | Fail: 1.017%\n"}
,{"stream_name":"stdout","time":9150.697472676,"data":"[Game 1780] Range: 2-8 | Median/Mean: 4.0 / 3.813 | Fail: 1.011%\n"}
,{"stream_name":"stdout","time":9189.331460487,"data":"[Game 1790] Range: 2-8 | Median/Mean: 4.0 / 3.813 | Fail: 1.006%\n"}
,{"stream_name":"stdout","time":9237.084779219,"data":"[Game 1800] Range: 2-8 | Median/Mean: 4.0 / 3.815 | Fail: 1.000%\n"}
,{"stream_name":"stdout","time":9281.381673911,"data":"[Game 1810] Range: 2-8 | Median/Mean: 4.0 / 3.815 | Fail: 1.050%\n"}
,{"stream_name":"stdout","time":9332.422790208,"data":"[Game 1820] Range: 2-8 | Median/Mean: 4.0 / 3.815 | Fail: 1.044%\n"}
,{"stream_name":"stdout","time":9377.515789563,"data":"[Game 1830] Range: 2-8 | Median/Mean: 4.0 / 3.819 | Fail: 1.038%\n"}
,{"stream_name":"stdout","time":9406.851187219,"data":"[Game 1840] Range: 2-8 | Median/Mean: 4.0 / 3.815 | Fail: 1.033%\n"}
,{"stream_name":"stdout","time":9451.69861612,"data":"[Game 1850] Range: 2-8 | Median/Mean: 4.0 / 3.819 | Fail: 1.081%\n"}
,{"stream_name":"stdout","time":9481.854140338,"data":"[Game 1860] Range: 2-8 | Median/Mean: 4.0 / 3.820 | Fail: 1.075%\n"}
,{"stream_name":"stdout","time":9515.018617865,"data":"[Game 1870] Range: 2-8 | Median/Mean: 4.0 / 3.820 | Fail: 1.070%\n"}
,{"stream_name":"stdout","time":9569.824161002,"data":"[Game 1880] Range: 2-8 | Median/Mean: 4.0 / 3.824 | Fail: 1.170%\n"}
,{"stream_name":"stdout","time":9625.650391352,"data":"[Game 1890] Range: 2-8 | Median/Mean: 4.0 / 3.827 | Fail: 1.164%\n"}
,{"stream_name":"stdout","time":9687.024390152,"data":"[Game 1900] Range: 2-8 | Median/Mean: 4.0 / 3.830 | Fail: 1.158%\n"}
,{"stream_name":"stdout","time":9746.044072094,"data":"[Game 1910] Range: 2-8 | Median/Mean: 4.0 / 3.834 | Fail: 1.204%\n"}
,{"stream_name":"stdout","time":9780.524558882,"data":"[Game 1920] Range: 2-8 | Median/Mean: 4.0 / 3.835 | Fail: 1.198%\n"}
,{"stream_name":"stdout","time":9837.360749964,"data":"[Game 1930] Range: 2-8 | Median/Mean: 4.0 / 3.835 | Fail: 1.192%\n"}
,{"stream_name":"stdout","time":9842.282225649,"data":"[Game 1940] Range: 2-8 | Median/Mean: 4.0 / 3.834 | Fail: 1.186%\n"}
,{"stream_name":"stdout","time":9907.135756594,"data":"[Game 1950] Range: 2-8 | Median/Mean: 4.0 / 3.835 | Fail: 1.179%\n"}
,{"stream_name":"stdout","time":9962.4671219,"data":"[Game 1960] Range: 2-8 | Median/Mean: 4.0 / 3.837 | Fail: 1.173%\n"}
,{"stream_name":"stdout","time":10008.16584127,"data":"[Game 1970] Range: 2-8 | Median/Mean: 4.0 / 3.840 | Fail: 1.168%\n"}
,{"stream_name":"stdout","time":10061.647991448,"data":"[Game 1980] Range: 2-8 | Median/Mean: 4.0 / 3.842 | Fail: 1.162%\n"}
,{"stream_name":"stdout","time":10090.616904177,"data":"[Game 1990] Range: 2-8 | Median/Mean: 4.0 / 3.842 | Fail: 1.206%\n"}
,{"stream_name":"stdout","time":10140.541762129,"data":"[Game 2000] Range: 2-8 | Median/Mean: 4.0 / 3.843 | Fail: 1.200%\n"}
,{"stream_name":"stdout","time":10198.429478357,"data":"[Game 2010] Range: 2-8 | Median/Mean: 4.0 / 3.843 | Fail: 1.194%\n"}
,{"stream_name":"stdout","time":10244.178795956,"data":"[Game 2020] Range: 2-8 | Median/Mean: 4.0 / 3.844 | Fail: 1.188%\n"}
,{"stream_name":"stdout","time":10298.427483111,"data":"[Game 2030] Range: 2-8 | Median/Mean: 4.0 / 3.845 | Fail: 1.182%\n"}
,{"stream_name":"stdout","time":10342.545374362,"data":"[Game 2040] Range: 2-8 | Median/Mean: 4.0 / 3.844 | Fail: 1.176%\n"}
,{"stream_name":"stdout","time":10401.752078644,"data":"[Game 2050] Range: 2-8 | Median/Mean: 4.0 / 3.843 | Fail: 1.171%\n"}
,{"stream_name":"stdout","time":10454.62995408,"data":"[Game 2060] Range: 2-8 | Median/Mean: 4.0 / 3.844 | Fail: 1.165%\n"}
,{"stream_name":"stdout","time":10499.278797714,"data":"[Game 2070] Range: 2-8 | Median/Mean: 4.0 / 3.847 | Fail: 1.208%\n"}
,{"stream_name":"stdout","time":10555.1244822,"data":"[Game 2080] Range: 2-8 | Median/Mean: 4.0 / 3.849 | Fail: 1.202%\n"}
,{"stream_name":"stdout","time":10600.821394799,"data":"[Game 2090] Range: 2-8 | Median/Mean: 4.0 / 3.849 | Fail: 1.196%\n"}
,{"stream_name":"stdout","time":10649.373900253,"data":"[Game 2100] Range: 2-8 | Median/Mean: 4.0 / 3.852 | Fail: 1.190%\n"}
,{"stream_name":"stdout","time":10690.83236462,"data":"[Game 2110] Range: 2-8 | Median/Mean: 4.0 / 3.851 | Fail: 1.185%\n"}
,{"stream_name":"stdout","time":10749.123624845,"data":"[Game 2120] Range: 2-8 | Median/Mean: 4.0 / 3.850 | Fail: 1.179%\n"}
,{"stream_name":"stdout","time":10822.241588953,"data":"[Game 2130] Range: 2-8 | Median/Mean: 4.0 / 3.851 | Fail: 1.174%\n"}
,{"stream_name":"stdout","time":10874.459308394,"data":"[Game 2140] Range: 2-8 | Median/Mean: 4.0 / 3.855 | Fail: 1.215%\n"}
,{"stream_name":"stdout","time":10933.798608487,"data":"[Game 2150] Range: 2-8 | Median/Mean: 4.0 / 3.857 | Fail: 1.209%\n"}
,{"stream_name":"stdout","time":10979.30366267,"data":"[Game 2160] Range: 2-8 | Median/Mean: 4.0 / 3.856 | Fail: 1.204%\n"}
,{"stream_name":"stdout","time":11036.381381123,"data":"[Game 2170] Range: 2-8 | Median/Mean: 4.0 / 3.858 | Fail: 1.244%\n"}
,{"stream_name":"stdout","time":11083.275278348,"data":"[Game 2180] Range: 2-8 | Median/Mean: 4.0 / 3.859 | Fail: 1.239%\n"}
,{"stream_name":"stdout","time":11135.186606946,"data":"[Game 2190] Range: 2-8 | Median/Mean: 4.0 / 3.859 | Fail: 1.279%\n"}
,{"stream_name":"stdout","time":11204.467718364,"data":"[Game 2200] Range: 2-8 | Median/Mean: 4.0 / 3.861 | Fail: 1.273%\n"}
,{"stream_name":"stdout","time":11271.482178873,"data":"[Game 2210] Range: 2-8 | Median/Mean: 4.0 / 3.863 | Fail: 1.312%\n"}
,{"stream_name":"stdout","time":11336.048100829,"data":"[Game 2220] Range: 2-8 | Median/Mean: 4.0 / 3.864 | Fail: 1.306%\n"}
,{"stream_name":"stdout","time":11370.592701421,"data":"[Game 2230] Range: 2-8 | Median/Mean: 4.0 / 3.865 | Fail: 1.300%\n"}
,{"stream_name":"stdout","time":11392.781486115,"data":"[Game 2240] Range: 2-8 | Median/Mean: 4.0 / 3.864 | Fail: 1.295%\n"}
,{"stream_name":"stdout","time":11435.096765555,"data":"[Game 2250] Range: 2-8 | Median/Mean: 4.0 / 3.865 | Fail: 1.289%\n"}
,{"stream_name":"stdout","time":11496.770487221,"data":"[Game 2260] Range: 2-8 | Median/Mean: 4.0 / 3.868 | Fail: 1.283%\n"}
,{"stream_name":"stdout","time":11544.837449941,"data":"[Game 2270] Range: 2-8 | Median/Mean: 4.0 / 3.867 | Fail: 1.278%\n"}
,{"stream_name":"stdout","time":11589.400910297,"data":"[Game 2280] Range: 2-8 | Median/Mean: 4.0 / 3.867 | Fail: 1.272%\n"}
,{"stream_name":"stdout","time":11652.414486643,"data":"[Game 2290] Range: 2-8 | Median/Mean: 4.0 / 3.870 | Fail: 1.354%\n"}
,{"stream_name":"stdout","time":11680.123321279,"data":"[Game 2300] Range: 2-9 | Median/Mean: 4.0 / 3.872 | Fail: 1.391%\n"}
,{"stream_name":"stdout","time":11724.144899698,"data":"[Game 2310] Range: 2-9 | Median/Mean: 4.0 / 3.873 | Fail: 1.385%\n"}
,{"stream_name":"stdout","time":11750.890981984,"data":"Summary:\n"}
,{"stream_name":"stdout","time":11750.917149492,"data":"Distribution across steps:\n"}
,{"stream_name":"stdout","time":11750.923468119,"data":"Key Metrics:\n"}
,{"stream_name":"stderr","time":11756.736707058,"data":"/opt/conda/lib/python3.7/site-packages/traitlets/traitlets.py:2567: FutureWarning: --Exporter.preprocessors=[\"remove_papermill_header.RemovePapermillHeader\"] for containers is deprecated in traitlets 5.0. You can pass `--Exporter.preprocessors item` ... multiple times to add items to a list.\n"}
,{"stream_name":"stderr","time":11756.736759366,"data":"  FutureWarning,\n"}
,{"stream_name":"stderr","time":11756.736763975,"data":"[NbConvertApp] Converting notebook __notebook__.ipynb to notebook\n"}
,{"stream_name":"stderr","time":11757.17513122,"data":"[NbConvertApp] Writing 32633 bytes to __notebook__.ipynb\n"}
,{"stream_name":"stderr","time":11760.050729805,"data":"/opt/conda/lib/python3.7/site-packages/traitlets/traitlets.py:2567: FutureWarning: --Exporter.preprocessors=[\"nbconvert.preprocessors.ExtractOutputPreprocessor\"] for containers is deprecated in traitlets 5.0. You can pass `--Exporter.preprocessors item` ... multiple times to add items to a list.\n"}
,{"stream_name":"stderr","time":11760.050833163,"data":"  FutureWarning,\n"}
,{"stream_name":"stderr","time":11760.050840998,"data":"[NbConvertApp] Converting notebook __notebook__.ipynb to html\n"}
,{"stream_name":"stderr","time":11760.894683279,"data":"[NbConvertApp] Writing 306928 bytes to __results__.html\n"}
]