[{"stream_name":"stderr","time":13.283142171,"data":"/opt/conda/lib/python3.7/site-packages/papermill/iorw.py:50: FutureWarning: pyarrow.HadoopFileSystem is deprecated as of 2.0.0, please use pyarrow.fs.HadoopFileSystem instead.\n"}
,{"stream_name":"stderr","time":13.283198055,"data":"  from pyarrow import HadoopFileSystem\n"}
,{"stream_name":"stdout","time":14.095140787,"data":"[ ---------- STARE ----------]\n"}
,{"stream_name":"stdout","time":65.523416268,"data":"[Game 10] Range: 2-4 | Median/Mean: 4.0 / 3.500 | Fail: 0.000%\n"}
,{"stream_name":"stdout","time":98.939947391,"data":"[Game 20] Range: 2-5 | Median/Mean: 3.0 / 3.450 | Fail: 0.000%\n"}
,{"stream_name":"stdout","time":121.927268203,"data":"[Game 30] Range: 2-5 | Median/Mean: 3.0 / 3.367 | Fail: 0.000%\n"}
,{"stream_name":"stdout","time":171.929683739,"data":"[Game 40] Range: 2-5 | Median/Mean: 3.5 / 3.500 | Fail: 0.000%\n"}
,{"stream_name":"stdout","time":220.907020318,"data":"[Game 50] Range: 2-5 | Median/Mean: 4.0 / 3.520 | Fail: 0.000%\n"}
,{"stream_name":"stdout","time":258.572909115,"data":"[Game 60] Range: 2-5 | Median/Mean: 4.0 / 3.500 | Fail: 0.000%\n"}
,{"stream_name":"stdout","time":297.710050493,"data":"[Game 70] Range: 2-5 | Median/Mean: 3.0 / 3.457 | Fail: 0.000%\n"}
,{"stream_name":"stdout","time":344.788948915,"data":"[Game 80] Range: 2-5 | Median/Mean: 3.0 / 3.462 | Fail: 0.000%\n"}
,{"stream_name":"stdout","time":386.603241286,"data":"[Game 90] Range: 2-7 | Median/Mean: 3.0 / 3.456 | Fail: 1.111%\n"}
,{"stream_name":"stdout","time":443.460636684,"data":"[Game 100] Range: 2-7 | Median/Mean: 3.0 / 3.480 | Fail: 1.000%\n"}
,{"stream_name":"stdout","time":466.156425676,"data":"[Game 110] Range: 2-7 | Median/Mean: 3.0 / 3.473 | Fail: 0.909%\n"}
,{"stream_name":"stdout","time":526.092571791,"data":"[Game 120] Range: 2-7 | Median/Mean: 3.0 / 3.517 | Fail: 1.667%\n"}
,{"stream_name":"stdout","time":581.990736759,"data":"[Game 130] Range: 2-7 | Median/Mean: 4.0 / 3.523 | Fail: 1.538%\n"}
,{"stream_name":"stdout","time":634.855735592,"data":"[Game 140] Range: 2-7 | Median/Mean: 4.0 / 3.529 | Fail: 1.429%\n"}
,{"stream_name":"stdout","time":693.115206102,"data":"[Game 150] Range: 2-7 | Median/Mean: 4.0 / 3.560 | Fail: 1.333%\n"}
,{"stream_name":"stdout","time":742.502312204,"data":"[Game 160] Range: 2-7 | Median/Mean: 4.0 / 3.569 | Fail: 1.250%\n"}
,{"stream_name":"stdout","time":784.373509456,"data":"[Game 170] Range: 2-7 | Median/Mean: 4.0 / 3.565 | Fail: 1.176%\n"}
,{"stream_name":"stdout","time":826.073671358,"data":"[Game 180] Range: 2-7 | Median/Mean: 4.0 / 3.556 | Fail: 1.111%\n"}
,{"stream_name":"stdout","time":862.786501953,"data":"[Game 190] Range: 2-7 | Median/Mean: 4.0 / 3.563 | Fail: 1.053%\n"}
,{"stream_name":"stdout","time":880.477754642,"data":"[Game 200] Range: 2-7 | Median/Mean: 4.0 / 3.545 | Fail: 1.000%\n"}
,{"stream_name":"stdout","time":935.092071986,"data":"[Game 210] Range: 2-7 | Median/Mean: 4.0 / 3.552 | Fail: 0.952%\n"}
,{"stream_name":"stdout","time":999.987768372,"data":"[Game 220] Range: 2-7 | Median/Mean: 4.0 / 3.564 | Fail: 0.909%\n"}
,{"stream_name":"stdout","time":1041.092889343,"data":"[Game 230] Range: 2-7 | Median/Mean: 4.0 / 3.548 | Fail: 0.870%\n"}
,{"stream_name":"stdout","time":1095.731365396,"data":"[Game 240] Range: 2-7 | Median/Mean: 4.0 / 3.562 | Fail: 0.833%\n"}
,{"stream_name":"stdout","time":1143.597077746,"data":"[Game 250] Range: 2-7 | Median/Mean: 4.0 / 3.568 | Fail: 0.800%\n"}
,{"stream_name":"stdout","time":1182.942093938,"data":"[Game 260] Range: 2-7 | Median/Mean: 4.0 / 3.573 | Fail: 0.769%\n"}
,{"stream_name":"stdout","time":1221.614247232,"data":"[Game 270] Range: 2-7 | Median/Mean: 4.0 / 3.574 | Fail: 0.741%\n"}
,{"stream_name":"stdout","time":1259.089975512,"data":"[Game 280] Range: 2-7 | Median/Mean: 4.0 / 3.564 | Fail: 0.714%\n"}
,{"stream_name":"stdout","time":1304.449228229,"data":"[Game 290] Range: 2-7 | Median/Mean: 4.0 / 3.576 | Fail: 0.690%\n"}
,{"stream_name":"stdout","time":1332.485892225,"data":"[Game 300] Range: 2-7 | Median/Mean: 4.0 / 3.567 | Fail: 0.667%\n"}
,{"stream_name":"stdout","time":1376.70290646,"data":"[Game 310] Range: 2-7 | Median/Mean: 4.0 / 3.561 | Fail: 0.645%\n"}
,{"stream_name":"stdout","time":1417.644548175,"data":"[Game 320] Range: 2-7 | Median/Mean: 4.0 / 3.572 | Fail: 0.625%\n"}
,{"stream_name":"stdout","time":1450.842595298,"data":"[Game 330] Range: 2-7 | Median/Mean: 4.0 / 3.570 | Fail: 0.606%\n"}
,{"stream_name":"stdout","time":1488.494368662,"data":"[Game 340] Range: 2-7 | Median/Mean: 4.0 / 3.568 | Fail: 0.588%\n"}
,{"stream_name":"stdout","time":1531.528973187,"data":"[Game 350] Range: 2-7 | Median/Mean: 4.0 / 3.571 | Fail: 0.571%\n"}
,{"stream_name":"stdout","time":1568.411041303,"data":"[Game 360] Range: 2-7 | Median/Mean: 4.0 / 3.578 | Fail: 0.556%\n"}
,{"stream_name":"stdout","time":1615.796504566,"data":"[Game 370] Range: 2-7 | Median/Mean: 4.0 / 3.576 | Fail: 0.541%\n"}
,{"stream_name":"stdout","time":1673.164272531,"data":"[Game 380] Range: 2-7 | Median/Mean: 4.0 / 3.574 | Fail: 0.526%\n"}
,{"stream_name":"stdout","time":1719.268638553,"data":"[Game 390] Range: 2-7 | Median/Mean: 4.0 / 3.579 | Fail: 0.513%\n"}
,{"stream_name":"stdout","time":1759.532105058,"data":"[Game 400] Range: 2-7 | Median/Mean: 4.0 / 3.583 | Fail: 0.500%\n"}
,{"stream_name":"stdout","time":1828.431717261,"data":"[Game 410] Range: 2-7 | Median/Mean: 4.0 / 3.593 | Fail: 0.488%\n"}
,{"stream_name":"stdout","time":1884.730225454,"data":"[Game 420] Range: 2-7 | Median/Mean: 4.0 / 3.590 | Fail: 0.476%\n"}
,{"stream_name":"stdout","time":1933.142460455,"data":"[Game 430] Range: 2-7 | Median/Mean: 4.0 / 3.612 | Fail: 0.465%\n"}
,{"stream_name":"stdout","time":1993.792576449,"data":"[Game 440] Range: 2-7 | Median/Mean: 4.0 / 3.618 | Fail: 0.455%\n"}
,{"stream_name":"stdout","time":2027.651841479,"data":"[Game 450] Range: 2-7 | Median/Mean: 4.0 / 3.613 | Fail: 0.444%\n"}
,{"stream_name":"stdout","time":2088.864755044,"data":"[Game 460] Range: 2-7 | Median/Mean: 4.0 / 3.624 | Fail: 0.435%\n"}
,{"stream_name":"stdout","time":2137.216340803,"data":"[Game 470] Range: 2-7 | Median/Mean: 4.0 / 3.621 | Fail: 0.426%\n"}
,{"stream_name":"stdout","time":2167.871093491,"data":"[Game 480] Range: 2-7 | Median/Mean: 4.0 / 3.615 | Fail: 0.417%\n"}
,{"stream_name":"stdout","time":2197.593342066,"data":"[Game 490] Range: 2-7 | Median/Mean: 4.0 / 3.612 | Fail: 0.408%\n"}
,{"stream_name":"stdout","time":2234.06307037,"data":"[Game 500] Range: 2-7 | Median/Mean: 4.0 / 3.614 | Fail: 0.400%\n"}
,{"stream_name":"stdout","time":2271.98478316,"data":"[Game 510] Range: 2-7 | Median/Mean: 4.0 / 3.616 | Fail: 0.392%\n"}
,{"stream_name":"stdout","time":2315.511740925,"data":"[Game 520] Range: 2-7 | Median/Mean: 4.0 / 3.606 | Fail: 0.385%\n"}
,{"stream_name":"stdout","time":2372.195451764,"data":"[Game 530] Range: 2-7 | Median/Mean: 4.0 / 3.604 | Fail: 0.377%\n"}
,{"stream_name":"stdout","time":2412.54897682,"data":"[Game 540] Range: 2-7 | Median/Mean: 4.0 / 3.606 | Fail: 0.370%\n"}
,{"stream_name":"stdout","time":2468.90869211,"data":"[Game 550] Range: 2-7 | Median/Mean: 4.0 / 3.607 | Fail: 0.364%\n"}
,{"stream_name":"stdout","time":2506.278214523,"data":"[Game 560] Range: 2-7 | Median/Mean: 4.0 / 3.607 | Fail: 0.357%\n"}
,{"stream_name":"stdout","time":2547.799886356,"data":"[Game 570] Range: 2-7 | Median/Mean: 4.0 / 3.609 | Fail: 0.351%\n"}
,{"stream_name":"stdout","time":2596.666525724,"data":"[Game 580] Range: 2-7 | Median/Mean: 4.0 / 3.612 | Fail: 0.345%\n"}
,{"stream_name":"stdout","time":2653.725976596,"data":"[Game 590] Range: 2-7 | Median/Mean: 4.0 / 3.619 | Fail: 0.339%\n"}
,{"stream_name":"stdout","time":2706.560912146,"data":"[Game 600] Range: 2-7 | Median/Mean: 4.0 / 3.618 | Fail: 0.333%\n"}
,{"stream_name":"stdout","time":2753.544679774,"data":"[Game 610] Range: 2-7 | Median/Mean: 4.0 / 3.618 | Fail: 0.328%\n"}
,{"stream_name":"stdout","time":2797.330148256,"data":"[Game 620] Range: 2-7 | Median/Mean: 4.0 / 3.616 | Fail: 0.323%\n"}
,{"stream_name":"stdout","time":2838.942075801,"data":"[Game 630] Range: 2-7 | Median/Mean: 4.0 / 3.617 | Fail: 0.317%\n"}
,{"stream_name":"stdout","time":2890.67624892,"data":"[Game 640] Range: 2-7 | Median/Mean: 4.0 / 3.614 | Fail: 0.312%\n"}
,{"stream_name":"stdout","time":2938.117023353,"data":"[Game 650] Range: 2-7 | Median/Mean: 4.0 / 3.618 | Fail: 0.308%\n"}
,{"stream_name":"stdout","time":2985.314996217,"data":"[Game 660] Range: 2-7 | Median/Mean: 4.0 / 3.620 | Fail: 0.303%\n"}
,{"stream_name":"stdout","time":3041.20131788,"data":"[Game 670] Range: 2-7 | Median/Mean: 4.0 / 3.621 | Fail: 0.299%\n"}
,{"stream_name":"stdout","time":3089.076993115,"data":"[Game 680] Range: 2-7 | Median/Mean: 4.0 / 3.618 | Fail: 0.294%\n"}
,{"stream_name":"stdout","time":3128.516525811,"data":"[Game 690] Range: 2-7 | Median/Mean: 4.0 / 3.617 | Fail: 0.290%\n"}
,{"stream_name":"stdout","time":3180.447387079,"data":"[Game 700] Range: 2-7 | Median/Mean: 4.0 / 3.621 | Fail: 0.286%\n"}
,{"stream_name":"stdout","time":3207.35064774,"data":"[Game 710] Range: 2-7 | Median/Mean: 4.0 / 3.625 | Fail: 0.282%\n"}
,{"stream_name":"stdout","time":3264.1700363,"data":"[Game 720] Range: 2-7 | Median/Mean: 4.0 / 3.628 | Fail: 0.278%\n"}
,{"stream_name":"stdout","time":3305.846043532,"data":"[Game 730] Range: 2-7 | Median/Mean: 4.0 / 3.633 | Fail: 0.274%\n"}
,{"stream_name":"stdout","time":3365.869514146,"data":"[Game 740] Range: 2-7 | Median/Mean: 4.0 / 3.632 | Fail: 0.270%\n"}
,{"stream_name":"stdout","time":3437.984495326,"data":"[Game 750] Range: 2-7 | Median/Mean: 4.0 / 3.635 | Fail: 0.267%\n"}
,{"stream_name":"stdout","time":3493.824847279,"data":"[Game 760] Range: 2-7 | Median/Mean: 4.0 / 3.638 | Fail: 0.263%\n"}
,{"stream_name":"stdout","time":3556.594385301,"data":"[Game 770] Range: 2-7 | Median/Mean: 4.0 / 3.640 | Fail: 0.260%\n"}
,{"stream_name":"stdout","time":3615.397541037,"data":"[Game 780] Range: 2-7 | Median/Mean: 4.0 / 3.646 | Fail: 0.385%\n"}
,{"stream_name":"stdout","time":3652.917037335,"data":"[Game 790] Range: 2-7 | Median/Mean: 4.0 / 3.651 | Fail: 0.380%\n"}
,{"stream_name":"stdout","time":3706.581687556,"data":"[Game 800] Range: 2-7 | Median/Mean: 4.0 / 3.654 | Fail: 0.375%\n"}
,{"stream_name":"stdout","time":3740.457161867,"data":"[Game 810] Range: 2-7 | Median/Mean: 4.0 / 3.652 | Fail: 0.370%\n"}
,{"stream_name":"stdout","time":3781.773300882,"data":"[Game 820] Range: 2-7 | Median/Mean: 4.0 / 3.652 | Fail: 0.366%\n"}
,{"stream_name":"stdout","time":3832.783468384,"data":"[Game 830] Range: 2-7 | Median/Mean: 4.0 / 3.658 | Fail: 0.361%\n"}
,{"stream_name":"stdout","time":3870.012461833,"data":"[Game 840] Range: 2-7 | Median/Mean: 4.0 / 3.654 | Fail: 0.357%\n"}
,{"stream_name":"stdout","time":3907.879077684,"data":"[Game 850] Range: 2-7 | Median/Mean: 4.0 / 3.652 | Fail: 0.471%\n"}
,{"stream_name":"stdout","time":3976.773646766,"data":"[Game 860] Range: 2-7 | Median/Mean: 4.0 / 3.658 | Fail: 0.465%\n"}
,{"stream_name":"stdout","time":4029.422884275,"data":"[Game 870] Range: 2-7 | Median/Mean: 4.0 / 3.657 | Fail: 0.460%\n"}
,{"stream_name":"stdout","time":4073.999196595,"data":"[Game 880] Range: 2-7 | Median/Mean: 4.0 / 3.658 | Fail: 0.455%\n"}
,{"stream_name":"stdout","time":4121.093674696,"data":"[Game 890] Range: 2-7 | Median/Mean: 4.0 / 3.662 | Fail: 0.449%\n"}
,{"stream_name":"stdout","time":4183.765611282,"data":"[Game 900] Range: 2-7 | Median/Mean: 4.0 / 3.662 | Fail: 0.444%\n"}
,{"stream_name":"stdout","time":4233.924038468,"data":"[Game 910] Range: 2-7 | Median/Mean: 4.0 / 3.667 | Fail: 0.549%\n"}
,{"stream_name":"stdout","time":4283.104423122,"data":"[Game 920] Range: 1-7 | Median/Mean: 4.0 / 3.666 | Fail: 0.543%\n"}
,{"stream_name":"stdout","time":4330.095015572,"data":"[Game 930] Range: 1-7 | Median/Mean: 4.0 / 3.668 | Fail: 0.538%\n"}
,{"stream_name":"stdout","time":4362.69903901,"data":"[Game 940] Range: 1-7 | Median/Mean: 4.0 / 3.667 | Fail: 0.532%\n"}
,{"stream_name":"stdout","time":4427.201566859,"data":"[Game 950] Range: 1-7 | Median/Mean: 4.0 / 3.667 | Fail: 0.526%\n"}
,{"stream_name":"stdout","time":4459.998304849,"data":"[Game 960] Range: 1-7 | Median/Mean: 4.0 / 3.661 | Fail: 0.521%\n"}
,{"stream_name":"stdout","time":4520.380433828,"data":"[Game 970] Range: 1-7 | Median/Mean: 4.0 / 3.660 | Fail: 0.515%\n"}
,{"stream_name":"stdout","time":4572.830134271,"data":"[Game 980] Range: 1-7 | Median/Mean: 4.0 / 3.660 | Fail: 0.510%\n"}
,{"stream_name":"stdout","time":4623.556956838,"data":"[Game 990] Range: 1-7 | Median/Mean: 4.0 / 3.660 | Fail: 0.505%\n"}
,{"stream_name":"stdout","time":4661.583670824,"data":"[Game 1000] Range: 1-7 | Median/Mean: 4.0 / 3.667 | Fail: 0.500%\n"}
,{"stream_name":"stdout","time":4696.493493995,"data":"[Game 1010] Range: 1-7 | Median/Mean: 4.0 / 3.666 | Fail: 0.495%\n"}
,{"stream_name":"stdout","time":4737.17639635,"data":"[Game 1020] Range: 1-7 | Median/Mean: 4.0 / 3.666 | Fail: 0.490%\n"}
,{"stream_name":"stdout","time":4782.066717278,"data":"[Game 1030] Range: 1-7 | Median/Mean: 4.0 / 3.667 | Fail: 0.485%\n"}
,{"stream_name":"stdout","time":4816.324461962,"data":"[Game 1040] Range: 1-7 | Median/Mean: 4.0 / 3.667 | Fail: 0.481%\n"}
,{"stream_name":"stdout","time":4872.140993912,"data":"[Game 1050] Range: 1-7 | Median/Mean: 4.0 / 3.669 | Fail: 0.476%\n"}
,{"stream_name":"stdout","time":4928.20298688,"data":"[Game 1060] Range: 1-7 | Median/Mean: 4.0 / 3.673 | Fail: 0.472%\n"}
,{"stream_name":"stdout","time":4968.220216287,"data":"[Game 1070] Range: 1-7 | Median/Mean: 4.0 / 3.671 | Fail: 0.467%\n"}
,{"stream_name":"stdout","time":4997.48694987,"data":"[Game 1080] Range: 1-7 | Median/Mean: 4.0 / 3.667 | Fail: 0.463%\n"}
,{"stream_name":"stdout","time":5052.80603052,"data":"[Game 1090] Range: 1-7 | Median/Mean: 4.0 / 3.673 | Fail: 0.459%\n"}
,{"stream_name":"stdout","time":5105.411729048,"data":"[Game 1100] Range: 1-7 | Median/Mean: 4.0 / 3.675 | Fail: 0.455%\n"}
,{"stream_name":"stdout","time":5142.774020065,"data":"[Game 1110] Range: 1-7 | Median/Mean: 4.0 / 3.674 | Fail: 0.450%\n"}
,{"stream_name":"stdout","time":5186.911480852,"data":"[Game 1120] Range: 1-7 | Median/Mean: 4.0 / 3.672 | Fail: 0.446%\n"}
,{"stream_name":"stdout","time":5230.705707544,"data":"[Game 1130] Range: 1-7 | Median/Mean: 4.0 / 3.675 | Fail: 0.442%\n"}
,{"stream_name":"stdout","time":5282.92570759,"data":"[Game 1140] Range: 1-7 | Median/Mean: 4.0 / 3.674 | Fail: 0.439%\n"}
,{"stream_name":"stdout","time":5329.887429796,"data":"[Game 1150] Range: 1-7 | Median/Mean: 4.0 / 3.677 | Fail: 0.435%\n"}
,{"stream_name":"stdout","time":5381.276825973,"data":"[Game 1160] Range: 1-7 | Median/Mean: 4.0 / 3.674 | Fail: 0.431%\n"}
,{"stream_name":"stdout","time":5430.216672923,"data":"[Game 1170] Range: 1-7 | Median/Mean: 4.0 / 3.675 | Fail: 0.427%\n"}
,{"stream_name":"stdout","time":5475.86253461,"data":"[Game 1180] Range: 1-7 | Median/Mean: 4.0 / 3.675 | Fail: 0.424%\n"}
,{"stream_name":"stdout","time":5529.533675566,"data":"[Game 1190] Range: 1-7 | Median/Mean: 4.0 / 3.675 | Fail: 0.420%\n"}
,{"stream_name":"stdout","time":5576.62059407,"data":"[Game 1200] Range: 1-7 | Median/Mean: 4.0 / 3.672 | Fail: 0.417%\n"}
,{"stream_name":"stdout","time":5609.047367581,"data":"[Game 1210] Range: 1-7 | Median/Mean: 4.0 / 3.673 | Fail: 0.413%\n"}
,{"stream_name":"stdout","time":5647.890567136,"data":"[Game 1220] Range: 1-7 | Median/Mean: 4.0 / 3.675 | Fail: 0.410%\n"}
,{"stream_name":"stdout","time":5706.901918029,"data":"[Game 1230] Range: 1-8 | Median/Mean: 4.0 / 3.681 | Fail: 0.488%\n"}
,{"stream_name":"stdout","time":5748.386333104,"data":"[Game 1240] Range: 1-8 | Median/Mean: 4.0 / 3.681 | Fail: 0.484%\n"}
,{"stream_name":"stdout","time":5791.048410953,"data":"[Game 1250] Range: 1-8 | Median/Mean: 4.0 / 3.685 | Fail: 0.480%\n"}
,{"stream_name":"stdout","time":5832.258340404,"data":"[Game 1260] Range: 1-8 | Median/Mean: 4.0 / 3.686 | Fail: 0.476%\n"}
,{"stream_name":"stdout","time":5873.389872235,"data":"[Game 1270] Range: 1-8 | Median/Mean: 4.0 / 3.687 | Fail: 0.472%\n"}
,{"stream_name":"stdout","time":5901.310550595,"data":"[Game 1280] Range: 1-8 | Median/Mean: 4.0 / 3.688 | Fail: 0.469%\n"}
,{"stream_name":"stdout","time":5948.769368837,"data":"[Game 1290] Range: 1-8 | Median/Mean: 4.0 / 3.691 | Fail: 0.465%\n"}
,{"stream_name":"stdout","time":5992.360860266,"data":"[Game 1300] Range: 1-8 | Median/Mean: 4.0 / 3.691 | Fail: 0.462%\n"}
,{"stream_name":"stdout","time":6035.41513467,"data":"[Game 1310] Range: 1-8 | Median/Mean: 4.0 / 3.691 | Fail: 0.458%\n"}
,{"stream_name":"stdout","time":6100.298320873,"data":"[Game 1320] Range: 1-8 | Median/Mean: 4.0 / 3.693 | Fail: 0.455%\n"}
,{"stream_name":"stdout","time":6165.588287079,"data":"[Game 1330] Range: 1-8 | Median/Mean: 4.0 / 3.696 | Fail: 0.451%\n"}
,{"stream_name":"stdout","time":6224.111475864,"data":"[Game 1340] Range: 1-8 | Median/Mean: 4.0 / 3.703 | Fail: 0.448%\n"}
,{"stream_name":"stdout","time":6277.626441778,"data":"[Game 1350] Range: 1-8 | Median/Mean: 4.0 / 3.704 | Fail: 0.444%\n"}
,{"stream_name":"stdout","time":6323.907653701,"data":"[Game 1360] Range: 1-8 | Median/Mean: 4.0 / 3.706 | Fail: 0.441%\n"}
,{"stream_name":"stdout","time":6378.95394795,"data":"[Game 1370] Range: 1-8 | Median/Mean: 4.0 / 3.705 | Fail: 0.438%\n"}
,{"stream_name":"stdout","time":6439.421539367,"data":"[Game 1380] Range: 1-8 | Median/Mean: 4.0 / 3.709 | Fail: 0.435%\n"}
,{"stream_name":"stdout","time":6489.76046571,"data":"[Game 1390] Range: 1-8 | Median/Mean: 4.0 / 3.708 | Fail: 0.432%\n"}
,{"stream_name":"stdout","time":6539.570869677,"data":"[Game 1400] Range: 1-8 | Median/Mean: 4.0 / 3.710 | Fail: 0.429%\n"}
,{"stream_name":"stdout","time":6586.867233143,"data":"[Game 1410] Range: 1-8 | Median/Mean: 4.0 / 3.714 | Fail: 0.426%\n"}
,{"stream_name":"stdout","time":6633.629484734,"data":"[Game 1420] Range: 1-8 | Median/Mean: 4.0 / 3.714 | Fail: 0.423%\n"}
,{"stream_name":"stdout","time":6670.194035611,"data":"[Game 1430] Range: 1-8 | Median/Mean: 4.0 / 3.715 | Fail: 0.420%\n"}
,{"stream_name":"stdout","time":6718.842193939,"data":"[Game 1440] Range: 1-8 | Median/Mean: 4.0 / 3.722 | Fail: 0.486%\n"}
,{"stream_name":"stdout","time":6777.356498144,"data":"[Game 1450] Range: 1-8 | Median/Mean: 4.0 / 3.728 | Fail: 0.552%\n"}
,{"stream_name":"stdout","time":6838.554446587,"data":"[Game 1460] Range: 1-8 | Median/Mean: 4.0 / 3.728 | Fail: 0.548%\n"}
,{"stream_name":"stdout","time":6887.427987157,"data":"[Game 1470] Range: 1-8 | Median/Mean: 4.0 / 3.730 | Fail: 0.544%\n"}
,{"stream_name":"stdout","time":6935.235574269,"data":"[Game 1480] Range: 1-8 | Median/Mean: 4.0 / 3.732 | Fail: 0.541%\n"}
,{"stream_name":"stdout","time":6969.21611672,"data":"[Game 1490] Range: 1-8 | Median/Mean: 4.0 / 3.732 | Fail: 0.537%\n"}
,{"stream_name":"stdout","time":7007.84734763,"data":"[Game 1500] Range: 1-8 | Median/Mean: 4.0 / 3.731 | Fail: 0.533%\n"}
,{"stream_name":"stdout","time":7058.226866599,"data":"[Game 1510] Range: 1-8 | Median/Mean: 4.0 / 3.729 | Fail: 0.530%\n"}
,{"stream_name":"stdout","time":7102.398554926,"data":"[Game 1520] Range: 1-8 | Median/Mean: 4.0 / 3.728 | Fail: 0.526%\n"}
,{"stream_name":"stdout","time":7159.136690351,"data":"[Game 1530] Range: 1-8 | Median/Mean: 4.0 / 3.730 | Fail: 0.523%\n"}
,{"stream_name":"stdout","time":7199.962016612,"data":"[Game 1540] Range: 1-8 | Median/Mean: 4.0 / 3.729 | Fail: 0.519%\n"}
,{"stream_name":"stdout","time":7229.375027885,"data":"[Game 1550] Range: 1-8 | Median/Mean: 4.0 / 3.732 | Fail: 0.581%\n"}
,{"stream_name":"stdout","time":7264.053634783,"data":"[Game 1560] Range: 1-8 | Median/Mean: 4.0 / 3.733 | Fail: 0.577%\n"}
,{"stream_name":"stdout","time":7308.464809777,"data":"[Game 1570] Range: 1-8 | Median/Mean: 4.0 / 3.732 | Fail: 0.573%\n"}
,{"stream_name":"stdout","time":7360.149535712,"data":"[Game 1580] Range: 1-8 | Median/Mean: 4.0 / 3.731 | Fail: 0.570%\n"}
,{"stream_name":"stdout","time":7419.091652436,"data":"[Game 1590] Range: 1-8 | Median/Mean: 4.0 / 3.734 | Fail: 0.566%\n"}
,{"stream_name":"stdout","time":7458.165120828,"data":"[Game 1600] Range: 1-8 | Median/Mean: 4.0 / 3.733 | Fail: 0.562%\n"}
,{"stream_name":"stdout","time":7497.552511903,"data":"[Game 1610] Range: 1-8 | Median/Mean: 4.0 / 3.735 | Fail: 0.559%\n"}
,{"stream_name":"stdout","time":7544.005640157,"data":"[Game 1620] Range: 1-8 | Median/Mean: 4.0 / 3.738 | Fail: 0.556%\n"}
,{"stream_name":"stdout","time":7600.210859592,"data":"[Game 1630] Range: 1-8 | Median/Mean: 4.0 / 3.740 | Fail: 0.552%\n"}
,{"stream_name":"stdout","time":7641.759378846,"data":"[Game 1640] Range: 1-8 | Median/Mean: 4.0 / 3.738 | Fail: 0.549%\n"}
,{"stream_name":"stdout","time":7702.167744833,"data":"[Game 1650] Range: 1-8 | Median/Mean: 4.0 / 3.742 | Fail: 0.545%\n"}
,{"stream_name":"stdout","time":7751.932010555,"data":"[Game 1660] Range: 1-8 | Median/Mean: 4.0 / 3.746 | Fail: 0.602%\n"}
,{"stream_name":"stdout","time":7793.350655329,"data":"[Game 1670] Range: 1-8 | Median/Mean: 4.0 / 3.749 | Fail: 0.599%\n"}
,{"stream_name":"stdout","time":7856.890632243,"data":"[Game 1680] Range: 1-8 | Median/Mean: 4.0 / 3.753 | Fail: 0.595%\n"}
,{"stream_name":"stdout","time":7897.04241668,"data":"[Game 1690] Range: 1-8 | Median/Mean: 4.0 / 3.753 | Fail: 0.592%\n"}
,{"stream_name":"stdout","time":7940.506395538,"data":"[Game 1700] Range: 1-8 | Median/Mean: 4.0 / 3.753 | Fail: 0.588%\n"}
,{"stream_name":"stdout","time":7980.973733969,"data":"[Game 1710] Range: 1-8 | Median/Mean: 4.0 / 3.752 | Fail: 0.585%\n"}
,{"stream_name":"stdout","time":8019.590788909,"data":"[Game 1720] Range: 1-8 | Median/Mean: 4.0 / 3.751 | Fail: 0.581%\n"}
,{"stream_name":"stdout","time":8075.346025633,"data":"[Game 1730] Range: 1-8 | Median/Mean: 4.0 / 3.754 | Fail: 0.636%\n"}
,{"stream_name":"stdout","time":8127.712841842,"data":"[Game 1740] Range: 1-8 | Median/Mean: 4.0 / 3.758 | Fail: 0.632%\n"}
,{"stream_name":"stdout","time":8171.763365528,"data":"[Game 1750] Range: 1-8 | Median/Mean: 4.0 / 3.758 | Fail: 0.629%\n"}
,{"stream_name":"stdout","time":8244.45588163,"data":"[Game 1760] Range: 1-8 | Median/Mean: 4.0 / 3.760 | Fail: 0.625%\n"}
,{"stream_name":"stdout","time":8306.557813075,"data":"[Game 1770] Range: 1-8 | Median/Mean: 4.0 / 3.759 | Fail: 0.621%\n"}
,{"stream_name":"stdout","time":8357.030601637,"data":"[Game 1780] Range: 1-8 | Median/Mean: 4.0 / 3.759 | Fail: 0.618%\n"}
,{"stream_name":"stdout","time":8407.907382575,"data":"[Game 1790] Range: 1-8 | Median/Mean: 4.0 / 3.760 | Fail: 0.615%\n"}
,{"stream_name":"stdout","time":8454.740146852,"data":"[Game 1800] Range: 1-8 | Median/Mean: 4.0 / 3.762 | Fail: 0.611%\n"}
,{"stream_name":"stdout","time":8491.120812468,"data":"[Game 1810] Range: 1-8 | Median/Mean: 4.0 / 3.765 | Fail: 0.663%\n"}
,{"stream_name":"stdout","time":8527.652501762,"data":"[Game 1820] Range: 1-8 | Median/Mean: 4.0 / 3.766 | Fail: 0.659%\n"}
,{"stream_name":"stdout","time":8590.120735964,"data":"[Game 1830] Range: 1-8 | Median/Mean: 4.0 / 3.767 | Fail: 0.656%\n"}
,{"stream_name":"stdout","time":8616.935047553,"data":"[Game 1840] Range: 1-8 | Median/Mean: 4.0 / 3.765 | Fail: 0.652%\n"}
,{"stream_name":"stdout","time":8659.487910684,"data":"[Game 1850] Range: 1-8 | Median/Mean: 4.0 / 3.769 | Fail: 0.649%\n"}
,{"stream_name":"stdout","time":8697.544179993,"data":"[Game 1860] Range: 1-8 | Median/Mean: 4.0 / 3.767 | Fail: 0.645%\n"}
,{"stream_name":"stdout","time":8726.868052869,"data":"[Game 1870] Range: 1-8 | Median/Mean: 4.0 / 3.768 | Fail: 0.642%\n"}
,{"stream_name":"stdout","time":8774.104995926,"data":"[Game 1880] Range: 1-8 | Median/Mean: 4.0 / 3.775 | Fail: 0.745%\n"}
,{"stream_name":"stdout","time":8824.993873203,"data":"[Game 1890] Range: 1-8 | Median/Mean: 4.0 / 3.776 | Fail: 0.741%\n"}
,{"stream_name":"stdout","time":8886.612541665,"data":"[Game 1900] Range: 1-8 | Median/Mean: 4.0 / 3.779 | Fail: 0.737%\n"}
,{"stream_name":"stdout","time":8937.280235191,"data":"[Game 1910] Range: 1-8 | Median/Mean: 4.0 / 3.782 | Fail: 0.785%\n"}
,{"stream_name":"stdout","time":8966.430044014,"data":"[Game 1920] Range: 1-8 | Median/Mean: 4.0 / 3.783 | Fail: 0.781%\n"}
,{"stream_name":"stdout","time":9008.122018865,"data":"[Game 1930] Range: 1-8 | Median/Mean: 4.0 / 3.782 | Fail: 0.777%\n"}
,{"stream_name":"stdout","time":9057.657968683,"data":"[Game 1940] Range: 1-8 | Median/Mean: 4.0 / 3.783 | Fail: 0.773%\n"}
,{"stream_name":"stdout","time":9111.72051622,"data":"[Game 1950] Range: 1-8 | Median/Mean: 4.0 / 3.786 | Fail: 0.769%\n"}
,{"stream_name":"stdout","time":9159.315550465,"data":"[Game 1960] Range: 1-8 | Median/Mean: 4.0 / 3.787 | Fail: 0.765%\n"}
,{"stream_name":"stdout","time":9194.96657356,"data":"[Game 1970] Range: 1-8 | Median/Mean: 4.0 / 3.789 | Fail: 0.761%\n"}
,{"stream_name":"stdout","time":9247.024718422,"data":"[Game 1980] Range: 1-8 | Median/Mean: 4.0 / 3.791 | Fail: 0.758%\n"}
,{"stream_name":"stdout","time":9291.92547557,"data":"[Game 1990] Range: 1-8 | Median/Mean: 4.0 / 3.792 | Fail: 0.754%\n"}
,{"stream_name":"stdout","time":9328.623025279,"data":"[Game 2000] Range: 1-8 | Median/Mean: 4.0 / 3.795 | Fail: 0.800%\n"}
,{"stream_name":"stdout","time":9370.038694728,"data":"[Game 2010] Range: 1-8 | Median/Mean: 4.0 / 3.795 | Fail: 0.796%\n"}
,{"stream_name":"stdout","time":9402.297873469,"data":"[Game 2020] Range: 1-8 | Median/Mean: 4.0 / 3.798 | Fail: 0.792%\n"}
,{"stream_name":"stdout","time":9449.838586222,"data":"[Game 2030] Range: 1-8 | Median/Mean: 4.0 / 3.797 | Fail: 0.788%\n"}
,{"stream_name":"stdout","time":9496.740793745,"data":"[Game 2040] Range: 1-8 | Median/Mean: 4.0 / 3.795 | Fail: 0.784%\n"}
,{"stream_name":"stdout","time":9559.131499962,"data":"[Game 2050] Range: 1-8 | Median/Mean: 4.0 / 3.795 | Fail: 0.780%\n"}
,{"stream_name":"stdout","time":9604.02496228,"data":"[Game 2060] Range: 1-8 | Median/Mean: 4.0 / 3.795 | Fail: 0.777%\n"}
,{"stream_name":"stdout","time":9648.274121776,"data":"[Game 2070] Range: 1-8 | Median/Mean: 4.0 / 3.798 | Fail: 0.821%\n"}
,{"stream_name":"stdout","time":9700.756542489,"data":"[Game 2080] Range: 1-8 | Median/Mean: 4.0 / 3.799 | Fail: 0.817%\n"}
,{"stream_name":"stdout","time":9758.62773907,"data":"[Game 2090] Range: 1-8 | Median/Mean: 4.0 / 3.800 | Fail: 0.813%\n"}
,{"stream_name":"stdout","time":9799.830707386,"data":"[Game 2100] Range: 1-8 | Median/Mean: 4.0 / 3.803 | Fail: 0.857%\n"}
,{"stream_name":"stdout","time":9832.255345588,"data":"[Game 2110] Range: 1-8 | Median/Mean: 4.0 / 3.802 | Fail: 0.853%\n"}
,{"stream_name":"stdout","time":9888.839621904,"data":"[Game 2120] Range: 1-8 | Median/Mean: 4.0 / 3.803 | Fail: 0.849%\n"}
,{"stream_name":"stdout","time":9937.710306727,"data":"[Game 2130] Range: 1-8 | Median/Mean: 4.0 / 3.805 | Fail: 0.845%\n"}
,{"stream_name":"stdout","time":9991.278794407,"data":"[Game 2140] Range: 1-8 | Median/Mean: 4.0 / 3.806 | Fail: 0.841%\n"}
,{"stream_name":"stdout","time":10039.353190432,"data":"[Game 2150] Range: 1-8 | Median/Mean: 4.0 / 3.809 | Fail: 0.837%\n"}
,{"stream_name":"stdout","time":10097.747704927,"data":"[Game 2160] Range: 1-8 | Median/Mean: 4.0 / 3.809 | Fail: 0.833%\n"}
,{"stream_name":"stdout","time":10147.611203067,"data":"[Game 2170] Range: 1-8 | Median/Mean: 4.0 / 3.811 | Fail: 0.876%\n"}
,{"stream_name":"stdout","time":10206.69088273,"data":"[Game 2180] Range: 1-8 | Median/Mean: 4.0 / 3.812 | Fail: 0.872%\n"}
,{"stream_name":"stdout","time":10251.9437171,"data":"[Game 2190] Range: 1-8 | Median/Mean: 4.0 / 3.814 | Fail: 0.868%\n"}
,{"stream_name":"stdout","time":10305.630097766,"data":"[Game 2200] Range: 1-8 | Median/Mean: 4.0 / 3.816 | Fail: 0.864%\n"}
,{"stream_name":"stdout","time":10350.023183554,"data":"[Game 2210] Range: 1-8 | Median/Mean: 4.0 / 3.817 | Fail: 0.905%\n"}
,{"stream_name":"stdout","time":10397.892695001,"data":"[Game 2220] Range: 1-8 | Median/Mean: 4.0 / 3.819 | Fail: 0.901%\n"}
,{"stream_name":"stdout","time":10436.341234485,"data":"[Game 2230] Range: 1-8 | Median/Mean: 4.0 / 3.821 | Fail: 0.942%\n"}
,{"stream_name":"stdout","time":10461.456779923,"data":"[Game 2240] Range: 1-8 | Median/Mean: 4.0 / 3.821 | Fail: 0.938%\n"}
,{"stream_name":"stdout","time":10513.675910429,"data":"[Game 2250] Range: 1-8 | Median/Mean: 4.0 / 3.826 | Fail: 0.978%\n"}
,{"stream_name":"stdout","time":10561.540394586,"data":"[Game 2260] Range: 1-8 | Median/Mean: 4.0 / 3.828 | Fail: 1.018%\n"}
,{"stream_name":"stdout","time":10606.728836008,"data":"[Game 2270] Range: 1-8 | Median/Mean: 4.0 / 3.827 | Fail: 1.013%\n"}
,{"stream_name":"stdout","time":10645.411002345,"data":"[Game 2280] Range: 1-8 | Median/Mean: 4.0 / 3.826 | Fail: 1.009%\n"}
,{"stream_name":"stdout","time":10698.276550913,"data":"[Game 2290] Range: 1-8 | Median/Mean: 4.0 / 3.828 | Fail: 1.048%\n"}
,{"stream_name":"stdout","time":10735.440800176,"data":"[Game 2300] Range: 1-9 | Median/Mean: 4.0 / 3.830 | Fail: 1.087%\n"}
,{"stream_name":"stdout","time":10781.877466675,"data":"[Game 2310] Range: 1-9 | Median/Mean: 4.0 / 3.832 | Fail: 1.082%\n"}
,{"stream_name":"stdout","time":10804.343768585,"data":"Summary:\n"}
,{"stream_name":"stdout","time":10804.357956673,"data":"Distribution across steps:\n"}
,{"stream_name":"stdout","time":10804.369360162,"data":"Key Metrics:\n"}
,{"stream_name":"stderr","time":10808.809559027,"data":"/opt/conda/lib/python3.7/site-packages/traitlets/traitlets.py:2567: FutureWarning: --Exporter.preprocessors=[\"remove_papermill_header.RemovePapermillHeader\"] for containers is deprecated in traitlets 5.0. You can pass `--Exporter.preprocessors item` ... multiple times to add items to a list.\n"}
,{"stream_name":"stderr","time":10808.809603846,"data":"  FutureWarning,\n"}
,{"stream_name":"stderr","time":10808.809609632,"data":"[NbConvertApp] Converting notebook __notebook__.ipynb to notebook\n"}
,{"stream_name":"stderr","time":10809.230718152,"data":"[NbConvertApp] Writing 32731 bytes to __notebook__.ipynb\n"}
,{"stream_name":"stderr","time":10811.768183046,"data":"/opt/conda/lib/python3.7/site-packages/traitlets/traitlets.py:2567: FutureWarning: --Exporter.preprocessors=[\"nbconvert.preprocessors.ExtractOutputPreprocessor\"] for containers is deprecated in traitlets 5.0. You can pass `--Exporter.preprocessors item` ... multiple times to add items to a list.\n"}
,{"stream_name":"stderr","time":10811.768252558,"data":"  FutureWarning,\n"}
,{"stream_name":"stderr","time":10811.768261639,"data":"[NbConvertApp] Converting notebook __notebook__.ipynb to html\n"}
,{"stream_name":"stderr","time":10812.406851116,"data":"[NbConvertApp] Writing 306974 bytes to __results__.html\n"}
]