[{"stream_name":"stderr","time":13.716372019,"data":"/opt/conda/lib/python3.7/site-packages/papermill/iorw.py:50: FutureWarning: pyarrow.HadoopFileSystem is deprecated as of 2.0.0, please use pyarrow.fs.HadoopFileSystem instead.\n"}
,{"stream_name":"stderr","time":13.716449189,"data":"  from pyarrow import HadoopFileSystem\n"}
,{"stream_name":"stdout","time":14.559651145,"data":"[ ---------- RATES ----------]\n"}
,{"stream_name":"stdout","time":68.192948522,"data":"[Game 10] Range: 2-4 | Median/Mean: 3.0 / 3.100 | Fail: 0.000%\n"}
,{"stream_name":"stdout","time":120.335940471,"data":"[Game 20] Range: 2-5 | Median/Mean: 3.5 / 3.450 | Fail: 0.000%\n"}
,{"stream_name":"stdout","time":155.235330221,"data":"[Game 30] Range: 2-5 | Median/Mean: 3.0 / 3.333 | Fail: 0.000%\n"}
,{"stream_name":"stdout","time":197.705957811,"data":"[Game 40] Range: 2-5 | Median/Mean: 3.0 / 3.475 | Fail: 0.000%\n"}
,{"stream_name":"stdout","time":244.307757471,"data":"[Game 50] Range: 2-5 | Median/Mean: 3.0 / 3.480 | Fail: 0.000%\n"}
,{"stream_name":"stdout","time":294.179631019,"data":"[Game 60] Range: 2-5 | Median/Mean: 3.0 / 3.483 | Fail: 0.000%\n"}
,{"stream_name":"stdout","time":346.589367145,"data":"[Game 70] Range: 2-5 | Median/Mean: 3.0 / 3.471 | Fail: 0.000%\n"}
,{"stream_name":"stdout","time":394.488405872,"data":"[Game 80] Range: 2-5 | Median/Mean: 3.0 / 3.462 | Fail: 0.000%\n"}
,{"stream_name":"stdout","time":443.79498814,"data":"[Game 90] Range: 2-7 | Median/Mean: 3.0 / 3.456 | Fail: 1.111%\n"}
,{"stream_name":"stdout","time":491.754608276,"data":"[Game 100] Range: 2-7 | Median/Mean: 3.0 / 3.450 | Fail: 1.000%\n"}
,{"stream_name":"stdout","time":541.269328899,"data":"[Game 110] Range: 2-7 | Median/Mean: 3.0 / 3.455 | Fail: 0.909%\n"}
,{"stream_name":"stdout","time":601.300510877,"data":"[Game 120] Range: 2-7 | Median/Mean: 3.0 / 3.475 | Fail: 1.667%\n"}
,{"stream_name":"stdout","time":645.098087864,"data":"[Game 130] Range: 2-7 | Median/Mean: 3.0 / 3.469 | Fail: 1.538%\n"}
,{"stream_name":"stdout","time":703.245922463,"data":"[Game 140] Range: 2-7 | Median/Mean: 3.0 / 3.450 | Fail: 1.429%\n"}
,{"stream_name":"stdout","time":755.335372349,"data":"[Game 150] Range: 2-7 | Median/Mean: 3.0 / 3.473 | Fail: 1.333%\n"}
,{"stream_name":"stdout","time":790.564501041,"data":"[Game 160] Range: 2-7 | Median/Mean: 3.0 / 3.481 | Fail: 1.250%\n"}
,{"stream_name":"stdout","time":839.00270307,"data":"[Game 170] Range: 2-7 | Median/Mean: 3.0 / 3.500 | Fail: 1.176%\n"}
,{"stream_name":"stdout","time":870.287336735,"data":"[Game 180] Range: 2-7 | Median/Mean: 3.0 / 3.494 | Fail: 1.111%\n"}
,{"stream_name":"stdout","time":923.534048208,"data":"[Game 190] Range: 2-7 | Median/Mean: 3.0 / 3.526 | Fail: 1.053%\n"}
,{"stream_name":"stdout","time":961.548757914,"data":"[Game 200] Range: 2-7 | Median/Mean: 3.0 / 3.510 | Fail: 1.000%\n"}
,{"stream_name":"stdout","time":1014.072732993,"data":"[Game 210] Range: 2-7 | Median/Mean: 3.0 / 3.514 | Fail: 0.952%\n"}
,{"stream_name":"stdout","time":1078.515530369,"data":"[Game 220] Range: 2-7 | Median/Mean: 3.5 / 3.527 | Fail: 0.909%\n"}
,{"stream_name":"stdout","time":1128.973067885,"data":"[Game 230] Range: 2-7 | Median/Mean: 4.0 / 3.530 | Fail: 0.870%\n"}
,{"stream_name":"stdout","time":1184.803902165,"data":"[Game 240] Range: 2-7 | Median/Mean: 4.0 / 3.554 | Fail: 0.833%\n"}
,{"stream_name":"stdout","time":1241.47471913,"data":"[Game 250] Range: 2-7 | Median/Mean: 4.0 / 3.552 | Fail: 0.800%\n"}
,{"stream_name":"stdout","time":1298.710636719,"data":"[Game 260] Range: 2-7 | Median/Mean: 4.0 / 3.565 | Fail: 0.769%\n"}
,{"stream_name":"stdout","time":1331.580882855,"data":"[Game 270] Range: 2-7 | Median/Mean: 4.0 / 3.570 | Fail: 0.741%\n"}
,{"stream_name":"stdout","time":1366.764532539,"data":"[Game 280] Range: 2-7 | Median/Mean: 4.0 / 3.568 | Fail: 0.714%\n"}
,{"stream_name":"stdout","time":1425.790532523,"data":"[Game 290] Range: 2-7 | Median/Mean: 4.0 / 3.576 | Fail: 0.690%\n"}
,{"stream_name":"stdout","time":1462.900898862,"data":"[Game 300] Range: 2-7 | Median/Mean: 4.0 / 3.580 | Fail: 0.667%\n"}
,{"stream_name":"stdout","time":1522.594531706,"data":"[Game 310] Range: 2-7 | Median/Mean: 4.0 / 3.590 | Fail: 0.645%\n"}
,{"stream_name":"stdout","time":1581.643189977,"data":"[Game 320] Range: 2-7 | Median/Mean: 4.0 / 3.600 | Fail: 0.625%\n"}
,{"stream_name":"stdout","time":1617.123137574,"data":"[Game 330] Range: 2-8 | Median/Mean: 4.0 / 3.612 | Fail: 0.909%\n"}
,{"stream_name":"stdout","time":1659.377834248,"data":"[Game 340] Range: 2-8 | Median/Mean: 4.0 / 3.603 | Fail: 0.882%\n"}
,{"stream_name":"stdout","time":1705.687195539,"data":"[Game 350] Range: 2-8 | Median/Mean: 4.0 / 3.597 | Fail: 0.857%\n"}
,{"stream_name":"stdout","time":1749.018931262,"data":"[Game 360] Range: 2-8 | Median/Mean: 4.0 / 3.597 | Fail: 0.833%\n"}
,{"stream_name":"stdout","time":1795.424598954,"data":"[Game 370] Range: 2-8 | Median/Mean: 4.0 / 3.595 | Fail: 0.811%\n"}
,{"stream_name":"stdout","time":1854.392715145,"data":"[Game 380] Range: 2-8 | Median/Mean: 4.0 / 3.600 | Fail: 0.789%\n"}
,{"stream_name":"stdout","time":1895.820883921,"data":"[Game 390] Range: 2-8 | Median/Mean: 4.0 / 3.600 | Fail: 0.769%\n"}
,{"stream_name":"stdout","time":1955.118953343,"data":"[Game 400] Range: 2-8 | Median/Mean: 4.0 / 3.610 | Fail: 0.750%\n"}
,{"stream_name":"stdout","time":2012.088847082,"data":"[Game 410] Range: 2-8 | Median/Mean: 4.0 / 3.620 | Fail: 0.732%\n"}
,{"stream_name":"stdout","time":2076.628693805,"data":"[Game 420] Range: 2-8 | Median/Mean: 4.0 / 3.619 | Fail: 0.714%\n"}
,{"stream_name":"stdout","time":2120.990399401,"data":"[Game 430] Range: 2-8 | Median/Mean: 4.0 / 3.642 | Fail: 0.698%\n"}
,{"stream_name":"stdout","time":2170.621174431,"data":"[Game 440] Range: 2-8 | Median/Mean: 4.0 / 3.650 | Fail: 0.682%\n"}
,{"stream_name":"stdout","time":2210.826973063,"data":"[Game 450] Range: 2-8 | Median/Mean: 4.0 / 3.649 | Fail: 0.667%\n"}
,{"stream_name":"stdout","time":2270.094596584,"data":"[Game 460] Range: 2-8 | Median/Mean: 4.0 / 3.663 | Fail: 0.652%\n"}
,{"stream_name":"stdout","time":2322.776635948,"data":"[Game 470] Range: 2-8 | Median/Mean: 4.0 / 3.662 | Fail: 0.638%\n"}
,{"stream_name":"stdout","time":2368.857286526,"data":"[Game 480] Range: 2-8 | Median/Mean: 4.0 / 3.658 | Fail: 0.625%\n"}
,{"stream_name":"stdout","time":2410.662048271,"data":"[Game 490] Range: 2-8 | Median/Mean: 4.0 / 3.657 | Fail: 0.612%\n"}
,{"stream_name":"stdout","time":2463.351779207,"data":"[Game 500] Range: 2-8 | Median/Mean: 4.0 / 3.660 | Fail: 0.600%\n"}
,{"stream_name":"stdout","time":2508.047406637,"data":"[Game 510] Range: 2-8 | Median/Mean: 4.0 / 3.661 | Fail: 0.588%\n"}
,{"stream_name":"stdout","time":2561.233641973,"data":"[Game 520] Range: 2-8 | Median/Mean: 4.0 / 3.660 | Fail: 0.577%\n"}
,{"stream_name":"stdout","time":2607.0695447,"data":"[Game 530] Range: 2-8 | Median/Mean: 4.0 / 3.658 | Fail: 0.566%\n"}
,{"stream_name":"stdout","time":2656.737899126,"data":"[Game 540] Range: 2-8 | Median/Mean: 4.0 / 3.665 | Fail: 0.556%\n"}
,{"stream_name":"stdout","time":2709.941438019,"data":"[Game 550] Range: 2-8 | Median/Mean: 4.0 / 3.664 | Fail: 0.545%\n"}
,{"stream_name":"stdout","time":2761.327587304,"data":"[Game 560] Range: 2-8 | Median/Mean: 4.0 / 3.668 | Fail: 0.536%\n"}
,{"stream_name":"stdout","time":2805.280205914,"data":"[Game 570] Range: 2-8 | Median/Mean: 4.0 / 3.668 | Fail: 0.526%\n"}
,{"stream_name":"stdout","time":2838.684506423,"data":"[Game 580] Range: 2-8 | Median/Mean: 4.0 / 3.659 | Fail: 0.517%\n"}
,{"stream_name":"stdout","time":2902.664235368,"data":"[Game 590] Range: 2-8 | Median/Mean: 4.0 / 3.664 | Fail: 0.508%\n"}
,{"stream_name":"stdout","time":2952.454549473,"data":"[Game 600] Range: 2-8 | Median/Mean: 4.0 / 3.667 | Fail: 0.500%\n"}
,{"stream_name":"stdout","time":2992.239161902,"data":"[Game 610] Range: 2-8 | Median/Mean: 4.0 / 3.662 | Fail: 0.492%\n"}
,{"stream_name":"stdout","time":3042.605795777,"data":"[Game 620] Range: 2-8 | Median/Mean: 4.0 / 3.665 | Fail: 0.484%\n"}
,{"stream_name":"stdout","time":3095.482529609,"data":"[Game 630] Range: 2-8 | Median/Mean: 4.0 / 3.665 | Fail: 0.476%\n"}
,{"stream_name":"stdout","time":3152.61246646,"data":"[Game 640] Range: 2-8 | Median/Mean: 4.0 / 3.666 | Fail: 0.469%\n"}
,{"stream_name":"stdout","time":3209.651460535,"data":"[Game 650] Range: 2-8 | Median/Mean: 4.0 / 3.669 | Fail: 0.462%\n"}
,{"stream_name":"stdout","time":3258.521466843,"data":"[Game 660] Range: 2-8 | Median/Mean: 4.0 / 3.671 | Fail: 0.455%\n"}
,{"stream_name":"stdout","time":3311.395581947,"data":"[Game 670] Range: 2-8 | Median/Mean: 4.0 / 3.670 | Fail: 0.448%\n"}
,{"stream_name":"stdout","time":3365.476287941,"data":"[Game 680] Range: 2-8 | Median/Mean: 4.0 / 3.669 | Fail: 0.441%\n"}
,{"stream_name":"stdout","time":3409.517023697,"data":"[Game 690] Range: 2-8 | Median/Mean: 4.0 / 3.668 | Fail: 0.435%\n"}
,{"stream_name":"stdout","time":3470.976036501,"data":"[Game 700] Range: 2-8 | Median/Mean: 4.0 / 3.671 | Fail: 0.429%\n"}
,{"stream_name":"stdout","time":3513.491660648,"data":"[Game 710] Range: 2-8 | Median/Mean: 4.0 / 3.673 | Fail: 0.423%\n"}
,{"stream_name":"stdout","time":3579.702197155,"data":"[Game 720] Range: 2-8 | Median/Mean: 4.0 / 3.672 | Fail: 0.417%\n"}
,{"stream_name":"stdout","time":3637.317712257,"data":"[Game 730] Range: 2-8 | Median/Mean: 4.0 / 3.679 | Fail: 0.411%\n"}
,{"stream_name":"stdout","time":3690.989145736,"data":"[Game 740] Range: 2-8 | Median/Mean: 4.0 / 3.677 | Fail: 0.405%\n"}
,{"stream_name":"stdout","time":3757.199625717,"data":"[Game 750] Range: 2-8 | Median/Mean: 4.0 / 3.677 | Fail: 0.400%\n"}
,{"stream_name":"stdout","time":3818.231878339,"data":"[Game 760] Range: 2-8 | Median/Mean: 4.0 / 3.682 | Fail: 0.395%\n"}
,{"stream_name":"stdout","time":3875.287565947,"data":"[Game 770] Range: 2-8 | Median/Mean: 4.0 / 3.686 | Fail: 0.390%\n"}
,{"stream_name":"stdout","time":3938.066474004,"data":"[Game 780] Range: 2-8 | Median/Mean: 4.0 / 3.688 | Fail: 0.385%\n"}
,{"stream_name":"stdout","time":3976.623300432,"data":"[Game 790] Range: 2-8 | Median/Mean: 4.0 / 3.690 | Fail: 0.380%\n"}
,{"stream_name":"stdout","time":4040.19732698,"data":"[Game 800] Range: 2-8 | Median/Mean: 4.0 / 3.694 | Fail: 0.375%\n"}
,{"stream_name":"stdout","time":4083.466083725,"data":"[Game 810] Range: 2-8 | Median/Mean: 4.0 / 3.691 | Fail: 0.370%\n"}
,{"stream_name":"stdout","time":4129.685946583,"data":"[Game 820] Range: 2-8 | Median/Mean: 4.0 / 3.687 | Fail: 0.366%\n"}
,{"stream_name":"stdout","time":4188.638501853,"data":"[Game 830] Range: 2-8 | Median/Mean: 4.0 / 3.694 | Fail: 0.361%\n"}
,{"stream_name":"stdout","time":4230.137203512,"data":"[Game 840] Range: 2-8 | Median/Mean: 4.0 / 3.698 | Fail: 0.357%\n"}
,{"stream_name":"stdout","time":4268.310095081,"data":"[Game 850] Range: 2-8 | Median/Mean: 4.0 / 3.699 | Fail: 0.353%\n"}
,{"stream_name":"stdout","time":4326.677945266,"data":"[Game 860] Range: 2-8 | Median/Mean: 4.0 / 3.705 | Fail: 0.465%\n"}
,{"stream_name":"stdout","time":4393.078191471,"data":"[Game 870] Range: 2-8 | Median/Mean: 4.0 / 3.705 | Fail: 0.460%\n"}
,{"stream_name":"stdout","time":4437.455266926,"data":"[Game 880] Range: 2-8 | Median/Mean: 4.0 / 3.709 | Fail: 0.455%\n"}
,{"stream_name":"stdout","time":4486.065761385,"data":"[Game 890] Range: 2-8 | Median/Mean: 4.0 / 3.712 | Fail: 0.449%\n"}
,{"stream_name":"stdout","time":4532.472493734,"data":"[Game 900] Range: 2-8 | Median/Mean: 4.0 / 3.713 | Fail: 0.444%\n"}
,{"stream_name":"stdout","time":4574.385297672,"data":"[Game 910] Range: 2-8 | Median/Mean: 4.0 / 3.716 | Fail: 0.549%\n"}
,{"stream_name":"stdout","time":4632.285036521,"data":"[Game 920] Range: 2-8 | Median/Mean: 4.0 / 3.717 | Fail: 0.543%\n"}
,{"stream_name":"stdout","time":4689.379805667,"data":"[Game 930] Range: 2-8 | Median/Mean: 4.0 / 3.723 | Fail: 0.538%\n"}
,{"stream_name":"stdout","time":4734.091368752,"data":"[Game 940] Range: 2-8 | Median/Mean: 4.0 / 3.721 | Fail: 0.532%\n"}
,{"stream_name":"stdout","time":4801.589247747,"data":"[Game 950] Range: 2-8 | Median/Mean: 4.0 / 3.719 | Fail: 0.526%\n"}
,{"stream_name":"stdout","time":4830.306283138,"data":"[Game 960] Range: 2-8 | Median/Mean: 4.0 / 3.715 | Fail: 0.521%\n"}
,{"stream_name":"stdout","time":4877.131138073,"data":"[Game 970] Range: 2-8 | Median/Mean: 4.0 / 3.714 | Fail: 0.515%\n"}
,{"stream_name":"stdout","time":4930.160925404,"data":"[Game 980] Range: 2-8 | Median/Mean: 4.0 / 3.717 | Fail: 0.510%\n"}
,{"stream_name":"stdout","time":4972.909032098,"data":"[Game 990] Range: 2-8 | Median/Mean: 4.0 / 3.716 | Fail: 0.505%\n"}
,{"stream_name":"stdout","time":5005.779207405,"data":"[Game 1000] Range: 2-8 | Median/Mean: 4.0 / 3.720 | Fail: 0.500%\n"}
,{"stream_name":"stdout","time":5053.901254041,"data":"[Game 1010] Range: 2-8 | Median/Mean: 4.0 / 3.719 | Fail: 0.495%\n"}
,{"stream_name":"stdout","time":5102.757313807,"data":"[Game 1020] Range: 2-8 | Median/Mean: 4.0 / 3.720 | Fail: 0.490%\n"}
,{"stream_name":"stdout","time":5153.189323531,"data":"[Game 1030] Range: 2-8 | Median/Mean: 4.0 / 3.723 | Fail: 0.485%\n"}
,{"stream_name":"stdout","time":5193.935544414,"data":"[Game 1040] Range: 2-8 | Median/Mean: 4.0 / 3.723 | Fail: 0.481%\n"}
,{"stream_name":"stdout","time":5245.288290425,"data":"[Game 1050] Range: 2-8 | Median/Mean: 4.0 / 3.724 | Fail: 0.476%\n"}
,{"stream_name":"stdout","time":5314.99646553,"data":"[Game 1060] Range: 2-8 | Median/Mean: 4.0 / 3.728 | Fail: 0.472%\n"}
,{"stream_name":"stdout","time":5345.605268328,"data":"[Game 1070] Range: 2-8 | Median/Mean: 4.0 / 3.725 | Fail: 0.467%\n"}
,{"stream_name":"stdout","time":5396.297637111,"data":"[Game 1080] Range: 2-8 | Median/Mean: 4.0 / 3.721 | Fail: 0.463%\n"}
,{"stream_name":"stdout","time":5458.564199189,"data":"[Game 1090] Range: 2-8 | Median/Mean: 4.0 / 3.729 | Fail: 0.550%\n"}
,{"stream_name":"stdout","time":5523.452421392,"data":"[Game 1100] Range: 2-8 | Median/Mean: 4.0 / 3.733 | Fail: 0.636%\n"}
,{"stream_name":"stdout","time":5568.888289884,"data":"[Game 1110] Range: 2-8 | Median/Mean: 4.0 / 3.733 | Fail: 0.631%\n"}
,{"stream_name":"stdout","time":5619.307870095,"data":"[Game 1120] Range: 2-8 | Median/Mean: 4.0 / 3.731 | Fail: 0.625%\n"}
,{"stream_name":"stdout","time":5674.425402819,"data":"[Game 1130] Range: 2-8 | Median/Mean: 4.0 / 3.732 | Fail: 0.619%\n"}
,{"stream_name":"stdout","time":5726.507510265,"data":"[Game 1140] Range: 2-8 | Median/Mean: 4.0 / 3.734 | Fail: 0.702%\n"}
,{"stream_name":"stdout","time":5760.513584562,"data":"[Game 1150] Range: 2-8 | Median/Mean: 4.0 / 3.737 | Fail: 0.696%\n"}
,{"stream_name":"stdout","time":5818.386882521,"data":"[Game 1160] Range: 2-8 | Median/Mean: 4.0 / 3.738 | Fail: 0.690%\n"}
,{"stream_name":"stdout","time":5871.542307059,"data":"[Game 1170] Range: 2-8 | Median/Mean: 4.0 / 3.741 | Fail: 0.684%\n"}
,{"stream_name":"stdout","time":5924.948347848,"data":"[Game 1180] Range: 2-8 | Median/Mean: 4.0 / 3.741 | Fail: 0.678%\n"}
,{"stream_name":"stdout","time":5983.143165634,"data":"[Game 1190] Range: 2-8 | Median/Mean: 4.0 / 3.744 | Fail: 0.672%\n"}
,{"stream_name":"stdout","time":6029.783761654,"data":"[Game 1200] Range: 2-8 | Median/Mean: 4.0 / 3.741 | Fail: 0.667%\n"}
,{"stream_name":"stdout","time":6068.960703358,"data":"[Game 1210] Range: 2-8 | Median/Mean: 4.0 / 3.741 | Fail: 0.661%\n"}
,{"stream_name":"stdout","time":6115.926417366,"data":"[Game 1220] Range: 2-8 | Median/Mean: 4.0 / 3.746 | Fail: 0.656%\n"}
,{"stream_name":"stdout","time":6173.959438255,"data":"[Game 1230] Range: 2-9 | Median/Mean: 4.0 / 3.751 | Fail: 0.732%\n"}
,{"stream_name":"stdout","time":6229.44062629,"data":"[Game 1240] Range: 2-9 | Median/Mean: 4.0 / 3.752 | Fail: 0.726%\n"}
,{"stream_name":"stdout","time":6282.106744184,"data":"[Game 1250] Range: 2-9 | Median/Mean: 4.0 / 3.756 | Fail: 0.720%\n"}
,{"stream_name":"stdout","time":6331.295128303,"data":"[Game 1260] Range: 2-9 | Median/Mean: 4.0 / 3.756 | Fail: 0.714%\n"}
,{"stream_name":"stdout","time":6366.141217351,"data":"[Game 1270] Range: 2-9 | Median/Mean: 4.0 / 3.758 | Fail: 0.709%\n"}
,{"stream_name":"stdout","time":6408.304531208,"data":"[Game 1280] Range: 2-9 | Median/Mean: 4.0 / 3.762 | Fail: 0.703%\n"}
,{"stream_name":"stdout","time":6438.054689575,"data":"[Game 1290] Range: 2-9 | Median/Mean: 4.0 / 3.760 | Fail: 0.698%\n"}
,{"stream_name":"stdout","time":6473.683067849,"data":"[Game 1300] Range: 2-9 | Median/Mean: 4.0 / 3.759 | Fail: 0.692%\n"}
,{"stream_name":"stdout","time":6514.520267734,"data":"[Game 1310] Range: 2-9 | Median/Mean: 4.0 / 3.759 | Fail: 0.687%\n"}
,{"stream_name":"stdout","time":6572.032348069,"data":"[Game 1320] Range: 2-9 | Median/Mean: 4.0 / 3.759 | Fail: 0.682%\n"}
,{"stream_name":"stdout","time":6636.024637236,"data":"[Game 1330] Range: 2-9 | Median/Mean: 4.0 / 3.760 | Fail: 0.677%\n"}
,{"stream_name":"stdout","time":6697.022828631,"data":"[Game 1340] Range: 2-9 | Median/Mean: 4.0 / 3.765 | Fail: 0.672%\n"}
,{"stream_name":"stdout","time":6736.394428397,"data":"[Game 1350] Range: 2-9 | Median/Mean: 4.0 / 3.764 | Fail: 0.667%\n"}
,{"stream_name":"stdout","time":6795.049589768,"data":"[Game 1360] Range: 2-9 | Median/Mean: 4.0 / 3.766 | Fail: 0.662%\n"}
,{"stream_name":"stdout","time":6849.191859363,"data":"[Game 1370] Range: 2-9 | Median/Mean: 4.0 / 3.769 | Fail: 0.657%\n"}
,{"stream_name":"stdout","time":6908.118790963,"data":"[Game 1380] Range: 2-9 | Median/Mean: 4.0 / 3.772 | Fail: 0.652%\n"}
,{"stream_name":"stdout","time":6947.960548688,"data":"[Game 1390] Range: 2-9 | Median/Mean: 4.0 / 3.771 | Fail: 0.647%\n"}
,{"stream_name":"stdout","time":6989.418306643,"data":"[Game 1400] Range: 2-9 | Median/Mean: 4.0 / 3.773 | Fail: 0.643%\n"}
,{"stream_name":"stdout","time":7043.011901539,"data":"[Game 1410] Range: 2-9 | Median/Mean: 4.0 / 3.777 | Fail: 0.638%\n"}
,{"stream_name":"stdout","time":7095.026182517,"data":"[Game 1420] Range: 2-9 | Median/Mean: 4.0 / 3.777 | Fail: 0.634%\n"}
,{"stream_name":"stdout","time":7129.500013941,"data":"[Game 1430] Range: 2-9 | Median/Mean: 4.0 / 3.776 | Fail: 0.629%\n"}
,{"stream_name":"stdout","time":7178.783237492,"data":"[Game 1440] Range: 2-9 | Median/Mean: 4.0 / 3.781 | Fail: 0.625%\n"}
,{"stream_name":"stdout","time":7235.153360696,"data":"[Game 1450] Range: 2-9 | Median/Mean: 4.0 / 3.788 | Fail: 0.690%\n"}
,{"stream_name":"stdout","time":7282.822443096,"data":"[Game 1460] Range: 2-9 | Median/Mean: 4.0 / 3.788 | Fail: 0.685%\n"}
,{"stream_name":"stdout","time":7325.365126344,"data":"[Game 1470] Range: 2-9 | Median/Mean: 4.0 / 3.790 | Fail: 0.680%\n"}
,{"stream_name":"stdout","time":7378.520266356,"data":"[Game 1480] Range: 2-9 | Median/Mean: 4.0 / 3.793 | Fail: 0.676%\n"}
,{"stream_name":"stdout","time":7438.594747322,"data":"[Game 1490] Range: 2-9 | Median/Mean: 4.0 / 3.793 | Fail: 0.671%\n"}
,{"stream_name":"stdout","time":7486.314813769,"data":"[Game 1500] Range: 2-9 | Median/Mean: 4.0 / 3.793 | Fail: 0.667%\n"}
,{"stream_name":"stdout","time":7536.93274604,"data":"[Game 1510] Range: 2-9 | Median/Mean: 4.0 / 3.790 | Fail: 0.662%\n"}
,{"stream_name":"stdout","time":7579.631330432,"data":"[Game 1520] Range: 2-9 | Median/Mean: 4.0 / 3.791 | Fail: 0.658%\n"}
,{"stream_name":"stdout","time":7647.997786227,"data":"[Game 1530] Range: 2-9 | Median/Mean: 4.0 / 3.793 | Fail: 0.654%\n"}
,{"stream_name":"stdout","time":7705.160384869,"data":"[Game 1540] Range: 2-9 | Median/Mean: 4.0 / 3.795 | Fail: 0.649%\n"}
,{"stream_name":"stdout","time":7749.288534828,"data":"[Game 1550] Range: 2-9 | Median/Mean: 4.0 / 3.796 | Fail: 0.645%\n"}
,{"stream_name":"stdout","time":7785.267886815,"data":"[Game 1560] Range: 2-9 | Median/Mean: 4.0 / 3.796 | Fail: 0.641%\n"}
,{"stream_name":"stdout","time":7840.679883128,"data":"[Game 1570] Range: 2-9 | Median/Mean: 4.0 / 3.795 | Fail: 0.637%\n"}
,{"stream_name":"stdout","time":7889.568379802,"data":"[Game 1580] Range: 2-9 | Median/Mean: 4.0 / 3.795 | Fail: 0.633%\n"}
,{"stream_name":"stdout","time":7943.149690412,"data":"[Game 1590] Range: 2-9 | Median/Mean: 4.0 / 3.796 | Fail: 0.629%\n"}
,{"stream_name":"stdout","time":7981.321059033,"data":"[Game 1600] Range: 2-9 | Median/Mean: 4.0 / 3.796 | Fail: 0.625%\n"}
,{"stream_name":"stdout","time":8040.200431793,"data":"[Game 1610] Range: 2-9 | Median/Mean: 4.0 / 3.798 | Fail: 0.621%\n"}
,{"stream_name":"stdout","time":8093.277842239,"data":"[Game 1620] Range: 2-9 | Median/Mean: 4.0 / 3.801 | Fail: 0.617%\n"}
,{"stream_name":"stdout","time":8146.673292328,"data":"[Game 1630] Range: 2-9 | Median/Mean: 4.0 / 3.801 | Fail: 0.613%\n"}
,{"stream_name":"stdout","time":8191.614220366,"data":"[Game 1640] Range: 2-9 | Median/Mean: 4.0 / 3.800 | Fail: 0.610%\n"}
,{"stream_name":"stdout","time":8250.147300999,"data":"[Game 1650] Range: 2-9 | Median/Mean: 4.0 / 3.803 | Fail: 0.606%\n"}
,{"stream_name":"stdout","time":8296.141494373,"data":"[Game 1660] Range: 2-9 | Median/Mean: 4.0 / 3.808 | Fail: 0.663%\n"}
,{"stream_name":"stdout","time":8349.226225778,"data":"[Game 1670] Range: 2-9 | Median/Mean: 4.0 / 3.808 | Fail: 0.659%\n"}
,{"stream_name":"stdout","time":8411.661724488,"data":"[Game 1680] Range: 2-9 | Median/Mean: 4.0 / 3.812 | Fail: 0.655%\n"}
,{"stream_name":"stdout","time":8462.637423363,"data":"[Game 1690] Range: 2-9 | Median/Mean: 4.0 / 3.812 | Fail: 0.651%\n"}
,{"stream_name":"stdout","time":8512.491528014,"data":"[Game 1700] Range: 2-9 | Median/Mean: 4.0 / 3.814 | Fail: 0.647%\n"}
,{"stream_name":"stdout","time":8560.427900492,"data":"[Game 1710] Range: 2-9 | Median/Mean: 4.0 / 3.816 | Fail: 0.643%\n"}
,{"stream_name":"stdout","time":8612.120808114,"data":"[Game 1720] Range: 2-9 | Median/Mean: 4.0 / 3.815 | Fail: 0.640%\n"}
,{"stream_name":"stdout","time":8674.170095185,"data":"[Game 1730] Range: 2-9 | Median/Mean: 4.0 / 3.817 | Fail: 0.636%\n"}
,{"stream_name":"stdout","time":8715.367309245,"data":"[Game 1740] Range: 2-9 | Median/Mean: 4.0 / 3.817 | Fail: 0.632%\n"}
,{"stream_name":"stdout","time":8765.368105539,"data":"[Game 1750] Range: 2-9 | Median/Mean: 4.0 / 3.817 | Fail: 0.629%\n"}
,{"stream_name":"stdout","time":8826.9796536,"data":"[Game 1760] Range: 2-9 | Median/Mean: 4.0 / 3.817 | Fail: 0.625%\n"}
,{"stream_name":"stdout","time":8883.873589148,"data":"[Game 1770] Range: 2-9 | Median/Mean: 4.0 / 3.816 | Fail: 0.621%\n"}
,{"stream_name":"stdout","time":8941.482633001,"data":"[Game 1780] Range: 2-9 | Median/Mean: 4.0 / 3.816 | Fail: 0.618%\n"}
,{"stream_name":"stdout","time":8991.197786793,"data":"[Game 1790] Range: 2-9 | Median/Mean: 4.0 / 3.816 | Fail: 0.615%\n"}
,{"stream_name":"stdout","time":9022.630081441,"data":"[Game 1800] Range: 2-9 | Median/Mean: 4.0 / 3.816 | Fail: 0.611%\n"}
,{"stream_name":"stdout","time":9064.747721363,"data":"[Game 1810] Range: 2-9 | Median/Mean: 4.0 / 3.819 | Fail: 0.608%\n"}
,{"stream_name":"stdout","time":9121.982818656,"data":"[Game 1820] Range: 2-9 | Median/Mean: 4.0 / 3.821 | Fail: 0.604%\n"}
,{"stream_name":"stdout","time":9190.254445689,"data":"[Game 1830] Range: 2-9 | Median/Mean: 4.0 / 3.824 | Fail: 0.601%\n"}
,{"stream_name":"stdout","time":9240.64159143,"data":"[Game 1840] Range: 2-9 | Median/Mean: 4.0 / 3.825 | Fail: 0.598%\n"}
,{"stream_name":"stdout","time":9271.392207738,"data":"[Game 1850] Range: 2-9 | Median/Mean: 4.0 / 3.828 | Fail: 0.595%\n"}
,{"stream_name":"stdout","time":9314.193239,"data":"[Game 1860] Range: 2-9 | Median/Mean: 4.0 / 3.826 | Fail: 0.591%\n"}
,{"stream_name":"stdout","time":9349.650291673,"data":"[Game 1870] Range: 2-9 | Median/Mean: 4.0 / 3.828 | Fail: 0.588%\n"}
,{"stream_name":"stdout","time":9385.847812722,"data":"[Game 1880] Range: 2-9 | Median/Mean: 4.0 / 3.831 | Fail: 0.638%\n"}
,{"stream_name":"stdout","time":9447.212105121,"data":"[Game 1890] Range: 2-9 | Median/Mean: 4.0 / 3.832 | Fail: 0.635%\n"}
,{"stream_name":"stdout","time":9511.814569553,"data":"[Game 1900] Range: 2-9 | Median/Mean: 4.0 / 3.835 | Fail: 0.632%\n"}
,{"stream_name":"stdout","time":9564.739278184,"data":"[Game 1910] Range: 2-9 | Median/Mean: 4.0 / 3.839 | Fail: 0.681%\n"}
,{"stream_name":"stdout","time":9609.248474192,"data":"[Game 1920] Range: 2-9 | Median/Mean: 4.0 / 3.841 | Fail: 0.677%\n"}
,{"stream_name":"stdout","time":9660.710697672,"data":"[Game 1930] Range: 2-9 | Median/Mean: 4.0 / 3.842 | Fail: 0.674%\n"}
,{"stream_name":"stdout","time":9702.331463789,"data":"[Game 1940] Range: 2-9 | Median/Mean: 4.0 / 3.840 | Fail: 0.670%\n"}
,{"stream_name":"stdout","time":9769.117416836,"data":"[Game 1950] Range: 2-9 | Median/Mean: 4.0 / 3.844 | Fail: 0.718%\n"}
,{"stream_name":"stdout","time":9834.25643623,"data":"[Game 1960] Range: 2-9 | Median/Mean: 4.0 / 3.846 | Fail: 0.765%\n"}
,{"stream_name":"stdout","time":9874.178069,"data":"[Game 1970] Range: 2-9 | Median/Mean: 4.0 / 3.849 | Fail: 0.761%\n"}
,{"stream_name":"stdout","time":9922.741176236,"data":"[Game 1980] Range: 2-9 | Median/Mean: 4.0 / 3.849 | Fail: 0.758%\n"}
,{"stream_name":"stdout","time":9955.622922276,"data":"[Game 1990] Range: 2-9 | Median/Mean: 4.0 / 3.850 | Fail: 0.754%\n"}
,{"stream_name":"stdout","time":10004.58803354,"data":"[Game 2000] Range: 2-9 | Median/Mean: 4.0 / 3.852 | Fail: 0.800%\n"}
,{"stream_name":"stdout","time":10066.117481835,"data":"[Game 2010] Range: 2-9 | Median/Mean: 4.0 / 3.853 | Fail: 0.796%\n"}
,{"stream_name":"stdout","time":10113.900848984,"data":"[Game 2020] Range: 2-9 | Median/Mean: 4.0 / 3.856 | Fail: 0.792%\n"}
,{"stream_name":"stdout","time":10155.634396165,"data":"[Game 2030] Range: 2-9 | Median/Mean: 4.0 / 3.855 | Fail: 0.788%\n"}
,{"stream_name":"stdout","time":10197.594446267,"data":"[Game 2040] Range: 2-9 | Median/Mean: 4.0 / 3.855 | Fail: 0.784%\n"}
,{"stream_name":"stdout","time":10252.023915058,"data":"[Game 2050] Range: 2-9 | Median/Mean: 4.0 / 3.856 | Fail: 0.780%\n"}
,{"stream_name":"stdout","time":10293.698142135,"data":"[Game 2060] Range: 2-9 | Median/Mean: 4.0 / 3.855 | Fail: 0.777%\n"}
,{"stream_name":"stdout","time":10348.255164048,"data":"[Game 2070] Range: 2-9 | Median/Mean: 4.0 / 3.859 | Fail: 0.821%\n"}
,{"stream_name":"stdout","time":10410.496507261,"data":"[Game 2080] Range: 2-9 | Median/Mean: 4.0 / 3.859 | Fail: 0.817%\n"}
,{"stream_name":"stdout","time":10468.942989228,"data":"[Game 2090] Range: 2-9 | Median/Mean: 4.0 / 3.858 | Fail: 0.813%\n"}
,{"stream_name":"stdout","time":10519.509936088,"data":"[Game 2100] Range: 2-9 | Median/Mean: 4.0 / 3.861 | Fail: 0.905%\n"}
,{"stream_name":"stdout","time":10563.349905807,"data":"[Game 2110] Range: 2-9 | Median/Mean: 4.0 / 3.861 | Fail: 0.900%\n"}
,{"stream_name":"stdout","time":10625.175862635,"data":"[Game 2120] Range: 2-9 | Median/Mean: 4.0 / 3.861 | Fail: 0.896%\n"}
,{"stream_name":"stdout","time":10681.652579376,"data":"[Game 2130] Range: 2-9 | Median/Mean: 4.0 / 3.862 | Fail: 0.892%\n"}
,{"stream_name":"stdout","time":10749.74799135,"data":"[Game 2140] Range: 2-9 | Median/Mean: 4.0 / 3.867 | Fail: 0.888%\n"}
,{"stream_name":"stdout","time":10807.60226871,"data":"[Game 2150] Range: 2-9 | Median/Mean: 4.0 / 3.870 | Fail: 0.884%\n"}
,{"stream_name":"stdout","time":10874.045287448,"data":"[Game 2160] Range: 2-9 | Median/Mean: 4.0 / 3.872 | Fail: 0.880%\n"}
,{"stream_name":"stdout","time":10915.386514212,"data":"[Game 2170] Range: 2-9 | Median/Mean: 4.0 / 3.873 | Fail: 0.922%\n"}
,{"stream_name":"stdout","time":10960.495755124,"data":"[Game 2180] Range: 2-9 | Median/Mean: 4.0 / 3.874 | Fail: 0.917%\n"}
,{"stream_name":"stdout","time":11006.247603689,"data":"[Game 2190] Range: 2-9 | Median/Mean: 4.0 / 3.876 | Fail: 0.913%\n"}
,{"stream_name":"stdout","time":11055.001676249,"data":"[Game 2200] Range: 2-9 | Median/Mean: 4.0 / 3.877 | Fail: 0.909%\n"}
,{"stream_name":"stdout","time":11105.655936562,"data":"[Game 2210] Range: 2-9 | Median/Mean: 4.0 / 3.878 | Fail: 0.950%\n"}
,{"stream_name":"stdout","time":11163.049650666,"data":"[Game 2220] Range: 2-9 | Median/Mean: 4.0 / 3.880 | Fail: 0.946%\n"}
,{"stream_name":"stdout","time":11216.36391779,"data":"[Game 2230] Range: 2-9 | Median/Mean: 4.0 / 3.882 | Fail: 0.987%\n"}
,{"stream_name":"stdout","time":11254.943257145,"data":"[Game 2240] Range: 2-9 | Median/Mean: 4.0 / 3.882 | Fail: 0.982%\n"}
,{"stream_name":"stdout","time":11308.757768895,"data":"[Game 2250] Range: 2-9 | Median/Mean: 4.0 / 3.886 | Fail: 1.022%\n"}
,{"stream_name":"stdout","time":11361.066439193,"data":"[Game 2260] Range: 2-9 | Median/Mean: 4.0 / 3.889 | Fail: 1.106%\n"}
,{"stream_name":"stdout","time":11406.619065003,"data":"[Game 2270] Range: 2-9 | Median/Mean: 4.0 / 3.887 | Fail: 1.101%\n"}
,{"stream_name":"stdout","time":11456.044809786,"data":"[Game 2280] Range: 2-9 | Median/Mean: 4.0 / 3.886 | Fail: 1.096%\n"}
,{"stream_name":"stdout","time":11506.457217426,"data":"[Game 2290] Range: 2-9 | Median/Mean: 4.0 / 3.887 | Fail: 1.135%\n"}
,{"stream_name":"stdout","time":11532.914923703,"data":"[Game 2300] Range: 2-9 | Median/Mean: 4.0 / 3.888 | Fail: 1.174%\n"}
,{"stream_name":"stdout","time":11557.079043926,"data":"[Game 2310] Range: 2-9 | Median/Mean: 4.0 / 3.890 | Fail: 1.169%\n"}
,{"stream_name":"stdout","time":11572.832924765,"data":"Summary:\n"}
,{"stream_name":"stdout","time":11572.848347495,"data":"Distribution across steps:\n"}
,{"stream_name":"stdout","time":11572.856742537,"data":"Key Metrics:\n"}
,{"stream_name":"stderr","time":11577.212398752,"data":"/opt/conda/lib/python3.7/site-packages/traitlets/traitlets.py:2567: FutureWarning: --Exporter.preprocessors=[\"remove_papermill_header.RemovePapermillHeader\"] for containers is deprecated in traitlets 5.0. You can pass `--Exporter.preprocessors item` ... multiple times to add items to a list.\n"}
,{"stream_name":"stderr","time":11577.212453785,"data":"  FutureWarning,\n"}
,{"stream_name":"stderr","time":11577.212460668,"data":"[NbConvertApp] Converting notebook __notebook__.ipynb to notebook\n"}
,{"stream_name":"stderr","time":11577.634783281,"data":"[NbConvertApp] Writing 32646 bytes to __notebook__.ipynb\n"}
,{"stream_name":"stderr","time":11580.074629479,"data":"/opt/conda/lib/python3.7/site-packages/traitlets/traitlets.py:2567: FutureWarning: --Exporter.preprocessors=[\"nbconvert.preprocessors.ExtractOutputPreprocessor\"] for containers is deprecated in traitlets 5.0. You can pass `--Exporter.preprocessors item` ... multiple times to add items to a list.\n"}
,{"stream_name":"stderr","time":11580.074684085,"data":"  FutureWarning,\n"}
,{"stream_name":"stderr","time":11580.07469018,"data":"[NbConvertApp] Converting notebook __notebook__.ipynb to html\n"}
,{"stream_name":"stderr","time":11580.71731502,"data":"[NbConvertApp] Writing 306933 bytes to __results__.html\n"}
]