[{"stream_name":"stderr","time":14.041942962,"data":"/opt/conda/lib/python3.7/site-packages/papermill/iorw.py:50: FutureWarning: pyarrow.HadoopFileSystem is deprecated as of 2.0.0, please use pyarrow.fs.HadoopFileSystem instead.\n"}
,{"stream_name":"stderr","time":14.042056161,"data":"  from pyarrow import HadoopFileSystem\n"}
,{"stream_name":"stdout","time":14.900647787,"data":"[ ---------- LARES ----------]\n"}
,{"stream_name":"stdout","time":66.269461794,"data":"[Game 10] Range: 2-5 | Median/Mean: 4.0 / 3.600 | Fail: 0.000%\n"}
,{"stream_name":"stdout","time":120.015660599,"data":"[Game 20] Range: 2-5 | Median/Mean: 4.0 / 3.600 | Fail: 0.000%\n"}
,{"stream_name":"stdout","time":159.699940646,"data":"[Game 30] Range: 2-5 | Median/Mean: 4.0 / 3.600 | Fail: 0.000%\n"}
,{"stream_name":"stdout","time":202.29569951,"data":"[Game 40] Range: 2-5 | Median/Mean: 4.0 / 3.675 | Fail: 0.000%\n"}
,{"stream_name":"stdout","time":264.274814428,"data":"[Game 50] Range: 2-5 | Median/Mean: 4.0 / 3.720 | Fail: 0.000%\n"}
,{"stream_name":"stdout","time":303.593051262,"data":"[Game 60] Range: 2-5 | Median/Mean: 4.0 / 3.667 | Fail: 0.000%\n"}
,{"stream_name":"stdout","time":351.504219059,"data":"[Game 70] Range: 2-6 | Median/Mean: 4.0 / 3.643 | Fail: 0.000%\n"}
,{"stream_name":"stdout","time":398.129199566,"data":"[Game 80] Range: 2-6 | Median/Mean: 4.0 / 3.600 | Fail: 0.000%\n"}
,{"stream_name":"stdout","time":430.38720621,"data":"[Game 90] Range: 2-6 | Median/Mean: 4.0 / 3.589 | Fail: 0.000%\n"}
,{"stream_name":"stdout","time":470.419840737,"data":"[Game 100] Range: 2-6 | Median/Mean: 4.0 / 3.570 | Fail: 0.000%\n"}
,{"stream_name":"stdout","time":512.929837299,"data":"[Game 110] Range: 2-6 | Median/Mean: 4.0 / 3.573 | Fail: 0.000%\n"}
,{"stream_name":"stdout","time":583.452999398,"data":"[Game 120] Range: 2-7 | Median/Mean: 4.0 / 3.617 | Fail: 0.833%\n"}
,{"stream_name":"stdout","time":625.414159798,"data":"[Game 130] Range: 2-7 | Median/Mean: 4.0 / 3.615 | Fail: 0.769%\n"}
,{"stream_name":"stdout","time":681.282476452,"data":"[Game 140] Range: 2-7 | Median/Mean: 4.0 / 3.636 | Fail: 0.714%\n"}
,{"stream_name":"stdout","time":734.744836877,"data":"[Game 150] Range: 2-7 | Median/Mean: 4.0 / 3.653 | Fail: 0.667%\n"}
,{"stream_name":"stdout","time":781.993056405,"data":"[Game 160] Range: 2-7 | Median/Mean: 4.0 / 3.688 | Fail: 0.625%\n"}
,{"stream_name":"stdout","time":821.569749957,"data":"[Game 170] Range: 2-7 | Median/Mean: 4.0 / 3.712 | Fail: 0.588%\n"}
,{"stream_name":"stdout","time":869.048885838,"data":"[Game 180] Range: 2-7 | Median/Mean: 4.0 / 3.706 | Fail: 0.556%\n"}
,{"stream_name":"stdout","time":929.435859837,"data":"[Game 190] Range: 2-7 | Median/Mean: 4.0 / 3.732 | Fail: 0.526%\n"}
,{"stream_name":"stdout","time":971.060225349,"data":"[Game 200] Range: 2-7 | Median/Mean: 4.0 / 3.715 | Fail: 0.500%\n"}
,{"stream_name":"stdout","time":1029.698106055,"data":"[Game 210] Range: 2-7 | Median/Mean: 4.0 / 3.724 | Fail: 0.476%\n"}
,{"stream_name":"stdout","time":1083.764335945,"data":"[Game 220] Range: 2-7 | Median/Mean: 4.0 / 3.695 | Fail: 0.455%\n"}
,{"stream_name":"stdout","time":1125.211051766,"data":"[Game 230] Range: 2-7 | Median/Mean: 4.0 / 3.700 | Fail: 0.435%\n"}
,{"stream_name":"stdout","time":1157.536529663,"data":"[Game 240] Range: 2-7 | Median/Mean: 4.0 / 3.700 | Fail: 0.417%\n"}
,{"stream_name":"stdout","time":1221.844046237,"data":"[Game 250] Range: 2-7 | Median/Mean: 4.0 / 3.700 | Fail: 0.400%\n"}
,{"stream_name":"stdout","time":1282.777314054,"data":"[Game 260] Range: 2-7 | Median/Mean: 4.0 / 3.704 | Fail: 0.385%\n"}
,{"stream_name":"stdout","time":1323.918631683,"data":"[Game 270] Range: 2-7 | Median/Mean: 4.0 / 3.696 | Fail: 0.370%\n"}
,{"stream_name":"stdout","time":1360.191609692,"data":"[Game 280] Range: 2-7 | Median/Mean: 4.0 / 3.693 | Fail: 0.357%\n"}
,{"stream_name":"stdout","time":1411.505190315,"data":"[Game 290] Range: 2-7 | Median/Mean: 4.0 / 3.683 | Fail: 0.345%\n"}
,{"stream_name":"stdout","time":1451.836693121,"data":"[Game 300] Range: 2-7 | Median/Mean: 4.0 / 3.677 | Fail: 0.333%\n"}
,{"stream_name":"stdout","time":1495.314923776,"data":"[Game 310] Range: 2-7 | Median/Mean: 4.0 / 3.681 | Fail: 0.323%\n"}
,{"stream_name":"stdout","time":1548.666699351,"data":"[Game 320] Range: 2-7 | Median/Mean: 4.0 / 3.697 | Fail: 0.312%\n"}
,{"stream_name":"stdout","time":1591.060190492,"data":"[Game 330] Range: 2-7 | Median/Mean: 4.0 / 3.700 | Fail: 0.606%\n"}
,{"stream_name":"stdout","time":1636.402044774,"data":"[Game 340] Range: 2-7 | Median/Mean: 4.0 / 3.688 | Fail: 0.588%\n"}
,{"stream_name":"stdout","time":1680.120954255,"data":"[Game 350] Range: 2-7 | Median/Mean: 4.0 / 3.683 | Fail: 0.571%\n"}
,{"stream_name":"stdout","time":1739.157208495,"data":"[Game 360] Range: 2-7 | Median/Mean: 4.0 / 3.686 | Fail: 0.556%\n"}
,{"stream_name":"stdout","time":1796.191920111,"data":"[Game 370] Range: 2-7 | Median/Mean: 4.0 / 3.684 | Fail: 0.541%\n"}
,{"stream_name":"stdout","time":1844.034198399,"data":"[Game 380] Range: 2-7 | Median/Mean: 4.0 / 3.682 | Fail: 0.526%\n"}
,{"stream_name":"stdout","time":1888.870245649,"data":"[Game 390] Range: 2-7 | Median/Mean: 4.0 / 3.674 | Fail: 0.513%\n"}
,{"stream_name":"stdout","time":1947.256609057,"data":"[Game 400] Range: 2-7 | Median/Mean: 4.0 / 3.685 | Fail: 0.500%\n"}
,{"stream_name":"stdout","time":2000.22745741,"data":"[Game 410] Range: 2-7 | Median/Mean: 4.0 / 3.690 | Fail: 0.488%\n"}
,{"stream_name":"stdout","time":2070.823331777,"data":"[Game 420] Range: 2-7 | Median/Mean: 4.0 / 3.700 | Fail: 0.476%\n"}
,{"stream_name":"stdout","time":2124.091093495,"data":"[Game 430] Range: 2-7 | Median/Mean: 4.0 / 3.698 | Fail: 0.465%\n"}
,{"stream_name":"stdout","time":2175.747451238,"data":"[Game 440] Range: 2-7 | Median/Mean: 4.0 / 3.700 | Fail: 0.455%\n"}
,{"stream_name":"stdout","time":2228.547960338,"data":"[Game 450] Range: 2-7 | Median/Mean: 4.0 / 3.700 | Fail: 0.444%\n"}
,{"stream_name":"stdout","time":2282.566633698,"data":"[Game 460] Range: 2-7 | Median/Mean: 4.0 / 3.711 | Fail: 0.435%\n"}
,{"stream_name":"stdout","time":2342.903452832,"data":"[Game 470] Range: 2-7 | Median/Mean: 4.0 / 3.711 | Fail: 0.426%\n"}
,{"stream_name":"stdout","time":2408.101007964,"data":"[Game 480] Range: 2-7 | Median/Mean: 4.0 / 3.719 | Fail: 0.417%\n"}
,{"stream_name":"stdout","time":2450.832426962,"data":"[Game 490] Range: 2-7 | Median/Mean: 4.0 / 3.718 | Fail: 0.408%\n"}
,{"stream_name":"stdout","time":2504.272847652,"data":"[Game 500] Range: 2-7 | Median/Mean: 4.0 / 3.722 | Fail: 0.400%\n"}
,{"stream_name":"stdout","time":2552.634302682,"data":"[Game 510] Range: 2-7 | Median/Mean: 4.0 / 3.722 | Fail: 0.392%\n"}
,{"stream_name":"stdout","time":2601.45636566,"data":"[Game 520] Range: 2-7 | Median/Mean: 4.0 / 3.727 | Fail: 0.385%\n"}
,{"stream_name":"stdout","time":2648.083797076,"data":"[Game 530] Range: 2-7 | Median/Mean: 4.0 / 3.725 | Fail: 0.377%\n"}
,{"stream_name":"stdout","time":2700.838029942,"data":"[Game 540] Range: 2-7 | Median/Mean: 4.0 / 3.726 | Fail: 0.370%\n"}
,{"stream_name":"stdout","time":2747.324315326,"data":"[Game 550] Range: 2-7 | Median/Mean: 4.0 / 3.727 | Fail: 0.364%\n"}
,{"stream_name":"stdout","time":2801.477036296,"data":"[Game 560] Range: 2-7 | Median/Mean: 4.0 / 3.734 | Fail: 0.357%\n"}
,{"stream_name":"stdout","time":2851.436488955,"data":"[Game 570] Range: 2-7 | Median/Mean: 4.0 / 3.737 | Fail: 0.351%\n"}
,{"stream_name":"stdout","time":2896.887069169,"data":"[Game 580] Range: 2-7 | Median/Mean: 4.0 / 3.731 | Fail: 0.345%\n"}
,{"stream_name":"stdout","time":2962.017522365,"data":"[Game 590] Range: 2-7 | Median/Mean: 4.0 / 3.739 | Fail: 0.339%\n"}
,{"stream_name":"stdout","time":3005.430660074,"data":"[Game 600] Range: 2-7 | Median/Mean: 4.0 / 3.737 | Fail: 0.333%\n"}
,{"stream_name":"stdout","time":3039.339931606,"data":"[Game 610] Range: 2-7 | Median/Mean: 4.0 / 3.734 | Fail: 0.328%\n"}
,{"stream_name":"stdout","time":3069.792047847,"data":"[Game 620] Range: 2-7 | Median/Mean: 4.0 / 3.731 | Fail: 0.323%\n"}
,{"stream_name":"stdout","time":3118.676398789,"data":"[Game 630] Range: 2-7 | Median/Mean: 4.0 / 3.722 | Fail: 0.317%\n"}
,{"stream_name":"stdout","time":3174.212178318,"data":"[Game 640] Range: 2-7 | Median/Mean: 4.0 / 3.723 | Fail: 0.312%\n"}
,{"stream_name":"stdout","time":3230.273066966,"data":"[Game 650] Range: 2-7 | Median/Mean: 4.0 / 3.725 | Fail: 0.308%\n"}
,{"stream_name":"stdout","time":3283.014542998,"data":"[Game 660] Range: 2-7 | Median/Mean: 4.0 / 3.724 | Fail: 0.303%\n"}
,{"stream_name":"stdout","time":3320.191220663,"data":"[Game 670] Range: 2-7 | Median/Mean: 4.0 / 3.721 | Fail: 0.299%\n"}
,{"stream_name":"stdout","time":3364.065060152,"data":"[Game 680] Range: 2-7 | Median/Mean: 4.0 / 3.718 | Fail: 0.294%\n"}
,{"stream_name":"stdout","time":3409.619628086,"data":"[Game 690] Range: 2-7 | Median/Mean: 4.0 / 3.720 | Fail: 0.290%\n"}
,{"stream_name":"stdout","time":3454.262799826,"data":"[Game 700] Range: 2-7 | Median/Mean: 4.0 / 3.726 | Fail: 0.286%\n"}
,{"stream_name":"stdout","time":3498.408599357,"data":"[Game 710] Range: 2-7 | Median/Mean: 4.0 / 3.732 | Fail: 0.282%\n"}
,{"stream_name":"stdout","time":3540.444666765,"data":"[Game 720] Range: 2-7 | Median/Mean: 4.0 / 3.728 | Fail: 0.278%\n"}
,{"stream_name":"stdout","time":3582.898232019,"data":"[Game 730] Range: 2-7 | Median/Mean: 4.0 / 3.732 | Fail: 0.274%\n"}
,{"stream_name":"stdout","time":3631.441061674,"data":"[Game 740] Range: 2-7 | Median/Mean: 4.0 / 3.726 | Fail: 0.270%\n"}
,{"stream_name":"stdout","time":3688.598029331,"data":"[Game 750] Range: 2-7 | Median/Mean: 4.0 / 3.728 | Fail: 0.267%\n"}
,{"stream_name":"stdout","time":3746.473042193,"data":"[Game 760] Range: 2-7 | Median/Mean: 4.0 / 3.728 | Fail: 0.263%\n"}
,{"stream_name":"stdout","time":3812.699859197,"data":"[Game 770] Range: 2-7 | Median/Mean: 4.0 / 3.729 | Fail: 0.260%\n"}
,{"stream_name":"stdout","time":3869.319172546,"data":"[Game 780] Range: 2-7 | Median/Mean: 4.0 / 3.729 | Fail: 0.256%\n"}
,{"stream_name":"stdout","time":3915.406852542,"data":"[Game 790] Range: 2-7 | Median/Mean: 4.0 / 3.725 | Fail: 0.253%\n"}
,{"stream_name":"stdout","time":3963.880374926,"data":"[Game 800] Range: 2-7 | Median/Mean: 4.0 / 3.726 | Fail: 0.250%\n"}
,{"stream_name":"stdout","time":4002.482814732,"data":"[Game 810] Range: 2-7 | Median/Mean: 4.0 / 3.721 | Fail: 0.247%\n"}
,{"stream_name":"stdout","time":4056.81713991,"data":"[Game 820] Range: 2-7 | Median/Mean: 4.0 / 3.717 | Fail: 0.244%\n"}
,{"stream_name":"stdout","time":4115.611352969,"data":"[Game 830] Range: 2-7 | Median/Mean: 4.0 / 3.719 | Fail: 0.241%\n"}
,{"stream_name":"stdout","time":4164.306243321,"data":"[Game 840] Range: 2-7 | Median/Mean: 4.0 / 3.720 | Fail: 0.238%\n"}
,{"stream_name":"stdout","time":4206.51796063,"data":"[Game 850] Range: 2-7 | Median/Mean: 4.0 / 3.720 | Fail: 0.235%\n"}
,{"stream_name":"stdout","time":4260.02345137,"data":"[Game 860] Range: 2-7 | Median/Mean: 4.0 / 3.722 | Fail: 0.233%\n"}
,{"stream_name":"stdout","time":4321.792603746,"data":"[Game 870] Range: 2-7 | Median/Mean: 4.0 / 3.721 | Fail: 0.230%\n"}
,{"stream_name":"stdout","time":4363.433212935,"data":"[Game 880] Range: 2-7 | Median/Mean: 4.0 / 3.723 | Fail: 0.227%\n"}
,{"stream_name":"stdout","time":4409.360385098,"data":"[Game 890] Range: 2-7 | Median/Mean: 4.0 / 3.724 | Fail: 0.225%\n"}
,{"stream_name":"stdout","time":4469.033309151,"data":"[Game 900] Range: 2-7 | Median/Mean: 4.0 / 3.724 | Fail: 0.222%\n"}
,{"stream_name":"stdout","time":4517.287966442,"data":"[Game 910] Range: 2-7 | Median/Mean: 4.0 / 3.724 | Fail: 0.220%\n"}
,{"stream_name":"stdout","time":4568.303407126,"data":"[Game 920] Range: 2-7 | Median/Mean: 4.0 / 3.726 | Fail: 0.217%\n"}
,{"stream_name":"stdout","time":4617.151836917,"data":"[Game 930] Range: 2-7 | Median/Mean: 4.0 / 3.727 | Fail: 0.215%\n"}
,{"stream_name":"stdout","time":4650.677170242,"data":"[Game 940] Range: 2-7 | Median/Mean: 4.0 / 3.728 | Fail: 0.319%\n"}
,{"stream_name":"stdout","time":4705.061470966,"data":"[Game 950] Range: 2-7 | Median/Mean: 4.0 / 3.726 | Fail: 0.316%\n"}
,{"stream_name":"stdout","time":4752.13144837,"data":"[Game 960] Range: 2-7 | Median/Mean: 4.0 / 3.726 | Fail: 0.312%\n"}
,{"stream_name":"stdout","time":4793.552419778,"data":"[Game 970] Range: 2-7 | Median/Mean: 4.0 / 3.726 | Fail: 0.309%\n"}
,{"stream_name":"stdout","time":4848.117607518,"data":"[Game 980] Range: 2-7 | Median/Mean: 4.0 / 3.728 | Fail: 0.306%\n"}
,{"stream_name":"stdout","time":4911.084728215,"data":"[Game 990] Range: 2-7 | Median/Mean: 4.0 / 3.730 | Fail: 0.303%\n"}
,{"stream_name":"stdout","time":4959.395299362,"data":"[Game 1000] Range: 2-7 | Median/Mean: 4.0 / 3.738 | Fail: 0.400%\n"}
,{"stream_name":"stdout","time":5014.51992696,"data":"[Game 1010] Range: 2-7 | Median/Mean: 4.0 / 3.731 | Fail: 0.396%\n"}
,{"stream_name":"stdout","time":5052.579457377,"data":"[Game 1020] Range: 2-7 | Median/Mean: 4.0 / 3.727 | Fail: 0.392%\n"}
,{"stream_name":"stdout","time":5099.771729635,"data":"[Game 1030] Range: 2-7 | Median/Mean: 4.0 / 3.727 | Fail: 0.388%\n"}
,{"stream_name":"stdout","time":5152.637142511,"data":"[Game 1040] Range: 2-7 | Median/Mean: 4.0 / 3.726 | Fail: 0.385%\n"}
,{"stream_name":"stdout","time":5198.612766208,"data":"[Game 1050] Range: 2-7 | Median/Mean: 4.0 / 3.726 | Fail: 0.381%\n"}
,{"stream_name":"stdout","time":5263.981177314,"data":"[Game 1060] Range: 2-7 | Median/Mean: 4.0 / 3.733 | Fail: 0.377%\n"}
,{"stream_name":"stdout","time":5295.888337458,"data":"[Game 1070] Range: 2-7 | Median/Mean: 4.0 / 3.731 | Fail: 0.374%\n"}
,{"stream_name":"stdout","time":5352.793490567,"data":"[Game 1080] Range: 2-7 | Median/Mean: 4.0 / 3.731 | Fail: 0.370%\n"}
,{"stream_name":"stdout","time":5407.562321238,"data":"[Game 1090] Range: 2-8 | Median/Mean: 4.0 / 3.740 | Fail: 0.459%\n"}
,{"stream_name":"stdout","time":5450.075049299,"data":"[Game 1100] Range: 2-8 | Median/Mean: 4.0 / 3.740 | Fail: 0.545%\n"}
,{"stream_name":"stdout","time":5495.806124164,"data":"[Game 1110] Range: 2-8 | Median/Mean: 4.0 / 3.741 | Fail: 0.541%\n"}
,{"stream_name":"stdout","time":5548.247055947,"data":"[Game 1120] Range: 2-8 | Median/Mean: 4.0 / 3.738 | Fail: 0.536%\n"}
,{"stream_name":"stdout","time":5589.400419859,"data":"[Game 1130] Range: 2-8 | Median/Mean: 4.0 / 3.737 | Fail: 0.531%\n"}
,{"stream_name":"stdout","time":5654.727255331,"data":"[Game 1140] Range: 2-8 | Median/Mean: 4.0 / 3.739 | Fail: 0.526%\n"}
,{"stream_name":"stdout","time":5684.37611545,"data":"[Game 1150] Range: 2-8 | Median/Mean: 4.0 / 3.740 | Fail: 0.522%\n"}
,{"stream_name":"stdout","time":5731.49155249,"data":"[Game 1160] Range: 2-8 | Median/Mean: 4.0 / 3.738 | Fail: 0.517%\n"}
,{"stream_name":"stdout","time":5775.140878984,"data":"[Game 1170] Range: 2-8 | Median/Mean: 4.0 / 3.738 | Fail: 0.513%\n"}
,{"stream_name":"stdout","time":5820.617623903,"data":"[Game 1180] Range: 2-8 | Median/Mean: 4.0 / 3.738 | Fail: 0.508%\n"}
,{"stream_name":"stdout","time":5885.64080094,"data":"[Game 1190] Range: 2-8 | Median/Mean: 4.0 / 3.739 | Fail: 0.504%\n"}
,{"stream_name":"stdout","time":5932.296405684,"data":"[Game 1200] Range: 2-8 | Median/Mean: 4.0 / 3.735 | Fail: 0.500%\n"}
,{"stream_name":"stdout","time":5990.66676004,"data":"[Game 1210] Range: 2-8 | Median/Mean: 4.0 / 3.735 | Fail: 0.496%\n"}
,{"stream_name":"stdout","time":6043.741469405,"data":"[Game 1220] Range: 2-8 | Median/Mean: 4.0 / 3.739 | Fail: 0.492%\n"}
,{"stream_name":"stdout","time":6099.525125926,"data":"[Game 1230] Range: 2-8 | Median/Mean: 4.0 / 3.746 | Fail: 0.569%\n"}
,{"stream_name":"stdout","time":6142.002163114,"data":"[Game 1240] Range: 2-8 | Median/Mean: 4.0 / 3.745 | Fail: 0.565%\n"}
,{"stream_name":"stdout","time":6192.737412201,"data":"[Game 1250] Range: 2-8 | Median/Mean: 4.0 / 3.744 | Fail: 0.560%\n"}
,{"stream_name":"stdout","time":6236.694536933,"data":"[Game 1260] Range: 2-8 | Median/Mean: 4.0 / 3.749 | Fail: 0.556%\n"}
,{"stream_name":"stdout","time":6282.578341417,"data":"[Game 1270] Range: 2-8 | Median/Mean: 4.0 / 3.749 | Fail: 0.551%\n"}
,{"stream_name":"stdout","time":6328.043851997,"data":"[Game 1280] Range: 2-8 | Median/Mean: 4.0 / 3.748 | Fail: 0.547%\n"}
,{"stream_name":"stdout","time":6364.673864864,"data":"[Game 1290] Range: 2-8 | Median/Mean: 4.0 / 3.748 | Fail: 0.543%\n"}
,{"stream_name":"stdout","time":6403.893102564,"data":"[Game 1300] Range: 2-8 | Median/Mean: 4.0 / 3.748 | Fail: 0.538%\n"}
,{"stream_name":"stdout","time":6449.474736205,"data":"[Game 1310] Range: 2-8 | Median/Mean: 4.0 / 3.748 | Fail: 0.534%\n"}
,{"stream_name":"stdout","time":6492.891102701,"data":"[Game 1320] Range: 2-8 | Median/Mean: 4.0 / 3.748 | Fail: 0.530%\n"}
,{"stream_name":"stdout","time":6547.972660995,"data":"[Game 1330] Range: 2-8 | Median/Mean: 4.0 / 3.748 | Fail: 0.526%\n"}
,{"stream_name":"stdout","time":6619.612523999,"data":"[Game 1340] Range: 2-8 | Median/Mean: 4.0 / 3.751 | Fail: 0.522%\n"}
,{"stream_name":"stdout","time":6664.774118588,"data":"[Game 1350] Range: 2-8 | Median/Mean: 4.0 / 3.749 | Fail: 0.519%\n"}
,{"stream_name":"stdout","time":6726.772574134,"data":"[Game 1360] Range: 2-8 | Median/Mean: 4.0 / 3.756 | Fail: 0.515%\n"}
,{"stream_name":"stdout","time":6788.917701025,"data":"[Game 1370] Range: 2-8 | Median/Mean: 4.0 / 3.757 | Fail: 0.511%\n"}
,{"stream_name":"stdout","time":6847.387678002,"data":"[Game 1380] Range: 2-8 | Median/Mean: 4.0 / 3.762 | Fail: 0.580%\n"}
,{"stream_name":"stdout","time":6894.577085193,"data":"[Game 1390] Range: 2-8 | Median/Mean: 4.0 / 3.763 | Fail: 0.576%\n"}
,{"stream_name":"stdout","time":6947.330620065,"data":"[Game 1400] Range: 2-8 | Median/Mean: 4.0 / 3.766 | Fail: 0.571%\n"}
,{"stream_name":"stdout","time":6998.72065311,"data":"[Game 1410] Range: 2-8 | Median/Mean: 4.0 / 3.772 | Fail: 0.567%\n"}
,{"stream_name":"stdout","time":7044.64911601,"data":"[Game 1420] Range: 2-8 | Median/Mean: 4.0 / 3.770 | Fail: 0.563%\n"}
,{"stream_name":"stdout","time":7080.682258787,"data":"[Game 1430] Range: 2-8 | Median/Mean: 4.0 / 3.773 | Fail: 0.559%\n"}
,{"stream_name":"stdout","time":7118.467478886,"data":"[Game 1440] Range: 2-8 | Median/Mean: 4.0 / 3.774 | Fail: 0.556%\n"}
,{"stream_name":"stdout","time":7175.466938532,"data":"[Game 1450] Range: 2-8 | Median/Mean: 4.0 / 3.779 | Fail: 0.552%\n"}
,{"stream_name":"stdout","time":7226.132597716,"data":"[Game 1460] Range: 2-8 | Median/Mean: 4.0 / 3.780 | Fail: 0.548%\n"}
,{"stream_name":"stdout","time":7268.578972178,"data":"[Game 1470] Range: 2-8 | Median/Mean: 4.0 / 3.784 | Fail: 0.544%\n"}
,{"stream_name":"stdout","time":7312.538121053,"data":"[Game 1480] Range: 2-8 | Median/Mean: 4.0 / 3.783 | Fail: 0.541%\n"}
,{"stream_name":"stdout","time":7352.990545068,"data":"[Game 1490] Range: 2-8 | Median/Mean: 4.0 / 3.785 | Fail: 0.537%\n"}
,{"stream_name":"stdout","time":7417.097576563,"data":"[Game 1500] Range: 2-8 | Median/Mean: 4.0 / 3.788 | Fail: 0.533%\n"}
,{"stream_name":"stdout","time":7473.440467712,"data":"[Game 1510] Range: 2-8 | Median/Mean: 4.0 / 3.787 | Fail: 0.530%\n"}
,{"stream_name":"stdout","time":7535.325967594,"data":"[Game 1520] Range: 2-8 | Median/Mean: 4.0 / 3.790 | Fail: 0.526%\n"}
,{"stream_name":"stdout","time":7597.376774672,"data":"[Game 1530] Range: 2-8 | Median/Mean: 4.0 / 3.792 | Fail: 0.523%\n"}
,{"stream_name":"stdout","time":7653.569422152,"data":"[Game 1540] Range: 2-8 | Median/Mean: 4.0 / 3.792 | Fail: 0.519%\n"}
,{"stream_name":"stdout","time":7684.462374663,"data":"[Game 1550] Range: 2-8 | Median/Mean: 4.0 / 3.790 | Fail: 0.516%\n"}
,{"stream_name":"stdout","time":7733.768636864,"data":"[Game 1560] Range: 2-8 | Median/Mean: 4.0 / 3.790 | Fail: 0.513%\n"}
,{"stream_name":"stdout","time":7779.431383288,"data":"[Game 1570] Range: 2-8 | Median/Mean: 4.0 / 3.792 | Fail: 0.510%\n"}
,{"stream_name":"stdout","time":7824.379406807,"data":"[Game 1580] Range: 2-8 | Median/Mean: 4.0 / 3.793 | Fail: 0.506%\n"}
,{"stream_name":"stdout","time":7857.455414028,"data":"[Game 1590] Range: 2-8 | Median/Mean: 4.0 / 3.796 | Fail: 0.503%\n"}
,{"stream_name":"stdout","time":7890.437098301,"data":"[Game 1600] Range: 2-8 | Median/Mean: 4.0 / 3.793 | Fail: 0.500%\n"}
,{"stream_name":"stdout","time":7946.816978297,"data":"[Game 1610] Range: 2-8 | Median/Mean: 4.0 / 3.793 | Fail: 0.497%\n"}
,{"stream_name":"stdout","time":7996.971002518,"data":"[Game 1620] Range: 2-8 | Median/Mean: 4.0 / 3.794 | Fail: 0.494%\n"}
,{"stream_name":"stdout","time":8051.462092799,"data":"[Game 1630] Range: 2-8 | Median/Mean: 4.0 / 3.795 | Fail: 0.491%\n"}
,{"stream_name":"stdout","time":8093.251438148,"data":"[Game 1640] Range: 2-8 | Median/Mean: 4.0 / 3.794 | Fail: 0.488%\n"}
,{"stream_name":"stdout","time":8146.002961267,"data":"[Game 1650] Range: 2-8 | Median/Mean: 4.0 / 3.795 | Fail: 0.485%\n"}
,{"stream_name":"stdout","time":8183.630138976,"data":"[Game 1660] Range: 2-8 | Median/Mean: 4.0 / 3.798 | Fail: 0.482%\n"}
,{"stream_name":"stdout","time":8221.781641095,"data":"[Game 1670] Range: 2-8 | Median/Mean: 4.0 / 3.797 | Fail: 0.479%\n"}
,{"stream_name":"stdout","time":8289.662046329,"data":"[Game 1680] Range: 2-8 | Median/Mean: 4.0 / 3.801 | Fail: 0.476%\n"}
,{"stream_name":"stdout","time":8337.436641167,"data":"[Game 1690] Range: 2-8 | Median/Mean: 4.0 / 3.799 | Fail: 0.473%\n"}
,{"stream_name":"stdout","time":8375.476836017,"data":"[Game 1700] Range: 2-8 | Median/Mean: 4.0 / 3.799 | Fail: 0.471%\n"}
,{"stream_name":"stdout","time":8424.135161262,"data":"[Game 1710] Range: 2-8 | Median/Mean: 4.0 / 3.800 | Fail: 0.468%\n"}
,{"stream_name":"stdout","time":8463.948427075,"data":"[Game 1720] Range: 2-8 | Median/Mean: 4.0 / 3.801 | Fail: 0.465%\n"}
,{"stream_name":"stdout","time":8519.772030377,"data":"[Game 1730] Range: 2-8 | Median/Mean: 4.0 / 3.802 | Fail: 0.520%\n"}
,{"stream_name":"stdout","time":8561.42910443,"data":"[Game 1740] Range: 2-8 | Median/Mean: 4.0 / 3.806 | Fail: 0.632%\n"}
,{"stream_name":"stdout","time":8604.542395447,"data":"[Game 1750] Range: 2-8 | Median/Mean: 4.0 / 3.804 | Fail: 0.629%\n"}
,{"stream_name":"stdout","time":8660.049427847,"data":"[Game 1760] Range: 2-8 | Median/Mean: 4.0 / 3.805 | Fail: 0.625%\n"}
,{"stream_name":"stdout","time":8731.133676859,"data":"[Game 1770] Range: 2-8 | Median/Mean: 4.0 / 3.805 | Fail: 0.621%\n"}
,{"stream_name":"stdout","time":8781.709952823,"data":"[Game 1780] Range: 2-8 | Median/Mean: 4.0 / 3.804 | Fail: 0.618%\n"}
,{"stream_name":"stdout","time":8842.597459347,"data":"[Game 1790] Range: 2-8 | Median/Mean: 4.0 / 3.806 | Fail: 0.615%\n"}
,{"stream_name":"stdout","time":8875.058053821,"data":"[Game 1800] Range: 2-8 | Median/Mean: 4.0 / 3.804 | Fail: 0.611%\n"}
,{"stream_name":"stdout","time":8933.281911839,"data":"[Game 1810] Range: 2-8 | Median/Mean: 4.0 / 3.807 | Fail: 0.608%\n"}
,{"stream_name":"stdout","time":8967.728987438,"data":"[Game 1820] Range: 2-8 | Median/Mean: 4.0 / 3.807 | Fail: 0.604%\n"}
,{"stream_name":"stdout","time":9033.172230323,"data":"[Game 1830] Range: 2-8 | Median/Mean: 4.0 / 3.809 | Fail: 0.601%\n"}
,{"stream_name":"stdout","time":9072.09768989,"data":"[Game 1840] Range: 2-8 | Median/Mean: 4.0 / 3.810 | Fail: 0.598%\n"}
,{"stream_name":"stdout","time":9111.690683673,"data":"[Game 1850] Range: 2-8 | Median/Mean: 4.0 / 3.811 | Fail: 0.595%\n"}
,{"stream_name":"stdout","time":9155.359333349,"data":"[Game 1860] Range: 2-8 | Median/Mean: 4.0 / 3.811 | Fail: 0.591%\n"}
,{"stream_name":"stdout","time":9196.349835715,"data":"[Game 1870] Range: 2-8 | Median/Mean: 4.0 / 3.811 | Fail: 0.588%\n"}
,{"stream_name":"stdout","time":9233.190220475,"data":"[Game 1880] Range: 2-8 | Median/Mean: 4.0 / 3.815 | Fail: 0.691%\n"}
,{"stream_name":"stdout","time":9273.523158591,"data":"[Game 1890] Range: 2-8 | Median/Mean: 4.0 / 3.817 | Fail: 0.688%\n"}
,{"stream_name":"stdout","time":9330.729695416,"data":"[Game 1900] Range: 2-8 | Median/Mean: 4.0 / 3.818 | Fail: 0.684%\n"}
,{"stream_name":"stdout","time":9389.521610054,"data":"[Game 1910] Range: 2-8 | Median/Mean: 4.0 / 3.823 | Fail: 0.733%\n"}
,{"stream_name":"stdout","time":9443.963826574,"data":"[Game 1920] Range: 2-8 | Median/Mean: 4.0 / 3.824 | Fail: 0.729%\n"}
,{"stream_name":"stdout","time":9480.414561509,"data":"[Game 1930] Range: 2-8 | Median/Mean: 4.0 / 3.824 | Fail: 0.725%\n"}
,{"stream_name":"stdout","time":9533.731264809,"data":"[Game 1940] Range: 2-8 | Median/Mean: 4.0 / 3.826 | Fail: 0.722%\n"}
,{"stream_name":"stdout","time":9584.717879509,"data":"[Game 1950] Range: 2-8 | Median/Mean: 4.0 / 3.827 | Fail: 0.718%\n"}
,{"stream_name":"stdout","time":9640.409632263,"data":"[Game 1960] Range: 2-8 | Median/Mean: 4.0 / 3.828 | Fail: 0.765%\n"}
,{"stream_name":"stdout","time":9674.920615834,"data":"[Game 1970] Range: 2-8 | Median/Mean: 4.0 / 3.829 | Fail: 0.761%\n"}
,{"stream_name":"stdout","time":9718.122422308,"data":"[Game 1980] Range: 2-8 | Median/Mean: 4.0 / 3.829 | Fail: 0.758%\n"}
,{"stream_name":"stdout","time":9754.265325031,"data":"[Game 1990] Range: 2-8 | Median/Mean: 4.0 / 3.829 | Fail: 0.754%\n"}
,{"stream_name":"stdout","time":9814.798579196,"data":"[Game 2000] Range: 2-8 | Median/Mean: 4.0 / 3.832 | Fail: 0.750%\n"}
,{"stream_name":"stdout","time":9864.347956327,"data":"[Game 2010] Range: 2-8 | Median/Mean: 4.0 / 3.833 | Fail: 0.746%\n"}
,{"stream_name":"stdout","time":9920.815110028,"data":"[Game 2020] Range: 2-8 | Median/Mean: 4.0 / 3.836 | Fail: 0.743%\n"}
,{"stream_name":"stdout","time":9974.988570082,"data":"[Game 2030] Range: 2-8 | Median/Mean: 4.0 / 3.836 | Fail: 0.739%\n"}
,{"stream_name":"stdout","time":10004.684716234,"data":"[Game 2040] Range: 2-8 | Median/Mean: 4.0 / 3.837 | Fail: 0.735%\n"}
,{"stream_name":"stdout","time":10053.761869565,"data":"[Game 2050] Range: 2-8 | Median/Mean: 4.0 / 3.837 | Fail: 0.732%\n"}
,{"stream_name":"stdout","time":10095.149700587,"data":"[Game 2060] Range: 2-8 | Median/Mean: 4.0 / 3.838 | Fail: 0.728%\n"}
,{"stream_name":"stdout","time":10147.065167905,"data":"[Game 2070] Range: 2-8 | Median/Mean: 4.0 / 3.843 | Fail: 0.773%\n"}
,{"stream_name":"stdout","time":10192.026847782,"data":"[Game 2080] Range: 2-8 | Median/Mean: 4.0 / 3.844 | Fail: 0.769%\n"}
,{"stream_name":"stdout","time":10239.045101862,"data":"[Game 2090] Range: 2-8 | Median/Mean: 4.0 / 3.844 | Fail: 0.766%\n"}
,{"stream_name":"stdout","time":10291.487636698,"data":"[Game 2100] Range: 2-8 | Median/Mean: 4.0 / 3.848 | Fail: 0.810%\n"}
,{"stream_name":"stdout","time":10341.085752979,"data":"[Game 2110] Range: 2-8 | Median/Mean: 4.0 / 3.847 | Fail: 0.806%\n"}
,{"stream_name":"stdout","time":10386.875132623,"data":"[Game 2120] Range: 2-8 | Median/Mean: 4.0 / 3.846 | Fail: 0.802%\n"}
,{"stream_name":"stdout","time":10443.501014025,"data":"[Game 2130] Range: 2-8 | Median/Mean: 4.0 / 3.846 | Fail: 0.798%\n"}
,{"stream_name":"stdout","time":10500.117937265,"data":"[Game 2140] Range: 2-8 | Median/Mean: 4.0 / 3.850 | Fail: 0.794%\n"}
,{"stream_name":"stdout","time":10538.687865468,"data":"[Game 2150] Range: 2-8 | Median/Mean: 4.0 / 3.850 | Fail: 0.791%\n"}
,{"stream_name":"stdout","time":10596.566708812,"data":"[Game 2160] Range: 2-8 | Median/Mean: 4.0 / 3.854 | Fail: 0.787%\n"}
,{"stream_name":"stdout","time":10655.039807715,"data":"[Game 2170] Range: 2-8 | Median/Mean: 4.0 / 3.856 | Fail: 0.829%\n"}
,{"stream_name":"stdout","time":10715.467412166,"data":"[Game 2180] Range: 2-8 | Median/Mean: 4.0 / 3.860 | Fail: 0.826%\n"}
,{"stream_name":"stdout","time":10771.484179599,"data":"[Game 2190] Range: 2-8 | Median/Mean: 4.0 / 3.860 | Fail: 0.822%\n"}
,{"stream_name":"stdout","time":10832.40862333,"data":"[Game 2200] Range: 2-8 | Median/Mean: 4.0 / 3.864 | Fail: 0.864%\n"}
,{"stream_name":"stdout","time":10878.497001204,"data":"[Game 2210] Range: 2-8 | Median/Mean: 4.0 / 3.865 | Fail: 0.905%\n"}
,{"stream_name":"stdout","time":10948.282919939,"data":"[Game 2220] Range: 2-8 | Median/Mean: 4.0 / 3.869 | Fail: 0.901%\n"}
,{"stream_name":"stdout","time":10991.213898157,"data":"[Game 2230] Range: 2-8 | Median/Mean: 4.0 / 3.870 | Fail: 0.942%\n"}
,{"stream_name":"stdout","time":11035.893868745,"data":"[Game 2240] Range: 2-8 | Median/Mean: 4.0 / 3.871 | Fail: 0.982%\n"}
,{"stream_name":"stdout","time":11093.937082179,"data":"[Game 2250] Range: 2-8 | Median/Mean: 4.0 / 3.875 | Fail: 0.978%\n"}
,{"stream_name":"stdout","time":11148.326750378,"data":"[Game 2260] Range: 2-8 | Median/Mean: 4.0 / 3.879 | Fail: 1.062%\n"}
,{"stream_name":"stdout","time":11191.62939836,"data":"[Game 2270] Range: 2-8 | Median/Mean: 4.0 / 3.878 | Fail: 1.057%\n"}
,{"stream_name":"stdout","time":11233.664378088,"data":"[Game 2280] Range: 2-8 | Median/Mean: 4.0 / 3.880 | Fail: 1.053%\n"}
,{"stream_name":"stdout","time":11286.302779322,"data":"[Game 2290] Range: 2-8 | Median/Mean: 4.0 / 3.883 | Fail: 1.092%\n"}
,{"stream_name":"stdout","time":11326.135463976,"data":"[Game 2300] Range: 2-8 | Median/Mean: 4.0 / 3.883 | Fail: 1.087%\n"}
,{"stream_name":"stdout","time":11371.277744287,"data":"[Game 2310] Range: 2-8 | Median/Mean: 4.0 / 3.884 | Fail: 1.082%\n"}
,{"stream_name":"stdout","time":11397.387878283,"data":"Summary:\n"}
,{"stream_name":"stdout","time":11397.405273028,"data":"Distribution across steps:\n"}
,{"stream_name":"stdout","time":11397.411933874,"data":"Key Metrics:\n"}
,{"stream_name":"stderr","time":11402.284832221,"data":"/opt/conda/lib/python3.7/site-packages/traitlets/traitlets.py:2567: FutureWarning: --Exporter.preprocessors=[\"remove_papermill_header.RemovePapermillHeader\"] for containers is deprecated in traitlets 5.0. You can pass `--Exporter.preprocessors item` ... multiple times to add items to a list.\n"}
,{"stream_name":"stderr","time":11402.284915439,"data":"  FutureWarning,\n"}
,{"stream_name":"stderr","time":11402.284921646,"data":"[NbConvertApp] Converting notebook __notebook__.ipynb to notebook\n"}
,{"stream_name":"stderr","time":11402.703213993,"data":"[NbConvertApp] Writing 32502 bytes to __notebook__.ipynb\n"}
,{"stream_name":"stderr","time":11405.290881404,"data":"/opt/conda/lib/python3.7/site-packages/traitlets/traitlets.py:2567: FutureWarning: --Exporter.preprocessors=[\"nbconvert.preprocessors.ExtractOutputPreprocessor\"] for containers is deprecated in traitlets 5.0. You can pass `--Exporter.preprocessors item` ... multiple times to add items to a list.\n"}
,{"stream_name":"stderr","time":11405.290979171,"data":"  FutureWarning,\n"}
,{"stream_name":"stderr","time":11405.290988939,"data":"[NbConvertApp] Converting notebook __notebook__.ipynb to html\n"}
,{"stream_name":"stderr","time":11405.939621569,"data":"[NbConvertApp] Writing 306892 bytes to __results__.html\n"}
]