[{"stream_name":"stderr","time":12.426117386,"data":"/opt/conda/lib/python3.7/site-packages/papermill/iorw.py:50: FutureWarning: pyarrow.HadoopFileSystem is deprecated as of 2.0.0, please use pyarrow.fs.HadoopFileSystem instead.\n"}
,{"stream_name":"stderr","time":12.426191193,"data":"  from pyarrow import HadoopFileSystem\n"}
,{"stream_name":"stdout","time":13.236530496,"data":"[ ---------- REAIS ----------]\n"}
,{"stream_name":"stdout","time":53.880634982,"data":"[Game 10] Range: 2-4 | Median/Mean: 3.0 / 3.100 | Fail: 0.000%\n"}
,{"stream_name":"stdout","time":104.037952635,"data":"[Game 20] Range: 2-4 | Median/Mean: 3.0 / 3.250 | Fail: 0.000%\n"}
,{"stream_name":"stdout","time":153.839747519,"data":"[Game 30] Range: 2-4 | Median/Mean: 3.0 / 3.400 | Fail: 0.000%\n"}
,{"stream_name":"stdout","time":209.881295278,"data":"[Game 40] Range: 2-6 | Median/Mean: 4.0 / 3.575 | Fail: 0.000%\n"}
,{"stream_name":"stdout","time":255.984488033,"data":"[Game 50] Range: 2-6 | Median/Mean: 4.0 / 3.600 | Fail: 0.000%\n"}
,{"stream_name":"stdout","time":304.775372541,"data":"[Game 60] Range: 2-6 | Median/Mean: 4.0 / 3.583 | Fail: 0.000%\n"}
,{"stream_name":"stdout","time":342.750903783,"data":"[Game 70] Range: 2-6 | Median/Mean: 4.0 / 3.586 | Fail: 0.000%\n"}
,{"stream_name":"stdout","time":402.924519312,"data":"[Game 80] Range: 2-6 | Median/Mean: 4.0 / 3.587 | Fail: 0.000%\n"}
,{"stream_name":"stdout","time":459.766674683,"data":"[Game 90] Range: 2-6 | Median/Mean: 4.0 / 3.656 | Fail: 0.000%\n"}
,{"stream_name":"stdout","time":514.201436491,"data":"[Game 100] Range: 2-6 | Median/Mean: 4.0 / 3.630 | Fail: 0.000%\n"}
,{"stream_name":"stdout","time":549.924415684,"data":"[Game 110] Range: 2-6 | Median/Mean: 4.0 / 3.636 | Fail: 0.000%\n"}
,{"stream_name":"stdout","time":616.553210753,"data":"[Game 120] Range: 2-6 | Median/Mean: 4.0 / 3.642 | Fail: 0.000%\n"}
,{"stream_name":"stdout","time":684.525765175,"data":"[Game 130] Range: 2-6 | Median/Mean: 4.0 / 3.638 | Fail: 0.000%\n"}
,{"stream_name":"stdout","time":747.372507685,"data":"[Game 140] Range: 2-6 | Median/Mean: 4.0 / 3.643 | Fail: 0.000%\n"}
,{"stream_name":"stdout","time":801.221313213,"data":"[Game 150] Range: 2-6 | Median/Mean: 4.0 / 3.667 | Fail: 0.000%\n"}
,{"stream_name":"stdout","time":839.494787949,"data":"[Game 160] Range: 2-6 | Median/Mean: 4.0 / 3.681 | Fail: 0.000%\n"}
,{"stream_name":"stdout","time":894.059651921,"data":"[Game 170] Range: 2-6 | Median/Mean: 4.0 / 3.694 | Fail: 0.000%\n"}
,{"stream_name":"stdout","time":922.582408644,"data":"[Game 180] Range: 2-6 | Median/Mean: 4.0 / 3.661 | Fail: 0.000%\n"}
,{"stream_name":"stdout","time":967.426280113,"data":"[Game 190] Range: 2-6 | Median/Mean: 4.0 / 3.668 | Fail: 0.000%\n"}
,{"stream_name":"stdout","time":1003.74262163,"data":"[Game 200] Range: 2-6 | Median/Mean: 4.0 / 3.640 | Fail: 0.000%\n"}
,{"stream_name":"stdout","time":1060.698937011,"data":"[Game 210] Range: 2-6 | Median/Mean: 4.0 / 3.667 | Fail: 0.000%\n"}
,{"stream_name":"stdout","time":1102.95619009,"data":"[Game 220] Range: 2-6 | Median/Mean: 4.0 / 3.659 | Fail: 0.000%\n"}
,{"stream_name":"stdout","time":1148.15423519,"data":"[Game 230] Range: 2-6 | Median/Mean: 4.0 / 3.652 | Fail: 0.000%\n"}
,{"stream_name":"stdout","time":1208.963347081,"data":"[Game 240] Range: 2-6 | Median/Mean: 4.0 / 3.663 | Fail: 0.000%\n"}
,{"stream_name":"stdout","time":1273.975033311,"data":"[Game 250] Range: 2-6 | Median/Mean: 4.0 / 3.672 | Fail: 0.000%\n"}
,{"stream_name":"stdout","time":1330.59345191,"data":"[Game 260] Range: 2-6 | Median/Mean: 4.0 / 3.688 | Fail: 0.000%\n"}
,{"stream_name":"stdout","time":1383.306664172,"data":"[Game 270] Range: 2-6 | Median/Mean: 4.0 / 3.681 | Fail: 0.000%\n"}
,{"stream_name":"stdout","time":1424.403566933,"data":"[Game 280] Range: 2-6 | Median/Mean: 4.0 / 3.675 | Fail: 0.000%\n"}
,{"stream_name":"stdout","time":1487.258062605,"data":"[Game 290] Range: 2-6 | Median/Mean: 4.0 / 3.683 | Fail: 0.000%\n"}
,{"stream_name":"stdout","time":1535.173442654,"data":"[Game 300] Range: 2-6 | Median/Mean: 4.0 / 3.683 | Fail: 0.000%\n"}
,{"stream_name":"stdout","time":1575.507533385,"data":"[Game 310] Range: 2-6 | Median/Mean: 4.0 / 3.681 | Fail: 0.000%\n"}
,{"stream_name":"stdout","time":1617.541051297,"data":"[Game 320] Range: 2-6 | Median/Mean: 4.0 / 3.688 | Fail: 0.000%\n"}
,{"stream_name":"stdout","time":1654.591503509,"data":"[Game 330] Range: 2-7 | Median/Mean: 4.0 / 3.694 | Fail: 0.303%\n"}
,{"stream_name":"stdout","time":1699.591488767,"data":"[Game 340] Range: 2-7 | Median/Mean: 4.0 / 3.679 | Fail: 0.294%\n"}
,{"stream_name":"stdout","time":1746.405526015,"data":"[Game 350] Range: 2-7 | Median/Mean: 4.0 / 3.683 | Fail: 0.286%\n"}
,{"stream_name":"stdout","time":1808.259598214,"data":"[Game 360] Range: 2-7 | Median/Mean: 4.0 / 3.694 | Fail: 0.278%\n"}
,{"stream_name":"stdout","time":1868.324214905,"data":"[Game 370] Range: 2-7 | Median/Mean: 4.0 / 3.705 | Fail: 0.270%\n"}
,{"stream_name":"stdout","time":1925.416553464,"data":"[Game 380] Range: 2-7 | Median/Mean: 4.0 / 3.708 | Fail: 0.263%\n"}
,{"stream_name":"stdout","time":1978.164657584,"data":"[Game 390] Range: 2-7 | Median/Mean: 4.0 / 3.715 | Fail: 0.256%\n"}
,{"stream_name":"stdout","time":2028.541753598,"data":"[Game 400] Range: 2-7 | Median/Mean: 4.0 / 3.720 | Fail: 0.250%\n"}
,{"stream_name":"stdout","time":2079.763957424,"data":"[Game 410] Range: 2-7 | Median/Mean: 4.0 / 3.722 | Fail: 0.244%\n"}
,{"stream_name":"stdout","time":2140.913290419,"data":"[Game 420] Range: 2-7 | Median/Mean: 4.0 / 3.719 | Fail: 0.238%\n"}
,{"stream_name":"stdout","time":2191.958796149,"data":"[Game 430] Range: 2-7 | Median/Mean: 4.0 / 3.714 | Fail: 0.233%\n"}
,{"stream_name":"stdout","time":2252.684998451,"data":"[Game 440] Range: 2-7 | Median/Mean: 4.0 / 3.718 | Fail: 0.227%\n"}
,{"stream_name":"stdout","time":2307.387159171,"data":"[Game 450] Range: 2-7 | Median/Mean: 4.0 / 3.716 | Fail: 0.222%\n"}
,{"stream_name":"stdout","time":2358.04738939,"data":"[Game 460] Range: 2-7 | Median/Mean: 4.0 / 3.717 | Fail: 0.217%\n"}
,{"stream_name":"stdout","time":2419.671203048,"data":"[Game 470] Range: 2-7 | Median/Mean: 4.0 / 3.711 | Fail: 0.213%\n"}
,{"stream_name":"stdout","time":2475.775507221,"data":"[Game 480] Range: 2-7 | Median/Mean: 4.0 / 3.706 | Fail: 0.208%\n"}
,{"stream_name":"stdout","time":2509.420010542,"data":"[Game 490] Range: 2-7 | Median/Mean: 4.0 / 3.700 | Fail: 0.204%\n"}
,{"stream_name":"stdout","time":2562.163685971,"data":"[Game 500] Range: 2-7 | Median/Mean: 4.0 / 3.698 | Fail: 0.200%\n"}
,{"stream_name":"stdout","time":2608.539863378,"data":"[Game 510] Range: 2-7 | Median/Mean: 4.0 / 3.696 | Fail: 0.196%\n"}
,{"stream_name":"stdout","time":2665.094473735,"data":"[Game 520] Range: 2-7 | Median/Mean: 4.0 / 3.706 | Fail: 0.192%\n"}
,{"stream_name":"stdout","time":2722.074453063,"data":"[Game 530] Range: 2-7 | Median/Mean: 4.0 / 3.713 | Fail: 0.189%\n"}
,{"stream_name":"stdout","time":2784.43180578,"data":"[Game 540] Range: 2-7 | Median/Mean: 4.0 / 3.724 | Fail: 0.370%\n"}
,{"stream_name":"stdout","time":2843.243819871,"data":"[Game 550] Range: 2-7 | Median/Mean: 4.0 / 3.729 | Fail: 0.364%\n"}
,{"stream_name":"stdout","time":2886.818433186,"data":"[Game 560] Range: 2-7 | Median/Mean: 4.0 / 3.729 | Fail: 0.357%\n"}
,{"stream_name":"stdout","time":2932.13539608,"data":"[Game 570] Range: 2-7 | Median/Mean: 4.0 / 3.732 | Fail: 0.351%\n"}
,{"stream_name":"stdout","time":2982.771094079,"data":"[Game 580] Range: 2-7 | Median/Mean: 4.0 / 3.731 | Fail: 0.345%\n"}
,{"stream_name":"stdout","time":3038.704433143,"data":"[Game 590] Range: 2-7 | Median/Mean: 4.0 / 3.734 | Fail: 0.508%\n"}
,{"stream_name":"stdout","time":3086.950947881,"data":"[Game 600] Range: 2-7 | Median/Mean: 4.0 / 3.732 | Fail: 0.500%\n"}
,{"stream_name":"stdout","time":3135.664915287,"data":"[Game 610] Range: 2-7 | Median/Mean: 4.0 / 3.730 | Fail: 0.492%\n"}
,{"stream_name":"stdout","time":3194.108064047,"data":"[Game 620] Range: 2-7 | Median/Mean: 4.0 / 3.734 | Fail: 0.484%\n"}
,{"stream_name":"stdout","time":3242.707431629,"data":"[Game 630] Range: 2-7 | Median/Mean: 4.0 / 3.737 | Fail: 0.476%\n"}
,{"stream_name":"stdout","time":3292.430161799,"data":"[Game 640] Range: 2-7 | Median/Mean: 4.0 / 3.731 | Fail: 0.469%\n"}
,{"stream_name":"stdout","time":3346.861035081,"data":"[Game 650] Range: 2-7 | Median/Mean: 4.0 / 3.732 | Fail: 0.462%\n"}
,{"stream_name":"stdout","time":3380.387777283,"data":"[Game 660] Range: 2-7 | Median/Mean: 4.0 / 3.733 | Fail: 0.455%\n"}
,{"stream_name":"stdout","time":3447.465958706,"data":"[Game 670] Range: 2-7 | Median/Mean: 4.0 / 3.734 | Fail: 0.448%\n"}
,{"stream_name":"stdout","time":3500.272678978,"data":"[Game 680] Range: 2-7 | Median/Mean: 4.0 / 3.725 | Fail: 0.441%\n"}
,{"stream_name":"stdout","time":3544.680720766,"data":"[Game 690] Range: 2-7 | Median/Mean: 4.0 / 3.726 | Fail: 0.435%\n"}
,{"stream_name":"stdout","time":3598.871093701,"data":"[Game 700] Range: 2-7 | Median/Mean: 4.0 / 3.730 | Fail: 0.429%\n"}
,{"stream_name":"stdout","time":3665.249643811,"data":"[Game 710] Range: 2-7 | Median/Mean: 4.0 / 3.737 | Fail: 0.423%\n"}
,{"stream_name":"stdout","time":3720.475849271,"data":"[Game 720] Range: 2-7 | Median/Mean: 4.0 / 3.733 | Fail: 0.417%\n"}
,{"stream_name":"stdout","time":3768.19872188,"data":"[Game 730] Range: 2-7 | Median/Mean: 4.0 / 3.732 | Fail: 0.411%\n"}
,{"stream_name":"stdout","time":3825.284869829,"data":"[Game 740] Range: 2-7 | Median/Mean: 4.0 / 3.727 | Fail: 0.405%\n"}
,{"stream_name":"stdout","time":3885.424515912,"data":"[Game 750] Range: 2-7 | Median/Mean: 4.0 / 3.725 | Fail: 0.400%\n"}
,{"stream_name":"stdout","time":3936.525849205,"data":"[Game 760] Range: 2-7 | Median/Mean: 4.0 / 3.729 | Fail: 0.395%\n"}
,{"stream_name":"stdout","time":3986.438106658,"data":"[Game 770] Range: 2-7 | Median/Mean: 4.0 / 3.731 | Fail: 0.390%\n"}
,{"stream_name":"stdout","time":4038.928055072,"data":"[Game 780] Range: 2-7 | Median/Mean: 4.0 / 3.732 | Fail: 0.385%\n"}
,{"stream_name":"stdout","time":4103.602730175,"data":"[Game 790] Range: 2-7 | Median/Mean: 4.0 / 3.735 | Fail: 0.506%\n"}
,{"stream_name":"stdout","time":4165.134804588,"data":"[Game 800] Range: 2-7 | Median/Mean: 4.0 / 3.744 | Fail: 0.500%\n"}
,{"stream_name":"stdout","time":4210.966889502,"data":"[Game 810] Range: 2-7 | Median/Mean: 4.0 / 3.742 | Fail: 0.494%\n"}
,{"stream_name":"stdout","time":4258.301489811,"data":"[Game 820] Range: 2-7 | Median/Mean: 4.0 / 3.737 | Fail: 0.488%\n"}
,{"stream_name":"stdout","time":4308.25959963,"data":"[Game 830] Range: 2-7 | Median/Mean: 4.0 / 3.739 | Fail: 0.482%\n"}
,{"stream_name":"stdout","time":4348.82527383,"data":"[Game 840] Range: 2-7 | Median/Mean: 4.0 / 3.742 | Fail: 0.476%\n"}
,{"stream_name":"stdout","time":4403.713687676,"data":"[Game 850] Range: 2-7 | Median/Mean: 4.0 / 3.744 | Fail: 0.588%\n"}
,{"stream_name":"stdout","time":4452.054681654,"data":"[Game 860] Range: 2-7 | Median/Mean: 4.0 / 3.744 | Fail: 0.581%\n"}
,{"stream_name":"stdout","time":4493.205457501,"data":"[Game 870] Range: 2-7 | Median/Mean: 4.0 / 3.740 | Fail: 0.575%\n"}
,{"stream_name":"stdout","time":4554.345464386,"data":"[Game 880] Range: 2-7 | Median/Mean: 4.0 / 3.747 | Fail: 0.682%\n"}
,{"stream_name":"stdout","time":4592.619714244,"data":"[Game 890] Range: 2-7 | Median/Mean: 4.0 / 3.746 | Fail: 0.674%\n"}
,{"stream_name":"stdout","time":4651.797932297,"data":"[Game 900] Range: 2-7 | Median/Mean: 4.0 / 3.746 | Fail: 0.667%\n"}
,{"stream_name":"stdout","time":4708.747465748,"data":"[Game 910] Range: 2-7 | Median/Mean: 4.0 / 3.747 | Fail: 0.659%\n"}
,{"stream_name":"stdout","time":4750.139030227,"data":"[Game 920] Range: 2-7 | Median/Mean: 4.0 / 3.745 | Fail: 0.652%\n"}
,{"stream_name":"stdout","time":4790.864195793,"data":"[Game 930] Range: 2-7 | Median/Mean: 4.0 / 3.741 | Fail: 0.645%\n"}
,{"stream_name":"stdout","time":4835.602166454,"data":"[Game 940] Range: 2-7 | Median/Mean: 4.0 / 3.744 | Fail: 0.638%\n"}
,{"stream_name":"stdout","time":4889.795423708,"data":"[Game 950] Range: 2-7 | Median/Mean: 4.0 / 3.746 | Fail: 0.632%\n"}
,{"stream_name":"stdout","time":4941.066773391,"data":"[Game 960] Range: 2-7 | Median/Mean: 4.0 / 3.745 | Fail: 0.625%\n"}
,{"stream_name":"stdout","time":4992.991788637,"data":"[Game 970] Range: 2-7 | Median/Mean: 4.0 / 3.744 | Fail: 0.619%\n"}
,{"stream_name":"stdout","time":5054.76718316,"data":"[Game 980] Range: 2-7 | Median/Mean: 4.0 / 3.746 | Fail: 0.612%\n"}
,{"stream_name":"stdout","time":5129.626018235,"data":"[Game 990] Range: 2-7 | Median/Mean: 4.0 / 3.753 | Fail: 0.606%\n"}
,{"stream_name":"stdout","time":5186.867559184,"data":"[Game 1000] Range: 2-7 | Median/Mean: 4.0 / 3.760 | Fail: 0.600%\n"}
,{"stream_name":"stdout","time":5236.434251998,"data":"[Game 1010] Range: 2-7 | Median/Mean: 4.0 / 3.758 | Fail: 0.594%\n"}
,{"stream_name":"stdout","time":5294.260278912,"data":"[Game 1020] Range: 2-7 | Median/Mean: 4.0 / 3.757 | Fail: 0.588%\n"}
,{"stream_name":"stdout","time":5327.407485227,"data":"[Game 1030] Range: 2-7 | Median/Mean: 4.0 / 3.754 | Fail: 0.583%\n"}
,{"stream_name":"stdout","time":5364.177671847,"data":"[Game 1040] Range: 2-7 | Median/Mean: 4.0 / 3.756 | Fail: 0.577%\n"}
,{"stream_name":"stdout","time":5412.121105649,"data":"[Game 1050] Range: 2-7 | Median/Mean: 4.0 / 3.756 | Fail: 0.571%\n"}
,{"stream_name":"stdout","time":5474.051351369,"data":"[Game 1060] Range: 2-7 | Median/Mean: 4.0 / 3.760 | Fail: 0.566%\n"}
,{"stream_name":"stdout","time":5494.72691778,"data":"[Game 1070] Range: 2-7 | Median/Mean: 4.0 / 3.757 | Fail: 0.561%\n"}
,{"stream_name":"stdout","time":5547.766867818,"data":"[Game 1080] Range: 2-7 | Median/Mean: 4.0 / 3.756 | Fail: 0.556%\n"}
,{"stream_name":"stdout","time":5605.559337946,"data":"[Game 1090] Range: 2-7 | Median/Mean: 4.0 / 3.764 | Fail: 0.642%\n"}
,{"stream_name":"stdout","time":5663.990534434,"data":"[Game 1100] Range: 2-7 | Median/Mean: 4.0 / 3.769 | Fail: 0.727%\n"}
,{"stream_name":"stdout","time":5718.352041964,"data":"[Game 1110] Range: 2-7 | Median/Mean: 4.0 / 3.772 | Fail: 0.721%\n"}
,{"stream_name":"stdout","time":5766.363034525,"data":"[Game 1120] Range: 2-7 | Median/Mean: 4.0 / 3.770 | Fail: 0.714%\n"}
,{"stream_name":"stdout","time":5823.158403646,"data":"[Game 1130] Range: 2-7 | Median/Mean: 4.0 / 3.770 | Fail: 0.708%\n"}
,{"stream_name":"stdout","time":5875.313942006,"data":"[Game 1140] Range: 2-7 | Median/Mean: 4.0 / 3.773 | Fail: 0.702%\n"}
,{"stream_name":"stdout","time":5908.701346718,"data":"[Game 1150] Range: 2-7 | Median/Mean: 4.0 / 3.774 | Fail: 0.696%\n"}
,{"stream_name":"stdout","time":5943.138161391,"data":"[Game 1160] Range: 2-7 | Median/Mean: 4.0 / 3.772 | Fail: 0.690%\n"}
,{"stream_name":"stdout","time":6000.019171197,"data":"[Game 1170] Range: 2-7 | Median/Mean: 4.0 / 3.773 | Fail: 0.684%\n"}
,{"stream_name":"stdout","time":6045.717068299,"data":"[Game 1180] Range: 2-7 | Median/Mean: 4.0 / 3.771 | Fail: 0.678%\n"}
,{"stream_name":"stdout","time":6100.369477227,"data":"[Game 1190] Range: 2-7 | Median/Mean: 4.0 / 3.771 | Fail: 0.672%\n"}
,{"stream_name":"stdout","time":6146.84932505,"data":"[Game 1200] Range: 2-7 | Median/Mean: 4.0 / 3.771 | Fail: 0.667%\n"}
,{"stream_name":"stdout","time":6199.649948927,"data":"[Game 1210] Range: 2-7 | Median/Mean: 4.0 / 3.770 | Fail: 0.661%\n"}
,{"stream_name":"stdout","time":6254.620326744,"data":"[Game 1220] Range: 2-7 | Median/Mean: 4.0 / 3.775 | Fail: 0.656%\n"}
,{"stream_name":"stdout","time":6326.375813406,"data":"[Game 1230] Range: 2-8 | Median/Mean: 4.0 / 3.779 | Fail: 0.813%\n"}
,{"stream_name":"stdout","time":6377.416177149,"data":"[Game 1240] Range: 2-8 | Median/Mean: 4.0 / 3.777 | Fail: 0.806%\n"}
,{"stream_name":"stdout","time":6426.914881249,"data":"[Game 1250] Range: 2-8 | Median/Mean: 4.0 / 3.778 | Fail: 0.800%\n"}
,{"stream_name":"stdout","time":6470.314638853,"data":"[Game 1260] Range: 2-8 | Median/Mean: 4.0 / 3.779 | Fail: 0.794%\n"}
,{"stream_name":"stdout","time":6517.143476626,"data":"[Game 1270] Range: 2-8 | Median/Mean: 4.0 / 3.781 | Fail: 0.787%\n"}
,{"stream_name":"stdout","time":6547.073565668,"data":"[Game 1280] Range: 2-8 | Median/Mean: 4.0 / 3.780 | Fail: 0.781%\n"}
,{"stream_name":"stdout","time":6596.6581007,"data":"[Game 1290] Range: 2-8 | Median/Mean: 4.0 / 3.781 | Fail: 0.775%\n"}
,{"stream_name":"stdout","time":6643.701032256,"data":"[Game 1300] Range: 2-8 | Median/Mean: 4.0 / 3.782 | Fail: 0.769%\n"}
,{"stream_name":"stdout","time":6690.371329674,"data":"[Game 1310] Range: 2-8 | Median/Mean: 4.0 / 3.785 | Fail: 0.763%\n"}
,{"stream_name":"stdout","time":6745.152514625,"data":"[Game 1320] Range: 2-8 | Median/Mean: 4.0 / 3.786 | Fail: 0.758%\n"}
,{"stream_name":"stdout","time":6800.469945681,"data":"[Game 1330] Range: 2-8 | Median/Mean: 4.0 / 3.786 | Fail: 0.752%\n"}
,{"stream_name":"stdout","time":6846.489096898,"data":"[Game 1340] Range: 2-8 | Median/Mean: 4.0 / 3.785 | Fail: 0.746%\n"}
,{"stream_name":"stdout","time":6883.29446358,"data":"[Game 1350] Range: 2-8 | Median/Mean: 4.0 / 3.785 | Fail: 0.741%\n"}
,{"stream_name":"stdout","time":6939.922737725,"data":"[Game 1360] Range: 2-8 | Median/Mean: 4.0 / 3.785 | Fail: 0.735%\n"}
,{"stream_name":"stdout","time":6987.506379827,"data":"[Game 1370] Range: 2-8 | Median/Mean: 4.0 / 3.784 | Fail: 0.730%\n"}
,{"stream_name":"stdout","time":7042.614511589,"data":"[Game 1380] Range: 2-8 | Median/Mean: 4.0 / 3.785 | Fail: 0.725%\n"}
,{"stream_name":"stdout","time":7096.025373788,"data":"[Game 1390] Range: 2-8 | Median/Mean: 4.0 / 3.787 | Fail: 0.719%\n"}
,{"stream_name":"stdout","time":7153.294307845,"data":"[Game 1400] Range: 2-8 | Median/Mean: 4.0 / 3.790 | Fail: 0.714%\n"}
,{"stream_name":"stdout","time":7205.776438478,"data":"[Game 1410] Range: 2-8 | Median/Mean: 4.0 / 3.794 | Fail: 0.709%\n"}
,{"stream_name":"stdout","time":7254.866354593,"data":"[Game 1420] Range: 2-8 | Median/Mean: 4.0 / 3.796 | Fail: 0.704%\n"}
,{"stream_name":"stdout","time":7297.187627478,"data":"[Game 1430] Range: 2-8 | Median/Mean: 4.0 / 3.799 | Fail: 0.699%\n"}
,{"stream_name":"stdout","time":7358.807070283,"data":"[Game 1440] Range: 2-8 | Median/Mean: 4.0 / 3.803 | Fail: 0.764%\n"}
,{"stream_name":"stdout","time":7403.93978328,"data":"[Game 1450] Range: 2-8 | Median/Mean: 4.0 / 3.809 | Fail: 0.828%\n"}
,{"stream_name":"stdout","time":7458.47167482,"data":"[Game 1460] Range: 2-8 | Median/Mean: 4.0 / 3.808 | Fail: 0.822%\n"}
,{"stream_name":"stdout","time":7496.87776221,"data":"[Game 1470] Range: 2-8 | Median/Mean: 4.0 / 3.807 | Fail: 0.816%\n"}
,{"stream_name":"stdout","time":7544.491541175,"data":"[Game 1480] Range: 2-8 | Median/Mean: 4.0 / 3.808 | Fail: 0.811%\n"}
,{"stream_name":"stdout","time":7590.685117411,"data":"[Game 1490] Range: 2-8 | Median/Mean: 4.0 / 3.809 | Fail: 0.805%\n"}
,{"stream_name":"stdout","time":7639.118567636,"data":"[Game 1500] Range: 2-8 | Median/Mean: 4.0 / 3.808 | Fail: 0.800%\n"}
,{"stream_name":"stdout","time":7697.830609709,"data":"[Game 1510] Range: 2-8 | Median/Mean: 4.0 / 3.811 | Fail: 0.861%\n"}
,{"stream_name":"stdout","time":7753.76586615,"data":"[Game 1520] Range: 2-8 | Median/Mean: 4.0 / 3.813 | Fail: 0.855%\n"}
,{"stream_name":"stdout","time":7806.33463748,"data":"[Game 1530] Range: 2-8 | Median/Mean: 4.0 / 3.815 | Fail: 0.850%\n"}
,{"stream_name":"stdout","time":7863.545508504,"data":"[Game 1540] Range: 2-8 | Median/Mean: 4.0 / 3.815 | Fail: 0.844%\n"}
,{"stream_name":"stdout","time":7910.383712831,"data":"[Game 1550] Range: 2-8 | Median/Mean: 4.0 / 3.816 | Fail: 0.903%\n"}
,{"stream_name":"stdout","time":7945.499886704,"data":"[Game 1560] Range: 2-8 | Median/Mean: 4.0 / 3.814 | Fail: 0.897%\n"}
,{"stream_name":"stdout","time":7997.307603294,"data":"[Game 1570] Range: 2-8 | Median/Mean: 4.0 / 3.813 | Fail: 0.892%\n"}
,{"stream_name":"stdout","time":8053.156174019,"data":"[Game 1580] Range: 2-8 | Median/Mean: 4.0 / 3.816 | Fail: 0.886%\n"}
,{"stream_name":"stdout","time":8100.811754395,"data":"[Game 1590] Range: 2-8 | Median/Mean: 4.0 / 3.817 | Fail: 0.881%\n"}
,{"stream_name":"stdout","time":8153.932943856,"data":"[Game 1600] Range: 2-8 | Median/Mean: 4.0 / 3.817 | Fail: 0.875%\n"}
,{"stream_name":"stdout","time":8207.47086436,"data":"[Game 1610] Range: 2-8 | Median/Mean: 4.0 / 3.820 | Fail: 0.870%\n"}
,{"stream_name":"stdout","time":8258.215190825,"data":"[Game 1620] Range: 2-8 | Median/Mean: 4.0 / 3.821 | Fail: 0.864%\n"}
,{"stream_name":"stdout","time":8320.177546941,"data":"[Game 1630] Range: 2-8 | Median/Mean: 4.0 / 3.823 | Fail: 0.920%\n"}
,{"stream_name":"stdout","time":8369.077127726,"data":"[Game 1640] Range: 2-8 | Median/Mean: 4.0 / 3.823 | Fail: 0.915%\n"}
,{"stream_name":"stdout","time":8420.801695778,"data":"[Game 1650] Range: 2-8 | Median/Mean: 4.0 / 3.825 | Fail: 0.909%\n"}
,{"stream_name":"stdout","time":8490.236858867,"data":"[Game 1660] Range: 2-8 | Median/Mean: 4.0 / 3.829 | Fail: 0.964%\n"}
,{"stream_name":"stdout","time":8525.7176747,"data":"[Game 1670] Range: 2-8 | Median/Mean: 4.0 / 3.828 | Fail: 0.958%\n"}
,{"stream_name":"stdout","time":8583.620927104,"data":"[Game 1680] Range: 2-8 | Median/Mean: 4.0 / 3.834 | Fail: 0.952%\n"}
,{"stream_name":"stdout","time":8632.039782586,"data":"[Game 1690] Range: 2-8 | Median/Mean: 4.0 / 3.834 | Fail: 0.947%\n"}
,{"stream_name":"stdout","time":8678.5758758,"data":"[Game 1700] Range: 2-8 | Median/Mean: 4.0 / 3.836 | Fail: 0.941%\n"}
,{"stream_name":"stdout","time":8718.131347543,"data":"[Game 1710] Range: 2-8 | Median/Mean: 4.0 / 3.836 | Fail: 0.936%\n"}
,{"stream_name":"stdout","time":8769.768549956,"data":"[Game 1720] Range: 2-8 | Median/Mean: 4.0 / 3.837 | Fail: 0.930%\n"}
,{"stream_name":"stdout","time":8814.602634536,"data":"[Game 1730] Range: 2-8 | Median/Mean: 4.0 / 3.838 | Fail: 0.925%\n"}
,{"stream_name":"stdout","time":8881.871713521,"data":"[Game 1740] Range: 2-8 | Median/Mean: 4.0 / 3.843 | Fail: 1.034%\n"}
,{"stream_name":"stdout","time":8917.314461011,"data":"[Game 1750] Range: 2-8 | Median/Mean: 4.0 / 3.843 | Fail: 1.029%\n"}
,{"stream_name":"stdout","time":8976.681872971,"data":"[Game 1760] Range: 2-8 | Median/Mean: 4.0 / 3.845 | Fail: 1.023%\n"}
,{"stream_name":"stdout","time":9032.281587758,"data":"[Game 1770] Range: 2-8 | Median/Mean: 4.0 / 3.844 | Fail: 1.017%\n"}
,{"stream_name":"stdout","time":9095.24617463,"data":"[Game 1780] Range: 2-8 | Median/Mean: 4.0 / 3.846 | Fail: 1.011%\n"}
,{"stream_name":"stdout","time":9133.46712912,"data":"[Game 1790] Range: 2-8 | Median/Mean: 4.0 / 3.847 | Fail: 1.006%\n"}
,{"stream_name":"stdout","time":9165.006820694,"data":"[Game 1800] Range: 2-8 | Median/Mean: 4.0 / 3.846 | Fail: 1.000%\n"}
,{"stream_name":"stdout","time":9221.492259771,"data":"[Game 1810] Range: 2-8 | Median/Mean: 4.0 / 3.850 | Fail: 0.994%\n"}
,{"stream_name":"stdout","time":9276.693260156,"data":"[Game 1820] Range: 2-8 | Median/Mean: 4.0 / 3.851 | Fail: 0.989%\n"}
,{"stream_name":"stdout","time":9334.360650969,"data":"[Game 1830] Range: 2-8 | Median/Mean: 4.0 / 3.854 | Fail: 0.984%\n"}
,{"stream_name":"stdout","time":9381.009317845,"data":"[Game 1840] Range: 2-8 | Median/Mean: 4.0 / 3.853 | Fail: 0.978%\n"}
,{"stream_name":"stdout","time":9423.866659242,"data":"[Game 1850] Range: 2-8 | Median/Mean: 4.0 / 3.854 | Fail: 0.973%\n"}
,{"stream_name":"stdout","time":9463.66793131,"data":"[Game 1860] Range: 2-8 | Median/Mean: 4.0 / 3.853 | Fail: 0.968%\n"}
,{"stream_name":"stdout","time":9507.415548799,"data":"[Game 1870] Range: 2-8 | Median/Mean: 4.0 / 3.856 | Fail: 0.963%\n"}
,{"stream_name":"stdout","time":9573.014817754,"data":"[Game 1880] Range: 2-9 | Median/Mean: 4.0 / 3.861 | Fail: 1.117%\n"}
,{"stream_name":"stdout","time":9620.27176894,"data":"[Game 1890] Range: 2-9 | Median/Mean: 4.0 / 3.862 | Fail: 1.111%\n"}
,{"stream_name":"stdout","time":9673.818318344,"data":"[Game 1900] Range: 2-9 | Median/Mean: 4.0 / 3.864 | Fail: 1.158%\n"}
,{"stream_name":"stdout","time":9732.362985163,"data":"[Game 1910] Range: 2-9 | Median/Mean: 4.0 / 3.868 | Fail: 1.204%\n"}
,{"stream_name":"stdout","time":9786.894688091,"data":"[Game 1920] Range: 2-9 | Median/Mean: 4.0 / 3.870 | Fail: 1.198%\n"}
,{"stream_name":"stdout","time":9830.056742068,"data":"[Game 1930] Range: 2-9 | Median/Mean: 4.0 / 3.871 | Fail: 1.192%\n"}
,{"stream_name":"stdout","time":9883.539073331,"data":"[Game 1940] Range: 2-9 | Median/Mean: 4.0 / 3.874 | Fail: 1.186%\n"}
,{"stream_name":"stdout","time":9934.059154408,"data":"[Game 1950] Range: 2-9 | Median/Mean: 4.0 / 3.872 | Fail: 1.179%\n"}
,{"stream_name":"stdout","time":9991.230314917,"data":"[Game 1960] Range: 2-9 | Median/Mean: 4.0 / 3.874 | Fail: 1.224%\n"}
,{"stream_name":"stdout","time":10031.969529861,"data":"[Game 1970] Range: 2-9 | Median/Mean: 4.0 / 3.874 | Fail: 1.218%\n"}
,{"stream_name":"stdout","time":10077.597953443,"data":"[Game 1980] Range: 2-9 | Median/Mean: 4.0 / 3.875 | Fail: 1.212%\n"}
,{"stream_name":"stdout","time":10129.923935694,"data":"[Game 1990] Range: 2-9 | Median/Mean: 4.0 / 3.876 | Fail: 1.206%\n"}
,{"stream_name":"stdout","time":10180.105845624,"data":"[Game 2000] Range: 2-9 | Median/Mean: 4.0 / 3.877 | Fail: 1.200%\n"}
,{"stream_name":"stdout","time":10231.922598116,"data":"[Game 2010] Range: 2-9 | Median/Mean: 4.0 / 3.879 | Fail: 1.194%\n"}
,{"stream_name":"stdout","time":10284.33236732,"data":"[Game 2020] Range: 2-9 | Median/Mean: 4.0 / 3.882 | Fail: 1.238%\n"}
,{"stream_name":"stdout","time":10329.185513861,"data":"[Game 2030] Range: 2-9 | Median/Mean: 4.0 / 3.881 | Fail: 1.232%\n"}
,{"stream_name":"stdout","time":10390.040726072,"data":"[Game 2040] Range: 2-9 | Median/Mean: 4.0 / 3.884 | Fail: 1.225%\n"}
,{"stream_name":"stdout","time":10445.011555838,"data":"[Game 2050] Range: 2-9 | Median/Mean: 4.0 / 3.886 | Fail: 1.220%\n"}
,{"stream_name":"stdout","time":10487.424430555,"data":"[Game 2060] Range: 2-9 | Median/Mean: 4.0 / 3.886 | Fail: 1.214%\n"}
,{"stream_name":"stdout","time":10544.230182666,"data":"[Game 2070] Range: 2-9 | Median/Mean: 4.0 / 3.893 | Fail: 1.353%\n"}
,{"stream_name":"stdout","time":10588.484646698,"data":"[Game 2080] Range: 2-9 | Median/Mean: 4.0 / 3.893 | Fail: 1.346%\n"}
,{"stream_name":"stdout","time":10627.133840847,"data":"[Game 2090] Range: 2-9 | Median/Mean: 4.0 / 3.892 | Fail: 1.340%\n"}
,{"stream_name":"stdout","time":10683.091902009,"data":"[Game 2100] Range: 2-9 | Median/Mean: 4.0 / 3.896 | Fail: 1.381%\n"}
,{"stream_name":"stdout","time":10734.57830164,"data":"[Game 2110] Range: 2-9 | Median/Mean: 4.0 / 3.894 | Fail: 1.374%\n"}
,{"stream_name":"stdout","time":10785.646436968,"data":"[Game 2120] Range: 2-9 | Median/Mean: 4.0 / 3.896 | Fail: 1.368%\n"}
,{"stream_name":"stdout","time":10845.273792974,"data":"[Game 2130] Range: 2-9 | Median/Mean: 4.0 / 3.898 | Fail: 1.362%\n"}
,{"stream_name":"stdout","time":10904.113524313,"data":"[Game 2140] Range: 2-9 | Median/Mean: 4.0 / 3.899 | Fail: 1.355%\n"}
,{"stream_name":"stdout","time":10957.594660874,"data":"[Game 2150] Range: 2-9 | Median/Mean: 4.0 / 3.901 | Fail: 1.349%\n"}
,{"stream_name":"stdout","time":11006.170800681,"data":"[Game 2160] Range: 2-9 | Median/Mean: 4.0 / 3.901 | Fail: 1.343%\n"}
,{"stream_name":"stdout","time":11060.660147058,"data":"[Game 2170] Range: 2-9 | Median/Mean: 4.0 / 3.902 | Fail: 1.382%\n"}
,{"stream_name":"stdout","time":11120.462361738,"data":"[Game 2180] Range: 2-9 | Median/Mean: 4.0 / 3.904 | Fail: 1.376%\n"}
,{"stream_name":"stdout","time":11168.788996745,"data":"[Game 2190] Range: 2-9 | Median/Mean: 4.0 / 3.905 | Fail: 1.370%\n"}
,{"stream_name":"stdout","time":11207.60319746,"data":"[Game 2200] Range: 2-9 | Median/Mean: 4.0 / 3.906 | Fail: 1.364%\n"}
,{"stream_name":"stdout","time":11256.253328204,"data":"[Game 2210] Range: 2-9 | Median/Mean: 4.0 / 3.908 | Fail: 1.403%\n"}
,{"stream_name":"stdout","time":11309.184958783,"data":"[Game 2220] Range: 2-9 | Median/Mean: 4.0 / 3.911 | Fail: 1.441%\n"}
,{"stream_name":"stdout","time":11358.668756056,"data":"[Game 2230] Range: 2-9 | Median/Mean: 4.0 / 3.913 | Fail: 1.480%\n"}
,{"stream_name":"stdout","time":11400.434272269,"data":"[Game 2240] Range: 2-9 | Median/Mean: 4.0 / 3.913 | Fail: 1.518%\n"}
,{"stream_name":"stdout","time":11456.375221657,"data":"[Game 2250] Range: 2-9 | Median/Mean: 4.0 / 3.917 | Fail: 1.556%\n"}
,{"stream_name":"stdout","time":11510.937950341,"data":"[Game 2260] Range: 2-9 | Median/Mean: 4.0 / 3.920 | Fail: 1.593%\n"}
,{"stream_name":"stdout","time":11557.822690767,"data":"[Game 2270] Range: 2-9 | Median/Mean: 4.0 / 3.920 | Fail: 1.586%\n"}
,{"stream_name":"stdout","time":11601.824220098,"data":"[Game 2280] Range: 2-9 | Median/Mean: 4.0 / 3.922 | Fail: 1.579%\n"}
,{"stream_name":"stdout","time":11650.833320892,"data":"[Game 2290] Range: 2-9 | Median/Mean: 4.0 / 3.925 | Fail: 1.659%\n"}
,{"stream_name":"stdout","time":11686.43964151,"data":"[Game 2300] Range: 2-9 | Median/Mean: 4.0 / 3.924 | Fail: 1.696%\n"}
,{"stream_name":"stdout","time":11721.802358645,"data":"[Game 2310] Range: 2-9 | Median/Mean: 4.0 / 3.922 | Fail: 1.688%\n"}
,{"stream_name":"stdout","time":11736.160749737,"data":"Summary:\n"}
,{"stream_name":"stdout","time":11736.176589391,"data":"Distribution across steps:\n"}
,{"stream_name":"stdout","time":11736.181451219,"data":"Key Metrics:\n"}
,{"stream_name":"stderr","time":11740.756041894,"data":"/opt/conda/lib/python3.7/site-packages/traitlets/traitlets.py:2567: FutureWarning: --Exporter.preprocessors=[\"remove_papermill_header.RemovePapermillHeader\"] for containers is deprecated in traitlets 5.0. You can pass `--Exporter.preprocessors item` ... multiple times to add items to a list.\n"}
,{"stream_name":"stderr","time":11740.756086997,"data":"  FutureWarning,\n"}
,{"stream_name":"stderr","time":11740.756093202,"data":"[NbConvertApp] Converting notebook __notebook__.ipynb to notebook\n"}
,{"stream_name":"stderr","time":11741.181781961,"data":"[NbConvertApp] Writing 32637 bytes to __notebook__.ipynb\n"}
,{"stream_name":"stderr","time":11743.719589079,"data":"/opt/conda/lib/python3.7/site-packages/traitlets/traitlets.py:2567: FutureWarning: --Exporter.preprocessors=[\"nbconvert.preprocessors.ExtractOutputPreprocessor\"] for containers is deprecated in traitlets 5.0. You can pass `--Exporter.preprocessors item` ... multiple times to add items to a list.\n"}
,{"stream_name":"stderr","time":11743.719647853,"data":"  FutureWarning,\n"}
,{"stream_name":"stderr","time":11743.719654641,"data":"[NbConvertApp] Converting notebook __notebook__.ipynb to html\n"}
,{"stream_name":"stderr","time":11744.349902866,"data":"[NbConvertApp] Writing 306930 bytes to __results__.html\n"}
]