[{"stream_name":"stderr","time":10.659219014,"data":"/opt/conda/lib/python3.7/site-packages/papermill/iorw.py:50: FutureWarning: pyarrow.HadoopFileSystem is deprecated as of 2.0.0, please use pyarrow.fs.HadoopFileSystem instead.\n"}
,{"stream_name":"stderr","time":10.659272334,"data":"  from pyarrow import HadoopFileSystem\n"}
,{"stream_name":"stdout","time":11.316032419999999,"data":"[ ---------- TARES ----------]\n"}
,{"stream_name":"stdout","time":47.82045376,"data":"[Game 10] Range: 2-4 | Median/Mean: 3.0 / 3.200 | Fail: 0.000%\n"}
,{"stream_name":"stdout","time":83.651811869,"data":"[Game 20] Range: 2-5 | Median/Mean: 3.0 / 3.450 | Fail: 0.000%\n"}
,{"stream_name":"stdout","time":107.30910253,"data":"[Game 30] Range: 2-5 | Median/Mean: 3.0 / 3.367 | Fail: 0.000%\n"}
,{"stream_name":"stdout","time":140.317008894,"data":"[Game 40] Range: 2-5 | Median/Mean: 3.0 / 3.475 | Fail: 0.000%\n"}
,{"stream_name":"stdout","time":177.742898072,"data":"[Game 50] Range: 2-5 | Median/Mean: 3.0 / 3.520 | Fail: 0.000%\n"}
,{"stream_name":"stdout","time":211.089012547,"data":"[Game 60] Range: 2-5 | Median/Mean: 3.0 / 3.500 | Fail: 0.000%\n"}
,{"stream_name":"stdout","time":246.861113617,"data":"[Game 70] Range: 2-5 | Median/Mean: 3.0 / 3.471 | Fail: 0.000%\n"}
,{"stream_name":"stdout","time":278.65996518,"data":"[Game 80] Range: 2-5 | Median/Mean: 3.0 / 3.438 | Fail: 0.000%\n"}
,{"stream_name":"stdout","time":308.800769941,"data":"[Game 90] Range: 2-6 | Median/Mean: 3.0 / 3.422 | Fail: 0.000%\n"}
,{"stream_name":"stdout","time":346.479689423,"data":"[Game 100] Range: 2-6 | Median/Mean: 3.0 / 3.430 | Fail: 0.000%\n"}
,{"stream_name":"stdout","time":382.163061154,"data":"[Game 110] Range: 2-6 | Median/Mean: 3.0 / 3.436 | Fail: 0.000%\n"}
,{"stream_name":"stdout","time":432.993711333,"data":"[Game 120] Range: 2-7 | Median/Mean: 3.0 / 3.500 | Fail: 0.833%\n"}
,{"stream_name":"stdout","time":462.189047014,"data":"[Game 130] Range: 2-7 | Median/Mean: 3.0 / 3.500 | Fail: 0.769%\n"}
,{"stream_name":"stdout","time":502.234755337,"data":"[Game 140] Range: 2-7 | Median/Mean: 3.0 / 3.486 | Fail: 0.714%\n"}
,{"stream_name":"stdout","time":540.24966389,"data":"[Game 150] Range: 2-7 | Median/Mean: 3.0 / 3.493 | Fail: 0.667%\n"}
,{"stream_name":"stdout","time":569.411205612,"data":"[Game 160] Range: 2-7 | Median/Mean: 3.0 / 3.519 | Fail: 0.625%\n"}
,{"stream_name":"stdout","time":598.621022193,"data":"[Game 170] Range: 2-7 | Median/Mean: 3.0 / 3.524 | Fail: 0.588%\n"}
,{"stream_name":"stdout","time":625.434046152,"data":"[Game 180] Range: 2-7 | Median/Mean: 3.0 / 3.517 | Fail: 0.556%\n"}
,{"stream_name":"stdout","time":668.975513475,"data":"[Game 190] Range: 2-7 | Median/Mean: 3.0 / 3.547 | Fail: 0.526%\n"}
,{"stream_name":"stdout","time":692.721137624,"data":"[Game 200] Range: 2-7 | Median/Mean: 3.0 / 3.530 | Fail: 0.500%\n"}
,{"stream_name":"stdout","time":722.885851238,"data":"[Game 210] Range: 2-7 | Median/Mean: 3.0 / 3.533 | Fail: 0.476%\n"}
,{"stream_name":"stdout","time":761.382390992,"data":"[Game 220] Range: 2-7 | Median/Mean: 3.0 / 3.518 | Fail: 0.455%\n"}
,{"stream_name":"stdout","time":791.543804056,"data":"[Game 230] Range: 2-7 | Median/Mean: 3.0 / 3.509 | Fail: 0.435%\n"}
,{"stream_name":"stdout","time":838.077158216,"data":"[Game 240] Range: 2-7 | Median/Mean: 3.0 / 3.521 | Fail: 0.417%\n"}
,{"stream_name":"stdout","time":876.468981151,"data":"[Game 250] Range: 2-7 | Median/Mean: 3.0 / 3.516 | Fail: 0.400%\n"}
,{"stream_name":"stdout","time":915.550901535,"data":"[Game 260] Range: 2-7 | Median/Mean: 3.0 / 3.531 | Fail: 0.385%\n"}
,{"stream_name":"stdout","time":940.002350095,"data":"[Game 270] Range: 2-7 | Median/Mean: 3.0 / 3.533 | Fail: 0.370%\n"}
,{"stream_name":"stdout","time":967.010575605,"data":"[Game 280] Range: 2-7 | Median/Mean: 3.0 / 3.525 | Fail: 0.357%\n"}
,{"stream_name":"stdout","time":1006.286602469,"data":"[Game 290] Range: 2-7 | Median/Mean: 3.0 / 3.524 | Fail: 0.345%\n"}
,{"stream_name":"stdout","time":1030.203195207,"data":"[Game 300] Range: 2-7 | Median/Mean: 3.0 / 3.533 | Fail: 0.333%\n"}
,{"stream_name":"stdout","time":1078.694801239,"data":"[Game 310] Range: 2-7 | Median/Mean: 3.0 / 3.548 | Fail: 0.323%\n"}
,{"stream_name":"stdout","time":1116.726583629,"data":"[Game 320] Range: 2-7 | Median/Mean: 3.0 / 3.566 | Fail: 0.312%\n"}
,{"stream_name":"stdout","time":1139.293340168,"data":"[Game 330] Range: 2-7 | Median/Mean: 3.0 / 3.573 | Fail: 0.606%\n"}
,{"stream_name":"stdout","time":1171.475799943,"data":"[Game 340] Range: 2-7 | Median/Mean: 3.0 / 3.574 | Fail: 0.588%\n"}
,{"stream_name":"stdout","time":1202.280223224,"data":"[Game 350] Range: 2-7 | Median/Mean: 3.0 / 3.563 | Fail: 0.571%\n"}
,{"stream_name":"stdout","time":1231.91820941,"data":"[Game 360] Range: 2-7 | Median/Mean: 3.0 / 3.567 | Fail: 0.556%\n"}
,{"stream_name":"stdout","time":1262.295188715,"data":"[Game 370] Range: 2-7 | Median/Mean: 3.0 / 3.562 | Fail: 0.541%\n"}
,{"stream_name":"stdout","time":1295.942246279,"data":"[Game 380] Range: 2-7 | Median/Mean: 3.0 / 3.563 | Fail: 0.526%\n"}
,{"stream_name":"stdout","time":1325.169869478,"data":"[Game 390] Range: 2-7 | Median/Mean: 3.0 / 3.556 | Fail: 0.513%\n"}
,{"stream_name":"stdout","time":1368.643424487,"data":"[Game 400] Range: 2-7 | Median/Mean: 4.0 / 3.567 | Fail: 0.500%\n"}
,{"stream_name":"stdout","time":1412.367283528,"data":"[Game 410] Range: 2-7 | Median/Mean: 4.0 / 3.578 | Fail: 0.488%\n"}
,{"stream_name":"stdout","time":1458.060990888,"data":"[Game 420] Range: 2-7 | Median/Mean: 4.0 / 3.579 | Fail: 0.476%\n"}
,{"stream_name":"stdout","time":1491.381765745,"data":"[Game 430] Range: 2-7 | Median/Mean: 4.0 / 3.593 | Fail: 0.465%\n"}
,{"stream_name":"stdout","time":1531.66664829,"data":"[Game 440] Range: 2-7 | Median/Mean: 4.0 / 3.602 | Fail: 0.455%\n"}
,{"stream_name":"stdout","time":1551.739524486,"data":"[Game 450] Range: 2-7 | Median/Mean: 4.0 / 3.596 | Fail: 0.444%\n"}
,{"stream_name":"stdout","time":1599.907061674,"data":"[Game 460] Range: 2-7 | Median/Mean: 4.0 / 3.609 | Fail: 0.435%\n"}
,{"stream_name":"stdout","time":1627.906154941,"data":"[Game 470] Range: 2-7 | Median/Mean: 4.0 / 3.611 | Fail: 0.426%\n"}
,{"stream_name":"stdout","time":1655.743233445,"data":"[Game 480] Range: 2-7 | Median/Mean: 4.0 / 3.610 | Fail: 0.417%\n"}
,{"stream_name":"stdout","time":1684.145744768,"data":"[Game 490] Range: 2-7 | Median/Mean: 4.0 / 3.610 | Fail: 0.408%\n"}
,{"stream_name":"stdout","time":1716.003686577,"data":"[Game 500] Range: 2-7 | Median/Mean: 4.0 / 3.614 | Fail: 0.400%\n"}
,{"stream_name":"stdout","time":1752.563868795,"data":"[Game 510] Range: 2-7 | Median/Mean: 4.0 / 3.614 | Fail: 0.392%\n"}
,{"stream_name":"stdout","time":1788.270714323,"data":"[Game 520] Range: 2-7 | Median/Mean: 4.0 / 3.613 | Fail: 0.385%\n"}
,{"stream_name":"stdout","time":1827.146540842,"data":"[Game 530] Range: 2-7 | Median/Mean: 4.0 / 3.609 | Fail: 0.377%\n"}
,{"stream_name":"stdout","time":1860.177042226,"data":"[Game 540] Range: 2-7 | Median/Mean: 4.0 / 3.615 | Fail: 0.370%\n"}
,{"stream_name":"stdout","time":1899.819006789,"data":"[Game 550] Range: 2-7 | Median/Mean: 4.0 / 3.615 | Fail: 0.364%\n"}
,{"stream_name":"stdout","time":1942.034194291,"data":"[Game 560] Range: 2-7 | Median/Mean: 4.0 / 3.618 | Fail: 0.357%\n"}
,{"stream_name":"stdout","time":1974.276095352,"data":"[Game 570] Range: 2-7 | Median/Mean: 4.0 / 3.625 | Fail: 0.351%\n"}
,{"stream_name":"stdout","time":2002.97058259,"data":"[Game 580] Range: 2-7 | Median/Mean: 4.0 / 3.621 | Fail: 0.345%\n"}
,{"stream_name":"stdout","time":2050.352647339,"data":"[Game 590] Range: 2-7 | Median/Mean: 4.0 / 3.631 | Fail: 0.339%\n"}
,{"stream_name":"stdout","time":2086.515525305,"data":"[Game 600] Range: 2-7 | Median/Mean: 4.0 / 3.632 | Fail: 0.333%\n"}
,{"stream_name":"stdout","time":2116.109495852,"data":"[Game 610] Range: 2-7 | Median/Mean: 4.0 / 3.625 | Fail: 0.328%\n"}
,{"stream_name":"stdout","time":2151.221941249,"data":"[Game 620] Range: 2-7 | Median/Mean: 4.0 / 3.627 | Fail: 0.323%\n"}
,{"stream_name":"stdout","time":2186.4870572,"data":"[Game 630] Range: 2-7 | Median/Mean: 4.0 / 3.630 | Fail: 0.317%\n"}
,{"stream_name":"stdout","time":2228.424955517,"data":"[Game 640] Range: 2-7 | Median/Mean: 4.0 / 3.630 | Fail: 0.312%\n"}
,{"stream_name":"stdout","time":2273.106359784,"data":"[Game 650] Range: 2-7 | Median/Mean: 4.0 / 3.632 | Fail: 0.308%\n"}
,{"stream_name":"stdout","time":2313.857325679,"data":"[Game 660] Range: 2-7 | Median/Mean: 4.0 / 3.638 | Fail: 0.303%\n"}
,{"stream_name":"stdout","time":2352.950541672,"data":"[Game 670] Range: 2-7 | Median/Mean: 4.0 / 3.637 | Fail: 0.299%\n"}
,{"stream_name":"stdout","time":2390.361765774,"data":"[Game 680] Range: 2-7 | Median/Mean: 4.0 / 3.635 | Fail: 0.294%\n"}
,{"stream_name":"stdout","time":2425.473976058,"data":"[Game 690] Range: 2-7 | Median/Mean: 4.0 / 3.633 | Fail: 0.290%\n"}
,{"stream_name":"stdout","time":2462.152549769,"data":"[Game 700] Range: 2-7 | Median/Mean: 4.0 / 3.639 | Fail: 0.286%\n"}
,{"stream_name":"stdout","time":2490.71835725,"data":"[Game 710] Range: 2-7 | Median/Mean: 4.0 / 3.642 | Fail: 0.282%\n"}
,{"stream_name":"stdout","time":2537.374846578,"data":"[Game 720] Range: 2-7 | Median/Mean: 4.0 / 3.642 | Fail: 0.278%\n"}
,{"stream_name":"stdout","time":2572.596498144,"data":"[Game 730] Range: 2-7 | Median/Mean: 4.0 / 3.648 | Fail: 0.274%\n"}
,{"stream_name":"stdout","time":2611.071785607,"data":"[Game 740] Range: 2-7 | Median/Mean: 4.0 / 3.645 | Fail: 0.270%\n"}
,{"stream_name":"stdout","time":2660.143189869,"data":"[Game 750] Range: 2-7 | Median/Mean: 4.0 / 3.645 | Fail: 0.267%\n"}
,{"stream_name":"stdout","time":2701.478367778,"data":"[Game 760] Range: 2-7 | Median/Mean: 4.0 / 3.649 | Fail: 0.263%\n"}
,{"stream_name":"stdout","time":2752.032636017,"data":"[Game 770] Range: 2-7 | Median/Mean: 4.0 / 3.651 | Fail: 0.260%\n"}
,{"stream_name":"stdout","time":2794.663884308,"data":"[Game 780] Range: 2-7 | Median/Mean: 4.0 / 3.655 | Fail: 0.256%\n"}
,{"stream_name":"stdout","time":2824.141380492,"data":"[Game 790] Range: 2-7 | Median/Mean: 4.0 / 3.657 | Fail: 0.253%\n"}
,{"stream_name":"stdout","time":2870.437076771,"data":"[Game 800] Range: 2-7 | Median/Mean: 4.0 / 3.660 | Fail: 0.250%\n"}
,{"stream_name":"stdout","time":2891.915578924,"data":"[Game 810] Range: 2-7 | Median/Mean: 4.0 / 3.654 | Fail: 0.247%\n"}
,{"stream_name":"stdout","time":2929.147832309,"data":"[Game 820] Range: 2-7 | Median/Mean: 4.0 / 3.651 | Fail: 0.244%\n"}
,{"stream_name":"stdout","time":2966.369430836,"data":"[Game 830] Range: 2-7 | Median/Mean: 4.0 / 3.663 | Fail: 0.241%\n"}
,{"stream_name":"stdout","time":3002.51985973,"data":"[Game 840] Range: 2-7 | Median/Mean: 4.0 / 3.664 | Fail: 0.238%\n"}
,{"stream_name":"stdout","time":3031.083644389,"data":"[Game 850] Range: 2-7 | Median/Mean: 4.0 / 3.665 | Fail: 0.353%\n"}
,{"stream_name":"stdout","time":3075.78868223,"data":"[Game 860] Range: 2-7 | Median/Mean: 4.0 / 3.669 | Fail: 0.465%\n"}
,{"stream_name":"stdout","time":3128.260856071,"data":"[Game 870] Range: 2-7 | Median/Mean: 4.0 / 3.668 | Fail: 0.460%\n"}
,{"stream_name":"stdout","time":3161.54645211,"data":"[Game 880] Range: 2-7 | Median/Mean: 4.0 / 3.669 | Fail: 0.455%\n"}
,{"stream_name":"stdout","time":3197.265319773,"data":"[Game 890] Range: 2-7 | Median/Mean: 4.0 / 3.673 | Fail: 0.449%\n"}
,{"stream_name":"stdout","time":3239.218070403,"data":"[Game 900] Range: 2-7 | Median/Mean: 4.0 / 3.676 | Fail: 0.444%\n"}
,{"stream_name":"stdout","time":3271.41250153,"data":"[Game 910] Range: 2-7 | Median/Mean: 4.0 / 3.677 | Fail: 0.440%\n"}
,{"stream_name":"stdout","time":3314.217553531,"data":"[Game 920] Range: 2-7 | Median/Mean: 4.0 / 3.677 | Fail: 0.435%\n"}
,{"stream_name":"stdout","time":3358.808785785,"data":"[Game 930] Range: 2-7 | Median/Mean: 4.0 / 3.683 | Fail: 0.430%\n"}
,{"stream_name":"stdout","time":3387.664720738,"data":"[Game 940] Range: 2-7 | Median/Mean: 4.0 / 3.682 | Fail: 0.426%\n"}
,{"stream_name":"stdout","time":3429.162232656,"data":"[Game 950] Range: 2-7 | Median/Mean: 4.0 / 3.680 | Fail: 0.421%\n"}
,{"stream_name":"stdout","time":3452.29533431,"data":"[Game 960] Range: 2-7 | Median/Mean: 4.0 / 3.676 | Fail: 0.417%\n"}
,{"stream_name":"stdout","time":3483.426287493,"data":"[Game 970] Range: 2-7 | Median/Mean: 4.0 / 3.675 | Fail: 0.412%\n"}
,{"stream_name":"stdout","time":3520.689650932,"data":"[Game 980] Range: 2-7 | Median/Mean: 4.0 / 3.678 | Fail: 0.408%\n"}
,{"stream_name":"stdout","time":3549.328966694,"data":"[Game 990] Range: 2-7 | Median/Mean: 4.0 / 3.675 | Fail: 0.404%\n"}
,{"stream_name":"stdout","time":3577.465666029,"data":"[Game 1000] Range: 2-7 | Median/Mean: 4.0 / 3.681 | Fail: 0.400%\n"}
,{"stream_name":"stdout","time":3613.021527536,"data":"[Game 1010] Range: 2-7 | Median/Mean: 4.0 / 3.679 | Fail: 0.396%\n"}
,{"stream_name":"stdout","time":3646.555895922,"data":"[Game 1020] Range: 2-7 | Median/Mean: 4.0 / 3.679 | Fail: 0.392%\n"}
,{"stream_name":"stdout","time":3687.156238765,"data":"[Game 1030] Range: 2-7 | Median/Mean: 4.0 / 3.683 | Fail: 0.388%\n"}
,{"stream_name":"stdout","time":3717.071985643,"data":"[Game 1040] Range: 2-7 | Median/Mean: 4.0 / 3.682 | Fail: 0.385%\n"}
,{"stream_name":"stdout","time":3758.305066525,"data":"[Game 1050] Range: 2-7 | Median/Mean: 4.0 / 3.683 | Fail: 0.381%\n"}
,{"stream_name":"stdout","time":3807.582845043,"data":"[Game 1060] Range: 2-7 | Median/Mean: 4.0 / 3.688 | Fail: 0.377%\n"}
,{"stream_name":"stdout","time":3837.495571074,"data":"[Game 1070] Range: 2-7 | Median/Mean: 4.0 / 3.685 | Fail: 0.374%\n"}
,{"stream_name":"stdout","time":3867.987637746,"data":"[Game 1080] Range: 2-7 | Median/Mean: 4.0 / 3.680 | Fail: 0.370%\n"}
,{"stream_name":"stdout","time":3909.044446612,"data":"[Game 1090] Range: 2-7 | Median/Mean: 4.0 / 3.687 | Fail: 0.459%\n"}
,{"stream_name":"stdout","time":3952.663289893,"data":"[Game 1100] Range: 2-7 | Median/Mean: 4.0 / 3.689 | Fail: 0.545%\n"}
,{"stream_name":"stdout","time":3986.670188817,"data":"[Game 1110] Range: 2-7 | Median/Mean: 4.0 / 3.687 | Fail: 0.541%\n"}
,{"stream_name":"stdout","time":4023.606679062,"data":"[Game 1120] Range: 2-7 | Median/Mean: 4.0 / 3.686 | Fail: 0.536%\n"}
,{"stream_name":"stdout","time":4058.015638998,"data":"[Game 1130] Range: 2-7 | Median/Mean: 4.0 / 3.686 | Fail: 0.531%\n"}
,{"stream_name":"stdout","time":4103.599043796,"data":"[Game 1140] Range: 2-7 | Median/Mean: 4.0 / 3.689 | Fail: 0.614%\n"}
,{"stream_name":"stdout","time":4129.810362478,"data":"[Game 1150] Range: 2-7 | Median/Mean: 4.0 / 3.689 | Fail: 0.609%\n"}
,{"stream_name":"stdout","time":4159.989319301,"data":"[Game 1160] Range: 2-7 | Median/Mean: 4.0 / 3.689 | Fail: 0.603%\n"}
,{"stream_name":"stdout","time":4207.300327372,"data":"[Game 1170] Range: 2-7 | Median/Mean: 4.0 / 3.691 | Fail: 0.598%\n"}
,{"stream_name":"stdout","time":4236.983871261,"data":"[Game 1180] Range: 2-7 | Median/Mean: 4.0 / 3.692 | Fail: 0.593%\n"}
,{"stream_name":"stdout","time":4280.746024463,"data":"[Game 1190] Range: 2-7 | Median/Mean: 4.0 / 3.691 | Fail: 0.588%\n"}
,{"stream_name":"stdout","time":4319.722656496,"data":"[Game 1200] Range: 2-7 | Median/Mean: 4.0 / 3.688 | Fail: 0.583%\n"}
,{"stream_name":"stdout","time":4342.347865598,"data":"[Game 1210] Range: 2-7 | Median/Mean: 4.0 / 3.687 | Fail: 0.579%\n"}
,{"stream_name":"stdout","time":4374.460421386,"data":"[Game 1220] Range: 2-7 | Median/Mean: 4.0 / 3.693 | Fail: 0.574%\n"}
,{"stream_name":"stdout","time":4417.467954759,"data":"[Game 1230] Range: 2-8 | Median/Mean: 4.0 / 3.698 | Fail: 0.650%\n"}
,{"stream_name":"stdout","time":4451.625336324,"data":"[Game 1240] Range: 2-8 | Median/Mean: 4.0 / 3.699 | Fail: 0.645%\n"}
,{"stream_name":"stdout","time":4490.672457081,"data":"[Game 1250] Range: 2-8 | Median/Mean: 4.0 / 3.702 | Fail: 0.640%\n"}
,{"stream_name":"stdout","time":4527.18324774,"data":"[Game 1260] Range: 2-8 | Median/Mean: 4.0 / 3.702 | Fail: 0.635%\n"}
,{"stream_name":"stdout","time":4558.084728984,"data":"[Game 1270] Range: 2-8 | Median/Mean: 4.0 / 3.704 | Fail: 0.630%\n"}
,{"stream_name":"stdout","time":4591.11247162,"data":"[Game 1280] Range: 2-8 | Median/Mean: 4.0 / 3.706 | Fail: 0.625%\n"}
,{"stream_name":"stdout","time":4613.88626774,"data":"[Game 1290] Range: 2-8 | Median/Mean: 4.0 / 3.706 | Fail: 0.620%\n"}
,{"stream_name":"stdout","time":4642.050494372,"data":"[Game 1300] Range: 2-8 | Median/Mean: 4.0 / 3.708 | Fail: 0.615%\n"}
,{"stream_name":"stdout","time":4662.411360744,"data":"[Game 1310] Range: 2-8 | Median/Mean: 4.0 / 3.708 | Fail: 0.611%\n"}
,{"stream_name":"stdout","time":4705.769459358,"data":"[Game 1320] Range: 2-8 | Median/Mean: 4.0 / 3.709 | Fail: 0.606%\n"}
,{"stream_name":"stdout","time":4748.595979185,"data":"[Game 1330] Range: 2-8 | Median/Mean: 4.0 / 3.711 | Fail: 0.602%\n"}
,{"stream_name":"stdout","time":4794.22226688,"data":"[Game 1340] Range: 2-8 | Median/Mean: 4.0 / 3.716 | Fail: 0.597%\n"}
,{"stream_name":"stdout","time":4835.840552062,"data":"[Game 1350] Range: 2-8 | Median/Mean: 4.0 / 3.717 | Fail: 0.593%\n"}
,{"stream_name":"stdout","time":4879.525782601,"data":"[Game 1360] Range: 2-8 | Median/Mean: 4.0 / 3.721 | Fail: 0.588%\n"}
,{"stream_name":"stdout","time":4918.354818345,"data":"[Game 1370] Range: 2-8 | Median/Mean: 4.0 / 3.724 | Fail: 0.584%\n"}
,{"stream_name":"stdout","time":4963.659091675,"data":"[Game 1380] Range: 2-8 | Median/Mean: 4.0 / 3.728 | Fail: 0.580%\n"}
,{"stream_name":"stdout","time":4997.350687908,"data":"[Game 1390] Range: 2-8 | Median/Mean: 4.0 / 3.726 | Fail: 0.576%\n"}
,{"stream_name":"stdout","time":5029.490251214,"data":"[Game 1400] Range: 2-8 | Median/Mean: 4.0 / 3.729 | Fail: 0.571%\n"}
,{"stream_name":"stdout","time":5065.057438007,"data":"[Game 1410] Range: 2-8 | Median/Mean: 4.0 / 3.733 | Fail: 0.567%\n"}
,{"stream_name":"stdout","time":5099.055763376,"data":"[Game 1420] Range: 2-8 | Median/Mean: 4.0 / 3.732 | Fail: 0.563%\n"}
,{"stream_name":"stdout","time":5128.365888847,"data":"[Game 1430] Range: 2-8 | Median/Mean: 4.0 / 3.731 | Fail: 0.559%\n"}
,{"stream_name":"stdout","time":5168.781223915,"data":"[Game 1440] Range: 2-8 | Median/Mean: 4.0 / 3.735 | Fail: 0.556%\n"}
,{"stream_name":"stdout","time":5207.957528741,"data":"[Game 1450] Range: 2-8 | Median/Mean: 4.0 / 3.741 | Fail: 0.621%\n"}
,{"stream_name":"stdout","time":5244.422168549,"data":"[Game 1460] Range: 2-8 | Median/Mean: 4.0 / 3.742 | Fail: 0.616%\n"}
,{"stream_name":"stdout","time":5273.961212208,"data":"[Game 1470] Range: 2-8 | Median/Mean: 4.0 / 3.745 | Fail: 0.612%\n"}
,{"stream_name":"stdout","time":5312.677056504,"data":"[Game 1480] Range: 2-8 | Median/Mean: 4.0 / 3.748 | Fail: 0.608%\n"}
,{"stream_name":"stdout","time":5351.960365769,"data":"[Game 1490] Range: 2-8 | Median/Mean: 4.0 / 3.747 | Fail: 0.604%\n"}
,{"stream_name":"stdout","time":5387.901420311,"data":"[Game 1500] Range: 2-8 | Median/Mean: 4.0 / 3.749 | Fail: 0.600%\n"}
,{"stream_name":"stdout","time":5420.343039445,"data":"[Game 1510] Range: 2-8 | Median/Mean: 4.0 / 3.746 | Fail: 0.596%\n"}
,{"stream_name":"stdout","time":5452.293985624,"data":"[Game 1520] Range: 2-8 | Median/Mean: 4.0 / 3.745 | Fail: 0.592%\n"}
,{"stream_name":"stdout","time":5503.366442733,"data":"[Game 1530] Range: 2-8 | Median/Mean: 4.0 / 3.747 | Fail: 0.588%\n"}
,{"stream_name":"stdout","time":5545.01599136,"data":"[Game 1540] Range: 2-8 | Median/Mean: 4.0 / 3.749 | Fail: 0.584%\n"}
,{"stream_name":"stdout","time":5577.510514679,"data":"[Game 1550] Range: 2-8 | Median/Mean: 4.0 / 3.750 | Fail: 0.581%\n"}
,{"stream_name":"stdout","time":5608.372767739,"data":"[Game 1560] Range: 2-8 | Median/Mean: 4.0 / 3.748 | Fail: 0.577%\n"}
,{"stream_name":"stdout","time":5642.949260566,"data":"[Game 1570] Range: 2-8 | Median/Mean: 4.0 / 3.747 | Fail: 0.573%\n"}
,{"stream_name":"stdout","time":5679.137555906,"data":"[Game 1580] Range: 2-8 | Median/Mean: 4.0 / 3.748 | Fail: 0.570%\n"}
,{"stream_name":"stdout","time":5718.631820031,"data":"[Game 1590] Range: 2-8 | Median/Mean: 4.0 / 3.751 | Fail: 0.566%\n"}
,{"stream_name":"stdout","time":5748.015186136,"data":"[Game 1600] Range: 2-8 | Median/Mean: 4.0 / 3.751 | Fail: 0.562%\n"}
,{"stream_name":"stdout","time":5792.934975212,"data":"[Game 1610] Range: 2-8 | Median/Mean: 4.0 / 3.753 | Fail: 0.559%\n"}
,{"stream_name":"stdout","time":5831.332286718,"data":"[Game 1620] Range: 2-8 | Median/Mean: 4.0 / 3.756 | Fail: 0.556%\n"}
,{"stream_name":"stdout","time":5868.03325458,"data":"[Game 1630] Range: 2-8 | Median/Mean: 4.0 / 3.757 | Fail: 0.552%\n"}
,{"stream_name":"stdout","time":5892.885179433,"data":"[Game 1640] Range: 2-8 | Median/Mean: 4.0 / 3.755 | Fail: 0.549%\n"}
,{"stream_name":"stdout","time":5931.425079695,"data":"[Game 1650] Range: 2-8 | Median/Mean: 4.0 / 3.758 | Fail: 0.545%\n"}
,{"stream_name":"stdout","time":5965.295882438,"data":"[Game 1660] Range: 2-8 | Median/Mean: 4.0 / 3.764 | Fail: 0.602%\n"}
,{"stream_name":"stdout","time":5999.334323495,"data":"[Game 1670] Range: 2-8 | Median/Mean: 4.0 / 3.765 | Fail: 0.599%\n"}
,{"stream_name":"stdout","time":6044.060455488,"data":"[Game 1680] Range: 2-8 | Median/Mean: 4.0 / 3.771 | Fail: 0.595%\n"}
,{"stream_name":"stdout","time":6078.789214752,"data":"[Game 1690] Range: 2-8 | Median/Mean: 4.0 / 3.773 | Fail: 0.592%\n"}
,{"stream_name":"stdout","time":6113.36602891,"data":"[Game 1700] Range: 2-8 | Median/Mean: 4.0 / 3.774 | Fail: 0.588%\n"}
,{"stream_name":"stdout","time":6142.855965926,"data":"[Game 1710] Range: 2-8 | Median/Mean: 4.0 / 3.775 | Fail: 0.585%\n"}
,{"stream_name":"stdout","time":6175.945649561,"data":"[Game 1720] Range: 2-8 | Median/Mean: 4.0 / 3.776 | Fail: 0.581%\n"}
,{"stream_name":"stdout","time":6218.20792934,"data":"[Game 1730] Range: 2-8 | Median/Mean: 4.0 / 3.778 | Fail: 0.578%\n"}
,{"stream_name":"stdout","time":6248.031559283,"data":"[Game 1740] Range: 2-8 | Median/Mean: 4.0 / 3.779 | Fail: 0.575%\n"}
,{"stream_name":"stdout","time":6285.36456265,"data":"[Game 1750] Range: 2-8 | Median/Mean: 4.0 / 3.779 | Fail: 0.571%\n"}
,{"stream_name":"stdout","time":6327.316843566,"data":"[Game 1760] Range: 2-8 | Median/Mean: 4.0 / 3.778 | Fail: 0.568%\n"}
,{"stream_name":"stdout","time":6368.718320671,"data":"[Game 1770] Range: 2-8 | Median/Mean: 4.0 / 3.777 | Fail: 0.565%\n"}
,{"stream_name":"stdout","time":6400.859468546,"data":"[Game 1780] Range: 2-8 | Median/Mean: 4.0 / 3.776 | Fail: 0.562%\n"}
,{"stream_name":"stdout","time":6439.275040474,"data":"[Game 1790] Range: 2-8 | Median/Mean: 4.0 / 3.777 | Fail: 0.559%\n"}
,{"stream_name":"stdout","time":6463.923326991,"data":"[Game 1800] Range: 2-8 | Median/Mean: 4.0 / 3.776 | Fail: 0.556%\n"}
,{"stream_name":"stdout","time":6491.953608678,"data":"[Game 1810] Range: 2-8 | Median/Mean: 4.0 / 3.779 | Fail: 0.608%\n"}
,{"stream_name":"stdout","time":6533.792841612,"data":"[Game 1820] Range: 2-8 | Median/Mean: 4.0 / 3.781 | Fail: 0.604%\n"}
,{"stream_name":"stdout","time":6572.634736529,"data":"[Game 1830] Range: 2-8 | Median/Mean: 4.0 / 3.783 | Fail: 0.601%\n"}
,{"stream_name":"stdout","time":6600.383213366,"data":"[Game 1840] Range: 2-8 | Median/Mean: 4.0 / 3.782 | Fail: 0.598%\n"}
,{"stream_name":"stdout","time":6626.534275936,"data":"[Game 1850] Range: 2-8 | Median/Mean: 4.0 / 3.783 | Fail: 0.595%\n"}
,{"stream_name":"stdout","time":6651.965663917,"data":"[Game 1860] Range: 2-8 | Median/Mean: 4.0 / 3.783 | Fail: 0.591%\n"}
,{"stream_name":"stdout","time":6675.803538942,"data":"[Game 1870] Range: 2-8 | Median/Mean: 4.0 / 3.784 | Fail: 0.588%\n"}
,{"stream_name":"stdout","time":6699.334896558,"data":"[Game 1880] Range: 2-8 | Median/Mean: 4.0 / 3.788 | Fail: 0.691%\n"}
,{"stream_name":"stdout","time":6739.544636809,"data":"[Game 1890] Range: 2-8 | Median/Mean: 4.0 / 3.790 | Fail: 0.688%\n"}
,{"stream_name":"stdout","time":6789.255452154,"data":"[Game 1900] Range: 2-8 | Median/Mean: 4.0 / 3.793 | Fail: 0.684%\n"}
,{"stream_name":"stdout","time":6828.311461236,"data":"[Game 1910] Range: 2-8 | Median/Mean: 4.0 / 3.797 | Fail: 0.733%\n"}
,{"stream_name":"stdout","time":6851.908285138,"data":"[Game 1920] Range: 2-8 | Median/Mean: 4.0 / 3.799 | Fail: 0.729%\n"}
,{"stream_name":"stdout","time":6884.148305485,"data":"[Game 1930] Range: 2-8 | Median/Mean: 4.0 / 3.801 | Fail: 0.725%\n"}
,{"stream_name":"stdout","time":6909.438513336,"data":"[Game 1940] Range: 2-8 | Median/Mean: 4.0 / 3.797 | Fail: 0.722%\n"}
,{"stream_name":"stdout","time":6948.143451154,"data":"[Game 1950] Range: 2-8 | Median/Mean: 4.0 / 3.799 | Fail: 0.769%\n"}
,{"stream_name":"stdout","time":6989.312550495,"data":"[Game 1960] Range: 2-8 | Median/Mean: 4.0 / 3.803 | Fail: 0.816%\n"}
,{"stream_name":"stdout","time":7022.453496658,"data":"[Game 1970] Range: 2-8 | Median/Mean: 4.0 / 3.804 | Fail: 0.812%\n"}
,{"stream_name":"stdout","time":7050.483334555,"data":"[Game 1980] Range: 2-8 | Median/Mean: 4.0 / 3.806 | Fail: 0.808%\n"}
,{"stream_name":"stdout","time":7071.903578032,"data":"[Game 1990] Range: 2-8 | Median/Mean: 4.0 / 3.807 | Fail: 0.804%\n"}
,{"stream_name":"stdout","time":7108.804164877,"data":"[Game 2000] Range: 2-8 | Median/Mean: 4.0 / 3.809 | Fail: 0.850%\n"}
,{"stream_name":"stdout","time":7137.817354704,"data":"[Game 2010] Range: 2-8 | Median/Mean: 4.0 / 3.810 | Fail: 0.846%\n"}
,{"stream_name":"stdout","time":7170.038785222,"data":"[Game 2020] Range: 2-8 | Median/Mean: 4.0 / 3.814 | Fail: 0.842%\n"}
,{"stream_name":"stdout","time":7205.762010501,"data":"[Game 2030] Range: 2-8 | Median/Mean: 4.0 / 3.813 | Fail: 0.837%\n"}
,{"stream_name":"stdout","time":7224.788963188,"data":"[Game 2040] Range: 2-8 | Median/Mean: 4.0 / 3.812 | Fail: 0.833%\n"}
,{"stream_name":"stdout","time":7262.02721877,"data":"[Game 2050] Range: 2-8 | Median/Mean: 4.0 / 3.812 | Fail: 0.829%\n"}
,{"stream_name":"stdout","time":7288.088058146,"data":"[Game 2060] Range: 2-8 | Median/Mean: 4.0 / 3.812 | Fail: 0.825%\n"}
,{"stream_name":"stdout","time":7328.312745549,"data":"[Game 2070] Range: 2-8 | Median/Mean: 4.0 / 3.815 | Fail: 0.821%\n"}
,{"stream_name":"stdout","time":7370.007585265,"data":"[Game 2080] Range: 2-8 | Median/Mean: 4.0 / 3.816 | Fail: 0.817%\n"}
,{"stream_name":"stdout","time":7407.278008745,"data":"[Game 2090] Range: 2-8 | Median/Mean: 4.0 / 3.816 | Fail: 0.813%\n"}
,{"stream_name":"stdout","time":7439.092666737,"data":"[Game 2100] Range: 2-8 | Median/Mean: 4.0 / 3.820 | Fail: 0.857%\n"}
,{"stream_name":"stdout","time":7464.650075149,"data":"[Game 2110] Range: 2-8 | Median/Mean: 4.0 / 3.818 | Fail: 0.853%\n"}
,{"stream_name":"stdout","time":7511.081532956,"data":"[Game 2120] Range: 2-8 | Median/Mean: 4.0 / 3.819 | Fail: 0.849%\n"}
,{"stream_name":"stdout","time":7550.771240389,"data":"[Game 2130] Range: 2-8 | Median/Mean: 4.0 / 3.820 | Fail: 0.845%\n"}
,{"stream_name":"stdout","time":7591.820558902,"data":"[Game 2140] Range: 2-8 | Median/Mean: 4.0 / 3.823 | Fail: 0.841%\n"}
,{"stream_name":"stdout","time":7634.42446611,"data":"[Game 2150] Range: 2-8 | Median/Mean: 4.0 / 3.827 | Fail: 0.837%\n"}
,{"stream_name":"stdout","time":7675.055430164,"data":"[Game 2160] Range: 2-8 | Median/Mean: 4.0 / 3.828 | Fail: 0.833%\n"}
,{"stream_name":"stdout","time":7710.995774722,"data":"[Game 2170] Range: 2-8 | Median/Mean: 4.0 / 3.829 | Fail: 0.876%\n"}
,{"stream_name":"stdout","time":7749.057636645,"data":"[Game 2180] Range: 2-8 | Median/Mean: 4.0 / 3.830 | Fail: 0.872%\n"}
,{"stream_name":"stdout","time":7784.478989512,"data":"[Game 2190] Range: 2-8 | Median/Mean: 4.0 / 3.830 | Fail: 0.868%\n"}
,{"stream_name":"stdout","time":7828.562788751,"data":"[Game 2200] Range: 2-8 | Median/Mean: 4.0 / 3.831 | Fail: 0.864%\n"}
,{"stream_name":"stdout","time":7869.910538332,"data":"[Game 2210] Range: 2-8 | Median/Mean: 4.0 / 3.833 | Fail: 0.905%\n"}
,{"stream_name":"stdout","time":7912.454984835,"data":"[Game 2220] Range: 2-8 | Median/Mean: 4.0 / 3.834 | Fail: 0.901%\n"}
,{"stream_name":"stdout","time":7945.437697711,"data":"[Game 2230] Range: 2-8 | Median/Mean: 4.0 / 3.836 | Fail: 0.942%\n"}
,{"stream_name":"stdout","time":7967.837116125,"data":"[Game 2240] Range: 2-8 | Median/Mean: 4.0 / 3.835 | Fail: 0.938%\n"}
,{"stream_name":"stdout","time":8003.333213796,"data":"[Game 2250] Range: 2-8 | Median/Mean: 4.0 / 3.839 | Fail: 0.978%\n"}
,{"stream_name":"stdout","time":8045.790672355,"data":"[Game 2260] Range: 2-8 | Median/Mean: 4.0 / 3.842 | Fail: 1.018%\n"}
,{"stream_name":"stdout","time":8078.526627279,"data":"[Game 2270] Range: 2-8 | Median/Mean: 4.0 / 3.841 | Fail: 1.013%\n"}
,{"stream_name":"stdout","time":8119.398408705,"data":"[Game 2280] Range: 2-8 | Median/Mean: 4.0 / 3.840 | Fail: 1.009%\n"}
,{"stream_name":"stdout","time":8155.497891652,"data":"[Game 2290] Range: 2-8 | Median/Mean: 4.0 / 3.841 | Fail: 1.048%\n"}
,{"stream_name":"stdout","time":8173.807147326,"data":"[Game 2300] Range: 2-9 | Median/Mean: 4.0 / 3.842 | Fail: 1.087%\n"}
,{"stream_name":"stdout","time":8210.673756447,"data":"[Game 2310] Range: 2-9 | Median/Mean: 4.0 / 3.844 | Fail: 1.082%\n"}
,{"stream_name":"stdout","time":8230.77325635,"data":"Summary:\n"}
,{"stream_name":"stdout","time":8230.785250918,"data":"Distribution across steps:\n"}
,{"stream_name":"stdout","time":8230.793523928,"data":"Key Metrics:\n"}
,{"stream_name":"stderr","time":8234.175169319,"data":"/opt/conda/lib/python3.7/site-packages/traitlets/traitlets.py:2567: FutureWarning: --Exporter.preprocessors=[\"remove_papermill_header.RemovePapermillHeader\"] for containers is deprecated in traitlets 5.0. You can pass `--Exporter.preprocessors item` ... multiple times to add items to a list.\n"}
,{"stream_name":"stderr","time":8234.175231499,"data":"  FutureWarning,\n"}
,{"stream_name":"stderr","time":8234.175236019,"data":"[NbConvertApp] Converting notebook __notebook__.ipynb to notebook\n"}
,{"stream_name":"stderr","time":8234.506304305,"data":"[NbConvertApp] Writing 32643 bytes to __notebook__.ipynb\n"}
,{"stream_name":"stderr","time":8236.359954419,"data":"/opt/conda/lib/python3.7/site-packages/traitlets/traitlets.py:2567: FutureWarning: --Exporter.preprocessors=[\"nbconvert.preprocessors.ExtractOutputPreprocessor\"] for containers is deprecated in traitlets 5.0. You can pass `--Exporter.preprocessors item` ... multiple times to add items to a list.\n"}
,{"stream_name":"stderr","time":8236.360016719,"data":"  FutureWarning,\n"}
,{"stream_name":"stderr","time":8236.360021549,"data":"[NbConvertApp] Converting notebook __notebook__.ipynb to html\n"}
,{"stream_name":"stderr","time":8236.806424516,"data":"[NbConvertApp] Writing 306932 bytes to __results__.html\n"}
]