[{"stream_name":"stderr","time":12.86967516,"data":"/opt/conda/lib/python3.7/site-packages/papermill/iorw.py:50: FutureWarning: pyarrow.HadoopFileSystem is deprecated as of 2.0.0, please use pyarrow.fs.HadoopFileSystem instead.\n"}
,{"stream_name":"stderr","time":12.869763998,"data":"  from pyarrow import HadoopFileSystem\n"}
,{"stream_name":"stdout","time":13.683242339,"data":"[ ---------- LORES ----------]\n"}
,{"stream_name":"stdout","time":80.582426491,"data":"[Game 10] Range: 3-5 | Median/Mean: 3.5 / 3.600 | Fail: 0.000%\n"}
,{"stream_name":"stdout","time":156.648019015,"data":"[Game 20] Range: 3-5 | Median/Mean: 4.0 / 3.850 | Fail: 0.000%\n"}
,{"stream_name":"stdout","time":211.750188665,"data":"[Game 30] Range: 3-5 | Median/Mean: 4.0 / 3.800 | Fail: 0.000%\n"}
,{"stream_name":"stdout","time":272.347599903,"data":"[Game 40] Range: 2-6 | Median/Mean: 4.0 / 3.825 | Fail: 0.000%\n"}
,{"stream_name":"stdout","time":343.092080502,"data":"[Game 50] Range: 2-6 | Median/Mean: 4.0 / 3.820 | Fail: 0.000%\n"}
,{"stream_name":"stdout","time":389.100093214,"data":"[Game 60] Range: 2-6 | Median/Mean: 4.0 / 3.783 | Fail: 0.000%\n"}
,{"stream_name":"stdout","time":448.654216087,"data":"[Game 70] Range: 2-6 | Median/Mean: 4.0 / 3.771 | Fail: 0.000%\n"}
,{"stream_name":"stdout","time":484.010191062,"data":"[Game 80] Range: 2-6 | Median/Mean: 4.0 / 3.725 | Fail: 0.000%\n"}
,{"stream_name":"stdout","time":504.082928268,"data":"[Game 90] Range: 2-6 | Median/Mean: 4.0 / 3.678 | Fail: 0.000%\n"}
,{"stream_name":"stdout","time":532.999563588,"data":"[Game 100] Range: 2-6 | Median/Mean: 4.0 / 3.660 | Fail: 0.000%\n"}
,{"stream_name":"stdout","time":597.107552536,"data":"[Game 110] Range: 2-6 | Median/Mean: 4.0 / 3.664 | Fail: 0.000%\n"}
,{"stream_name":"stdout","time":654.734292144,"data":"[Game 120] Range: 2-6 | Median/Mean: 4.0 / 3.675 | Fail: 0.000%\n"}
,{"stream_name":"stdout","time":688.811562922,"data":"[Game 130] Range: 2-6 | Median/Mean: 4.0 / 3.677 | Fail: 0.000%\n"}
,{"stream_name":"stdout","time":735.851911062,"data":"[Game 140] Range: 2-6 | Median/Mean: 4.0 / 3.650 | Fail: 0.000%\n"}
,{"stream_name":"stdout","time":795.556120224,"data":"[Game 150] Range: 2-6 | Median/Mean: 4.0 / 3.673 | Fail: 0.000%\n"}
,{"stream_name":"stdout","time":838.205751391,"data":"[Game 160] Range: 2-6 | Median/Mean: 4.0 / 3.681 | Fail: 0.000%\n"}
,{"stream_name":"stdout","time":882.100051301,"data":"[Game 170] Range: 2-6 | Median/Mean: 4.0 / 3.676 | Fail: 0.000%\n"}
,{"stream_name":"stdout","time":936.863523034,"data":"[Game 180] Range: 2-6 | Median/Mean: 4.0 / 3.678 | Fail: 0.000%\n"}
,{"stream_name":"stdout","time":1016.55692234,"data":"[Game 190] Range: 2-6 | Median/Mean: 4.0 / 3.684 | Fail: 0.000%\n"}
,{"stream_name":"stdout","time":1065.580629472,"data":"[Game 200] Range: 2-6 | Median/Mean: 4.0 / 3.675 | Fail: 0.000%\n"}
,{"stream_name":"stdout","time":1128.620259959,"data":"[Game 210] Range: 2-6 | Median/Mean: 4.0 / 3.686 | Fail: 0.000%\n"}
,{"stream_name":"stdout","time":1180.157804463,"data":"[Game 220] Range: 2-6 | Median/Mean: 4.0 / 3.691 | Fail: 0.000%\n"}
,{"stream_name":"stdout","time":1222.186283388,"data":"[Game 230] Range: 2-6 | Median/Mean: 4.0 / 3.683 | Fail: 0.000%\n"}
,{"stream_name":"stdout","time":1265.699454493,"data":"[Game 240] Range: 2-6 | Median/Mean: 4.0 / 3.696 | Fail: 0.000%\n"}
,{"stream_name":"stdout","time":1322.529913567,"data":"[Game 250] Range: 2-7 | Median/Mean: 4.0 / 3.712 | Fail: 0.400%\n"}
,{"stream_name":"stdout","time":1372.912595399,"data":"[Game 260] Range: 2-7 | Median/Mean: 4.0 / 3.731 | Fail: 0.385%\n"}
,{"stream_name":"stdout","time":1414.879904345,"data":"[Game 270] Range: 2-7 | Median/Mean: 4.0 / 3.730 | Fail: 0.370%\n"}
,{"stream_name":"stdout","time":1462.049921335,"data":"[Game 280] Range: 2-7 | Median/Mean: 4.0 / 3.721 | Fail: 0.357%\n"}
,{"stream_name":"stdout","time":1508.884010195,"data":"[Game 290] Range: 2-7 | Median/Mean: 4.0 / 3.714 | Fail: 0.345%\n"}
,{"stream_name":"stdout","time":1560.500989926,"data":"[Game 300] Range: 2-7 | Median/Mean: 4.0 / 3.713 | Fail: 0.333%\n"}
,{"stream_name":"stdout","time":1625.496915505,"data":"[Game 310] Range: 2-7 | Median/Mean: 4.0 / 3.726 | Fail: 0.323%\n"}
,{"stream_name":"stdout","time":1659.435452404,"data":"[Game 320] Range: 2-7 | Median/Mean: 4.0 / 3.725 | Fail: 0.312%\n"}
,{"stream_name":"stdout","time":1700.044856802,"data":"[Game 330] Range: 2-7 | Median/Mean: 4.0 / 3.715 | Fail: 0.303%\n"}
,{"stream_name":"stdout","time":1755.620924532,"data":"[Game 340] Range: 2-7 | Median/Mean: 4.0 / 3.715 | Fail: 0.294%\n"}
,{"stream_name":"stdout","time":1796.777824734,"data":"[Game 350] Range: 2-7 | Median/Mean: 4.0 / 3.711 | Fail: 0.286%\n"}
,{"stream_name":"stdout","time":1857.872598838,"data":"[Game 360] Range: 2-7 | Median/Mean: 4.0 / 3.717 | Fail: 0.278%\n"}
,{"stream_name":"stdout","time":1904.857160847,"data":"[Game 370] Range: 2-7 | Median/Mean: 4.0 / 3.708 | Fail: 0.270%\n"}
,{"stream_name":"stdout","time":1954.601283535,"data":"[Game 380] Range: 2-7 | Median/Mean: 4.0 / 3.703 | Fail: 0.263%\n"}
,{"stream_name":"stdout","time":2002.735656858,"data":"[Game 390] Range: 2-7 | Median/Mean: 4.0 / 3.708 | Fail: 0.256%\n"}
,{"stream_name":"stdout","time":2063.855948787,"data":"[Game 400] Range: 2-7 | Median/Mean: 4.0 / 3.725 | Fail: 0.250%\n"}
,{"stream_name":"stdout","time":2115.891280189,"data":"[Game 410] Range: 2-7 | Median/Mean: 4.0 / 3.724 | Fail: 0.244%\n"}
,{"stream_name":"stdout","time":2178.833251631,"data":"[Game 420] Range: 2-7 | Median/Mean: 4.0 / 3.721 | Fail: 0.238%\n"}
,{"stream_name":"stdout","time":2237.472071605,"data":"[Game 430] Range: 2-7 | Median/Mean: 4.0 / 3.735 | Fail: 0.233%\n"}
,{"stream_name":"stdout","time":2288.630619545,"data":"[Game 440] Range: 2-7 | Median/Mean: 4.0 / 3.732 | Fail: 0.227%\n"}
,{"stream_name":"stdout","time":2346.521104628,"data":"[Game 450] Range: 2-7 | Median/Mean: 4.0 / 3.731 | Fail: 0.222%\n"}
,{"stream_name":"stdout","time":2408.801806772,"data":"[Game 460] Range: 2-7 | Median/Mean: 4.0 / 3.737 | Fail: 0.217%\n"}
,{"stream_name":"stdout","time":2462.538465166,"data":"[Game 470] Range: 2-7 | Median/Mean: 4.0 / 3.738 | Fail: 0.213%\n"}
,{"stream_name":"stdout","time":2529.574104268,"data":"[Game 480] Range: 2-7 | Median/Mean: 4.0 / 3.740 | Fail: 0.208%\n"}
,{"stream_name":"stdout","time":2577.93153663,"data":"[Game 490] Range: 2-7 | Median/Mean: 4.0 / 3.731 | Fail: 0.204%\n"}
,{"stream_name":"stdout","time":2623.659486224,"data":"[Game 500] Range: 2-7 | Median/Mean: 4.0 / 3.732 | Fail: 0.200%\n"}
,{"stream_name":"stdout","time":2679.524836671,"data":"[Game 510] Range: 2-7 | Median/Mean: 4.0 / 3.735 | Fail: 0.196%\n"}
,{"stream_name":"stdout","time":2739.605237702,"data":"[Game 520] Range: 2-7 | Median/Mean: 4.0 / 3.740 | Fail: 0.192%\n"}
,{"stream_name":"stdout","time":2790.418381228,"data":"[Game 530] Range: 2-7 | Median/Mean: 4.0 / 3.740 | Fail: 0.189%\n"}
,{"stream_name":"stdout","time":2858.275074829,"data":"[Game 540] Range: 2-7 | Median/Mean: 4.0 / 3.741 | Fail: 0.370%\n"}
,{"stream_name":"stdout","time":2910.633376339,"data":"[Game 550] Range: 2-7 | Median/Mean: 4.0 / 3.744 | Fail: 0.364%\n"}
,{"stream_name":"stdout","time":2987.587169889,"data":"[Game 560] Range: 2-7 | Median/Mean: 4.0 / 3.754 | Fail: 0.357%\n"}
,{"stream_name":"stdout","time":3058.999194492,"data":"[Game 570] Range: 2-7 | Median/Mean: 4.0 / 3.753 | Fail: 0.351%\n"}
,{"stream_name":"stdout","time":3111.647656875,"data":"[Game 580] Range: 2-7 | Median/Mean: 4.0 / 3.752 | Fail: 0.345%\n"}
,{"stream_name":"stdout","time":3181.038010437,"data":"[Game 590] Range: 2-7 | Median/Mean: 4.0 / 3.754 | Fail: 0.339%\n"}
,{"stream_name":"stdout","time":3227.389316835,"data":"[Game 600] Range: 2-7 | Median/Mean: 4.0 / 3.743 | Fail: 0.333%\n"}
,{"stream_name":"stdout","time":3266.014247604,"data":"[Game 610] Range: 2-7 | Median/Mean: 4.0 / 3.739 | Fail: 0.328%\n"}
,{"stream_name":"stdout","time":3305.655829657,"data":"[Game 620] Range: 2-7 | Median/Mean: 4.0 / 3.739 | Fail: 0.323%\n"}
,{"stream_name":"stdout","time":3361.894259975,"data":"[Game 630] Range: 2-7 | Median/Mean: 4.0 / 3.737 | Fail: 0.317%\n"}
,{"stream_name":"stdout","time":3431.906719355,"data":"[Game 640] Range: 2-7 | Median/Mean: 4.0 / 3.736 | Fail: 0.312%\n"}
,{"stream_name":"stdout","time":3488.903769102,"data":"[Game 650] Range: 2-7 | Median/Mean: 4.0 / 3.737 | Fail: 0.308%\n"}
,{"stream_name":"stdout","time":3553.075120757,"data":"[Game 660] Range: 2-7 | Median/Mean: 4.0 / 3.741 | Fail: 0.303%\n"}
,{"stream_name":"stdout","time":3584.33560402,"data":"[Game 670] Range: 2-7 | Median/Mean: 4.0 / 3.737 | Fail: 0.299%\n"}
,{"stream_name":"stdout","time":3630.941552177,"data":"[Game 680] Range: 2-7 | Median/Mean: 4.0 / 3.734 | Fail: 0.294%\n"}
,{"stream_name":"stdout","time":3675.95927146,"data":"[Game 690] Range: 2-7 | Median/Mean: 4.0 / 3.729 | Fail: 0.290%\n"}
,{"stream_name":"stdout","time":3726.398003732,"data":"[Game 700] Range: 2-7 | Median/Mean: 4.0 / 3.734 | Fail: 0.286%\n"}
,{"stream_name":"stdout","time":3794.89071711,"data":"[Game 710] Range: 2-7 | Median/Mean: 4.0 / 3.744 | Fail: 0.282%\n"}
,{"stream_name":"stdout","time":3836.420415715,"data":"[Game 720] Range: 2-7 | Median/Mean: 4.0 / 3.740 | Fail: 0.278%\n"}
,{"stream_name":"stdout","time":3881.29785255,"data":"[Game 730] Range: 2-7 | Median/Mean: 4.0 / 3.747 | Fail: 0.411%\n"}
,{"stream_name":"stdout","time":3937.384837262,"data":"[Game 740] Range: 2-7 | Median/Mean: 4.0 / 3.745 | Fail: 0.405%\n"}
,{"stream_name":"stdout","time":3985.819925568,"data":"[Game 750] Range: 2-7 | Median/Mean: 4.0 / 3.747 | Fail: 0.400%\n"}
,{"stream_name":"stdout","time":4059.805340395,"data":"[Game 760] Range: 2-7 | Median/Mean: 4.0 / 3.750 | Fail: 0.395%\n"}
,{"stream_name":"stdout","time":4119.366793853,"data":"[Game 770] Range: 2-7 | Median/Mean: 4.0 / 3.747 | Fail: 0.390%\n"}
,{"stream_name":"stdout","time":4184.593770739,"data":"[Game 780] Range: 2-7 | Median/Mean: 4.0 / 3.751 | Fail: 0.385%\n"}
,{"stream_name":"stdout","time":4245.479572938,"data":"[Game 790] Range: 2-7 | Median/Mean: 4.0 / 3.751 | Fail: 0.380%\n"}
,{"stream_name":"stdout","time":4288.913952407,"data":"[Game 800] Range: 2-7 | Median/Mean: 4.0 / 3.749 | Fail: 0.375%\n"}
,{"stream_name":"stdout","time":4334.973159984,"data":"[Game 810] Range: 2-7 | Median/Mean: 4.0 / 3.744 | Fail: 0.370%\n"}
,{"stream_name":"stdout","time":4398.396965882,"data":"[Game 820] Range: 2-7 | Median/Mean: 4.0 / 3.746 | Fail: 0.366%\n"}
,{"stream_name":"stdout","time":4465.234866367,"data":"[Game 830] Range: 2-7 | Median/Mean: 4.0 / 3.748 | Fail: 0.361%\n"}
,{"stream_name":"stdout","time":4521.071996014,"data":"[Game 840] Range: 2-7 | Median/Mean: 4.0 / 3.743 | Fail: 0.357%\n"}
,{"stream_name":"stdout","time":4576.353586705,"data":"[Game 850] Range: 2-7 | Median/Mean: 4.0 / 3.744 | Fail: 0.353%\n"}
,{"stream_name":"stdout","time":4643.79992011,"data":"[Game 860] Range: 2-7 | Median/Mean: 4.0 / 3.747 | Fail: 0.349%\n"}
,{"stream_name":"stdout","time":4685.403584318,"data":"[Game 870] Range: 2-7 | Median/Mean: 4.0 / 3.747 | Fail: 0.345%\n"}
,{"stream_name":"stdout","time":4735.761042261,"data":"[Game 880] Range: 2-7 | Median/Mean: 4.0 / 3.747 | Fail: 0.341%\n"}
,{"stream_name":"stdout","time":4783.867404957,"data":"[Game 890] Range: 2-7 | Median/Mean: 4.0 / 3.747 | Fail: 0.337%\n"}
,{"stream_name":"stdout","time":4828.878735422,"data":"[Game 900] Range: 2-7 | Median/Mean: 4.0 / 3.747 | Fail: 0.333%\n"}
,{"stream_name":"stdout","time":4876.547211531,"data":"[Game 910] Range: 2-7 | Median/Mean: 4.0 / 3.748 | Fail: 0.330%\n"}
,{"stream_name":"stdout","time":4946.820350038,"data":"[Game 920] Range: 2-7 | Median/Mean: 4.0 / 3.751 | Fail: 0.326%\n"}
,{"stream_name":"stdout","time":4994.901536464,"data":"[Game 930] Range: 2-7 | Median/Mean: 4.0 / 3.755 | Fail: 0.323%\n"}
,{"stream_name":"stdout","time":5044.196243937,"data":"[Game 940] Range: 2-7 | Median/Mean: 4.0 / 3.754 | Fail: 0.319%\n"}
,{"stream_name":"stdout","time":5101.15850238,"data":"[Game 950] Range: 2-7 | Median/Mean: 4.0 / 3.753 | Fail: 0.316%\n"}
,{"stream_name":"stdout","time":5149.733404252,"data":"[Game 960] Range: 2-7 | Median/Mean: 4.0 / 3.753 | Fail: 0.312%\n"}
,{"stream_name":"stdout","time":5210.53057686,"data":"[Game 970] Range: 2-7 | Median/Mean: 4.0 / 3.753 | Fail: 0.309%\n"}
,{"stream_name":"stdout","time":5258.741981763,"data":"[Game 980] Range: 2-7 | Median/Mean: 4.0 / 3.754 | Fail: 0.306%\n"}
,{"stream_name":"stdout","time":5324.196637132,"data":"[Game 990] Range: 2-7 | Median/Mean: 4.0 / 3.761 | Fail: 0.303%\n"}
,{"stream_name":"stdout","time":5387.818009302,"data":"[Game 1000] Range: 2-7 | Median/Mean: 4.0 / 3.767 | Fail: 0.300%\n"}
,{"stream_name":"stdout","time":5433.18540718,"data":"[Game 1010] Range: 2-7 | Median/Mean: 4.0 / 3.765 | Fail: 0.297%\n"}
,{"stream_name":"stdout","time":5479.421036833,"data":"[Game 1020] Range: 2-7 | Median/Mean: 4.0 / 3.765 | Fail: 0.294%\n"}
,{"stream_name":"stdout","time":5530.422849598,"data":"[Game 1030] Range: 2-7 | Median/Mean: 4.0 / 3.765 | Fail: 0.291%\n"}
,{"stream_name":"stdout","time":5595.044027432,"data":"[Game 1040] Range: 2-7 | Median/Mean: 4.0 / 3.766 | Fail: 0.288%\n"}
,{"stream_name":"stdout","time":5652.553646035,"data":"[Game 1050] Range: 2-7 | Median/Mean: 4.0 / 3.767 | Fail: 0.286%\n"}
,{"stream_name":"stdout","time":5707.547521201,"data":"[Game 1060] Range: 2-7 | Median/Mean: 4.0 / 3.774 | Fail: 0.283%\n"}
,{"stream_name":"stdout","time":5752.978252525,"data":"[Game 1070] Range: 2-7 | Median/Mean: 4.0 / 3.770 | Fail: 0.280%\n"}
,{"stream_name":"stdout","time":5814.83274194,"data":"[Game 1080] Range: 2-7 | Median/Mean: 4.0 / 3.769 | Fail: 0.278%\n"}
,{"stream_name":"stdout","time":5888.047235603,"data":"[Game 1090] Range: 2-7 | Median/Mean: 4.0 / 3.779 | Fail: 0.275%\n"}
,{"stream_name":"stdout","time":5942.998436718,"data":"[Game 1100] Range: 2-7 | Median/Mean: 4.0 / 3.781 | Fail: 0.364%\n"}
,{"stream_name":"stdout","time":5991.929965465,"data":"[Game 1110] Range: 2-7 | Median/Mean: 4.0 / 3.783 | Fail: 0.360%\n"}
,{"stream_name":"stdout","time":6043.037479838,"data":"[Game 1120] Range: 2-7 | Median/Mean: 4.0 / 3.782 | Fail: 0.357%\n"}
,{"stream_name":"stdout","time":6093.641632558,"data":"[Game 1130] Range: 2-7 | Median/Mean: 4.0 / 3.782 | Fail: 0.354%\n"}
,{"stream_name":"stdout","time":6162.6895896,"data":"[Game 1140] Range: 2-7 | Median/Mean: 4.0 / 3.788 | Fail: 0.439%\n"}
,{"stream_name":"stdout","time":6196.231403249,"data":"[Game 1150] Range: 2-7 | Median/Mean: 4.0 / 3.787 | Fail: 0.435%\n"}
,{"stream_name":"stdout","time":6253.179507019,"data":"[Game 1160] Range: 2-7 | Median/Mean: 4.0 / 3.788 | Fail: 0.431%\n"}
,{"stream_name":"stdout","time":6315.770152862,"data":"[Game 1170] Range: 2-7 | Median/Mean: 4.0 / 3.785 | Fail: 0.427%\n"}
,{"stream_name":"stdout","time":6359.213930625,"data":"[Game 1180] Range: 2-7 | Median/Mean: 4.0 / 3.787 | Fail: 0.424%\n"}
,{"stream_name":"stdout","time":6420.336899777,"data":"[Game 1190] Range: 2-7 | Median/Mean: 4.0 / 3.789 | Fail: 0.420%\n"}
,{"stream_name":"stdout","time":6480.866736108,"data":"[Game 1200] Range: 2-7 | Median/Mean: 4.0 / 3.788 | Fail: 0.417%\n"}
,{"stream_name":"stdout","time":6549.622635478,"data":"[Game 1210] Range: 2-7 | Median/Mean: 4.0 / 3.785 | Fail: 0.413%\n"}
,{"stream_name":"stdout","time":6608.603733287,"data":"[Game 1220] Range: 2-7 | Median/Mean: 4.0 / 3.789 | Fail: 0.492%\n"}
,{"stream_name":"stdout","time":6657.210566511,"data":"[Game 1230] Range: 2-7 | Median/Mean: 4.0 / 3.793 | Fail: 0.650%\n"}
,{"stream_name":"stdout","time":6696.048488254,"data":"[Game 1240] Range: 2-7 | Median/Mean: 4.0 / 3.794 | Fail: 0.645%\n"}
,{"stream_name":"stdout","time":6754.592136624,"data":"[Game 1250] Range: 2-7 | Median/Mean: 4.0 / 3.793 | Fail: 0.640%\n"}
,{"stream_name":"stdout","time":6804.865395745,"data":"[Game 1260] Range: 2-7 | Median/Mean: 4.0 / 3.796 | Fail: 0.635%\n"}
,{"stream_name":"stdout","time":6891.920270974,"data":"[Game 1270] Range: 2-7 | Median/Mean: 4.0 / 3.799 | Fail: 0.630%\n"}
,{"stream_name":"stdout","time":6940.391259248,"data":"[Game 1280] Range: 2-7 | Median/Mean: 4.0 / 3.800 | Fail: 0.625%\n"}
,{"stream_name":"stdout","time":6994.374294145,"data":"[Game 1290] Range: 2-7 | Median/Mean: 4.0 / 3.803 | Fail: 0.620%\n"}
,{"stream_name":"stdout","time":7047.870769985,"data":"[Game 1300] Range: 2-7 | Median/Mean: 4.0 / 3.803 | Fail: 0.615%\n"}
,{"stream_name":"stdout","time":7097.17509312,"data":"[Game 1310] Range: 2-7 | Median/Mean: 4.0 / 3.802 | Fail: 0.611%\n"}
,{"stream_name":"stdout","time":7146.299120402,"data":"[Game 1320] Range: 2-7 | Median/Mean: 4.0 / 3.801 | Fail: 0.606%\n"}
,{"stream_name":"stdout","time":7197.109018264,"data":"[Game 1330] Range: 2-7 | Median/Mean: 4.0 / 3.796 | Fail: 0.602%\n"}
,{"stream_name":"stdout","time":7279.497348257,"data":"[Game 1340] Range: 2-7 | Median/Mean: 4.0 / 3.798 | Fail: 0.597%\n"}
,{"stream_name":"stdout","time":7321.773817803,"data":"[Game 1350] Range: 2-7 | Median/Mean: 4.0 / 3.797 | Fail: 0.593%\n"}
,{"stream_name":"stdout","time":7377.73672999,"data":"[Game 1360] Range: 2-7 | Median/Mean: 4.0 / 3.799 | Fail: 0.588%\n"}
,{"stream_name":"stdout","time":7447.957829608,"data":"[Game 1370] Range: 2-7 | Median/Mean: 4.0 / 3.801 | Fail: 0.584%\n"}
,{"stream_name":"stdout","time":7502.902436966,"data":"[Game 1380] Range: 2-7 | Median/Mean: 4.0 / 3.807 | Fail: 0.652%\n"}
,{"stream_name":"stdout","time":7552.345921021,"data":"[Game 1390] Range: 2-7 | Median/Mean: 4.0 / 3.805 | Fail: 0.647%\n"}
,{"stream_name":"stdout","time":7583.862047388,"data":"[Game 1400] Range: 2-7 | Median/Mean: 4.0 / 3.804 | Fail: 0.643%\n"}
,{"stream_name":"stdout","time":7635.38327277,"data":"[Game 1410] Range: 2-7 | Median/Mean: 4.0 / 3.809 | Fail: 0.638%\n"}
,{"stream_name":"stdout","time":7668.960542314,"data":"[Game 1420] Range: 2-7 | Median/Mean: 4.0 / 3.810 | Fail: 0.634%\n"}
,{"stream_name":"stdout","time":7714.79910712,"data":"[Game 1430] Range: 2-7 | Median/Mean: 4.0 / 3.813 | Fail: 0.629%\n"}
,{"stream_name":"stdout","time":7765.412152644,"data":"[Game 1440] Range: 2-7 | Median/Mean: 4.0 / 3.815 | Fail: 0.694%\n"}
,{"stream_name":"stdout","time":7826.281620694,"data":"[Game 1450] Range: 2-7 | Median/Mean: 4.0 / 3.820 | Fail: 0.690%\n"}
,{"stream_name":"stdout","time":7876.588045901,"data":"[Game 1460] Range: 2-7 | Median/Mean: 4.0 / 3.819 | Fail: 0.685%\n"}
,{"stream_name":"stdout","time":7931.993752388,"data":"[Game 1470] Range: 2-7 | Median/Mean: 4.0 / 3.821 | Fail: 0.680%\n"}
,{"stream_name":"stdout","time":7976.191985275,"data":"[Game 1480] Range: 2-7 | Median/Mean: 4.0 / 3.820 | Fail: 0.676%\n"}
,{"stream_name":"stdout","time":8024.570302597,"data":"[Game 1490] Range: 2-7 | Median/Mean: 4.0 / 3.821 | Fail: 0.671%\n"}
,{"stream_name":"stdout","time":8096.193807904,"data":"[Game 1500] Range: 2-7 | Median/Mean: 4.0 / 3.825 | Fail: 0.667%\n"}
,{"stream_name":"stdout","time":8162.19546626,"data":"[Game 1510] Range: 2-7 | Median/Mean: 4.0 / 3.830 | Fail: 0.728%\n"}
,{"stream_name":"stdout","time":8212.967848584,"data":"[Game 1520] Range: 2-7 | Median/Mean: 4.0 / 3.831 | Fail: 0.724%\n"}
,{"stream_name":"stdout","time":8285.981103083,"data":"[Game 1530] Range: 2-7 | Median/Mean: 4.0 / 3.834 | Fail: 0.719%\n"}
,{"stream_name":"stdout","time":8355.672680894,"data":"[Game 1540] Range: 2-7 | Median/Mean: 4.0 / 3.836 | Fail: 0.714%\n"}
,{"stream_name":"stdout","time":8403.129929656,"data":"[Game 1550] Range: 2-7 | Median/Mean: 4.0 / 3.835 | Fail: 0.710%\n"}
,{"stream_name":"stdout","time":8458.532046787,"data":"[Game 1560] Range: 2-7 | Median/Mean: 4.0 / 3.836 | Fail: 0.705%\n"}
,{"stream_name":"stdout","time":8502.423578647,"data":"[Game 1570] Range: 2-7 | Median/Mean: 4.0 / 3.835 | Fail: 0.701%\n"}
,{"stream_name":"stdout","time":8544.267627671,"data":"[Game 1580] Range: 2-7 | Median/Mean: 4.0 / 3.835 | Fail: 0.696%\n"}
,{"stream_name":"stdout","time":8594.828949809,"data":"[Game 1590] Range: 2-7 | Median/Mean: 4.0 / 3.837 | Fail: 0.692%\n"}
,{"stream_name":"stdout","time":8636.946311034,"data":"[Game 1600] Range: 2-7 | Median/Mean: 4.0 / 3.837 | Fail: 0.688%\n"}
,{"stream_name":"stdout","time":8702.528214887,"data":"[Game 1610] Range: 2-7 | Median/Mean: 4.0 / 3.839 | Fail: 0.745%\n"}
,{"stream_name":"stdout","time":8755.384627374,"data":"[Game 1620] Range: 2-7 | Median/Mean: 4.0 / 3.838 | Fail: 0.741%\n"}
,{"stream_name":"stdout","time":8816.808734337,"data":"[Game 1630] Range: 2-7 | Median/Mean: 4.0 / 3.840 | Fail: 0.798%\n"}
,{"stream_name":"stdout","time":8853.659250445,"data":"[Game 1640] Range: 2-7 | Median/Mean: 4.0 / 3.837 | Fail: 0.793%\n"}
,{"stream_name":"stdout","time":8902.984061957,"data":"[Game 1650] Range: 2-7 | Median/Mean: 4.0 / 3.838 | Fail: 0.788%\n"}
,{"stream_name":"stdout","time":8961.252376953,"data":"[Game 1660] Range: 2-7 | Median/Mean: 4.0 / 3.841 | Fail: 0.843%\n"}
,{"stream_name":"stdout","time":9005.195470846,"data":"[Game 1670] Range: 2-7 | Median/Mean: 4.0 / 3.840 | Fail: 0.838%\n"}
,{"stream_name":"stdout","time":9072.180821666,"data":"[Game 1680] Range: 2-7 | Median/Mean: 4.0 / 3.845 | Fail: 0.833%\n"}
,{"stream_name":"stdout","time":9124.932390506,"data":"[Game 1690] Range: 2-7 | Median/Mean: 4.0 / 3.844 | Fail: 0.828%\n"}
,{"stream_name":"stdout","time":9173.675996157,"data":"[Game 1700] Range: 2-7 | Median/Mean: 4.0 / 3.843 | Fail: 0.824%\n"}
,{"stream_name":"stdout","time":9234.882075879,"data":"[Game 1710] Range: 2-7 | Median/Mean: 4.0 / 3.847 | Fail: 0.877%\n"}
,{"stream_name":"stdout","time":9280.564904887,"data":"[Game 1720] Range: 2-7 | Median/Mean: 4.0 / 3.848 | Fail: 0.872%\n"}
,{"stream_name":"stdout","time":9336.007994917,"data":"[Game 1730] Range: 2-8 | Median/Mean: 4.0 / 3.850 | Fail: 0.925%\n"}
,{"stream_name":"stdout","time":9398.282823959,"data":"[Game 1740] Range: 2-8 | Median/Mean: 4.0 / 3.855 | Fail: 1.034%\n"}
,{"stream_name":"stdout","time":9464.647696082,"data":"[Game 1750] Range: 2-8 | Median/Mean: 4.0 / 3.853 | Fail: 1.029%\n"}
,{"stream_name":"stdout","time":9507.776006833,"data":"[Game 1760] Range: 2-8 | Median/Mean: 4.0 / 3.853 | Fail: 1.080%\n"}
,{"stream_name":"stdout","time":9561.874112008,"data":"[Game 1770] Range: 2-8 | Median/Mean: 4.0 / 3.853 | Fail: 1.073%\n"}
,{"stream_name":"stdout","time":9619.280316785,"data":"[Game 1780] Range: 2-8 | Median/Mean: 4.0 / 3.853 | Fail: 1.067%\n"}
,{"stream_name":"stdout","time":9667.234407095,"data":"[Game 1790] Range: 2-8 | Median/Mean: 4.0 / 3.854 | Fail: 1.061%\n"}
,{"stream_name":"stdout","time":9700.323189384,"data":"[Game 1800] Range: 2-8 | Median/Mean: 4.0 / 3.856 | Fail: 1.056%\n"}
,{"stream_name":"stdout","time":9766.247316484,"data":"[Game 1810] Range: 2-8 | Median/Mean: 4.0 / 3.860 | Fail: 1.050%\n"}
,{"stream_name":"stdout","time":9802.981572521,"data":"[Game 1820] Range: 2-8 | Median/Mean: 4.0 / 3.859 | Fail: 1.044%\n"}
,{"stream_name":"stdout","time":9867.763143105,"data":"[Game 1830] Range: 2-8 | Median/Mean: 4.0 / 3.864 | Fail: 1.038%\n"}
,{"stream_name":"stdout","time":9904.523851044,"data":"[Game 1840] Range: 2-8 | Median/Mean: 4.0 / 3.864 | Fail: 1.033%\n"}
,{"stream_name":"stdout","time":9958.789911455,"data":"[Game 1850] Range: 2-8 | Median/Mean: 4.0 / 3.867 | Fail: 1.081%\n"}
,{"stream_name":"stdout","time":10011.803381787,"data":"[Game 1860] Range: 2-8 | Median/Mean: 4.0 / 3.865 | Fail: 1.075%\n"}
,{"stream_name":"stdout","time":10043.09064374,"data":"[Game 1870] Range: 2-8 | Median/Mean: 4.0 / 3.865 | Fail: 1.070%\n"}
,{"stream_name":"stdout","time":10080.086922692,"data":"[Game 1880] Range: 2-8 | Median/Mean: 4.0 / 3.866 | Fail: 1.117%\n"}
,{"stream_name":"stdout","time":10128.55695351,"data":"[Game 1890] Range: 2-8 | Median/Mean: 4.0 / 3.864 | Fail: 1.111%\n"}
,{"stream_name":"stdout","time":10178.221118434,"data":"[Game 1900] Range: 2-8 | Median/Mean: 4.0 / 3.866 | Fail: 1.158%\n"}
,{"stream_name":"stdout","time":10247.024617535,"data":"[Game 1910] Range: 2-8 | Median/Mean: 4.0 / 3.871 | Fail: 1.152%\n"}
,{"stream_name":"stdout","time":10303.15683654,"data":"[Game 1920] Range: 2-8 | Median/Mean: 4.0 / 3.872 | Fail: 1.146%\n"}
,{"stream_name":"stdout","time":10348.852727359,"data":"[Game 1930] Range: 2-8 | Median/Mean: 4.0 / 3.874 | Fail: 1.140%\n"}
,{"stream_name":"stdout","time":10380.583691687,"data":"[Game 1940] Range: 2-8 | Median/Mean: 4.0 / 3.873 | Fail: 1.134%\n"}
,{"stream_name":"stdout","time":10442.3240632,"data":"[Game 1950] Range: 2-8 | Median/Mean: 4.0 / 3.873 | Fail: 1.128%\n"}
,{"stream_name":"stdout","time":10496.671934378,"data":"[Game 1960] Range: 2-8 | Median/Mean: 4.0 / 3.875 | Fail: 1.122%\n"}
,{"stream_name":"stdout","time":10541.066292142,"data":"[Game 1970] Range: 2-8 | Median/Mean: 4.0 / 3.878 | Fail: 1.117%\n"}
,{"stream_name":"stdout","time":10602.83935942,"data":"[Game 1980] Range: 2-8 | Median/Mean: 4.0 / 3.879 | Fail: 1.111%\n"}
,{"stream_name":"stdout","time":10639.633191078,"data":"[Game 1990] Range: 2-8 | Median/Mean: 4.0 / 3.878 | Fail: 1.106%\n"}
,{"stream_name":"stdout","time":10702.516051336,"data":"[Game 2000] Range: 2-8 | Median/Mean: 4.0 / 3.882 | Fail: 1.150%\n"}
,{"stream_name":"stdout","time":10757.466766806,"data":"[Game 2010] Range: 2-8 | Median/Mean: 4.0 / 3.884 | Fail: 1.144%\n"}
,{"stream_name":"stdout","time":10814.861227515,"data":"[Game 2020] Range: 2-8 | Median/Mean: 4.0 / 3.885 | Fail: 1.188%\n"}
,{"stream_name":"stdout","time":10870.464561244,"data":"[Game 2030] Range: 2-8 | Median/Mean: 4.0 / 3.887 | Fail: 1.182%\n"}
,{"stream_name":"stdout","time":10918.786322485,"data":"[Game 2040] Range: 2-8 | Median/Mean: 4.0 / 3.888 | Fail: 1.176%\n"}
,{"stream_name":"stdout","time":10989.514375249,"data":"[Game 2050] Range: 2-8 | Median/Mean: 4.0 / 3.887 | Fail: 1.171%\n"}
,{"stream_name":"stdout","time":11052.311540494,"data":"[Game 2060] Range: 2-8 | Median/Mean: 4.0 / 3.887 | Fail: 1.165%\n"}
,{"stream_name":"stdout","time":11095.792414571,"data":"[Game 2070] Range: 2-8 | Median/Mean: 4.0 / 3.891 | Fail: 1.208%\n"}
,{"stream_name":"stdout","time":11143.611840948,"data":"[Game 2080] Range: 2-8 | Median/Mean: 4.0 / 3.892 | Fail: 1.202%\n"}
,{"stream_name":"stdout","time":11204.504433293,"data":"[Game 2090] Range: 2-8 | Median/Mean: 4.0 / 3.894 | Fail: 1.196%\n"}
,{"stream_name":"stdout","time":11261.140572063,"data":"[Game 2100] Range: 2-8 | Median/Mean: 4.0 / 3.898 | Fail: 1.190%\n"}
,{"stream_name":"stdout","time":11312.646109712,"data":"[Game 2110] Range: 2-8 | Median/Mean: 4.0 / 3.897 | Fail: 1.185%\n"}
,{"stream_name":"stdout","time":11362.751948014,"data":"[Game 2120] Range: 2-8 | Median/Mean: 4.0 / 3.896 | Fail: 1.179%\n"}
,{"stream_name":"stdout","time":11429.001150291,"data":"[Game 2130] Range: 2-8 | Median/Mean: 4.0 / 3.896 | Fail: 1.174%\n"}
,{"stream_name":"stdout","time":11487.662746453,"data":"[Game 2140] Range: 2-8 | Median/Mean: 4.0 / 3.900 | Fail: 1.215%\n"}
,{"stream_name":"stdout","time":11533.434008104,"data":"[Game 2150] Range: 2-8 | Median/Mean: 4.0 / 3.899 | Fail: 1.209%\n"}
,{"stream_name":"stdout","time":11599.355303767,"data":"[Game 2160] Range: 2-8 | Median/Mean: 4.0 / 3.901 | Fail: 1.204%\n"}
,{"stream_name":"stdout","time":11662.25452633,"data":"[Game 2170] Range: 2-8 | Median/Mean: 4.0 / 3.903 | Fail: 1.244%\n"}
,{"stream_name":"stdout","time":11724.128486505,"data":"[Game 2180] Range: 2-8 | Median/Mean: 4.0 / 3.904 | Fail: 1.284%\n"}
,{"stream_name":"stdout","time":11787.693913518,"data":"[Game 2190] Range: 2-8 | Median/Mean: 4.0 / 3.907 | Fail: 1.279%\n"}
,{"stream_name":"stdout","time":11866.411626633,"data":"[Game 2200] Range: 2-8 | Median/Mean: 4.0 / 3.910 | Fail: 1.273%\n"}
,{"stream_name":"stdout","time":11925.826732346,"data":"[Game 2210] Range: 2-8 | Median/Mean: 4.0 / 3.913 | Fail: 1.312%\n"}
,{"stream_name":"stdout","time":12000.218217983,"data":"[Game 2220] Range: 2-8 | Median/Mean: 4.0 / 3.916 | Fail: 1.306%\n"}
,{"stream_name":"stdout","time":12036.963623465,"data":"[Game 2230] Range: 2-8 | Median/Mean: 4.0 / 3.917 | Fail: 1.300%\n"}
,{"stream_name":"stdout","time":12067.975926021,"data":"[Game 2240] Range: 2-8 | Median/Mean: 4.0 / 3.918 | Fail: 1.339%\n"}
,{"stream_name":"stdout","time":12136.908297641,"data":"[Game 2250] Range: 2-8 | Median/Mean: 4.0 / 3.923 | Fail: 1.378%\n"}
,{"stream_name":"stdout","time":12190.88959066,"data":"[Game 2260] Range: 2-8 | Median/Mean: 4.0 / 3.924 | Fail: 1.416%\n"}
,{"stream_name":"stdout","time":12248.107784769,"data":"[Game 2270] Range: 2-8 | Median/Mean: 4.0 / 3.924 | Fail: 1.410%\n"}
,{"stream_name":"stdout","time":12281.71883245,"data":"[Game 2280] Range: 2-8 | Median/Mean: 4.0 / 3.926 | Fail: 1.404%\n"}
,{"stream_name":"stdout","time":12345.257603372,"data":"[Game 2290] Range: 2-8 | Median/Mean: 4.0 / 3.928 | Fail: 1.485%\n"}
,{"stream_name":"stdout","time":12392.163060157,"data":"[Game 2300] Range: 2-8 | Median/Mean: 4.0 / 3.928 | Fail: 1.478%\n"}
,{"stream_name":"stdout","time":12440.674372987,"data":"[Game 2310] Range: 2-8 | Median/Mean: 4.0 / 3.928 | Fail: 1.472%\n"}
,{"stream_name":"stdout","time":12466.583583366,"data":"Summary:\n"}
,{"stream_name":"stdout","time":12466.601410177,"data":"Distribution across steps:\n"}
,{"stream_name":"stdout","time":12466.610236682,"data":"Key Metrics:\n"}
,{"stream_name":"stderr","time":12471.199409872,"data":"/opt/conda/lib/python3.7/site-packages/traitlets/traitlets.py:2567: FutureWarning: --Exporter.preprocessors=[\"remove_papermill_header.RemovePapermillHeader\"] for containers is deprecated in traitlets 5.0. You can pass `--Exporter.preprocessors item` ... multiple times to add items to a list.\n"}
,{"stream_name":"stderr","time":12471.199468983,"data":"  FutureWarning,\n"}
,{"stream_name":"stderr","time":12471.199482192,"data":"[NbConvertApp] Converting notebook __notebook__.ipynb to notebook\n"}
,{"stream_name":"stderr","time":12471.662511467,"data":"[NbConvertApp] Writing 32502 bytes to __notebook__.ipynb\n"}
,{"stream_name":"stderr","time":12474.235095225,"data":"/opt/conda/lib/python3.7/site-packages/traitlets/traitlets.py:2567: FutureWarning: --Exporter.preprocessors=[\"nbconvert.preprocessors.ExtractOutputPreprocessor\"] for containers is deprecated in traitlets 5.0. You can pass `--Exporter.preprocessors item` ... multiple times to add items to a list.\n"}
,{"stream_name":"stderr","time":12474.235184777,"data":"  FutureWarning,\n"}
,{"stream_name":"stderr","time":12474.235190233,"data":"[NbConvertApp] Converting notebook __notebook__.ipynb to html\n"}
,{"stream_name":"stderr","time":12474.869400879,"data":"[NbConvertApp] Writing 306892 bytes to __results__.html\n"}
]