[{"stream_name":"stderr","time":15.319881323,"data":"/opt/conda/lib/python3.7/site-packages/papermill/iorw.py:50: FutureWarning: pyarrow.HadoopFileSystem is deprecated as of 2.0.0, please use pyarrow.fs.HadoopFileSystem instead.\n"}
,{"stream_name":"stderr","time":15.320227814,"data":"  from pyarrow import HadoopFileSystem\n"}
,{"stream_name":"stdout","time":16.212023517,"data":"[ ---------- TALES ----------]\n"}
,{"stream_name":"stdout","time":70.822906081,"data":"[Game 10] Range: 2-4 | Median/Mean: 3.0 / 3.200 | Fail: 0.000%\n"}
,{"stream_name":"stdout","time":126.671683645,"data":"[Game 20] Range: 2-5 | Median/Mean: 3.0 / 3.450 | Fail: 0.000%\n"}
,{"stream_name":"stdout","time":171.237715246,"data":"[Game 30] Range: 2-5 | Median/Mean: 3.0 / 3.433 | Fail: 0.000%\n"}
,{"stream_name":"stdout","time":211.295081443,"data":"[Game 40] Range: 2-5 | Median/Mean: 3.0 / 3.500 | Fail: 0.000%\n"}
,{"stream_name":"stdout","time":273.466168296,"data":"[Game 50] Range: 2-5 | Median/Mean: 3.0 / 3.500 | Fail: 0.000%\n"}
,{"stream_name":"stdout","time":323.32407674,"data":"[Game 60] Range: 2-5 | Median/Mean: 3.0 / 3.517 | Fail: 0.000%\n"}
,{"stream_name":"stdout","time":371.340311337,"data":"[Game 70] Range: 2-5 | Median/Mean: 3.0 / 3.557 | Fail: 0.000%\n"}
,{"stream_name":"stdout","time":417.421866508,"data":"[Game 80] Range: 2-5 | Median/Mean: 3.0 / 3.550 | Fail: 0.000%\n"}
,{"stream_name":"stdout","time":479.516058373,"data":"[Game 90] Range: 2-7 | Median/Mean: 3.5 / 3.589 | Fail: 1.111%\n"}
,{"stream_name":"stdout","time":528.508500603,"data":"[Game 100] Range: 2-7 | Median/Mean: 3.0 / 3.570 | Fail: 1.000%\n"}
,{"stream_name":"stdout","time":574.938173935,"data":"[Game 110] Range: 2-7 | Median/Mean: 3.0 / 3.545 | Fail: 0.909%\n"}
,{"stream_name":"stdout","time":633.345924744,"data":"[Game 120] Range: 2-7 | Median/Mean: 3.5 / 3.575 | Fail: 0.833%\n"}
,{"stream_name":"stdout","time":671.472523006,"data":"[Game 130] Range: 2-7 | Median/Mean: 3.0 / 3.554 | Fail: 0.769%\n"}
,{"stream_name":"stdout","time":721.899689263,"data":"[Game 140] Range: 2-7 | Median/Mean: 3.0 / 3.536 | Fail: 0.714%\n"}
,{"stream_name":"stdout","time":789.464255463,"data":"[Game 150] Range: 2-7 | Median/Mean: 4.0 / 3.560 | Fail: 0.667%\n"}
,{"stream_name":"stdout","time":855.839063609,"data":"[Game 160] Range: 2-7 | Median/Mean: 4.0 / 3.600 | Fail: 0.625%\n"}
,{"stream_name":"stdout","time":902.409978391,"data":"[Game 170] Range: 2-7 | Median/Mean: 4.0 / 3.588 | Fail: 0.588%\n"}
,{"stream_name":"stdout","time":944.208821176,"data":"[Game 180] Range: 2-7 | Median/Mean: 4.0 / 3.578 | Fail: 0.556%\n"}
,{"stream_name":"stdout","time":1006.511987055,"data":"[Game 190] Range: 2-7 | Median/Mean: 4.0 / 3.600 | Fail: 0.526%\n"}
,{"stream_name":"stdout","time":1042.335755412,"data":"[Game 200] Range: 2-7 | Median/Mean: 4.0 / 3.590 | Fail: 0.500%\n"}
,{"stream_name":"stdout","time":1086.061915467,"data":"[Game 210] Range: 2-7 | Median/Mean: 4.0 / 3.600 | Fail: 0.476%\n"}
,{"stream_name":"stdout","time":1152.762859709,"data":"[Game 220] Range: 2-7 | Median/Mean: 4.0 / 3.582 | Fail: 0.455%\n"}
,{"stream_name":"stdout","time":1202.825762689,"data":"[Game 230] Range: 2-7 | Median/Mean: 4.0 / 3.596 | Fail: 0.435%\n"}
,{"stream_name":"stdout","time":1240.107720363,"data":"[Game 240] Range: 2-7 | Median/Mean: 4.0 / 3.600 | Fail: 0.417%\n"}
,{"stream_name":"stdout","time":1286.95357443,"data":"[Game 250] Range: 2-7 | Median/Mean: 4.0 / 3.604 | Fail: 0.400%\n"}
,{"stream_name":"stdout","time":1340.349754939,"data":"[Game 260] Range: 2-7 | Median/Mean: 4.0 / 3.596 | Fail: 0.385%\n"}
,{"stream_name":"stdout","time":1370.499907711,"data":"[Game 270] Range: 2-7 | Median/Mean: 4.0 / 3.589 | Fail: 0.370%\n"}
,{"stream_name":"stdout","time":1398.858400444,"data":"[Game 280] Range: 2-7 | Median/Mean: 4.0 / 3.575 | Fail: 0.357%\n"}
,{"stream_name":"stdout","time":1460.627165322,"data":"[Game 290] Range: 2-7 | Median/Mean: 4.0 / 3.583 | Fail: 0.345%\n"}
,{"stream_name":"stdout","time":1507.275076003,"data":"[Game 300] Range: 2-7 | Median/Mean: 4.0 / 3.577 | Fail: 0.333%\n"}
,{"stream_name":"stdout","time":1564.720333402,"data":"[Game 310] Range: 2-7 | Median/Mean: 4.0 / 3.587 | Fail: 0.323%\n"}
,{"stream_name":"stdout","time":1621.372287015,"data":"[Game 320] Range: 2-7 | Median/Mean: 4.0 / 3.597 | Fail: 0.312%\n"}
,{"stream_name":"stdout","time":1652.29042008,"data":"[Game 330] Range: 2-8 | Median/Mean: 4.0 / 3.606 | Fail: 0.606%\n"}
,{"stream_name":"stdout","time":1679.55323964,"data":"[Game 340] Range: 2-8 | Median/Mean: 4.0 / 3.603 | Fail: 0.588%\n"}
,{"stream_name":"stdout","time":1741.431671431,"data":"[Game 350] Range: 2-8 | Median/Mean: 4.0 / 3.603 | Fail: 0.571%\n"}
,{"stream_name":"stdout","time":1790.787423859,"data":"[Game 360] Range: 2-8 | Median/Mean: 4.0 / 3.606 | Fail: 0.556%\n"}
,{"stream_name":"stdout","time":1845.165550326,"data":"[Game 370] Range: 2-8 | Median/Mean: 4.0 / 3.611 | Fail: 0.541%\n"}
,{"stream_name":"stdout","time":1903.622904763,"data":"[Game 380] Range: 2-8 | Median/Mean: 4.0 / 3.613 | Fail: 0.526%\n"}
,{"stream_name":"stdout","time":1953.487907831,"data":"[Game 390] Range: 2-8 | Median/Mean: 4.0 / 3.615 | Fail: 0.513%\n"}
,{"stream_name":"stdout","time":2012.850877059,"data":"[Game 400] Range: 2-8 | Median/Mean: 4.0 / 3.618 | Fail: 0.500%\n"}
,{"stream_name":"stdout","time":2079.647810095,"data":"[Game 410] Range: 2-8 | Median/Mean: 4.0 / 3.620 | Fail: 0.488%\n"}
,{"stream_name":"stdout","time":2149.041312937,"data":"[Game 420] Range: 2-8 | Median/Mean: 4.0 / 3.619 | Fail: 0.476%\n"}
,{"stream_name":"stdout","time":2211.45514387,"data":"[Game 430] Range: 2-8 | Median/Mean: 4.0 / 3.626 | Fail: 0.465%\n"}
,{"stream_name":"stdout","time":2269.02270084,"data":"[Game 440] Range: 2-8 | Median/Mean: 4.0 / 3.634 | Fail: 0.455%\n"}
,{"stream_name":"stdout","time":2306.393367495,"data":"[Game 450] Range: 2-8 | Median/Mean: 4.0 / 3.627 | Fail: 0.444%\n"}
,{"stream_name":"stdout","time":2368.304430784,"data":"[Game 460] Range: 2-8 | Median/Mean: 4.0 / 3.635 | Fail: 0.435%\n"}
,{"stream_name":"stdout","time":2402.856991354,"data":"[Game 470] Range: 2-8 | Median/Mean: 4.0 / 3.630 | Fail: 0.426%\n"}
,{"stream_name":"stdout","time":2448.941845065,"data":"[Game 480] Range: 2-8 | Median/Mean: 4.0 / 3.623 | Fail: 0.417%\n"}
,{"stream_name":"stdout","time":2497.379258418,"data":"[Game 490] Range: 2-8 | Median/Mean: 4.0 / 3.622 | Fail: 0.408%\n"}
,{"stream_name":"stdout","time":2552.601765141,"data":"[Game 500] Range: 2-8 | Median/Mean: 4.0 / 3.630 | Fail: 0.400%\n"}
,{"stream_name":"stdout","time":2601.372873188,"data":"[Game 510] Range: 2-8 | Median/Mean: 4.0 / 3.624 | Fail: 0.392%\n"}
,{"stream_name":"stdout","time":2662.778689982,"data":"[Game 520] Range: 2-8 | Median/Mean: 4.0 / 3.623 | Fail: 0.385%\n"}
,{"stream_name":"stdout","time":2706.848189845,"data":"[Game 530] Range: 2-8 | Median/Mean: 4.0 / 3.619 | Fail: 0.377%\n"}
,{"stream_name":"stdout","time":2763.739685018,"data":"[Game 540] Range: 2-8 | Median/Mean: 4.0 / 3.622 | Fail: 0.370%\n"}
,{"stream_name":"stdout","time":2800.098778771,"data":"[Game 550] Range: 2-8 | Median/Mean: 4.0 / 3.616 | Fail: 0.364%\n"}
,{"stream_name":"stdout","time":2860.018778545,"data":"[Game 560] Range: 2-8 | Median/Mean: 4.0 / 3.620 | Fail: 0.357%\n"}
,{"stream_name":"stdout","time":2911.966174699,"data":"[Game 570] Range: 2-8 | Median/Mean: 4.0 / 3.621 | Fail: 0.351%\n"}
,{"stream_name":"stdout","time":2957.303913424,"data":"[Game 580] Range: 2-8 | Median/Mean: 4.0 / 3.616 | Fail: 0.345%\n"}
,{"stream_name":"stdout","time":3018.069054795,"data":"[Game 590] Range: 2-8 | Median/Mean: 4.0 / 3.627 | Fail: 0.339%\n"}
,{"stream_name":"stdout","time":3062.648932068,"data":"[Game 600] Range: 2-8 | Median/Mean: 4.0 / 3.625 | Fail: 0.333%\n"}
,{"stream_name":"stdout","time":3108.008186121,"data":"[Game 610] Range: 2-8 | Median/Mean: 4.0 / 3.620 | Fail: 0.328%\n"}
,{"stream_name":"stdout","time":3142.482705447,"data":"[Game 620] Range: 2-8 | Median/Mean: 4.0 / 3.618 | Fail: 0.323%\n"}
,{"stream_name":"stdout","time":3198.130592789,"data":"[Game 630] Range: 2-8 | Median/Mean: 4.0 / 3.619 | Fail: 0.317%\n"}
,{"stream_name":"stdout","time":3259.009770284,"data":"[Game 640] Range: 2-8 | Median/Mean: 4.0 / 3.620 | Fail: 0.312%\n"}
,{"stream_name":"stdout","time":3312.130341855,"data":"[Game 650] Range: 2-8 | Median/Mean: 4.0 / 3.625 | Fail: 0.308%\n"}
,{"stream_name":"stdout","time":3380.089879085,"data":"[Game 660] Range: 2-8 | Median/Mean: 4.0 / 3.632 | Fail: 0.303%\n"}
,{"stream_name":"stdout","time":3419.981501147,"data":"[Game 670] Range: 2-8 | Median/Mean: 4.0 / 3.627 | Fail: 0.299%\n"}
,{"stream_name":"stdout","time":3468.954216828,"data":"[Game 680] Range: 2-8 | Median/Mean: 4.0 / 3.625 | Fail: 0.294%\n"}
,{"stream_name":"stdout","time":3512.271746037,"data":"[Game 690] Range: 2-8 | Median/Mean: 4.0 / 3.626 | Fail: 0.290%\n"}
,{"stream_name":"stdout","time":3568.019351943,"data":"[Game 700] Range: 2-8 | Median/Mean: 4.0 / 3.633 | Fail: 0.286%\n"}
,{"stream_name":"stdout","time":3609.236717531,"data":"[Game 710] Range: 2-8 | Median/Mean: 4.0 / 3.635 | Fail: 0.423%\n"}
,{"stream_name":"stdout","time":3669.767583864,"data":"[Game 720] Range: 2-8 | Median/Mean: 4.0 / 3.635 | Fail: 0.417%\n"}
,{"stream_name":"stdout","time":3722.473583003,"data":"[Game 730] Range: 2-8 | Median/Mean: 4.0 / 3.640 | Fail: 0.411%\n"}
,{"stream_name":"stdout","time":3757.749800113,"data":"[Game 740] Range: 2-8 | Median/Mean: 4.0 / 3.635 | Fail: 0.405%\n"}
,{"stream_name":"stdout","time":3820.338550918,"data":"[Game 750] Range: 2-8 | Median/Mean: 4.0 / 3.633 | Fail: 0.400%\n"}
,{"stream_name":"stdout","time":3879.141194561,"data":"[Game 760] Range: 2-8 | Median/Mean: 4.0 / 3.636 | Fail: 0.395%\n"}
,{"stream_name":"stdout","time":3952.778001819,"data":"[Game 770] Range: 2-8 | Median/Mean: 4.0 / 3.638 | Fail: 0.390%\n"}
,{"stream_name":"stdout","time":4010.141139367,"data":"[Game 780] Range: 2-8 | Median/Mean: 4.0 / 3.645 | Fail: 0.385%\n"}
,{"stream_name":"stdout","time":4058.43252683,"data":"[Game 790] Range: 2-8 | Median/Mean: 4.0 / 3.644 | Fail: 0.380%\n"}
,{"stream_name":"stdout","time":4106.775352435,"data":"[Game 800] Range: 2-8 | Median/Mean: 4.0 / 3.647 | Fail: 0.375%\n"}
,{"stream_name":"stdout","time":4151.349274008,"data":"[Game 810] Range: 2-8 | Median/Mean: 4.0 / 3.649 | Fail: 0.370%\n"}
,{"stream_name":"stdout","time":4206.545488651,"data":"[Game 820] Range: 2-8 | Median/Mean: 4.0 / 3.648 | Fail: 0.366%\n"}
,{"stream_name":"stdout","time":4268.713458311,"data":"[Game 830] Range: 2-8 | Median/Mean: 4.0 / 3.659 | Fail: 0.361%\n"}
,{"stream_name":"stdout","time":4297.697613555,"data":"[Game 840] Range: 2-8 | Median/Mean: 4.0 / 3.657 | Fail: 0.357%\n"}
,{"stream_name":"stdout","time":4344.456996146,"data":"[Game 850] Range: 2-8 | Median/Mean: 4.0 / 3.658 | Fail: 0.353%\n"}
,{"stream_name":"stdout","time":4400.194928317,"data":"[Game 860] Range: 2-8 | Median/Mean: 4.0 / 3.659 | Fail: 0.349%\n"}
,{"stream_name":"stdout","time":4468.312317366,"data":"[Game 870] Range: 2-8 | Median/Mean: 4.0 / 3.659 | Fail: 0.345%\n"}
,{"stream_name":"stdout","time":4512.027114909,"data":"[Game 880] Range: 2-8 | Median/Mean: 4.0 / 3.656 | Fail: 0.341%\n"}
,{"stream_name":"stdout","time":4550.134680954,"data":"[Game 890] Range: 2-8 | Median/Mean: 4.0 / 3.654 | Fail: 0.337%\n"}
,{"stream_name":"stdout","time":4599.238466959,"data":"[Game 900] Range: 2-8 | Median/Mean: 4.0 / 3.653 | Fail: 0.333%\n"}
,{"stream_name":"stdout","time":4658.778817551,"data":"[Game 910] Range: 2-8 | Median/Mean: 4.0 / 3.655 | Fail: 0.440%\n"}
,{"stream_name":"stdout","time":4715.362656662,"data":"[Game 920] Range: 2-8 | Median/Mean: 4.0 / 3.657 | Fail: 0.435%\n"}
,{"stream_name":"stdout","time":4743.799928895,"data":"[Game 930] Range: 2-8 | Median/Mean: 4.0 / 3.656 | Fail: 0.430%\n"}
,{"stream_name":"stdout","time":4798.438725631,"data":"[Game 940] Range: 2-8 | Median/Mean: 4.0 / 3.655 | Fail: 0.426%\n"}
,{"stream_name":"stdout","time":4853.19816146,"data":"[Game 950] Range: 2-8 | Median/Mean: 4.0 / 3.653 | Fail: 0.421%\n"}
,{"stream_name":"stdout","time":4900.972360189,"data":"[Game 960] Range: 2-8 | Median/Mean: 4.0 / 3.650 | Fail: 0.417%\n"}
,{"stream_name":"stdout","time":4949.008189467,"data":"[Game 970] Range: 2-8 | Median/Mean: 4.0 / 3.651 | Fail: 0.412%\n"}
,{"stream_name":"stdout","time":5003.96554757,"data":"[Game 980] Range: 2-8 | Median/Mean: 4.0 / 3.654 | Fail: 0.408%\n"}
,{"stream_name":"stdout","time":5043.645154285,"data":"[Game 990] Range: 2-8 | Median/Mean: 4.0 / 3.654 | Fail: 0.404%\n"}
,{"stream_name":"stdout","time":5073.628979778,"data":"[Game 1000] Range: 2-8 | Median/Mean: 4.0 / 3.653 | Fail: 0.400%\n"}
,{"stream_name":"stdout","time":5137.625787201,"data":"[Game 1010] Range: 2-8 | Median/Mean: 4.0 / 3.650 | Fail: 0.396%\n"}
,{"stream_name":"stdout","time":5185.676496737,"data":"[Game 1020] Range: 2-8 | Median/Mean: 4.0 / 3.650 | Fail: 0.392%\n"}
,{"stream_name":"stdout","time":5240.871977141,"data":"[Game 1030] Range: 2-8 | Median/Mean: 4.0 / 3.651 | Fail: 0.388%\n"}
,{"stream_name":"stdout","time":5281.512156653,"data":"[Game 1040] Range: 2-8 | Median/Mean: 4.0 / 3.653 | Fail: 0.385%\n"}
,{"stream_name":"stdout","time":5335.708014619,"data":"[Game 1050] Range: 2-8 | Median/Mean: 4.0 / 3.656 | Fail: 0.381%\n"}
,{"stream_name":"stdout","time":5405.378461715,"data":"[Game 1060] Range: 2-8 | Median/Mean: 4.0 / 3.659 | Fail: 0.377%\n"}
,{"stream_name":"stdout","time":5453.00218656,"data":"[Game 1070] Range: 2-8 | Median/Mean: 4.0 / 3.657 | Fail: 0.374%\n"}
,{"stream_name":"stdout","time":5515.750311905,"data":"[Game 1080] Range: 2-8 | Median/Mean: 4.0 / 3.656 | Fail: 0.370%\n"}
,{"stream_name":"stdout","time":5573.281783493,"data":"[Game 1090] Range: 2-8 | Median/Mean: 4.0 / 3.663 | Fail: 0.459%\n"}
,{"stream_name":"stdout","time":5619.84110172,"data":"[Game 1100] Range: 2-8 | Median/Mean: 4.0 / 3.665 | Fail: 0.455%\n"}
,{"stream_name":"stdout","time":5661.252015551,"data":"[Game 1110] Range: 2-8 | Median/Mean: 4.0 / 3.666 | Fail: 0.450%\n"}
,{"stream_name":"stdout","time":5726.128983697,"data":"[Game 1120] Range: 2-8 | Median/Mean: 4.0 / 3.663 | Fail: 0.446%\n"}
,{"stream_name":"stdout","time":5763.132032698,"data":"[Game 1130] Range: 2-8 | Median/Mean: 4.0 / 3.662 | Fail: 0.442%\n"}
,{"stream_name":"stdout","time":5825.693323244,"data":"[Game 1140] Range: 2-8 | Median/Mean: 4.0 / 3.664 | Fail: 0.439%\n"}
,{"stream_name":"stdout","time":5885.426553374,"data":"[Game 1150] Range: 2-8 | Median/Mean: 4.0 / 3.667 | Fail: 0.435%\n"}
,{"stream_name":"stdout","time":5935.459939929,"data":"[Game 1160] Range: 2-8 | Median/Mean: 4.0 / 3.666 | Fail: 0.431%\n"}
,{"stream_name":"stdout","time":5983.535511885,"data":"[Game 1170] Range: 2-8 | Median/Mean: 4.0 / 3.667 | Fail: 0.427%\n"}
,{"stream_name":"stdout","time":6034.780878756,"data":"[Game 1180] Range: 2-8 | Median/Mean: 4.0 / 3.671 | Fail: 0.424%\n"}
,{"stream_name":"stdout","time":6092.305504065,"data":"[Game 1190] Range: 2-8 | Median/Mean: 4.0 / 3.674 | Fail: 0.504%\n"}
,{"stream_name":"stdout","time":6143.022969771,"data":"[Game 1200] Range: 2-8 | Median/Mean: 4.0 / 3.673 | Fail: 0.500%\n"}
,{"stream_name":"stdout","time":6177.806546618,"data":"[Game 1210] Range: 2-8 | Median/Mean: 4.0 / 3.674 | Fail: 0.496%\n"}
,{"stream_name":"stdout","time":6221.289242407,"data":"[Game 1220] Range: 2-8 | Median/Mean: 4.0 / 3.680 | Fail: 0.492%\n"}
,{"stream_name":"stdout","time":6281.00708101,"data":"[Game 1230] Range: 2-9 | Median/Mean: 4.0 / 3.688 | Fail: 0.569%\n"}
,{"stream_name":"stdout","time":6330.653088999,"data":"[Game 1240] Range: 2-9 | Median/Mean: 4.0 / 3.688 | Fail: 0.565%\n"}
,{"stream_name":"stdout","time":6371.05382248,"data":"[Game 1250] Range: 2-9 | Median/Mean: 4.0 / 3.689 | Fail: 0.560%\n"}
,{"stream_name":"stdout","time":6431.153746976,"data":"[Game 1260] Range: 2-9 | Median/Mean: 4.0 / 3.690 | Fail: 0.556%\n"}
,{"stream_name":"stdout","time":6475.950623369,"data":"[Game 1270] Range: 2-9 | Median/Mean: 4.0 / 3.690 | Fail: 0.551%\n"}
,{"stream_name":"stdout","time":6532.308519289,"data":"[Game 1280] Range: 2-9 | Median/Mean: 4.0 / 3.691 | Fail: 0.547%\n"}
,{"stream_name":"stdout","time":6570.217439426,"data":"[Game 1290] Range: 2-9 | Median/Mean: 4.0 / 3.689 | Fail: 0.543%\n"}
,{"stream_name":"stdout","time":6607.212657262,"data":"[Game 1300] Range: 2-9 | Median/Mean: 4.0 / 3.690 | Fail: 0.538%\n"}
,{"stream_name":"stdout","time":6650.994932947,"data":"[Game 1310] Range: 2-9 | Median/Mean: 4.0 / 3.690 | Fail: 0.534%\n"}
,{"stream_name":"stdout","time":6706.925668489,"data":"[Game 1320] Range: 2-9 | Median/Mean: 4.0 / 3.691 | Fail: 0.530%\n"}
,{"stream_name":"stdout","time":6777.418731429,"data":"[Game 1330] Range: 2-9 | Median/Mean: 4.0 / 3.692 | Fail: 0.526%\n"}
,{"stream_name":"stdout","time":6832.437360268,"data":"[Game 1340] Range: 2-9 | Median/Mean: 4.0 / 3.696 | Fail: 0.522%\n"}
,{"stream_name":"stdout","time":6892.021939719,"data":"[Game 1350] Range: 2-9 | Median/Mean: 4.0 / 3.694 | Fail: 0.519%\n"}
,{"stream_name":"stdout","time":6953.523690545,"data":"[Game 1360] Range: 2-9 | Median/Mean: 4.0 / 3.694 | Fail: 0.515%\n"}
,{"stream_name":"stdout","time":7006.073836502,"data":"[Game 1370] Range: 2-9 | Median/Mean: 4.0 / 3.695 | Fail: 0.511%\n"}
,{"stream_name":"stdout","time":7073.184516778,"data":"[Game 1380] Range: 2-9 | Median/Mean: 4.0 / 3.699 | Fail: 0.507%\n"}
,{"stream_name":"stdout","time":7135.001548873,"data":"[Game 1390] Range: 2-9 | Median/Mean: 4.0 / 3.700 | Fail: 0.504%\n"}
,{"stream_name":"stdout","time":7193.429517741,"data":"[Game 1400] Range: 2-9 | Median/Mean: 4.0 / 3.703 | Fail: 0.500%\n"}
,{"stream_name":"stdout","time":7240.593738036,"data":"[Game 1410] Range: 2-9 | Median/Mean: 4.0 / 3.709 | Fail: 0.496%\n"}
,{"stream_name":"stdout","time":7277.52322488,"data":"[Game 1420] Range: 2-9 | Median/Mean: 4.0 / 3.709 | Fail: 0.493%\n"}
,{"stream_name":"stdout","time":7321.95609523,"data":"[Game 1430] Range: 2-9 | Median/Mean: 4.0 / 3.713 | Fail: 0.490%\n"}
,{"stream_name":"stdout","time":7359.884851694,"data":"[Game 1440] Range: 2-9 | Median/Mean: 4.0 / 3.714 | Fail: 0.486%\n"}
,{"stream_name":"stdout","time":7418.411344372,"data":"[Game 1450] Range: 2-9 | Median/Mean: 4.0 / 3.721 | Fail: 0.483%\n"}
,{"stream_name":"stdout","time":7475.631065447,"data":"[Game 1460] Range: 2-9 | Median/Mean: 4.0 / 3.722 | Fail: 0.479%\n"}
,{"stream_name":"stdout","time":7510.442224599,"data":"[Game 1470] Range: 2-9 | Median/Mean: 4.0 / 3.725 | Fail: 0.476%\n"}
,{"stream_name":"stdout","time":7563.342553625,"data":"[Game 1480] Range: 2-9 | Median/Mean: 4.0 / 3.728 | Fail: 0.473%\n"}
,{"stream_name":"stdout","time":7610.733626647,"data":"[Game 1490] Range: 2-9 | Median/Mean: 4.0 / 3.728 | Fail: 0.470%\n"}
,{"stream_name":"stdout","time":7671.596124868,"data":"[Game 1500] Range: 2-9 | Median/Mean: 4.0 / 3.730 | Fail: 0.467%\n"}
,{"stream_name":"stdout","time":7731.660751091,"data":"[Game 1510] Range: 2-9 | Median/Mean: 4.0 / 3.731 | Fail: 0.464%\n"}
,{"stream_name":"stdout","time":7773.661942834,"data":"[Game 1520] Range: 2-9 | Median/Mean: 4.0 / 3.732 | Fail: 0.461%\n"}
,{"stream_name":"stdout","time":7833.518379933,"data":"[Game 1530] Range: 2-9 | Median/Mean: 4.0 / 3.733 | Fail: 0.458%\n"}
,{"stream_name":"stdout","time":7886.115061519,"data":"[Game 1540] Range: 2-9 | Median/Mean: 4.0 / 3.732 | Fail: 0.455%\n"}
,{"stream_name":"stdout","time":7927.407971625,"data":"[Game 1550] Range: 2-9 | Median/Mean: 4.0 / 3.732 | Fail: 0.452%\n"}
,{"stream_name":"stdout","time":7971.523377523,"data":"[Game 1560] Range: 2-9 | Median/Mean: 4.0 / 3.734 | Fail: 0.449%\n"}
,{"stream_name":"stdout","time":8022.876278161,"data":"[Game 1570] Range: 2-9 | Median/Mean: 4.0 / 3.733 | Fail: 0.446%\n"}
,{"stream_name":"stdout","time":8065.415526937,"data":"[Game 1580] Range: 2-9 | Median/Mean: 4.0 / 3.734 | Fail: 0.443%\n"}
,{"stream_name":"stdout","time":8100.810718319,"data":"[Game 1590] Range: 2-9 | Median/Mean: 4.0 / 3.733 | Fail: 0.440%\n"}
,{"stream_name":"stdout","time":8131.823177827,"data":"[Game 1600] Range: 2-9 | Median/Mean: 4.0 / 3.734 | Fail: 0.438%\n"}
,{"stream_name":"stdout","time":8185.734407763,"data":"[Game 1610] Range: 2-9 | Median/Mean: 4.0 / 3.733 | Fail: 0.435%\n"}
,{"stream_name":"stdout","time":8258.484796618,"data":"[Game 1620] Range: 2-9 | Median/Mean: 4.0 / 3.733 | Fail: 0.432%\n"}
,{"stream_name":"stdout","time":8302.601841692,"data":"[Game 1630] Range: 2-9 | Median/Mean: 4.0 / 3.735 | Fail: 0.429%\n"}
,{"stream_name":"stdout","time":8359.670343306,"data":"[Game 1640] Range: 2-9 | Median/Mean: 4.0 / 3.735 | Fail: 0.427%\n"}
,{"stream_name":"stdout","time":8412.722075066,"data":"[Game 1650] Range: 2-9 | Median/Mean: 4.0 / 3.737 | Fail: 0.424%\n"}
,{"stream_name":"stdout","time":8452.698928796,"data":"[Game 1660] Range: 2-9 | Median/Mean: 4.0 / 3.742 | Fail: 0.422%\n"}
,{"stream_name":"stdout","time":8496.543303791,"data":"[Game 1670] Range: 2-9 | Median/Mean: 4.0 / 3.743 | Fail: 0.419%\n"}
,{"stream_name":"stdout","time":8573.283432515,"data":"[Game 1680] Range: 2-9 | Median/Mean: 4.0 / 3.749 | Fail: 0.417%\n"}
,{"stream_name":"stdout","time":8617.635245545,"data":"[Game 1690] Range: 2-9 | Median/Mean: 4.0 / 3.748 | Fail: 0.414%\n"}
,{"stream_name":"stdout","time":8674.666166144,"data":"[Game 1700] Range: 2-9 | Median/Mean: 4.0 / 3.749 | Fail: 0.412%\n"}
,{"stream_name":"stdout","time":8723.699886449,"data":"[Game 1710] Range: 2-9 | Median/Mean: 4.0 / 3.753 | Fail: 0.468%\n"}
,{"stream_name":"stdout","time":8772.731571884,"data":"[Game 1720] Range: 2-9 | Median/Mean: 4.0 / 3.752 | Fail: 0.465%\n"}
,{"stream_name":"stdout","time":8832.715567003,"data":"[Game 1730] Range: 2-9 | Median/Mean: 4.0 / 3.754 | Fail: 0.462%\n"}
,{"stream_name":"stdout","time":8889.188699672,"data":"[Game 1740] Range: 2-9 | Median/Mean: 4.0 / 3.758 | Fail: 0.460%\n"}
,{"stream_name":"stdout","time":8942.539998696,"data":"[Game 1750] Range: 2-9 | Median/Mean: 4.0 / 3.756 | Fail: 0.457%\n"}
,{"stream_name":"stdout","time":9004.179264618,"data":"[Game 1760] Range: 2-9 | Median/Mean: 4.0 / 3.756 | Fail: 0.455%\n"}
,{"stream_name":"stdout","time":9060.601235162,"data":"[Game 1770] Range: 2-9 | Median/Mean: 4.0 / 3.757 | Fail: 0.452%\n"}
,{"stream_name":"stdout","time":9116.761483707,"data":"[Game 1780] Range: 2-9 | Median/Mean: 4.0 / 3.757 | Fail: 0.449%\n"}
,{"stream_name":"stdout","time":9172.724042175,"data":"[Game 1790] Range: 2-9 | Median/Mean: 4.0 / 3.759 | Fail: 0.447%\n"}
,{"stream_name":"stdout","time":9213.193410623,"data":"[Game 1800] Range: 2-9 | Median/Mean: 4.0 / 3.758 | Fail: 0.444%\n"}
,{"stream_name":"stdout","time":9262.885244937,"data":"[Game 1810] Range: 2-9 | Median/Mean: 4.0 / 3.761 | Fail: 0.497%\n"}
,{"stream_name":"stdout","time":9312.625990734,"data":"[Game 1820] Range: 2-9 | Median/Mean: 4.0 / 3.760 | Fail: 0.495%\n"}
,{"stream_name":"stdout","time":9384.127833585,"data":"[Game 1830] Range: 2-9 | Median/Mean: 4.0 / 3.762 | Fail: 0.492%\n"}
,{"stream_name":"stdout","time":9440.550150216,"data":"[Game 1840] Range: 2-9 | Median/Mean: 4.0 / 3.766 | Fail: 0.489%\n"}
,{"stream_name":"stdout","time":9472.166066769,"data":"[Game 1850] Range: 2-9 | Median/Mean: 4.0 / 3.768 | Fail: 0.486%\n"}
,{"stream_name":"stdout","time":9524.613619823,"data":"[Game 1860] Range: 2-9 | Median/Mean: 4.0 / 3.770 | Fail: 0.484%\n"}
,{"stream_name":"stdout","time":9562.440794407,"data":"[Game 1870] Range: 2-9 | Median/Mean: 4.0 / 3.768 | Fail: 0.481%\n"}
,{"stream_name":"stdout","time":9601.877758836,"data":"[Game 1880] Range: 2-9 | Median/Mean: 4.0 / 3.770 | Fail: 0.532%\n"}
,{"stream_name":"stdout","time":9652.915683953,"data":"[Game 1890] Range: 2-9 | Median/Mean: 4.0 / 3.771 | Fail: 0.529%\n"}
,{"stream_name":"stdout","time":9698.483878975,"data":"[Game 1900] Range: 2-9 | Median/Mean: 4.0 / 3.772 | Fail: 0.526%\n"}
,{"stream_name":"stdout","time":9757.060303871,"data":"[Game 1910] Range: 2-9 | Median/Mean: 4.0 / 3.776 | Fail: 0.524%\n"}
,{"stream_name":"stdout","time":9791.642777946,"data":"[Game 1920] Range: 2-9 | Median/Mean: 4.0 / 3.778 | Fail: 0.573%\n"}
,{"stream_name":"stdout","time":9832.180312852,"data":"[Game 1930] Range: 2-9 | Median/Mean: 4.0 / 3.779 | Fail: 0.570%\n"}
,{"stream_name":"stdout","time":9893.485725596,"data":"[Game 1940] Range: 2-9 | Median/Mean: 4.0 / 3.779 | Fail: 0.567%\n"}
,{"stream_name":"stdout","time":9944.901739156,"data":"[Game 1950] Range: 2-9 | Median/Mean: 4.0 / 3.781 | Fail: 0.564%\n"}
,{"stream_name":"stdout","time":10008.24016944,"data":"[Game 1960] Range: 2-9 | Median/Mean: 4.0 / 3.781 | Fail: 0.561%\n"}
,{"stream_name":"stdout","time":10064.670424817,"data":"[Game 1970] Range: 2-9 | Median/Mean: 4.0 / 3.784 | Fail: 0.558%\n"}
,{"stream_name":"stdout","time":10122.53910328,"data":"[Game 1980] Range: 2-9 | Median/Mean: 4.0 / 3.786 | Fail: 0.556%\n"}
,{"stream_name":"stdout","time":10164.93943785,"data":"[Game 1990] Range: 2-9 | Median/Mean: 4.0 / 3.788 | Fail: 0.553%\n"}
,{"stream_name":"stdout","time":10213.195082019,"data":"[Game 2000] Range: 2-9 | Median/Mean: 4.0 / 3.788 | Fail: 0.550%\n"}
,{"stream_name":"stdout","time":10281.873690304,"data":"[Game 2010] Range: 2-9 | Median/Mean: 4.0 / 3.790 | Fail: 0.547%\n"}
,{"stream_name":"stdout","time":10317.873095353,"data":"[Game 2020] Range: 2-9 | Median/Mean: 4.0 / 3.791 | Fail: 0.545%\n"}
,{"stream_name":"stdout","time":10365.050921839,"data":"[Game 2030] Range: 2-9 | Median/Mean: 4.0 / 3.792 | Fail: 0.591%\n"}
,{"stream_name":"stdout","time":10415.130015865,"data":"[Game 2040] Range: 2-9 | Median/Mean: 4.0 / 3.794 | Fail: 0.588%\n"}
,{"stream_name":"stdout","time":10462.233725648,"data":"[Game 2050] Range: 2-9 | Median/Mean: 4.0 / 3.793 | Fail: 0.585%\n"}
,{"stream_name":"stdout","time":10516.908442097,"data":"[Game 2060] Range: 2-9 | Median/Mean: 4.0 / 3.792 | Fail: 0.583%\n"}
,{"stream_name":"stdout","time":10566.396911881,"data":"[Game 2070] Range: 2-9 | Median/Mean: 4.0 / 3.795 | Fail: 0.580%\n"}
,{"stream_name":"stdout","time":10611.298392362,"data":"[Game 2080] Range: 2-9 | Median/Mean: 4.0 / 3.796 | Fail: 0.577%\n"}
,{"stream_name":"stdout","time":10656.382394158,"data":"[Game 2090] Range: 2-9 | Median/Mean: 4.0 / 3.798 | Fail: 0.574%\n"}
,{"stream_name":"stdout","time":10709.865322046,"data":"[Game 2100] Range: 2-9 | Median/Mean: 4.0 / 3.801 | Fail: 0.667%\n"}
,{"stream_name":"stdout","time":10756.081716995,"data":"[Game 2110] Range: 2-9 | Median/Mean: 4.0 / 3.802 | Fail: 0.664%\n"}
,{"stream_name":"stdout","time":10806.843596097,"data":"[Game 2120] Range: 2-9 | Median/Mean: 4.0 / 3.803 | Fail: 0.660%\n"}
,{"stream_name":"stdout","time":10864.270346602,"data":"[Game 2130] Range: 2-9 | Median/Mean: 4.0 / 3.804 | Fail: 0.657%\n"}
,{"stream_name":"stdout","time":10943.429684677,"data":"[Game 2140] Range: 2-9 | Median/Mean: 4.0 / 3.809 | Fail: 0.701%\n"}
,{"stream_name":"stdout","time":11002.991072543,"data":"[Game 2150] Range: 2-9 | Median/Mean: 4.0 / 3.810 | Fail: 0.698%\n"}
,{"stream_name":"stdout","time":11078.355795606,"data":"[Game 2160] Range: 2-9 | Median/Mean: 4.0 / 3.812 | Fail: 0.694%\n"}
,{"stream_name":"stdout","time":11128.576300047,"data":"[Game 2170] Range: 2-9 | Median/Mean: 4.0 / 3.813 | Fail: 0.737%\n"}
,{"stream_name":"stdout","time":11183.637131044,"data":"[Game 2180] Range: 2-9 | Median/Mean: 4.0 / 3.813 | Fail: 0.734%\n"}
,{"stream_name":"stdout","time":11241.716169806,"data":"[Game 2190] Range: 2-9 | Median/Mean: 4.0 / 3.812 | Fail: 0.731%\n"}
,{"stream_name":"stdout","time":11301.889101198,"data":"[Game 2200] Range: 2-9 | Median/Mean: 4.0 / 3.813 | Fail: 0.727%\n"}
,{"stream_name":"stdout","time":11363.147894484,"data":"[Game 2210] Range: 2-9 | Median/Mean: 4.0 / 3.815 | Fail: 0.724%\n"}
,{"stream_name":"stdout","time":11424.464120108,"data":"[Game 2220] Range: 2-9 | Median/Mean: 4.0 / 3.819 | Fail: 0.721%\n"}
,{"stream_name":"stdout","time":11473.508301347,"data":"[Game 2230] Range: 2-9 | Median/Mean: 4.0 / 3.822 | Fail: 0.717%\n"}
,{"stream_name":"stdout","time":11520.256847592,"data":"[Game 2240] Range: 2-9 | Median/Mean: 4.0 / 3.823 | Fail: 0.714%\n"}
,{"stream_name":"stdout","time":11576.018194092,"data":"[Game 2250] Range: 2-9 | Median/Mean: 4.0 / 3.824 | Fail: 0.711%\n"}
,{"stream_name":"stdout","time":11633.71192645,"data":"[Game 2260] Range: 2-9 | Median/Mean: 4.0 / 3.827 | Fail: 0.752%\n"}
,{"stream_name":"stdout","time":11681.729669188,"data":"[Game 2270] Range: 2-9 | Median/Mean: 4.0 / 3.826 | Fail: 0.749%\n"}
,{"stream_name":"stdout","time":11723.675659215,"data":"[Game 2280] Range: 2-9 | Median/Mean: 4.0 / 3.828 | Fail: 0.746%\n"}
,{"stream_name":"stdout","time":11776.153281355,"data":"[Game 2290] Range: 2-9 | Median/Mean: 4.0 / 3.831 | Fail: 0.786%\n"}
,{"stream_name":"stdout","time":11819.510296517,"data":"[Game 2300] Range: 2-9 | Median/Mean: 4.0 / 3.832 | Fail: 0.826%\n"}
,{"stream_name":"stdout","time":11873.108384843,"data":"[Game 2310] Range: 2-9 | Median/Mean: 4.0 / 3.834 | Fail: 0.866%\n"}
,{"stream_name":"stdout","time":11907.849925742,"data":"Summary:\n"}
,{"stream_name":"stdout","time":11907.866815914,"data":"Distribution across steps:\n"}
,{"stream_name":"stdout","time":11907.876924798,"data":"Key Metrics:\n"}
,{"stream_name":"stderr","time":11913.231565521,"data":"/opt/conda/lib/python3.7/site-packages/traitlets/traitlets.py:2567: FutureWarning: --Exporter.preprocessors=[\"remove_papermill_header.RemovePapermillHeader\"] for containers is deprecated in traitlets 5.0. You can pass `--Exporter.preprocessors item` ... multiple times to add items to a list.\n"}
,{"stream_name":"stderr","time":11913.231625354,"data":"  FutureWarning,\n"}
,{"stream_name":"stderr","time":11913.231633364,"data":"[NbConvertApp] Converting notebook __notebook__.ipynb to notebook\n"}
,{"stream_name":"stderr","time":11913.6805934,"data":"[NbConvertApp] Writing 32646 bytes to __notebook__.ipynb\n"}
,{"stream_name":"stderr","time":11916.567685313,"data":"/opt/conda/lib/python3.7/site-packages/traitlets/traitlets.py:2567: FutureWarning: --Exporter.preprocessors=[\"nbconvert.preprocessors.ExtractOutputPreprocessor\"] for containers is deprecated in traitlets 5.0. You can pass `--Exporter.preprocessors item` ... multiple times to add items to a list.\n"}
,{"stream_name":"stderr","time":11916.567811403,"data":"  FutureWarning,\n"}
,{"stream_name":"stderr","time":11916.567839985,"data":"[NbConvertApp] Converting notebook __notebook__.ipynb to html\n"}
,{"stream_name":"stderr","time":11917.266149747,"data":"[NbConvertApp] Writing 306933 bytes to __results__.html\n"}
]